[2026-02-13T12:55:26.210+0100] {processor.py:186} INFO - Started process (PID=34954) to work on /home/gianotti/Documents/CryptoETL/.venv/lib/python3.12/site-packages/airflow/example_dags/example_sensors.py
[2026-02-13T12:55:26.212+0100] {processor.py:914} INFO - Processing file /home/gianotti/Documents/CryptoETL/.venv/lib/python3.12/site-packages/airflow/example_dags/example_sensors.py for tasks to queue
[2026-02-13T12:55:26.215+0100] {logging_mixin.py:190} INFO - [2026-02-13T12:55:26.214+0100] {dagbag.py:588} INFO - Filling up the DagBag from /home/gianotti/Documents/CryptoETL/.venv/lib/python3.12/site-packages/airflow/example_dags/example_sensors.py
[2026-02-13T12:55:26.239+0100] {processor.py:925} INFO - DAG(s) 'example_sensors' retrieved from /home/gianotti/Documents/CryptoETL/.venv/lib/python3.12/site-packages/airflow/example_dags/example_sensors.py
[2026-02-13T12:55:26.408+0100] {logging_mixin.py:190} INFO - [2026-02-13T12:55:26.407+0100] {override.py:1930} INFO - Created Permission View: can edit on DAG:example_sensors
[2026-02-13T12:55:26.424+0100] {logging_mixin.py:190} INFO - [2026-02-13T12:55:26.424+0100] {override.py:1930} INFO - Created Permission View: can read on DAG:example_sensors
[2026-02-13T12:55:26.436+0100] {logging_mixin.py:190} INFO - [2026-02-13T12:55:26.436+0100] {override.py:1930} INFO - Created Permission View: can delete on DAG:example_sensors
[2026-02-13T12:55:26.454+0100] {logging_mixin.py:190} INFO - [2026-02-13T12:55:26.454+0100] {override.py:1930} INFO - Created Permission View: can create on DAG Run:example_sensors
[2026-02-13T12:55:26.468+0100] {logging_mixin.py:190} INFO - [2026-02-13T12:55:26.468+0100] {override.py:1930} INFO - Created Permission View: can read on DAG Run:example_sensors
[2026-02-13T12:55:26.481+0100] {logging_mixin.py:190} INFO - [2026-02-13T12:55:26.481+0100] {override.py:1930} INFO - Created Permission View: can delete on DAG Run:example_sensors
[2026-02-13T12:55:26.494+0100] {logging_mixin.py:190} INFO - [2026-02-13T12:55:26.493+0100] {override.py:1930} INFO - Created Permission View: menu access on DAG Run:example_sensors
[2026-02-13T12:55:26.494+0100] {logging_mixin.py:190} INFO - [2026-02-13T12:55:26.494+0100] {dag.py:3239} INFO - Sync 1 DAGs
[2026-02-13T12:55:26.513+0100] {logging_mixin.py:190} INFO - [2026-02-13T12:55:26.512+0100] {dag.py:3262} INFO - Creating ORM DAG for example_sensors
[2026-02-13T12:55:26.514+0100] {logging_mixin.py:190} INFO - [2026-02-13T12:55:26.513+0100] {dag.py:4180} INFO - Setting next_dagrun for example_sensors to None, run_after=None
[2026-02-13T12:55:26.539+0100] {processor.py:208} INFO - Processing /home/gianotti/Documents/CryptoETL/.venv/lib/python3.12/site-packages/airflow/example_dags/example_sensors.py took 0.338 seconds
[2026-02-13T12:56:30.451+0100] {processor.py:186} INFO - Started process (PID=35076) to work on /home/gianotti/Documents/CryptoETL/.venv/lib/python3.12/site-packages/airflow/example_dags/example_sensors.py
[2026-02-13T12:56:30.455+0100] {processor.py:914} INFO - Processing file /home/gianotti/Documents/CryptoETL/.venv/lib/python3.12/site-packages/airflow/example_dags/example_sensors.py for tasks to queue
[2026-02-13T12:56:30.458+0100] {logging_mixin.py:190} INFO - [2026-02-13T12:56:30.458+0100] {dagbag.py:588} INFO - Filling up the DagBag from /home/gianotti/Documents/CryptoETL/.venv/lib/python3.12/site-packages/airflow/example_dags/example_sensors.py
[2026-02-13T12:56:30.478+0100] {processor.py:925} INFO - DAG(s) 'example_sensors' retrieved from /home/gianotti/Documents/CryptoETL/.venv/lib/python3.12/site-packages/airflow/example_dags/example_sensors.py
[2026-02-13T12:56:30.507+0100] {logging_mixin.py:190} INFO - [2026-02-13T12:56:30.507+0100] {dag.py:3239} INFO - Sync 1 DAGs
[2026-02-13T12:56:30.518+0100] {logging_mixin.py:190} INFO - [2026-02-13T12:56:30.518+0100] {dag.py:4180} INFO - Setting next_dagrun for example_sensors to None, run_after=None
[2026-02-13T12:56:30.536+0100] {processor.py:208} INFO - Processing /home/gianotti/Documents/CryptoETL/.venv/lib/python3.12/site-packages/airflow/example_dags/example_sensors.py took 0.094 seconds
[2026-02-13T12:57:28.979+0100] {processor.py:186} INFO - Started process (PID=35179) to work on /home/gianotti/Documents/CryptoETL/.venv/lib/python3.12/site-packages/airflow/example_dags/example_sensors.py
[2026-02-13T12:57:28.982+0100] {processor.py:914} INFO - Processing file /home/gianotti/Documents/CryptoETL/.venv/lib/python3.12/site-packages/airflow/example_dags/example_sensors.py for tasks to queue
[2026-02-13T12:57:28.985+0100] {logging_mixin.py:190} INFO - [2026-02-13T12:57:28.985+0100] {dagbag.py:588} INFO - Filling up the DagBag from /home/gianotti/Documents/CryptoETL/.venv/lib/python3.12/site-packages/airflow/example_dags/example_sensors.py
[2026-02-13T12:57:29.002+0100] {processor.py:925} INFO - DAG(s) 'example_sensors' retrieved from /home/gianotti/Documents/CryptoETL/.venv/lib/python3.12/site-packages/airflow/example_dags/example_sensors.py
[2026-02-13T12:57:29.020+0100] {logging_mixin.py:190} INFO - [2026-02-13T12:57:29.020+0100] {dag.py:3239} INFO - Sync 1 DAGs
[2026-02-13T12:57:29.029+0100] {logging_mixin.py:190} INFO - [2026-02-13T12:57:29.029+0100] {dag.py:4180} INFO - Setting next_dagrun for example_sensors to None, run_after=None
[2026-02-13T12:57:29.049+0100] {processor.py:208} INFO - Processing /home/gianotti/Documents/CryptoETL/.venv/lib/python3.12/site-packages/airflow/example_dags/example_sensors.py took 0.078 seconds
[2026-02-13T12:58:26.231+0100] {processor.py:186} INFO - Started process (PID=35322) to work on /home/gianotti/Documents/CryptoETL/.venv/lib/python3.12/site-packages/airflow/example_dags/example_sensors.py
[2026-02-13T12:58:26.234+0100] {processor.py:914} INFO - Processing file /home/gianotti/Documents/CryptoETL/.venv/lib/python3.12/site-packages/airflow/example_dags/example_sensors.py for tasks to queue
[2026-02-13T12:58:26.237+0100] {logging_mixin.py:190} INFO - [2026-02-13T12:58:26.236+0100] {dagbag.py:588} INFO - Filling up the DagBag from /home/gianotti/Documents/CryptoETL/.venv/lib/python3.12/site-packages/airflow/example_dags/example_sensors.py
[2026-02-13T12:58:26.255+0100] {processor.py:925} INFO - DAG(s) 'example_sensors' retrieved from /home/gianotti/Documents/CryptoETL/.venv/lib/python3.12/site-packages/airflow/example_dags/example_sensors.py
[2026-02-13T12:58:26.285+0100] {logging_mixin.py:190} INFO - [2026-02-13T12:58:26.285+0100] {dag.py:3239} INFO - Sync 1 DAGs
[2026-02-13T12:58:26.296+0100] {logging_mixin.py:190} INFO - [2026-02-13T12:58:26.296+0100] {dag.py:4180} INFO - Setting next_dagrun for example_sensors to None, run_after=None
[2026-02-13T12:58:26.313+0100] {processor.py:208} INFO - Processing /home/gianotti/Documents/CryptoETL/.venv/lib/python3.12/site-packages/airflow/example_dags/example_sensors.py took 0.092 seconds
[2026-02-13T12:59:20.470+0100] {processor.py:186} INFO - Started process (PID=35436) to work on /home/gianotti/Documents/CryptoETL/.venv/lib/python3.12/site-packages/airflow/example_dags/example_sensors.py
[2026-02-13T12:59:20.473+0100] {processor.py:914} INFO - Processing file /home/gianotti/Documents/CryptoETL/.venv/lib/python3.12/site-packages/airflow/example_dags/example_sensors.py for tasks to queue
[2026-02-13T12:59:20.476+0100] {logging_mixin.py:190} INFO - [2026-02-13T12:59:20.476+0100] {dagbag.py:588} INFO - Filling up the DagBag from /home/gianotti/Documents/CryptoETL/.venv/lib/python3.12/site-packages/airflow/example_dags/example_sensors.py
[2026-02-13T12:59:20.498+0100] {processor.py:925} INFO - DAG(s) 'example_sensors' retrieved from /home/gianotti/Documents/CryptoETL/.venv/lib/python3.12/site-packages/airflow/example_dags/example_sensors.py
[2026-02-13T12:59:20.529+0100] {logging_mixin.py:190} INFO - [2026-02-13T12:59:20.529+0100] {dag.py:3239} INFO - Sync 1 DAGs
[2026-02-13T12:59:20.540+0100] {logging_mixin.py:190} INFO - [2026-02-13T12:59:20.540+0100] {dag.py:4180} INFO - Setting next_dagrun for example_sensors to None, run_after=None
[2026-02-13T12:59:20.562+0100] {processor.py:208} INFO - Processing /home/gianotti/Documents/CryptoETL/.venv/lib/python3.12/site-packages/airflow/example_dags/example_sensors.py took 0.101 seconds
[2026-02-13T13:00:22.524+0100] {processor.py:186} INFO - Started process (PID=35547) to work on /home/gianotti/Documents/CryptoETL/.venv/lib/python3.12/site-packages/airflow/example_dags/example_sensors.py
[2026-02-13T13:00:22.526+0100] {processor.py:914} INFO - Processing file /home/gianotti/Documents/CryptoETL/.venv/lib/python3.12/site-packages/airflow/example_dags/example_sensors.py for tasks to queue
[2026-02-13T13:00:22.527+0100] {logging_mixin.py:190} INFO - [2026-02-13T13:00:22.526+0100] {dagbag.py:588} INFO - Filling up the DagBag from /home/gianotti/Documents/CryptoETL/.venv/lib/python3.12/site-packages/airflow/example_dags/example_sensors.py
[2026-02-13T13:00:22.536+0100] {processor.py:925} INFO - DAG(s) 'example_sensors' retrieved from /home/gianotti/Documents/CryptoETL/.venv/lib/python3.12/site-packages/airflow/example_dags/example_sensors.py
[2026-02-13T13:00:22.553+0100] {logging_mixin.py:190} INFO - [2026-02-13T13:00:22.552+0100] {dag.py:3239} INFO - Sync 1 DAGs
[2026-02-13T13:00:22.563+0100] {logging_mixin.py:190} INFO - [2026-02-13T13:00:22.563+0100] {dag.py:4180} INFO - Setting next_dagrun for example_sensors to None, run_after=None
[2026-02-13T13:00:22.581+0100] {processor.py:208} INFO - Processing /home/gianotti/Documents/CryptoETL/.venv/lib/python3.12/site-packages/airflow/example_dags/example_sensors.py took 0.062 seconds
[2026-02-13T13:01:23.437+0100] {processor.py:186} INFO - Started process (PID=35667) to work on /home/gianotti/Documents/CryptoETL/.venv/lib/python3.12/site-packages/airflow/example_dags/example_sensors.py
[2026-02-13T13:01:23.439+0100] {processor.py:914} INFO - Processing file /home/gianotti/Documents/CryptoETL/.venv/lib/python3.12/site-packages/airflow/example_dags/example_sensors.py for tasks to queue
[2026-02-13T13:01:23.441+0100] {logging_mixin.py:190} INFO - [2026-02-13T13:01:23.441+0100] {dagbag.py:588} INFO - Filling up the DagBag from /home/gianotti/Documents/CryptoETL/.venv/lib/python3.12/site-packages/airflow/example_dags/example_sensors.py
[2026-02-13T13:01:23.457+0100] {processor.py:925} INFO - DAG(s) 'example_sensors' retrieved from /home/gianotti/Documents/CryptoETL/.venv/lib/python3.12/site-packages/airflow/example_dags/example_sensors.py
[2026-02-13T13:01:23.475+0100] {logging_mixin.py:190} INFO - [2026-02-13T13:01:23.475+0100] {dag.py:3239} INFO - Sync 1 DAGs
[2026-02-13T13:01:23.485+0100] {logging_mixin.py:190} INFO - [2026-02-13T13:01:23.485+0100] {dag.py:4180} INFO - Setting next_dagrun for example_sensors to None, run_after=None
[2026-02-13T13:01:23.506+0100] {processor.py:208} INFO - Processing /home/gianotti/Documents/CryptoETL/.venv/lib/python3.12/site-packages/airflow/example_dags/example_sensors.py took 0.079 seconds
[2026-02-13T13:02:22.390+0100] {processor.py:186} INFO - Started process (PID=35803) to work on /home/gianotti/Documents/CryptoETL/.venv/lib/python3.12/site-packages/airflow/example_dags/example_sensors.py
[2026-02-13T13:02:22.391+0100] {processor.py:914} INFO - Processing file /home/gianotti/Documents/CryptoETL/.venv/lib/python3.12/site-packages/airflow/example_dags/example_sensors.py for tasks to queue
[2026-02-13T13:02:22.393+0100] {logging_mixin.py:190} INFO - [2026-02-13T13:02:22.392+0100] {dagbag.py:588} INFO - Filling up the DagBag from /home/gianotti/Documents/CryptoETL/.venv/lib/python3.12/site-packages/airflow/example_dags/example_sensors.py
[2026-02-13T13:02:22.404+0100] {processor.py:925} INFO - DAG(s) 'example_sensors' retrieved from /home/gianotti/Documents/CryptoETL/.venv/lib/python3.12/site-packages/airflow/example_dags/example_sensors.py
[2026-02-13T13:02:22.422+0100] {logging_mixin.py:190} INFO - [2026-02-13T13:02:22.422+0100] {dag.py:3239} INFO - Sync 1 DAGs
[2026-02-13T13:02:22.433+0100] {logging_mixin.py:190} INFO - [2026-02-13T13:02:22.433+0100] {dag.py:4180} INFO - Setting next_dagrun for example_sensors to None, run_after=None
[2026-02-13T13:02:22.454+0100] {processor.py:208} INFO - Processing /home/gianotti/Documents/CryptoETL/.venv/lib/python3.12/site-packages/airflow/example_dags/example_sensors.py took 0.069 seconds
[2026-02-13T13:03:17.182+0100] {processor.py:186} INFO - Started process (PID=35883) to work on /home/gianotti/Documents/CryptoETL/.venv/lib/python3.12/site-packages/airflow/example_dags/example_sensors.py
[2026-02-13T13:03:17.184+0100] {processor.py:914} INFO - Processing file /home/gianotti/Documents/CryptoETL/.venv/lib/python3.12/site-packages/airflow/example_dags/example_sensors.py for tasks to queue
[2026-02-13T13:03:17.185+0100] {logging_mixin.py:190} INFO - [2026-02-13T13:03:17.185+0100] {dagbag.py:588} INFO - Filling up the DagBag from /home/gianotti/Documents/CryptoETL/.venv/lib/python3.12/site-packages/airflow/example_dags/example_sensors.py
[2026-02-13T13:03:17.196+0100] {processor.py:925} INFO - DAG(s) 'example_sensors' retrieved from /home/gianotti/Documents/CryptoETL/.venv/lib/python3.12/site-packages/airflow/example_dags/example_sensors.py
[2026-02-13T13:03:17.218+0100] {logging_mixin.py:190} INFO - [2026-02-13T13:03:17.217+0100] {dag.py:3239} INFO - Sync 1 DAGs
[2026-02-13T13:03:17.228+0100] {logging_mixin.py:190} INFO - [2026-02-13T13:03:17.228+0100] {dag.py:4180} INFO - Setting next_dagrun for example_sensors to None, run_after=None
[2026-02-13T13:03:17.248+0100] {processor.py:208} INFO - Processing /home/gianotti/Documents/CryptoETL/.venv/lib/python3.12/site-packages/airflow/example_dags/example_sensors.py took 0.071 seconds
[2026-02-13T13:04:16.944+0100] {processor.py:186} INFO - Started process (PID=36048) to work on /home/gianotti/Documents/CryptoETL/.venv/lib/python3.12/site-packages/airflow/example_dags/example_sensors.py
[2026-02-13T13:04:16.946+0100] {processor.py:914} INFO - Processing file /home/gianotti/Documents/CryptoETL/.venv/lib/python3.12/site-packages/airflow/example_dags/example_sensors.py for tasks to queue
[2026-02-13T13:04:16.948+0100] {logging_mixin.py:190} INFO - [2026-02-13T13:04:16.947+0100] {dagbag.py:588} INFO - Filling up the DagBag from /home/gianotti/Documents/CryptoETL/.venv/lib/python3.12/site-packages/airflow/example_dags/example_sensors.py
[2026-02-13T13:04:16.967+0100] {processor.py:925} INFO - DAG(s) 'example_sensors' retrieved from /home/gianotti/Documents/CryptoETL/.venv/lib/python3.12/site-packages/airflow/example_dags/example_sensors.py
[2026-02-13T13:04:17.001+0100] {logging_mixin.py:190} INFO - [2026-02-13T13:04:17.000+0100] {dag.py:3239} INFO - Sync 1 DAGs
[2026-02-13T13:04:17.020+0100] {logging_mixin.py:190} INFO - [2026-02-13T13:04:17.020+0100] {dag.py:4180} INFO - Setting next_dagrun for example_sensors to None, run_after=None
[2026-02-13T13:04:17.052+0100] {processor.py:208} INFO - Processing /home/gianotti/Documents/CryptoETL/.venv/lib/python3.12/site-packages/airflow/example_dags/example_sensors.py took 0.119 seconds
[2026-02-13T13:05:23.175+0100] {processor.py:186} INFO - Started process (PID=36165) to work on /home/gianotti/Documents/CryptoETL/.venv/lib/python3.12/site-packages/airflow/example_dags/example_sensors.py
[2026-02-13T13:05:23.177+0100] {processor.py:914} INFO - Processing file /home/gianotti/Documents/CryptoETL/.venv/lib/python3.12/site-packages/airflow/example_dags/example_sensors.py for tasks to queue
[2026-02-13T13:05:23.179+0100] {logging_mixin.py:190} INFO - [2026-02-13T13:05:23.178+0100] {dagbag.py:588} INFO - Filling up the DagBag from /home/gianotti/Documents/CryptoETL/.venv/lib/python3.12/site-packages/airflow/example_dags/example_sensors.py
[2026-02-13T13:05:23.198+0100] {processor.py:925} INFO - DAG(s) 'example_sensors' retrieved from /home/gianotti/Documents/CryptoETL/.venv/lib/python3.12/site-packages/airflow/example_dags/example_sensors.py
[2026-02-13T13:05:23.231+0100] {logging_mixin.py:190} INFO - [2026-02-13T13:05:23.231+0100] {dag.py:3239} INFO - Sync 1 DAGs
[2026-02-13T13:05:23.250+0100] {logging_mixin.py:190} INFO - [2026-02-13T13:05:23.250+0100] {dag.py:4180} INFO - Setting next_dagrun for example_sensors to None, run_after=None
[2026-02-13T13:05:23.283+0100] {processor.py:208} INFO - Processing /home/gianotti/Documents/CryptoETL/.venv/lib/python3.12/site-packages/airflow/example_dags/example_sensors.py took 0.117 seconds
[2026-02-13T13:06:28.699+0100] {processor.py:186} INFO - Started process (PID=36271) to work on /home/gianotti/Documents/CryptoETL/.venv/lib/python3.12/site-packages/airflow/example_dags/example_sensors.py
[2026-02-13T13:06:28.702+0100] {processor.py:914} INFO - Processing file /home/gianotti/Documents/CryptoETL/.venv/lib/python3.12/site-packages/airflow/example_dags/example_sensors.py for tasks to queue
[2026-02-13T13:06:28.703+0100] {logging_mixin.py:190} INFO - [2026-02-13T13:06:28.703+0100] {dagbag.py:588} INFO - Filling up the DagBag from /home/gianotti/Documents/CryptoETL/.venv/lib/python3.12/site-packages/airflow/example_dags/example_sensors.py
[2026-02-13T13:06:28.722+0100] {processor.py:925} INFO - DAG(s) 'example_sensors' retrieved from /home/gianotti/Documents/CryptoETL/.venv/lib/python3.12/site-packages/airflow/example_dags/example_sensors.py
[2026-02-13T13:06:28.755+0100] {logging_mixin.py:190} INFO - [2026-02-13T13:06:28.755+0100] {dag.py:3239} INFO - Sync 1 DAGs
[2026-02-13T13:06:28.775+0100] {logging_mixin.py:190} INFO - [2026-02-13T13:06:28.774+0100] {dag.py:4180} INFO - Setting next_dagrun for example_sensors to None, run_after=None
[2026-02-13T13:06:28.806+0100] {processor.py:208} INFO - Processing /home/gianotti/Documents/CryptoETL/.venv/lib/python3.12/site-packages/airflow/example_dags/example_sensors.py took 0.115 seconds
[2026-02-13T13:07:38.523+0100] {processor.py:186} INFO - Started process (PID=36362) to work on /home/gianotti/Documents/CryptoETL/.venv/lib/python3.12/site-packages/airflow/example_dags/example_sensors.py
[2026-02-13T13:07:38.526+0100] {processor.py:914} INFO - Processing file /home/gianotti/Documents/CryptoETL/.venv/lib/python3.12/site-packages/airflow/example_dags/example_sensors.py for tasks to queue
[2026-02-13T13:07:38.528+0100] {logging_mixin.py:190} INFO - [2026-02-13T13:07:38.528+0100] {dagbag.py:588} INFO - Filling up the DagBag from /home/gianotti/Documents/CryptoETL/.venv/lib/python3.12/site-packages/airflow/example_dags/example_sensors.py
[2026-02-13T13:07:38.551+0100] {processor.py:925} INFO - DAG(s) 'example_sensors' retrieved from /home/gianotti/Documents/CryptoETL/.venv/lib/python3.12/site-packages/airflow/example_dags/example_sensors.py
[2026-02-13T13:07:38.588+0100] {logging_mixin.py:190} INFO - [2026-02-13T13:07:38.588+0100] {dag.py:3239} INFO - Sync 1 DAGs
[2026-02-13T13:07:38.611+0100] {logging_mixin.py:190} INFO - [2026-02-13T13:07:38.611+0100] {dag.py:4180} INFO - Setting next_dagrun for example_sensors to None, run_after=None
[2026-02-13T13:07:38.648+0100] {processor.py:208} INFO - Processing /home/gianotti/Documents/CryptoETL/.venv/lib/python3.12/site-packages/airflow/example_dags/example_sensors.py took 0.135 seconds
[2026-02-13T13:08:43.979+0100] {processor.py:186} INFO - Started process (PID=36481) to work on /home/gianotti/Documents/CryptoETL/.venv/lib/python3.12/site-packages/airflow/example_dags/example_sensors.py
[2026-02-13T13:08:43.983+0100] {processor.py:914} INFO - Processing file /home/gianotti/Documents/CryptoETL/.venv/lib/python3.12/site-packages/airflow/example_dags/example_sensors.py for tasks to queue
[2026-02-13T13:08:43.985+0100] {logging_mixin.py:190} INFO - [2026-02-13T13:08:43.984+0100] {dagbag.py:588} INFO - Filling up the DagBag from /home/gianotti/Documents/CryptoETL/.venv/lib/python3.12/site-packages/airflow/example_dags/example_sensors.py
[2026-02-13T13:08:44.007+0100] {processor.py:925} INFO - DAG(s) 'example_sensors' retrieved from /home/gianotti/Documents/CryptoETL/.venv/lib/python3.12/site-packages/airflow/example_dags/example_sensors.py
[2026-02-13T13:08:44.040+0100] {logging_mixin.py:190} INFO - [2026-02-13T13:08:44.040+0100] {dag.py:3239} INFO - Sync 1 DAGs
[2026-02-13T13:08:44.059+0100] {logging_mixin.py:190} INFO - [2026-02-13T13:08:44.059+0100] {dag.py:4180} INFO - Setting next_dagrun for example_sensors to None, run_after=None
[2026-02-13T13:08:44.091+0100] {processor.py:208} INFO - Processing /home/gianotti/Documents/CryptoETL/.venv/lib/python3.12/site-packages/airflow/example_dags/example_sensors.py took 0.122 seconds
[2026-02-13T13:09:53.564+0100] {processor.py:186} INFO - Started process (PID=36609) to work on /home/gianotti/Documents/CryptoETL/.venv/lib/python3.12/site-packages/airflow/example_dags/example_sensors.py
[2026-02-13T13:09:53.567+0100] {processor.py:914} INFO - Processing file /home/gianotti/Documents/CryptoETL/.venv/lib/python3.12/site-packages/airflow/example_dags/example_sensors.py for tasks to queue
[2026-02-13T13:09:53.569+0100] {logging_mixin.py:190} INFO - [2026-02-13T13:09:53.568+0100] {dagbag.py:588} INFO - Filling up the DagBag from /home/gianotti/Documents/CryptoETL/.venv/lib/python3.12/site-packages/airflow/example_dags/example_sensors.py
[2026-02-13T13:09:53.591+0100] {processor.py:925} INFO - DAG(s) 'example_sensors' retrieved from /home/gianotti/Documents/CryptoETL/.venv/lib/python3.12/site-packages/airflow/example_dags/example_sensors.py
[2026-02-13T13:09:53.629+0100] {logging_mixin.py:190} INFO - [2026-02-13T13:09:53.629+0100] {dag.py:3239} INFO - Sync 1 DAGs
[2026-02-13T13:09:53.650+0100] {logging_mixin.py:190} INFO - [2026-02-13T13:09:53.650+0100] {dag.py:4180} INFO - Setting next_dagrun for example_sensors to None, run_after=None
[2026-02-13T13:09:53.687+0100] {processor.py:208} INFO - Processing /home/gianotti/Documents/CryptoETL/.venv/lib/python3.12/site-packages/airflow/example_dags/example_sensors.py took 0.132 seconds
[2026-02-13T13:10:58.108+0100] {processor.py:186} INFO - Started process (PID=36723) to work on /home/gianotti/Documents/CryptoETL/.venv/lib/python3.12/site-packages/airflow/example_dags/example_sensors.py
[2026-02-13T13:10:58.111+0100] {processor.py:914} INFO - Processing file /home/gianotti/Documents/CryptoETL/.venv/lib/python3.12/site-packages/airflow/example_dags/example_sensors.py for tasks to queue
[2026-02-13T13:10:58.113+0100] {logging_mixin.py:190} INFO - [2026-02-13T13:10:58.113+0100] {dagbag.py:588} INFO - Filling up the DagBag from /home/gianotti/Documents/CryptoETL/.venv/lib/python3.12/site-packages/airflow/example_dags/example_sensors.py
[2026-02-13T13:10:58.134+0100] {processor.py:925} INFO - DAG(s) 'example_sensors' retrieved from /home/gianotti/Documents/CryptoETL/.venv/lib/python3.12/site-packages/airflow/example_dags/example_sensors.py
[2026-02-13T13:10:58.169+0100] {logging_mixin.py:190} INFO - [2026-02-13T13:10:58.168+0100] {dag.py:3239} INFO - Sync 1 DAGs
[2026-02-13T13:10:58.190+0100] {logging_mixin.py:190} INFO - [2026-02-13T13:10:58.189+0100] {dag.py:4180} INFO - Setting next_dagrun for example_sensors to None, run_after=None
[2026-02-13T13:10:58.223+0100] {processor.py:208} INFO - Processing /home/gianotti/Documents/CryptoETL/.venv/lib/python3.12/site-packages/airflow/example_dags/example_sensors.py took 0.124 seconds
