[2026-02-13T12:55:24.833+0100] {processor.py:186} INFO - Started process (PID=34952) to work on /home/gianotti/Documents/CryptoETL/.venv/lib/python3.12/site-packages/airflow/example_dags/example_sensor_decorator.py
[2026-02-13T12:55:24.834+0100] {processor.py:914} INFO - Processing file /home/gianotti/Documents/CryptoETL/.venv/lib/python3.12/site-packages/airflow/example_dags/example_sensor_decorator.py for tasks to queue
[2026-02-13T12:55:24.836+0100] {logging_mixin.py:190} INFO - [2026-02-13T12:55:24.835+0100] {dagbag.py:588} INFO - Filling up the DagBag from /home/gianotti/Documents/CryptoETL/.venv/lib/python3.12/site-packages/airflow/example_dags/example_sensor_decorator.py
[2026-02-13T12:55:24.844+0100] {processor.py:925} INFO - DAG(s) 'example_sensor_decorator' retrieved from /home/gianotti/Documents/CryptoETL/.venv/lib/python3.12/site-packages/airflow/example_dags/example_sensor_decorator.py
[2026-02-13T12:55:24.925+0100] {logging_mixin.py:190} INFO - [2026-02-13T12:55:24.925+0100] {override.py:1930} INFO - Created Permission View: can edit on DAG:example_sensor_decorator
[2026-02-13T12:55:24.939+0100] {logging_mixin.py:190} INFO - [2026-02-13T12:55:24.938+0100] {override.py:1930} INFO - Created Permission View: can read on DAG:example_sensor_decorator
[2026-02-13T12:55:24.947+0100] {logging_mixin.py:190} INFO - [2026-02-13T12:55:24.947+0100] {override.py:1930} INFO - Created Permission View: can delete on DAG:example_sensor_decorator
[2026-02-13T12:55:24.963+0100] {logging_mixin.py:190} INFO - [2026-02-13T12:55:24.962+0100] {override.py:1930} INFO - Created Permission View: can create on DAG Run:example_sensor_decorator
[2026-02-13T12:55:24.972+0100] {logging_mixin.py:190} INFO - [2026-02-13T12:55:24.971+0100] {override.py:1930} INFO - Created Permission View: can read on DAG Run:example_sensor_decorator
[2026-02-13T12:55:24.982+0100] {logging_mixin.py:190} INFO - [2026-02-13T12:55:24.981+0100] {override.py:1930} INFO - Created Permission View: can delete on DAG Run:example_sensor_decorator
[2026-02-13T12:55:24.992+0100] {logging_mixin.py:190} INFO - [2026-02-13T12:55:24.992+0100] {override.py:1930} INFO - Created Permission View: menu access on DAG Run:example_sensor_decorator
[2026-02-13T12:55:24.992+0100] {logging_mixin.py:190} INFO - [2026-02-13T12:55:24.992+0100] {dag.py:3239} INFO - Sync 1 DAGs
[2026-02-13T12:55:25.005+0100] {logging_mixin.py:190} INFO - [2026-02-13T12:55:25.004+0100] {dag.py:3262} INFO - Creating ORM DAG for example_sensor_decorator
[2026-02-13T12:55:25.005+0100] {logging_mixin.py:190} INFO - [2026-02-13T12:55:25.005+0100] {dag.py:4180} INFO - Setting next_dagrun for example_sensor_decorator to None, run_after=None
[2026-02-13T12:55:25.026+0100] {processor.py:208} INFO - Processing /home/gianotti/Documents/CryptoETL/.venv/lib/python3.12/site-packages/airflow/example_dags/example_sensor_decorator.py took 0.199 seconds
[2026-02-13T12:56:29.290+0100] {processor.py:186} INFO - Started process (PID=35074) to work on /home/gianotti/Documents/CryptoETL/.venv/lib/python3.12/site-packages/airflow/example_dags/example_sensor_decorator.py
[2026-02-13T12:56:29.292+0100] {processor.py:914} INFO - Processing file /home/gianotti/Documents/CryptoETL/.venv/lib/python3.12/site-packages/airflow/example_dags/example_sensor_decorator.py for tasks to queue
[2026-02-13T12:56:29.294+0100] {logging_mixin.py:190} INFO - [2026-02-13T12:56:29.294+0100] {dagbag.py:588} INFO - Filling up the DagBag from /home/gianotti/Documents/CryptoETL/.venv/lib/python3.12/site-packages/airflow/example_dags/example_sensor_decorator.py
[2026-02-13T12:56:29.307+0100] {processor.py:925} INFO - DAG(s) 'example_sensor_decorator' retrieved from /home/gianotti/Documents/CryptoETL/.venv/lib/python3.12/site-packages/airflow/example_dags/example_sensor_decorator.py
[2026-02-13T12:56:29.321+0100] {logging_mixin.py:190} INFO - [2026-02-13T12:56:29.321+0100] {dag.py:3239} INFO - Sync 1 DAGs
[2026-02-13T12:56:29.331+0100] {logging_mixin.py:190} INFO - [2026-02-13T12:56:29.331+0100] {dag.py:4180} INFO - Setting next_dagrun for example_sensor_decorator to None, run_after=None
[2026-02-13T12:56:29.350+0100] {processor.py:208} INFO - Processing /home/gianotti/Documents/CryptoETL/.venv/lib/python3.12/site-packages/airflow/example_dags/example_sensor_decorator.py took 0.068 seconds
[2026-02-13T12:57:27.833+0100] {processor.py:186} INFO - Started process (PID=35174) to work on /home/gianotti/Documents/CryptoETL/.venv/lib/python3.12/site-packages/airflow/example_dags/example_sensor_decorator.py
[2026-02-13T12:57:27.835+0100] {processor.py:914} INFO - Processing file /home/gianotti/Documents/CryptoETL/.venv/lib/python3.12/site-packages/airflow/example_dags/example_sensor_decorator.py for tasks to queue
[2026-02-13T12:57:27.839+0100] {logging_mixin.py:190} INFO - [2026-02-13T12:57:27.838+0100] {dagbag.py:588} INFO - Filling up the DagBag from /home/gianotti/Documents/CryptoETL/.venv/lib/python3.12/site-packages/airflow/example_dags/example_sensor_decorator.py
[2026-02-13T12:57:27.854+0100] {processor.py:925} INFO - DAG(s) 'example_sensor_decorator' retrieved from /home/gianotti/Documents/CryptoETL/.venv/lib/python3.12/site-packages/airflow/example_dags/example_sensor_decorator.py
[2026-02-13T12:57:27.877+0100] {logging_mixin.py:190} INFO - [2026-02-13T12:57:27.876+0100] {dag.py:3239} INFO - Sync 1 DAGs
[2026-02-13T12:57:27.889+0100] {logging_mixin.py:190} INFO - [2026-02-13T12:57:27.889+0100] {dag.py:4180} INFO - Setting next_dagrun for example_sensor_decorator to None, run_after=None
[2026-02-13T12:57:27.909+0100] {processor.py:208} INFO - Processing /home/gianotti/Documents/CryptoETL/.venv/lib/python3.12/site-packages/airflow/example_dags/example_sensor_decorator.py took 0.086 seconds
[2026-02-13T12:58:25.427+0100] {processor.py:186} INFO - Started process (PID=35321) to work on /home/gianotti/Documents/CryptoETL/.venv/lib/python3.12/site-packages/airflow/example_dags/example_sensor_decorator.py
[2026-02-13T12:58:25.430+0100] {processor.py:914} INFO - Processing file /home/gianotti/Documents/CryptoETL/.venv/lib/python3.12/site-packages/airflow/example_dags/example_sensor_decorator.py for tasks to queue
[2026-02-13T12:58:25.433+0100] {logging_mixin.py:190} INFO - [2026-02-13T12:58:25.432+0100] {dagbag.py:588} INFO - Filling up the DagBag from /home/gianotti/Documents/CryptoETL/.venv/lib/python3.12/site-packages/airflow/example_dags/example_sensor_decorator.py
[2026-02-13T12:58:25.447+0100] {processor.py:925} INFO - DAG(s) 'example_sensor_decorator' retrieved from /home/gianotti/Documents/CryptoETL/.venv/lib/python3.12/site-packages/airflow/example_dags/example_sensor_decorator.py
[2026-02-13T12:58:25.469+0100] {logging_mixin.py:190} INFO - [2026-02-13T12:58:25.469+0100] {dag.py:3239} INFO - Sync 1 DAGs
[2026-02-13T12:58:25.485+0100] {logging_mixin.py:190} INFO - [2026-02-13T12:58:25.485+0100] {dag.py:4180} INFO - Setting next_dagrun for example_sensor_decorator to None, run_after=None
[2026-02-13T12:58:25.504+0100] {processor.py:208} INFO - Processing /home/gianotti/Documents/CryptoETL/.venv/lib/python3.12/site-packages/airflow/example_dags/example_sensor_decorator.py took 0.086 seconds
[2026-02-13T12:59:19.933+0100] {processor.py:186} INFO - Started process (PID=35431) to work on /home/gianotti/Documents/CryptoETL/.venv/lib/python3.12/site-packages/airflow/example_dags/example_sensor_decorator.py
[2026-02-13T12:59:19.935+0100] {processor.py:914} INFO - Processing file /home/gianotti/Documents/CryptoETL/.venv/lib/python3.12/site-packages/airflow/example_dags/example_sensor_decorator.py for tasks to queue
[2026-02-13T12:59:19.938+0100] {logging_mixin.py:190} INFO - [2026-02-13T12:59:19.938+0100] {dagbag.py:588} INFO - Filling up the DagBag from /home/gianotti/Documents/CryptoETL/.venv/lib/python3.12/site-packages/airflow/example_dags/example_sensor_decorator.py
[2026-02-13T12:59:19.953+0100] {processor.py:925} INFO - DAG(s) 'example_sensor_decorator' retrieved from /home/gianotti/Documents/CryptoETL/.venv/lib/python3.12/site-packages/airflow/example_dags/example_sensor_decorator.py
[2026-02-13T12:59:19.979+0100] {logging_mixin.py:190} INFO - [2026-02-13T12:59:19.979+0100] {dag.py:3239} INFO - Sync 1 DAGs
[2026-02-13T12:59:20.002+0100] {logging_mixin.py:190} INFO - [2026-02-13T12:59:20.002+0100] {dag.py:4180} INFO - Setting next_dagrun for example_sensor_decorator to None, run_after=None
[2026-02-13T12:59:20.031+0100] {processor.py:208} INFO - Processing /home/gianotti/Documents/CryptoETL/.venv/lib/python3.12/site-packages/airflow/example_dags/example_sensor_decorator.py took 0.108 seconds
[2026-02-13T13:00:22.169+0100] {processor.py:186} INFO - Started process (PID=35545) to work on /home/gianotti/Documents/CryptoETL/.venv/lib/python3.12/site-packages/airflow/example_dags/example_sensor_decorator.py
[2026-02-13T13:00:22.172+0100] {processor.py:914} INFO - Processing file /home/gianotti/Documents/CryptoETL/.venv/lib/python3.12/site-packages/airflow/example_dags/example_sensor_decorator.py for tasks to queue
[2026-02-13T13:00:22.173+0100] {logging_mixin.py:190} INFO - [2026-02-13T13:00:22.172+0100] {dagbag.py:588} INFO - Filling up the DagBag from /home/gianotti/Documents/CryptoETL/.venv/lib/python3.12/site-packages/airflow/example_dags/example_sensor_decorator.py
[2026-02-13T13:00:22.180+0100] {processor.py:925} INFO - DAG(s) 'example_sensor_decorator' retrieved from /home/gianotti/Documents/CryptoETL/.venv/lib/python3.12/site-packages/airflow/example_dags/example_sensor_decorator.py
[2026-02-13T13:00:22.193+0100] {logging_mixin.py:190} INFO - [2026-02-13T13:00:22.193+0100] {dag.py:3239} INFO - Sync 1 DAGs
[2026-02-13T13:00:22.204+0100] {logging_mixin.py:190} INFO - [2026-02-13T13:00:22.204+0100] {dag.py:4180} INFO - Setting next_dagrun for example_sensor_decorator to None, run_after=None
[2026-02-13T13:00:22.222+0100] {processor.py:208} INFO - Processing /home/gianotti/Documents/CryptoETL/.venv/lib/python3.12/site-packages/airflow/example_dags/example_sensor_decorator.py took 0.058 seconds
[2026-02-13T13:01:22.283+0100] {processor.py:186} INFO - Started process (PID=35666) to work on /home/gianotti/Documents/CryptoETL/.venv/lib/python3.12/site-packages/airflow/example_dags/example_sensor_decorator.py
[2026-02-13T13:01:22.285+0100] {processor.py:914} INFO - Processing file /home/gianotti/Documents/CryptoETL/.venv/lib/python3.12/site-packages/airflow/example_dags/example_sensor_decorator.py for tasks to queue
[2026-02-13T13:01:22.287+0100] {logging_mixin.py:190} INFO - [2026-02-13T13:01:22.287+0100] {dagbag.py:588} INFO - Filling up the DagBag from /home/gianotti/Documents/CryptoETL/.venv/lib/python3.12/site-packages/airflow/example_dags/example_sensor_decorator.py
[2026-02-13T13:01:22.298+0100] {processor.py:925} INFO - DAG(s) 'example_sensor_decorator' retrieved from /home/gianotti/Documents/CryptoETL/.venv/lib/python3.12/site-packages/airflow/example_dags/example_sensor_decorator.py
[2026-02-13T13:01:22.312+0100] {logging_mixin.py:190} INFO - [2026-02-13T13:01:22.312+0100] {dag.py:3239} INFO - Sync 1 DAGs
[2026-02-13T13:01:22.323+0100] {logging_mixin.py:190} INFO - [2026-02-13T13:01:22.323+0100] {dag.py:4180} INFO - Setting next_dagrun for example_sensor_decorator to None, run_after=None
[2026-02-13T13:01:22.342+0100] {processor.py:208} INFO - Processing /home/gianotti/Documents/CryptoETL/.venv/lib/python3.12/site-packages/airflow/example_dags/example_sensor_decorator.py took 0.066 seconds
[2026-02-13T13:02:21.976+0100] {processor.py:186} INFO - Started process (PID=35793) to work on /home/gianotti/Documents/CryptoETL/.venv/lib/python3.12/site-packages/airflow/example_dags/example_sensor_decorator.py
[2026-02-13T13:02:21.978+0100] {processor.py:914} INFO - Processing file /home/gianotti/Documents/CryptoETL/.venv/lib/python3.12/site-packages/airflow/example_dags/example_sensor_decorator.py for tasks to queue
[2026-02-13T13:02:21.980+0100] {logging_mixin.py:190} INFO - [2026-02-13T13:02:21.980+0100] {dagbag.py:588} INFO - Filling up the DagBag from /home/gianotti/Documents/CryptoETL/.venv/lib/python3.12/site-packages/airflow/example_dags/example_sensor_decorator.py
[2026-02-13T13:02:21.993+0100] {processor.py:925} INFO - DAG(s) 'example_sensor_decorator' retrieved from /home/gianotti/Documents/CryptoETL/.venv/lib/python3.12/site-packages/airflow/example_dags/example_sensor_decorator.py
[2026-02-13T13:02:22.007+0100] {logging_mixin.py:190} INFO - [2026-02-13T13:02:22.007+0100] {dag.py:3239} INFO - Sync 1 DAGs
[2026-02-13T13:02:22.018+0100] {logging_mixin.py:190} INFO - [2026-02-13T13:02:22.018+0100] {dag.py:4180} INFO - Setting next_dagrun for example_sensor_decorator to None, run_after=None
[2026-02-13T13:02:22.038+0100] {processor.py:208} INFO - Processing /home/gianotti/Documents/CryptoETL/.venv/lib/python3.12/site-packages/airflow/example_dags/example_sensor_decorator.py took 0.071 seconds
[2026-02-13T13:03:15.936+0100] {processor.py:186} INFO - Started process (PID=35878) to work on /home/gianotti/Documents/CryptoETL/.venv/lib/python3.12/site-packages/airflow/example_dags/example_sensor_decorator.py
[2026-02-13T13:03:15.938+0100] {processor.py:914} INFO - Processing file /home/gianotti/Documents/CryptoETL/.venv/lib/python3.12/site-packages/airflow/example_dags/example_sensor_decorator.py for tasks to queue
[2026-02-13T13:03:15.940+0100] {logging_mixin.py:190} INFO - [2026-02-13T13:03:15.940+0100] {dagbag.py:588} INFO - Filling up the DagBag from /home/gianotti/Documents/CryptoETL/.venv/lib/python3.12/site-packages/airflow/example_dags/example_sensor_decorator.py
[2026-02-13T13:03:15.956+0100] {processor.py:925} INFO - DAG(s) 'example_sensor_decorator' retrieved from /home/gianotti/Documents/CryptoETL/.venv/lib/python3.12/site-packages/airflow/example_dags/example_sensor_decorator.py
[2026-02-13T13:03:15.981+0100] {logging_mixin.py:190} INFO - [2026-02-13T13:03:15.980+0100] {dag.py:3239} INFO - Sync 1 DAGs
[2026-02-13T13:03:16.003+0100] {logging_mixin.py:190} INFO - [2026-02-13T13:03:16.003+0100] {dag.py:4180} INFO - Setting next_dagrun for example_sensor_decorator to None, run_after=None
[2026-02-13T13:03:16.026+0100] {processor.py:208} INFO - Processing /home/gianotti/Documents/CryptoETL/.venv/lib/python3.12/site-packages/airflow/example_dags/example_sensor_decorator.py took 0.099 seconds
[2026-02-13T13:04:15.673+0100] {processor.py:186} INFO - Started process (PID=36047) to work on /home/gianotti/Documents/CryptoETL/.venv/lib/python3.12/site-packages/airflow/example_dags/example_sensor_decorator.py
[2026-02-13T13:04:15.676+0100] {processor.py:914} INFO - Processing file /home/gianotti/Documents/CryptoETL/.venv/lib/python3.12/site-packages/airflow/example_dags/example_sensor_decorator.py for tasks to queue
[2026-02-13T13:04:15.678+0100] {logging_mixin.py:190} INFO - [2026-02-13T13:04:15.677+0100] {dagbag.py:588} INFO - Filling up the DagBag from /home/gianotti/Documents/CryptoETL/.venv/lib/python3.12/site-packages/airflow/example_dags/example_sensor_decorator.py
[2026-02-13T13:04:15.692+0100] {processor.py:925} INFO - DAG(s) 'example_sensor_decorator' retrieved from /home/gianotti/Documents/CryptoETL/.venv/lib/python3.12/site-packages/airflow/example_dags/example_sensor_decorator.py
[2026-02-13T13:04:15.717+0100] {logging_mixin.py:190} INFO - [2026-02-13T13:04:15.717+0100] {dag.py:3239} INFO - Sync 1 DAGs
[2026-02-13T13:04:15.740+0100] {logging_mixin.py:190} INFO - [2026-02-13T13:04:15.740+0100] {dag.py:4180} INFO - Setting next_dagrun for example_sensor_decorator to None, run_after=None
[2026-02-13T13:04:15.774+0100] {processor.py:208} INFO - Processing /home/gianotti/Documents/CryptoETL/.venv/lib/python3.12/site-packages/airflow/example_dags/example_sensor_decorator.py took 0.109 seconds
[2026-02-13T13:05:21.909+0100] {processor.py:186} INFO - Started process (PID=36164) to work on /home/gianotti/Documents/CryptoETL/.venv/lib/python3.12/site-packages/airflow/example_dags/example_sensor_decorator.py
[2026-02-13T13:05:21.911+0100] {processor.py:914} INFO - Processing file /home/gianotti/Documents/CryptoETL/.venv/lib/python3.12/site-packages/airflow/example_dags/example_sensor_decorator.py for tasks to queue
[2026-02-13T13:05:21.913+0100] {logging_mixin.py:190} INFO - [2026-02-13T13:05:21.913+0100] {dagbag.py:588} INFO - Filling up the DagBag from /home/gianotti/Documents/CryptoETL/.venv/lib/python3.12/site-packages/airflow/example_dags/example_sensor_decorator.py
[2026-02-13T13:05:21.928+0100] {processor.py:925} INFO - DAG(s) 'example_sensor_decorator' retrieved from /home/gianotti/Documents/CryptoETL/.venv/lib/python3.12/site-packages/airflow/example_dags/example_sensor_decorator.py
[2026-02-13T13:05:21.952+0100] {logging_mixin.py:190} INFO - [2026-02-13T13:05:21.952+0100] {dag.py:3239} INFO - Sync 1 DAGs
[2026-02-13T13:05:21.973+0100] {logging_mixin.py:190} INFO - [2026-02-13T13:05:21.973+0100] {dag.py:4180} INFO - Setting next_dagrun for example_sensor_decorator to None, run_after=None
[2026-02-13T13:05:22.005+0100] {processor.py:208} INFO - Processing /home/gianotti/Documents/CryptoETL/.venv/lib/python3.12/site-packages/airflow/example_dags/example_sensor_decorator.py took 0.106 seconds
[2026-02-13T13:06:27.425+0100] {processor.py:186} INFO - Started process (PID=36270) to work on /home/gianotti/Documents/CryptoETL/.venv/lib/python3.12/site-packages/airflow/example_dags/example_sensor_decorator.py
[2026-02-13T13:06:27.426+0100] {processor.py:914} INFO - Processing file /home/gianotti/Documents/CryptoETL/.venv/lib/python3.12/site-packages/airflow/example_dags/example_sensor_decorator.py for tasks to queue
[2026-02-13T13:06:27.429+0100] {logging_mixin.py:190} INFO - [2026-02-13T13:06:27.428+0100] {dagbag.py:588} INFO - Filling up the DagBag from /home/gianotti/Documents/CryptoETL/.venv/lib/python3.12/site-packages/airflow/example_dags/example_sensor_decorator.py
[2026-02-13T13:06:27.444+0100] {processor.py:925} INFO - DAG(s) 'example_sensor_decorator' retrieved from /home/gianotti/Documents/CryptoETL/.venv/lib/python3.12/site-packages/airflow/example_dags/example_sensor_decorator.py
[2026-02-13T13:06:27.469+0100] {logging_mixin.py:190} INFO - [2026-02-13T13:06:27.469+0100] {dag.py:3239} INFO - Sync 1 DAGs
[2026-02-13T13:06:27.491+0100] {logging_mixin.py:190} INFO - [2026-02-13T13:06:27.491+0100] {dag.py:4180} INFO - Setting next_dagrun for example_sensor_decorator to None, run_after=None
[2026-02-13T13:06:27.525+0100] {processor.py:208} INFO - Processing /home/gianotti/Documents/CryptoETL/.venv/lib/python3.12/site-packages/airflow/example_dags/example_sensor_decorator.py took 0.109 seconds
[2026-02-13T13:07:37.258+0100] {processor.py:186} INFO - Started process (PID=36360) to work on /home/gianotti/Documents/CryptoETL/.venv/lib/python3.12/site-packages/airflow/example_dags/example_sensor_decorator.py
[2026-02-13T13:07:37.261+0100] {processor.py:914} INFO - Processing file /home/gianotti/Documents/CryptoETL/.venv/lib/python3.12/site-packages/airflow/example_dags/example_sensor_decorator.py for tasks to queue
[2026-02-13T13:07:37.263+0100] {logging_mixin.py:190} INFO - [2026-02-13T13:07:37.262+0100] {dagbag.py:588} INFO - Filling up the DagBag from /home/gianotti/Documents/CryptoETL/.venv/lib/python3.12/site-packages/airflow/example_dags/example_sensor_decorator.py
[2026-02-13T13:07:37.277+0100] {processor.py:925} INFO - DAG(s) 'example_sensor_decorator' retrieved from /home/gianotti/Documents/CryptoETL/.venv/lib/python3.12/site-packages/airflow/example_dags/example_sensor_decorator.py
[2026-02-13T13:07:37.300+0100] {logging_mixin.py:190} INFO - [2026-02-13T13:07:37.300+0100] {dag.py:3239} INFO - Sync 1 DAGs
[2026-02-13T13:07:37.321+0100] {logging_mixin.py:190} INFO - [2026-02-13T13:07:37.321+0100] {dag.py:4180} INFO - Setting next_dagrun for example_sensor_decorator to None, run_after=None
[2026-02-13T13:07:37.354+0100] {processor.py:208} INFO - Processing /home/gianotti/Documents/CryptoETL/.venv/lib/python3.12/site-packages/airflow/example_dags/example_sensor_decorator.py took 0.105 seconds
[2026-02-13T13:08:42.697+0100] {processor.py:186} INFO - Started process (PID=36479) to work on /home/gianotti/Documents/CryptoETL/.venv/lib/python3.12/site-packages/airflow/example_dags/example_sensor_decorator.py
[2026-02-13T13:08:42.700+0100] {processor.py:914} INFO - Processing file /home/gianotti/Documents/CryptoETL/.venv/lib/python3.12/site-packages/airflow/example_dags/example_sensor_decorator.py for tasks to queue
[2026-02-13T13:08:42.702+0100] {logging_mixin.py:190} INFO - [2026-02-13T13:08:42.701+0100] {dagbag.py:588} INFO - Filling up the DagBag from /home/gianotti/Documents/CryptoETL/.venv/lib/python3.12/site-packages/airflow/example_dags/example_sensor_decorator.py
[2026-02-13T13:08:42.716+0100] {processor.py:925} INFO - DAG(s) 'example_sensor_decorator' retrieved from /home/gianotti/Documents/CryptoETL/.venv/lib/python3.12/site-packages/airflow/example_dags/example_sensor_decorator.py
[2026-02-13T13:08:42.739+0100] {logging_mixin.py:190} INFO - [2026-02-13T13:08:42.738+0100] {dag.py:3239} INFO - Sync 1 DAGs
[2026-02-13T13:08:42.759+0100] {logging_mixin.py:190} INFO - [2026-02-13T13:08:42.759+0100] {dag.py:4180} INFO - Setting next_dagrun for example_sensor_decorator to None, run_after=None
[2026-02-13T13:08:42.790+0100] {processor.py:208} INFO - Processing /home/gianotti/Documents/CryptoETL/.venv/lib/python3.12/site-packages/airflow/example_dags/example_sensor_decorator.py took 0.102 seconds
[2026-02-13T13:09:52.510+0100] {processor.py:186} INFO - Started process (PID=36608) to work on /home/gianotti/Documents/CryptoETL/.venv/lib/python3.12/site-packages/airflow/example_dags/example_sensor_decorator.py
[2026-02-13T13:09:52.511+0100] {processor.py:914} INFO - Processing file /home/gianotti/Documents/CryptoETL/.venv/lib/python3.12/site-packages/airflow/example_dags/example_sensor_decorator.py for tasks to queue
[2026-02-13T13:09:52.513+0100] {logging_mixin.py:190} INFO - [2026-02-13T13:09:52.513+0100] {dagbag.py:588} INFO - Filling up the DagBag from /home/gianotti/Documents/CryptoETL/.venv/lib/python3.12/site-packages/airflow/example_dags/example_sensor_decorator.py
[2026-02-13T13:09:52.529+0100] {processor.py:925} INFO - DAG(s) 'example_sensor_decorator' retrieved from /home/gianotti/Documents/CryptoETL/.venv/lib/python3.12/site-packages/airflow/example_dags/example_sensor_decorator.py
[2026-02-13T13:09:52.554+0100] {logging_mixin.py:190} INFO - [2026-02-13T13:09:52.554+0100] {dag.py:3239} INFO - Sync 1 DAGs
[2026-02-13T13:09:52.579+0100] {logging_mixin.py:190} INFO - [2026-02-13T13:09:52.579+0100] {dag.py:4180} INFO - Setting next_dagrun for example_sensor_decorator to None, run_after=None
[2026-02-13T13:09:52.617+0100] {processor.py:208} INFO - Processing /home/gianotti/Documents/CryptoETL/.venv/lib/python3.12/site-packages/airflow/example_dags/example_sensor_decorator.py took 0.118 seconds
[2026-02-13T13:10:56.829+0100] {processor.py:186} INFO - Started process (PID=36722) to work on /home/gianotti/Documents/CryptoETL/.venv/lib/python3.12/site-packages/airflow/example_dags/example_sensor_decorator.py
[2026-02-13T13:10:56.832+0100] {processor.py:914} INFO - Processing file /home/gianotti/Documents/CryptoETL/.venv/lib/python3.12/site-packages/airflow/example_dags/example_sensor_decorator.py for tasks to queue
[2026-02-13T13:10:56.835+0100] {logging_mixin.py:190} INFO - [2026-02-13T13:10:56.834+0100] {dagbag.py:588} INFO - Filling up the DagBag from /home/gianotti/Documents/CryptoETL/.venv/lib/python3.12/site-packages/airflow/example_dags/example_sensor_decorator.py
[2026-02-13T13:10:56.850+0100] {processor.py:925} INFO - DAG(s) 'example_sensor_decorator' retrieved from /home/gianotti/Documents/CryptoETL/.venv/lib/python3.12/site-packages/airflow/example_dags/example_sensor_decorator.py
[2026-02-13T13:10:56.873+0100] {logging_mixin.py:190} INFO - [2026-02-13T13:10:56.872+0100] {dag.py:3239} INFO - Sync 1 DAGs
[2026-02-13T13:10:56.895+0100] {logging_mixin.py:190} INFO - [2026-02-13T13:10:56.894+0100] {dag.py:4180} INFO - Setting next_dagrun for example_sensor_decorator to None, run_after=None
[2026-02-13T13:10:56.925+0100] {processor.py:208} INFO - Processing /home/gianotti/Documents/CryptoETL/.venv/lib/python3.12/site-packages/airflow/example_dags/example_sensor_decorator.py took 0.106 seconds
