[2026-02-13T12:55:57.871+0100] {processor.py:186} INFO - Started process (PID=34994) to work on /home/gianotti/Documents/CryptoETL/.venv/lib/python3.12/site-packages/airflow/example_dags/example_complex.py
[2026-02-13T12:55:57.873+0100] {processor.py:914} INFO - Processing file /home/gianotti/Documents/CryptoETL/.venv/lib/python3.12/site-packages/airflow/example_dags/example_complex.py for tasks to queue
[2026-02-13T12:55:57.876+0100] {logging_mixin.py:190} INFO - [2026-02-13T12:55:57.875+0100] {dagbag.py:588} INFO - Filling up the DagBag from /home/gianotti/Documents/CryptoETL/.venv/lib/python3.12/site-packages/airflow/example_dags/example_complex.py
[2026-02-13T12:55:57.898+0100] {processor.py:925} INFO - DAG(s) 'example_complex' retrieved from /home/gianotti/Documents/CryptoETL/.venv/lib/python3.12/site-packages/airflow/example_dags/example_complex.py
[2026-02-13T12:55:57.996+0100] {logging_mixin.py:190} INFO - [2026-02-13T12:55:57.995+0100] {override.py:1930} INFO - Created Permission View: can edit on DAG:example_complex
[2026-02-13T12:55:58.006+0100] {logging_mixin.py:190} INFO - [2026-02-13T12:55:58.006+0100] {override.py:1930} INFO - Created Permission View: can read on DAG:example_complex
[2026-02-13T12:55:58.015+0100] {logging_mixin.py:190} INFO - [2026-02-13T12:55:58.015+0100] {override.py:1930} INFO - Created Permission View: can delete on DAG:example_complex
[2026-02-13T12:55:58.030+0100] {logging_mixin.py:190} INFO - [2026-02-13T12:55:58.030+0100] {override.py:1930} INFO - Created Permission View: can create on DAG Run:example_complex
[2026-02-13T12:55:58.041+0100] {logging_mixin.py:190} INFO - [2026-02-13T12:55:58.040+0100] {override.py:1930} INFO - Created Permission View: can read on DAG Run:example_complex
[2026-02-13T12:55:58.052+0100] {logging_mixin.py:190} INFO - [2026-02-13T12:55:58.052+0100] {override.py:1930} INFO - Created Permission View: can delete on DAG Run:example_complex
[2026-02-13T12:55:58.063+0100] {logging_mixin.py:190} INFO - [2026-02-13T12:55:58.063+0100] {override.py:1930} INFO - Created Permission View: menu access on DAG Run:example_complex
[2026-02-13T12:55:58.064+0100] {logging_mixin.py:190} INFO - [2026-02-13T12:55:58.064+0100] {dag.py:3239} INFO - Sync 1 DAGs
[2026-02-13T12:55:58.083+0100] {logging_mixin.py:190} INFO - [2026-02-13T12:55:58.082+0100] {dag.py:3262} INFO - Creating ORM DAG for example_complex
[2026-02-13T12:55:58.083+0100] {logging_mixin.py:190} INFO - [2026-02-13T12:55:58.083+0100] {dag.py:4180} INFO - Setting next_dagrun for example_complex to None, run_after=None
[2026-02-13T12:55:58.109+0100] {processor.py:208} INFO - Processing /home/gianotti/Documents/CryptoETL/.venv/lib/python3.12/site-packages/airflow/example_dags/example_complex.py took 0.247 seconds
[2026-02-13T12:56:59.460+0100] {processor.py:186} INFO - Started process (PID=35120) to work on /home/gianotti/Documents/CryptoETL/.venv/lib/python3.12/site-packages/airflow/example_dags/example_complex.py
[2026-02-13T12:56:59.463+0100] {processor.py:914} INFO - Processing file /home/gianotti/Documents/CryptoETL/.venv/lib/python3.12/site-packages/airflow/example_dags/example_complex.py for tasks to queue
[2026-02-13T12:56:59.466+0100] {logging_mixin.py:190} INFO - [2026-02-13T12:56:59.466+0100] {dagbag.py:588} INFO - Filling up the DagBag from /home/gianotti/Documents/CryptoETL/.venv/lib/python3.12/site-packages/airflow/example_dags/example_complex.py
[2026-02-13T12:56:59.487+0100] {processor.py:925} INFO - DAG(s) 'example_complex' retrieved from /home/gianotti/Documents/CryptoETL/.venv/lib/python3.12/site-packages/airflow/example_dags/example_complex.py
[2026-02-13T12:56:59.519+0100] {logging_mixin.py:190} INFO - [2026-02-13T12:56:59.519+0100] {dag.py:3239} INFO - Sync 1 DAGs
[2026-02-13T12:56:59.536+0100] {logging_mixin.py:190} INFO - [2026-02-13T12:56:59.536+0100] {dag.py:4180} INFO - Setting next_dagrun for example_complex to None, run_after=None
[2026-02-13T12:56:59.566+0100] {processor.py:208} INFO - Processing /home/gianotti/Documents/CryptoETL/.venv/lib/python3.12/site-packages/airflow/example_dags/example_complex.py took 0.116 seconds
[2026-02-13T12:57:57.258+0100] {processor.py:186} INFO - Started process (PID=35234) to work on /home/gianotti/Documents/CryptoETL/.venv/lib/python3.12/site-packages/airflow/example_dags/example_complex.py
[2026-02-13T12:57:57.261+0100] {processor.py:914} INFO - Processing file /home/gianotti/Documents/CryptoETL/.venv/lib/python3.12/site-packages/airflow/example_dags/example_complex.py for tasks to queue
[2026-02-13T12:57:57.265+0100] {logging_mixin.py:190} INFO - [2026-02-13T12:57:57.264+0100] {dagbag.py:588} INFO - Filling up the DagBag from /home/gianotti/Documents/CryptoETL/.venv/lib/python3.12/site-packages/airflow/example_dags/example_complex.py
[2026-02-13T12:57:57.285+0100] {processor.py:925} INFO - DAG(s) 'example_complex' retrieved from /home/gianotti/Documents/CryptoETL/.venv/lib/python3.12/site-packages/airflow/example_dags/example_complex.py
[2026-02-13T12:57:57.311+0100] {logging_mixin.py:190} INFO - [2026-02-13T12:57:57.311+0100] {dag.py:3239} INFO - Sync 1 DAGs
[2026-02-13T12:57:57.320+0100] {logging_mixin.py:190} INFO - [2026-02-13T12:57:57.320+0100] {dag.py:4180} INFO - Setting next_dagrun for example_complex to None, run_after=None
[2026-02-13T12:57:57.339+0100] {processor.py:208} INFO - Processing /home/gianotti/Documents/CryptoETL/.venv/lib/python3.12/site-packages/airflow/example_dags/example_complex.py took 0.090 seconds
[2026-02-13T12:58:54.480+0100] {processor.py:186} INFO - Started process (PID=35378) to work on /home/gianotti/Documents/CryptoETL/.venv/lib/python3.12/site-packages/airflow/example_dags/example_complex.py
[2026-02-13T12:58:54.481+0100] {processor.py:914} INFO - Processing file /home/gianotti/Documents/CryptoETL/.venv/lib/python3.12/site-packages/airflow/example_dags/example_complex.py for tasks to queue
[2026-02-13T12:58:54.485+0100] {logging_mixin.py:190} INFO - [2026-02-13T12:58:54.484+0100] {dagbag.py:588} INFO - Filling up the DagBag from /home/gianotti/Documents/CryptoETL/.venv/lib/python3.12/site-packages/airflow/example_dags/example_complex.py
[2026-02-13T12:58:54.504+0100] {processor.py:925} INFO - DAG(s) 'example_complex' retrieved from /home/gianotti/Documents/CryptoETL/.venv/lib/python3.12/site-packages/airflow/example_dags/example_complex.py
[2026-02-13T12:58:54.534+0100] {logging_mixin.py:190} INFO - [2026-02-13T12:58:54.534+0100] {dag.py:3239} INFO - Sync 1 DAGs
[2026-02-13T12:58:54.544+0100] {logging_mixin.py:190} INFO - [2026-02-13T12:58:54.544+0100] {dag.py:4180} INFO - Setting next_dagrun for example_complex to None, run_after=None
[2026-02-13T12:58:54.569+0100] {processor.py:208} INFO - Processing /home/gianotti/Documents/CryptoETL/.venv/lib/python3.12/site-packages/airflow/example_dags/example_complex.py took 0.099 seconds
[2026-02-13T13:00:16.283+0100] {processor.py:186} INFO - Started process (PID=35539) to work on /home/gianotti/Documents/CryptoETL/.venv/lib/python3.12/site-packages/airflow/example_dags/example_complex.py
[2026-02-13T13:00:16.286+0100] {processor.py:914} INFO - Processing file /home/gianotti/Documents/CryptoETL/.venv/lib/python3.12/site-packages/airflow/example_dags/example_complex.py for tasks to queue
[2026-02-13T13:00:16.288+0100] {logging_mixin.py:190} INFO - [2026-02-13T13:00:16.287+0100] {dagbag.py:588} INFO - Filling up the DagBag from /home/gianotti/Documents/CryptoETL/.venv/lib/python3.12/site-packages/airflow/example_dags/example_complex.py
[2026-02-13T13:00:16.305+0100] {processor.py:925} INFO - DAG(s) 'example_complex' retrieved from /home/gianotti/Documents/CryptoETL/.venv/lib/python3.12/site-packages/airflow/example_dags/example_complex.py
[2026-02-13T13:00:16.326+0100] {logging_mixin.py:190} INFO - [2026-02-13T13:00:16.326+0100] {dag.py:3239} INFO - Sync 1 DAGs
[2026-02-13T13:00:16.338+0100] {logging_mixin.py:190} INFO - [2026-02-13T13:00:16.337+0100] {dag.py:4180} INFO - Setting next_dagrun for example_complex to None, run_after=None
[2026-02-13T13:00:16.356+0100] {processor.py:208} INFO - Processing /home/gianotti/Documents/CryptoETL/.venv/lib/python3.12/site-packages/airflow/example_dags/example_complex.py took 0.082 seconds
[2026-02-13T13:01:14.530+0100] {processor.py:186} INFO - Started process (PID=35651) to work on /home/gianotti/Documents/CryptoETL/.venv/lib/python3.12/site-packages/airflow/example_dags/example_complex.py
[2026-02-13T13:01:14.533+0100] {processor.py:914} INFO - Processing file /home/gianotti/Documents/CryptoETL/.venv/lib/python3.12/site-packages/airflow/example_dags/example_complex.py for tasks to queue
[2026-02-13T13:01:14.534+0100] {logging_mixin.py:190} INFO - [2026-02-13T13:01:14.534+0100] {dagbag.py:588} INFO - Filling up the DagBag from /home/gianotti/Documents/CryptoETL/.venv/lib/python3.12/site-packages/airflow/example_dags/example_complex.py
[2026-02-13T13:01:14.556+0100] {processor.py:925} INFO - DAG(s) 'example_complex' retrieved from /home/gianotti/Documents/CryptoETL/.venv/lib/python3.12/site-packages/airflow/example_dags/example_complex.py
[2026-02-13T13:01:14.587+0100] {logging_mixin.py:190} INFO - [2026-02-13T13:01:14.586+0100] {dag.py:3239} INFO - Sync 1 DAGs
[2026-02-13T13:01:14.597+0100] {logging_mixin.py:190} INFO - [2026-02-13T13:01:14.597+0100] {dag.py:4180} INFO - Setting next_dagrun for example_complex to None, run_after=None
[2026-02-13T13:01:14.619+0100] {processor.py:208} INFO - Processing /home/gianotti/Documents/CryptoETL/.venv/lib/python3.12/site-packages/airflow/example_dags/example_complex.py took 0.098 seconds
[2026-02-13T13:02:15.368+0100] {processor.py:186} INFO - Started process (PID=35779) to work on /home/gianotti/Documents/CryptoETL/.venv/lib/python3.12/site-packages/airflow/example_dags/example_complex.py
[2026-02-13T13:02:15.370+0100] {processor.py:914} INFO - Processing file /home/gianotti/Documents/CryptoETL/.venv/lib/python3.12/site-packages/airflow/example_dags/example_complex.py for tasks to queue
[2026-02-13T13:02:15.373+0100] {logging_mixin.py:190} INFO - [2026-02-13T13:02:15.372+0100] {dagbag.py:588} INFO - Filling up the DagBag from /home/gianotti/Documents/CryptoETL/.venv/lib/python3.12/site-packages/airflow/example_dags/example_complex.py
[2026-02-13T13:02:15.393+0100] {processor.py:925} INFO - DAG(s) 'example_complex' retrieved from /home/gianotti/Documents/CryptoETL/.venv/lib/python3.12/site-packages/airflow/example_dags/example_complex.py
[2026-02-13T13:02:15.415+0100] {logging_mixin.py:190} INFO - [2026-02-13T13:02:15.415+0100] {dag.py:3239} INFO - Sync 1 DAGs
[2026-02-13T13:02:15.427+0100] {logging_mixin.py:190} INFO - [2026-02-13T13:02:15.426+0100] {dag.py:4180} INFO - Setting next_dagrun for example_complex to None, run_after=None
[2026-02-13T13:02:15.446+0100] {processor.py:208} INFO - Processing /home/gianotti/Documents/CryptoETL/.venv/lib/python3.12/site-packages/airflow/example_dags/example_complex.py took 0.088 seconds
[2026-02-13T13:03:12.789+0100] {processor.py:186} INFO - Started process (PID=35873) to work on /home/gianotti/Documents/CryptoETL/.venv/lib/python3.12/site-packages/airflow/example_dags/example_complex.py
[2026-02-13T13:03:12.792+0100] {processor.py:914} INFO - Processing file /home/gianotti/Documents/CryptoETL/.venv/lib/python3.12/site-packages/airflow/example_dags/example_complex.py for tasks to queue
[2026-02-13T13:03:12.794+0100] {logging_mixin.py:190} INFO - [2026-02-13T13:03:12.793+0100] {dagbag.py:588} INFO - Filling up the DagBag from /home/gianotti/Documents/CryptoETL/.venv/lib/python3.12/site-packages/airflow/example_dags/example_complex.py
[2026-02-13T13:03:12.815+0100] {processor.py:925} INFO - DAG(s) 'example_complex' retrieved from /home/gianotti/Documents/CryptoETL/.venv/lib/python3.12/site-packages/airflow/example_dags/example_complex.py
[2026-02-13T13:03:12.850+0100] {logging_mixin.py:190} INFO - [2026-02-13T13:03:12.850+0100] {dag.py:3239} INFO - Sync 1 DAGs
[2026-02-13T13:03:12.861+0100] {logging_mixin.py:190} INFO - [2026-02-13T13:03:12.861+0100] {dag.py:4180} INFO - Setting next_dagrun for example_complex to None, run_after=None
[2026-02-13T13:03:12.881+0100] {processor.py:208} INFO - Processing /home/gianotti/Documents/CryptoETL/.venv/lib/python3.12/site-packages/airflow/example_dags/example_complex.py took 0.101 seconds
[2026-02-13T13:04:41.371+0100] {processor.py:186} INFO - Started process (PID=36089) to work on /home/gianotti/Documents/CryptoETL/.venv/lib/python3.12/site-packages/airflow/example_dags/example_complex.py
[2026-02-13T13:04:41.373+0100] {processor.py:914} INFO - Processing file /home/gianotti/Documents/CryptoETL/.venv/lib/python3.12/site-packages/airflow/example_dags/example_complex.py for tasks to queue
[2026-02-13T13:04:41.375+0100] {logging_mixin.py:190} INFO - [2026-02-13T13:04:41.374+0100] {dagbag.py:588} INFO - Filling up the DagBag from /home/gianotti/Documents/CryptoETL/.venv/lib/python3.12/site-packages/airflow/example_dags/example_complex.py
[2026-02-13T13:04:41.397+0100] {processor.py:925} INFO - DAG(s) 'example_complex' retrieved from /home/gianotti/Documents/CryptoETL/.venv/lib/python3.12/site-packages/airflow/example_dags/example_complex.py
[2026-02-13T13:04:41.437+0100] {logging_mixin.py:190} INFO - [2026-02-13T13:04:41.437+0100] {dag.py:3239} INFO - Sync 1 DAGs
[2026-02-13T13:04:41.457+0100] {logging_mixin.py:190} INFO - [2026-02-13T13:04:41.457+0100] {dag.py:4180} INFO - Setting next_dagrun for example_complex to None, run_after=None
[2026-02-13T13:04:41.487+0100] {processor.py:208} INFO - Processing /home/gianotti/Documents/CryptoETL/.venv/lib/python3.12/site-packages/airflow/example_dags/example_complex.py took 0.125 seconds
[2026-02-13T13:05:45.829+0100] {processor.py:186} INFO - Started process (PID=36200) to work on /home/gianotti/Documents/CryptoETL/.venv/lib/python3.12/site-packages/airflow/example_dags/example_complex.py
[2026-02-13T13:05:45.831+0100] {processor.py:914} INFO - Processing file /home/gianotti/Documents/CryptoETL/.venv/lib/python3.12/site-packages/airflow/example_dags/example_complex.py for tasks to queue
[2026-02-13T13:05:45.833+0100] {logging_mixin.py:190} INFO - [2026-02-13T13:05:45.833+0100] {dagbag.py:588} INFO - Filling up the DagBag from /home/gianotti/Documents/CryptoETL/.venv/lib/python3.12/site-packages/airflow/example_dags/example_complex.py
[2026-02-13T13:05:45.855+0100] {processor.py:925} INFO - DAG(s) 'example_complex' retrieved from /home/gianotti/Documents/CryptoETL/.venv/lib/python3.12/site-packages/airflow/example_dags/example_complex.py
[2026-02-13T13:05:45.899+0100] {logging_mixin.py:190} INFO - [2026-02-13T13:05:45.899+0100] {dag.py:3239} INFO - Sync 1 DAGs
[2026-02-13T13:05:45.920+0100] {logging_mixin.py:190} INFO - [2026-02-13T13:05:45.920+0100] {dag.py:4180} INFO - Setting next_dagrun for example_complex to None, run_after=None
[2026-02-13T13:05:45.954+0100] {processor.py:208} INFO - Processing /home/gianotti/Documents/CryptoETL/.venv/lib/python3.12/site-packages/airflow/example_dags/example_complex.py took 0.136 seconds
[2026-02-13T13:06:51.949+0100] {processor.py:186} INFO - Started process (PID=36297) to work on /home/gianotti/Documents/CryptoETL/.venv/lib/python3.12/site-packages/airflow/example_dags/example_complex.py
[2026-02-13T13:06:51.952+0100] {processor.py:914} INFO - Processing file /home/gianotti/Documents/CryptoETL/.venv/lib/python3.12/site-packages/airflow/example_dags/example_complex.py for tasks to queue
[2026-02-13T13:06:51.954+0100] {logging_mixin.py:190} INFO - [2026-02-13T13:06:51.954+0100] {dagbag.py:588} INFO - Filling up the DagBag from /home/gianotti/Documents/CryptoETL/.venv/lib/python3.12/site-packages/airflow/example_dags/example_complex.py
[2026-02-13T13:06:51.979+0100] {processor.py:925} INFO - DAG(s) 'example_complex' retrieved from /home/gianotti/Documents/CryptoETL/.venv/lib/python3.12/site-packages/airflow/example_dags/example_complex.py
[2026-02-13T13:06:52.022+0100] {logging_mixin.py:190} INFO - [2026-02-13T13:06:52.022+0100] {dag.py:3239} INFO - Sync 1 DAGs
[2026-02-13T13:06:52.045+0100] {logging_mixin.py:190} INFO - [2026-02-13T13:06:52.045+0100] {dag.py:4180} INFO - Setting next_dagrun for example_complex to None, run_after=None
[2026-02-13T13:06:52.079+0100] {processor.py:208} INFO - Processing /home/gianotti/Documents/CryptoETL/.venv/lib/python3.12/site-packages/airflow/example_dags/example_complex.py took 0.139 seconds
[2026-02-13T13:08:00.881+0100] {processor.py:186} INFO - Started process (PID=36395) to work on /home/gianotti/Documents/CryptoETL/.venv/lib/python3.12/site-packages/airflow/example_dags/example_complex.py
[2026-02-13T13:08:00.884+0100] {processor.py:914} INFO - Processing file /home/gianotti/Documents/CryptoETL/.venv/lib/python3.12/site-packages/airflow/example_dags/example_complex.py for tasks to queue
[2026-02-13T13:08:00.886+0100] {logging_mixin.py:190} INFO - [2026-02-13T13:08:00.885+0100] {dagbag.py:588} INFO - Filling up the DagBag from /home/gianotti/Documents/CryptoETL/.venv/lib/python3.12/site-packages/airflow/example_dags/example_complex.py
[2026-02-13T13:08:00.910+0100] {processor.py:925} INFO - DAG(s) 'example_complex' retrieved from /home/gianotti/Documents/CryptoETL/.venv/lib/python3.12/site-packages/airflow/example_dags/example_complex.py
[2026-02-13T13:08:00.957+0100] {logging_mixin.py:190} INFO - [2026-02-13T13:08:00.957+0100] {dag.py:3239} INFO - Sync 1 DAGs
[2026-02-13T13:08:00.979+0100] {logging_mixin.py:190} INFO - [2026-02-13T13:08:00.979+0100] {dag.py:4180} INFO - Setting next_dagrun for example_complex to None, run_after=None
[2026-02-13T13:08:01.012+0100] {processor.py:208} INFO - Processing /home/gianotti/Documents/CryptoETL/.venv/lib/python3.12/site-packages/airflow/example_dags/example_complex.py took 0.141 seconds
[2026-02-13T13:09:06.656+0100] {processor.py:186} INFO - Started process (PID=36519) to work on /home/gianotti/Documents/CryptoETL/.venv/lib/python3.12/site-packages/airflow/example_dags/example_complex.py
[2026-02-13T13:09:06.659+0100] {processor.py:914} INFO - Processing file /home/gianotti/Documents/CryptoETL/.venv/lib/python3.12/site-packages/airflow/example_dags/example_complex.py for tasks to queue
[2026-02-13T13:09:06.661+0100] {logging_mixin.py:190} INFO - [2026-02-13T13:09:06.661+0100] {dagbag.py:588} INFO - Filling up the DagBag from /home/gianotti/Documents/CryptoETL/.venv/lib/python3.12/site-packages/airflow/example_dags/example_complex.py
[2026-02-13T13:09:06.683+0100] {processor.py:925} INFO - DAG(s) 'example_complex' retrieved from /home/gianotti/Documents/CryptoETL/.venv/lib/python3.12/site-packages/airflow/example_dags/example_complex.py
[2026-02-13T13:09:06.723+0100] {logging_mixin.py:190} INFO - [2026-02-13T13:09:06.722+0100] {dag.py:3239} INFO - Sync 1 DAGs
[2026-02-13T13:09:06.742+0100] {logging_mixin.py:190} INFO - [2026-02-13T13:09:06.742+0100] {dag.py:4180} INFO - Setting next_dagrun for example_complex to None, run_after=None
[2026-02-13T13:09:06.774+0100] {processor.py:208} INFO - Processing /home/gianotti/Documents/CryptoETL/.venv/lib/python3.12/site-packages/airflow/example_dags/example_complex.py took 0.126 seconds
[2026-02-13T13:10:17.847+0100] {processor.py:186} INFO - Started process (PID=36648) to work on /home/gianotti/Documents/CryptoETL/.venv/lib/python3.12/site-packages/airflow/example_dags/example_complex.py
[2026-02-13T13:10:17.850+0100] {processor.py:914} INFO - Processing file /home/gianotti/Documents/CryptoETL/.venv/lib/python3.12/site-packages/airflow/example_dags/example_complex.py for tasks to queue
[2026-02-13T13:10:17.852+0100] {logging_mixin.py:190} INFO - [2026-02-13T13:10:17.851+0100] {dagbag.py:588} INFO - Filling up the DagBag from /home/gianotti/Documents/CryptoETL/.venv/lib/python3.12/site-packages/airflow/example_dags/example_complex.py
[2026-02-13T13:10:17.873+0100] {processor.py:925} INFO - DAG(s) 'example_complex' retrieved from /home/gianotti/Documents/CryptoETL/.venv/lib/python3.12/site-packages/airflow/example_dags/example_complex.py
[2026-02-13T13:10:17.919+0100] {logging_mixin.py:190} INFO - [2026-02-13T13:10:17.919+0100] {dag.py:3239} INFO - Sync 1 DAGs
[2026-02-13T13:10:17.942+0100] {logging_mixin.py:190} INFO - [2026-02-13T13:10:17.941+0100] {dag.py:4180} INFO - Setting next_dagrun for example_complex to None, run_after=None
[2026-02-13T13:10:17.979+0100] {processor.py:208} INFO - Processing /home/gianotti/Documents/CryptoETL/.venv/lib/python3.12/site-packages/airflow/example_dags/example_complex.py took 0.141 seconds
[2026-02-13T13:11:22.385+0100] {processor.py:186} INFO - Started process (PID=36755) to work on /home/gianotti/Documents/CryptoETL/.venv/lib/python3.12/site-packages/airflow/example_dags/example_complex.py
[2026-02-13T13:11:22.388+0100] {processor.py:914} INFO - Processing file /home/gianotti/Documents/CryptoETL/.venv/lib/python3.12/site-packages/airflow/example_dags/example_complex.py for tasks to queue
[2026-02-13T13:11:22.390+0100] {logging_mixin.py:190} INFO - [2026-02-13T13:11:22.389+0100] {dagbag.py:588} INFO - Filling up the DagBag from /home/gianotti/Documents/CryptoETL/.venv/lib/python3.12/site-packages/airflow/example_dags/example_complex.py
[2026-02-13T13:11:22.411+0100] {processor.py:925} INFO - DAG(s) 'example_complex' retrieved from /home/gianotti/Documents/CryptoETL/.venv/lib/python3.12/site-packages/airflow/example_dags/example_complex.py
[2026-02-13T13:11:22.454+0100] {logging_mixin.py:190} INFO - [2026-02-13T13:11:22.453+0100] {dag.py:3239} INFO - Sync 1 DAGs
[2026-02-13T13:11:22.475+0100] {logging_mixin.py:190} INFO - [2026-02-13T13:11:22.474+0100] {dag.py:4180} INFO - Setting next_dagrun for example_complex to None, run_after=None
[2026-02-13T13:11:22.507+0100] {processor.py:208} INFO - Processing /home/gianotti/Documents/CryptoETL/.venv/lib/python3.12/site-packages/airflow/example_dags/example_complex.py took 0.131 seconds
[2026-02-13T13:12:29.569+0100] {processor.py:186} INFO - Started process (PID=36881) to work on /home/gianotti/Documents/CryptoETL/.venv/lib/python3.12/site-packages/airflow/example_dags/example_complex.py
[2026-02-13T13:12:29.571+0100] {processor.py:914} INFO - Processing file /home/gianotti/Documents/CryptoETL/.venv/lib/python3.12/site-packages/airflow/example_dags/example_complex.py for tasks to queue
[2026-02-13T13:12:29.573+0100] {logging_mixin.py:190} INFO - [2026-02-13T13:12:29.572+0100] {dagbag.py:588} INFO - Filling up the DagBag from /home/gianotti/Documents/CryptoETL/.venv/lib/python3.12/site-packages/airflow/example_dags/example_complex.py
[2026-02-13T13:12:29.597+0100] {processor.py:925} INFO - DAG(s) 'example_complex' retrieved from /home/gianotti/Documents/CryptoETL/.venv/lib/python3.12/site-packages/airflow/example_dags/example_complex.py
[2026-02-13T13:12:29.649+0100] {logging_mixin.py:190} INFO - [2026-02-13T13:12:29.648+0100] {dag.py:3239} INFO - Sync 1 DAGs
[2026-02-13T13:12:29.672+0100] {logging_mixin.py:190} INFO - [2026-02-13T13:12:29.672+0100] {dag.py:4180} INFO - Setting next_dagrun for example_complex to None, run_after=None
[2026-02-13T13:12:29.710+0100] {processor.py:208} INFO - Processing /home/gianotti/Documents/CryptoETL/.venv/lib/python3.12/site-packages/airflow/example_dags/example_complex.py took 0.152 seconds
[2026-02-13T13:13:32.154+0100] {processor.py:186} INFO - Started process (PID=37012) to work on /home/gianotti/Documents/CryptoETL/.venv/lib/python3.12/site-packages/airflow/example_dags/example_complex.py
[2026-02-13T13:13:32.155+0100] {processor.py:914} INFO - Processing file /home/gianotti/Documents/CryptoETL/.venv/lib/python3.12/site-packages/airflow/example_dags/example_complex.py for tasks to queue
[2026-02-13T13:13:32.157+0100] {logging_mixin.py:190} INFO - [2026-02-13T13:13:32.157+0100] {dagbag.py:588} INFO - Filling up the DagBag from /home/gianotti/Documents/CryptoETL/.venv/lib/python3.12/site-packages/airflow/example_dags/example_complex.py
[2026-02-13T13:13:32.178+0100] {processor.py:925} INFO - DAG(s) 'example_complex' retrieved from /home/gianotti/Documents/CryptoETL/.venv/lib/python3.12/site-packages/airflow/example_dags/example_complex.py
[2026-02-13T13:13:32.227+0100] {logging_mixin.py:190} INFO - [2026-02-13T13:13:32.226+0100] {dag.py:3239} INFO - Sync 1 DAGs
[2026-02-13T13:13:32.258+0100] {logging_mixin.py:190} INFO - [2026-02-13T13:13:32.257+0100] {dag.py:4180} INFO - Setting next_dagrun for example_complex to None, run_after=None
[2026-02-13T13:13:32.307+0100] {processor.py:208} INFO - Processing /home/gianotti/Documents/CryptoETL/.venv/lib/python3.12/site-packages/airflow/example_dags/example_complex.py took 0.162 seconds
[2026-02-13T13:14:37.521+0100] {processor.py:186} INFO - Started process (PID=37194) to work on /home/gianotti/Documents/CryptoETL/.venv/lib/python3.12/site-packages/airflow/example_dags/example_complex.py
[2026-02-13T13:14:37.523+0100] {processor.py:914} INFO - Processing file /home/gianotti/Documents/CryptoETL/.venv/lib/python3.12/site-packages/airflow/example_dags/example_complex.py for tasks to queue
[2026-02-13T13:14:37.524+0100] {logging_mixin.py:190} INFO - [2026-02-13T13:14:37.524+0100] {dagbag.py:588} INFO - Filling up the DagBag from /home/gianotti/Documents/CryptoETL/.venv/lib/python3.12/site-packages/airflow/example_dags/example_complex.py
[2026-02-13T13:14:37.541+0100] {processor.py:925} INFO - DAG(s) 'example_complex' retrieved from /home/gianotti/Documents/CryptoETL/.venv/lib/python3.12/site-packages/airflow/example_dags/example_complex.py
[2026-02-13T13:14:37.578+0100] {logging_mixin.py:190} INFO - [2026-02-13T13:14:37.578+0100] {dag.py:3239} INFO - Sync 1 DAGs
[2026-02-13T13:14:37.595+0100] {logging_mixin.py:190} INFO - [2026-02-13T13:14:37.595+0100] {dag.py:4180} INFO - Setting next_dagrun for example_complex to None, run_after=None
[2026-02-13T13:14:37.622+0100] {processor.py:208} INFO - Processing /home/gianotti/Documents/CryptoETL/.venv/lib/python3.12/site-packages/airflow/example_dags/example_complex.py took 0.109 seconds
[2026-02-13T13:15:43.612+0100] {processor.py:186} INFO - Started process (PID=37272) to work on /home/gianotti/Documents/CryptoETL/.venv/lib/python3.12/site-packages/airflow/example_dags/example_complex.py
[2026-02-13T13:15:43.615+0100] {processor.py:914} INFO - Processing file /home/gianotti/Documents/CryptoETL/.venv/lib/python3.12/site-packages/airflow/example_dags/example_complex.py for tasks to queue
[2026-02-13T13:15:43.617+0100] {logging_mixin.py:190} INFO - [2026-02-13T13:15:43.617+0100] {dagbag.py:588} INFO - Filling up the DagBag from /home/gianotti/Documents/CryptoETL/.venv/lib/python3.12/site-packages/airflow/example_dags/example_complex.py
[2026-02-13T13:15:43.641+0100] {processor.py:925} INFO - DAG(s) 'example_complex' retrieved from /home/gianotti/Documents/CryptoETL/.venv/lib/python3.12/site-packages/airflow/example_dags/example_complex.py
[2026-02-13T13:15:43.686+0100] {logging_mixin.py:190} INFO - [2026-02-13T13:15:43.685+0100] {dag.py:3239} INFO - Sync 1 DAGs
[2026-02-13T13:15:43.709+0100] {logging_mixin.py:190} INFO - [2026-02-13T13:15:43.708+0100] {dag.py:4180} INFO - Setting next_dagrun for example_complex to None, run_after=None
[2026-02-13T13:15:43.744+0100] {processor.py:208} INFO - Processing /home/gianotti/Documents/CryptoETL/.venv/lib/python3.12/site-packages/airflow/example_dags/example_complex.py took 0.142 seconds
[2026-02-13T13:16:49.150+0100] {processor.py:186} INFO - Started process (PID=37462) to work on /home/gianotti/Documents/CryptoETL/.venv/lib/python3.12/site-packages/airflow/example_dags/example_complex.py
[2026-02-13T13:16:49.152+0100] {processor.py:914} INFO - Processing file /home/gianotti/Documents/CryptoETL/.venv/lib/python3.12/site-packages/airflow/example_dags/example_complex.py for tasks to queue
[2026-02-13T13:16:49.154+0100] {logging_mixin.py:190} INFO - [2026-02-13T13:16:49.154+0100] {dagbag.py:588} INFO - Filling up the DagBag from /home/gianotti/Documents/CryptoETL/.venv/lib/python3.12/site-packages/airflow/example_dags/example_complex.py
[2026-02-13T13:16:49.176+0100] {processor.py:925} INFO - DAG(s) 'example_complex' retrieved from /home/gianotti/Documents/CryptoETL/.venv/lib/python3.12/site-packages/airflow/example_dags/example_complex.py
[2026-02-13T13:16:49.219+0100] {logging_mixin.py:190} INFO - [2026-02-13T13:16:49.219+0100] {dag.py:3239} INFO - Sync 1 DAGs
[2026-02-13T13:16:49.241+0100] {logging_mixin.py:190} INFO - [2026-02-13T13:16:49.240+0100] {dag.py:4180} INFO - Setting next_dagrun for example_complex to None, run_after=None
[2026-02-13T13:16:49.272+0100] {processor.py:208} INFO - Processing /home/gianotti/Documents/CryptoETL/.venv/lib/python3.12/site-packages/airflow/example_dags/example_complex.py took 0.132 seconds
[2026-02-13T13:17:55.204+0100] {processor.py:186} INFO - Started process (PID=37575) to work on /home/gianotti/Documents/CryptoETL/.venv/lib/python3.12/site-packages/airflow/example_dags/example_complex.py
[2026-02-13T13:17:55.207+0100] {processor.py:914} INFO - Processing file /home/gianotti/Documents/CryptoETL/.venv/lib/python3.12/site-packages/airflow/example_dags/example_complex.py for tasks to queue
[2026-02-13T13:17:55.209+0100] {logging_mixin.py:190} INFO - [2026-02-13T13:17:55.208+0100] {dagbag.py:588} INFO - Filling up the DagBag from /home/gianotti/Documents/CryptoETL/.venv/lib/python3.12/site-packages/airflow/example_dags/example_complex.py
[2026-02-13T13:17:55.229+0100] {processor.py:925} INFO - DAG(s) 'example_complex' retrieved from /home/gianotti/Documents/CryptoETL/.venv/lib/python3.12/site-packages/airflow/example_dags/example_complex.py
[2026-02-13T13:17:55.269+0100] {logging_mixin.py:190} INFO - [2026-02-13T13:17:55.268+0100] {dag.py:3239} INFO - Sync 1 DAGs
[2026-02-13T13:17:55.289+0100] {logging_mixin.py:190} INFO - [2026-02-13T13:17:55.288+0100] {dag.py:4180} INFO - Setting next_dagrun for example_complex to None, run_after=None
[2026-02-13T13:17:55.321+0100] {processor.py:208} INFO - Processing /home/gianotti/Documents/CryptoETL/.venv/lib/python3.12/site-packages/airflow/example_dags/example_complex.py took 0.127 seconds
[2026-02-13T13:19:00.031+0100] {processor.py:186} INFO - Started process (PID=37684) to work on /home/gianotti/Documents/CryptoETL/.venv/lib/python3.12/site-packages/airflow/example_dags/example_complex.py
[2026-02-13T13:19:00.034+0100] {processor.py:914} INFO - Processing file /home/gianotti/Documents/CryptoETL/.venv/lib/python3.12/site-packages/airflow/example_dags/example_complex.py for tasks to queue
[2026-02-13T13:19:00.036+0100] {logging_mixin.py:190} INFO - [2026-02-13T13:19:00.035+0100] {dagbag.py:588} INFO - Filling up the DagBag from /home/gianotti/Documents/CryptoETL/.venv/lib/python3.12/site-packages/airflow/example_dags/example_complex.py
[2026-02-13T13:19:00.056+0100] {processor.py:925} INFO - DAG(s) 'example_complex' retrieved from /home/gianotti/Documents/CryptoETL/.venv/lib/python3.12/site-packages/airflow/example_dags/example_complex.py
[2026-02-13T13:19:00.098+0100] {logging_mixin.py:190} INFO - [2026-02-13T13:19:00.098+0100] {dag.py:3239} INFO - Sync 1 DAGs
[2026-02-13T13:19:00.118+0100] {logging_mixin.py:190} INFO - [2026-02-13T13:19:00.118+0100] {dag.py:4180} INFO - Setting next_dagrun for example_complex to None, run_after=None
[2026-02-13T13:19:00.151+0100] {processor.py:208} INFO - Processing /home/gianotti/Documents/CryptoETL/.venv/lib/python3.12/site-packages/airflow/example_dags/example_complex.py took 0.129 seconds
[2026-02-13T13:20:05.559+0100] {processor.py:186} INFO - Started process (PID=37765) to work on /home/gianotti/Documents/CryptoETL/.venv/lib/python3.12/site-packages/airflow/example_dags/example_complex.py
[2026-02-13T13:20:05.562+0100] {processor.py:914} INFO - Processing file /home/gianotti/Documents/CryptoETL/.venv/lib/python3.12/site-packages/airflow/example_dags/example_complex.py for tasks to queue
[2026-02-13T13:20:05.564+0100] {logging_mixin.py:190} INFO - [2026-02-13T13:20:05.563+0100] {dagbag.py:588} INFO - Filling up the DagBag from /home/gianotti/Documents/CryptoETL/.venv/lib/python3.12/site-packages/airflow/example_dags/example_complex.py
[2026-02-13T13:20:05.585+0100] {processor.py:925} INFO - DAG(s) 'example_complex' retrieved from /home/gianotti/Documents/CryptoETL/.venv/lib/python3.12/site-packages/airflow/example_dags/example_complex.py
[2026-02-13T13:20:05.631+0100] {logging_mixin.py:190} INFO - [2026-02-13T13:20:05.630+0100] {dag.py:3239} INFO - Sync 1 DAGs
[2026-02-13T13:20:05.652+0100] {logging_mixin.py:190} INFO - [2026-02-13T13:20:05.652+0100] {dag.py:4180} INFO - Setting next_dagrun for example_complex to None, run_after=None
[2026-02-13T13:20:05.685+0100] {processor.py:208} INFO - Processing /home/gianotti/Documents/CryptoETL/.venv/lib/python3.12/site-packages/airflow/example_dags/example_complex.py took 0.135 seconds
[2026-02-13T13:21:13.147+0100] {processor.py:186} INFO - Started process (PID=37877) to work on /home/gianotti/Documents/CryptoETL/.venv/lib/python3.12/site-packages/airflow/example_dags/example_complex.py
[2026-02-13T13:21:13.150+0100] {processor.py:914} INFO - Processing file /home/gianotti/Documents/CryptoETL/.venv/lib/python3.12/site-packages/airflow/example_dags/example_complex.py for tasks to queue
[2026-02-13T13:21:13.152+0100] {logging_mixin.py:190} INFO - [2026-02-13T13:21:13.151+0100] {dagbag.py:588} INFO - Filling up the DagBag from /home/gianotti/Documents/CryptoETL/.venv/lib/python3.12/site-packages/airflow/example_dags/example_complex.py
[2026-02-13T13:21:13.174+0100] {processor.py:925} INFO - DAG(s) 'example_complex' retrieved from /home/gianotti/Documents/CryptoETL/.venv/lib/python3.12/site-packages/airflow/example_dags/example_complex.py
[2026-02-13T13:21:13.216+0100] {logging_mixin.py:190} INFO - [2026-02-13T13:21:13.216+0100] {dag.py:3239} INFO - Sync 1 DAGs
[2026-02-13T13:21:13.239+0100] {logging_mixin.py:190} INFO - [2026-02-13T13:21:13.238+0100] {dag.py:4180} INFO - Setting next_dagrun for example_complex to None, run_after=None
[2026-02-13T13:21:13.271+0100] {processor.py:208} INFO - Processing /home/gianotti/Documents/CryptoETL/.venv/lib/python3.12/site-packages/airflow/example_dags/example_complex.py took 0.134 seconds
[2026-02-13T13:22:14.489+0100] {processor.py:186} INFO - Started process (PID=37988) to work on /home/gianotti/Documents/CryptoETL/.venv/lib/python3.12/site-packages/airflow/example_dags/example_complex.py
[2026-02-13T13:22:14.492+0100] {processor.py:914} INFO - Processing file /home/gianotti/Documents/CryptoETL/.venv/lib/python3.12/site-packages/airflow/example_dags/example_complex.py for tasks to queue
[2026-02-13T13:22:14.494+0100] {logging_mixin.py:190} INFO - [2026-02-13T13:22:14.493+0100] {dagbag.py:588} INFO - Filling up the DagBag from /home/gianotti/Documents/CryptoETL/.venv/lib/python3.12/site-packages/airflow/example_dags/example_complex.py
[2026-02-13T13:22:14.517+0100] {processor.py:925} INFO - DAG(s) 'example_complex' retrieved from /home/gianotti/Documents/CryptoETL/.venv/lib/python3.12/site-packages/airflow/example_dags/example_complex.py
[2026-02-13T13:22:14.557+0100] {logging_mixin.py:190} INFO - [2026-02-13T13:22:14.556+0100] {dag.py:3239} INFO - Sync 1 DAGs
[2026-02-13T13:22:14.576+0100] {logging_mixin.py:190} INFO - [2026-02-13T13:22:14.575+0100] {dag.py:4180} INFO - Setting next_dagrun for example_complex to None, run_after=None
[2026-02-13T13:22:14.609+0100] {processor.py:208} INFO - Processing /home/gianotti/Documents/CryptoETL/.venv/lib/python3.12/site-packages/airflow/example_dags/example_complex.py took 0.129 seconds
