[2026-02-13T12:55:53.123+0100] {processor.py:186} INFO - Started process (PID=34989) to work on /home/gianotti/Documents/CryptoETL/.venv/lib/python3.12/site-packages/airflow/example_dags/example_dag_decorator.py
[2026-02-13T12:55:53.124+0100] {processor.py:914} INFO - Processing file /home/gianotti/Documents/CryptoETL/.venv/lib/python3.12/site-packages/airflow/example_dags/example_dag_decorator.py for tasks to queue
[2026-02-13T12:55:53.128+0100] {logging_mixin.py:190} INFO - [2026-02-13T12:55:53.127+0100] {dagbag.py:588} INFO - Filling up the DagBag from /home/gianotti/Documents/CryptoETL/.venv/lib/python3.12/site-packages/airflow/example_dags/example_dag_decorator.py
[2026-02-13T12:55:53.268+0100] {processor.py:925} INFO - DAG(s) 'example_dag_decorator' retrieved from /home/gianotti/Documents/CryptoETL/.venv/lib/python3.12/site-packages/airflow/example_dags/example_dag_decorator.py
[2026-02-13T12:55:53.354+0100] {logging_mixin.py:190} INFO - [2026-02-13T12:55:53.353+0100] {override.py:1930} INFO - Created Permission View: can edit on DAG:example_dag_decorator
[2026-02-13T12:55:53.365+0100] {logging_mixin.py:190} INFO - [2026-02-13T12:55:53.365+0100] {override.py:1930} INFO - Created Permission View: can read on DAG:example_dag_decorator
[2026-02-13T12:55:53.374+0100] {logging_mixin.py:190} INFO - [2026-02-13T12:55:53.373+0100] {override.py:1930} INFO - Created Permission View: can delete on DAG:example_dag_decorator
[2026-02-13T12:55:53.409+0100] {logging_mixin.py:190} INFO - [2026-02-13T12:55:53.408+0100] {override.py:1930} INFO - Created Permission View: can create on DAG Run:example_dag_decorator
[2026-02-13T12:55:53.422+0100] {logging_mixin.py:190} INFO - [2026-02-13T12:55:53.422+0100] {override.py:1930} INFO - Created Permission View: can read on DAG Run:example_dag_decorator
[2026-02-13T12:55:53.435+0100] {logging_mixin.py:190} INFO - [2026-02-13T12:55:53.434+0100] {override.py:1930} INFO - Created Permission View: can delete on DAG Run:example_dag_decorator
[2026-02-13T12:55:53.447+0100] {logging_mixin.py:190} INFO - [2026-02-13T12:55:53.447+0100] {override.py:1930} INFO - Created Permission View: menu access on DAG Run:example_dag_decorator
[2026-02-13T12:55:53.448+0100] {logging_mixin.py:190} INFO - [2026-02-13T12:55:53.448+0100] {dag.py:3239} INFO - Sync 1 DAGs
[2026-02-13T12:55:53.465+0100] {logging_mixin.py:190} INFO - [2026-02-13T12:55:53.464+0100] {dag.py:3262} INFO - Creating ORM DAG for example_dag_decorator
[2026-02-13T12:55:53.466+0100] {logging_mixin.py:190} INFO - [2026-02-13T12:55:53.465+0100] {dag.py:4180} INFO - Setting next_dagrun for example_dag_decorator to None, run_after=None
[2026-02-13T12:55:53.493+0100] {processor.py:208} INFO - Processing /home/gianotti/Documents/CryptoETL/.venv/lib/python3.12/site-packages/airflow/example_dags/example_dag_decorator.py took 0.379 seconds
[2026-02-13T12:56:54.971+0100] {processor.py:186} INFO - Started process (PID=35112) to work on /home/gianotti/Documents/CryptoETL/.venv/lib/python3.12/site-packages/airflow/example_dags/example_dag_decorator.py
[2026-02-13T12:56:54.973+0100] {processor.py:914} INFO - Processing file /home/gianotti/Documents/CryptoETL/.venv/lib/python3.12/site-packages/airflow/example_dags/example_dag_decorator.py for tasks to queue
[2026-02-13T12:56:54.975+0100] {logging_mixin.py:190} INFO - [2026-02-13T12:56:54.975+0100] {dagbag.py:588} INFO - Filling up the DagBag from /home/gianotti/Documents/CryptoETL/.venv/lib/python3.12/site-packages/airflow/example_dags/example_dag_decorator.py
[2026-02-13T12:56:55.014+0100] {processor.py:925} INFO - DAG(s) 'example_dag_decorator' retrieved from /home/gianotti/Documents/CryptoETL/.venv/lib/python3.12/site-packages/airflow/example_dags/example_dag_decorator.py
[2026-02-13T12:56:55.029+0100] {logging_mixin.py:190} INFO - [2026-02-13T12:56:55.028+0100] {dag.py:3239} INFO - Sync 1 DAGs
[2026-02-13T12:56:55.040+0100] {logging_mixin.py:190} INFO - [2026-02-13T12:56:55.040+0100] {dag.py:4180} INFO - Setting next_dagrun for example_dag_decorator to None, run_after=None
[2026-02-13T12:56:55.059+0100] {processor.py:208} INFO - Processing /home/gianotti/Documents/CryptoETL/.venv/lib/python3.12/site-packages/airflow/example_dags/example_dag_decorator.py took 0.093 seconds
[2026-02-13T12:57:53.734+0100] {processor.py:186} INFO - Started process (PID=35226) to work on /home/gianotti/Documents/CryptoETL/.venv/lib/python3.12/site-packages/airflow/example_dags/example_dag_decorator.py
[2026-02-13T12:57:53.736+0100] {processor.py:914} INFO - Processing file /home/gianotti/Documents/CryptoETL/.venv/lib/python3.12/site-packages/airflow/example_dags/example_dag_decorator.py for tasks to queue
[2026-02-13T12:57:53.738+0100] {logging_mixin.py:190} INFO - [2026-02-13T12:57:53.737+0100] {dagbag.py:588} INFO - Filling up the DagBag from /home/gianotti/Documents/CryptoETL/.venv/lib/python3.12/site-packages/airflow/example_dags/example_dag_decorator.py
[2026-02-13T12:57:53.768+0100] {processor.py:925} INFO - DAG(s) 'example_dag_decorator' retrieved from /home/gianotti/Documents/CryptoETL/.venv/lib/python3.12/site-packages/airflow/example_dags/example_dag_decorator.py
[2026-02-13T12:57:53.854+0100] {logging_mixin.py:190} INFO - [2026-02-13T12:57:53.854+0100] {dag.py:3239} INFO - Sync 1 DAGs
[2026-02-13T12:57:53.863+0100] {logging_mixin.py:190} INFO - [2026-02-13T12:57:53.863+0100] {dag.py:4180} INFO - Setting next_dagrun for example_dag_decorator to None, run_after=None
[2026-02-13T12:57:53.881+0100] {processor.py:208} INFO - Processing /home/gianotti/Documents/CryptoETL/.venv/lib/python3.12/site-packages/airflow/example_dags/example_dag_decorator.py took 0.151 seconds
[2026-02-13T12:58:51.636+0100] {processor.py:186} INFO - Started process (PID=35374) to work on /home/gianotti/Documents/CryptoETL/.venv/lib/python3.12/site-packages/airflow/example_dags/example_dag_decorator.py
[2026-02-13T12:58:51.639+0100] {processor.py:914} INFO - Processing file /home/gianotti/Documents/CryptoETL/.venv/lib/python3.12/site-packages/airflow/example_dags/example_dag_decorator.py for tasks to queue
[2026-02-13T12:58:51.643+0100] {logging_mixin.py:190} INFO - [2026-02-13T12:58:51.643+0100] {dagbag.py:588} INFO - Filling up the DagBag from /home/gianotti/Documents/CryptoETL/.venv/lib/python3.12/site-packages/airflow/example_dags/example_dag_decorator.py
[2026-02-13T12:58:51.704+0100] {processor.py:925} INFO - DAG(s) 'example_dag_decorator' retrieved from /home/gianotti/Documents/CryptoETL/.venv/lib/python3.12/site-packages/airflow/example_dags/example_dag_decorator.py
[2026-02-13T12:58:51.805+0100] {logging_mixin.py:190} INFO - [2026-02-13T12:58:51.805+0100] {dag.py:3239} INFO - Sync 1 DAGs
[2026-02-13T12:58:51.813+0100] {logging_mixin.py:190} INFO - [2026-02-13T12:58:51.813+0100] {dag.py:4180} INFO - Setting next_dagrun for example_dag_decorator to None, run_after=None
[2026-02-13T12:58:51.832+0100] {processor.py:208} INFO - Processing /home/gianotti/Documents/CryptoETL/.venv/lib/python3.12/site-packages/airflow/example_dags/example_dag_decorator.py took 0.206 seconds
[2026-02-13T12:59:47.603+0100] {processor.py:186} INFO - Started process (PID=35483) to work on /home/gianotti/Documents/CryptoETL/.venv/lib/python3.12/site-packages/airflow/example_dags/example_dag_decorator.py
[2026-02-13T12:59:47.605+0100] {processor.py:914} INFO - Processing file /home/gianotti/Documents/CryptoETL/.venv/lib/python3.12/site-packages/airflow/example_dags/example_dag_decorator.py for tasks to queue
[2026-02-13T12:59:47.609+0100] {logging_mixin.py:190} INFO - [2026-02-13T12:59:47.608+0100] {dagbag.py:588} INFO - Filling up the DagBag from /home/gianotti/Documents/CryptoETL/.venv/lib/python3.12/site-packages/airflow/example_dags/example_dag_decorator.py
[2026-02-13T12:59:47.657+0100] {processor.py:925} INFO - DAG(s) 'example_dag_decorator' retrieved from /home/gianotti/Documents/CryptoETL/.venv/lib/python3.12/site-packages/airflow/example_dags/example_dag_decorator.py
[2026-02-13T12:59:47.670+0100] {logging_mixin.py:190} INFO - [2026-02-13T12:59:47.670+0100] {dag.py:3239} INFO - Sync 1 DAGs
[2026-02-13T12:59:47.681+0100] {logging_mixin.py:190} INFO - [2026-02-13T12:59:47.681+0100] {dag.py:4180} INFO - Setting next_dagrun for example_dag_decorator to None, run_after=None
[2026-02-13T12:59:47.698+0100] {processor.py:208} INFO - Processing /home/gianotti/Documents/CryptoETL/.venv/lib/python3.12/site-packages/airflow/example_dags/example_dag_decorator.py took 0.105 seconds
[2026-02-13T13:00:45.755+0100] {processor.py:186} INFO - Started process (PID=35589) to work on /home/gianotti/Documents/CryptoETL/.venv/lib/python3.12/site-packages/airflow/example_dags/example_dag_decorator.py
[2026-02-13T13:00:45.758+0100] {processor.py:914} INFO - Processing file /home/gianotti/Documents/CryptoETL/.venv/lib/python3.12/site-packages/airflow/example_dags/example_dag_decorator.py for tasks to queue
[2026-02-13T13:00:45.760+0100] {logging_mixin.py:190} INFO - [2026-02-13T13:00:45.759+0100] {dagbag.py:588} INFO - Filling up the DagBag from /home/gianotti/Documents/CryptoETL/.venv/lib/python3.12/site-packages/airflow/example_dags/example_dag_decorator.py
[2026-02-13T13:00:45.811+0100] {processor.py:925} INFO - DAG(s) 'example_dag_decorator' retrieved from /home/gianotti/Documents/CryptoETL/.venv/lib/python3.12/site-packages/airflow/example_dags/example_dag_decorator.py
[2026-02-13T13:00:45.891+0100] {logging_mixin.py:190} INFO - [2026-02-13T13:00:45.891+0100] {dag.py:3239} INFO - Sync 1 DAGs
[2026-02-13T13:00:45.900+0100] {logging_mixin.py:190} INFO - [2026-02-13T13:00:45.900+0100] {dag.py:4180} INFO - Setting next_dagrun for example_dag_decorator to None, run_after=None
[2026-02-13T13:00:45.918+0100] {processor.py:208} INFO - Processing /home/gianotti/Documents/CryptoETL/.venv/lib/python3.12/site-packages/airflow/example_dags/example_dag_decorator.py took 0.172 seconds
[2026-02-13T13:01:45.889+0100] {processor.py:186} INFO - Started process (PID=35714) to work on /home/gianotti/Documents/CryptoETL/.venv/lib/python3.12/site-packages/airflow/example_dags/example_dag_decorator.py
[2026-02-13T13:01:45.892+0100] {processor.py:914} INFO - Processing file /home/gianotti/Documents/CryptoETL/.venv/lib/python3.12/site-packages/airflow/example_dags/example_dag_decorator.py for tasks to queue
[2026-02-13T13:01:45.894+0100] {logging_mixin.py:190} INFO - [2026-02-13T13:01:45.894+0100] {dagbag.py:588} INFO - Filling up the DagBag from /home/gianotti/Documents/CryptoETL/.venv/lib/python3.12/site-packages/airflow/example_dags/example_dag_decorator.py
[2026-02-13T13:01:45.939+0100] {processor.py:925} INFO - DAG(s) 'example_dag_decorator' retrieved from /home/gianotti/Documents/CryptoETL/.venv/lib/python3.12/site-packages/airflow/example_dags/example_dag_decorator.py
[2026-02-13T13:01:45.952+0100] {logging_mixin.py:190} INFO - [2026-02-13T13:01:45.952+0100] {dag.py:3239} INFO - Sync 1 DAGs
[2026-02-13T13:01:45.962+0100] {logging_mixin.py:190} INFO - [2026-02-13T13:01:45.962+0100] {dag.py:4180} INFO - Setting next_dagrun for example_dag_decorator to None, run_after=None
[2026-02-13T13:01:45.980+0100] {processor.py:208} INFO - Processing /home/gianotti/Documents/CryptoETL/.venv/lib/python3.12/site-packages/airflow/example_dags/example_dag_decorator.py took 0.099 seconds
[2026-02-13T13:02:44.279+0100] {processor.py:186} INFO - Started process (PID=35836) to work on /home/gianotti/Documents/CryptoETL/.venv/lib/python3.12/site-packages/airflow/example_dags/example_dag_decorator.py
[2026-02-13T13:02:44.281+0100] {processor.py:914} INFO - Processing file /home/gianotti/Documents/CryptoETL/.venv/lib/python3.12/site-packages/airflow/example_dags/example_dag_decorator.py for tasks to queue
[2026-02-13T13:02:44.282+0100] {logging_mixin.py:190} INFO - [2026-02-13T13:02:44.281+0100] {dagbag.py:588} INFO - Filling up the DagBag from /home/gianotti/Documents/CryptoETL/.venv/lib/python3.12/site-packages/airflow/example_dags/example_dag_decorator.py
[2026-02-13T13:02:44.317+0100] {processor.py:925} INFO - DAG(s) 'example_dag_decorator' retrieved from /home/gianotti/Documents/CryptoETL/.venv/lib/python3.12/site-packages/airflow/example_dags/example_dag_decorator.py
[2026-02-13T13:02:44.405+0100] {logging_mixin.py:190} INFO - [2026-02-13T13:02:44.405+0100] {dag.py:3239} INFO - Sync 1 DAGs
[2026-02-13T13:02:44.415+0100] {logging_mixin.py:190} INFO - [2026-02-13T13:02:44.415+0100] {dag.py:4180} INFO - Setting next_dagrun for example_dag_decorator to None, run_after=None
[2026-02-13T13:02:44.437+0100] {processor.py:208} INFO - Processing /home/gianotti/Documents/CryptoETL/.venv/lib/python3.12/site-packages/airflow/example_dags/example_dag_decorator.py took 0.163 seconds
[2026-02-13T13:04:06.683+0100] {processor.py:186} INFO - Started process (PID=36016) to work on /home/gianotti/Documents/CryptoETL/.venv/lib/python3.12/site-packages/airflow/example_dags/example_dag_decorator.py
[2026-02-13T13:04:06.686+0100] {processor.py:914} INFO - Processing file /home/gianotti/Documents/CryptoETL/.venv/lib/python3.12/site-packages/airflow/example_dags/example_dag_decorator.py for tasks to queue
[2026-02-13T13:04:06.688+0100] {logging_mixin.py:190} INFO - [2026-02-13T13:04:06.687+0100] {dagbag.py:588} INFO - Filling up the DagBag from /home/gianotti/Documents/CryptoETL/.venv/lib/python3.12/site-packages/airflow/example_dags/example_dag_decorator.py
[2026-02-13T13:04:06.755+0100] {processor.py:925} INFO - DAG(s) 'example_dag_decorator' retrieved from /home/gianotti/Documents/CryptoETL/.venv/lib/python3.12/site-packages/airflow/example_dags/example_dag_decorator.py
[2026-02-13T13:04:06.921+0100] {logging_mixin.py:190} INFO - [2026-02-13T13:04:06.920+0100] {dag.py:3239} INFO - Sync 1 DAGs
[2026-02-13T13:04:06.938+0100] {logging_mixin.py:190} INFO - [2026-02-13T13:04:06.937+0100] {dag.py:4180} INFO - Setting next_dagrun for example_dag_decorator to None, run_after=None
[2026-02-13T13:04:06.968+0100] {processor.py:208} INFO - Processing /home/gianotti/Documents/CryptoETL/.venv/lib/python3.12/site-packages/airflow/example_dags/example_dag_decorator.py took 0.294 seconds
[2026-02-13T13:05:10.205+0100] {processor.py:186} INFO - Started process (PID=36144) to work on /home/gianotti/Documents/CryptoETL/.venv/lib/python3.12/site-packages/airflow/example_dags/example_dag_decorator.py
[2026-02-13T13:05:10.207+0100] {processor.py:914} INFO - Processing file /home/gianotti/Documents/CryptoETL/.venv/lib/python3.12/site-packages/airflow/example_dags/example_dag_decorator.py for tasks to queue
[2026-02-13T13:05:10.209+0100] {logging_mixin.py:190} INFO - [2026-02-13T13:05:10.209+0100] {dagbag.py:588} INFO - Filling up the DagBag from /home/gianotti/Documents/CryptoETL/.venv/lib/python3.12/site-packages/airflow/example_dags/example_dag_decorator.py
[2026-02-13T13:05:10.280+0100] {processor.py:925} INFO - DAG(s) 'example_dag_decorator' retrieved from /home/gianotti/Documents/CryptoETL/.venv/lib/python3.12/site-packages/airflow/example_dags/example_dag_decorator.py
[2026-02-13T13:05:10.458+0100] {logging_mixin.py:190} INFO - [2026-02-13T13:05:10.458+0100] {dag.py:3239} INFO - Sync 1 DAGs
[2026-02-13T13:05:10.479+0100] {logging_mixin.py:190} INFO - [2026-02-13T13:05:10.479+0100] {dag.py:4180} INFO - Setting next_dagrun for example_dag_decorator to None, run_after=None
[2026-02-13T13:05:10.517+0100] {processor.py:208} INFO - Processing /home/gianotti/Documents/CryptoETL/.venv/lib/python3.12/site-packages/airflow/example_dags/example_dag_decorator.py took 0.324 seconds
[2026-02-13T13:06:15.467+0100] {processor.py:186} INFO - Started process (PID=36259) to work on /home/gianotti/Documents/CryptoETL/.venv/lib/python3.12/site-packages/airflow/example_dags/example_dag_decorator.py
[2026-02-13T13:06:15.469+0100] {processor.py:914} INFO - Processing file /home/gianotti/Documents/CryptoETL/.venv/lib/python3.12/site-packages/airflow/example_dags/example_dag_decorator.py for tasks to queue
[2026-02-13T13:06:15.471+0100] {logging_mixin.py:190} INFO - [2026-02-13T13:06:15.471+0100] {dagbag.py:588} INFO - Filling up the DagBag from /home/gianotti/Documents/CryptoETL/.venv/lib/python3.12/site-packages/airflow/example_dags/example_dag_decorator.py
[2026-02-13T13:06:15.538+0100] {processor.py:925} INFO - DAG(s) 'example_dag_decorator' retrieved from /home/gianotti/Documents/CryptoETL/.venv/lib/python3.12/site-packages/airflow/example_dags/example_dag_decorator.py
[2026-02-13T13:06:15.713+0100] {logging_mixin.py:190} INFO - [2026-02-13T13:06:15.713+0100] {dag.py:3239} INFO - Sync 1 DAGs
[2026-02-13T13:06:15.734+0100] {logging_mixin.py:190} INFO - [2026-02-13T13:06:15.734+0100] {dag.py:4180} INFO - Setting next_dagrun for example_dag_decorator to None, run_after=None
[2026-02-13T13:06:15.766+0100] {processor.py:208} INFO - Processing /home/gianotti/Documents/CryptoETL/.venv/lib/python3.12/site-packages/airflow/example_dags/example_dag_decorator.py took 0.310 seconds
[2026-02-13T13:07:21.948+0100] {processor.py:186} INFO - Started process (PID=36335) to work on /home/gianotti/Documents/CryptoETL/.venv/lib/python3.12/site-packages/airflow/example_dags/example_dag_decorator.py
[2026-02-13T13:07:21.951+0100] {processor.py:914} INFO - Processing file /home/gianotti/Documents/CryptoETL/.venv/lib/python3.12/site-packages/airflow/example_dags/example_dag_decorator.py for tasks to queue
[2026-02-13T13:07:21.953+0100] {logging_mixin.py:190} INFO - [2026-02-13T13:07:21.952+0100] {dagbag.py:588} INFO - Filling up the DagBag from /home/gianotti/Documents/CryptoETL/.venv/lib/python3.12/site-packages/airflow/example_dags/example_dag_decorator.py
[2026-02-13T13:07:22.018+0100] {processor.py:925} INFO - DAG(s) 'example_dag_decorator' retrieved from /home/gianotti/Documents/CryptoETL/.venv/lib/python3.12/site-packages/airflow/example_dags/example_dag_decorator.py
[2026-02-13T13:07:22.170+0100] {logging_mixin.py:190} INFO - [2026-02-13T13:07:22.170+0100] {dag.py:3239} INFO - Sync 1 DAGs
[2026-02-13T13:07:22.186+0100] {logging_mixin.py:190} INFO - [2026-02-13T13:07:22.186+0100] {dag.py:4180} INFO - Setting next_dagrun for example_dag_decorator to None, run_after=None
[2026-02-13T13:07:22.218+0100] {processor.py:208} INFO - Processing /home/gianotti/Documents/CryptoETL/.venv/lib/python3.12/site-packages/airflow/example_dags/example_dag_decorator.py took 0.280 seconds
[2026-02-13T13:08:32.036+0100] {processor.py:186} INFO - Started process (PID=36466) to work on /home/gianotti/Documents/CryptoETL/.venv/lib/python3.12/site-packages/airflow/example_dags/example_dag_decorator.py
[2026-02-13T13:08:32.039+0100] {processor.py:914} INFO - Processing file /home/gianotti/Documents/CryptoETL/.venv/lib/python3.12/site-packages/airflow/example_dags/example_dag_decorator.py for tasks to queue
[2026-02-13T13:08:32.041+0100] {logging_mixin.py:190} INFO - [2026-02-13T13:08:32.040+0100] {dagbag.py:588} INFO - Filling up the DagBag from /home/gianotti/Documents/CryptoETL/.venv/lib/python3.12/site-packages/airflow/example_dags/example_dag_decorator.py
[2026-02-13T13:08:32.107+0100] {processor.py:925} INFO - DAG(s) 'example_dag_decorator' retrieved from /home/gianotti/Documents/CryptoETL/.venv/lib/python3.12/site-packages/airflow/example_dags/example_dag_decorator.py
[2026-02-13T13:08:32.266+0100] {logging_mixin.py:190} INFO - [2026-02-13T13:08:32.265+0100] {dag.py:3239} INFO - Sync 1 DAGs
[2026-02-13T13:08:32.282+0100] {logging_mixin.py:190} INFO - [2026-02-13T13:08:32.282+0100] {dag.py:4180} INFO - Setting next_dagrun for example_dag_decorator to None, run_after=None
[2026-02-13T13:08:32.314+0100] {processor.py:208} INFO - Processing /home/gianotti/Documents/CryptoETL/.venv/lib/python3.12/site-packages/airflow/example_dags/example_dag_decorator.py took 0.287 seconds
[2026-02-13T13:09:39.690+0100] {processor.py:186} INFO - Started process (PID=36596) to work on /home/gianotti/Documents/CryptoETL/.venv/lib/python3.12/site-packages/airflow/example_dags/example_dag_decorator.py
[2026-02-13T13:09:39.695+0100] {processor.py:914} INFO - Processing file /home/gianotti/Documents/CryptoETL/.venv/lib/python3.12/site-packages/airflow/example_dags/example_dag_decorator.py for tasks to queue
[2026-02-13T13:09:39.699+0100] {logging_mixin.py:190} INFO - [2026-02-13T13:09:39.698+0100] {dagbag.py:588} INFO - Filling up the DagBag from /home/gianotti/Documents/CryptoETL/.venv/lib/python3.12/site-packages/airflow/example_dags/example_dag_decorator.py
[2026-02-13T13:09:39.768+0100] {processor.py:925} INFO - DAG(s) 'example_dag_decorator' retrieved from /home/gianotti/Documents/CryptoETL/.venv/lib/python3.12/site-packages/airflow/example_dags/example_dag_decorator.py
[2026-02-13T13:09:39.950+0100] {logging_mixin.py:190} INFO - [2026-02-13T13:09:39.949+0100] {dag.py:3239} INFO - Sync 1 DAGs
[2026-02-13T13:09:39.969+0100] {logging_mixin.py:190} INFO - [2026-02-13T13:09:39.968+0100] {dag.py:4180} INFO - Setting next_dagrun for example_dag_decorator to None, run_after=None
[2026-02-13T13:09:40.004+0100] {processor.py:208} INFO - Processing /home/gianotti/Documents/CryptoETL/.venv/lib/python3.12/site-packages/airflow/example_dags/example_dag_decorator.py took 0.324 seconds
[2026-02-13T13:10:50.291+0100] {processor.py:186} INFO - Started process (PID=36714) to work on /home/gianotti/Documents/CryptoETL/.venv/lib/python3.12/site-packages/airflow/example_dags/example_dag_decorator.py
[2026-02-13T13:10:50.294+0100] {processor.py:914} INFO - Processing file /home/gianotti/Documents/CryptoETL/.venv/lib/python3.12/site-packages/airflow/example_dags/example_dag_decorator.py for tasks to queue
[2026-02-13T13:10:50.296+0100] {logging_mixin.py:190} INFO - [2026-02-13T13:10:50.296+0100] {dagbag.py:588} INFO - Filling up the DagBag from /home/gianotti/Documents/CryptoETL/.venv/lib/python3.12/site-packages/airflow/example_dags/example_dag_decorator.py
[2026-02-13T13:10:50.362+0100] {processor.py:925} INFO - DAG(s) 'example_dag_decorator' retrieved from /home/gianotti/Documents/CryptoETL/.venv/lib/python3.12/site-packages/airflow/example_dags/example_dag_decorator.py
[2026-02-13T13:10:50.527+0100] {logging_mixin.py:190} INFO - [2026-02-13T13:10:50.526+0100] {dag.py:3239} INFO - Sync 1 DAGs
[2026-02-13T13:10:50.546+0100] {logging_mixin.py:190} INFO - [2026-02-13T13:10:50.545+0100] {dag.py:4180} INFO - Setting next_dagrun for example_dag_decorator to None, run_after=None
[2026-02-13T13:10:50.577+0100] {processor.py:208} INFO - Processing /home/gianotti/Documents/CryptoETL/.venv/lib/python3.12/site-packages/airflow/example_dags/example_dag_decorator.py took 0.295 seconds
[2026-02-13T13:11:54.285+0100] {processor.py:186} INFO - Started process (PID=36808) to work on /home/gianotti/Documents/CryptoETL/.venv/lib/python3.12/site-packages/airflow/example_dags/example_dag_decorator.py
[2026-02-13T13:11:54.288+0100] {processor.py:914} INFO - Processing file /home/gianotti/Documents/CryptoETL/.venv/lib/python3.12/site-packages/airflow/example_dags/example_dag_decorator.py for tasks to queue
[2026-02-13T13:11:54.290+0100] {logging_mixin.py:190} INFO - [2026-02-13T13:11:54.289+0100] {dagbag.py:588} INFO - Filling up the DagBag from /home/gianotti/Documents/CryptoETL/.venv/lib/python3.12/site-packages/airflow/example_dags/example_dag_decorator.py
[2026-02-13T13:11:54.354+0100] {processor.py:925} INFO - DAG(s) 'example_dag_decorator' retrieved from /home/gianotti/Documents/CryptoETL/.venv/lib/python3.12/site-packages/airflow/example_dags/example_dag_decorator.py
[2026-02-13T13:11:54.384+0100] {logging_mixin.py:190} INFO - [2026-02-13T13:11:54.383+0100] {dag.py:3239} INFO - Sync 1 DAGs
[2026-02-13T13:11:54.408+0100] {logging_mixin.py:190} INFO - [2026-02-13T13:11:54.408+0100] {dag.py:4180} INFO - Setting next_dagrun for example_dag_decorator to None, run_after=None
[2026-02-13T13:11:54.446+0100] {processor.py:208} INFO - Processing /home/gianotti/Documents/CryptoETL/.venv/lib/python3.12/site-packages/airflow/example_dags/example_dag_decorator.py took 0.170 seconds
[2026-02-13T13:12:57.368+0100] {processor.py:186} INFO - Started process (PID=36916) to work on /home/gianotti/Documents/CryptoETL/.venv/lib/python3.12/site-packages/airflow/example_dags/example_dag_decorator.py
[2026-02-13T13:12:57.370+0100] {processor.py:914} INFO - Processing file /home/gianotti/Documents/CryptoETL/.venv/lib/python3.12/site-packages/airflow/example_dags/example_dag_decorator.py for tasks to queue
[2026-02-13T13:12:57.372+0100] {logging_mixin.py:190} INFO - [2026-02-13T13:12:57.372+0100] {dagbag.py:588} INFO - Filling up the DagBag from /home/gianotti/Documents/CryptoETL/.venv/lib/python3.12/site-packages/airflow/example_dags/example_dag_decorator.py
[2026-02-13T13:12:57.434+0100] {processor.py:925} INFO - DAG(s) 'example_dag_decorator' retrieved from /home/gianotti/Documents/CryptoETL/.venv/lib/python3.12/site-packages/airflow/example_dags/example_dag_decorator.py
[2026-02-13T13:12:57.463+0100] {logging_mixin.py:190} INFO - [2026-02-13T13:12:57.462+0100] {dag.py:3239} INFO - Sync 1 DAGs
[2026-02-13T13:12:57.483+0100] {logging_mixin.py:190} INFO - [2026-02-13T13:12:57.483+0100] {dag.py:4180} INFO - Setting next_dagrun for example_dag_decorator to None, run_after=None
[2026-02-13T13:12:57.515+0100] {processor.py:208} INFO - Processing /home/gianotti/Documents/CryptoETL/.venv/lib/python3.12/site-packages/airflow/example_dags/example_dag_decorator.py took 0.157 seconds
[2026-02-13T13:14:00.835+0100] {processor.py:186} INFO - Started process (PID=37112) to work on /home/gianotti/Documents/CryptoETL/.venv/lib/python3.12/site-packages/airflow/example_dags/example_dag_decorator.py
[2026-02-13T13:14:00.838+0100] {processor.py:914} INFO - Processing file /home/gianotti/Documents/CryptoETL/.venv/lib/python3.12/site-packages/airflow/example_dags/example_dag_decorator.py for tasks to queue
[2026-02-13T13:14:00.840+0100] {logging_mixin.py:190} INFO - [2026-02-13T13:14:00.839+0100] {dagbag.py:588} INFO - Filling up the DagBag from /home/gianotti/Documents/CryptoETL/.venv/lib/python3.12/site-packages/airflow/example_dags/example_dag_decorator.py
[2026-02-13T13:14:00.908+0100] {processor.py:925} INFO - DAG(s) 'example_dag_decorator' retrieved from /home/gianotti/Documents/CryptoETL/.venv/lib/python3.12/site-packages/airflow/example_dags/example_dag_decorator.py
[2026-02-13T13:14:01.094+0100] {logging_mixin.py:190} INFO - [2026-02-13T13:14:01.093+0100] {dag.py:3239} INFO - Sync 1 DAGs
[2026-02-13T13:14:01.116+0100] {logging_mixin.py:190} INFO - [2026-02-13T13:14:01.115+0100] {dag.py:4180} INFO - Setting next_dagrun for example_dag_decorator to None, run_after=None
[2026-02-13T13:14:01.155+0100] {processor.py:208} INFO - Processing /home/gianotti/Documents/CryptoETL/.venv/lib/python3.12/site-packages/airflow/example_dags/example_dag_decorator.py took 0.328 seconds
[2026-02-13T13:15:07.130+0100] {processor.py:186} INFO - Started process (PID=37233) to work on /home/gianotti/Documents/CryptoETL/.venv/lib/python3.12/site-packages/airflow/example_dags/example_dag_decorator.py
[2026-02-13T13:15:07.133+0100] {processor.py:914} INFO - Processing file /home/gianotti/Documents/CryptoETL/.venv/lib/python3.12/site-packages/airflow/example_dags/example_dag_decorator.py for tasks to queue
[2026-02-13T13:15:07.135+0100] {logging_mixin.py:190} INFO - [2026-02-13T13:15:07.135+0100] {dagbag.py:588} INFO - Filling up the DagBag from /home/gianotti/Documents/CryptoETL/.venv/lib/python3.12/site-packages/airflow/example_dags/example_dag_decorator.py
[2026-02-13T13:15:07.198+0100] {processor.py:925} INFO - DAG(s) 'example_dag_decorator' retrieved from /home/gianotti/Documents/CryptoETL/.venv/lib/python3.12/site-packages/airflow/example_dags/example_dag_decorator.py
[2026-02-13T13:15:07.357+0100] {logging_mixin.py:190} INFO - [2026-02-13T13:15:07.357+0100] {dag.py:3239} INFO - Sync 1 DAGs
[2026-02-13T13:15:07.373+0100] {logging_mixin.py:190} INFO - [2026-02-13T13:15:07.373+0100] {dag.py:4180} INFO - Setting next_dagrun for example_dag_decorator to None, run_after=None
[2026-02-13T13:15:07.405+0100] {processor.py:208} INFO - Processing /home/gianotti/Documents/CryptoETL/.venv/lib/python3.12/site-packages/airflow/example_dags/example_dag_decorator.py took 0.285 seconds
[2026-02-13T13:16:13.765+0100] {processor.py:186} INFO - Started process (PID=37424) to work on /home/gianotti/Documents/CryptoETL/.venv/lib/python3.12/site-packages/airflow/example_dags/example_dag_decorator.py
[2026-02-13T13:16:13.768+0100] {processor.py:914} INFO - Processing file /home/gianotti/Documents/CryptoETL/.venv/lib/python3.12/site-packages/airflow/example_dags/example_dag_decorator.py for tasks to queue
[2026-02-13T13:16:13.769+0100] {logging_mixin.py:190} INFO - [2026-02-13T13:16:13.769+0100] {dagbag.py:588} INFO - Filling up the DagBag from /home/gianotti/Documents/CryptoETL/.venv/lib/python3.12/site-packages/airflow/example_dags/example_dag_decorator.py
[2026-02-13T13:16:13.828+0100] {processor.py:925} INFO - DAG(s) 'example_dag_decorator' retrieved from /home/gianotti/Documents/CryptoETL/.venv/lib/python3.12/site-packages/airflow/example_dags/example_dag_decorator.py
[2026-02-13T13:16:13.981+0100] {logging_mixin.py:190} INFO - [2026-02-13T13:16:13.981+0100] {dag.py:3239} INFO - Sync 1 DAGs
[2026-02-13T13:16:14.208+0100] {logging_mixin.py:190} INFO - [2026-02-13T13:16:14.208+0100] {dag.py:4180} INFO - Setting next_dagrun for example_dag_decorator to None, run_after=None
[2026-02-13T13:16:14.247+0100] {processor.py:208} INFO - Processing /home/gianotti/Documents/CryptoETL/.venv/lib/python3.12/site-packages/airflow/example_dags/example_dag_decorator.py took 0.491 seconds
[2026-02-13T13:17:19.002+0100] {processor.py:186} INFO - Started process (PID=37512) to work on /home/gianotti/Documents/CryptoETL/.venv/lib/python3.12/site-packages/airflow/example_dags/example_dag_decorator.py
[2026-02-13T13:17:19.005+0100] {processor.py:914} INFO - Processing file /home/gianotti/Documents/CryptoETL/.venv/lib/python3.12/site-packages/airflow/example_dags/example_dag_decorator.py for tasks to queue
[2026-02-13T13:17:19.007+0100] {logging_mixin.py:190} INFO - [2026-02-13T13:17:19.007+0100] {dagbag.py:588} INFO - Filling up the DagBag from /home/gianotti/Documents/CryptoETL/.venv/lib/python3.12/site-packages/airflow/example_dags/example_dag_decorator.py
[2026-02-13T13:17:19.071+0100] {processor.py:925} INFO - DAG(s) 'example_dag_decorator' retrieved from /home/gianotti/Documents/CryptoETL/.venv/lib/python3.12/site-packages/airflow/example_dags/example_dag_decorator.py
[2026-02-13T13:17:19.101+0100] {logging_mixin.py:190} INFO - [2026-02-13T13:17:19.101+0100] {dag.py:3239} INFO - Sync 1 DAGs
[2026-02-13T13:17:19.121+0100] {logging_mixin.py:190} INFO - [2026-02-13T13:17:19.121+0100] {dag.py:4180} INFO - Setting next_dagrun for example_dag_decorator to None, run_after=None
[2026-02-13T13:17:19.152+0100] {processor.py:208} INFO - Processing /home/gianotti/Documents/CryptoETL/.venv/lib/python3.12/site-packages/airflow/example_dags/example_dag_decorator.py took 0.159 seconds
[2026-02-13T13:18:25.688+0100] {processor.py:186} INFO - Started process (PID=37645) to work on /home/gianotti/Documents/CryptoETL/.venv/lib/python3.12/site-packages/airflow/example_dags/example_dag_decorator.py
[2026-02-13T13:18:25.690+0100] {processor.py:914} INFO - Processing file /home/gianotti/Documents/CryptoETL/.venv/lib/python3.12/site-packages/airflow/example_dags/example_dag_decorator.py for tasks to queue
[2026-02-13T13:18:25.692+0100] {logging_mixin.py:190} INFO - [2026-02-13T13:18:25.692+0100] {dagbag.py:588} INFO - Filling up the DagBag from /home/gianotti/Documents/CryptoETL/.venv/lib/python3.12/site-packages/airflow/example_dags/example_dag_decorator.py
[2026-02-13T13:18:25.766+0100] {processor.py:925} INFO - DAG(s) 'example_dag_decorator' retrieved from /home/gianotti/Documents/CryptoETL/.venv/lib/python3.12/site-packages/airflow/example_dags/example_dag_decorator.py
[2026-02-13T13:18:25.938+0100] {logging_mixin.py:190} INFO - [2026-02-13T13:18:25.937+0100] {dag.py:3239} INFO - Sync 1 DAGs
[2026-02-13T13:18:25.956+0100] {logging_mixin.py:190} INFO - [2026-02-13T13:18:25.955+0100] {dag.py:4180} INFO - Setting next_dagrun for example_dag_decorator to None, run_after=None
[2026-02-13T13:18:25.988+0100] {processor.py:208} INFO - Processing /home/gianotti/Documents/CryptoETL/.venv/lib/python3.12/site-packages/airflow/example_dags/example_dag_decorator.py took 0.310 seconds
[2026-02-13T13:19:29.093+0100] {processor.py:186} INFO - Started process (PID=37728) to work on /home/gianotti/Documents/CryptoETL/.venv/lib/python3.12/site-packages/airflow/example_dags/example_dag_decorator.py
[2026-02-13T13:19:29.096+0100] {processor.py:914} INFO - Processing file /home/gianotti/Documents/CryptoETL/.venv/lib/python3.12/site-packages/airflow/example_dags/example_dag_decorator.py for tasks to queue
[2026-02-13T13:19:29.098+0100] {logging_mixin.py:190} INFO - [2026-02-13T13:19:29.097+0100] {dagbag.py:588} INFO - Filling up the DagBag from /home/gianotti/Documents/CryptoETL/.venv/lib/python3.12/site-packages/airflow/example_dags/example_dag_decorator.py
[2026-02-13T13:19:29.164+0100] {processor.py:925} INFO - DAG(s) 'example_dag_decorator' retrieved from /home/gianotti/Documents/CryptoETL/.venv/lib/python3.12/site-packages/airflow/example_dags/example_dag_decorator.py
[2026-02-13T13:19:29.542+0100] {logging_mixin.py:190} INFO - [2026-02-13T13:19:29.541+0100] {dag.py:3239} INFO - Sync 1 DAGs
[2026-02-13T13:19:29.559+0100] {logging_mixin.py:190} INFO - [2026-02-13T13:19:29.558+0100] {dag.py:4180} INFO - Setting next_dagrun for example_dag_decorator to None, run_after=None
[2026-02-13T13:19:29.589+0100] {processor.py:208} INFO - Processing /home/gianotti/Documents/CryptoETL/.venv/lib/python3.12/site-packages/airflow/example_dags/example_dag_decorator.py took 0.506 seconds
[2026-02-13T13:20:36.929+0100] {processor.py:186} INFO - Started process (PID=37831) to work on /home/gianotti/Documents/CryptoETL/.venv/lib/python3.12/site-packages/airflow/example_dags/example_dag_decorator.py
[2026-02-13T13:20:36.932+0100] {processor.py:914} INFO - Processing file /home/gianotti/Documents/CryptoETL/.venv/lib/python3.12/site-packages/airflow/example_dags/example_dag_decorator.py for tasks to queue
[2026-02-13T13:20:36.934+0100] {logging_mixin.py:190} INFO - [2026-02-13T13:20:36.933+0100] {dagbag.py:588} INFO - Filling up the DagBag from /home/gianotti/Documents/CryptoETL/.venv/lib/python3.12/site-packages/airflow/example_dags/example_dag_decorator.py
[2026-02-13T13:20:36.998+0100] {processor.py:925} INFO - DAG(s) 'example_dag_decorator' retrieved from /home/gianotti/Documents/CryptoETL/.venv/lib/python3.12/site-packages/airflow/example_dags/example_dag_decorator.py
[2026-02-13T13:20:37.155+0100] {logging_mixin.py:190} INFO - [2026-02-13T13:20:37.154+0100] {dag.py:3239} INFO - Sync 1 DAGs
[2026-02-13T13:20:37.388+0100] {logging_mixin.py:190} INFO - [2026-02-13T13:20:37.388+0100] {dag.py:4180} INFO - Setting next_dagrun for example_dag_decorator to None, run_after=None
[2026-02-13T13:20:37.422+0100] {processor.py:208} INFO - Processing /home/gianotti/Documents/CryptoETL/.venv/lib/python3.12/site-packages/airflow/example_dags/example_dag_decorator.py took 0.502 seconds
[2026-02-13T13:21:40.802+0100] {processor.py:186} INFO - Started process (PID=37928) to work on /home/gianotti/Documents/CryptoETL/.venv/lib/python3.12/site-packages/airflow/example_dags/example_dag_decorator.py
[2026-02-13T13:21:40.805+0100] {processor.py:914} INFO - Processing file /home/gianotti/Documents/CryptoETL/.venv/lib/python3.12/site-packages/airflow/example_dags/example_dag_decorator.py for tasks to queue
[2026-02-13T13:21:40.807+0100] {logging_mixin.py:190} INFO - [2026-02-13T13:21:40.806+0100] {dagbag.py:588} INFO - Filling up the DagBag from /home/gianotti/Documents/CryptoETL/.venv/lib/python3.12/site-packages/airflow/example_dags/example_dag_decorator.py
[2026-02-13T13:21:40.871+0100] {processor.py:925} INFO - DAG(s) 'example_dag_decorator' retrieved from /home/gianotti/Documents/CryptoETL/.venv/lib/python3.12/site-packages/airflow/example_dags/example_dag_decorator.py
[2026-02-13T13:21:41.041+0100] {logging_mixin.py:190} INFO - [2026-02-13T13:21:41.041+0100] {dag.py:3239} INFO - Sync 1 DAGs
[2026-02-13T13:21:41.065+0100] {logging_mixin.py:190} INFO - [2026-02-13T13:21:41.064+0100] {dag.py:4180} INFO - Setting next_dagrun for example_dag_decorator to None, run_after=None
[2026-02-13T13:21:41.321+0100] {processor.py:208} INFO - Processing /home/gianotti/Documents/CryptoETL/.venv/lib/python3.12/site-packages/airflow/example_dags/example_dag_decorator.py took 0.530 seconds
