[2026-02-13T12:55:59.237+0100] {processor.py:186} INFO - Started process (PID=34995) to work on /home/gianotti/Documents/CryptoETL/.venv/lib/python3.12/site-packages/airflow/example_dags/example_bash_decorator.py
[2026-02-13T12:55:59.239+0100] {processor.py:914} INFO - Processing file /home/gianotti/Documents/CryptoETL/.venv/lib/python3.12/site-packages/airflow/example_dags/example_bash_decorator.py for tasks to queue
[2026-02-13T12:55:59.243+0100] {logging_mixin.py:190} INFO - [2026-02-13T12:55:59.242+0100] {dagbag.py:588} INFO - Filling up the DagBag from /home/gianotti/Documents/CryptoETL/.venv/lib/python3.12/site-packages/airflow/example_dags/example_bash_decorator.py
[2026-02-13T12:55:59.272+0100] {processor.py:925} INFO - DAG(s) 'example_bash_decorator' retrieved from /home/gianotti/Documents/CryptoETL/.venv/lib/python3.12/site-packages/airflow/example_dags/example_bash_decorator.py
[2026-02-13T12:55:59.370+0100] {logging_mixin.py:190} INFO - [2026-02-13T12:55:59.370+0100] {override.py:1930} INFO - Created Permission View: can edit on DAG:example_bash_decorator
[2026-02-13T12:55:59.381+0100] {logging_mixin.py:190} INFO - [2026-02-13T12:55:59.381+0100] {override.py:1930} INFO - Created Permission View: can read on DAG:example_bash_decorator
[2026-02-13T12:55:59.389+0100] {logging_mixin.py:190} INFO - [2026-02-13T12:55:59.389+0100] {override.py:1930} INFO - Created Permission View: can delete on DAG:example_bash_decorator
[2026-02-13T12:55:59.403+0100] {logging_mixin.py:190} INFO - [2026-02-13T12:55:59.402+0100] {override.py:1930} INFO - Created Permission View: can create on DAG Run:example_bash_decorator
[2026-02-13T12:55:59.412+0100] {logging_mixin.py:190} INFO - [2026-02-13T12:55:59.412+0100] {override.py:1930} INFO - Created Permission View: can read on DAG Run:example_bash_decorator
[2026-02-13T12:55:59.423+0100] {logging_mixin.py:190} INFO - [2026-02-13T12:55:59.422+0100] {override.py:1930} INFO - Created Permission View: can delete on DAG Run:example_bash_decorator
[2026-02-13T12:55:59.433+0100] {logging_mixin.py:190} INFO - [2026-02-13T12:55:59.432+0100] {override.py:1930} INFO - Created Permission View: menu access on DAG Run:example_bash_decorator
[2026-02-13T12:55:59.433+0100] {logging_mixin.py:190} INFO - [2026-02-13T12:55:59.433+0100] {dag.py:3239} INFO - Sync 1 DAGs
[2026-02-13T12:55:59.446+0100] {logging_mixin.py:190} INFO - [2026-02-13T12:55:59.446+0100] {dag.py:3262} INFO - Creating ORM DAG for example_bash_decorator
[2026-02-13T12:55:59.447+0100] {logging_mixin.py:190} INFO - [2026-02-13T12:55:59.447+0100] {dag.py:4180} INFO - Setting next_dagrun for example_bash_decorator to None, run_after=None
[2026-02-13T12:55:59.475+0100] {processor.py:208} INFO - Processing /home/gianotti/Documents/CryptoETL/.venv/lib/python3.12/site-packages/airflow/example_dags/example_bash_decorator.py took 0.249 seconds
[2026-02-13T12:57:00.739+0100] {processor.py:186} INFO - Started process (PID=35121) to work on /home/gianotti/Documents/CryptoETL/.venv/lib/python3.12/site-packages/airflow/example_dags/example_bash_decorator.py
[2026-02-13T12:57:00.742+0100] {processor.py:914} INFO - Processing file /home/gianotti/Documents/CryptoETL/.venv/lib/python3.12/site-packages/airflow/example_dags/example_bash_decorator.py for tasks to queue
[2026-02-13T12:57:00.745+0100] {logging_mixin.py:190} INFO - [2026-02-13T12:57:00.745+0100] {dagbag.py:588} INFO - Filling up the DagBag from /home/gianotti/Documents/CryptoETL/.venv/lib/python3.12/site-packages/airflow/example_dags/example_bash_decorator.py
[2026-02-13T12:57:00.771+0100] {processor.py:925} INFO - DAG(s) 'example_bash_decorator' retrieved from /home/gianotti/Documents/CryptoETL/.venv/lib/python3.12/site-packages/airflow/example_dags/example_bash_decorator.py
[2026-02-13T12:57:00.795+0100] {logging_mixin.py:190} INFO - [2026-02-13T12:57:00.795+0100] {dag.py:3239} INFO - Sync 1 DAGs
[2026-02-13T12:57:00.805+0100] {logging_mixin.py:190} INFO - [2026-02-13T12:57:00.805+0100] {dag.py:4180} INFO - Setting next_dagrun for example_bash_decorator to None, run_after=None
[2026-02-13T12:57:00.823+0100] {processor.py:208} INFO - Processing /home/gianotti/Documents/CryptoETL/.venv/lib/python3.12/site-packages/airflow/example_dags/example_bash_decorator.py took 0.093 seconds
[2026-02-13T12:57:58.413+0100] {processor.py:186} INFO - Started process (PID=35235) to work on /home/gianotti/Documents/CryptoETL/.venv/lib/python3.12/site-packages/airflow/example_dags/example_bash_decorator.py
[2026-02-13T12:57:58.416+0100] {processor.py:914} INFO - Processing file /home/gianotti/Documents/CryptoETL/.venv/lib/python3.12/site-packages/airflow/example_dags/example_bash_decorator.py for tasks to queue
[2026-02-13T12:57:58.419+0100] {logging_mixin.py:190} INFO - [2026-02-13T12:57:58.418+0100] {dagbag.py:588} INFO - Filling up the DagBag from /home/gianotti/Documents/CryptoETL/.venv/lib/python3.12/site-packages/airflow/example_dags/example_bash_decorator.py
[2026-02-13T12:57:58.446+0100] {processor.py:925} INFO - DAG(s) 'example_bash_decorator' retrieved from /home/gianotti/Documents/CryptoETL/.venv/lib/python3.12/site-packages/airflow/example_dags/example_bash_decorator.py
[2026-02-13T12:57:58.476+0100] {logging_mixin.py:190} INFO - [2026-02-13T12:57:58.475+0100] {dag.py:3239} INFO - Sync 1 DAGs
[2026-02-13T12:57:58.495+0100] {logging_mixin.py:190} INFO - [2026-02-13T12:57:58.495+0100] {dag.py:4180} INFO - Setting next_dagrun for example_bash_decorator to None, run_after=None
[2026-02-13T12:57:58.520+0100] {processor.py:208} INFO - Processing /home/gianotti/Documents/CryptoETL/.venv/lib/python3.12/site-packages/airflow/example_dags/example_bash_decorator.py took 0.117 seconds
[2026-02-13T12:58:55.768+0100] {processor.py:186} INFO - Started process (PID=35383) to work on /home/gianotti/Documents/CryptoETL/.venv/lib/python3.12/site-packages/airflow/example_dags/example_bash_decorator.py
[2026-02-13T12:58:55.770+0100] {processor.py:914} INFO - Processing file /home/gianotti/Documents/CryptoETL/.venv/lib/python3.12/site-packages/airflow/example_dags/example_bash_decorator.py for tasks to queue
[2026-02-13T12:58:55.774+0100] {logging_mixin.py:190} INFO - [2026-02-13T12:58:55.773+0100] {dagbag.py:588} INFO - Filling up the DagBag from /home/gianotti/Documents/CryptoETL/.venv/lib/python3.12/site-packages/airflow/example_dags/example_bash_decorator.py
[2026-02-13T12:58:55.799+0100] {processor.py:925} INFO - DAG(s) 'example_bash_decorator' retrieved from /home/gianotti/Documents/CryptoETL/.venv/lib/python3.12/site-packages/airflow/example_dags/example_bash_decorator.py
[2026-02-13T12:58:55.828+0100] {logging_mixin.py:190} INFO - [2026-02-13T12:58:55.827+0100] {dag.py:3239} INFO - Sync 1 DAGs
[2026-02-13T12:58:55.847+0100] {logging_mixin.py:190} INFO - [2026-02-13T12:58:55.847+0100] {dag.py:4180} INFO - Setting next_dagrun for example_bash_decorator to None, run_after=None
[2026-02-13T12:58:55.871+0100] {processor.py:208} INFO - Processing /home/gianotti/Documents/CryptoETL/.venv/lib/python3.12/site-packages/airflow/example_dags/example_bash_decorator.py took 0.113 seconds
[2026-02-13T13:00:17.386+0100] {processor.py:186} INFO - Started process (PID=35540) to work on /home/gianotti/Documents/CryptoETL/.venv/lib/python3.12/site-packages/airflow/example_dags/example_bash_decorator.py
[2026-02-13T13:00:17.389+0100] {processor.py:914} INFO - Processing file /home/gianotti/Documents/CryptoETL/.venv/lib/python3.12/site-packages/airflow/example_dags/example_bash_decorator.py for tasks to queue
[2026-02-13T13:00:17.391+0100] {logging_mixin.py:190} INFO - [2026-02-13T13:00:17.390+0100] {dagbag.py:588} INFO - Filling up the DagBag from /home/gianotti/Documents/CryptoETL/.venv/lib/python3.12/site-packages/airflow/example_dags/example_bash_decorator.py
[2026-02-13T13:00:17.417+0100] {processor.py:925} INFO - DAG(s) 'example_bash_decorator' retrieved from /home/gianotti/Documents/CryptoETL/.venv/lib/python3.12/site-packages/airflow/example_dags/example_bash_decorator.py
[2026-02-13T13:00:17.434+0100] {logging_mixin.py:190} INFO - [2026-02-13T13:00:17.434+0100] {dag.py:3239} INFO - Sync 1 DAGs
[2026-02-13T13:00:17.445+0100] {logging_mixin.py:190} INFO - [2026-02-13T13:00:17.445+0100] {dag.py:4180} INFO - Setting next_dagrun for example_bash_decorator to None, run_after=None
[2026-02-13T13:00:17.463+0100] {processor.py:208} INFO - Processing /home/gianotti/Documents/CryptoETL/.venv/lib/python3.12/site-packages/airflow/example_dags/example_bash_decorator.py took 0.087 seconds
[2026-02-13T13:01:15.811+0100] {processor.py:186} INFO - Started process (PID=35656) to work on /home/gianotti/Documents/CryptoETL/.venv/lib/python3.12/site-packages/airflow/example_dags/example_bash_decorator.py
[2026-02-13T13:01:15.814+0100] {processor.py:914} INFO - Processing file /home/gianotti/Documents/CryptoETL/.venv/lib/python3.12/site-packages/airflow/example_dags/example_bash_decorator.py for tasks to queue
[2026-02-13T13:01:15.816+0100] {logging_mixin.py:190} INFO - [2026-02-13T13:01:15.815+0100] {dagbag.py:588} INFO - Filling up the DagBag from /home/gianotti/Documents/CryptoETL/.venv/lib/python3.12/site-packages/airflow/example_dags/example_bash_decorator.py
[2026-02-13T13:01:15.840+0100] {processor.py:925} INFO - DAG(s) 'example_bash_decorator' retrieved from /home/gianotti/Documents/CryptoETL/.venv/lib/python3.12/site-packages/airflow/example_dags/example_bash_decorator.py
[2026-02-13T13:01:15.863+0100] {logging_mixin.py:190} INFO - [2026-02-13T13:01:15.863+0100] {dag.py:3239} INFO - Sync 1 DAGs
[2026-02-13T13:01:15.873+0100] {logging_mixin.py:190} INFO - [2026-02-13T13:01:15.873+0100] {dag.py:4180} INFO - Setting next_dagrun for example_bash_decorator to None, run_after=None
[2026-02-13T13:01:15.891+0100] {processor.py:208} INFO - Processing /home/gianotti/Documents/CryptoETL/.venv/lib/python3.12/site-packages/airflow/example_dags/example_bash_decorator.py took 0.089 seconds
[2026-02-13T13:02:16.512+0100] {processor.py:186} INFO - Started process (PID=35784) to work on /home/gianotti/Documents/CryptoETL/.venv/lib/python3.12/site-packages/airflow/example_dags/example_bash_decorator.py
[2026-02-13T13:02:16.515+0100] {processor.py:914} INFO - Processing file /home/gianotti/Documents/CryptoETL/.venv/lib/python3.12/site-packages/airflow/example_dags/example_bash_decorator.py for tasks to queue
[2026-02-13T13:02:16.516+0100] {logging_mixin.py:190} INFO - [2026-02-13T13:02:16.516+0100] {dagbag.py:588} INFO - Filling up the DagBag from /home/gianotti/Documents/CryptoETL/.venv/lib/python3.12/site-packages/airflow/example_dags/example_bash_decorator.py
[2026-02-13T13:02:16.541+0100] {processor.py:925} INFO - DAG(s) 'example_bash_decorator' retrieved from /home/gianotti/Documents/CryptoETL/.venv/lib/python3.12/site-packages/airflow/example_dags/example_bash_decorator.py
[2026-02-13T13:02:16.573+0100] {logging_mixin.py:190} INFO - [2026-02-13T13:02:16.573+0100] {dag.py:3239} INFO - Sync 1 DAGs
[2026-02-13T13:02:16.596+0100] {logging_mixin.py:190} INFO - [2026-02-13T13:02:16.596+0100] {dag.py:4180} INFO - Setting next_dagrun for example_bash_decorator to None, run_after=None
[2026-02-13T13:02:16.620+0100] {processor.py:208} INFO - Processing /home/gianotti/Documents/CryptoETL/.venv/lib/python3.12/site-packages/airflow/example_dags/example_bash_decorator.py took 0.117 seconds
[2026-02-13T13:03:40.384+0100] {processor.py:186} INFO - Started process (PID=35958) to work on /home/gianotti/Documents/CryptoETL/.venv/lib/python3.12/site-packages/airflow/example_dags/example_bash_decorator.py
[2026-02-13T13:03:40.387+0100] {processor.py:914} INFO - Processing file /home/gianotti/Documents/CryptoETL/.venv/lib/python3.12/site-packages/airflow/example_dags/example_bash_decorator.py for tasks to queue
[2026-02-13T13:03:40.388+0100] {logging_mixin.py:190} INFO - [2026-02-13T13:03:40.388+0100] {dagbag.py:588} INFO - Filling up the DagBag from /home/gianotti/Documents/CryptoETL/.venv/lib/python3.12/site-packages/airflow/example_dags/example_bash_decorator.py
[2026-02-13T13:03:40.412+0100] {processor.py:925} INFO - DAG(s) 'example_bash_decorator' retrieved from /home/gianotti/Documents/CryptoETL/.venv/lib/python3.12/site-packages/airflow/example_dags/example_bash_decorator.py
[2026-02-13T13:03:40.439+0100] {logging_mixin.py:190} INFO - [2026-02-13T13:03:40.439+0100] {dag.py:3239} INFO - Sync 1 DAGs
[2026-02-13T13:03:40.458+0100] {logging_mixin.py:190} INFO - [2026-02-13T13:03:40.458+0100] {dag.py:4180} INFO - Setting next_dagrun for example_bash_decorator to None, run_after=None
[2026-02-13T13:03:40.488+0100] {processor.py:208} INFO - Processing /home/gianotti/Documents/CryptoETL/.venv/lib/python3.12/site-packages/airflow/example_dags/example_bash_decorator.py took 0.112 seconds
[2026-02-13T13:04:42.632+0100] {processor.py:186} INFO - Started process (PID=36090) to work on /home/gianotti/Documents/CryptoETL/.venv/lib/python3.12/site-packages/airflow/example_dags/example_bash_decorator.py
[2026-02-13T13:04:42.633+0100] {processor.py:914} INFO - Processing file /home/gianotti/Documents/CryptoETL/.venv/lib/python3.12/site-packages/airflow/example_dags/example_bash_decorator.py for tasks to queue
[2026-02-13T13:04:42.635+0100] {logging_mixin.py:190} INFO - [2026-02-13T13:04:42.635+0100] {dagbag.py:588} INFO - Filling up the DagBag from /home/gianotti/Documents/CryptoETL/.venv/lib/python3.12/site-packages/airflow/example_dags/example_bash_decorator.py
[2026-02-13T13:04:42.661+0100] {processor.py:925} INFO - DAG(s) 'example_bash_decorator' retrieved from /home/gianotti/Documents/CryptoETL/.venv/lib/python3.12/site-packages/airflow/example_dags/example_bash_decorator.py
[2026-02-13T13:04:42.691+0100] {logging_mixin.py:190} INFO - [2026-02-13T13:04:42.691+0100] {dag.py:3239} INFO - Sync 1 DAGs
[2026-02-13T13:04:42.712+0100] {logging_mixin.py:190} INFO - [2026-02-13T13:04:42.711+0100] {dag.py:4180} INFO - Setting next_dagrun for example_bash_decorator to None, run_after=None
[2026-02-13T13:04:42.744+0100] {processor.py:208} INFO - Processing /home/gianotti/Documents/CryptoETL/.venv/lib/python3.12/site-packages/airflow/example_dags/example_bash_decorator.py took 0.121 seconds
[2026-02-13T13:05:46.286+0100] {processor.py:186} INFO - Started process (PID=36201) to work on /home/gianotti/Documents/CryptoETL/.venv/lib/python3.12/site-packages/airflow/example_dags/example_bash_decorator.py
[2026-02-13T13:05:46.289+0100] {processor.py:914} INFO - Processing file /home/gianotti/Documents/CryptoETL/.venv/lib/python3.12/site-packages/airflow/example_dags/example_bash_decorator.py for tasks to queue
[2026-02-13T13:05:46.291+0100] {logging_mixin.py:190} INFO - [2026-02-13T13:05:46.290+0100] {dagbag.py:588} INFO - Filling up the DagBag from /home/gianotti/Documents/CryptoETL/.venv/lib/python3.12/site-packages/airflow/example_dags/example_bash_decorator.py
[2026-02-13T13:05:46.316+0100] {processor.py:925} INFO - DAG(s) 'example_bash_decorator' retrieved from /home/gianotti/Documents/CryptoETL/.venv/lib/python3.12/site-packages/airflow/example_dags/example_bash_decorator.py
[2026-02-13T13:05:46.345+0100] {logging_mixin.py:190} INFO - [2026-02-13T13:05:46.345+0100] {dag.py:3239} INFO - Sync 1 DAGs
[2026-02-13T13:05:46.365+0100] {logging_mixin.py:190} INFO - [2026-02-13T13:05:46.365+0100] {dag.py:4180} INFO - Setting next_dagrun for example_bash_decorator to None, run_after=None
[2026-02-13T13:05:46.396+0100] {processor.py:208} INFO - Processing /home/gianotti/Documents/CryptoETL/.venv/lib/python3.12/site-packages/airflow/example_dags/example_bash_decorator.py took 0.120 seconds
[2026-02-13T13:06:53.217+0100] {processor.py:186} INFO - Started process (PID=36298) to work on /home/gianotti/Documents/CryptoETL/.venv/lib/python3.12/site-packages/airflow/example_dags/example_bash_decorator.py
[2026-02-13T13:06:53.220+0100] {processor.py:914} INFO - Processing file /home/gianotti/Documents/CryptoETL/.venv/lib/python3.12/site-packages/airflow/example_dags/example_bash_decorator.py for tasks to queue
[2026-02-13T13:06:53.221+0100] {logging_mixin.py:190} INFO - [2026-02-13T13:06:53.221+0100] {dagbag.py:588} INFO - Filling up the DagBag from /home/gianotti/Documents/CryptoETL/.venv/lib/python3.12/site-packages/airflow/example_dags/example_bash_decorator.py
[2026-02-13T13:06:53.247+0100] {processor.py:925} INFO - DAG(s) 'example_bash_decorator' retrieved from /home/gianotti/Documents/CryptoETL/.venv/lib/python3.12/site-packages/airflow/example_dags/example_bash_decorator.py
[2026-02-13T13:06:53.277+0100] {logging_mixin.py:190} INFO - [2026-02-13T13:06:53.276+0100] {dag.py:3239} INFO - Sync 1 DAGs
[2026-02-13T13:06:53.299+0100] {logging_mixin.py:190} INFO - [2026-02-13T13:06:53.298+0100] {dag.py:4180} INFO - Setting next_dagrun for example_bash_decorator to None, run_after=None
[2026-02-13T13:06:53.331+0100] {processor.py:208} INFO - Processing /home/gianotti/Documents/CryptoETL/.venv/lib/python3.12/site-packages/airflow/example_dags/example_bash_decorator.py took 0.124 seconds
[2026-02-13T13:08:02.173+0100] {processor.py:186} INFO - Started process (PID=36396) to work on /home/gianotti/Documents/CryptoETL/.venv/lib/python3.12/site-packages/airflow/example_dags/example_bash_decorator.py
[2026-02-13T13:08:02.176+0100] {processor.py:914} INFO - Processing file /home/gianotti/Documents/CryptoETL/.venv/lib/python3.12/site-packages/airflow/example_dags/example_bash_decorator.py for tasks to queue
[2026-02-13T13:08:02.178+0100] {logging_mixin.py:190} INFO - [2026-02-13T13:08:02.177+0100] {dagbag.py:588} INFO - Filling up the DagBag from /home/gianotti/Documents/CryptoETL/.venv/lib/python3.12/site-packages/airflow/example_dags/example_bash_decorator.py
[2026-02-13T13:08:02.206+0100] {processor.py:925} INFO - DAG(s) 'example_bash_decorator' retrieved from /home/gianotti/Documents/CryptoETL/.venv/lib/python3.12/site-packages/airflow/example_dags/example_bash_decorator.py
[2026-02-13T13:08:02.236+0100] {logging_mixin.py:190} INFO - [2026-02-13T13:08:02.235+0100] {dag.py:3239} INFO - Sync 1 DAGs
[2026-02-13T13:08:02.258+0100] {logging_mixin.py:190} INFO - [2026-02-13T13:08:02.257+0100] {dag.py:4180} INFO - Setting next_dagrun for example_bash_decorator to None, run_after=None
[2026-02-13T13:08:02.294+0100] {processor.py:208} INFO - Processing /home/gianotti/Documents/CryptoETL/.venv/lib/python3.12/site-packages/airflow/example_dags/example_bash_decorator.py took 0.131 seconds
[2026-02-13T13:09:07.918+0100] {processor.py:186} INFO - Started process (PID=36521) to work on /home/gianotti/Documents/CryptoETL/.venv/lib/python3.12/site-packages/airflow/example_dags/example_bash_decorator.py
[2026-02-13T13:09:07.921+0100] {processor.py:914} INFO - Processing file /home/gianotti/Documents/CryptoETL/.venv/lib/python3.12/site-packages/airflow/example_dags/example_bash_decorator.py for tasks to queue
[2026-02-13T13:09:07.923+0100] {logging_mixin.py:190} INFO - [2026-02-13T13:09:07.923+0100] {dagbag.py:588} INFO - Filling up the DagBag from /home/gianotti/Documents/CryptoETL/.venv/lib/python3.12/site-packages/airflow/example_dags/example_bash_decorator.py
[2026-02-13T13:09:07.952+0100] {processor.py:925} INFO - DAG(s) 'example_bash_decorator' retrieved from /home/gianotti/Documents/CryptoETL/.venv/lib/python3.12/site-packages/airflow/example_dags/example_bash_decorator.py
[2026-02-13T13:09:07.983+0100] {logging_mixin.py:190} INFO - [2026-02-13T13:09:07.982+0100] {dag.py:3239} INFO - Sync 1 DAGs
[2026-02-13T13:09:08.005+0100] {logging_mixin.py:190} INFO - [2026-02-13T13:09:08.004+0100] {dag.py:4180} INFO - Setting next_dagrun for example_bash_decorator to None, run_after=None
[2026-02-13T13:09:08.039+0100] {processor.py:208} INFO - Processing /home/gianotti/Documents/CryptoETL/.venv/lib/python3.12/site-packages/airflow/example_dags/example_bash_decorator.py took 0.131 seconds
[2026-02-13T13:10:19.108+0100] {processor.py:186} INFO - Started process (PID=36654) to work on /home/gianotti/Documents/CryptoETL/.venv/lib/python3.12/site-packages/airflow/example_dags/example_bash_decorator.py
[2026-02-13T13:10:19.111+0100] {processor.py:914} INFO - Processing file /home/gianotti/Documents/CryptoETL/.venv/lib/python3.12/site-packages/airflow/example_dags/example_bash_decorator.py for tasks to queue
[2026-02-13T13:10:19.113+0100] {logging_mixin.py:190} INFO - [2026-02-13T13:10:19.112+0100] {dagbag.py:588} INFO - Filling up the DagBag from /home/gianotti/Documents/CryptoETL/.venv/lib/python3.12/site-packages/airflow/example_dags/example_bash_decorator.py
[2026-02-13T13:10:19.142+0100] {processor.py:925} INFO - DAG(s) 'example_bash_decorator' retrieved from /home/gianotti/Documents/CryptoETL/.venv/lib/python3.12/site-packages/airflow/example_dags/example_bash_decorator.py
[2026-02-13T13:10:19.174+0100] {logging_mixin.py:190} INFO - [2026-02-13T13:10:19.173+0100] {dag.py:3239} INFO - Sync 1 DAGs
[2026-02-13T13:10:19.197+0100] {logging_mixin.py:190} INFO - [2026-02-13T13:10:19.196+0100] {dag.py:4180} INFO - Setting next_dagrun for example_bash_decorator to None, run_after=None
[2026-02-13T13:10:19.234+0100] {processor.py:208} INFO - Processing /home/gianotti/Documents/CryptoETL/.venv/lib/python3.12/site-packages/airflow/example_dags/example_bash_decorator.py took 0.135 seconds
[2026-02-13T13:11:23.584+0100] {processor.py:186} INFO - Started process (PID=36756) to work on /home/gianotti/Documents/CryptoETL/.venv/lib/python3.12/site-packages/airflow/example_dags/example_bash_decorator.py
[2026-02-13T13:11:23.586+0100] {processor.py:914} INFO - Processing file /home/gianotti/Documents/CryptoETL/.venv/lib/python3.12/site-packages/airflow/example_dags/example_bash_decorator.py for tasks to queue
[2026-02-13T13:11:23.588+0100] {logging_mixin.py:190} INFO - [2026-02-13T13:11:23.588+0100] {dagbag.py:588} INFO - Filling up the DagBag from /home/gianotti/Documents/CryptoETL/.venv/lib/python3.12/site-packages/airflow/example_dags/example_bash_decorator.py
[2026-02-13T13:11:23.615+0100] {processor.py:925} INFO - DAG(s) 'example_bash_decorator' retrieved from /home/gianotti/Documents/CryptoETL/.venv/lib/python3.12/site-packages/airflow/example_dags/example_bash_decorator.py
[2026-02-13T13:11:23.645+0100] {logging_mixin.py:190} INFO - [2026-02-13T13:11:23.645+0100] {dag.py:3239} INFO - Sync 1 DAGs
[2026-02-13T13:11:23.664+0100] {logging_mixin.py:190} INFO - [2026-02-13T13:11:23.664+0100] {dag.py:4180} INFO - Setting next_dagrun for example_bash_decorator to None, run_after=None
[2026-02-13T13:11:23.694+0100] {processor.py:208} INFO - Processing /home/gianotti/Documents/CryptoETL/.venv/lib/python3.12/site-packages/airflow/example_dags/example_bash_decorator.py took 0.120 seconds
[2026-02-13T13:12:30.834+0100] {processor.py:186} INFO - Started process (PID=36882) to work on /home/gianotti/Documents/CryptoETL/.venv/lib/python3.12/site-packages/airflow/example_dags/example_bash_decorator.py
[2026-02-13T13:12:30.837+0100] {processor.py:914} INFO - Processing file /home/gianotti/Documents/CryptoETL/.venv/lib/python3.12/site-packages/airflow/example_dags/example_bash_decorator.py for tasks to queue
[2026-02-13T13:12:30.838+0100] {logging_mixin.py:190} INFO - [2026-02-13T13:12:30.838+0100] {dagbag.py:588} INFO - Filling up the DagBag from /home/gianotti/Documents/CryptoETL/.venv/lib/python3.12/site-packages/airflow/example_dags/example_bash_decorator.py
[2026-02-13T13:12:30.864+0100] {processor.py:925} INFO - DAG(s) 'example_bash_decorator' retrieved from /home/gianotti/Documents/CryptoETL/.venv/lib/python3.12/site-packages/airflow/example_dags/example_bash_decorator.py
[2026-02-13T13:12:30.895+0100] {logging_mixin.py:190} INFO - [2026-02-13T13:12:30.894+0100] {dag.py:3239} INFO - Sync 1 DAGs
[2026-02-13T13:12:30.918+0100] {logging_mixin.py:190} INFO - [2026-02-13T13:12:30.917+0100] {dag.py:4180} INFO - Setting next_dagrun for example_bash_decorator to None, run_after=None
[2026-02-13T13:12:30.948+0100] {processor.py:208} INFO - Processing /home/gianotti/Documents/CryptoETL/.venv/lib/python3.12/site-packages/airflow/example_dags/example_bash_decorator.py took 0.123 seconds
[2026-02-13T13:13:33.427+0100] {processor.py:186} INFO - Started process (PID=37018) to work on /home/gianotti/Documents/CryptoETL/.venv/lib/python3.12/site-packages/airflow/example_dags/example_bash_decorator.py
[2026-02-13T13:13:33.430+0100] {processor.py:914} INFO - Processing file /home/gianotti/Documents/CryptoETL/.venv/lib/python3.12/site-packages/airflow/example_dags/example_bash_decorator.py for tasks to queue
[2026-02-13T13:13:33.433+0100] {logging_mixin.py:190} INFO - [2026-02-13T13:13:33.432+0100] {dagbag.py:588} INFO - Filling up the DagBag from /home/gianotti/Documents/CryptoETL/.venv/lib/python3.12/site-packages/airflow/example_dags/example_bash_decorator.py
[2026-02-13T13:13:33.462+0100] {processor.py:925} INFO - DAG(s) 'example_bash_decorator' retrieved from /home/gianotti/Documents/CryptoETL/.venv/lib/python3.12/site-packages/airflow/example_dags/example_bash_decorator.py
[2026-02-13T13:13:33.494+0100] {logging_mixin.py:190} INFO - [2026-02-13T13:13:33.494+0100] {dag.py:3239} INFO - Sync 1 DAGs
[2026-02-13T13:13:33.516+0100] {logging_mixin.py:190} INFO - [2026-02-13T13:13:33.515+0100] {dag.py:4180} INFO - Setting next_dagrun for example_bash_decorator to None, run_after=None
[2026-02-13T13:13:33.552+0100] {processor.py:208} INFO - Processing /home/gianotti/Documents/CryptoETL/.venv/lib/python3.12/site-packages/airflow/example_dags/example_bash_decorator.py took 0.134 seconds
[2026-02-13T13:14:37.909+0100] {processor.py:186} INFO - Started process (PID=37202) to work on /home/gianotti/Documents/CryptoETL/.venv/lib/python3.12/site-packages/airflow/example_dags/example_bash_decorator.py
[2026-02-13T13:14:37.912+0100] {processor.py:914} INFO - Processing file /home/gianotti/Documents/CryptoETL/.venv/lib/python3.12/site-packages/airflow/example_dags/example_bash_decorator.py for tasks to queue
[2026-02-13T13:14:37.914+0100] {logging_mixin.py:190} INFO - [2026-02-13T13:14:37.913+0100] {dagbag.py:588} INFO - Filling up the DagBag from /home/gianotti/Documents/CryptoETL/.venv/lib/python3.12/site-packages/airflow/example_dags/example_bash_decorator.py
[2026-02-13T13:14:37.938+0100] {processor.py:925} INFO - DAG(s) 'example_bash_decorator' retrieved from /home/gianotti/Documents/CryptoETL/.venv/lib/python3.12/site-packages/airflow/example_dags/example_bash_decorator.py
[2026-02-13T13:14:37.969+0100] {logging_mixin.py:190} INFO - [2026-02-13T13:14:37.968+0100] {dag.py:3239} INFO - Sync 1 DAGs
[2026-02-13T13:14:37.989+0100] {logging_mixin.py:190} INFO - [2026-02-13T13:14:37.989+0100] {dag.py:4180} INFO - Setting next_dagrun for example_bash_decorator to None, run_after=None
[2026-02-13T13:14:38.020+0100] {processor.py:208} INFO - Processing /home/gianotti/Documents/CryptoETL/.venv/lib/python3.12/site-packages/airflow/example_dags/example_bash_decorator.py took 0.120 seconds
[2026-02-13T13:15:44.875+0100] {processor.py:186} INFO - Started process (PID=37318) to work on /home/gianotti/Documents/CryptoETL/.venv/lib/python3.12/site-packages/airflow/example_dags/example_bash_decorator.py
[2026-02-13T13:15:44.879+0100] {processor.py:914} INFO - Processing file /home/gianotti/Documents/CryptoETL/.venv/lib/python3.12/site-packages/airflow/example_dags/example_bash_decorator.py for tasks to queue
[2026-02-13T13:15:44.881+0100] {logging_mixin.py:190} INFO - [2026-02-13T13:15:44.880+0100] {dagbag.py:588} INFO - Filling up the DagBag from /home/gianotti/Documents/CryptoETL/.venv/lib/python3.12/site-packages/airflow/example_dags/example_bash_decorator.py
[2026-02-13T13:15:44.910+0100] {processor.py:925} INFO - DAG(s) 'example_bash_decorator' retrieved from /home/gianotti/Documents/CryptoETL/.venv/lib/python3.12/site-packages/airflow/example_dags/example_bash_decorator.py
[2026-02-13T13:15:44.939+0100] {logging_mixin.py:190} INFO - [2026-02-13T13:15:44.939+0100] {dag.py:3239} INFO - Sync 1 DAGs
[2026-02-13T13:15:44.958+0100] {logging_mixin.py:190} INFO - [2026-02-13T13:15:44.958+0100] {dag.py:4180} INFO - Setting next_dagrun for example_bash_decorator to None, run_after=None
[2026-02-13T13:15:44.989+0100] {processor.py:208} INFO - Processing /home/gianotti/Documents/CryptoETL/.venv/lib/python3.12/site-packages/airflow/example_dags/example_bash_decorator.py took 0.122 seconds
[2026-02-13T13:16:50.410+0100] {processor.py:186} INFO - Started process (PID=37464) to work on /home/gianotti/Documents/CryptoETL/.venv/lib/python3.12/site-packages/airflow/example_dags/example_bash_decorator.py
[2026-02-13T13:16:50.413+0100] {processor.py:914} INFO - Processing file /home/gianotti/Documents/CryptoETL/.venv/lib/python3.12/site-packages/airflow/example_dags/example_bash_decorator.py for tasks to queue
[2026-02-13T13:16:50.415+0100] {logging_mixin.py:190} INFO - [2026-02-13T13:16:50.415+0100] {dagbag.py:588} INFO - Filling up the DagBag from /home/gianotti/Documents/CryptoETL/.venv/lib/python3.12/site-packages/airflow/example_dags/example_bash_decorator.py
[2026-02-13T13:16:50.441+0100] {processor.py:925} INFO - DAG(s) 'example_bash_decorator' retrieved from /home/gianotti/Documents/CryptoETL/.venv/lib/python3.12/site-packages/airflow/example_dags/example_bash_decorator.py
[2026-02-13T13:16:50.472+0100] {logging_mixin.py:190} INFO - [2026-02-13T13:16:50.472+0100] {dag.py:3239} INFO - Sync 1 DAGs
[2026-02-13T13:16:50.492+0100] {logging_mixin.py:190} INFO - [2026-02-13T13:16:50.492+0100] {dag.py:4180} INFO - Setting next_dagrun for example_bash_decorator to None, run_after=None
[2026-02-13T13:16:50.523+0100] {processor.py:208} INFO - Processing /home/gianotti/Documents/CryptoETL/.venv/lib/python3.12/site-packages/airflow/example_dags/example_bash_decorator.py took 0.121 seconds
[2026-02-13T13:17:55.987+0100] {processor.py:186} INFO - Started process (PID=37576) to work on /home/gianotti/Documents/CryptoETL/.venv/lib/python3.12/site-packages/airflow/example_dags/example_bash_decorator.py
[2026-02-13T13:17:55.990+0100] {processor.py:914} INFO - Processing file /home/gianotti/Documents/CryptoETL/.venv/lib/python3.12/site-packages/airflow/example_dags/example_bash_decorator.py for tasks to queue
[2026-02-13T13:17:55.991+0100] {logging_mixin.py:190} INFO - [2026-02-13T13:17:55.991+0100] {dagbag.py:588} INFO - Filling up the DagBag from /home/gianotti/Documents/CryptoETL/.venv/lib/python3.12/site-packages/airflow/example_dags/example_bash_decorator.py
[2026-02-13T13:17:56.017+0100] {processor.py:925} INFO - DAG(s) 'example_bash_decorator' retrieved from /home/gianotti/Documents/CryptoETL/.venv/lib/python3.12/site-packages/airflow/example_dags/example_bash_decorator.py
[2026-02-13T13:17:56.046+0100] {logging_mixin.py:190} INFO - [2026-02-13T13:17:56.046+0100] {dag.py:3239} INFO - Sync 1 DAGs
[2026-02-13T13:17:56.066+0100] {logging_mixin.py:190} INFO - [2026-02-13T13:17:56.066+0100] {dag.py:4180} INFO - Setting next_dagrun for example_bash_decorator to None, run_after=None
[2026-02-13T13:17:56.096+0100] {processor.py:208} INFO - Processing /home/gianotti/Documents/CryptoETL/.venv/lib/python3.12/site-packages/airflow/example_dags/example_bash_decorator.py took 0.118 seconds
[2026-02-13T13:19:01.301+0100] {processor.py:186} INFO - Started process (PID=37685) to work on /home/gianotti/Documents/CryptoETL/.venv/lib/python3.12/site-packages/airflow/example_dags/example_bash_decorator.py
[2026-02-13T13:19:01.303+0100] {processor.py:914} INFO - Processing file /home/gianotti/Documents/CryptoETL/.venv/lib/python3.12/site-packages/airflow/example_dags/example_bash_decorator.py for tasks to queue
[2026-02-13T13:19:01.305+0100] {logging_mixin.py:190} INFO - [2026-02-13T13:19:01.305+0100] {dagbag.py:588} INFO - Filling up the DagBag from /home/gianotti/Documents/CryptoETL/.venv/lib/python3.12/site-packages/airflow/example_dags/example_bash_decorator.py
[2026-02-13T13:19:01.332+0100] {processor.py:925} INFO - DAG(s) 'example_bash_decorator' retrieved from /home/gianotti/Documents/CryptoETL/.venv/lib/python3.12/site-packages/airflow/example_dags/example_bash_decorator.py
[2026-02-13T13:19:01.362+0100] {logging_mixin.py:190} INFO - [2026-02-13T13:19:01.362+0100] {dag.py:3239} INFO - Sync 1 DAGs
[2026-02-13T13:19:01.383+0100] {logging_mixin.py:190} INFO - [2026-02-13T13:19:01.382+0100] {dag.py:4180} INFO - Setting next_dagrun for example_bash_decorator to None, run_after=None
[2026-02-13T13:19:01.415+0100] {processor.py:208} INFO - Processing /home/gianotti/Documents/CryptoETL/.venv/lib/python3.12/site-packages/airflow/example_dags/example_bash_decorator.py took 0.126 seconds
[2026-02-13T13:20:06.914+0100] {processor.py:186} INFO - Started process (PID=37772) to work on /home/gianotti/Documents/CryptoETL/.venv/lib/python3.12/site-packages/airflow/example_dags/example_bash_decorator.py
[2026-02-13T13:20:06.917+0100] {processor.py:914} INFO - Processing file /home/gianotti/Documents/CryptoETL/.venv/lib/python3.12/site-packages/airflow/example_dags/example_bash_decorator.py for tasks to queue
[2026-02-13T13:20:06.919+0100] {logging_mixin.py:190} INFO - [2026-02-13T13:20:06.918+0100] {dagbag.py:588} INFO - Filling up the DagBag from /home/gianotti/Documents/CryptoETL/.venv/lib/python3.12/site-packages/airflow/example_dags/example_bash_decorator.py
[2026-02-13T13:20:06.946+0100] {processor.py:925} INFO - DAG(s) 'example_bash_decorator' retrieved from /home/gianotti/Documents/CryptoETL/.venv/lib/python3.12/site-packages/airflow/example_dags/example_bash_decorator.py
[2026-02-13T13:20:06.975+0100] {logging_mixin.py:190} INFO - [2026-02-13T13:20:06.974+0100] {dag.py:3239} INFO - Sync 1 DAGs
[2026-02-13T13:20:06.998+0100] {logging_mixin.py:190} INFO - [2026-02-13T13:20:06.998+0100] {dag.py:4180} INFO - Setting next_dagrun for example_bash_decorator to None, run_after=None
[2026-02-13T13:20:07.033+0100] {processor.py:208} INFO - Processing /home/gianotti/Documents/CryptoETL/.venv/lib/python3.12/site-packages/airflow/example_dags/example_bash_decorator.py took 0.129 seconds
[2026-02-13T13:21:13.543+0100] {processor.py:186} INFO - Started process (PID=37878) to work on /home/gianotti/Documents/CryptoETL/.venv/lib/python3.12/site-packages/airflow/example_dags/example_bash_decorator.py
[2026-02-13T13:21:13.546+0100] {processor.py:914} INFO - Processing file /home/gianotti/Documents/CryptoETL/.venv/lib/python3.12/site-packages/airflow/example_dags/example_bash_decorator.py for tasks to queue
[2026-02-13T13:21:13.548+0100] {logging_mixin.py:190} INFO - [2026-02-13T13:21:13.548+0100] {dagbag.py:588} INFO - Filling up the DagBag from /home/gianotti/Documents/CryptoETL/.venv/lib/python3.12/site-packages/airflow/example_dags/example_bash_decorator.py
[2026-02-13T13:21:13.575+0100] {processor.py:925} INFO - DAG(s) 'example_bash_decorator' retrieved from /home/gianotti/Documents/CryptoETL/.venv/lib/python3.12/site-packages/airflow/example_dags/example_bash_decorator.py
[2026-02-13T13:21:13.605+0100] {logging_mixin.py:190} INFO - [2026-02-13T13:21:13.604+0100] {dag.py:3239} INFO - Sync 1 DAGs
[2026-02-13T13:21:13.627+0100] {logging_mixin.py:190} INFO - [2026-02-13T13:21:13.627+0100] {dag.py:4180} INFO - Setting next_dagrun for example_bash_decorator to None, run_after=None
[2026-02-13T13:21:13.657+0100] {processor.py:208} INFO - Processing /home/gianotti/Documents/CryptoETL/.venv/lib/python3.12/site-packages/airflow/example_dags/example_bash_decorator.py took 0.123 seconds
[2026-02-13T13:22:14.828+0100] {processor.py:186} INFO - Started process (PID=37989) to work on /home/gianotti/Documents/CryptoETL/.venv/lib/python3.12/site-packages/airflow/example_dags/example_bash_decorator.py
[2026-02-13T13:22:14.830+0100] {processor.py:914} INFO - Processing file /home/gianotti/Documents/CryptoETL/.venv/lib/python3.12/site-packages/airflow/example_dags/example_bash_decorator.py for tasks to queue
[2026-02-13T13:22:14.832+0100] {logging_mixin.py:190} INFO - [2026-02-13T13:22:14.832+0100] {dagbag.py:588} INFO - Filling up the DagBag from /home/gianotti/Documents/CryptoETL/.venv/lib/python3.12/site-packages/airflow/example_dags/example_bash_decorator.py
[2026-02-13T13:22:14.858+0100] {processor.py:925} INFO - DAG(s) 'example_bash_decorator' retrieved from /home/gianotti/Documents/CryptoETL/.venv/lib/python3.12/site-packages/airflow/example_dags/example_bash_decorator.py
[2026-02-13T13:22:14.890+0100] {logging_mixin.py:190} INFO - [2026-02-13T13:22:14.889+0100] {dag.py:3239} INFO - Sync 1 DAGs
[2026-02-13T13:22:14.913+0100] {logging_mixin.py:190} INFO - [2026-02-13T13:22:14.912+0100] {dag.py:4180} INFO - Setting next_dagrun for example_bash_decorator to None, run_after=None
[2026-02-13T13:22:14.963+0100] {processor.py:208} INFO - Processing /home/gianotti/Documents/CryptoETL/.venv/lib/python3.12/site-packages/airflow/example_dags/example_bash_decorator.py took 0.145 seconds
