[2026-02-13T12:55:31.577+0100] {processor.py:186} INFO - Started process (PID=34959) to work on /home/gianotti/Documents/CryptoETL/.venv/lib/python3.12/site-packages/airflow/example_dags/example_outlet_event_extra.py
[2026-02-13T12:55:31.578+0100] {processor.py:914} INFO - Processing file /home/gianotti/Documents/CryptoETL/.venv/lib/python3.12/site-packages/airflow/example_dags/example_outlet_event_extra.py for tasks to queue
[2026-02-13T12:55:31.581+0100] {logging_mixin.py:190} INFO - [2026-02-13T12:55:31.581+0100] {dagbag.py:588} INFO - Filling up the DagBag from /home/gianotti/Documents/CryptoETL/.venv/lib/python3.12/site-packages/airflow/example_dags/example_outlet_event_extra.py
[2026-02-13T12:55:31.610+0100] {processor.py:925} INFO - DAG(s) 'dataset_with_extra_by_context', 'dataset_with_extra_by_yield', 'dataset_with_extra_from_classic_operator' retrieved from /home/gianotti/Documents/CryptoETL/.venv/lib/python3.12/site-packages/airflow/example_dags/example_outlet_event_extra.py
[2026-02-13T12:55:31.698+0100] {logging_mixin.py:190} INFO - [2026-02-13T12:55:31.697+0100] {override.py:1930} INFO - Created Permission View: can edit on DAG:dataset_with_extra_by_context
[2026-02-13T12:55:31.708+0100] {logging_mixin.py:190} INFO - [2026-02-13T12:55:31.708+0100] {override.py:1930} INFO - Created Permission View: can read on DAG:dataset_with_extra_by_context
[2026-02-13T12:55:31.716+0100] {logging_mixin.py:190} INFO - [2026-02-13T12:55:31.716+0100] {override.py:1930} INFO - Created Permission View: can delete on DAG:dataset_with_extra_by_context
[2026-02-13T12:55:31.730+0100] {logging_mixin.py:190} INFO - [2026-02-13T12:55:31.730+0100] {override.py:1930} INFO - Created Permission View: can create on DAG Run:dataset_with_extra_by_context
[2026-02-13T12:55:31.741+0100] {logging_mixin.py:190} INFO - [2026-02-13T12:55:31.741+0100] {override.py:1930} INFO - Created Permission View: can read on DAG Run:dataset_with_extra_by_context
[2026-02-13T12:55:31.753+0100] {logging_mixin.py:190} INFO - [2026-02-13T12:55:31.752+0100] {override.py:1930} INFO - Created Permission View: can delete on DAG Run:dataset_with_extra_by_context
[2026-02-13T12:55:31.763+0100] {logging_mixin.py:190} INFO - [2026-02-13T12:55:31.763+0100] {override.py:1930} INFO - Created Permission View: menu access on DAG Run:dataset_with_extra_by_context
[2026-02-13T12:55:31.788+0100] {logging_mixin.py:190} INFO - [2026-02-13T12:55:31.788+0100] {override.py:1930} INFO - Created Permission View: can edit on DAG:dataset_with_extra_by_yield
[2026-02-13T12:55:31.800+0100] {logging_mixin.py:190} INFO - [2026-02-13T12:55:31.800+0100] {override.py:1930} INFO - Created Permission View: can read on DAG:dataset_with_extra_by_yield
[2026-02-13T12:55:31.811+0100] {logging_mixin.py:190} INFO - [2026-02-13T12:55:31.811+0100] {override.py:1930} INFO - Created Permission View: can delete on DAG:dataset_with_extra_by_yield
[2026-02-13T12:55:31.828+0100] {logging_mixin.py:190} INFO - [2026-02-13T12:55:31.828+0100] {override.py:1930} INFO - Created Permission View: can create on DAG Run:dataset_with_extra_by_yield
[2026-02-13T12:55:31.839+0100] {logging_mixin.py:190} INFO - [2026-02-13T12:55:31.839+0100] {override.py:1930} INFO - Created Permission View: can read on DAG Run:dataset_with_extra_by_yield
[2026-02-13T12:55:31.851+0100] {logging_mixin.py:190} INFO - [2026-02-13T12:55:31.850+0100] {override.py:1930} INFO - Created Permission View: can delete on DAG Run:dataset_with_extra_by_yield
[2026-02-13T12:55:31.862+0100] {logging_mixin.py:190} INFO - [2026-02-13T12:55:31.861+0100] {override.py:1930} INFO - Created Permission View: menu access on DAG Run:dataset_with_extra_by_yield
[2026-02-13T12:55:31.887+0100] {logging_mixin.py:190} INFO - [2026-02-13T12:55:31.886+0100] {override.py:1930} INFO - Created Permission View: can edit on DAG:dataset_with_extra_from_classic_operator
[2026-02-13T12:55:31.898+0100] {logging_mixin.py:190} INFO - [2026-02-13T12:55:31.898+0100] {override.py:1930} INFO - Created Permission View: can read on DAG:dataset_with_extra_from_classic_operator
[2026-02-13T12:55:31.909+0100] {logging_mixin.py:190} INFO - [2026-02-13T12:55:31.908+0100] {override.py:1930} INFO - Created Permission View: can delete on DAG:dataset_with_extra_from_classic_operator
[2026-02-13T12:55:31.926+0100] {logging_mixin.py:190} INFO - [2026-02-13T12:55:31.926+0100] {override.py:1930} INFO - Created Permission View: can create on DAG Run:dataset_with_extra_from_classic_operator
[2026-02-13T12:55:31.937+0100] {logging_mixin.py:190} INFO - [2026-02-13T12:55:31.936+0100] {override.py:1930} INFO - Created Permission View: can read on DAG Run:dataset_with_extra_from_classic_operator
[2026-02-13T12:55:31.948+0100] {logging_mixin.py:190} INFO - [2026-02-13T12:55:31.947+0100] {override.py:1930} INFO - Created Permission View: can delete on DAG Run:dataset_with_extra_from_classic_operator
[2026-02-13T12:55:31.959+0100] {logging_mixin.py:190} INFO - [2026-02-13T12:55:31.959+0100] {override.py:1930} INFO - Created Permission View: menu access on DAG Run:dataset_with_extra_from_classic_operator
[2026-02-13T12:55:31.960+0100] {logging_mixin.py:190} INFO - [2026-02-13T12:55:31.959+0100] {dag.py:3239} INFO - Sync 3 DAGs
[2026-02-13T12:55:31.976+0100] {logging_mixin.py:190} INFO - [2026-02-13T12:55:31.976+0100] {dag.py:3262} INFO - Creating ORM DAG for dataset_with_extra_from_classic_operator
[2026-02-13T12:55:31.977+0100] {logging_mixin.py:190} INFO - [2026-02-13T12:55:31.977+0100] {dag.py:3262} INFO - Creating ORM DAG for dataset_with_extra_by_context
[2026-02-13T12:55:31.978+0100] {logging_mixin.py:190} INFO - [2026-02-13T12:55:31.978+0100] {dag.py:3262} INFO - Creating ORM DAG for dataset_with_extra_by_yield
[2026-02-13T12:55:31.992+0100] {logging_mixin.py:190} INFO - [2026-02-13T12:55:31.992+0100] {dag.py:4180} INFO - Setting next_dagrun for dataset_with_extra_by_context to 2026-02-12 00:00:00+00:00, run_after=2026-02-13 00:00:00+00:00
[2026-02-13T12:55:31.995+0100] {logging_mixin.py:190} INFO - [2026-02-13T12:55:31.995+0100] {dag.py:4180} INFO - Setting next_dagrun for dataset_with_extra_by_yield to 2026-02-12 00:00:00+00:00, run_after=2026-02-13 00:00:00+00:00
[2026-02-13T12:55:31.997+0100] {logging_mixin.py:190} INFO - [2026-02-13T12:55:31.997+0100] {dag.py:4180} INFO - Setting next_dagrun for dataset_with_extra_from_classic_operator to 2026-02-12 00:00:00+00:00, run_after=2026-02-13 00:00:00+00:00
[2026-02-13T12:55:32.023+0100] {processor.py:208} INFO - Processing /home/gianotti/Documents/CryptoETL/.venv/lib/python3.12/site-packages/airflow/example_dags/example_outlet_event_extra.py took 0.455 seconds
[2026-02-13T12:56:34.556+0100] {processor.py:186} INFO - Started process (PID=35083) to work on /home/gianotti/Documents/CryptoETL/.venv/lib/python3.12/site-packages/airflow/example_dags/example_outlet_event_extra.py
[2026-02-13T12:56:34.559+0100] {processor.py:914} INFO - Processing file /home/gianotti/Documents/CryptoETL/.venv/lib/python3.12/site-packages/airflow/example_dags/example_outlet_event_extra.py for tasks to queue
[2026-02-13T12:56:34.562+0100] {logging_mixin.py:190} INFO - [2026-02-13T12:56:34.561+0100] {dagbag.py:588} INFO - Filling up the DagBag from /home/gianotti/Documents/CryptoETL/.venv/lib/python3.12/site-packages/airflow/example_dags/example_outlet_event_extra.py
[2026-02-13T12:56:34.583+0100] {processor.py:925} INFO - DAG(s) 'dataset_with_extra_by_yield', 'dataset_with_extra_from_classic_operator', 'dataset_with_extra_by_context' retrieved from /home/gianotti/Documents/CryptoETL/.venv/lib/python3.12/site-packages/airflow/example_dags/example_outlet_event_extra.py
[2026-02-13T12:56:34.601+0100] {logging_mixin.py:190} INFO - [2026-02-13T12:56:34.600+0100] {dag.py:3239} INFO - Sync 3 DAGs
[2026-02-13T12:56:34.620+0100] {logging_mixin.py:190} INFO - [2026-02-13T12:56:34.619+0100] {dag.py:4180} INFO - Setting next_dagrun for dataset_with_extra_by_context to 2026-02-12 00:00:00+00:00, run_after=2026-02-13 00:00:00+00:00
[2026-02-13T12:56:34.623+0100] {logging_mixin.py:190} INFO - [2026-02-13T12:56:34.623+0100] {dag.py:4180} INFO - Setting next_dagrun for dataset_with_extra_by_yield to 2026-02-12 00:00:00+00:00, run_after=2026-02-13 00:00:00+00:00
[2026-02-13T12:56:34.625+0100] {logging_mixin.py:190} INFO - [2026-02-13T12:56:34.625+0100] {dag.py:4180} INFO - Setting next_dagrun for dataset_with_extra_from_classic_operator to 2026-02-12 00:00:00+00:00, run_after=2026-02-13 00:00:00+00:00
[2026-02-13T12:56:34.644+0100] {processor.py:208} INFO - Processing /home/gianotti/Documents/CryptoETL/.venv/lib/python3.12/site-packages/airflow/example_dags/example_outlet_event_extra.py took 0.097 seconds
[2026-02-13T12:57:35.958+0100] {processor.py:186} INFO - Started process (PID=35192) to work on /home/gianotti/Documents/CryptoETL/.venv/lib/python3.12/site-packages/airflow/example_dags/example_outlet_event_extra.py
[2026-02-13T12:57:35.961+0100] {processor.py:914} INFO - Processing file /home/gianotti/Documents/CryptoETL/.venv/lib/python3.12/site-packages/airflow/example_dags/example_outlet_event_extra.py for tasks to queue
[2026-02-13T12:57:35.964+0100] {logging_mixin.py:190} INFO - [2026-02-13T12:57:35.964+0100] {dagbag.py:588} INFO - Filling up the DagBag from /home/gianotti/Documents/CryptoETL/.venv/lib/python3.12/site-packages/airflow/example_dags/example_outlet_event_extra.py
[2026-02-13T12:57:35.990+0100] {processor.py:925} INFO - DAG(s) 'dataset_with_extra_from_classic_operator', 'dataset_with_extra_by_yield', 'dataset_with_extra_by_context' retrieved from /home/gianotti/Documents/CryptoETL/.venv/lib/python3.12/site-packages/airflow/example_dags/example_outlet_event_extra.py
[2026-02-13T12:57:36.012+0100] {logging_mixin.py:190} INFO - [2026-02-13T12:57:36.012+0100] {dag.py:3239} INFO - Sync 3 DAGs
[2026-02-13T12:57:36.029+0100] {logging_mixin.py:190} INFO - [2026-02-13T12:57:36.029+0100] {dag.py:4180} INFO - Setting next_dagrun for dataset_with_extra_by_context to 2026-02-12 00:00:00+00:00, run_after=2026-02-13 00:00:00+00:00
[2026-02-13T12:57:36.034+0100] {logging_mixin.py:190} INFO - [2026-02-13T12:57:36.034+0100] {dag.py:4180} INFO - Setting next_dagrun for dataset_with_extra_by_yield to 2026-02-12 00:00:00+00:00, run_after=2026-02-13 00:00:00+00:00
[2026-02-13T12:57:36.036+0100] {logging_mixin.py:190} INFO - [2026-02-13T12:57:36.036+0100] {dag.py:4180} INFO - Setting next_dagrun for dataset_with_extra_from_classic_operator to 2026-02-12 00:00:00+00:00, run_after=2026-02-13 00:00:00+00:00
[2026-02-13T12:57:36.067+0100] {processor.py:208} INFO - Processing /home/gianotti/Documents/CryptoETL/.venv/lib/python3.12/site-packages/airflow/example_dags/example_outlet_event_extra.py took 0.118 seconds
[2026-02-13T12:58:33.556+0100] {processor.py:186} INFO - Started process (PID=35334) to work on /home/gianotti/Documents/CryptoETL/.venv/lib/python3.12/site-packages/airflow/example_dags/example_outlet_event_extra.py
[2026-02-13T12:58:33.558+0100] {processor.py:914} INFO - Processing file /home/gianotti/Documents/CryptoETL/.venv/lib/python3.12/site-packages/airflow/example_dags/example_outlet_event_extra.py for tasks to queue
[2026-02-13T12:58:33.562+0100] {logging_mixin.py:190} INFO - [2026-02-13T12:58:33.561+0100] {dagbag.py:588} INFO - Filling up the DagBag from /home/gianotti/Documents/CryptoETL/.venv/lib/python3.12/site-packages/airflow/example_dags/example_outlet_event_extra.py
[2026-02-13T12:58:33.585+0100] {processor.py:925} INFO - DAG(s) 'dataset_with_extra_from_classic_operator', 'dataset_with_extra_by_context', 'dataset_with_extra_by_yield' retrieved from /home/gianotti/Documents/CryptoETL/.venv/lib/python3.12/site-packages/airflow/example_dags/example_outlet_event_extra.py
[2026-02-13T12:58:33.607+0100] {logging_mixin.py:190} INFO - [2026-02-13T12:58:33.607+0100] {dag.py:3239} INFO - Sync 3 DAGs
[2026-02-13T12:58:33.625+0100] {logging_mixin.py:190} INFO - [2026-02-13T12:58:33.625+0100] {dag.py:4180} INFO - Setting next_dagrun for dataset_with_extra_by_context to 2026-02-12 00:00:00+00:00, run_after=2026-02-13 00:00:00+00:00
[2026-02-13T12:58:33.629+0100] {logging_mixin.py:190} INFO - [2026-02-13T12:58:33.629+0100] {dag.py:4180} INFO - Setting next_dagrun for dataset_with_extra_by_yield to 2026-02-12 00:00:00+00:00, run_after=2026-02-13 00:00:00+00:00
[2026-02-13T12:58:33.631+0100] {logging_mixin.py:190} INFO - [2026-02-13T12:58:33.631+0100] {dag.py:4180} INFO - Setting next_dagrun for dataset_with_extra_from_classic_operator to 2026-02-12 00:00:00+00:00, run_after=2026-02-13 00:00:00+00:00
[2026-02-13T12:58:33.652+0100] {processor.py:208} INFO - Processing /home/gianotti/Documents/CryptoETL/.venv/lib/python3.12/site-packages/airflow/example_dags/example_outlet_event_extra.py took 0.106 seconds
[2026-02-13T12:59:28.932+0100] {processor.py:186} INFO - Started process (PID=35448) to work on /home/gianotti/Documents/CryptoETL/.venv/lib/python3.12/site-packages/airflow/example_dags/example_outlet_event_extra.py
[2026-02-13T12:59:28.935+0100] {processor.py:914} INFO - Processing file /home/gianotti/Documents/CryptoETL/.venv/lib/python3.12/site-packages/airflow/example_dags/example_outlet_event_extra.py for tasks to queue
[2026-02-13T12:59:28.938+0100] {logging_mixin.py:190} INFO - [2026-02-13T12:59:28.937+0100] {dagbag.py:588} INFO - Filling up the DagBag from /home/gianotti/Documents/CryptoETL/.venv/lib/python3.12/site-packages/airflow/example_dags/example_outlet_event_extra.py
[2026-02-13T12:59:28.966+0100] {processor.py:925} INFO - DAG(s) 'dataset_with_extra_by_context', 'dataset_with_extra_from_classic_operator', 'dataset_with_extra_by_yield' retrieved from /home/gianotti/Documents/CryptoETL/.venv/lib/python3.12/site-packages/airflow/example_dags/example_outlet_event_extra.py
[2026-02-13T12:59:28.991+0100] {logging_mixin.py:190} INFO - [2026-02-13T12:59:28.991+0100] {dag.py:3239} INFO - Sync 3 DAGs
[2026-02-13T12:59:29.009+0100] {logging_mixin.py:190} INFO - [2026-02-13T12:59:29.009+0100] {dag.py:4180} INFO - Setting next_dagrun for dataset_with_extra_by_context to 2026-02-12 00:00:00+00:00, run_after=2026-02-13 00:00:00+00:00
[2026-02-13T12:59:29.013+0100] {logging_mixin.py:190} INFO - [2026-02-13T12:59:29.013+0100] {dag.py:4180} INFO - Setting next_dagrun for dataset_with_extra_by_yield to 2026-02-12 00:00:00+00:00, run_after=2026-02-13 00:00:00+00:00
[2026-02-13T12:59:29.014+0100] {logging_mixin.py:190} INFO - [2026-02-13T12:59:29.014+0100] {dag.py:4180} INFO - Setting next_dagrun for dataset_with_extra_from_classic_operator to 2026-02-12 00:00:00+00:00, run_after=2026-02-13 00:00:00+00:00
[2026-02-13T12:59:29.034+0100] {processor.py:208} INFO - Processing /home/gianotti/Documents/CryptoETL/.venv/lib/python3.12/site-packages/airflow/example_dags/example_outlet_event_extra.py took 0.111 seconds
[2026-02-13T13:00:27.239+0100] {processor.py:186} INFO - Started process (PID=35555) to work on /home/gianotti/Documents/CryptoETL/.venv/lib/python3.12/site-packages/airflow/example_dags/example_outlet_event_extra.py
[2026-02-13T13:00:27.242+0100] {processor.py:914} INFO - Processing file /home/gianotti/Documents/CryptoETL/.venv/lib/python3.12/site-packages/airflow/example_dags/example_outlet_event_extra.py for tasks to queue
[2026-02-13T13:00:27.244+0100] {logging_mixin.py:190} INFO - [2026-02-13T13:00:27.243+0100] {dagbag.py:588} INFO - Filling up the DagBag from /home/gianotti/Documents/CryptoETL/.venv/lib/python3.12/site-packages/airflow/example_dags/example_outlet_event_extra.py
[2026-02-13T13:00:27.274+0100] {processor.py:925} INFO - DAG(s) 'dataset_with_extra_from_classic_operator', 'dataset_with_extra_by_yield', 'dataset_with_extra_by_context' retrieved from /home/gianotti/Documents/CryptoETL/.venv/lib/python3.12/site-packages/airflow/example_dags/example_outlet_event_extra.py
[2026-02-13T13:00:27.307+0100] {logging_mixin.py:190} INFO - [2026-02-13T13:00:27.306+0100] {dag.py:3239} INFO - Sync 3 DAGs
[2026-02-13T13:00:27.326+0100] {logging_mixin.py:190} INFO - [2026-02-13T13:00:27.325+0100] {dag.py:4180} INFO - Setting next_dagrun for dataset_with_extra_by_context to 2026-02-12 00:00:00+00:00, run_after=2026-02-13 00:00:00+00:00
[2026-02-13T13:00:27.329+0100] {logging_mixin.py:190} INFO - [2026-02-13T13:00:27.329+0100] {dag.py:4180} INFO - Setting next_dagrun for dataset_with_extra_by_yield to 2026-02-12 00:00:00+00:00, run_after=2026-02-13 00:00:00+00:00
[2026-02-13T13:00:27.331+0100] {logging_mixin.py:190} INFO - [2026-02-13T13:00:27.331+0100] {dag.py:4180} INFO - Setting next_dagrun for dataset_with_extra_from_classic_operator to 2026-02-12 00:00:00+00:00, run_after=2026-02-13 00:00:00+00:00
[2026-02-13T13:00:27.351+0100] {processor.py:208} INFO - Processing /home/gianotti/Documents/CryptoETL/.venv/lib/python3.12/site-packages/airflow/example_dags/example_outlet_event_extra.py took 0.122 seconds
[2026-02-13T13:01:27.319+0100] {processor.py:186} INFO - Started process (PID=35671) to work on /home/gianotti/Documents/CryptoETL/.venv/lib/python3.12/site-packages/airflow/example_dags/example_outlet_event_extra.py
[2026-02-13T13:01:27.322+0100] {processor.py:914} INFO - Processing file /home/gianotti/Documents/CryptoETL/.venv/lib/python3.12/site-packages/airflow/example_dags/example_outlet_event_extra.py for tasks to queue
[2026-02-13T13:01:27.323+0100] {logging_mixin.py:190} INFO - [2026-02-13T13:01:27.323+0100] {dagbag.py:588} INFO - Filling up the DagBag from /home/gianotti/Documents/CryptoETL/.venv/lib/python3.12/site-packages/airflow/example_dags/example_outlet_event_extra.py
[2026-02-13T13:01:27.351+0100] {processor.py:925} INFO - DAG(s) 'dataset_with_extra_from_classic_operator', 'dataset_with_extra_by_yield', 'dataset_with_extra_by_context' retrieved from /home/gianotti/Documents/CryptoETL/.venv/lib/python3.12/site-packages/airflow/example_dags/example_outlet_event_extra.py
[2026-02-13T13:01:27.370+0100] {logging_mixin.py:190} INFO - [2026-02-13T13:01:27.370+0100] {dag.py:3239} INFO - Sync 3 DAGs
[2026-02-13T13:01:27.389+0100] {logging_mixin.py:190} INFO - [2026-02-13T13:01:27.389+0100] {dag.py:4180} INFO - Setting next_dagrun for dataset_with_extra_by_context to 2026-02-12 00:00:00+00:00, run_after=2026-02-13 00:00:00+00:00
[2026-02-13T13:01:27.393+0100] {logging_mixin.py:190} INFO - [2026-02-13T13:01:27.393+0100] {dag.py:4180} INFO - Setting next_dagrun for dataset_with_extra_by_yield to 2026-02-12 00:00:00+00:00, run_after=2026-02-13 00:00:00+00:00
[2026-02-13T13:01:27.395+0100] {logging_mixin.py:190} INFO - [2026-02-13T13:01:27.395+0100] {dag.py:4180} INFO - Setting next_dagrun for dataset_with_extra_from_classic_operator to 2026-02-12 00:00:00+00:00, run_after=2026-02-13 00:00:00+00:00
[2026-02-13T13:01:27.415+0100] {processor.py:208} INFO - Processing /home/gianotti/Documents/CryptoETL/.venv/lib/python3.12/site-packages/airflow/example_dags/example_outlet_event_extra.py took 0.106 seconds
[2026-02-13T13:02:27.219+0100] {processor.py:186} INFO - Started process (PID=35810) to work on /home/gianotti/Documents/CryptoETL/.venv/lib/python3.12/site-packages/airflow/example_dags/example_outlet_event_extra.py
[2026-02-13T13:02:27.223+0100] {processor.py:914} INFO - Processing file /home/gianotti/Documents/CryptoETL/.venv/lib/python3.12/site-packages/airflow/example_dags/example_outlet_event_extra.py for tasks to queue
[2026-02-13T13:02:27.225+0100] {logging_mixin.py:190} INFO - [2026-02-13T13:02:27.224+0100] {dagbag.py:588} INFO - Filling up the DagBag from /home/gianotti/Documents/CryptoETL/.venv/lib/python3.12/site-packages/airflow/example_dags/example_outlet_event_extra.py
[2026-02-13T13:02:27.252+0100] {processor.py:925} INFO - DAG(s) 'dataset_with_extra_by_context', 'dataset_with_extra_from_classic_operator', 'dataset_with_extra_by_yield' retrieved from /home/gianotti/Documents/CryptoETL/.venv/lib/python3.12/site-packages/airflow/example_dags/example_outlet_event_extra.py
[2026-02-13T13:02:27.273+0100] {logging_mixin.py:190} INFO - [2026-02-13T13:02:27.272+0100] {dag.py:3239} INFO - Sync 3 DAGs
[2026-02-13T13:02:27.289+0100] {logging_mixin.py:190} INFO - [2026-02-13T13:02:27.289+0100] {dag.py:4180} INFO - Setting next_dagrun for dataset_with_extra_by_context to 2026-02-12 00:00:00+00:00, run_after=2026-02-13 00:00:00+00:00
[2026-02-13T13:02:27.292+0100] {logging_mixin.py:190} INFO - [2026-02-13T13:02:27.292+0100] {dag.py:4180} INFO - Setting next_dagrun for dataset_with_extra_by_yield to 2026-02-12 00:00:00+00:00, run_after=2026-02-13 00:00:00+00:00
[2026-02-13T13:02:27.294+0100] {logging_mixin.py:190} INFO - [2026-02-13T13:02:27.294+0100] {dag.py:4180} INFO - Setting next_dagrun for dataset_with_extra_from_classic_operator to 2026-02-12 00:00:00+00:00, run_after=2026-02-13 00:00:00+00:00
[2026-02-13T13:02:27.314+0100] {processor.py:208} INFO - Processing /home/gianotti/Documents/CryptoETL/.venv/lib/python3.12/site-packages/airflow/example_dags/example_outlet_event_extra.py took 0.104 seconds
[2026-02-13T13:03:22.032+0100] {processor.py:186} INFO - Started process (PID=35924) to work on /home/gianotti/Documents/CryptoETL/.venv/lib/python3.12/site-packages/airflow/example_dags/example_outlet_event_extra.py
[2026-02-13T13:03:22.035+0100] {processor.py:914} INFO - Processing file /home/gianotti/Documents/CryptoETL/.venv/lib/python3.12/site-packages/airflow/example_dags/example_outlet_event_extra.py for tasks to queue
[2026-02-13T13:03:22.037+0100] {logging_mixin.py:190} INFO - [2026-02-13T13:03:22.036+0100] {dagbag.py:588} INFO - Filling up the DagBag from /home/gianotti/Documents/CryptoETL/.venv/lib/python3.12/site-packages/airflow/example_dags/example_outlet_event_extra.py
[2026-02-13T13:03:22.063+0100] {processor.py:925} INFO - DAG(s) 'dataset_with_extra_by_yield', 'dataset_with_extra_by_context', 'dataset_with_extra_from_classic_operator' retrieved from /home/gianotti/Documents/CryptoETL/.venv/lib/python3.12/site-packages/airflow/example_dags/example_outlet_event_extra.py
[2026-02-13T13:03:22.099+0100] {logging_mixin.py:190} INFO - [2026-02-13T13:03:22.098+0100] {dag.py:3239} INFO - Sync 3 DAGs
[2026-02-13T13:03:22.133+0100] {logging_mixin.py:190} INFO - [2026-02-13T13:03:22.133+0100] {dag.py:4180} INFO - Setting next_dagrun for dataset_with_extra_by_context to 2026-02-12 00:00:00+00:00, run_after=2026-02-13 00:00:00+00:00
[2026-02-13T13:03:22.138+0100] {logging_mixin.py:190} INFO - [2026-02-13T13:03:22.137+0100] {dag.py:4180} INFO - Setting next_dagrun for dataset_with_extra_by_yield to 2026-02-12 00:00:00+00:00, run_after=2026-02-13 00:00:00+00:00
[2026-02-13T13:03:22.140+0100] {logging_mixin.py:190} INFO - [2026-02-13T13:03:22.139+0100] {dag.py:4180} INFO - Setting next_dagrun for dataset_with_extra_from_classic_operator to 2026-02-12 00:00:00+00:00, run_after=2026-02-13 00:00:00+00:00
[2026-02-13T13:03:22.162+0100] {processor.py:208} INFO - Processing /home/gianotti/Documents/CryptoETL/.venv/lib/python3.12/site-packages/airflow/example_dags/example_outlet_event_extra.py took 0.139 seconds
[2026-02-13T13:04:22.023+0100] {processor.py:186} INFO - Started process (PID=36056) to work on /home/gianotti/Documents/CryptoETL/.venv/lib/python3.12/site-packages/airflow/example_dags/example_outlet_event_extra.py
[2026-02-13T13:04:22.026+0100] {processor.py:914} INFO - Processing file /home/gianotti/Documents/CryptoETL/.venv/lib/python3.12/site-packages/airflow/example_dags/example_outlet_event_extra.py for tasks to queue
[2026-02-13T13:04:22.028+0100] {logging_mixin.py:190} INFO - [2026-02-13T13:04:22.027+0100] {dagbag.py:588} INFO - Filling up the DagBag from /home/gianotti/Documents/CryptoETL/.venv/lib/python3.12/site-packages/airflow/example_dags/example_outlet_event_extra.py
[2026-02-13T13:04:22.054+0100] {processor.py:925} INFO - DAG(s) 'dataset_with_extra_from_classic_operator', 'dataset_with_extra_by_context', 'dataset_with_extra_by_yield' retrieved from /home/gianotti/Documents/CryptoETL/.venv/lib/python3.12/site-packages/airflow/example_dags/example_outlet_event_extra.py
[2026-02-13T13:04:22.085+0100] {logging_mixin.py:190} INFO - [2026-02-13T13:04:22.085+0100] {dag.py:3239} INFO - Sync 3 DAGs
[2026-02-13T13:04:22.124+0100] {logging_mixin.py:190} INFO - [2026-02-13T13:04:22.123+0100] {dag.py:4180} INFO - Setting next_dagrun for dataset_with_extra_by_context to 2026-02-12 00:00:00+00:00, run_after=2026-02-13 00:00:00+00:00
[2026-02-13T13:04:22.131+0100] {logging_mixin.py:190} INFO - [2026-02-13T13:04:22.131+0100] {dag.py:4180} INFO - Setting next_dagrun for dataset_with_extra_by_yield to 2026-02-12 00:00:00+00:00, run_after=2026-02-13 00:00:00+00:00
[2026-02-13T13:04:22.134+0100] {logging_mixin.py:190} INFO - [2026-02-13T13:04:22.134+0100] {dag.py:4180} INFO - Setting next_dagrun for dataset_with_extra_from_classic_operator to 2026-02-12 00:00:00+00:00, run_after=2026-02-13 00:00:00+00:00
[2026-02-13T13:04:22.169+0100] {processor.py:208} INFO - Processing /home/gianotti/Documents/CryptoETL/.venv/lib/python3.12/site-packages/airflow/example_dags/example_outlet_event_extra.py took 0.155 seconds
[2026-02-13T13:05:27.023+0100] {processor.py:186} INFO - Started process (PID=36169) to work on /home/gianotti/Documents/CryptoETL/.venv/lib/python3.12/site-packages/airflow/example_dags/example_outlet_event_extra.py
[2026-02-13T13:05:27.026+0100] {processor.py:914} INFO - Processing file /home/gianotti/Documents/CryptoETL/.venv/lib/python3.12/site-packages/airflow/example_dags/example_outlet_event_extra.py for tasks to queue
[2026-02-13T13:05:27.028+0100] {logging_mixin.py:190} INFO - [2026-02-13T13:05:27.028+0100] {dagbag.py:588} INFO - Filling up the DagBag from /home/gianotti/Documents/CryptoETL/.venv/lib/python3.12/site-packages/airflow/example_dags/example_outlet_event_extra.py
[2026-02-13T13:05:27.056+0100] {processor.py:925} INFO - DAG(s) 'dataset_with_extra_from_classic_operator', 'dataset_with_extra_by_yield', 'dataset_with_extra_by_context' retrieved from /home/gianotti/Documents/CryptoETL/.venv/lib/python3.12/site-packages/airflow/example_dags/example_outlet_event_extra.py
[2026-02-13T13:05:27.090+0100] {logging_mixin.py:190} INFO - [2026-02-13T13:05:27.089+0100] {dag.py:3239} INFO - Sync 3 DAGs
[2026-02-13T13:05:27.130+0100] {logging_mixin.py:190} INFO - [2026-02-13T13:05:27.129+0100] {dag.py:4180} INFO - Setting next_dagrun for dataset_with_extra_by_context to 2026-02-12 00:00:00+00:00, run_after=2026-02-13 00:00:00+00:00
[2026-02-13T13:05:27.137+0100] {logging_mixin.py:190} INFO - [2026-02-13T13:05:27.137+0100] {dag.py:4180} INFO - Setting next_dagrun for dataset_with_extra_by_yield to 2026-02-12 00:00:00+00:00, run_after=2026-02-13 00:00:00+00:00
[2026-02-13T13:05:27.140+0100] {logging_mixin.py:190} INFO - [2026-02-13T13:05:27.140+0100] {dag.py:4180} INFO - Setting next_dagrun for dataset_with_extra_from_classic_operator to 2026-02-12 00:00:00+00:00, run_after=2026-02-13 00:00:00+00:00
[2026-02-13T13:05:27.177+0100] {processor.py:208} INFO - Processing /home/gianotti/Documents/CryptoETL/.venv/lib/python3.12/site-packages/airflow/example_dags/example_outlet_event_extra.py took 0.163 seconds
[2026-02-13T13:06:33.788+0100] {processor.py:186} INFO - Started process (PID=36279) to work on /home/gianotti/Documents/CryptoETL/.venv/lib/python3.12/site-packages/airflow/example_dags/example_outlet_event_extra.py
[2026-02-13T13:06:33.790+0100] {processor.py:914} INFO - Processing file /home/gianotti/Documents/CryptoETL/.venv/lib/python3.12/site-packages/airflow/example_dags/example_outlet_event_extra.py for tasks to queue
[2026-02-13T13:06:33.792+0100] {logging_mixin.py:190} INFO - [2026-02-13T13:06:33.792+0100] {dagbag.py:588} INFO - Filling up the DagBag from /home/gianotti/Documents/CryptoETL/.venv/lib/python3.12/site-packages/airflow/example_dags/example_outlet_event_extra.py
[2026-02-13T13:06:33.818+0100] {processor.py:925} INFO - DAG(s) 'dataset_with_extra_from_classic_operator', 'dataset_with_extra_by_context', 'dataset_with_extra_by_yield' retrieved from /home/gianotti/Documents/CryptoETL/.venv/lib/python3.12/site-packages/airflow/example_dags/example_outlet_event_extra.py
[2026-02-13T13:06:33.849+0100] {logging_mixin.py:190} INFO - [2026-02-13T13:06:33.849+0100] {dag.py:3239} INFO - Sync 3 DAGs
[2026-02-13T13:06:33.887+0100] {logging_mixin.py:190} INFO - [2026-02-13T13:06:33.886+0100] {dag.py:4180} INFO - Setting next_dagrun for dataset_with_extra_by_context to 2026-02-12 00:00:00+00:00, run_after=2026-02-13 00:00:00+00:00
[2026-02-13T13:06:33.896+0100] {logging_mixin.py:190} INFO - [2026-02-13T13:06:33.896+0100] {dag.py:4180} INFO - Setting next_dagrun for dataset_with_extra_by_yield to 2026-02-12 00:00:00+00:00, run_after=2026-02-13 00:00:00+00:00
[2026-02-13T13:06:33.900+0100] {logging_mixin.py:190} INFO - [2026-02-13T13:06:33.900+0100] {dag.py:4180} INFO - Setting next_dagrun for dataset_with_extra_from_classic_operator to 2026-02-12 00:00:00+00:00, run_after=2026-02-13 00:00:00+00:00
[2026-02-13T13:06:33.940+0100] {processor.py:208} INFO - Processing /home/gianotti/Documents/CryptoETL/.venv/lib/python3.12/site-packages/airflow/example_dags/example_outlet_event_extra.py took 0.162 seconds
[2026-02-13T13:07:42.635+0100] {processor.py:186} INFO - Started process (PID=36366) to work on /home/gianotti/Documents/CryptoETL/.venv/lib/python3.12/site-packages/airflow/example_dags/example_outlet_event_extra.py
[2026-02-13T13:07:42.638+0100] {processor.py:914} INFO - Processing file /home/gianotti/Documents/CryptoETL/.venv/lib/python3.12/site-packages/airflow/example_dags/example_outlet_event_extra.py for tasks to queue
[2026-02-13T13:07:42.640+0100] {logging_mixin.py:190} INFO - [2026-02-13T13:07:42.639+0100] {dagbag.py:588} INFO - Filling up the DagBag from /home/gianotti/Documents/CryptoETL/.venv/lib/python3.12/site-packages/airflow/example_dags/example_outlet_event_extra.py
[2026-02-13T13:07:42.665+0100] {processor.py:925} INFO - DAG(s) 'dataset_with_extra_from_classic_operator', 'dataset_with_extra_by_context', 'dataset_with_extra_by_yield' retrieved from /home/gianotti/Documents/CryptoETL/.venv/lib/python3.12/site-packages/airflow/example_dags/example_outlet_event_extra.py
[2026-02-13T13:07:42.696+0100] {logging_mixin.py:190} INFO - [2026-02-13T13:07:42.695+0100] {dag.py:3239} INFO - Sync 3 DAGs
[2026-02-13T13:07:42.729+0100] {logging_mixin.py:190} INFO - [2026-02-13T13:07:42.729+0100] {dag.py:4180} INFO - Setting next_dagrun for dataset_with_extra_by_context to 2026-02-12 00:00:00+00:00, run_after=2026-02-13 00:00:00+00:00
[2026-02-13T13:07:42.736+0100] {logging_mixin.py:190} INFO - [2026-02-13T13:07:42.736+0100] {dag.py:4180} INFO - Setting next_dagrun for dataset_with_extra_by_yield to 2026-02-12 00:00:00+00:00, run_after=2026-02-13 00:00:00+00:00
[2026-02-13T13:07:42.739+0100] {logging_mixin.py:190} INFO - [2026-02-13T13:07:42.739+0100] {dag.py:4180} INFO - Setting next_dagrun for dataset_with_extra_from_classic_operator to 2026-02-12 00:00:00+00:00, run_after=2026-02-13 00:00:00+00:00
[2026-02-13T13:07:42.773+0100] {processor.py:208} INFO - Processing /home/gianotti/Documents/CryptoETL/.venv/lib/python3.12/site-packages/airflow/example_dags/example_outlet_event_extra.py took 0.146 seconds
[2026-02-13T13:08:49.050+0100] {processor.py:186} INFO - Started process (PID=36489) to work on /home/gianotti/Documents/CryptoETL/.venv/lib/python3.12/site-packages/airflow/example_dags/example_outlet_event_extra.py
[2026-02-13T13:08:49.053+0100] {processor.py:914} INFO - Processing file /home/gianotti/Documents/CryptoETL/.venv/lib/python3.12/site-packages/airflow/example_dags/example_outlet_event_extra.py for tasks to queue
[2026-02-13T13:08:49.055+0100] {logging_mixin.py:190} INFO - [2026-02-13T13:08:49.054+0100] {dagbag.py:588} INFO - Filling up the DagBag from /home/gianotti/Documents/CryptoETL/.venv/lib/python3.12/site-packages/airflow/example_dags/example_outlet_event_extra.py
[2026-02-13T13:08:49.082+0100] {processor.py:925} INFO - DAG(s) 'dataset_with_extra_from_classic_operator', 'dataset_with_extra_by_context', 'dataset_with_extra_by_yield' retrieved from /home/gianotti/Documents/CryptoETL/.venv/lib/python3.12/site-packages/airflow/example_dags/example_outlet_event_extra.py
[2026-02-13T13:08:49.113+0100] {logging_mixin.py:190} INFO - [2026-02-13T13:08:49.112+0100] {dag.py:3239} INFO - Sync 3 DAGs
[2026-02-13T13:08:49.147+0100] {logging_mixin.py:190} INFO - [2026-02-13T13:08:49.147+0100] {dag.py:4180} INFO - Setting next_dagrun for dataset_with_extra_by_context to 2026-02-12 00:00:00+00:00, run_after=2026-02-13 00:00:00+00:00
[2026-02-13T13:08:49.155+0100] {logging_mixin.py:190} INFO - [2026-02-13T13:08:49.154+0100] {dag.py:4180} INFO - Setting next_dagrun for dataset_with_extra_by_yield to 2026-02-12 00:00:00+00:00, run_after=2026-02-13 00:00:00+00:00
[2026-02-13T13:08:49.158+0100] {logging_mixin.py:190} INFO - [2026-02-13T13:08:49.158+0100] {dag.py:4180} INFO - Setting next_dagrun for dataset_with_extra_from_classic_operator to 2026-02-12 00:00:00+00:00, run_after=2026-02-13 00:00:00+00:00
[2026-02-13T13:08:49.194+0100] {processor.py:208} INFO - Processing /home/gianotti/Documents/CryptoETL/.venv/lib/python3.12/site-packages/airflow/example_dags/example_outlet_event_extra.py took 0.154 seconds
[2026-02-13T13:09:57.829+0100] {processor.py:186} INFO - Started process (PID=36613) to work on /home/gianotti/Documents/CryptoETL/.venv/lib/python3.12/site-packages/airflow/example_dags/example_outlet_event_extra.py
[2026-02-13T13:09:57.832+0100] {processor.py:914} INFO - Processing file /home/gianotti/Documents/CryptoETL/.venv/lib/python3.12/site-packages/airflow/example_dags/example_outlet_event_extra.py for tasks to queue
[2026-02-13T13:09:57.834+0100] {logging_mixin.py:190} INFO - [2026-02-13T13:09:57.833+0100] {dagbag.py:588} INFO - Filling up the DagBag from /home/gianotti/Documents/CryptoETL/.venv/lib/python3.12/site-packages/airflow/example_dags/example_outlet_event_extra.py
[2026-02-13T13:09:57.859+0100] {processor.py:925} INFO - DAG(s) 'dataset_with_extra_from_classic_operator', 'dataset_with_extra_by_yield', 'dataset_with_extra_by_context' retrieved from /home/gianotti/Documents/CryptoETL/.venv/lib/python3.12/site-packages/airflow/example_dags/example_outlet_event_extra.py
[2026-02-13T13:09:57.892+0100] {logging_mixin.py:190} INFO - [2026-02-13T13:09:57.891+0100] {dag.py:3239} INFO - Sync 3 DAGs
[2026-02-13T13:09:57.926+0100] {logging_mixin.py:190} INFO - [2026-02-13T13:09:57.926+0100] {dag.py:4180} INFO - Setting next_dagrun for dataset_with_extra_by_context to 2026-02-12 00:00:00+00:00, run_after=2026-02-13 00:00:00+00:00
[2026-02-13T13:09:57.934+0100] {logging_mixin.py:190} INFO - [2026-02-13T13:09:57.933+0100] {dag.py:4180} INFO - Setting next_dagrun for dataset_with_extra_by_yield to 2026-02-12 00:00:00+00:00, run_after=2026-02-13 00:00:00+00:00
[2026-02-13T13:09:57.937+0100] {logging_mixin.py:190} INFO - [2026-02-13T13:09:57.937+0100] {dag.py:4180} INFO - Setting next_dagrun for dataset_with_extra_from_classic_operator to 2026-02-12 00:00:00+00:00, run_after=2026-02-13 00:00:00+00:00
[2026-02-13T13:09:57.973+0100] {processor.py:208} INFO - Processing /home/gianotti/Documents/CryptoETL/.venv/lib/python3.12/site-packages/airflow/example_dags/example_outlet_event_extra.py took 0.153 seconds
[2026-02-13T13:11:02.944+0100] {processor.py:186} INFO - Started process (PID=36730) to work on /home/gianotti/Documents/CryptoETL/.venv/lib/python3.12/site-packages/airflow/example_dags/example_outlet_event_extra.py
[2026-02-13T13:11:02.949+0100] {processor.py:914} INFO - Processing file /home/gianotti/Documents/CryptoETL/.venv/lib/python3.12/site-packages/airflow/example_dags/example_outlet_event_extra.py for tasks to queue
[2026-02-13T13:11:02.955+0100] {logging_mixin.py:190} INFO - [2026-02-13T13:11:02.951+0100] {dagbag.py:588} INFO - Filling up the DagBag from /home/gianotti/Documents/CryptoETL/.venv/lib/python3.12/site-packages/airflow/example_dags/example_outlet_event_extra.py
[2026-02-13T13:11:02.992+0100] {processor.py:925} INFO - DAG(s) 'dataset_with_extra_by_context', 'dataset_with_extra_by_yield', 'dataset_with_extra_from_classic_operator' retrieved from /home/gianotti/Documents/CryptoETL/.venv/lib/python3.12/site-packages/airflow/example_dags/example_outlet_event_extra.py
[2026-02-13T13:11:03.034+0100] {logging_mixin.py:190} INFO - [2026-02-13T13:11:03.033+0100] {dag.py:3239} INFO - Sync 3 DAGs
[2026-02-13T13:11:03.081+0100] {logging_mixin.py:190} INFO - [2026-02-13T13:11:03.080+0100] {dag.py:4180} INFO - Setting next_dagrun for dataset_with_extra_by_context to 2026-02-12 00:00:00+00:00, run_after=2026-02-13 00:00:00+00:00
[2026-02-13T13:11:03.089+0100] {logging_mixin.py:190} INFO - [2026-02-13T13:11:03.089+0100] {dag.py:4180} INFO - Setting next_dagrun for dataset_with_extra_by_yield to 2026-02-12 00:00:00+00:00, run_after=2026-02-13 00:00:00+00:00
[2026-02-13T13:11:03.093+0100] {logging_mixin.py:190} INFO - [2026-02-13T13:11:03.093+0100] {dag.py:4180} INFO - Setting next_dagrun for dataset_with_extra_from_classic_operator to 2026-02-12 00:00:00+00:00, run_after=2026-02-13 00:00:00+00:00
[2026-02-13T13:11:03.133+0100] {processor.py:208} INFO - Processing /home/gianotti/Documents/CryptoETL/.venv/lib/python3.12/site-packages/airflow/example_dags/example_outlet_event_extra.py took 0.200 seconds
[2026-02-13T13:12:10.484+0100] {processor.py:186} INFO - Started process (PID=36838) to work on /home/gianotti/Documents/CryptoETL/.venv/lib/python3.12/site-packages/airflow/example_dags/example_outlet_event_extra.py
[2026-02-13T13:12:10.486+0100] {processor.py:914} INFO - Processing file /home/gianotti/Documents/CryptoETL/.venv/lib/python3.12/site-packages/airflow/example_dags/example_outlet_event_extra.py for tasks to queue
[2026-02-13T13:12:10.489+0100] {logging_mixin.py:190} INFO - [2026-02-13T13:12:10.488+0100] {dagbag.py:588} INFO - Filling up the DagBag from /home/gianotti/Documents/CryptoETL/.venv/lib/python3.12/site-packages/airflow/example_dags/example_outlet_event_extra.py
[2026-02-13T13:12:10.514+0100] {processor.py:925} INFO - DAG(s) 'dataset_with_extra_by_yield', 'dataset_with_extra_by_context', 'dataset_with_extra_from_classic_operator' retrieved from /home/gianotti/Documents/CryptoETL/.venv/lib/python3.12/site-packages/airflow/example_dags/example_outlet_event_extra.py
[2026-02-13T13:12:10.546+0100] {logging_mixin.py:190} INFO - [2026-02-13T13:12:10.546+0100] {dag.py:3239} INFO - Sync 3 DAGs
[2026-02-13T13:12:10.581+0100] {logging_mixin.py:190} INFO - [2026-02-13T13:12:10.581+0100] {dag.py:4180} INFO - Setting next_dagrun for dataset_with_extra_by_context to 2026-02-12 00:00:00+00:00, run_after=2026-02-13 00:00:00+00:00
[2026-02-13T13:12:10.588+0100] {logging_mixin.py:190} INFO - [2026-02-13T13:12:10.588+0100] {dag.py:4180} INFO - Setting next_dagrun for dataset_with_extra_by_yield to 2026-02-12 00:00:00+00:00, run_after=2026-02-13 00:00:00+00:00
[2026-02-13T13:12:10.591+0100] {logging_mixin.py:190} INFO - [2026-02-13T13:12:10.591+0100] {dag.py:4180} INFO - Setting next_dagrun for dataset_with_extra_from_classic_operator to 2026-02-12 00:00:00+00:00, run_after=2026-02-13 00:00:00+00:00
[2026-02-13T13:12:10.624+0100] {processor.py:208} INFO - Processing /home/gianotti/Documents/CryptoETL/.venv/lib/python3.12/site-packages/airflow/example_dags/example_outlet_event_extra.py took 0.150 seconds
[2026-02-13T13:13:12.619+0100] {processor.py:186} INFO - Started process (PID=36946) to work on /home/gianotti/Documents/CryptoETL/.venv/lib/python3.12/site-packages/airflow/example_dags/example_outlet_event_extra.py
[2026-02-13T13:13:12.622+0100] {processor.py:914} INFO - Processing file /home/gianotti/Documents/CryptoETL/.venv/lib/python3.12/site-packages/airflow/example_dags/example_outlet_event_extra.py for tasks to queue
[2026-02-13T13:13:12.624+0100] {logging_mixin.py:190} INFO - [2026-02-13T13:13:12.623+0100] {dagbag.py:588} INFO - Filling up the DagBag from /home/gianotti/Documents/CryptoETL/.venv/lib/python3.12/site-packages/airflow/example_dags/example_outlet_event_extra.py
[2026-02-13T13:13:12.651+0100] {processor.py:925} INFO - DAG(s) 'dataset_with_extra_from_classic_operator', 'dataset_with_extra_by_context', 'dataset_with_extra_by_yield' retrieved from /home/gianotti/Documents/CryptoETL/.venv/lib/python3.12/site-packages/airflow/example_dags/example_outlet_event_extra.py
[2026-02-13T13:13:12.683+0100] {logging_mixin.py:190} INFO - [2026-02-13T13:13:12.683+0100] {dag.py:3239} INFO - Sync 3 DAGs
[2026-02-13T13:13:12.725+0100] {logging_mixin.py:190} INFO - [2026-02-13T13:13:12.725+0100] {dag.py:4180} INFO - Setting next_dagrun for dataset_with_extra_by_context to 2026-02-12 00:00:00+00:00, run_after=2026-02-13 00:00:00+00:00
[2026-02-13T13:13:12.733+0100] {logging_mixin.py:190} INFO - [2026-02-13T13:13:12.733+0100] {dag.py:4180} INFO - Setting next_dagrun for dataset_with_extra_by_yield to 2026-02-12 00:00:00+00:00, run_after=2026-02-13 00:00:00+00:00
[2026-02-13T13:13:12.738+0100] {logging_mixin.py:190} INFO - [2026-02-13T13:13:12.737+0100] {dag.py:4180} INFO - Setting next_dagrun for dataset_with_extra_from_classic_operator to 2026-02-12 00:00:00+00:00, run_after=2026-02-13 00:00:00+00:00
[2026-02-13T13:13:12.776+0100] {processor.py:208} INFO - Processing /home/gianotti/Documents/CryptoETL/.venv/lib/python3.12/site-packages/airflow/example_dags/example_outlet_event_extra.py took 0.166 seconds
[2026-02-13T13:14:18.646+0100] {processor.py:186} INFO - Started process (PID=37135) to work on /home/gianotti/Documents/CryptoETL/.venv/lib/python3.12/site-packages/airflow/example_dags/example_outlet_event_extra.py
[2026-02-13T13:14:18.649+0100] {processor.py:914} INFO - Processing file /home/gianotti/Documents/CryptoETL/.venv/lib/python3.12/site-packages/airflow/example_dags/example_outlet_event_extra.py for tasks to queue
[2026-02-13T13:14:18.651+0100] {logging_mixin.py:190} INFO - [2026-02-13T13:14:18.651+0100] {dagbag.py:588} INFO - Filling up the DagBag from /home/gianotti/Documents/CryptoETL/.venv/lib/python3.12/site-packages/airflow/example_dags/example_outlet_event_extra.py
[2026-02-13T13:14:18.679+0100] {processor.py:925} INFO - DAG(s) 'dataset_with_extra_by_context', 'dataset_with_extra_from_classic_operator', 'dataset_with_extra_by_yield' retrieved from /home/gianotti/Documents/CryptoETL/.venv/lib/python3.12/site-packages/airflow/example_dags/example_outlet_event_extra.py
[2026-02-13T13:14:18.713+0100] {logging_mixin.py:190} INFO - [2026-02-13T13:14:18.713+0100] {dag.py:3239} INFO - Sync 3 DAGs
[2026-02-13T13:14:18.752+0100] {logging_mixin.py:190} INFO - [2026-02-13T13:14:18.751+0100] {dag.py:4180} INFO - Setting next_dagrun for dataset_with_extra_by_context to 2026-02-12 00:00:00+00:00, run_after=2026-02-13 00:00:00+00:00
[2026-02-13T13:14:18.759+0100] {logging_mixin.py:190} INFO - [2026-02-13T13:14:18.759+0100] {dag.py:4180} INFO - Setting next_dagrun for dataset_with_extra_by_yield to 2026-02-12 00:00:00+00:00, run_after=2026-02-13 00:00:00+00:00
[2026-02-13T13:14:18.763+0100] {logging_mixin.py:190} INFO - [2026-02-13T13:14:18.762+0100] {dag.py:4180} INFO - Setting next_dagrun for dataset_with_extra_from_classic_operator to 2026-02-12 00:00:00+00:00, run_after=2026-02-13 00:00:00+00:00
[2026-02-13T13:14:18.799+0100] {processor.py:208} INFO - Processing /home/gianotti/Documents/CryptoETL/.venv/lib/python3.12/site-packages/airflow/example_dags/example_outlet_event_extra.py took 0.163 seconds
[2026-02-13T13:15:24.124+0100] {processor.py:186} INFO - Started process (PID=37254) to work on /home/gianotti/Documents/CryptoETL/.venv/lib/python3.12/site-packages/airflow/example_dags/example_outlet_event_extra.py
[2026-02-13T13:15:24.127+0100] {processor.py:914} INFO - Processing file /home/gianotti/Documents/CryptoETL/.venv/lib/python3.12/site-packages/airflow/example_dags/example_outlet_event_extra.py for tasks to queue
[2026-02-13T13:15:24.129+0100] {logging_mixin.py:190} INFO - [2026-02-13T13:15:24.128+0100] {dagbag.py:588} INFO - Filling up the DagBag from /home/gianotti/Documents/CryptoETL/.venv/lib/python3.12/site-packages/airflow/example_dags/example_outlet_event_extra.py
[2026-02-13T13:15:24.154+0100] {processor.py:925} INFO - DAG(s) 'dataset_with_extra_by_yield', 'dataset_with_extra_by_context', 'dataset_with_extra_from_classic_operator' retrieved from /home/gianotti/Documents/CryptoETL/.venv/lib/python3.12/site-packages/airflow/example_dags/example_outlet_event_extra.py
[2026-02-13T13:15:24.186+0100] {logging_mixin.py:190} INFO - [2026-02-13T13:15:24.186+0100] {dag.py:3239} INFO - Sync 3 DAGs
[2026-02-13T13:15:24.222+0100] {logging_mixin.py:190} INFO - [2026-02-13T13:15:24.221+0100] {dag.py:4180} INFO - Setting next_dagrun for dataset_with_extra_by_context to 2026-02-12 00:00:00+00:00, run_after=2026-02-13 00:00:00+00:00
[2026-02-13T13:15:24.229+0100] {logging_mixin.py:190} INFO - [2026-02-13T13:15:24.228+0100] {dag.py:4180} INFO - Setting next_dagrun for dataset_with_extra_by_yield to 2026-02-12 00:00:00+00:00, run_after=2026-02-13 00:00:00+00:00
[2026-02-13T13:15:24.232+0100] {logging_mixin.py:190} INFO - [2026-02-13T13:15:24.232+0100] {dag.py:4180} INFO - Setting next_dagrun for dataset_with_extra_from_classic_operator to 2026-02-12 00:00:00+00:00, run_after=2026-02-13 00:00:00+00:00
[2026-02-13T13:15:24.265+0100] {processor.py:208} INFO - Processing /home/gianotti/Documents/CryptoETL/.venv/lib/python3.12/site-packages/airflow/example_dags/example_outlet_event_extra.py took 0.151 seconds
[2026-02-13T13:16:30.496+0100] {processor.py:186} INFO - Started process (PID=37443) to work on /home/gianotti/Documents/CryptoETL/.venv/lib/python3.12/site-packages/airflow/example_dags/example_outlet_event_extra.py
[2026-02-13T13:16:30.498+0100] {processor.py:914} INFO - Processing file /home/gianotti/Documents/CryptoETL/.venv/lib/python3.12/site-packages/airflow/example_dags/example_outlet_event_extra.py for tasks to queue
[2026-02-13T13:16:30.500+0100] {logging_mixin.py:190} INFO - [2026-02-13T13:16:30.500+0100] {dagbag.py:588} INFO - Filling up the DagBag from /home/gianotti/Documents/CryptoETL/.venv/lib/python3.12/site-packages/airflow/example_dags/example_outlet_event_extra.py
[2026-02-13T13:16:30.526+0100] {processor.py:925} INFO - DAG(s) 'dataset_with_extra_by_context', 'dataset_with_extra_from_classic_operator', 'dataset_with_extra_by_yield' retrieved from /home/gianotti/Documents/CryptoETL/.venv/lib/python3.12/site-packages/airflow/example_dags/example_outlet_event_extra.py
[2026-02-13T13:16:30.556+0100] {logging_mixin.py:190} INFO - [2026-02-13T13:16:30.556+0100] {dag.py:3239} INFO - Sync 3 DAGs
[2026-02-13T13:16:30.592+0100] {logging_mixin.py:190} INFO - [2026-02-13T13:16:30.591+0100] {dag.py:4180} INFO - Setting next_dagrun for dataset_with_extra_by_context to 2026-02-12 00:00:00+00:00, run_after=2026-02-13 00:00:00+00:00
[2026-02-13T13:16:30.599+0100] {logging_mixin.py:190} INFO - [2026-02-13T13:16:30.598+0100] {dag.py:4180} INFO - Setting next_dagrun for dataset_with_extra_by_yield to 2026-02-12 00:00:00+00:00, run_after=2026-02-13 00:00:00+00:00
[2026-02-13T13:16:30.602+0100] {logging_mixin.py:190} INFO - [2026-02-13T13:16:30.602+0100] {dag.py:4180} INFO - Setting next_dagrun for dataset_with_extra_from_classic_operator to 2026-02-12 00:00:00+00:00, run_after=2026-02-13 00:00:00+00:00
[2026-02-13T13:16:30.637+0100] {processor.py:208} INFO - Processing /home/gianotti/Documents/CryptoETL/.venv/lib/python3.12/site-packages/airflow/example_dags/example_outlet_event_extra.py took 0.150 seconds
[2026-02-13T13:17:34.612+0100] {processor.py:186} INFO - Started process (PID=37536) to work on /home/gianotti/Documents/CryptoETL/.venv/lib/python3.12/site-packages/airflow/example_dags/example_outlet_event_extra.py
[2026-02-13T13:17:34.614+0100] {processor.py:914} INFO - Processing file /home/gianotti/Documents/CryptoETL/.venv/lib/python3.12/site-packages/airflow/example_dags/example_outlet_event_extra.py for tasks to queue
[2026-02-13T13:17:34.616+0100] {logging_mixin.py:190} INFO - [2026-02-13T13:17:34.616+0100] {dagbag.py:588} INFO - Filling up the DagBag from /home/gianotti/Documents/CryptoETL/.venv/lib/python3.12/site-packages/airflow/example_dags/example_outlet_event_extra.py
[2026-02-13T13:17:34.641+0100] {processor.py:925} INFO - DAG(s) 'dataset_with_extra_by_context', 'dataset_with_extra_by_yield', 'dataset_with_extra_from_classic_operator' retrieved from /home/gianotti/Documents/CryptoETL/.venv/lib/python3.12/site-packages/airflow/example_dags/example_outlet_event_extra.py
[2026-02-13T13:17:34.670+0100] {logging_mixin.py:190} INFO - [2026-02-13T13:17:34.670+0100] {dag.py:3239} INFO - Sync 3 DAGs
[2026-02-13T13:17:34.704+0100] {logging_mixin.py:190} INFO - [2026-02-13T13:17:34.703+0100] {dag.py:4180} INFO - Setting next_dagrun for dataset_with_extra_by_context to 2026-02-12 00:00:00+00:00, run_after=2026-02-13 00:00:00+00:00
[2026-02-13T13:17:34.711+0100] {logging_mixin.py:190} INFO - [2026-02-13T13:17:34.710+0100] {dag.py:4180} INFO - Setting next_dagrun for dataset_with_extra_by_yield to 2026-02-12 00:00:00+00:00, run_after=2026-02-13 00:00:00+00:00
[2026-02-13T13:17:34.714+0100] {logging_mixin.py:190} INFO - [2026-02-13T13:17:34.714+0100] {dag.py:4180} INFO - Setting next_dagrun for dataset_with_extra_from_classic_operator to 2026-02-12 00:00:00+00:00, run_after=2026-02-13 00:00:00+00:00
[2026-02-13T13:17:34.747+0100] {processor.py:208} INFO - Processing /home/gianotti/Documents/CryptoETL/.venv/lib/python3.12/site-packages/airflow/example_dags/example_outlet_event_extra.py took 0.145 seconds
[2026-02-13T13:18:41.992+0100] {processor.py:186} INFO - Started process (PID=37660) to work on /home/gianotti/Documents/CryptoETL/.venv/lib/python3.12/site-packages/airflow/example_dags/example_outlet_event_extra.py
[2026-02-13T13:18:41.994+0100] {processor.py:914} INFO - Processing file /home/gianotti/Documents/CryptoETL/.venv/lib/python3.12/site-packages/airflow/example_dags/example_outlet_event_extra.py for tasks to queue
[2026-02-13T13:18:41.996+0100] {logging_mixin.py:190} INFO - [2026-02-13T13:18:41.996+0100] {dagbag.py:588} INFO - Filling up the DagBag from /home/gianotti/Documents/CryptoETL/.venv/lib/python3.12/site-packages/airflow/example_dags/example_outlet_event_extra.py
[2026-02-13T13:18:42.023+0100] {processor.py:925} INFO - DAG(s) 'dataset_with_extra_by_yield', 'dataset_with_extra_by_context', 'dataset_with_extra_from_classic_operator' retrieved from /home/gianotti/Documents/CryptoETL/.venv/lib/python3.12/site-packages/airflow/example_dags/example_outlet_event_extra.py
[2026-02-13T13:18:42.057+0100] {logging_mixin.py:190} INFO - [2026-02-13T13:18:42.056+0100] {dag.py:3239} INFO - Sync 3 DAGs
[2026-02-13T13:18:42.100+0100] {logging_mixin.py:190} INFO - [2026-02-13T13:18:42.099+0100] {dag.py:4180} INFO - Setting next_dagrun for dataset_with_extra_by_context to 2026-02-12 00:00:00+00:00, run_after=2026-02-13 00:00:00+00:00
[2026-02-13T13:18:42.109+0100] {logging_mixin.py:190} INFO - [2026-02-13T13:18:42.109+0100] {dag.py:4180} INFO - Setting next_dagrun for dataset_with_extra_by_yield to 2026-02-12 00:00:00+00:00, run_after=2026-02-13 00:00:00+00:00
[2026-02-13T13:18:42.113+0100] {logging_mixin.py:190} INFO - [2026-02-13T13:18:42.113+0100] {dag.py:4180} INFO - Setting next_dagrun for dataset_with_extra_from_classic_operator to 2026-02-12 00:00:00+00:00, run_after=2026-02-13 00:00:00+00:00
[2026-02-13T13:18:42.152+0100] {processor.py:208} INFO - Processing /home/gianotti/Documents/CryptoETL/.venv/lib/python3.12/site-packages/airflow/example_dags/example_outlet_event_extra.py took 0.170 seconds
[2026-02-13T13:19:46.468+0100] {processor.py:186} INFO - Started process (PID=37743) to work on /home/gianotti/Documents/CryptoETL/.venv/lib/python3.12/site-packages/airflow/example_dags/example_outlet_event_extra.py
[2026-02-13T13:19:46.470+0100] {processor.py:914} INFO - Processing file /home/gianotti/Documents/CryptoETL/.venv/lib/python3.12/site-packages/airflow/example_dags/example_outlet_event_extra.py for tasks to queue
[2026-02-13T13:19:46.473+0100] {logging_mixin.py:190} INFO - [2026-02-13T13:19:46.472+0100] {dagbag.py:588} INFO - Filling up the DagBag from /home/gianotti/Documents/CryptoETL/.venv/lib/python3.12/site-packages/airflow/example_dags/example_outlet_event_extra.py
[2026-02-13T13:19:46.500+0100] {processor.py:925} INFO - DAG(s) 'dataset_with_extra_by_yield', 'dataset_with_extra_by_context', 'dataset_with_extra_from_classic_operator' retrieved from /home/gianotti/Documents/CryptoETL/.venv/lib/python3.12/site-packages/airflow/example_dags/example_outlet_event_extra.py
[2026-02-13T13:19:46.535+0100] {logging_mixin.py:190} INFO - [2026-02-13T13:19:46.534+0100] {dag.py:3239} INFO - Sync 3 DAGs
[2026-02-13T13:19:46.575+0100] {logging_mixin.py:190} INFO - [2026-02-13T13:19:46.575+0100] {dag.py:4180} INFO - Setting next_dagrun for dataset_with_extra_by_context to 2026-02-12 00:00:00+00:00, run_after=2026-02-13 00:00:00+00:00
[2026-02-13T13:19:46.583+0100] {logging_mixin.py:190} INFO - [2026-02-13T13:19:46.583+0100] {dag.py:4180} INFO - Setting next_dagrun for dataset_with_extra_by_yield to 2026-02-12 00:00:00+00:00, run_after=2026-02-13 00:00:00+00:00
[2026-02-13T13:19:46.587+0100] {logging_mixin.py:190} INFO - [2026-02-13T13:19:46.587+0100] {dag.py:4180} INFO - Setting next_dagrun for dataset_with_extra_from_classic_operator to 2026-02-12 00:00:00+00:00, run_after=2026-02-13 00:00:00+00:00
[2026-02-13T13:19:46.626+0100] {processor.py:208} INFO - Processing /home/gianotti/Documents/CryptoETL/.venv/lib/python3.12/site-packages/airflow/example_dags/example_outlet_event_extra.py took 0.168 seconds
[2026-02-13T13:20:55.190+0100] {processor.py:186} INFO - Started process (PID=37849) to work on /home/gianotti/Documents/CryptoETL/.venv/lib/python3.12/site-packages/airflow/example_dags/example_outlet_event_extra.py
[2026-02-13T13:20:55.193+0100] {processor.py:914} INFO - Processing file /home/gianotti/Documents/CryptoETL/.venv/lib/python3.12/site-packages/airflow/example_dags/example_outlet_event_extra.py for tasks to queue
[2026-02-13T13:20:55.195+0100] {logging_mixin.py:190} INFO - [2026-02-13T13:20:55.194+0100] {dagbag.py:588} INFO - Filling up the DagBag from /home/gianotti/Documents/CryptoETL/.venv/lib/python3.12/site-packages/airflow/example_dags/example_outlet_event_extra.py
[2026-02-13T13:20:55.221+0100] {processor.py:925} INFO - DAG(s) 'dataset_with_extra_by_yield', 'dataset_with_extra_by_context', 'dataset_with_extra_from_classic_operator' retrieved from /home/gianotti/Documents/CryptoETL/.venv/lib/python3.12/site-packages/airflow/example_dags/example_outlet_event_extra.py
[2026-02-13T13:20:55.253+0100] {logging_mixin.py:190} INFO - [2026-02-13T13:20:55.252+0100] {dag.py:3239} INFO - Sync 3 DAGs
[2026-02-13T13:20:55.288+0100] {logging_mixin.py:190} INFO - [2026-02-13T13:20:55.287+0100] {dag.py:4180} INFO - Setting next_dagrun for dataset_with_extra_by_context to 2026-02-12 00:00:00+00:00, run_after=2026-02-13 00:00:00+00:00
[2026-02-13T13:20:55.295+0100] {logging_mixin.py:190} INFO - [2026-02-13T13:20:55.294+0100] {dag.py:4180} INFO - Setting next_dagrun for dataset_with_extra_by_yield to 2026-02-12 00:00:00+00:00, run_after=2026-02-13 00:00:00+00:00
[2026-02-13T13:20:55.298+0100] {logging_mixin.py:190} INFO - [2026-02-13T13:20:55.298+0100] {dag.py:4180} INFO - Setting next_dagrun for dataset_with_extra_from_classic_operator to 2026-02-12 00:00:00+00:00, run_after=2026-02-13 00:00:00+00:00
[2026-02-13T13:20:55.334+0100] {processor.py:208} INFO - Processing /home/gianotti/Documents/CryptoETL/.venv/lib/python3.12/site-packages/airflow/example_dags/example_outlet_event_extra.py took 0.154 seconds
