[2026-02-13T12:55:22.415+0100] {processor.py:186} INFO - Started process (PID=34950) to work on /home/gianotti/Documents/CryptoETL/.venv/lib/python3.12/site-packages/airflow/example_dags/example_setup_teardown.py
[2026-02-13T12:55:22.416+0100] {processor.py:914} INFO - Processing file /home/gianotti/Documents/CryptoETL/.venv/lib/python3.12/site-packages/airflow/example_dags/example_setup_teardown.py for tasks to queue
[2026-02-13T12:55:22.419+0100] {logging_mixin.py:190} INFO - [2026-02-13T12:55:22.419+0100] {dagbag.py:588} INFO - Filling up the DagBag from /home/gianotti/Documents/CryptoETL/.venv/lib/python3.12/site-packages/airflow/example_dags/example_setup_teardown.py
[2026-02-13T12:55:22.435+0100] {processor.py:925} INFO - DAG(s) 'example_setup_teardown' retrieved from /home/gianotti/Documents/CryptoETL/.venv/lib/python3.12/site-packages/airflow/example_dags/example_setup_teardown.py
[2026-02-13T12:55:22.534+0100] {logging_mixin.py:190} INFO - [2026-02-13T12:55:22.533+0100] {override.py:1930} INFO - Created Permission View: can edit on DAG:example_setup_teardown
[2026-02-13T12:55:22.553+0100] {logging_mixin.py:190} INFO - [2026-02-13T12:55:22.553+0100] {override.py:1930} INFO - Created Permission View: can read on DAG:example_setup_teardown
[2026-02-13T12:55:22.566+0100] {logging_mixin.py:190} INFO - [2026-02-13T12:55:22.566+0100] {override.py:1930} INFO - Created Permission View: can delete on DAG:example_setup_teardown
[2026-02-13T12:55:22.592+0100] {logging_mixin.py:190} INFO - [2026-02-13T12:55:22.591+0100] {override.py:1930} INFO - Created Permission View: can create on DAG Run:example_setup_teardown
[2026-02-13T12:55:22.605+0100] {logging_mixin.py:190} INFO - [2026-02-13T12:55:22.605+0100] {override.py:1930} INFO - Created Permission View: can read on DAG Run:example_setup_teardown
[2026-02-13T12:55:22.617+0100] {logging_mixin.py:190} INFO - [2026-02-13T12:55:22.617+0100] {override.py:1930} INFO - Created Permission View: can delete on DAG Run:example_setup_teardown
[2026-02-13T12:55:22.628+0100] {logging_mixin.py:190} INFO - [2026-02-13T12:55:22.628+0100] {override.py:1930} INFO - Created Permission View: menu access on DAG Run:example_setup_teardown
[2026-02-13T12:55:22.629+0100] {logging_mixin.py:190} INFO - [2026-02-13T12:55:22.629+0100] {dag.py:3239} INFO - Sync 1 DAGs
[2026-02-13T12:55:22.646+0100] {logging_mixin.py:190} INFO - [2026-02-13T12:55:22.646+0100] {dag.py:3262} INFO - Creating ORM DAG for example_setup_teardown
[2026-02-13T12:55:22.647+0100] {logging_mixin.py:190} INFO - [2026-02-13T12:55:22.647+0100] {dag.py:4180} INFO - Setting next_dagrun for example_setup_teardown to None, run_after=None
[2026-02-13T12:55:22.672+0100] {processor.py:208} INFO - Processing /home/gianotti/Documents/CryptoETL/.venv/lib/python3.12/site-packages/airflow/example_dags/example_setup_teardown.py took 0.268 seconds
[2026-02-13T12:56:27.027+0100] {processor.py:186} INFO - Started process (PID=35072) to work on /home/gianotti/Documents/CryptoETL/.venv/lib/python3.12/site-packages/airflow/example_dags/example_setup_teardown.py
[2026-02-13T12:56:27.031+0100] {processor.py:914} INFO - Processing file /home/gianotti/Documents/CryptoETL/.venv/lib/python3.12/site-packages/airflow/example_dags/example_setup_teardown.py for tasks to queue
[2026-02-13T12:56:27.034+0100] {logging_mixin.py:190} INFO - [2026-02-13T12:56:27.033+0100] {dagbag.py:588} INFO - Filling up the DagBag from /home/gianotti/Documents/CryptoETL/.venv/lib/python3.12/site-packages/airflow/example_dags/example_setup_teardown.py
[2026-02-13T12:56:27.049+0100] {processor.py:925} INFO - DAG(s) 'example_setup_teardown' retrieved from /home/gianotti/Documents/CryptoETL/.venv/lib/python3.12/site-packages/airflow/example_dags/example_setup_teardown.py
[2026-02-13T12:56:27.074+0100] {logging_mixin.py:190} INFO - [2026-02-13T12:56:27.074+0100] {dag.py:3239} INFO - Sync 1 DAGs
[2026-02-13T12:56:27.089+0100] {logging_mixin.py:190} INFO - [2026-02-13T12:56:27.089+0100] {dag.py:4180} INFO - Setting next_dagrun for example_setup_teardown to None, run_after=None
[2026-02-13T12:56:27.111+0100] {processor.py:208} INFO - Processing /home/gianotti/Documents/CryptoETL/.venv/lib/python3.12/site-packages/airflow/example_dags/example_setup_teardown.py took 0.092 seconds
[2026-02-13T12:57:25.399+0100] {processor.py:186} INFO - Started process (PID=35171) to work on /home/gianotti/Documents/CryptoETL/.venv/lib/python3.12/site-packages/airflow/example_dags/example_setup_teardown.py
[2026-02-13T12:57:25.402+0100] {processor.py:914} INFO - Processing file /home/gianotti/Documents/CryptoETL/.venv/lib/python3.12/site-packages/airflow/example_dags/example_setup_teardown.py for tasks to queue
[2026-02-13T12:57:25.406+0100] {logging_mixin.py:190} INFO - [2026-02-13T12:57:25.405+0100] {dagbag.py:588} INFO - Filling up the DagBag from /home/gianotti/Documents/CryptoETL/.venv/lib/python3.12/site-packages/airflow/example_dags/example_setup_teardown.py
[2026-02-13T12:57:25.420+0100] {processor.py:925} INFO - DAG(s) 'example_setup_teardown' retrieved from /home/gianotti/Documents/CryptoETL/.venv/lib/python3.12/site-packages/airflow/example_dags/example_setup_teardown.py
[2026-02-13T12:57:25.444+0100] {logging_mixin.py:190} INFO - [2026-02-13T12:57:25.443+0100] {dag.py:3239} INFO - Sync 1 DAGs
[2026-02-13T12:57:25.465+0100] {logging_mixin.py:190} INFO - [2026-02-13T12:57:25.464+0100] {dag.py:4180} INFO - Setting next_dagrun for example_setup_teardown to None, run_after=None
[2026-02-13T12:57:25.494+0100] {processor.py:208} INFO - Processing /home/gianotti/Documents/CryptoETL/.venv/lib/python3.12/site-packages/airflow/example_dags/example_setup_teardown.py took 0.104 seconds
[2026-02-13T12:58:23.118+0100] {processor.py:186} INFO - Started process (PID=35315) to work on /home/gianotti/Documents/CryptoETL/.venv/lib/python3.12/site-packages/airflow/example_dags/example_setup_teardown.py
[2026-02-13T12:58:23.121+0100] {processor.py:914} INFO - Processing file /home/gianotti/Documents/CryptoETL/.venv/lib/python3.12/site-packages/airflow/example_dags/example_setup_teardown.py for tasks to queue
[2026-02-13T12:58:23.125+0100] {logging_mixin.py:190} INFO - [2026-02-13T12:58:23.124+0100] {dagbag.py:588} INFO - Filling up the DagBag from /home/gianotti/Documents/CryptoETL/.venv/lib/python3.12/site-packages/airflow/example_dags/example_setup_teardown.py
[2026-02-13T12:58:23.139+0100] {processor.py:925} INFO - DAG(s) 'example_setup_teardown' retrieved from /home/gianotti/Documents/CryptoETL/.venv/lib/python3.12/site-packages/airflow/example_dags/example_setup_teardown.py
[2026-02-13T12:58:23.163+0100] {logging_mixin.py:190} INFO - [2026-02-13T12:58:23.162+0100] {dag.py:3239} INFO - Sync 1 DAGs
[2026-02-13T12:58:23.175+0100] {logging_mixin.py:190} INFO - [2026-02-13T12:58:23.175+0100] {dag.py:4180} INFO - Setting next_dagrun for example_setup_teardown to None, run_after=None
[2026-02-13T12:58:23.193+0100] {processor.py:208} INFO - Processing /home/gianotti/Documents/CryptoETL/.venv/lib/python3.12/site-packages/airflow/example_dags/example_setup_teardown.py took 0.083 seconds
[2026-02-13T12:59:17.732+0100] {processor.py:186} INFO - Started process (PID=35429) to work on /home/gianotti/Documents/CryptoETL/.venv/lib/python3.12/site-packages/airflow/example_dags/example_setup_teardown.py
[2026-02-13T12:59:17.735+0100] {processor.py:914} INFO - Processing file /home/gianotti/Documents/CryptoETL/.venv/lib/python3.12/site-packages/airflow/example_dags/example_setup_teardown.py for tasks to queue
[2026-02-13T12:59:17.739+0100] {logging_mixin.py:190} INFO - [2026-02-13T12:59:17.739+0100] {dagbag.py:588} INFO - Filling up the DagBag from /home/gianotti/Documents/CryptoETL/.venv/lib/python3.12/site-packages/airflow/example_dags/example_setup_teardown.py
[2026-02-13T12:59:17.754+0100] {processor.py:925} INFO - DAG(s) 'example_setup_teardown' retrieved from /home/gianotti/Documents/CryptoETL/.venv/lib/python3.12/site-packages/airflow/example_dags/example_setup_teardown.py
[2026-02-13T12:59:17.779+0100] {logging_mixin.py:190} INFO - [2026-02-13T12:59:17.778+0100] {dag.py:3239} INFO - Sync 1 DAGs
[2026-02-13T12:59:17.799+0100] {logging_mixin.py:190} INFO - [2026-02-13T12:59:17.799+0100] {dag.py:4180} INFO - Setting next_dagrun for example_setup_teardown to None, run_after=None
[2026-02-13T12:59:17.830+0100] {processor.py:208} INFO - Processing /home/gianotti/Documents/CryptoETL/.venv/lib/python3.12/site-packages/airflow/example_dags/example_setup_teardown.py took 0.108 seconds
[2026-02-13T13:00:12.052+0100] {processor.py:186} INFO - Started process (PID=35529) to work on /home/gianotti/Documents/CryptoETL/.venv/lib/python3.12/site-packages/airflow/example_dags/example_setup_teardown.py
[2026-02-13T13:00:12.054+0100] {processor.py:914} INFO - Processing file /home/gianotti/Documents/CryptoETL/.venv/lib/python3.12/site-packages/airflow/example_dags/example_setup_teardown.py for tasks to queue
[2026-02-13T13:00:12.056+0100] {logging_mixin.py:190} INFO - [2026-02-13T13:00:12.055+0100] {dagbag.py:588} INFO - Filling up the DagBag from /home/gianotti/Documents/CryptoETL/.venv/lib/python3.12/site-packages/airflow/example_dags/example_setup_teardown.py
[2026-02-13T13:00:12.065+0100] {processor.py:925} INFO - DAG(s) 'example_setup_teardown' retrieved from /home/gianotti/Documents/CryptoETL/.venv/lib/python3.12/site-packages/airflow/example_dags/example_setup_teardown.py
[2026-02-13T13:00:12.077+0100] {logging_mixin.py:190} INFO - [2026-02-13T13:00:12.077+0100] {dag.py:3239} INFO - Sync 1 DAGs
[2026-02-13T13:00:12.087+0100] {logging_mixin.py:190} INFO - [2026-02-13T13:00:12.087+0100] {dag.py:4180} INFO - Setting next_dagrun for example_setup_teardown to None, run_after=None
[2026-02-13T13:00:12.106+0100] {processor.py:208} INFO - Processing /home/gianotti/Documents/CryptoETL/.venv/lib/python3.12/site-packages/airflow/example_dags/example_setup_teardown.py took 0.061 seconds
[2026-02-13T13:01:09.371+0100] {processor.py:186} INFO - Started process (PID=35636) to work on /home/gianotti/Documents/CryptoETL/.venv/lib/python3.12/site-packages/airflow/example_dags/example_setup_teardown.py
[2026-02-13T13:01:09.374+0100] {processor.py:914} INFO - Processing file /home/gianotti/Documents/CryptoETL/.venv/lib/python3.12/site-packages/airflow/example_dags/example_setup_teardown.py for tasks to queue
[2026-02-13T13:01:09.376+0100] {logging_mixin.py:190} INFO - [2026-02-13T13:01:09.376+0100] {dagbag.py:588} INFO - Filling up the DagBag from /home/gianotti/Documents/CryptoETL/.venv/lib/python3.12/site-packages/airflow/example_dags/example_setup_teardown.py
[2026-02-13T13:01:09.392+0100] {processor.py:925} INFO - DAG(s) 'example_setup_teardown' retrieved from /home/gianotti/Documents/CryptoETL/.venv/lib/python3.12/site-packages/airflow/example_dags/example_setup_teardown.py
[2026-02-13T13:01:09.418+0100] {logging_mixin.py:190} INFO - [2026-02-13T13:01:09.418+0100] {dag.py:3239} INFO - Sync 1 DAGs
[2026-02-13T13:01:09.434+0100] {logging_mixin.py:190} INFO - [2026-02-13T13:01:09.433+0100] {dag.py:4180} INFO - Setting next_dagrun for example_setup_teardown to None, run_after=None
[2026-02-13T13:01:09.453+0100] {processor.py:208} INFO - Processing /home/gianotti/Documents/CryptoETL/.venv/lib/python3.12/site-packages/airflow/example_dags/example_setup_teardown.py took 0.091 seconds
[2026-02-13T13:02:10.260+0100] {processor.py:186} INFO - Started process (PID=35759) to work on /home/gianotti/Documents/CryptoETL/.venv/lib/python3.12/site-packages/airflow/example_dags/example_setup_teardown.py
[2026-02-13T13:02:10.263+0100] {processor.py:914} INFO - Processing file /home/gianotti/Documents/CryptoETL/.venv/lib/python3.12/site-packages/airflow/example_dags/example_setup_teardown.py for tasks to queue
[2026-02-13T13:02:10.264+0100] {logging_mixin.py:190} INFO - [2026-02-13T13:02:10.264+0100] {dagbag.py:588} INFO - Filling up the DagBag from /home/gianotti/Documents/CryptoETL/.venv/lib/python3.12/site-packages/airflow/example_dags/example_setup_teardown.py
[2026-02-13T13:02:10.278+0100] {processor.py:925} INFO - DAG(s) 'example_setup_teardown' retrieved from /home/gianotti/Documents/CryptoETL/.venv/lib/python3.12/site-packages/airflow/example_dags/example_setup_teardown.py
[2026-02-13T13:02:10.293+0100] {logging_mixin.py:190} INFO - [2026-02-13T13:02:10.293+0100] {dag.py:3239} INFO - Sync 1 DAGs
[2026-02-13T13:02:10.303+0100] {logging_mixin.py:190} INFO - [2026-02-13T13:02:10.303+0100] {dag.py:4180} INFO - Setting next_dagrun for example_setup_teardown to None, run_after=None
[2026-02-13T13:02:10.321+0100] {processor.py:208} INFO - Processing /home/gianotti/Documents/CryptoETL/.venv/lib/python3.12/site-packages/airflow/example_dags/example_setup_teardown.py took 0.069 seconds
[2026-02-13T13:03:07.485+0100] {processor.py:186} INFO - Started process (PID=35862) to work on /home/gianotti/Documents/CryptoETL/.venv/lib/python3.12/site-packages/airflow/example_dags/example_setup_teardown.py
[2026-02-13T13:03:07.487+0100] {processor.py:914} INFO - Processing file /home/gianotti/Documents/CryptoETL/.venv/lib/python3.12/site-packages/airflow/example_dags/example_setup_teardown.py for tasks to queue
[2026-02-13T13:03:07.488+0100] {logging_mixin.py:190} INFO - [2026-02-13T13:03:07.488+0100] {dagbag.py:588} INFO - Filling up the DagBag from /home/gianotti/Documents/CryptoETL/.venv/lib/python3.12/site-packages/airflow/example_dags/example_setup_teardown.py
[2026-02-13T13:03:07.504+0100] {processor.py:925} INFO - DAG(s) 'example_setup_teardown' retrieved from /home/gianotti/Documents/CryptoETL/.venv/lib/python3.12/site-packages/airflow/example_dags/example_setup_teardown.py
[2026-02-13T13:03:07.529+0100] {logging_mixin.py:190} INFO - [2026-02-13T13:03:07.529+0100] {dag.py:3239} INFO - Sync 1 DAGs
[2026-02-13T13:03:07.550+0100] {logging_mixin.py:190} INFO - [2026-02-13T13:03:07.550+0100] {dag.py:4180} INFO - Setting next_dagrun for example_setup_teardown to None, run_after=None
[2026-02-13T13:03:07.573+0100] {processor.py:208} INFO - Processing /home/gianotti/Documents/CryptoETL/.venv/lib/python3.12/site-packages/airflow/example_dags/example_setup_teardown.py took 0.098 seconds
[2026-02-13T13:04:04.933+0100] {processor.py:186} INFO - Started process (PID=36010) to work on /home/gianotti/Documents/CryptoETL/.venv/lib/python3.12/site-packages/airflow/example_dags/example_setup_teardown.py
[2026-02-13T13:04:04.936+0100] {processor.py:914} INFO - Processing file /home/gianotti/Documents/CryptoETL/.venv/lib/python3.12/site-packages/airflow/example_dags/example_setup_teardown.py for tasks to queue
[2026-02-13T13:04:04.938+0100] {logging_mixin.py:190} INFO - [2026-02-13T13:04:04.938+0100] {dagbag.py:588} INFO - Filling up the DagBag from /home/gianotti/Documents/CryptoETL/.venv/lib/python3.12/site-packages/airflow/example_dags/example_setup_teardown.py
[2026-02-13T13:04:04.953+0100] {processor.py:925} INFO - DAG(s) 'example_setup_teardown' retrieved from /home/gianotti/Documents/CryptoETL/.venv/lib/python3.12/site-packages/airflow/example_dags/example_setup_teardown.py
[2026-02-13T13:04:04.981+0100] {logging_mixin.py:190} INFO - [2026-02-13T13:04:04.980+0100] {dag.py:3239} INFO - Sync 1 DAGs
[2026-02-13T13:04:05.003+0100] {logging_mixin.py:190} INFO - [2026-02-13T13:04:05.003+0100] {dag.py:4180} INFO - Setting next_dagrun for example_setup_teardown to None, run_after=None
[2026-02-13T13:04:05.036+0100] {processor.py:208} INFO - Processing /home/gianotti/Documents/CryptoETL/.venv/lib/python3.12/site-packages/airflow/example_dags/example_setup_teardown.py took 0.112 seconds
[2026-02-13T13:05:07.778+0100] {processor.py:186} INFO - Started process (PID=36137) to work on /home/gianotti/Documents/CryptoETL/.venv/lib/python3.12/site-packages/airflow/example_dags/example_setup_teardown.py
[2026-02-13T13:05:07.781+0100] {processor.py:914} INFO - Processing file /home/gianotti/Documents/CryptoETL/.venv/lib/python3.12/site-packages/airflow/example_dags/example_setup_teardown.py for tasks to queue
[2026-02-13T13:05:07.783+0100] {logging_mixin.py:190} INFO - [2026-02-13T13:05:07.782+0100] {dagbag.py:588} INFO - Filling up the DagBag from /home/gianotti/Documents/CryptoETL/.venv/lib/python3.12/site-packages/airflow/example_dags/example_setup_teardown.py
[2026-02-13T13:05:07.799+0100] {processor.py:925} INFO - DAG(s) 'example_setup_teardown' retrieved from /home/gianotti/Documents/CryptoETL/.venv/lib/python3.12/site-packages/airflow/example_dags/example_setup_teardown.py
[2026-02-13T13:05:07.829+0100] {logging_mixin.py:190} INFO - [2026-02-13T13:05:07.829+0100] {dag.py:3239} INFO - Sync 1 DAGs
[2026-02-13T13:05:07.853+0100] {logging_mixin.py:190} INFO - [2026-02-13T13:05:07.852+0100] {dag.py:4180} INFO - Setting next_dagrun for example_setup_teardown to None, run_after=None
[2026-02-13T13:05:07.890+0100] {processor.py:208} INFO - Processing /home/gianotti/Documents/CryptoETL/.venv/lib/python3.12/site-packages/airflow/example_dags/example_setup_teardown.py took 0.121 seconds
[2026-02-13T13:06:12.920+0100] {processor.py:186} INFO - Started process (PID=36257) to work on /home/gianotti/Documents/CryptoETL/.venv/lib/python3.12/site-packages/airflow/example_dags/example_setup_teardown.py
[2026-02-13T13:06:12.922+0100] {processor.py:914} INFO - Processing file /home/gianotti/Documents/CryptoETL/.venv/lib/python3.12/site-packages/airflow/example_dags/example_setup_teardown.py for tasks to queue
[2026-02-13T13:06:12.924+0100] {logging_mixin.py:190} INFO - [2026-02-13T13:06:12.923+0100] {dagbag.py:588} INFO - Filling up the DagBag from /home/gianotti/Documents/CryptoETL/.venv/lib/python3.12/site-packages/airflow/example_dags/example_setup_teardown.py
[2026-02-13T13:06:12.939+0100] {processor.py:925} INFO - DAG(s) 'example_setup_teardown' retrieved from /home/gianotti/Documents/CryptoETL/.venv/lib/python3.12/site-packages/airflow/example_dags/example_setup_teardown.py
[2026-02-13T13:06:12.965+0100] {logging_mixin.py:190} INFO - [2026-02-13T13:06:12.964+0100] {dag.py:3239} INFO - Sync 1 DAGs
[2026-02-13T13:06:12.987+0100] {logging_mixin.py:190} INFO - [2026-02-13T13:06:12.986+0100] {dag.py:4180} INFO - Setting next_dagrun for example_setup_teardown to None, run_after=None
[2026-02-13T13:06:13.020+0100] {processor.py:208} INFO - Processing /home/gianotti/Documents/CryptoETL/.venv/lib/python3.12/site-packages/airflow/example_dags/example_setup_teardown.py took 0.110 seconds
[2026-02-13T13:07:19.400+0100] {processor.py:186} INFO - Started process (PID=36333) to work on /home/gianotti/Documents/CryptoETL/.venv/lib/python3.12/site-packages/airflow/example_dags/example_setup_teardown.py
[2026-02-13T13:07:19.403+0100] {processor.py:914} INFO - Processing file /home/gianotti/Documents/CryptoETL/.venv/lib/python3.12/site-packages/airflow/example_dags/example_setup_teardown.py for tasks to queue
[2026-02-13T13:07:19.405+0100] {logging_mixin.py:190} INFO - [2026-02-13T13:07:19.404+0100] {dagbag.py:588} INFO - Filling up the DagBag from /home/gianotti/Documents/CryptoETL/.venv/lib/python3.12/site-packages/airflow/example_dags/example_setup_teardown.py
[2026-02-13T13:07:19.420+0100] {processor.py:925} INFO - DAG(s) 'example_setup_teardown' retrieved from /home/gianotti/Documents/CryptoETL/.venv/lib/python3.12/site-packages/airflow/example_dags/example_setup_teardown.py
[2026-02-13T13:07:19.446+0100] {logging_mixin.py:190} INFO - [2026-02-13T13:07:19.446+0100] {dag.py:3239} INFO - Sync 1 DAGs
[2026-02-13T13:07:19.468+0100] {logging_mixin.py:190} INFO - [2026-02-13T13:07:19.468+0100] {dag.py:4180} INFO - Setting next_dagrun for example_setup_teardown to None, run_after=None
[2026-02-13T13:07:19.499+0100] {processor.py:208} INFO - Processing /home/gianotti/Documents/CryptoETL/.venv/lib/python3.12/site-packages/airflow/example_dags/example_setup_teardown.py took 0.109 seconds
[2026-02-13T13:08:29.648+0100] {processor.py:186} INFO - Started process (PID=36464) to work on /home/gianotti/Documents/CryptoETL/.venv/lib/python3.12/site-packages/airflow/example_dags/example_setup_teardown.py
[2026-02-13T13:08:29.651+0100] {processor.py:914} INFO - Processing file /home/gianotti/Documents/CryptoETL/.venv/lib/python3.12/site-packages/airflow/example_dags/example_setup_teardown.py for tasks to queue
[2026-02-13T13:08:29.653+0100] {logging_mixin.py:190} INFO - [2026-02-13T13:08:29.653+0100] {dagbag.py:588} INFO - Filling up the DagBag from /home/gianotti/Documents/CryptoETL/.venv/lib/python3.12/site-packages/airflow/example_dags/example_setup_teardown.py
[2026-02-13T13:08:29.668+0100] {processor.py:925} INFO - DAG(s) 'example_setup_teardown' retrieved from /home/gianotti/Documents/CryptoETL/.venv/lib/python3.12/site-packages/airflow/example_dags/example_setup_teardown.py
[2026-02-13T13:08:29.693+0100] {logging_mixin.py:190} INFO - [2026-02-13T13:08:29.693+0100] {dag.py:3239} INFO - Sync 1 DAGs
[2026-02-13T13:08:29.715+0100] {logging_mixin.py:190} INFO - [2026-02-13T13:08:29.714+0100] {dag.py:4180} INFO - Setting next_dagrun for example_setup_teardown to None, run_after=None
[2026-02-13T13:08:29.745+0100] {processor.py:208} INFO - Processing /home/gianotti/Documents/CryptoETL/.venv/lib/python3.12/site-packages/airflow/example_dags/example_setup_teardown.py took 0.105 seconds
[2026-02-13T13:09:37.159+0100] {processor.py:186} INFO - Started process (PID=36594) to work on /home/gianotti/Documents/CryptoETL/.venv/lib/python3.12/site-packages/airflow/example_dags/example_setup_teardown.py
[2026-02-13T13:09:37.161+0100] {processor.py:914} INFO - Processing file /home/gianotti/Documents/CryptoETL/.venv/lib/python3.12/site-packages/airflow/example_dags/example_setup_teardown.py for tasks to queue
[2026-02-13T13:09:37.163+0100] {logging_mixin.py:190} INFO - [2026-02-13T13:09:37.162+0100] {dagbag.py:588} INFO - Filling up the DagBag from /home/gianotti/Documents/CryptoETL/.venv/lib/python3.12/site-packages/airflow/example_dags/example_setup_teardown.py
[2026-02-13T13:09:37.178+0100] {processor.py:925} INFO - DAG(s) 'example_setup_teardown' retrieved from /home/gianotti/Documents/CryptoETL/.venv/lib/python3.12/site-packages/airflow/example_dags/example_setup_teardown.py
[2026-02-13T13:09:37.202+0100] {logging_mixin.py:190} INFO - [2026-02-13T13:09:37.201+0100] {dag.py:3239} INFO - Sync 1 DAGs
[2026-02-13T13:09:37.222+0100] {logging_mixin.py:190} INFO - [2026-02-13T13:09:37.222+0100] {dag.py:4180} INFO - Setting next_dagrun for example_setup_teardown to None, run_after=None
[2026-02-13T13:09:37.253+0100] {processor.py:208} INFO - Processing /home/gianotti/Documents/CryptoETL/.venv/lib/python3.12/site-packages/airflow/example_dags/example_setup_teardown.py took 0.103 seconds
[2026-02-13T13:10:47.757+0100] {processor.py:186} INFO - Started process (PID=36712) to work on /home/gianotti/Documents/CryptoETL/.venv/lib/python3.12/site-packages/airflow/example_dags/example_setup_teardown.py
[2026-02-13T13:10:47.760+0100] {processor.py:914} INFO - Processing file /home/gianotti/Documents/CryptoETL/.venv/lib/python3.12/site-packages/airflow/example_dags/example_setup_teardown.py for tasks to queue
[2026-02-13T13:10:47.763+0100] {logging_mixin.py:190} INFO - [2026-02-13T13:10:47.762+0100] {dagbag.py:588} INFO - Filling up the DagBag from /home/gianotti/Documents/CryptoETL/.venv/lib/python3.12/site-packages/airflow/example_dags/example_setup_teardown.py
[2026-02-13T13:10:47.778+0100] {processor.py:925} INFO - DAG(s) 'example_setup_teardown' retrieved from /home/gianotti/Documents/CryptoETL/.venv/lib/python3.12/site-packages/airflow/example_dags/example_setup_teardown.py
[2026-02-13T13:10:47.803+0100] {logging_mixin.py:190} INFO - [2026-02-13T13:10:47.803+0100] {dag.py:3239} INFO - Sync 1 DAGs
[2026-02-13T13:10:47.827+0100] {logging_mixin.py:190} INFO - [2026-02-13T13:10:47.827+0100] {dag.py:4180} INFO - Setting next_dagrun for example_setup_teardown to None, run_after=None
[2026-02-13T13:10:47.865+0100] {processor.py:208} INFO - Processing /home/gianotti/Documents/CryptoETL/.venv/lib/python3.12/site-packages/airflow/example_dags/example_setup_teardown.py took 0.117 seconds
[2026-02-13T13:11:52.681+0100] {processor.py:186} INFO - Started process (PID=36794) to work on /home/gianotti/Documents/CryptoETL/.venv/lib/python3.12/site-packages/airflow/example_dags/example_setup_teardown.py
[2026-02-13T13:11:52.684+0100] {processor.py:914} INFO - Processing file /home/gianotti/Documents/CryptoETL/.venv/lib/python3.12/site-packages/airflow/example_dags/example_setup_teardown.py for tasks to queue
[2026-02-13T13:11:52.686+0100] {logging_mixin.py:190} INFO - [2026-02-13T13:11:52.685+0100] {dagbag.py:588} INFO - Filling up the DagBag from /home/gianotti/Documents/CryptoETL/.venv/lib/python3.12/site-packages/airflow/example_dags/example_setup_teardown.py
[2026-02-13T13:11:52.702+0100] {processor.py:925} INFO - DAG(s) 'example_setup_teardown' retrieved from /home/gianotti/Documents/CryptoETL/.venv/lib/python3.12/site-packages/airflow/example_dags/example_setup_teardown.py
[2026-02-13T13:11:52.727+0100] {logging_mixin.py:190} INFO - [2026-02-13T13:11:52.726+0100] {dag.py:3239} INFO - Sync 1 DAGs
[2026-02-13T13:11:52.748+0100] {logging_mixin.py:190} INFO - [2026-02-13T13:11:52.747+0100] {dag.py:4180} INFO - Setting next_dagrun for example_setup_teardown to None, run_after=None
[2026-02-13T13:11:52.779+0100] {processor.py:208} INFO - Processing /home/gianotti/Documents/CryptoETL/.venv/lib/python3.12/site-packages/airflow/example_dags/example_setup_teardown.py took 0.106 seconds
