[2026-02-13T12:55:55.481+0100] {processor.py:186} INFO - Started process (PID=34991) to work on /home/gianotti/Documents/CryptoETL/.venv/lib/python3.12/site-packages/airflow/example_dags/example_branch_python_dop_operator_3.py
[2026-02-13T12:55:55.482+0100] {processor.py:914} INFO - Processing file /home/gianotti/Documents/CryptoETL/.venv/lib/python3.12/site-packages/airflow/example_dags/example_branch_python_dop_operator_3.py for tasks to queue
[2026-02-13T12:55:55.486+0100] {logging_mixin.py:190} INFO - [2026-02-13T12:55:55.485+0100] {dagbag.py:588} INFO - Filling up the DagBag from /home/gianotti/Documents/CryptoETL/.venv/lib/python3.12/site-packages/airflow/example_dags/example_branch_python_dop_operator_3.py
[2026-02-13T12:55:55.505+0100] {processor.py:925} INFO - DAG(s) 'example_branch_dop_operator_v3' retrieved from /home/gianotti/Documents/CryptoETL/.venv/lib/python3.12/site-packages/airflow/example_dags/example_branch_python_dop_operator_3.py
[2026-02-13T12:55:55.605+0100] {logging_mixin.py:190} INFO - [2026-02-13T12:55:55.604+0100] {override.py:1930} INFO - Created Permission View: can edit on DAG:example_branch_dop_operator_v3
[2026-02-13T12:55:55.621+0100] {logging_mixin.py:190} INFO - [2026-02-13T12:55:55.621+0100] {override.py:1930} INFO - Created Permission View: can read on DAG:example_branch_dop_operator_v3
[2026-02-13T12:55:55.634+0100] {logging_mixin.py:190} INFO - [2026-02-13T12:55:55.633+0100] {override.py:1930} INFO - Created Permission View: can delete on DAG:example_branch_dop_operator_v3
[2026-02-13T12:55:55.656+0100] {logging_mixin.py:190} INFO - [2026-02-13T12:55:55.655+0100] {override.py:1930} INFO - Created Permission View: can create on DAG Run:example_branch_dop_operator_v3
[2026-02-13T12:55:55.669+0100] {logging_mixin.py:190} INFO - [2026-02-13T12:55:55.668+0100] {override.py:1930} INFO - Created Permission View: can read on DAG Run:example_branch_dop_operator_v3
[2026-02-13T12:55:55.682+0100] {logging_mixin.py:190} INFO - [2026-02-13T12:55:55.681+0100] {override.py:1930} INFO - Created Permission View: can delete on DAG Run:example_branch_dop_operator_v3
[2026-02-13T12:55:55.694+0100] {logging_mixin.py:190} INFO - [2026-02-13T12:55:55.693+0100] {override.py:1930} INFO - Created Permission View: menu access on DAG Run:example_branch_dop_operator_v3
[2026-02-13T12:55:55.694+0100] {logging_mixin.py:190} INFO - [2026-02-13T12:55:55.694+0100] {dag.py:3239} INFO - Sync 1 DAGs
[2026-02-13T12:55:55.712+0100] {logging_mixin.py:190} INFO - [2026-02-13T12:55:55.712+0100] {dag.py:3262} INFO - Creating ORM DAG for example_branch_dop_operator_v3
[2026-02-13T12:55:55.731+0100] {logging_mixin.py:190} INFO - [2026-02-13T12:55:55.731+0100] {dag.py:4180} INFO - Setting next_dagrun for example_branch_dop_operator_v3 to 2026-02-13 11:54:00+00:00, run_after=2026-02-13 11:55:00+00:00
[2026-02-13T12:55:55.752+0100] {processor.py:208} INFO - Processing /home/gianotti/Documents/CryptoETL/.venv/lib/python3.12/site-packages/airflow/example_dags/example_branch_python_dop_operator_3.py took 0.280 seconds
[2026-02-13T12:56:57.400+0100] {processor.py:186} INFO - Started process (PID=35118) to work on /home/gianotti/Documents/CryptoETL/.venv/lib/python3.12/site-packages/airflow/example_dags/example_branch_python_dop_operator_3.py
[2026-02-13T12:56:57.403+0100] {processor.py:914} INFO - Processing file /home/gianotti/Documents/CryptoETL/.venv/lib/python3.12/site-packages/airflow/example_dags/example_branch_python_dop_operator_3.py for tasks to queue
[2026-02-13T12:56:57.407+0100] {logging_mixin.py:190} INFO - [2026-02-13T12:56:57.406+0100] {dagbag.py:588} INFO - Filling up the DagBag from /home/gianotti/Documents/CryptoETL/.venv/lib/python3.12/site-packages/airflow/example_dags/example_branch_python_dop_operator_3.py
[2026-02-13T12:56:57.426+0100] {processor.py:925} INFO - DAG(s) 'example_branch_dop_operator_v3' retrieved from /home/gianotti/Documents/CryptoETL/.venv/lib/python3.12/site-packages/airflow/example_dags/example_branch_python_dop_operator_3.py
[2026-02-13T12:56:57.450+0100] {logging_mixin.py:190} INFO - [2026-02-13T12:56:57.450+0100] {dag.py:3239} INFO - Sync 1 DAGs
[2026-02-13T12:56:57.474+0100] {logging_mixin.py:190} INFO - [2026-02-13T12:56:57.473+0100] {dag.py:4180} INFO - Setting next_dagrun for example_branch_dop_operator_v3 to 2026-02-13 11:55:00+00:00, run_after=2026-02-13 11:56:00+00:00
[2026-02-13T12:56:57.492+0100] {processor.py:208} INFO - Processing /home/gianotti/Documents/CryptoETL/.venv/lib/python3.12/site-packages/airflow/example_dags/example_branch_python_dop_operator_3.py took 0.102 seconds
[2026-02-13T12:57:55.835+0100] {processor.py:186} INFO - Started process (PID=35232) to work on /home/gianotti/Documents/CryptoETL/.venv/lib/python3.12/site-packages/airflow/example_dags/example_branch_python_dop_operator_3.py
[2026-02-13T12:57:55.838+0100] {processor.py:914} INFO - Processing file /home/gianotti/Documents/CryptoETL/.venv/lib/python3.12/site-packages/airflow/example_dags/example_branch_python_dop_operator_3.py for tasks to queue
[2026-02-13T12:57:55.841+0100] {logging_mixin.py:190} INFO - [2026-02-13T12:57:55.841+0100] {dagbag.py:588} INFO - Filling up the DagBag from /home/gianotti/Documents/CryptoETL/.venv/lib/python3.12/site-packages/airflow/example_dags/example_branch_python_dop_operator_3.py
[2026-02-13T12:57:55.860+0100] {processor.py:925} INFO - DAG(s) 'example_branch_dop_operator_v3' retrieved from /home/gianotti/Documents/CryptoETL/.venv/lib/python3.12/site-packages/airflow/example_dags/example_branch_python_dop_operator_3.py
[2026-02-13T12:57:55.880+0100] {logging_mixin.py:190} INFO - [2026-02-13T12:57:55.880+0100] {dag.py:3239} INFO - Sync 1 DAGs
[2026-02-13T12:57:55.899+0100] {logging_mixin.py:190} INFO - [2026-02-13T12:57:55.899+0100] {dag.py:4180} INFO - Setting next_dagrun for example_branch_dop_operator_v3 to 2026-02-13 11:56:00+00:00, run_after=2026-02-13 11:57:00+00:00
[2026-02-13T12:57:55.917+0100] {processor.py:208} INFO - Processing /home/gianotti/Documents/CryptoETL/.venv/lib/python3.12/site-packages/airflow/example_dags/example_branch_python_dop_operator_3.py took 0.090 seconds
[2026-02-13T12:58:53.389+0100] {processor.py:186} INFO - Started process (PID=35376) to work on /home/gianotti/Documents/CryptoETL/.venv/lib/python3.12/site-packages/airflow/example_dags/example_branch_python_dop_operator_3.py
[2026-02-13T12:58:53.392+0100] {processor.py:914} INFO - Processing file /home/gianotti/Documents/CryptoETL/.venv/lib/python3.12/site-packages/airflow/example_dags/example_branch_python_dop_operator_3.py for tasks to queue
[2026-02-13T12:58:53.396+0100] {logging_mixin.py:190} INFO - [2026-02-13T12:58:53.395+0100] {dagbag.py:588} INFO - Filling up the DagBag from /home/gianotti/Documents/CryptoETL/.venv/lib/python3.12/site-packages/airflow/example_dags/example_branch_python_dop_operator_3.py
[2026-02-13T12:58:53.416+0100] {processor.py:925} INFO - DAG(s) 'example_branch_dop_operator_v3' retrieved from /home/gianotti/Documents/CryptoETL/.venv/lib/python3.12/site-packages/airflow/example_dags/example_branch_python_dop_operator_3.py
[2026-02-13T12:58:53.443+0100] {logging_mixin.py:190} INFO - [2026-02-13T12:58:53.443+0100] {dag.py:3239} INFO - Sync 1 DAGs
[2026-02-13T12:58:53.476+0100] {logging_mixin.py:190} INFO - [2026-02-13T12:58:53.476+0100] {dag.py:4180} INFO - Setting next_dagrun for example_branch_dop_operator_v3 to 2026-02-13 11:57:00+00:00, run_after=2026-02-13 11:58:00+00:00
[2026-02-13T12:58:53.497+0100] {processor.py:208} INFO - Processing /home/gianotti/Documents/CryptoETL/.venv/lib/python3.12/site-packages/airflow/example_dags/example_branch_python_dop_operator_3.py took 0.117 seconds
[2026-02-13T13:00:13.866+0100] {processor.py:186} INFO - Started process (PID=35532) to work on /home/gianotti/Documents/CryptoETL/.venv/lib/python3.12/site-packages/airflow/example_dags/example_branch_python_dop_operator_3.py
[2026-02-13T13:00:13.869+0100] {processor.py:914} INFO - Processing file /home/gianotti/Documents/CryptoETL/.venv/lib/python3.12/site-packages/airflow/example_dags/example_branch_python_dop_operator_3.py for tasks to queue
[2026-02-13T13:00:13.870+0100] {logging_mixin.py:190} INFO - [2026-02-13T13:00:13.870+0100] {dagbag.py:588} INFO - Filling up the DagBag from /home/gianotti/Documents/CryptoETL/.venv/lib/python3.12/site-packages/airflow/example_dags/example_branch_python_dop_operator_3.py
[2026-02-13T13:00:13.883+0100] {processor.py:925} INFO - DAG(s) 'example_branch_dop_operator_v3' retrieved from /home/gianotti/Documents/CryptoETL/.venv/lib/python3.12/site-packages/airflow/example_dags/example_branch_python_dop_operator_3.py
[2026-02-13T13:00:13.896+0100] {logging_mixin.py:190} INFO - [2026-02-13T13:00:13.895+0100] {dag.py:3239} INFO - Sync 1 DAGs
[2026-02-13T13:00:13.916+0100] {logging_mixin.py:190} INFO - [2026-02-13T13:00:13.916+0100] {dag.py:4180} INFO - Setting next_dagrun for example_branch_dop_operator_v3 to 2026-02-13 11:59:00+00:00, run_after=2026-02-13 12:00:00+00:00
[2026-02-13T13:00:13.936+0100] {processor.py:208} INFO - Processing /home/gianotti/Documents/CryptoETL/.venv/lib/python3.12/site-packages/airflow/example_dags/example_branch_python_dop_operator_3.py took 0.080 seconds
[2026-02-13T13:01:12.175+0100] {processor.py:186} INFO - Started process (PID=35649) to work on /home/gianotti/Documents/CryptoETL/.venv/lib/python3.12/site-packages/airflow/example_dags/example_branch_python_dop_operator_3.py
[2026-02-13T13:01:12.177+0100] {processor.py:914} INFO - Processing file /home/gianotti/Documents/CryptoETL/.venv/lib/python3.12/site-packages/airflow/example_dags/example_branch_python_dop_operator_3.py for tasks to queue
[2026-02-13T13:01:12.179+0100] {logging_mixin.py:190} INFO - [2026-02-13T13:01:12.179+0100] {dagbag.py:588} INFO - Filling up the DagBag from /home/gianotti/Documents/CryptoETL/.venv/lib/python3.12/site-packages/airflow/example_dags/example_branch_python_dop_operator_3.py
[2026-02-13T13:01:12.199+0100] {processor.py:925} INFO - DAG(s) 'example_branch_dop_operator_v3' retrieved from /home/gianotti/Documents/CryptoETL/.venv/lib/python3.12/site-packages/airflow/example_dags/example_branch_python_dop_operator_3.py
[2026-02-13T13:01:12.226+0100] {logging_mixin.py:190} INFO - [2026-02-13T13:01:12.226+0100] {dag.py:3239} INFO - Sync 1 DAGs
[2026-02-13T13:01:12.258+0100] {logging_mixin.py:190} INFO - [2026-02-13T13:01:12.258+0100] {dag.py:4180} INFO - Setting next_dagrun for example_branch_dop_operator_v3 to 2026-02-13 12:00:00+00:00, run_after=2026-02-13 12:01:00+00:00
[2026-02-13T13:01:12.278+0100] {processor.py:208} INFO - Processing /home/gianotti/Documents/CryptoETL/.venv/lib/python3.12/site-packages/airflow/example_dags/example_branch_python_dop_operator_3.py took 0.113 seconds
[2026-02-13T13:02:13.132+0100] {processor.py:186} INFO - Started process (PID=35767) to work on /home/gianotti/Documents/CryptoETL/.venv/lib/python3.12/site-packages/airflow/example_dags/example_branch_python_dop_operator_3.py
[2026-02-13T13:02:13.135+0100] {processor.py:914} INFO - Processing file /home/gianotti/Documents/CryptoETL/.venv/lib/python3.12/site-packages/airflow/example_dags/example_branch_python_dop_operator_3.py for tasks to queue
[2026-02-13T13:02:13.136+0100] {logging_mixin.py:190} INFO - [2026-02-13T13:02:13.136+0100] {dagbag.py:588} INFO - Filling up the DagBag from /home/gianotti/Documents/CryptoETL/.venv/lib/python3.12/site-packages/airflow/example_dags/example_branch_python_dop_operator_3.py
[2026-02-13T13:02:13.155+0100] {processor.py:925} INFO - DAG(s) 'example_branch_dop_operator_v3' retrieved from /home/gianotti/Documents/CryptoETL/.venv/lib/python3.12/site-packages/airflow/example_dags/example_branch_python_dop_operator_3.py
[2026-02-13T13:02:13.178+0100] {logging_mixin.py:190} INFO - [2026-02-13T13:02:13.178+0100] {dag.py:3239} INFO - Sync 1 DAGs
[2026-02-13T13:02:13.206+0100] {logging_mixin.py:190} INFO - [2026-02-13T13:02:13.206+0100] {dag.py:4180} INFO - Setting next_dagrun for example_branch_dop_operator_v3 to 2026-02-13 12:01:00+00:00, run_after=2026-02-13 12:02:00+00:00
[2026-02-13T13:02:13.224+0100] {processor.py:208} INFO - Processing /home/gianotti/Documents/CryptoETL/.venv/lib/python3.12/site-packages/airflow/example_dags/example_branch_python_dop_operator_3.py took 0.102 seconds
[2026-02-13T13:03:10.475+0100] {processor.py:186} INFO - Started process (PID=35871) to work on /home/gianotti/Documents/CryptoETL/.venv/lib/python3.12/site-packages/airflow/example_dags/example_branch_python_dop_operator_3.py
[2026-02-13T13:03:10.476+0100] {processor.py:914} INFO - Processing file /home/gianotti/Documents/CryptoETL/.venv/lib/python3.12/site-packages/airflow/example_dags/example_branch_python_dop_operator_3.py for tasks to queue
[2026-02-13T13:03:10.479+0100] {logging_mixin.py:190} INFO - [2026-02-13T13:03:10.478+0100] {dagbag.py:588} INFO - Filling up the DagBag from /home/gianotti/Documents/CryptoETL/.venv/lib/python3.12/site-packages/airflow/example_dags/example_branch_python_dop_operator_3.py
[2026-02-13T13:03:10.499+0100] {processor.py:925} INFO - DAG(s) 'example_branch_dop_operator_v3' retrieved from /home/gianotti/Documents/CryptoETL/.venv/lib/python3.12/site-packages/airflow/example_dags/example_branch_python_dop_operator_3.py
[2026-02-13T13:03:10.515+0100] {logging_mixin.py:190} INFO - [2026-02-13T13:03:10.515+0100] {dag.py:3239} INFO - Sync 1 DAGs
[2026-02-13T13:03:10.539+0100] {logging_mixin.py:190} INFO - [2026-02-13T13:03:10.539+0100] {dag.py:4180} INFO - Setting next_dagrun for example_branch_dop_operator_v3 to 2026-02-13 12:02:00+00:00, run_after=2026-02-13 12:03:00+00:00
[2026-02-13T13:03:10.560+0100] {processor.py:208} INFO - Processing /home/gianotti/Documents/CryptoETL/.venv/lib/python3.12/site-packages/airflow/example_dags/example_branch_python_dop_operator_3.py took 0.096 seconds
[2026-02-13T13:04:09.328+0100] {processor.py:186} INFO - Started process (PID=36018) to work on /home/gianotti/Documents/CryptoETL/.venv/lib/python3.12/site-packages/airflow/example_dags/example_branch_python_dop_operator_3.py
[2026-02-13T13:04:09.331+0100] {processor.py:914} INFO - Processing file /home/gianotti/Documents/CryptoETL/.venv/lib/python3.12/site-packages/airflow/example_dags/example_branch_python_dop_operator_3.py for tasks to queue
[2026-02-13T13:04:09.333+0100] {logging_mixin.py:190} INFO - [2026-02-13T13:04:09.332+0100] {dagbag.py:588} INFO - Filling up the DagBag from /home/gianotti/Documents/CryptoETL/.venv/lib/python3.12/site-packages/airflow/example_dags/example_branch_python_dop_operator_3.py
[2026-02-13T13:04:09.352+0100] {processor.py:925} INFO - DAG(s) 'example_branch_dop_operator_v3' retrieved from /home/gianotti/Documents/CryptoETL/.venv/lib/python3.12/site-packages/airflow/example_dags/example_branch_python_dop_operator_3.py
[2026-02-13T13:04:09.375+0100] {logging_mixin.py:190} INFO - [2026-02-13T13:04:09.374+0100] {dag.py:3239} INFO - Sync 1 DAGs
[2026-02-13T13:04:09.412+0100] {logging_mixin.py:190} INFO - [2026-02-13T13:04:09.412+0100] {dag.py:4180} INFO - Setting next_dagrun for example_branch_dop_operator_v3 to 2026-02-13 12:03:00+00:00, run_after=2026-02-13 12:04:00+00:00
[2026-02-13T13:04:09.443+0100] {processor.py:208} INFO - Processing /home/gianotti/Documents/CryptoETL/.venv/lib/python3.12/site-packages/airflow/example_dags/example_branch_python_dop_operator_3.py took 0.124 seconds
[2026-02-13T13:05:12.930+0100] {processor.py:186} INFO - Started process (PID=36147) to work on /home/gianotti/Documents/CryptoETL/.venv/lib/python3.12/site-packages/airflow/example_dags/example_branch_python_dop_operator_3.py
[2026-02-13T13:05:12.933+0100] {processor.py:914} INFO - Processing file /home/gianotti/Documents/CryptoETL/.venv/lib/python3.12/site-packages/airflow/example_dags/example_branch_python_dop_operator_3.py for tasks to queue
[2026-02-13T13:05:12.936+0100] {logging_mixin.py:190} INFO - [2026-02-13T13:05:12.935+0100] {dagbag.py:588} INFO - Filling up the DagBag from /home/gianotti/Documents/CryptoETL/.venv/lib/python3.12/site-packages/airflow/example_dags/example_branch_python_dop_operator_3.py
[2026-02-13T13:05:12.954+0100] {processor.py:925} INFO - DAG(s) 'example_branch_dop_operator_v3' retrieved from /home/gianotti/Documents/CryptoETL/.venv/lib/python3.12/site-packages/airflow/example_dags/example_branch_python_dop_operator_3.py
[2026-02-13T13:05:12.980+0100] {logging_mixin.py:190} INFO - [2026-02-13T13:05:12.980+0100] {dag.py:3239} INFO - Sync 1 DAGs
[2026-02-13T13:05:13.021+0100] {logging_mixin.py:190} INFO - [2026-02-13T13:05:13.021+0100] {dag.py:4180} INFO - Setting next_dagrun for example_branch_dop_operator_v3 to 2026-02-13 12:04:00+00:00, run_after=2026-02-13 12:05:00+00:00
[2026-02-13T13:05:13.059+0100] {processor.py:208} INFO - Processing /home/gianotti/Documents/CryptoETL/.venv/lib/python3.12/site-packages/airflow/example_dags/example_branch_python_dop_operator_3.py took 0.139 seconds
[2026-02-13T13:06:17.351+0100] {processor.py:186} INFO - Started process (PID=36261) to work on /home/gianotti/Documents/CryptoETL/.venv/lib/python3.12/site-packages/airflow/example_dags/example_branch_python_dop_operator_3.py
[2026-02-13T13:06:17.354+0100] {processor.py:914} INFO - Processing file /home/gianotti/Documents/CryptoETL/.venv/lib/python3.12/site-packages/airflow/example_dags/example_branch_python_dop_operator_3.py for tasks to queue
[2026-02-13T13:06:17.356+0100] {logging_mixin.py:190} INFO - [2026-02-13T13:06:17.355+0100] {dagbag.py:588} INFO - Filling up the DagBag from /home/gianotti/Documents/CryptoETL/.venv/lib/python3.12/site-packages/airflow/example_dags/example_branch_python_dop_operator_3.py
[2026-02-13T13:06:17.376+0100] {processor.py:925} INFO - DAG(s) 'example_branch_dop_operator_v3' retrieved from /home/gianotti/Documents/CryptoETL/.venv/lib/python3.12/site-packages/airflow/example_dags/example_branch_python_dop_operator_3.py
[2026-02-13T13:06:17.401+0100] {logging_mixin.py:190} INFO - [2026-02-13T13:06:17.401+0100] {dag.py:3239} INFO - Sync 1 DAGs
[2026-02-13T13:06:17.443+0100] {logging_mixin.py:190} INFO - [2026-02-13T13:06:17.443+0100] {dag.py:4180} INFO - Setting next_dagrun for example_branch_dop_operator_v3 to 2026-02-13 12:05:00+00:00, run_after=2026-02-13 12:06:00+00:00
[2026-02-13T13:06:17.479+0100] {processor.py:208} INFO - Processing /home/gianotti/Documents/CryptoETL/.venv/lib/python3.12/site-packages/airflow/example_dags/example_branch_python_dop_operator_3.py took 0.138 seconds
[2026-02-13T13:07:24.570+0100] {processor.py:186} INFO - Started process (PID=36337) to work on /home/gianotti/Documents/CryptoETL/.venv/lib/python3.12/site-packages/airflow/example_dags/example_branch_python_dop_operator_3.py
[2026-02-13T13:07:24.573+0100] {processor.py:914} INFO - Processing file /home/gianotti/Documents/CryptoETL/.venv/lib/python3.12/site-packages/airflow/example_dags/example_branch_python_dop_operator_3.py for tasks to queue
[2026-02-13T13:07:24.575+0100] {logging_mixin.py:190} INFO - [2026-02-13T13:07:24.574+0100] {dagbag.py:588} INFO - Filling up the DagBag from /home/gianotti/Documents/CryptoETL/.venv/lib/python3.12/site-packages/airflow/example_dags/example_branch_python_dop_operator_3.py
[2026-02-13T13:07:24.594+0100] {processor.py:925} INFO - DAG(s) 'example_branch_dop_operator_v3' retrieved from /home/gianotti/Documents/CryptoETL/.venv/lib/python3.12/site-packages/airflow/example_dags/example_branch_python_dop_operator_3.py
[2026-02-13T13:07:24.620+0100] {logging_mixin.py:190} INFO - [2026-02-13T13:07:24.619+0100] {dag.py:3239} INFO - Sync 1 DAGs
[2026-02-13T13:07:24.658+0100] {logging_mixin.py:190} INFO - [2026-02-13T13:07:24.658+0100] {dag.py:4180} INFO - Setting next_dagrun for example_branch_dop_operator_v3 to 2026-02-13 12:06:00+00:00, run_after=2026-02-13 12:07:00+00:00
[2026-02-13T13:07:24.689+0100] {processor.py:208} INFO - Processing /home/gianotti/Documents/CryptoETL/.venv/lib/python3.12/site-packages/airflow/example_dags/example_branch_python_dop_operator_3.py took 0.129 seconds
[2026-02-13T13:08:33.968+0100] {processor.py:186} INFO - Started process (PID=36468) to work on /home/gianotti/Documents/CryptoETL/.venv/lib/python3.12/site-packages/airflow/example_dags/example_branch_python_dop_operator_3.py
[2026-02-13T13:08:33.971+0100] {processor.py:914} INFO - Processing file /home/gianotti/Documents/CryptoETL/.venv/lib/python3.12/site-packages/airflow/example_dags/example_branch_python_dop_operator_3.py for tasks to queue
[2026-02-13T13:08:33.973+0100] {logging_mixin.py:190} INFO - [2026-02-13T13:08:33.973+0100] {dagbag.py:588} INFO - Filling up the DagBag from /home/gianotti/Documents/CryptoETL/.venv/lib/python3.12/site-packages/airflow/example_dags/example_branch_python_dop_operator_3.py
[2026-02-13T13:08:33.994+0100] {processor.py:925} INFO - DAG(s) 'example_branch_dop_operator_v3' retrieved from /home/gianotti/Documents/CryptoETL/.venv/lib/python3.12/site-packages/airflow/example_dags/example_branch_python_dop_operator_3.py
[2026-02-13T13:08:34.018+0100] {logging_mixin.py:190} INFO - [2026-02-13T13:08:34.018+0100] {dag.py:3239} INFO - Sync 1 DAGs
[2026-02-13T13:08:34.056+0100] {logging_mixin.py:190} INFO - [2026-02-13T13:08:34.056+0100] {dag.py:4180} INFO - Setting next_dagrun for example_branch_dop_operator_v3 to 2026-02-13 12:07:00+00:00, run_after=2026-02-13 12:08:00+00:00
[2026-02-13T13:08:34.089+0100] {processor.py:208} INFO - Processing /home/gianotti/Documents/CryptoETL/.venv/lib/python3.12/site-packages/airflow/example_dags/example_branch_python_dop_operator_3.py took 0.130 seconds
[2026-02-13T13:09:42.339+0100] {processor.py:186} INFO - Started process (PID=36598) to work on /home/gianotti/Documents/CryptoETL/.venv/lib/python3.12/site-packages/airflow/example_dags/example_branch_python_dop_operator_3.py
[2026-02-13T13:09:42.342+0100] {processor.py:914} INFO - Processing file /home/gianotti/Documents/CryptoETL/.venv/lib/python3.12/site-packages/airflow/example_dags/example_branch_python_dop_operator_3.py for tasks to queue
[2026-02-13T13:09:42.344+0100] {logging_mixin.py:190} INFO - [2026-02-13T13:09:42.343+0100] {dagbag.py:588} INFO - Filling up the DagBag from /home/gianotti/Documents/CryptoETL/.venv/lib/python3.12/site-packages/airflow/example_dags/example_branch_python_dop_operator_3.py
[2026-02-13T13:09:42.363+0100] {processor.py:925} INFO - DAG(s) 'example_branch_dop_operator_v3' retrieved from /home/gianotti/Documents/CryptoETL/.venv/lib/python3.12/site-packages/airflow/example_dags/example_branch_python_dop_operator_3.py
[2026-02-13T13:09:42.387+0100] {logging_mixin.py:190} INFO - [2026-02-13T13:09:42.387+0100] {dag.py:3239} INFO - Sync 1 DAGs
[2026-02-13T13:09:42.425+0100] {logging_mixin.py:190} INFO - [2026-02-13T13:09:42.425+0100] {dag.py:4180} INFO - Setting next_dagrun for example_branch_dop_operator_v3 to 2026-02-13 12:08:00+00:00, run_after=2026-02-13 12:09:00+00:00
[2026-02-13T13:09:42.458+0100] {processor.py:208} INFO - Processing /home/gianotti/Documents/CryptoETL/.venv/lib/python3.12/site-packages/airflow/example_dags/example_branch_python_dop_operator_3.py took 0.128 seconds
[2026-02-13T13:10:52.033+0100] {processor.py:186} INFO - Started process (PID=36716) to work on /home/gianotti/Documents/CryptoETL/.venv/lib/python3.12/site-packages/airflow/example_dags/example_branch_python_dop_operator_3.py
[2026-02-13T13:10:52.035+0100] {processor.py:914} INFO - Processing file /home/gianotti/Documents/CryptoETL/.venv/lib/python3.12/site-packages/airflow/example_dags/example_branch_python_dop_operator_3.py for tasks to queue
[2026-02-13T13:10:52.037+0100] {logging_mixin.py:190} INFO - [2026-02-13T13:10:52.037+0100] {dagbag.py:588} INFO - Filling up the DagBag from /home/gianotti/Documents/CryptoETL/.venv/lib/python3.12/site-packages/airflow/example_dags/example_branch_python_dop_operator_3.py
[2026-02-13T13:10:52.058+0100] {processor.py:925} INFO - DAG(s) 'example_branch_dop_operator_v3' retrieved from /home/gianotti/Documents/CryptoETL/.venv/lib/python3.12/site-packages/airflow/example_dags/example_branch_python_dop_operator_3.py
[2026-02-13T13:10:52.082+0100] {logging_mixin.py:190} INFO - [2026-02-13T13:10:52.081+0100] {dag.py:3239} INFO - Sync 1 DAGs
[2026-02-13T13:10:52.122+0100] {logging_mixin.py:190} INFO - [2026-02-13T13:10:52.122+0100] {dag.py:4180} INFO - Setting next_dagrun for example_branch_dop_operator_v3 to 2026-02-13 12:09:00+00:00, run_after=2026-02-13 12:10:00+00:00
[2026-02-13T13:10:52.156+0100] {processor.py:208} INFO - Processing /home/gianotti/Documents/CryptoETL/.venv/lib/python3.12/site-packages/airflow/example_dags/example_branch_python_dop_operator_3.py took 0.132 seconds
[2026-02-13T13:11:56.834+0100] {processor.py:186} INFO - Started process (PID=36814) to work on /home/gianotti/Documents/CryptoETL/.venv/lib/python3.12/site-packages/airflow/example_dags/example_branch_python_dop_operator_3.py
[2026-02-13T13:11:56.837+0100] {processor.py:914} INFO - Processing file /home/gianotti/Documents/CryptoETL/.venv/lib/python3.12/site-packages/airflow/example_dags/example_branch_python_dop_operator_3.py for tasks to queue
[2026-02-13T13:11:56.839+0100] {logging_mixin.py:190} INFO - [2026-02-13T13:11:56.839+0100] {dagbag.py:588} INFO - Filling up the DagBag from /home/gianotti/Documents/CryptoETL/.venv/lib/python3.12/site-packages/airflow/example_dags/example_branch_python_dop_operator_3.py
[2026-02-13T13:11:56.860+0100] {processor.py:925} INFO - DAG(s) 'example_branch_dop_operator_v3' retrieved from /home/gianotti/Documents/CryptoETL/.venv/lib/python3.12/site-packages/airflow/example_dags/example_branch_python_dop_operator_3.py
[2026-02-13T13:11:56.884+0100] {logging_mixin.py:190} INFO - [2026-02-13T13:11:56.884+0100] {dag.py:3239} INFO - Sync 1 DAGs
[2026-02-13T13:11:56.924+0100] {logging_mixin.py:190} INFO - [2026-02-13T13:11:56.924+0100] {dag.py:4180} INFO - Setting next_dagrun for example_branch_dop_operator_v3 to 2026-02-13 12:10:00+00:00, run_after=2026-02-13 12:11:00+00:00
[2026-02-13T13:11:56.960+0100] {processor.py:208} INFO - Processing /home/gianotti/Documents/CryptoETL/.venv/lib/python3.12/site-packages/airflow/example_dags/example_branch_python_dop_operator_3.py took 0.135 seconds
