[2026-02-13T12:55:07.651+0100] {processor.py:186} INFO - Started process (PID=34921) to work on /home/gianotti/Documents/CryptoETL/.venv/lib/python3.12/site-packages/airflow/example_dags/example_trigger_controller_dag.py
[2026-02-13T12:55:07.652+0100] {processor.py:914} INFO - Processing file /home/gianotti/Documents/CryptoETL/.venv/lib/python3.12/site-packages/airflow/example_dags/example_trigger_controller_dag.py for tasks to queue
[2026-02-13T12:55:07.655+0100] {logging_mixin.py:190} INFO - [2026-02-13T12:55:07.654+0100] {dagbag.py:588} INFO - Filling up the DagBag from /home/gianotti/Documents/CryptoETL/.venv/lib/python3.12/site-packages/airflow/example_dags/example_trigger_controller_dag.py
[2026-02-13T12:55:07.667+0100] {processor.py:925} INFO - DAG(s) 'example_trigger_controller_dag' retrieved from /home/gianotti/Documents/CryptoETL/.venv/lib/python3.12/site-packages/airflow/example_dags/example_trigger_controller_dag.py
[2026-02-13T12:55:07.789+0100] {logging_mixin.py:190} INFO - [2026-02-13T12:55:07.788+0100] {override.py:1930} INFO - Created Permission View: can edit on DAG:example_trigger_controller_dag
[2026-02-13T12:55:07.808+0100] {logging_mixin.py:190} INFO - [2026-02-13T12:55:07.807+0100] {override.py:1930} INFO - Created Permission View: can read on DAG:example_trigger_controller_dag
[2026-02-13T12:55:07.822+0100] {logging_mixin.py:190} INFO - [2026-02-13T12:55:07.822+0100] {override.py:1930} INFO - Created Permission View: can delete on DAG:example_trigger_controller_dag
[2026-02-13T12:55:07.840+0100] {logging_mixin.py:190} INFO - [2026-02-13T12:55:07.840+0100] {override.py:1930} INFO - Created Permission View: can create on DAG Run:example_trigger_controller_dag
[2026-02-13T12:55:07.853+0100] {logging_mixin.py:190} INFO - [2026-02-13T12:55:07.852+0100] {override.py:1930} INFO - Created Permission View: can read on DAG Run:example_trigger_controller_dag
[2026-02-13T12:55:07.865+0100] {logging_mixin.py:190} INFO - [2026-02-13T12:55:07.865+0100] {override.py:1930} INFO - Created Permission View: can delete on DAG Run:example_trigger_controller_dag
[2026-02-13T12:55:07.877+0100] {logging_mixin.py:190} INFO - [2026-02-13T12:55:07.877+0100] {override.py:1930} INFO - Created Permission View: menu access on DAG Run:example_trigger_controller_dag
[2026-02-13T12:55:07.878+0100] {logging_mixin.py:190} INFO - [2026-02-13T12:55:07.878+0100] {dag.py:3239} INFO - Sync 1 DAGs
[2026-02-13T12:55:07.896+0100] {logging_mixin.py:190} INFO - [2026-02-13T12:55:07.896+0100] {dag.py:3262} INFO - Creating ORM DAG for example_trigger_controller_dag
[2026-02-13T12:55:07.904+0100] {logging_mixin.py:190} INFO - [2026-02-13T12:55:07.904+0100] {dag.py:4180} INFO - Setting next_dagrun for example_trigger_controller_dag to 2021-01-01 00:00:00+00:00, run_after=2021-01-01 00:00:00+00:00
[2026-02-13T12:55:07.923+0100] {processor.py:208} INFO - Processing /home/gianotti/Documents/CryptoETL/.venv/lib/python3.12/site-packages/airflow/example_dags/example_trigger_controller_dag.py took 0.282 seconds
[2026-02-13T12:56:14.705+0100] {processor.py:186} INFO - Started process (PID=35060) to work on /home/gianotti/Documents/CryptoETL/.venv/lib/python3.12/site-packages/airflow/example_dags/example_trigger_controller_dag.py
[2026-02-13T12:56:14.707+0100] {processor.py:914} INFO - Processing file /home/gianotti/Documents/CryptoETL/.venv/lib/python3.12/site-packages/airflow/example_dags/example_trigger_controller_dag.py for tasks to queue
[2026-02-13T12:56:14.709+0100] {logging_mixin.py:190} INFO - [2026-02-13T12:56:14.708+0100] {dagbag.py:588} INFO - Filling up the DagBag from /home/gianotti/Documents/CryptoETL/.venv/lib/python3.12/site-packages/airflow/example_dags/example_trigger_controller_dag.py
[2026-02-13T12:56:14.715+0100] {processor.py:925} INFO - DAG(s) 'example_trigger_controller_dag' retrieved from /home/gianotti/Documents/CryptoETL/.venv/lib/python3.12/site-packages/airflow/example_dags/example_trigger_controller_dag.py
[2026-02-13T12:56:14.726+0100] {logging_mixin.py:190} INFO - [2026-02-13T12:56:14.726+0100] {dag.py:3239} INFO - Sync 1 DAGs
[2026-02-13T12:56:14.742+0100] {logging_mixin.py:190} INFO - [2026-02-13T12:56:14.742+0100] {dag.py:4180} INFO - Setting next_dagrun for example_trigger_controller_dag to 2021-01-01 00:00:00+00:00, run_after=2021-01-01 00:00:00+00:00
[2026-02-13T12:56:14.761+0100] {processor.py:208} INFO - Processing /home/gianotti/Documents/CryptoETL/.venv/lib/python3.12/site-packages/airflow/example_dags/example_trigger_controller_dag.py took 0.060 seconds
[2026-02-13T12:57:12.667+0100] {processor.py:186} INFO - Started process (PID=35143) to work on /home/gianotti/Documents/CryptoETL/.venv/lib/python3.12/site-packages/airflow/example_dags/example_trigger_controller_dag.py
[2026-02-13T12:57:12.669+0100] {processor.py:914} INFO - Processing file /home/gianotti/Documents/CryptoETL/.venv/lib/python3.12/site-packages/airflow/example_dags/example_trigger_controller_dag.py for tasks to queue
[2026-02-13T12:57:12.672+0100] {logging_mixin.py:190} INFO - [2026-02-13T12:57:12.671+0100] {dagbag.py:588} INFO - Filling up the DagBag from /home/gianotti/Documents/CryptoETL/.venv/lib/python3.12/site-packages/airflow/example_dags/example_trigger_controller_dag.py
[2026-02-13T12:57:12.680+0100] {processor.py:925} INFO - DAG(s) 'example_trigger_controller_dag' retrieved from /home/gianotti/Documents/CryptoETL/.venv/lib/python3.12/site-packages/airflow/example_dags/example_trigger_controller_dag.py
[2026-02-13T12:57:12.696+0100] {logging_mixin.py:190} INFO - [2026-02-13T12:57:12.696+0100] {dag.py:3239} INFO - Sync 1 DAGs
[2026-02-13T12:57:12.714+0100] {logging_mixin.py:190} INFO - [2026-02-13T12:57:12.714+0100] {dag.py:4180} INFO - Setting next_dagrun for example_trigger_controller_dag to 2021-01-01 00:00:00+00:00, run_after=2021-01-01 00:00:00+00:00
[2026-02-13T12:57:12.735+0100] {processor.py:208} INFO - Processing /home/gianotti/Documents/CryptoETL/.venv/lib/python3.12/site-packages/airflow/example_dags/example_trigger_controller_dag.py took 0.078 seconds
[2026-02-13T12:58:10.964+0100] {processor.py:186} INFO - Started process (PID=35263) to work on /home/gianotti/Documents/CryptoETL/.venv/lib/python3.12/site-packages/airflow/example_dags/example_trigger_controller_dag.py
[2026-02-13T12:58:10.967+0100] {processor.py:914} INFO - Processing file /home/gianotti/Documents/CryptoETL/.venv/lib/python3.12/site-packages/airflow/example_dags/example_trigger_controller_dag.py for tasks to queue
[2026-02-13T12:58:10.970+0100] {logging_mixin.py:190} INFO - [2026-02-13T12:58:10.969+0100] {dagbag.py:588} INFO - Filling up the DagBag from /home/gianotti/Documents/CryptoETL/.venv/lib/python3.12/site-packages/airflow/example_dags/example_trigger_controller_dag.py
[2026-02-13T12:58:10.982+0100] {processor.py:925} INFO - DAG(s) 'example_trigger_controller_dag' retrieved from /home/gianotti/Documents/CryptoETL/.venv/lib/python3.12/site-packages/airflow/example_dags/example_trigger_controller_dag.py
[2026-02-13T12:58:11.005+0100] {logging_mixin.py:190} INFO - [2026-02-13T12:58:11.005+0100] {dag.py:3239} INFO - Sync 1 DAGs
[2026-02-13T12:58:11.038+0100] {logging_mixin.py:190} INFO - [2026-02-13T12:58:11.037+0100] {dag.py:4180} INFO - Setting next_dagrun for example_trigger_controller_dag to 2021-01-01 00:00:00+00:00, run_after=2021-01-01 00:00:00+00:00
[2026-02-13T12:58:11.063+0100] {processor.py:208} INFO - Processing /home/gianotti/Documents/CryptoETL/.venv/lib/python3.12/site-packages/airflow/example_dags/example_trigger_controller_dag.py took 0.107 seconds
[2026-02-13T12:59:04.936+0100] {processor.py:186} INFO - Started process (PID=35398) to work on /home/gianotti/Documents/CryptoETL/.venv/lib/python3.12/site-packages/airflow/example_dags/example_trigger_controller_dag.py
[2026-02-13T12:59:04.939+0100] {processor.py:914} INFO - Processing file /home/gianotti/Documents/CryptoETL/.venv/lib/python3.12/site-packages/airflow/example_dags/example_trigger_controller_dag.py for tasks to queue
[2026-02-13T12:59:04.942+0100] {logging_mixin.py:190} INFO - [2026-02-13T12:59:04.941+0100] {dagbag.py:588} INFO - Filling up the DagBag from /home/gianotti/Documents/CryptoETL/.venv/lib/python3.12/site-packages/airflow/example_dags/example_trigger_controller_dag.py
[2026-02-13T12:59:04.954+0100] {processor.py:925} INFO - DAG(s) 'example_trigger_controller_dag' retrieved from /home/gianotti/Documents/CryptoETL/.venv/lib/python3.12/site-packages/airflow/example_dags/example_trigger_controller_dag.py
[2026-02-13T12:59:04.974+0100] {logging_mixin.py:190} INFO - [2026-02-13T12:59:04.974+0100] {dag.py:3239} INFO - Sync 1 DAGs
[2026-02-13T12:59:04.991+0100] {logging_mixin.py:190} INFO - [2026-02-13T12:59:04.991+0100] {dag.py:4180} INFO - Setting next_dagrun for example_trigger_controller_dag to 2021-01-01 00:00:00+00:00, run_after=2021-01-01 00:00:00+00:00
[2026-02-13T12:59:05.009+0100] {processor.py:208} INFO - Processing /home/gianotti/Documents/CryptoETL/.venv/lib/python3.12/site-packages/airflow/example_dags/example_trigger_controller_dag.py took 0.082 seconds
[2026-02-13T12:59:59.494+0100] {processor.py:186} INFO - Started process (PID=35504) to work on /home/gianotti/Documents/CryptoETL/.venv/lib/python3.12/site-packages/airflow/example_dags/example_trigger_controller_dag.py
[2026-02-13T12:59:59.497+0100] {processor.py:914} INFO - Processing file /home/gianotti/Documents/CryptoETL/.venv/lib/python3.12/site-packages/airflow/example_dags/example_trigger_controller_dag.py for tasks to queue
[2026-02-13T12:59:59.499+0100] {logging_mixin.py:190} INFO - [2026-02-13T12:59:59.498+0100] {dagbag.py:588} INFO - Filling up the DagBag from /home/gianotti/Documents/CryptoETL/.venv/lib/python3.12/site-packages/airflow/example_dags/example_trigger_controller_dag.py
[2026-02-13T12:59:59.511+0100] {processor.py:925} INFO - DAG(s) 'example_trigger_controller_dag' retrieved from /home/gianotti/Documents/CryptoETL/.venv/lib/python3.12/site-packages/airflow/example_dags/example_trigger_controller_dag.py
[2026-02-13T12:59:59.534+0100] {logging_mixin.py:190} INFO - [2026-02-13T12:59:59.533+0100] {dag.py:3239} INFO - Sync 1 DAGs
[2026-02-13T12:59:59.553+0100] {logging_mixin.py:190} INFO - [2026-02-13T12:59:59.553+0100] {dag.py:4180} INFO - Setting next_dagrun for example_trigger_controller_dag to 2021-01-01 00:00:00+00:00, run_after=2021-01-01 00:00:00+00:00
[2026-02-13T12:59:59.574+0100] {processor.py:208} INFO - Processing /home/gianotti/Documents/CryptoETL/.venv/lib/python3.12/site-packages/airflow/example_dags/example_trigger_controller_dag.py took 0.090 seconds
[2026-02-13T13:00:56.908+0100] {processor.py:186} INFO - Started process (PID=35616) to work on /home/gianotti/Documents/CryptoETL/.venv/lib/python3.12/site-packages/airflow/example_dags/example_trigger_controller_dag.py
[2026-02-13T13:00:56.911+0100] {processor.py:914} INFO - Processing file /home/gianotti/Documents/CryptoETL/.venv/lib/python3.12/site-packages/airflow/example_dags/example_trigger_controller_dag.py for tasks to queue
[2026-02-13T13:00:56.913+0100] {logging_mixin.py:190} INFO - [2026-02-13T13:00:56.912+0100] {dagbag.py:588} INFO - Filling up the DagBag from /home/gianotti/Documents/CryptoETL/.venv/lib/python3.12/site-packages/airflow/example_dags/example_trigger_controller_dag.py
[2026-02-13T13:00:56.925+0100] {processor.py:925} INFO - DAG(s) 'example_trigger_controller_dag' retrieved from /home/gianotti/Documents/CryptoETL/.venv/lib/python3.12/site-packages/airflow/example_dags/example_trigger_controller_dag.py
[2026-02-13T13:00:56.949+0100] {logging_mixin.py:190} INFO - [2026-02-13T13:00:56.948+0100] {dag.py:3239} INFO - Sync 1 DAGs
[2026-02-13T13:00:56.977+0100] {logging_mixin.py:190} INFO - [2026-02-13T13:00:56.976+0100] {dag.py:4180} INFO - Setting next_dagrun for example_trigger_controller_dag to 2021-01-01 00:00:00+00:00, run_after=2021-01-01 00:00:00+00:00
[2026-02-13T13:00:56.995+0100] {processor.py:208} INFO - Processing /home/gianotti/Documents/CryptoETL/.venv/lib/python3.12/site-packages/airflow/example_dags/example_trigger_controller_dag.py took 0.097 seconds
[2026-02-13T13:01:57.503+0100] {processor.py:186} INFO - Started process (PID=35735) to work on /home/gianotti/Documents/CryptoETL/.venv/lib/python3.12/site-packages/airflow/example_dags/example_trigger_controller_dag.py
[2026-02-13T13:01:57.508+0100] {processor.py:914} INFO - Processing file /home/gianotti/Documents/CryptoETL/.venv/lib/python3.12/site-packages/airflow/example_dags/example_trigger_controller_dag.py for tasks to queue
[2026-02-13T13:01:57.510+0100] {logging_mixin.py:190} INFO - [2026-02-13T13:01:57.509+0100] {dagbag.py:588} INFO - Filling up the DagBag from /home/gianotti/Documents/CryptoETL/.venv/lib/python3.12/site-packages/airflow/example_dags/example_trigger_controller_dag.py
[2026-02-13T13:01:57.522+0100] {processor.py:925} INFO - DAG(s) 'example_trigger_controller_dag' retrieved from /home/gianotti/Documents/CryptoETL/.venv/lib/python3.12/site-packages/airflow/example_dags/example_trigger_controller_dag.py
[2026-02-13T13:01:57.545+0100] {logging_mixin.py:190} INFO - [2026-02-13T13:01:57.545+0100] {dag.py:3239} INFO - Sync 1 DAGs
[2026-02-13T13:01:57.570+0100] {logging_mixin.py:190} INFO - [2026-02-13T13:01:57.570+0100] {dag.py:4180} INFO - Setting next_dagrun for example_trigger_controller_dag to 2021-01-01 00:00:00+00:00, run_after=2021-01-01 00:00:00+00:00
[2026-02-13T13:01:57.587+0100] {processor.py:208} INFO - Processing /home/gianotti/Documents/CryptoETL/.venv/lib/python3.12/site-packages/airflow/example_dags/example_trigger_controller_dag.py took 0.092 seconds
[2026-02-13T13:02:56.044+0100] {processor.py:186} INFO - Started process (PID=35850) to work on /home/gianotti/Documents/CryptoETL/.venv/lib/python3.12/site-packages/airflow/example_dags/example_trigger_controller_dag.py
[2026-02-13T13:02:56.046+0100] {processor.py:914} INFO - Processing file /home/gianotti/Documents/CryptoETL/.venv/lib/python3.12/site-packages/airflow/example_dags/example_trigger_controller_dag.py for tasks to queue
[2026-02-13T13:02:56.047+0100] {logging_mixin.py:190} INFO - [2026-02-13T13:02:56.047+0100] {dagbag.py:588} INFO - Filling up the DagBag from /home/gianotti/Documents/CryptoETL/.venv/lib/python3.12/site-packages/airflow/example_dags/example_trigger_controller_dag.py
[2026-02-13T13:02:56.053+0100] {processor.py:925} INFO - DAG(s) 'example_trigger_controller_dag' retrieved from /home/gianotti/Documents/CryptoETL/.venv/lib/python3.12/site-packages/airflow/example_dags/example_trigger_controller_dag.py
[2026-02-13T13:02:56.066+0100] {logging_mixin.py:190} INFO - [2026-02-13T13:02:56.066+0100] {dag.py:3239} INFO - Sync 1 DAGs
[2026-02-13T13:02:56.083+0100] {logging_mixin.py:190} INFO - [2026-02-13T13:02:56.083+0100] {dag.py:4180} INFO - Setting next_dagrun for example_trigger_controller_dag to 2021-01-01 00:00:00+00:00, run_after=2021-01-01 00:00:00+00:00
[2026-02-13T13:02:56.103+0100] {processor.py:208} INFO - Processing /home/gianotti/Documents/CryptoETL/.venv/lib/python3.12/site-packages/airflow/example_dags/example_trigger_controller_dag.py took 0.064 seconds
[2026-02-13T13:03:52.132+0100] {processor.py:186} INFO - Started process (PID=35994) to work on /home/gianotti/Documents/CryptoETL/.venv/lib/python3.12/site-packages/airflow/example_dags/example_trigger_controller_dag.py
[2026-02-13T13:03:52.135+0100] {processor.py:914} INFO - Processing file /home/gianotti/Documents/CryptoETL/.venv/lib/python3.12/site-packages/airflow/example_dags/example_trigger_controller_dag.py for tasks to queue
[2026-02-13T13:03:52.137+0100] {logging_mixin.py:190} INFO - [2026-02-13T13:03:52.136+0100] {dagbag.py:588} INFO - Filling up the DagBag from /home/gianotti/Documents/CryptoETL/.venv/lib/python3.12/site-packages/airflow/example_dags/example_trigger_controller_dag.py
[2026-02-13T13:03:52.150+0100] {processor.py:925} INFO - DAG(s) 'example_trigger_controller_dag' retrieved from /home/gianotti/Documents/CryptoETL/.venv/lib/python3.12/site-packages/airflow/example_dags/example_trigger_controller_dag.py
[2026-02-13T13:03:52.177+0100] {logging_mixin.py:190} INFO - [2026-02-13T13:03:52.176+0100] {dag.py:3239} INFO - Sync 1 DAGs
[2026-02-13T13:03:52.216+0100] {logging_mixin.py:190} INFO - [2026-02-13T13:03:52.216+0100] {dag.py:4180} INFO - Setting next_dagrun for example_trigger_controller_dag to 2021-01-01 00:00:00+00:00, run_after=2021-01-01 00:00:00+00:00
[2026-02-13T13:03:52.256+0100] {processor.py:208} INFO - Processing /home/gianotti/Documents/CryptoETL/.venv/lib/python3.12/site-packages/airflow/example_dags/example_trigger_controller_dag.py took 0.134 seconds
[2026-02-13T13:04:54.970+0100] {processor.py:186} INFO - Started process (PID=36118) to work on /home/gianotti/Documents/CryptoETL/.venv/lib/python3.12/site-packages/airflow/example_dags/example_trigger_controller_dag.py
[2026-02-13T13:04:54.973+0100] {processor.py:914} INFO - Processing file /home/gianotti/Documents/CryptoETL/.venv/lib/python3.12/site-packages/airflow/example_dags/example_trigger_controller_dag.py for tasks to queue
[2026-02-13T13:04:54.976+0100] {logging_mixin.py:190} INFO - [2026-02-13T13:04:54.975+0100] {dagbag.py:588} INFO - Filling up the DagBag from /home/gianotti/Documents/CryptoETL/.venv/lib/python3.12/site-packages/airflow/example_dags/example_trigger_controller_dag.py
[2026-02-13T13:04:54.992+0100] {processor.py:925} INFO - DAG(s) 'example_trigger_controller_dag' retrieved from /home/gianotti/Documents/CryptoETL/.venv/lib/python3.12/site-packages/airflow/example_dags/example_trigger_controller_dag.py
[2026-02-13T13:04:55.021+0100] {logging_mixin.py:190} INFO - [2026-02-13T13:04:55.021+0100] {dag.py:3239} INFO - Sync 1 DAGs
[2026-02-13T13:04:55.054+0100] {logging_mixin.py:190} INFO - [2026-02-13T13:04:55.054+0100] {dag.py:4180} INFO - Setting next_dagrun for example_trigger_controller_dag to 2021-01-01 00:00:00+00:00, run_after=2021-01-01 00:00:00+00:00
[2026-02-13T13:04:55.090+0100] {processor.py:208} INFO - Processing /home/gianotti/Documents/CryptoETL/.venv/lib/python3.12/site-packages/airflow/example_dags/example_trigger_controller_dag.py took 0.131 seconds
[2026-02-13T13:05:58.849+0100] {processor.py:186} INFO - Started process (PID=36226) to work on /home/gianotti/Documents/CryptoETL/.venv/lib/python3.12/site-packages/airflow/example_dags/example_trigger_controller_dag.py
[2026-02-13T13:05:58.850+0100] {processor.py:914} INFO - Processing file /home/gianotti/Documents/CryptoETL/.venv/lib/python3.12/site-packages/airflow/example_dags/example_trigger_controller_dag.py for tasks to queue
[2026-02-13T13:05:58.853+0100] {logging_mixin.py:190} INFO - [2026-02-13T13:05:58.852+0100] {dagbag.py:588} INFO - Filling up the DagBag from /home/gianotti/Documents/CryptoETL/.venv/lib/python3.12/site-packages/airflow/example_dags/example_trigger_controller_dag.py
[2026-02-13T13:05:58.866+0100] {processor.py:925} INFO - DAG(s) 'example_trigger_controller_dag' retrieved from /home/gianotti/Documents/CryptoETL/.venv/lib/python3.12/site-packages/airflow/example_dags/example_trigger_controller_dag.py
[2026-02-13T13:05:58.895+0100] {logging_mixin.py:190} INFO - [2026-02-13T13:05:58.894+0100] {dag.py:3239} INFO - Sync 1 DAGs
[2026-02-13T13:05:58.936+0100] {logging_mixin.py:190} INFO - [2026-02-13T13:05:58.936+0100] {dag.py:4180} INFO - Setting next_dagrun for example_trigger_controller_dag to 2021-01-01 00:00:00+00:00, run_after=2021-01-01 00:00:00+00:00
[2026-02-13T13:05:58.978+0100] {processor.py:208} INFO - Processing /home/gianotti/Documents/CryptoETL/.venv/lib/python3.12/site-packages/airflow/example_dags/example_trigger_controller_dag.py took 0.140 seconds
[2026-02-13T13:07:04.058+0100] {processor.py:186} INFO - Started process (PID=36320) to work on /home/gianotti/Documents/CryptoETL/.venv/lib/python3.12/site-packages/airflow/example_dags/example_trigger_controller_dag.py
[2026-02-13T13:07:04.061+0100] {processor.py:914} INFO - Processing file /home/gianotti/Documents/CryptoETL/.venv/lib/python3.12/site-packages/airflow/example_dags/example_trigger_controller_dag.py for tasks to queue
[2026-02-13T13:07:04.062+0100] {logging_mixin.py:190} INFO - [2026-02-13T13:07:04.062+0100] {dagbag.py:588} INFO - Filling up the DagBag from /home/gianotti/Documents/CryptoETL/.venv/lib/python3.12/site-packages/airflow/example_dags/example_trigger_controller_dag.py
[2026-02-13T13:07:04.075+0100] {processor.py:925} INFO - DAG(s) 'example_trigger_controller_dag' retrieved from /home/gianotti/Documents/CryptoETL/.venv/lib/python3.12/site-packages/airflow/example_dags/example_trigger_controller_dag.py
[2026-02-13T13:07:04.098+0100] {logging_mixin.py:190} INFO - [2026-02-13T13:07:04.098+0100] {dag.py:3239} INFO - Sync 1 DAGs
[2026-02-13T13:07:04.132+0100] {logging_mixin.py:190} INFO - [2026-02-13T13:07:04.131+0100] {dag.py:4180} INFO - Setting next_dagrun for example_trigger_controller_dag to 2021-01-01 00:00:00+00:00, run_after=2021-01-01 00:00:00+00:00
[2026-02-13T13:07:04.166+0100] {processor.py:208} INFO - Processing /home/gianotti/Documents/CryptoETL/.venv/lib/python3.12/site-packages/airflow/example_dags/example_trigger_controller_dag.py took 0.118 seconds
[2026-02-13T13:08:16.421+0100] {processor.py:186} INFO - Started process (PID=36418) to work on /home/gianotti/Documents/CryptoETL/.venv/lib/python3.12/site-packages/airflow/example_dags/example_trigger_controller_dag.py
[2026-02-13T13:08:16.424+0100] {processor.py:914} INFO - Processing file /home/gianotti/Documents/CryptoETL/.venv/lib/python3.12/site-packages/airflow/example_dags/example_trigger_controller_dag.py for tasks to queue
[2026-02-13T13:08:16.426+0100] {logging_mixin.py:190} INFO - [2026-02-13T13:08:16.426+0100] {dagbag.py:588} INFO - Filling up the DagBag from /home/gianotti/Documents/CryptoETL/.venv/lib/python3.12/site-packages/airflow/example_dags/example_trigger_controller_dag.py
[2026-02-13T13:08:16.438+0100] {processor.py:925} INFO - DAG(s) 'example_trigger_controller_dag' retrieved from /home/gianotti/Documents/CryptoETL/.venv/lib/python3.12/site-packages/airflow/example_dags/example_trigger_controller_dag.py
[2026-02-13T13:08:16.461+0100] {logging_mixin.py:190} INFO - [2026-02-13T13:08:16.461+0100] {dag.py:3239} INFO - Sync 1 DAGs
[2026-02-13T13:08:16.497+0100] {logging_mixin.py:190} INFO - [2026-02-13T13:08:16.497+0100] {dag.py:4180} INFO - Setting next_dagrun for example_trigger_controller_dag to 2021-01-01 00:00:00+00:00, run_after=2021-01-01 00:00:00+00:00
[2026-02-13T13:08:16.530+0100] {processor.py:208} INFO - Processing /home/gianotti/Documents/CryptoETL/.venv/lib/python3.12/site-packages/airflow/example_dags/example_trigger_controller_dag.py took 0.119 seconds
[2026-02-13T13:09:21.932+0100] {processor.py:186} INFO - Started process (PID=36555) to work on /home/gianotti/Documents/CryptoETL/.venv/lib/python3.12/site-packages/airflow/example_dags/example_trigger_controller_dag.py
[2026-02-13T13:09:21.935+0100] {processor.py:914} INFO - Processing file /home/gianotti/Documents/CryptoETL/.venv/lib/python3.12/site-packages/airflow/example_dags/example_trigger_controller_dag.py for tasks to queue
[2026-02-13T13:09:21.937+0100] {logging_mixin.py:190} INFO - [2026-02-13T13:09:21.936+0100] {dagbag.py:588} INFO - Filling up the DagBag from /home/gianotti/Documents/CryptoETL/.venv/lib/python3.12/site-packages/airflow/example_dags/example_trigger_controller_dag.py
[2026-02-13T13:09:21.949+0100] {processor.py:925} INFO - DAG(s) 'example_trigger_controller_dag' retrieved from /home/gianotti/Documents/CryptoETL/.venv/lib/python3.12/site-packages/airflow/example_dags/example_trigger_controller_dag.py
[2026-02-13T13:09:21.972+0100] {logging_mixin.py:190} INFO - [2026-02-13T13:09:21.971+0100] {dag.py:3239} INFO - Sync 1 DAGs
[2026-02-13T13:09:22.006+0100] {logging_mixin.py:190} INFO - [2026-02-13T13:09:22.005+0100] {dag.py:4180} INFO - Setting next_dagrun for example_trigger_controller_dag to 2021-01-01 00:00:00+00:00, run_after=2021-01-01 00:00:00+00:00
[2026-02-13T13:09:22.038+0100] {processor.py:208} INFO - Processing /home/gianotti/Documents/CryptoETL/.venv/lib/python3.12/site-packages/airflow/example_dags/example_trigger_controller_dag.py took 0.115 seconds
[2026-02-13T13:10:34.675+0100] {processor.py:186} INFO - Started process (PID=36687) to work on /home/gianotti/Documents/CryptoETL/.venv/lib/python3.12/site-packages/airflow/example_dags/example_trigger_controller_dag.py
[2026-02-13T13:10:34.678+0100] {processor.py:914} INFO - Processing file /home/gianotti/Documents/CryptoETL/.venv/lib/python3.12/site-packages/airflow/example_dags/example_trigger_controller_dag.py for tasks to queue
[2026-02-13T13:10:34.680+0100] {logging_mixin.py:190} INFO - [2026-02-13T13:10:34.680+0100] {dagbag.py:588} INFO - Filling up the DagBag from /home/gianotti/Documents/CryptoETL/.venv/lib/python3.12/site-packages/airflow/example_dags/example_trigger_controller_dag.py
[2026-02-13T13:10:34.692+0100] {processor.py:925} INFO - DAG(s) 'example_trigger_controller_dag' retrieved from /home/gianotti/Documents/CryptoETL/.venv/lib/python3.12/site-packages/airflow/example_dags/example_trigger_controller_dag.py
[2026-02-13T13:10:34.716+0100] {logging_mixin.py:190} INFO - [2026-02-13T13:10:34.716+0100] {dag.py:3239} INFO - Sync 1 DAGs
[2026-02-13T13:10:34.749+0100] {logging_mixin.py:190} INFO - [2026-02-13T13:10:34.749+0100] {dag.py:4180} INFO - Setting next_dagrun for example_trigger_controller_dag to 2021-01-01 00:00:00+00:00, run_after=2021-01-01 00:00:00+00:00
[2026-02-13T13:10:34.780+0100] {processor.py:208} INFO - Processing /home/gianotti/Documents/CryptoETL/.venv/lib/python3.12/site-packages/airflow/example_dags/example_trigger_controller_dag.py took 0.114 seconds
[2026-02-13T13:11:38.676+0100] {processor.py:186} INFO - Started process (PID=36770) to work on /home/gianotti/Documents/CryptoETL/.venv/lib/python3.12/site-packages/airflow/example_dags/example_trigger_controller_dag.py
[2026-02-13T13:11:38.679+0100] {processor.py:914} INFO - Processing file /home/gianotti/Documents/CryptoETL/.venv/lib/python3.12/site-packages/airflow/example_dags/example_trigger_controller_dag.py for tasks to queue
[2026-02-13T13:11:38.681+0100] {logging_mixin.py:190} INFO - [2026-02-13T13:11:38.680+0100] {dagbag.py:588} INFO - Filling up the DagBag from /home/gianotti/Documents/CryptoETL/.venv/lib/python3.12/site-packages/airflow/example_dags/example_trigger_controller_dag.py
[2026-02-13T13:11:38.693+0100] {processor.py:925} INFO - DAG(s) 'example_trigger_controller_dag' retrieved from /home/gianotti/Documents/CryptoETL/.venv/lib/python3.12/site-packages/airflow/example_dags/example_trigger_controller_dag.py
[2026-02-13T13:11:38.715+0100] {logging_mixin.py:190} INFO - [2026-02-13T13:11:38.715+0100] {dag.py:3239} INFO - Sync 1 DAGs
[2026-02-13T13:11:38.748+0100] {logging_mixin.py:190} INFO - [2026-02-13T13:11:38.748+0100] {dag.py:4180} INFO - Setting next_dagrun for example_trigger_controller_dag to 2021-01-01 00:00:00+00:00, run_after=2021-01-01 00:00:00+00:00
[2026-02-13T13:11:38.780+0100] {processor.py:208} INFO - Processing /home/gianotti/Documents/CryptoETL/.venv/lib/python3.12/site-packages/airflow/example_dags/example_trigger_controller_dag.py took 0.113 seconds
[2026-02-13T13:12:42.864+0100] {processor.py:186} INFO - Started process (PID=36896) to work on /home/gianotti/Documents/CryptoETL/.venv/lib/python3.12/site-packages/airflow/example_dags/example_trigger_controller_dag.py
[2026-02-13T13:12:42.867+0100] {processor.py:914} INFO - Processing file /home/gianotti/Documents/CryptoETL/.venv/lib/python3.12/site-packages/airflow/example_dags/example_trigger_controller_dag.py for tasks to queue
[2026-02-13T13:12:42.869+0100] {logging_mixin.py:190} INFO - [2026-02-13T13:12:42.868+0100] {dagbag.py:588} INFO - Filling up the DagBag from /home/gianotti/Documents/CryptoETL/.venv/lib/python3.12/site-packages/airflow/example_dags/example_trigger_controller_dag.py
[2026-02-13T13:12:42.881+0100] {processor.py:925} INFO - DAG(s) 'example_trigger_controller_dag' retrieved from /home/gianotti/Documents/CryptoETL/.venv/lib/python3.12/site-packages/airflow/example_dags/example_trigger_controller_dag.py
[2026-02-13T13:12:42.904+0100] {logging_mixin.py:190} INFO - [2026-02-13T13:12:42.903+0100] {dag.py:3239} INFO - Sync 1 DAGs
[2026-02-13T13:12:42.936+0100] {logging_mixin.py:190} INFO - [2026-02-13T13:12:42.936+0100] {dag.py:4180} INFO - Setting next_dagrun for example_trigger_controller_dag to 2021-01-01 00:00:00+00:00, run_after=2021-01-01 00:00:00+00:00
[2026-02-13T13:12:42.968+0100] {processor.py:208} INFO - Processing /home/gianotti/Documents/CryptoETL/.venv/lib/python3.12/site-packages/airflow/example_dags/example_trigger_controller_dag.py took 0.113 seconds
[2026-02-13T13:13:46.486+0100] {processor.py:186} INFO - Started process (PID=37050) to work on /home/gianotti/Documents/CryptoETL/.venv/lib/python3.12/site-packages/airflow/example_dags/example_trigger_controller_dag.py
[2026-02-13T13:13:46.489+0100] {processor.py:914} INFO - Processing file /home/gianotti/Documents/CryptoETL/.venv/lib/python3.12/site-packages/airflow/example_dags/example_trigger_controller_dag.py for tasks to queue
[2026-02-13T13:13:46.491+0100] {logging_mixin.py:190} INFO - [2026-02-13T13:13:46.490+0100] {dagbag.py:588} INFO - Filling up the DagBag from /home/gianotti/Documents/CryptoETL/.venv/lib/python3.12/site-packages/airflow/example_dags/example_trigger_controller_dag.py
[2026-02-13T13:13:46.502+0100] {processor.py:925} INFO - DAG(s) 'example_trigger_controller_dag' retrieved from /home/gianotti/Documents/CryptoETL/.venv/lib/python3.12/site-packages/airflow/example_dags/example_trigger_controller_dag.py
[2026-02-13T13:13:46.525+0100] {logging_mixin.py:190} INFO - [2026-02-13T13:13:46.525+0100] {dag.py:3239} INFO - Sync 1 DAGs
[2026-02-13T13:13:46.558+0100] {logging_mixin.py:190} INFO - [2026-02-13T13:13:46.557+0100] {dag.py:4180} INFO - Setting next_dagrun for example_trigger_controller_dag to 2021-01-01 00:00:00+00:00, run_after=2021-01-01 00:00:00+00:00
[2026-02-13T13:13:46.594+0100] {processor.py:208} INFO - Processing /home/gianotti/Documents/CryptoETL/.venv/lib/python3.12/site-packages/airflow/example_dags/example_trigger_controller_dag.py took 0.117 seconds
[2026-02-13T13:14:51.784+0100] {processor.py:186} INFO - Started process (PID=37216) to work on /home/gianotti/Documents/CryptoETL/.venv/lib/python3.12/site-packages/airflow/example_dags/example_trigger_controller_dag.py
[2026-02-13T13:14:51.787+0100] {processor.py:914} INFO - Processing file /home/gianotti/Documents/CryptoETL/.venv/lib/python3.12/site-packages/airflow/example_dags/example_trigger_controller_dag.py for tasks to queue
[2026-02-13T13:14:51.788+0100] {logging_mixin.py:190} INFO - [2026-02-13T13:14:51.788+0100] {dagbag.py:588} INFO - Filling up the DagBag from /home/gianotti/Documents/CryptoETL/.venv/lib/python3.12/site-packages/airflow/example_dags/example_trigger_controller_dag.py
[2026-02-13T13:14:51.799+0100] {processor.py:925} INFO - DAG(s) 'example_trigger_controller_dag' retrieved from /home/gianotti/Documents/CryptoETL/.venv/lib/python3.12/site-packages/airflow/example_dags/example_trigger_controller_dag.py
[2026-02-13T13:14:51.822+0100] {logging_mixin.py:190} INFO - [2026-02-13T13:14:51.822+0100] {dag.py:3239} INFO - Sync 1 DAGs
[2026-02-13T13:14:51.854+0100] {logging_mixin.py:190} INFO - [2026-02-13T13:14:51.854+0100] {dag.py:4180} INFO - Setting next_dagrun for example_trigger_controller_dag to 2021-01-01 00:00:00+00:00, run_after=2021-01-01 00:00:00+00:00
[2026-02-13T13:14:51.885+0100] {processor.py:208} INFO - Processing /home/gianotti/Documents/CryptoETL/.venv/lib/python3.12/site-packages/airflow/example_dags/example_trigger_controller_dag.py took 0.110 seconds
[2026-02-13T13:15:58.162+0100] {processor.py:186} INFO - Started process (PID=37400) to work on /home/gianotti/Documents/CryptoETL/.venv/lib/python3.12/site-packages/airflow/example_dags/example_trigger_controller_dag.py
[2026-02-13T13:15:58.163+0100] {processor.py:914} INFO - Processing file /home/gianotti/Documents/CryptoETL/.venv/lib/python3.12/site-packages/airflow/example_dags/example_trigger_controller_dag.py for tasks to queue
[2026-02-13T13:15:58.166+0100] {logging_mixin.py:190} INFO - [2026-02-13T13:15:58.165+0100] {dagbag.py:588} INFO - Filling up the DagBag from /home/gianotti/Documents/CryptoETL/.venv/lib/python3.12/site-packages/airflow/example_dags/example_trigger_controller_dag.py
[2026-02-13T13:15:58.178+0100] {processor.py:925} INFO - DAG(s) 'example_trigger_controller_dag' retrieved from /home/gianotti/Documents/CryptoETL/.venv/lib/python3.12/site-packages/airflow/example_dags/example_trigger_controller_dag.py
[2026-02-13T13:15:58.203+0100] {logging_mixin.py:190} INFO - [2026-02-13T13:15:58.202+0100] {dag.py:3239} INFO - Sync 1 DAGs
[2026-02-13T13:15:58.241+0100] {logging_mixin.py:190} INFO - [2026-02-13T13:15:58.240+0100] {dag.py:4180} INFO - Setting next_dagrun for example_trigger_controller_dag to 2021-01-01 00:00:00+00:00, run_after=2021-01-01 00:00:00+00:00
[2026-02-13T13:15:58.274+0100] {processor.py:208} INFO - Processing /home/gianotti/Documents/CryptoETL/.venv/lib/python3.12/site-packages/airflow/example_dags/example_trigger_controller_dag.py took 0.123 seconds
[2026-02-13T13:17:02.561+0100] {processor.py:186} INFO - Started process (PID=37488) to work on /home/gianotti/Documents/CryptoETL/.venv/lib/python3.12/site-packages/airflow/example_dags/example_trigger_controller_dag.py
[2026-02-13T13:17:02.564+0100] {processor.py:914} INFO - Processing file /home/gianotti/Documents/CryptoETL/.venv/lib/python3.12/site-packages/airflow/example_dags/example_trigger_controller_dag.py for tasks to queue
[2026-02-13T13:17:02.565+0100] {logging_mixin.py:190} INFO - [2026-02-13T13:17:02.565+0100] {dagbag.py:588} INFO - Filling up the DagBag from /home/gianotti/Documents/CryptoETL/.venv/lib/python3.12/site-packages/airflow/example_dags/example_trigger_controller_dag.py
[2026-02-13T13:17:02.576+0100] {processor.py:925} INFO - DAG(s) 'example_trigger_controller_dag' retrieved from /home/gianotti/Documents/CryptoETL/.venv/lib/python3.12/site-packages/airflow/example_dags/example_trigger_controller_dag.py
[2026-02-13T13:17:02.598+0100] {logging_mixin.py:190} INFO - [2026-02-13T13:17:02.598+0100] {dag.py:3239} INFO - Sync 1 DAGs
[2026-02-13T13:17:02.630+0100] {logging_mixin.py:190} INFO - [2026-02-13T13:17:02.630+0100] {dag.py:4180} INFO - Setting next_dagrun for example_trigger_controller_dag to 2021-01-01 00:00:00+00:00, run_after=2021-01-01 00:00:00+00:00
[2026-02-13T13:17:02.660+0100] {processor.py:208} INFO - Processing /home/gianotti/Documents/CryptoETL/.venv/lib/python3.12/site-packages/airflow/example_dags/example_trigger_controller_dag.py took 0.108 seconds
[2026-02-13T13:18:10.734+0100] {processor.py:186} INFO - Started process (PID=37596) to work on /home/gianotti/Documents/CryptoETL/.venv/lib/python3.12/site-packages/airflow/example_dags/example_trigger_controller_dag.py
[2026-02-13T13:18:10.736+0100] {processor.py:914} INFO - Processing file /home/gianotti/Documents/CryptoETL/.venv/lib/python3.12/site-packages/airflow/example_dags/example_trigger_controller_dag.py for tasks to queue
[2026-02-13T13:18:10.738+0100] {logging_mixin.py:190} INFO - [2026-02-13T13:18:10.737+0100] {dagbag.py:588} INFO - Filling up the DagBag from /home/gianotti/Documents/CryptoETL/.venv/lib/python3.12/site-packages/airflow/example_dags/example_trigger_controller_dag.py
[2026-02-13T13:18:10.750+0100] {processor.py:925} INFO - DAG(s) 'example_trigger_controller_dag' retrieved from /home/gianotti/Documents/CryptoETL/.venv/lib/python3.12/site-packages/airflow/example_dags/example_trigger_controller_dag.py
[2026-02-13T13:18:10.773+0100] {logging_mixin.py:190} INFO - [2026-02-13T13:18:10.773+0100] {dag.py:3239} INFO - Sync 1 DAGs
[2026-02-13T13:18:10.805+0100] {logging_mixin.py:190} INFO - [2026-02-13T13:18:10.805+0100] {dag.py:4180} INFO - Setting next_dagrun for example_trigger_controller_dag to 2021-01-01 00:00:00+00:00, run_after=2021-01-01 00:00:00+00:00
[2026-02-13T13:18:10.836+0100] {processor.py:208} INFO - Processing /home/gianotti/Documents/CryptoETL/.venv/lib/python3.12/site-packages/airflow/example_dags/example_trigger_controller_dag.py took 0.112 seconds
[2026-02-13T13:19:13.471+0100] {processor.py:186} INFO - Started process (PID=37703) to work on /home/gianotti/Documents/CryptoETL/.venv/lib/python3.12/site-packages/airflow/example_dags/example_trigger_controller_dag.py
[2026-02-13T13:19:13.473+0100] {processor.py:914} INFO - Processing file /home/gianotti/Documents/CryptoETL/.venv/lib/python3.12/site-packages/airflow/example_dags/example_trigger_controller_dag.py for tasks to queue
[2026-02-13T13:19:13.476+0100] {logging_mixin.py:190} INFO - [2026-02-13T13:19:13.475+0100] {dagbag.py:588} INFO - Filling up the DagBag from /home/gianotti/Documents/CryptoETL/.venv/lib/python3.12/site-packages/airflow/example_dags/example_trigger_controller_dag.py
[2026-02-13T13:19:13.488+0100] {processor.py:925} INFO - DAG(s) 'example_trigger_controller_dag' retrieved from /home/gianotti/Documents/CryptoETL/.venv/lib/python3.12/site-packages/airflow/example_dags/example_trigger_controller_dag.py
[2026-02-13T13:19:13.513+0100] {logging_mixin.py:190} INFO - [2026-02-13T13:19:13.512+0100] {dag.py:3239} INFO - Sync 1 DAGs
[2026-02-13T13:19:13.551+0100] {logging_mixin.py:190} INFO - [2026-02-13T13:19:13.551+0100] {dag.py:4180} INFO - Setting next_dagrun for example_trigger_controller_dag to 2021-01-01 00:00:00+00:00, run_after=2021-01-01 00:00:00+00:00
[2026-02-13T13:19:13.588+0100] {processor.py:208} INFO - Processing /home/gianotti/Documents/CryptoETL/.venv/lib/python3.12/site-packages/airflow/example_dags/example_trigger_controller_dag.py took 0.126 seconds
[2026-02-13T13:20:22.374+0100] {processor.py:186} INFO - Started process (PID=37808) to work on /home/gianotti/Documents/CryptoETL/.venv/lib/python3.12/site-packages/airflow/example_dags/example_trigger_controller_dag.py
[2026-02-13T13:20:22.376+0100] {processor.py:914} INFO - Processing file /home/gianotti/Documents/CryptoETL/.venv/lib/python3.12/site-packages/airflow/example_dags/example_trigger_controller_dag.py for tasks to queue
[2026-02-13T13:20:22.378+0100] {logging_mixin.py:190} INFO - [2026-02-13T13:20:22.377+0100] {dagbag.py:588} INFO - Filling up the DagBag from /home/gianotti/Documents/CryptoETL/.venv/lib/python3.12/site-packages/airflow/example_dags/example_trigger_controller_dag.py
[2026-02-13T13:20:22.389+0100] {processor.py:925} INFO - DAG(s) 'example_trigger_controller_dag' retrieved from /home/gianotti/Documents/CryptoETL/.venv/lib/python3.12/site-packages/airflow/example_dags/example_trigger_controller_dag.py
[2026-02-13T13:20:22.412+0100] {logging_mixin.py:190} INFO - [2026-02-13T13:20:22.412+0100] {dag.py:3239} INFO - Sync 1 DAGs
[2026-02-13T13:20:22.446+0100] {logging_mixin.py:190} INFO - [2026-02-13T13:20:22.445+0100] {dag.py:4180} INFO - Setting next_dagrun for example_trigger_controller_dag to 2021-01-01 00:00:00+00:00, run_after=2021-01-01 00:00:00+00:00
[2026-02-13T13:20:22.479+0100] {processor.py:208} INFO - Processing /home/gianotti/Documents/CryptoETL/.venv/lib/python3.12/site-packages/airflow/example_dags/example_trigger_controller_dag.py took 0.114 seconds
[2026-02-13T13:21:25.286+0100] {processor.py:186} INFO - Started process (PID=37903) to work on /home/gianotti/Documents/CryptoETL/.venv/lib/python3.12/site-packages/airflow/example_dags/example_trigger_controller_dag.py
[2026-02-13T13:21:25.288+0100] {processor.py:914} INFO - Processing file /home/gianotti/Documents/CryptoETL/.venv/lib/python3.12/site-packages/airflow/example_dags/example_trigger_controller_dag.py for tasks to queue
[2026-02-13T13:21:25.289+0100] {logging_mixin.py:190} INFO - [2026-02-13T13:21:25.289+0100] {dagbag.py:588} INFO - Filling up the DagBag from /home/gianotti/Documents/CryptoETL/.venv/lib/python3.12/site-packages/airflow/example_dags/example_trigger_controller_dag.py
[2026-02-13T13:21:25.301+0100] {processor.py:925} INFO - DAG(s) 'example_trigger_controller_dag' retrieved from /home/gianotti/Documents/CryptoETL/.venv/lib/python3.12/site-packages/airflow/example_dags/example_trigger_controller_dag.py
[2026-02-13T13:21:25.324+0100] {logging_mixin.py:190} INFO - [2026-02-13T13:21:25.324+0100] {dag.py:3239} INFO - Sync 1 DAGs
[2026-02-13T13:21:25.358+0100] {logging_mixin.py:190} INFO - [2026-02-13T13:21:25.357+0100] {dag.py:4180} INFO - Setting next_dagrun for example_trigger_controller_dag to 2021-01-01 00:00:00+00:00, run_after=2021-01-01 00:00:00+00:00
[2026-02-13T13:21:25.392+0100] {processor.py:208} INFO - Processing /home/gianotti/Documents/CryptoETL/.venv/lib/python3.12/site-packages/airflow/example_dags/example_trigger_controller_dag.py took 0.116 seconds
[2026-02-13T13:22:27.788+0100] {processor.py:186} INFO - Started process (PID=38027) to work on /home/gianotti/Documents/CryptoETL/.venv/lib/python3.12/site-packages/airflow/example_dags/example_trigger_controller_dag.py
[2026-02-13T13:22:27.791+0100] {processor.py:914} INFO - Processing file /home/gianotti/Documents/CryptoETL/.venv/lib/python3.12/site-packages/airflow/example_dags/example_trigger_controller_dag.py for tasks to queue
[2026-02-13T13:22:27.793+0100] {logging_mixin.py:190} INFO - [2026-02-13T13:22:27.792+0100] {dagbag.py:588} INFO - Filling up the DagBag from /home/gianotti/Documents/CryptoETL/.venv/lib/python3.12/site-packages/airflow/example_dags/example_trigger_controller_dag.py
[2026-02-13T13:22:27.804+0100] {processor.py:925} INFO - DAG(s) 'example_trigger_controller_dag' retrieved from /home/gianotti/Documents/CryptoETL/.venv/lib/python3.12/site-packages/airflow/example_dags/example_trigger_controller_dag.py
[2026-02-13T13:22:27.828+0100] {logging_mixin.py:190} INFO - [2026-02-13T13:22:27.827+0100] {dag.py:3239} INFO - Sync 1 DAGs
[2026-02-13T13:22:27.861+0100] {logging_mixin.py:190} INFO - [2026-02-13T13:22:27.861+0100] {dag.py:4180} INFO - Setting next_dagrun for example_trigger_controller_dag to 2021-01-01 00:00:00+00:00, run_after=2021-01-01 00:00:00+00:00
[2026-02-13T13:22:27.894+0100] {processor.py:208} INFO - Processing /home/gianotti/Documents/CryptoETL/.venv/lib/python3.12/site-packages/airflow/example_dags/example_trigger_controller_dag.py took 0.114 seconds
