[2026-02-13T12:56:00.598+0100] {processor.py:186} INFO - Started process (PID=34996) to work on /home/gianotti/Documents/CryptoETL/.venv/lib/python3.12/site-packages/airflow/example_dags/example_branch_datetime_operator.py
[2026-02-13T12:56:00.599+0100] {processor.py:914} INFO - Processing file /home/gianotti/Documents/CryptoETL/.venv/lib/python3.12/site-packages/airflow/example_dags/example_branch_datetime_operator.py for tasks to queue
[2026-02-13T12:56:00.603+0100] {logging_mixin.py:190} INFO - [2026-02-13T12:56:00.602+0100] {dagbag.py:588} INFO - Filling up the DagBag from /home/gianotti/Documents/CryptoETL/.venv/lib/python3.12/site-packages/airflow/example_dags/example_branch_datetime_operator.py
[2026-02-13T12:56:00.630+0100] {processor.py:925} INFO - DAG(s) 'example_branch_datetime_operator_3', 'example_branch_datetime_operator_2', 'example_branch_datetime_operator' retrieved from /home/gianotti/Documents/CryptoETL/.venv/lib/python3.12/site-packages/airflow/example_dags/example_branch_datetime_operator.py
[2026-02-13T12:56:00.725+0100] {logging_mixin.py:190} INFO - [2026-02-13T12:56:00.724+0100] {override.py:1930} INFO - Created Permission View: can edit on DAG:example_branch_datetime_operator_3
[2026-02-13T12:56:00.737+0100] {logging_mixin.py:190} INFO - [2026-02-13T12:56:00.737+0100] {override.py:1930} INFO - Created Permission View: can read on DAG:example_branch_datetime_operator_3
[2026-02-13T12:56:00.748+0100] {logging_mixin.py:190} INFO - [2026-02-13T12:56:00.747+0100] {override.py:1930} INFO - Created Permission View: can delete on DAG:example_branch_datetime_operator_3
[2026-02-13T12:56:00.766+0100] {logging_mixin.py:190} INFO - [2026-02-13T12:56:00.766+0100] {override.py:1930} INFO - Created Permission View: can create on DAG Run:example_branch_datetime_operator_3
[2026-02-13T12:56:00.778+0100] {logging_mixin.py:190} INFO - [2026-02-13T12:56:00.777+0100] {override.py:1930} INFO - Created Permission View: can read on DAG Run:example_branch_datetime_operator_3
[2026-02-13T12:56:00.791+0100] {logging_mixin.py:190} INFO - [2026-02-13T12:56:00.791+0100] {override.py:1930} INFO - Created Permission View: can delete on DAG Run:example_branch_datetime_operator_3
[2026-02-13T12:56:00.803+0100] {logging_mixin.py:190} INFO - [2026-02-13T12:56:00.803+0100] {override.py:1930} INFO - Created Permission View: menu access on DAG Run:example_branch_datetime_operator_3
[2026-02-13T12:56:00.831+0100] {logging_mixin.py:190} INFO - [2026-02-13T12:56:00.831+0100] {override.py:1930} INFO - Created Permission View: can edit on DAG:example_branch_datetime_operator_2
[2026-02-13T12:56:00.844+0100] {logging_mixin.py:190} INFO - [2026-02-13T12:56:00.843+0100] {override.py:1930} INFO - Created Permission View: can read on DAG:example_branch_datetime_operator_2
[2026-02-13T12:56:00.857+0100] {logging_mixin.py:190} INFO - [2026-02-13T12:56:00.856+0100] {override.py:1930} INFO - Created Permission View: can delete on DAG:example_branch_datetime_operator_2
[2026-02-13T12:56:00.874+0100] {logging_mixin.py:190} INFO - [2026-02-13T12:56:00.874+0100] {override.py:1930} INFO - Created Permission View: can create on DAG Run:example_branch_datetime_operator_2
[2026-02-13T12:56:00.885+0100] {logging_mixin.py:190} INFO - [2026-02-13T12:56:00.885+0100] {override.py:1930} INFO - Created Permission View: can read on DAG Run:example_branch_datetime_operator_2
[2026-02-13T12:56:00.897+0100] {logging_mixin.py:190} INFO - [2026-02-13T12:56:00.896+0100] {override.py:1930} INFO - Created Permission View: can delete on DAG Run:example_branch_datetime_operator_2
[2026-02-13T12:56:00.908+0100] {logging_mixin.py:190} INFO - [2026-02-13T12:56:00.907+0100] {override.py:1930} INFO - Created Permission View: menu access on DAG Run:example_branch_datetime_operator_2
[2026-02-13T12:56:00.932+0100] {logging_mixin.py:190} INFO - [2026-02-13T12:56:00.932+0100] {override.py:1930} INFO - Created Permission View: can edit on DAG:example_branch_datetime_operator
[2026-02-13T12:56:00.944+0100] {logging_mixin.py:190} INFO - [2026-02-13T12:56:00.943+0100] {override.py:1930} INFO - Created Permission View: can read on DAG:example_branch_datetime_operator
[2026-02-13T12:56:00.955+0100] {logging_mixin.py:190} INFO - [2026-02-13T12:56:00.954+0100] {override.py:1930} INFO - Created Permission View: can delete on DAG:example_branch_datetime_operator
[2026-02-13T12:56:00.972+0100] {logging_mixin.py:190} INFO - [2026-02-13T12:56:00.972+0100] {override.py:1930} INFO - Created Permission View: can create on DAG Run:example_branch_datetime_operator
[2026-02-13T12:56:00.984+0100] {logging_mixin.py:190} INFO - [2026-02-13T12:56:00.984+0100] {override.py:1930} INFO - Created Permission View: can read on DAG Run:example_branch_datetime_operator
[2026-02-13T12:56:00.995+0100] {logging_mixin.py:190} INFO - [2026-02-13T12:56:00.995+0100] {override.py:1930} INFO - Created Permission View: can delete on DAG Run:example_branch_datetime_operator
[2026-02-13T12:56:01.007+0100] {logging_mixin.py:190} INFO - [2026-02-13T12:56:01.006+0100] {override.py:1930} INFO - Created Permission View: menu access on DAG Run:example_branch_datetime_operator
[2026-02-13T12:56:01.007+0100] {logging_mixin.py:190} INFO - [2026-02-13T12:56:01.007+0100] {dag.py:3239} INFO - Sync 3 DAGs
[2026-02-13T12:56:01.024+0100] {logging_mixin.py:190} INFO - [2026-02-13T12:56:01.024+0100] {dag.py:3262} INFO - Creating ORM DAG for example_branch_datetime_operator
[2026-02-13T12:56:01.025+0100] {logging_mixin.py:190} INFO - [2026-02-13T12:56:01.025+0100] {dag.py:3262} INFO - Creating ORM DAG for example_branch_datetime_operator_3
[2026-02-13T12:56:01.026+0100] {logging_mixin.py:190} INFO - [2026-02-13T12:56:01.026+0100] {dag.py:3262} INFO - Creating ORM DAG for example_branch_datetime_operator_2
[2026-02-13T12:56:01.043+0100] {logging_mixin.py:190} INFO - [2026-02-13T12:56:01.043+0100] {dag.py:4180} INFO - Setting next_dagrun for example_branch_datetime_operator to 2026-02-12 00:00:00+00:00, run_after=2026-02-13 00:00:00+00:00
[2026-02-13T12:56:01.046+0100] {logging_mixin.py:190} INFO - [2026-02-13T12:56:01.046+0100] {dag.py:4180} INFO - Setting next_dagrun for example_branch_datetime_operator_2 to 2026-02-12 00:00:00+00:00, run_after=2026-02-13 00:00:00+00:00
[2026-02-13T12:56:01.048+0100] {logging_mixin.py:190} INFO - [2026-02-13T12:56:01.048+0100] {dag.py:4180} INFO - Setting next_dagrun for example_branch_datetime_operator_3 to 2026-02-12 00:00:00+00:00, run_after=2026-02-13 00:00:00+00:00
[2026-02-13T12:56:01.079+0100] {processor.py:208} INFO - Processing /home/gianotti/Documents/CryptoETL/.venv/lib/python3.12/site-packages/airflow/example_dags/example_branch_datetime_operator.py took 0.490 seconds
[2026-02-13T12:57:01.899+0100] {processor.py:186} INFO - Started process (PID=35126) to work on /home/gianotti/Documents/CryptoETL/.venv/lib/python3.12/site-packages/airflow/example_dags/example_branch_datetime_operator.py
[2026-02-13T12:57:01.902+0100] {processor.py:914} INFO - Processing file /home/gianotti/Documents/CryptoETL/.venv/lib/python3.12/site-packages/airflow/example_dags/example_branch_datetime_operator.py for tasks to queue
[2026-02-13T12:57:01.905+0100] {logging_mixin.py:190} INFO - [2026-02-13T12:57:01.904+0100] {dagbag.py:588} INFO - Filling up the DagBag from /home/gianotti/Documents/CryptoETL/.venv/lib/python3.12/site-packages/airflow/example_dags/example_branch_datetime_operator.py
[2026-02-13T12:57:01.928+0100] {processor.py:925} INFO - DAG(s) 'example_branch_datetime_operator_2', 'example_branch_datetime_operator', 'example_branch_datetime_operator_3' retrieved from /home/gianotti/Documents/CryptoETL/.venv/lib/python3.12/site-packages/airflow/example_dags/example_branch_datetime_operator.py
[2026-02-13T12:57:01.953+0100] {logging_mixin.py:190} INFO - [2026-02-13T12:57:01.953+0100] {dag.py:3239} INFO - Sync 3 DAGs
[2026-02-13T12:57:01.969+0100] {logging_mixin.py:190} INFO - [2026-02-13T12:57:01.969+0100] {dag.py:4180} INFO - Setting next_dagrun for example_branch_datetime_operator to 2026-02-12 00:00:00+00:00, run_after=2026-02-13 00:00:00+00:00
[2026-02-13T12:57:01.973+0100] {logging_mixin.py:190} INFO - [2026-02-13T12:57:01.973+0100] {dag.py:4180} INFO - Setting next_dagrun for example_branch_datetime_operator_2 to 2026-02-12 00:00:00+00:00, run_after=2026-02-13 00:00:00+00:00
[2026-02-13T12:57:01.975+0100] {logging_mixin.py:190} INFO - [2026-02-13T12:57:01.975+0100] {dag.py:4180} INFO - Setting next_dagrun for example_branch_datetime_operator_3 to 2026-02-12 00:00:00+00:00, run_after=2026-02-13 00:00:00+00:00
[2026-02-13T12:57:01.993+0100] {processor.py:208} INFO - Processing /home/gianotti/Documents/CryptoETL/.venv/lib/python3.12/site-packages/airflow/example_dags/example_branch_datetime_operator.py took 0.104 seconds
[2026-02-13T12:57:59.677+0100] {processor.py:186} INFO - Started process (PID=35240) to work on /home/gianotti/Documents/CryptoETL/.venv/lib/python3.12/site-packages/airflow/example_dags/example_branch_datetime_operator.py
[2026-02-13T12:57:59.680+0100] {processor.py:914} INFO - Processing file /home/gianotti/Documents/CryptoETL/.venv/lib/python3.12/site-packages/airflow/example_dags/example_branch_datetime_operator.py for tasks to queue
[2026-02-13T12:57:59.683+0100] {logging_mixin.py:190} INFO - [2026-02-13T12:57:59.682+0100] {dagbag.py:588} INFO - Filling up the DagBag from /home/gianotti/Documents/CryptoETL/.venv/lib/python3.12/site-packages/airflow/example_dags/example_branch_datetime_operator.py
[2026-02-13T12:57:59.708+0100] {processor.py:925} INFO - DAG(s) 'example_branch_datetime_operator_2', 'example_branch_datetime_operator_3', 'example_branch_datetime_operator' retrieved from /home/gianotti/Documents/CryptoETL/.venv/lib/python3.12/site-packages/airflow/example_dags/example_branch_datetime_operator.py
[2026-02-13T12:57:59.739+0100] {logging_mixin.py:190} INFO - [2026-02-13T12:57:59.738+0100] {dag.py:3239} INFO - Sync 3 DAGs
[2026-02-13T12:57:59.775+0100] {logging_mixin.py:190} INFO - [2026-02-13T12:57:59.775+0100] {dag.py:4180} INFO - Setting next_dagrun for example_branch_datetime_operator to 2026-02-12 00:00:00+00:00, run_after=2026-02-13 00:00:00+00:00
[2026-02-13T12:57:59.783+0100] {logging_mixin.py:190} INFO - [2026-02-13T12:57:59.783+0100] {dag.py:4180} INFO - Setting next_dagrun for example_branch_datetime_operator_2 to 2026-02-12 00:00:00+00:00, run_after=2026-02-13 00:00:00+00:00
[2026-02-13T12:57:59.787+0100] {logging_mixin.py:190} INFO - [2026-02-13T12:57:59.787+0100] {dag.py:4180} INFO - Setting next_dagrun for example_branch_datetime_operator_3 to 2026-02-12 00:00:00+00:00, run_after=2026-02-13 00:00:00+00:00
[2026-02-13T12:57:59.814+0100] {processor.py:208} INFO - Processing /home/gianotti/Documents/CryptoETL/.venv/lib/python3.12/site-packages/airflow/example_dags/example_branch_datetime_operator.py took 0.145 seconds
[2026-02-13T12:59:21.758+0100] {processor.py:186} INFO - Started process (PID=35437) to work on /home/gianotti/Documents/CryptoETL/.venv/lib/python3.12/site-packages/airflow/example_dags/example_branch_datetime_operator.py
[2026-02-13T12:59:21.761+0100] {processor.py:914} INFO - Processing file /home/gianotti/Documents/CryptoETL/.venv/lib/python3.12/site-packages/airflow/example_dags/example_branch_datetime_operator.py for tasks to queue
[2026-02-13T12:59:21.764+0100] {logging_mixin.py:190} INFO - [2026-02-13T12:59:21.764+0100] {dagbag.py:588} INFO - Filling up the DagBag from /home/gianotti/Documents/CryptoETL/.venv/lib/python3.12/site-packages/airflow/example_dags/example_branch_datetime_operator.py
[2026-02-13T12:59:21.786+0100] {processor.py:925} INFO - DAG(s) 'example_branch_datetime_operator_2', 'example_branch_datetime_operator', 'example_branch_datetime_operator_3' retrieved from /home/gianotti/Documents/CryptoETL/.venv/lib/python3.12/site-packages/airflow/example_dags/example_branch_datetime_operator.py
[2026-02-13T12:59:21.804+0100] {logging_mixin.py:190} INFO - [2026-02-13T12:59:21.804+0100] {dag.py:3239} INFO - Sync 3 DAGs
[2026-02-13T12:59:21.821+0100] {logging_mixin.py:190} INFO - [2026-02-13T12:59:21.821+0100] {dag.py:4180} INFO - Setting next_dagrun for example_branch_datetime_operator to 2026-02-12 00:00:00+00:00, run_after=2026-02-13 00:00:00+00:00
[2026-02-13T12:59:21.824+0100] {logging_mixin.py:190} INFO - [2026-02-13T12:59:21.824+0100] {dag.py:4180} INFO - Setting next_dagrun for example_branch_datetime_operator_2 to 2026-02-12 00:00:00+00:00, run_after=2026-02-13 00:00:00+00:00
[2026-02-13T12:59:21.826+0100] {logging_mixin.py:190} INFO - [2026-02-13T12:59:21.826+0100] {dag.py:4180} INFO - Setting next_dagrun for example_branch_datetime_operator_3 to 2026-02-12 00:00:00+00:00, run_after=2026-02-13 00:00:00+00:00
[2026-02-13T12:59:21.843+0100] {processor.py:208} INFO - Processing /home/gianotti/Documents/CryptoETL/.venv/lib/python3.12/site-packages/airflow/example_dags/example_branch_datetime_operator.py took 0.093 seconds
[2026-02-13T13:00:47.002+0100] {processor.py:186} INFO - Started process (PID=35590) to work on /home/gianotti/Documents/CryptoETL/.venv/lib/python3.12/site-packages/airflow/example_dags/example_branch_datetime_operator.py
[2026-02-13T13:00:47.004+0100] {processor.py:914} INFO - Processing file /home/gianotti/Documents/CryptoETL/.venv/lib/python3.12/site-packages/airflow/example_dags/example_branch_datetime_operator.py for tasks to queue
[2026-02-13T13:00:47.006+0100] {logging_mixin.py:190} INFO - [2026-02-13T13:00:47.006+0100] {dagbag.py:588} INFO - Filling up the DagBag from /home/gianotti/Documents/CryptoETL/.venv/lib/python3.12/site-packages/airflow/example_dags/example_branch_datetime_operator.py
[2026-02-13T13:00:47.029+0100] {processor.py:925} INFO - DAG(s) 'example_branch_datetime_operator', 'example_branch_datetime_operator_2', 'example_branch_datetime_operator_3' retrieved from /home/gianotti/Documents/CryptoETL/.venv/lib/python3.12/site-packages/airflow/example_dags/example_branch_datetime_operator.py
[2026-02-13T13:00:47.063+0100] {logging_mixin.py:190} INFO - [2026-02-13T13:00:47.063+0100] {dag.py:3239} INFO - Sync 3 DAGs
[2026-02-13T13:00:47.096+0100] {logging_mixin.py:190} INFO - [2026-02-13T13:00:47.095+0100] {dag.py:4180} INFO - Setting next_dagrun for example_branch_datetime_operator to 2026-02-12 00:00:00+00:00, run_after=2026-02-13 00:00:00+00:00
[2026-02-13T13:00:47.103+0100] {logging_mixin.py:190} INFO - [2026-02-13T13:00:47.102+0100] {dag.py:4180} INFO - Setting next_dagrun for example_branch_datetime_operator_2 to 2026-02-12 00:00:00+00:00, run_after=2026-02-13 00:00:00+00:00
[2026-02-13T13:00:47.106+0100] {logging_mixin.py:190} INFO - [2026-02-13T13:00:47.106+0100] {dag.py:4180} INFO - Setting next_dagrun for example_branch_datetime_operator_3 to 2026-02-12 00:00:00+00:00, run_after=2026-02-13 00:00:00+00:00
[2026-02-13T13:00:47.128+0100] {processor.py:208} INFO - Processing /home/gianotti/Documents/CryptoETL/.venv/lib/python3.12/site-packages/airflow/example_dags/example_branch_datetime_operator.py took 0.135 seconds
[2026-02-13T13:01:47.173+0100] {processor.py:186} INFO - Started process (PID=35715) to work on /home/gianotti/Documents/CryptoETL/.venv/lib/python3.12/site-packages/airflow/example_dags/example_branch_datetime_operator.py
[2026-02-13T13:01:47.176+0100] {processor.py:914} INFO - Processing file /home/gianotti/Documents/CryptoETL/.venv/lib/python3.12/site-packages/airflow/example_dags/example_branch_datetime_operator.py for tasks to queue
[2026-02-13T13:01:47.178+0100] {logging_mixin.py:190} INFO - [2026-02-13T13:01:47.178+0100] {dagbag.py:588} INFO - Filling up the DagBag from /home/gianotti/Documents/CryptoETL/.venv/lib/python3.12/site-packages/airflow/example_dags/example_branch_datetime_operator.py
[2026-02-13T13:01:47.201+0100] {processor.py:925} INFO - DAG(s) 'example_branch_datetime_operator_2', 'example_branch_datetime_operator', 'example_branch_datetime_operator_3' retrieved from /home/gianotti/Documents/CryptoETL/.venv/lib/python3.12/site-packages/airflow/example_dags/example_branch_datetime_operator.py
[2026-02-13T13:01:47.234+0100] {logging_mixin.py:190} INFO - [2026-02-13T13:01:47.234+0100] {dag.py:3239} INFO - Sync 3 DAGs
[2026-02-13T13:01:47.253+0100] {logging_mixin.py:190} INFO - [2026-02-13T13:01:47.253+0100] {dag.py:4180} INFO - Setting next_dagrun for example_branch_datetime_operator to 2026-02-12 00:00:00+00:00, run_after=2026-02-13 00:00:00+00:00
[2026-02-13T13:01:47.257+0100] {logging_mixin.py:190} INFO - [2026-02-13T13:01:47.257+0100] {dag.py:4180} INFO - Setting next_dagrun for example_branch_datetime_operator_2 to 2026-02-12 00:00:00+00:00, run_after=2026-02-13 00:00:00+00:00
[2026-02-13T13:01:47.258+0100] {logging_mixin.py:190} INFO - [2026-02-13T13:01:47.258+0100] {dag.py:4180} INFO - Setting next_dagrun for example_branch_datetime_operator_3 to 2026-02-12 00:00:00+00:00, run_after=2026-02-13 00:00:00+00:00
[2026-02-13T13:01:47.275+0100] {processor.py:208} INFO - Processing /home/gianotti/Documents/CryptoETL/.venv/lib/python3.12/site-packages/airflow/example_dags/example_branch_datetime_operator.py took 0.111 seconds
[2026-02-13T13:02:45.521+0100] {processor.py:186} INFO - Started process (PID=35837) to work on /home/gianotti/Documents/CryptoETL/.venv/lib/python3.12/site-packages/airflow/example_dags/example_branch_datetime_operator.py
[2026-02-13T13:02:45.523+0100] {processor.py:914} INFO - Processing file /home/gianotti/Documents/CryptoETL/.venv/lib/python3.12/site-packages/airflow/example_dags/example_branch_datetime_operator.py for tasks to queue
[2026-02-13T13:02:45.524+0100] {logging_mixin.py:190} INFO - [2026-02-13T13:02:45.523+0100] {dagbag.py:588} INFO - Filling up the DagBag from /home/gianotti/Documents/CryptoETL/.venv/lib/python3.12/site-packages/airflow/example_dags/example_branch_datetime_operator.py
[2026-02-13T13:02:45.537+0100] {processor.py:925} INFO - DAG(s) 'example_branch_datetime_operator_3', 'example_branch_datetime_operator_2', 'example_branch_datetime_operator' retrieved from /home/gianotti/Documents/CryptoETL/.venv/lib/python3.12/site-packages/airflow/example_dags/example_branch_datetime_operator.py
[2026-02-13T13:02:45.554+0100] {logging_mixin.py:190} INFO - [2026-02-13T13:02:45.554+0100] {dag.py:3239} INFO - Sync 3 DAGs
[2026-02-13T13:02:45.573+0100] {logging_mixin.py:190} INFO - [2026-02-13T13:02:45.573+0100] {dag.py:4180} INFO - Setting next_dagrun for example_branch_datetime_operator to 2026-02-12 00:00:00+00:00, run_after=2026-02-13 00:00:00+00:00
[2026-02-13T13:02:45.578+0100] {logging_mixin.py:190} INFO - [2026-02-13T13:02:45.578+0100] {dag.py:4180} INFO - Setting next_dagrun for example_branch_datetime_operator_2 to 2026-02-12 00:00:00+00:00, run_after=2026-02-13 00:00:00+00:00
[2026-02-13T13:02:45.580+0100] {logging_mixin.py:190} INFO - [2026-02-13T13:02:45.580+0100] {dag.py:4180} INFO - Setting next_dagrun for example_branch_datetime_operator_3 to 2026-02-12 00:00:00+00:00, run_after=2026-02-13 00:00:00+00:00
[2026-02-13T13:02:45.598+0100] {processor.py:208} INFO - Processing /home/gianotti/Documents/CryptoETL/.venv/lib/python3.12/site-packages/airflow/example_dags/example_branch_datetime_operator.py took 0.081 seconds
[2026-02-13T13:04:11.851+0100] {processor.py:186} INFO - Started process (PID=36030) to work on /home/gianotti/Documents/CryptoETL/.venv/lib/python3.12/site-packages/airflow/example_dags/example_branch_datetime_operator.py
[2026-02-13T13:04:11.854+0100] {processor.py:914} INFO - Processing file /home/gianotti/Documents/CryptoETL/.venv/lib/python3.12/site-packages/airflow/example_dags/example_branch_datetime_operator.py for tasks to queue
[2026-02-13T13:04:11.856+0100] {logging_mixin.py:190} INFO - [2026-02-13T13:04:11.855+0100] {dagbag.py:588} INFO - Filling up the DagBag from /home/gianotti/Documents/CryptoETL/.venv/lib/python3.12/site-packages/airflow/example_dags/example_branch_datetime_operator.py
[2026-02-13T13:04:11.879+0100] {processor.py:925} INFO - DAG(s) 'example_branch_datetime_operator_2', 'example_branch_datetime_operator_3', 'example_branch_datetime_operator' retrieved from /home/gianotti/Documents/CryptoETL/.venv/lib/python3.12/site-packages/airflow/example_dags/example_branch_datetime_operator.py
[2026-02-13T13:04:11.910+0100] {logging_mixin.py:190} INFO - [2026-02-13T13:04:11.910+0100] {dag.py:3239} INFO - Sync 3 DAGs
[2026-02-13T13:04:11.945+0100] {logging_mixin.py:190} INFO - [2026-02-13T13:04:11.945+0100] {dag.py:4180} INFO - Setting next_dagrun for example_branch_datetime_operator to 2026-02-12 00:00:00+00:00, run_after=2026-02-13 00:00:00+00:00
[2026-02-13T13:04:11.952+0100] {logging_mixin.py:190} INFO - [2026-02-13T13:04:11.952+0100] {dag.py:4180} INFO - Setting next_dagrun for example_branch_datetime_operator_2 to 2026-02-12 00:00:00+00:00, run_after=2026-02-13 00:00:00+00:00
[2026-02-13T13:04:11.956+0100] {logging_mixin.py:190} INFO - [2026-02-13T13:04:11.955+0100] {dag.py:4180} INFO - Setting next_dagrun for example_branch_datetime_operator_3 to 2026-02-12 00:00:00+00:00, run_after=2026-02-13 00:00:00+00:00
[2026-02-13T13:04:11.986+0100] {processor.py:208} INFO - Processing /home/gianotti/Documents/CryptoETL/.venv/lib/python3.12/site-packages/airflow/example_dags/example_branch_datetime_operator.py took 0.143 seconds
[2026-02-13T13:05:15.464+0100] {processor.py:186} INFO - Started process (PID=36151) to work on /home/gianotti/Documents/CryptoETL/.venv/lib/python3.12/site-packages/airflow/example_dags/example_branch_datetime_operator.py
[2026-02-13T13:05:15.467+0100] {processor.py:914} INFO - Processing file /home/gianotti/Documents/CryptoETL/.venv/lib/python3.12/site-packages/airflow/example_dags/example_branch_datetime_operator.py for tasks to queue
[2026-02-13T13:05:15.469+0100] {logging_mixin.py:190} INFO - [2026-02-13T13:05:15.469+0100] {dagbag.py:588} INFO - Filling up the DagBag from /home/gianotti/Documents/CryptoETL/.venv/lib/python3.12/site-packages/airflow/example_dags/example_branch_datetime_operator.py
[2026-02-13T13:05:15.495+0100] {processor.py:925} INFO - DAG(s) 'example_branch_datetime_operator', 'example_branch_datetime_operator_3', 'example_branch_datetime_operator_2' retrieved from /home/gianotti/Documents/CryptoETL/.venv/lib/python3.12/site-packages/airflow/example_dags/example_branch_datetime_operator.py
[2026-02-13T13:05:15.535+0100] {logging_mixin.py:190} INFO - [2026-02-13T13:05:15.534+0100] {dag.py:3239} INFO - Sync 3 DAGs
[2026-02-13T13:05:15.577+0100] {logging_mixin.py:190} INFO - [2026-02-13T13:05:15.576+0100] {dag.py:4180} INFO - Setting next_dagrun for example_branch_datetime_operator to 2026-02-12 00:00:00+00:00, run_after=2026-02-13 00:00:00+00:00
[2026-02-13T13:05:15.585+0100] {logging_mixin.py:190} INFO - [2026-02-13T13:05:15.585+0100] {dag.py:4180} INFO - Setting next_dagrun for example_branch_datetime_operator_2 to 2026-02-12 00:00:00+00:00, run_after=2026-02-13 00:00:00+00:00
[2026-02-13T13:05:15.590+0100] {logging_mixin.py:190} INFO - [2026-02-13T13:05:15.589+0100] {dag.py:4180} INFO - Setting next_dagrun for example_branch_datetime_operator_3 to 2026-02-12 00:00:00+00:00, run_after=2026-02-13 00:00:00+00:00
[2026-02-13T13:05:15.627+0100] {processor.py:208} INFO - Processing /home/gianotti/Documents/CryptoETL/.venv/lib/python3.12/site-packages/airflow/example_dags/example_branch_datetime_operator.py took 0.172 seconds
[2026-02-13T13:06:19.874+0100] {processor.py:186} INFO - Started process (PID=36263) to work on /home/gianotti/Documents/CryptoETL/.venv/lib/python3.12/site-packages/airflow/example_dags/example_branch_datetime_operator.py
[2026-02-13T13:06:19.877+0100] {processor.py:914} INFO - Processing file /home/gianotti/Documents/CryptoETL/.venv/lib/python3.12/site-packages/airflow/example_dags/example_branch_datetime_operator.py for tasks to queue
[2026-02-13T13:06:19.879+0100] {logging_mixin.py:190} INFO - [2026-02-13T13:06:19.878+0100] {dagbag.py:588} INFO - Filling up the DagBag from /home/gianotti/Documents/CryptoETL/.venv/lib/python3.12/site-packages/airflow/example_dags/example_branch_datetime_operator.py
[2026-02-13T13:06:19.901+0100] {processor.py:925} INFO - DAG(s) 'example_branch_datetime_operator', 'example_branch_datetime_operator_2', 'example_branch_datetime_operator_3' retrieved from /home/gianotti/Documents/CryptoETL/.venv/lib/python3.12/site-packages/airflow/example_dags/example_branch_datetime_operator.py
[2026-02-13T13:06:19.935+0100] {logging_mixin.py:190} INFO - [2026-02-13T13:06:19.935+0100] {dag.py:3239} INFO - Sync 3 DAGs
[2026-02-13T13:06:19.970+0100] {logging_mixin.py:190} INFO - [2026-02-13T13:06:19.970+0100] {dag.py:4180} INFO - Setting next_dagrun for example_branch_datetime_operator to 2026-02-12 00:00:00+00:00, run_after=2026-02-13 00:00:00+00:00
[2026-02-13T13:06:19.978+0100] {logging_mixin.py:190} INFO - [2026-02-13T13:06:19.977+0100] {dag.py:4180} INFO - Setting next_dagrun for example_branch_datetime_operator_2 to 2026-02-12 00:00:00+00:00, run_after=2026-02-13 00:00:00+00:00
[2026-02-13T13:06:19.981+0100] {logging_mixin.py:190} INFO - [2026-02-13T13:06:19.980+0100] {dag.py:4180} INFO - Setting next_dagrun for example_branch_datetime_operator_3 to 2026-02-12 00:00:00+00:00, run_after=2026-02-13 00:00:00+00:00
[2026-02-13T13:06:20.009+0100] {processor.py:208} INFO - Processing /home/gianotti/Documents/CryptoETL/.venv/lib/python3.12/site-packages/airflow/example_dags/example_branch_datetime_operator.py took 0.144 seconds
[2026-02-13T13:07:27.108+0100] {processor.py:186} INFO - Started process (PID=36343) to work on /home/gianotti/Documents/CryptoETL/.venv/lib/python3.12/site-packages/airflow/example_dags/example_branch_datetime_operator.py
[2026-02-13T13:07:27.111+0100] {processor.py:914} INFO - Processing file /home/gianotti/Documents/CryptoETL/.venv/lib/python3.12/site-packages/airflow/example_dags/example_branch_datetime_operator.py for tasks to queue
[2026-02-13T13:07:27.114+0100] {logging_mixin.py:190} INFO - [2026-02-13T13:07:27.113+0100] {dagbag.py:588} INFO - Filling up the DagBag from /home/gianotti/Documents/CryptoETL/.venv/lib/python3.12/site-packages/airflow/example_dags/example_branch_datetime_operator.py
[2026-02-13T13:07:27.136+0100] {processor.py:925} INFO - DAG(s) 'example_branch_datetime_operator_2', 'example_branch_datetime_operator_3', 'example_branch_datetime_operator' retrieved from /home/gianotti/Documents/CryptoETL/.venv/lib/python3.12/site-packages/airflow/example_dags/example_branch_datetime_operator.py
[2026-02-13T13:07:27.168+0100] {logging_mixin.py:190} INFO - [2026-02-13T13:07:27.168+0100] {dag.py:3239} INFO - Sync 3 DAGs
[2026-02-13T13:07:27.202+0100] {logging_mixin.py:190} INFO - [2026-02-13T13:07:27.202+0100] {dag.py:4180} INFO - Setting next_dagrun for example_branch_datetime_operator to 2026-02-12 00:00:00+00:00, run_after=2026-02-13 00:00:00+00:00
[2026-02-13T13:07:27.209+0100] {logging_mixin.py:190} INFO - [2026-02-13T13:07:27.209+0100] {dag.py:4180} INFO - Setting next_dagrun for example_branch_datetime_operator_2 to 2026-02-12 00:00:00+00:00, run_after=2026-02-13 00:00:00+00:00
[2026-02-13T13:07:27.213+0100] {logging_mixin.py:190} INFO - [2026-02-13T13:07:27.213+0100] {dag.py:4180} INFO - Setting next_dagrun for example_branch_datetime_operator_3 to 2026-02-12 00:00:00+00:00, run_after=2026-02-13 00:00:00+00:00
[2026-02-13T13:07:27.242+0100] {processor.py:208} INFO - Processing /home/gianotti/Documents/CryptoETL/.venv/lib/python3.12/site-packages/airflow/example_dags/example_branch_datetime_operator.py took 0.143 seconds
[2026-02-13T13:08:36.506+0100] {processor.py:186} INFO - Started process (PID=36472) to work on /home/gianotti/Documents/CryptoETL/.venv/lib/python3.12/site-packages/airflow/example_dags/example_branch_datetime_operator.py
[2026-02-13T13:08:36.508+0100] {processor.py:914} INFO - Processing file /home/gianotti/Documents/CryptoETL/.venv/lib/python3.12/site-packages/airflow/example_dags/example_branch_datetime_operator.py for tasks to queue
[2026-02-13T13:08:36.510+0100] {logging_mixin.py:190} INFO - [2026-02-13T13:08:36.510+0100] {dagbag.py:588} INFO - Filling up the DagBag from /home/gianotti/Documents/CryptoETL/.venv/lib/python3.12/site-packages/airflow/example_dags/example_branch_datetime_operator.py
[2026-02-13T13:08:36.534+0100] {processor.py:925} INFO - DAG(s) 'example_branch_datetime_operator_3', 'example_branch_datetime_operator', 'example_branch_datetime_operator_2' retrieved from /home/gianotti/Documents/CryptoETL/.venv/lib/python3.12/site-packages/airflow/example_dags/example_branch_datetime_operator.py
[2026-02-13T13:08:36.566+0100] {logging_mixin.py:190} INFO - [2026-02-13T13:08:36.565+0100] {dag.py:3239} INFO - Sync 3 DAGs
[2026-02-13T13:08:36.601+0100] {logging_mixin.py:190} INFO - [2026-02-13T13:08:36.601+0100] {dag.py:4180} INFO - Setting next_dagrun for example_branch_datetime_operator to 2026-02-12 00:00:00+00:00, run_after=2026-02-13 00:00:00+00:00
[2026-02-13T13:08:36.608+0100] {logging_mixin.py:190} INFO - [2026-02-13T13:08:36.608+0100] {dag.py:4180} INFO - Setting next_dagrun for example_branch_datetime_operator_2 to 2026-02-12 00:00:00+00:00, run_after=2026-02-13 00:00:00+00:00
[2026-02-13T13:08:36.612+0100] {logging_mixin.py:190} INFO - [2026-02-13T13:08:36.611+0100] {dag.py:4180} INFO - Setting next_dagrun for example_branch_datetime_operator_3 to 2026-02-12 00:00:00+00:00, run_after=2026-02-13 00:00:00+00:00
[2026-02-13T13:08:36.640+0100] {processor.py:208} INFO - Processing /home/gianotti/Documents/CryptoETL/.venv/lib/python3.12/site-packages/airflow/example_dags/example_branch_datetime_operator.py took 0.143 seconds
[2026-02-13T13:09:44.868+0100] {processor.py:186} INFO - Started process (PID=36600) to work on /home/gianotti/Documents/CryptoETL/.venv/lib/python3.12/site-packages/airflow/example_dags/example_branch_datetime_operator.py
[2026-02-13T13:09:44.871+0100] {processor.py:914} INFO - Processing file /home/gianotti/Documents/CryptoETL/.venv/lib/python3.12/site-packages/airflow/example_dags/example_branch_datetime_operator.py for tasks to queue
[2026-02-13T13:09:44.873+0100] {logging_mixin.py:190} INFO - [2026-02-13T13:09:44.873+0100] {dagbag.py:588} INFO - Filling up the DagBag from /home/gianotti/Documents/CryptoETL/.venv/lib/python3.12/site-packages/airflow/example_dags/example_branch_datetime_operator.py
[2026-02-13T13:09:44.898+0100] {processor.py:925} INFO - DAG(s) 'example_branch_datetime_operator_3', 'example_branch_datetime_operator', 'example_branch_datetime_operator_2' retrieved from /home/gianotti/Documents/CryptoETL/.venv/lib/python3.12/site-packages/airflow/example_dags/example_branch_datetime_operator.py
[2026-02-13T13:09:44.931+0100] {logging_mixin.py:190} INFO - [2026-02-13T13:09:44.930+0100] {dag.py:3239} INFO - Sync 3 DAGs
[2026-02-13T13:09:44.965+0100] {logging_mixin.py:190} INFO - [2026-02-13T13:09:44.965+0100] {dag.py:4180} INFO - Setting next_dagrun for example_branch_datetime_operator to 2026-02-12 00:00:00+00:00, run_after=2026-02-13 00:00:00+00:00
[2026-02-13T13:09:44.972+0100] {logging_mixin.py:190} INFO - [2026-02-13T13:09:44.972+0100] {dag.py:4180} INFO - Setting next_dagrun for example_branch_datetime_operator_2 to 2026-02-12 00:00:00+00:00, run_after=2026-02-13 00:00:00+00:00
[2026-02-13T13:09:44.976+0100] {logging_mixin.py:190} INFO - [2026-02-13T13:09:44.975+0100] {dag.py:4180} INFO - Setting next_dagrun for example_branch_datetime_operator_3 to 2026-02-12 00:00:00+00:00, run_after=2026-02-13 00:00:00+00:00
[2026-02-13T13:09:45.006+0100] {processor.py:208} INFO - Processing /home/gianotti/Documents/CryptoETL/.venv/lib/python3.12/site-packages/airflow/example_dags/example_branch_datetime_operator.py took 0.148 seconds
[2026-02-13T13:10:53.033+0100] {processor.py:186} INFO - Started process (PID=36718) to work on /home/gianotti/Documents/CryptoETL/.venv/lib/python3.12/site-packages/airflow/example_dags/example_branch_datetime_operator.py
[2026-02-13T13:10:53.036+0100] {processor.py:914} INFO - Processing file /home/gianotti/Documents/CryptoETL/.venv/lib/python3.12/site-packages/airflow/example_dags/example_branch_datetime_operator.py for tasks to queue
[2026-02-13T13:10:53.038+0100] {logging_mixin.py:190} INFO - [2026-02-13T13:10:53.037+0100] {dagbag.py:588} INFO - Filling up the DagBag from /home/gianotti/Documents/CryptoETL/.venv/lib/python3.12/site-packages/airflow/example_dags/example_branch_datetime_operator.py
[2026-02-13T13:10:53.059+0100] {processor.py:925} INFO - DAG(s) 'example_branch_datetime_operator_3', 'example_branch_datetime_operator_2', 'example_branch_datetime_operator' retrieved from /home/gianotti/Documents/CryptoETL/.venv/lib/python3.12/site-packages/airflow/example_dags/example_branch_datetime_operator.py
[2026-02-13T13:10:53.091+0100] {logging_mixin.py:190} INFO - [2026-02-13T13:10:53.090+0100] {dag.py:3239} INFO - Sync 3 DAGs
[2026-02-13T13:10:53.126+0100] {logging_mixin.py:190} INFO - [2026-02-13T13:10:53.126+0100] {dag.py:4180} INFO - Setting next_dagrun for example_branch_datetime_operator to 2026-02-12 00:00:00+00:00, run_after=2026-02-13 00:00:00+00:00
[2026-02-13T13:10:53.134+0100] {logging_mixin.py:190} INFO - [2026-02-13T13:10:53.133+0100] {dag.py:4180} INFO - Setting next_dagrun for example_branch_datetime_operator_2 to 2026-02-12 00:00:00+00:00, run_after=2026-02-13 00:00:00+00:00
[2026-02-13T13:10:53.137+0100] {logging_mixin.py:190} INFO - [2026-02-13T13:10:53.137+0100] {dag.py:4180} INFO - Setting next_dagrun for example_branch_datetime_operator_3 to 2026-02-12 00:00:00+00:00, run_after=2026-02-13 00:00:00+00:00
[2026-02-13T13:10:53.166+0100] {processor.py:208} INFO - Processing /home/gianotti/Documents/CryptoETL/.venv/lib/python3.12/site-packages/airflow/example_dags/example_branch_datetime_operator.py took 0.142 seconds
[2026-02-13T13:11:58.368+0100] {processor.py:186} INFO - Started process (PID=36818) to work on /home/gianotti/Documents/CryptoETL/.venv/lib/python3.12/site-packages/airflow/example_dags/example_branch_datetime_operator.py
[2026-02-13T13:11:58.370+0100] {processor.py:914} INFO - Processing file /home/gianotti/Documents/CryptoETL/.venv/lib/python3.12/site-packages/airflow/example_dags/example_branch_datetime_operator.py for tasks to queue
[2026-02-13T13:11:58.372+0100] {logging_mixin.py:190} INFO - [2026-02-13T13:11:58.371+0100] {dagbag.py:588} INFO - Filling up the DagBag from /home/gianotti/Documents/CryptoETL/.venv/lib/python3.12/site-packages/airflow/example_dags/example_branch_datetime_operator.py
[2026-02-13T13:11:58.395+0100] {processor.py:925} INFO - DAG(s) 'example_branch_datetime_operator', 'example_branch_datetime_operator_3', 'example_branch_datetime_operator_2' retrieved from /home/gianotti/Documents/CryptoETL/.venv/lib/python3.12/site-packages/airflow/example_dags/example_branch_datetime_operator.py
[2026-02-13T13:11:58.428+0100] {logging_mixin.py:190} INFO - [2026-02-13T13:11:58.428+0100] {dag.py:3239} INFO - Sync 3 DAGs
[2026-02-13T13:11:58.464+0100] {logging_mixin.py:190} INFO - [2026-02-13T13:11:58.464+0100] {dag.py:4180} INFO - Setting next_dagrun for example_branch_datetime_operator to 2026-02-12 00:00:00+00:00, run_after=2026-02-13 00:00:00+00:00
[2026-02-13T13:11:58.471+0100] {logging_mixin.py:190} INFO - [2026-02-13T13:11:58.471+0100] {dag.py:4180} INFO - Setting next_dagrun for example_branch_datetime_operator_2 to 2026-02-12 00:00:00+00:00, run_after=2026-02-13 00:00:00+00:00
[2026-02-13T13:11:58.475+0100] {logging_mixin.py:190} INFO - [2026-02-13T13:11:58.474+0100] {dag.py:4180} INFO - Setting next_dagrun for example_branch_datetime_operator_3 to 2026-02-12 00:00:00+00:00, run_after=2026-02-13 00:00:00+00:00
[2026-02-13T13:11:58.501+0100] {processor.py:208} INFO - Processing /home/gianotti/Documents/CryptoETL/.venv/lib/python3.12/site-packages/airflow/example_dags/example_branch_datetime_operator.py took 0.143 seconds
[2026-02-13T13:13:02.284+0100] {processor.py:186} INFO - Started process (PID=36920) to work on /home/gianotti/Documents/CryptoETL/.venv/lib/python3.12/site-packages/airflow/example_dags/example_branch_datetime_operator.py
[2026-02-13T13:13:02.288+0100] {processor.py:914} INFO - Processing file /home/gianotti/Documents/CryptoETL/.venv/lib/python3.12/site-packages/airflow/example_dags/example_branch_datetime_operator.py for tasks to queue
[2026-02-13T13:13:02.290+0100] {logging_mixin.py:190} INFO - [2026-02-13T13:13:02.289+0100] {dagbag.py:588} INFO - Filling up the DagBag from /home/gianotti/Documents/CryptoETL/.venv/lib/python3.12/site-packages/airflow/example_dags/example_branch_datetime_operator.py
[2026-02-13T13:13:02.314+0100] {processor.py:925} INFO - DAG(s) 'example_branch_datetime_operator_3', 'example_branch_datetime_operator_2', 'example_branch_datetime_operator' retrieved from /home/gianotti/Documents/CryptoETL/.venv/lib/python3.12/site-packages/airflow/example_dags/example_branch_datetime_operator.py
[2026-02-13T13:13:02.347+0100] {logging_mixin.py:190} INFO - [2026-02-13T13:13:02.346+0100] {dag.py:3239} INFO - Sync 3 DAGs
[2026-02-13T13:13:02.384+0100] {logging_mixin.py:190} INFO - [2026-02-13T13:13:02.384+0100] {dag.py:4180} INFO - Setting next_dagrun for example_branch_datetime_operator to 2026-02-12 00:00:00+00:00, run_after=2026-02-13 00:00:00+00:00
[2026-02-13T13:13:02.392+0100] {logging_mixin.py:190} INFO - [2026-02-13T13:13:02.391+0100] {dag.py:4180} INFO - Setting next_dagrun for example_branch_datetime_operator_2 to 2026-02-12 00:00:00+00:00, run_after=2026-02-13 00:00:00+00:00
[2026-02-13T13:13:02.395+0100] {logging_mixin.py:190} INFO - [2026-02-13T13:13:02.395+0100] {dag.py:4180} INFO - Setting next_dagrun for example_branch_datetime_operator_3 to 2026-02-12 00:00:00+00:00, run_after=2026-02-13 00:00:00+00:00
[2026-02-13T13:13:02.425+0100] {processor.py:208} INFO - Processing /home/gianotti/Documents/CryptoETL/.venv/lib/python3.12/site-packages/airflow/example_dags/example_branch_datetime_operator.py took 0.150 seconds
[2026-02-13T13:14:06.124+0100] {processor.py:186} INFO - Started process (PID=37118) to work on /home/gianotti/Documents/CryptoETL/.venv/lib/python3.12/site-packages/airflow/example_dags/example_branch_datetime_operator.py
[2026-02-13T13:14:06.126+0100] {processor.py:914} INFO - Processing file /home/gianotti/Documents/CryptoETL/.venv/lib/python3.12/site-packages/airflow/example_dags/example_branch_datetime_operator.py for tasks to queue
[2026-02-13T13:14:06.129+0100] {logging_mixin.py:190} INFO - [2026-02-13T13:14:06.128+0100] {dagbag.py:588} INFO - Filling up the DagBag from /home/gianotti/Documents/CryptoETL/.venv/lib/python3.12/site-packages/airflow/example_dags/example_branch_datetime_operator.py
[2026-02-13T13:14:06.153+0100] {processor.py:925} INFO - DAG(s) 'example_branch_datetime_operator', 'example_branch_datetime_operator_2', 'example_branch_datetime_operator_3' retrieved from /home/gianotti/Documents/CryptoETL/.venv/lib/python3.12/site-packages/airflow/example_dags/example_branch_datetime_operator.py
[2026-02-13T13:14:06.189+0100] {logging_mixin.py:190} INFO - [2026-02-13T13:14:06.188+0100] {dag.py:3239} INFO - Sync 3 DAGs
[2026-02-13T13:14:06.232+0100] {logging_mixin.py:190} INFO - [2026-02-13T13:14:06.232+0100] {dag.py:4180} INFO - Setting next_dagrun for example_branch_datetime_operator to 2026-02-12 00:00:00+00:00, run_after=2026-02-13 00:00:00+00:00
[2026-02-13T13:14:06.242+0100] {logging_mixin.py:190} INFO - [2026-02-13T13:14:06.241+0100] {dag.py:4180} INFO - Setting next_dagrun for example_branch_datetime_operator_2 to 2026-02-12 00:00:00+00:00, run_after=2026-02-13 00:00:00+00:00
[2026-02-13T13:14:06.247+0100] {logging_mixin.py:190} INFO - [2026-02-13T13:14:06.247+0100] {dag.py:4180} INFO - Setting next_dagrun for example_branch_datetime_operator_3 to 2026-02-12 00:00:00+00:00, run_after=2026-02-13 00:00:00+00:00
[2026-02-13T13:14:06.280+0100] {processor.py:208} INFO - Processing /home/gianotti/Documents/CryptoETL/.venv/lib/python3.12/site-packages/airflow/example_dags/example_branch_datetime_operator.py took 0.165 seconds
[2026-02-13T13:15:11.645+0100] {processor.py:186} INFO - Started process (PID=37242) to work on /home/gianotti/Documents/CryptoETL/.venv/lib/python3.12/site-packages/airflow/example_dags/example_branch_datetime_operator.py
[2026-02-13T13:15:11.648+0100] {processor.py:914} INFO - Processing file /home/gianotti/Documents/CryptoETL/.venv/lib/python3.12/site-packages/airflow/example_dags/example_branch_datetime_operator.py for tasks to queue
[2026-02-13T13:15:11.650+0100] {logging_mixin.py:190} INFO - [2026-02-13T13:15:11.650+0100] {dagbag.py:588} INFO - Filling up the DagBag from /home/gianotti/Documents/CryptoETL/.venv/lib/python3.12/site-packages/airflow/example_dags/example_branch_datetime_operator.py
[2026-02-13T13:15:11.673+0100] {processor.py:925} INFO - DAG(s) 'example_branch_datetime_operator_3', 'example_branch_datetime_operator', 'example_branch_datetime_operator_2' retrieved from /home/gianotti/Documents/CryptoETL/.venv/lib/python3.12/site-packages/airflow/example_dags/example_branch_datetime_operator.py
[2026-02-13T13:15:11.705+0100] {logging_mixin.py:190} INFO - [2026-02-13T13:15:11.704+0100] {dag.py:3239} INFO - Sync 3 DAGs
[2026-02-13T13:15:11.741+0100] {logging_mixin.py:190} INFO - [2026-02-13T13:15:11.741+0100] {dag.py:4180} INFO - Setting next_dagrun for example_branch_datetime_operator to 2026-02-12 00:00:00+00:00, run_after=2026-02-13 00:00:00+00:00
[2026-02-13T13:15:11.749+0100] {logging_mixin.py:190} INFO - [2026-02-13T13:15:11.748+0100] {dag.py:4180} INFO - Setting next_dagrun for example_branch_datetime_operator_2 to 2026-02-12 00:00:00+00:00, run_after=2026-02-13 00:00:00+00:00
[2026-02-13T13:15:11.753+0100] {logging_mixin.py:190} INFO - [2026-02-13T13:15:11.752+0100] {dag.py:4180} INFO - Setting next_dagrun for example_branch_datetime_operator_3 to 2026-02-12 00:00:00+00:00, run_after=2026-02-13 00:00:00+00:00
[2026-02-13T13:15:11.783+0100] {processor.py:208} INFO - Processing /home/gianotti/Documents/CryptoETL/.venv/lib/python3.12/site-packages/airflow/example_dags/example_branch_datetime_operator.py took 0.147 seconds
[2026-02-13T13:16:19.051+0100] {processor.py:186} INFO - Started process (PID=37432) to work on /home/gianotti/Documents/CryptoETL/.venv/lib/python3.12/site-packages/airflow/example_dags/example_branch_datetime_operator.py
[2026-02-13T13:16:19.054+0100] {processor.py:914} INFO - Processing file /home/gianotti/Documents/CryptoETL/.venv/lib/python3.12/site-packages/airflow/example_dags/example_branch_datetime_operator.py for tasks to queue
[2026-02-13T13:16:19.056+0100] {logging_mixin.py:190} INFO - [2026-02-13T13:16:19.055+0100] {dagbag.py:588} INFO - Filling up the DagBag from /home/gianotti/Documents/CryptoETL/.venv/lib/python3.12/site-packages/airflow/example_dags/example_branch_datetime_operator.py
[2026-02-13T13:16:19.078+0100] {processor.py:925} INFO - DAG(s) 'example_branch_datetime_operator', 'example_branch_datetime_operator_2', 'example_branch_datetime_operator_3' retrieved from /home/gianotti/Documents/CryptoETL/.venv/lib/python3.12/site-packages/airflow/example_dags/example_branch_datetime_operator.py
[2026-02-13T13:16:19.109+0100] {logging_mixin.py:190} INFO - [2026-02-13T13:16:19.109+0100] {dag.py:3239} INFO - Sync 3 DAGs
[2026-02-13T13:16:19.144+0100] {logging_mixin.py:190} INFO - [2026-02-13T13:16:19.143+0100] {dag.py:4180} INFO - Setting next_dagrun for example_branch_datetime_operator to 2026-02-12 00:00:00+00:00, run_after=2026-02-13 00:00:00+00:00
[2026-02-13T13:16:19.151+0100] {logging_mixin.py:190} INFO - [2026-02-13T13:16:19.151+0100] {dag.py:4180} INFO - Setting next_dagrun for example_branch_datetime_operator_2 to 2026-02-12 00:00:00+00:00, run_after=2026-02-13 00:00:00+00:00
[2026-02-13T13:16:19.155+0100] {logging_mixin.py:190} INFO - [2026-02-13T13:16:19.154+0100] {dag.py:4180} INFO - Setting next_dagrun for example_branch_datetime_operator_3 to 2026-02-12 00:00:00+00:00, run_after=2026-02-13 00:00:00+00:00
[2026-02-13T13:16:19.182+0100] {processor.py:208} INFO - Processing /home/gianotti/Documents/CryptoETL/.venv/lib/python3.12/site-packages/airflow/example_dags/example_branch_datetime_operator.py took 0.141 seconds
[2026-02-13T13:17:23.092+0100] {processor.py:186} INFO - Started process (PID=37516) to work on /home/gianotti/Documents/CryptoETL/.venv/lib/python3.12/site-packages/airflow/example_dags/example_branch_datetime_operator.py
[2026-02-13T13:17:23.095+0100] {processor.py:914} INFO - Processing file /home/gianotti/Documents/CryptoETL/.venv/lib/python3.12/site-packages/airflow/example_dags/example_branch_datetime_operator.py for tasks to queue
[2026-02-13T13:17:23.097+0100] {logging_mixin.py:190} INFO - [2026-02-13T13:17:23.096+0100] {dagbag.py:588} INFO - Filling up the DagBag from /home/gianotti/Documents/CryptoETL/.venv/lib/python3.12/site-packages/airflow/example_dags/example_branch_datetime_operator.py
[2026-02-13T13:17:23.121+0100] {processor.py:925} INFO - DAG(s) 'example_branch_datetime_operator_3', 'example_branch_datetime_operator', 'example_branch_datetime_operator_2' retrieved from /home/gianotti/Documents/CryptoETL/.venv/lib/python3.12/site-packages/airflow/example_dags/example_branch_datetime_operator.py
[2026-02-13T13:17:23.156+0100] {logging_mixin.py:190} INFO - [2026-02-13T13:17:23.155+0100] {dag.py:3239} INFO - Sync 3 DAGs
[2026-02-13T13:17:23.190+0100] {logging_mixin.py:190} INFO - [2026-02-13T13:17:23.190+0100] {dag.py:4180} INFO - Setting next_dagrun for example_branch_datetime_operator to 2026-02-12 00:00:00+00:00, run_after=2026-02-13 00:00:00+00:00
[2026-02-13T13:17:23.197+0100] {logging_mixin.py:190} INFO - [2026-02-13T13:17:23.197+0100] {dag.py:4180} INFO - Setting next_dagrun for example_branch_datetime_operator_2 to 2026-02-12 00:00:00+00:00, run_after=2026-02-13 00:00:00+00:00
[2026-02-13T13:17:23.200+0100] {logging_mixin.py:190} INFO - [2026-02-13T13:17:23.200+0100] {dag.py:4180} INFO - Setting next_dagrun for example_branch_datetime_operator_3 to 2026-02-12 00:00:00+00:00, run_after=2026-02-13 00:00:00+00:00
[2026-02-13T13:17:23.229+0100] {processor.py:208} INFO - Processing /home/gianotti/Documents/CryptoETL/.venv/lib/python3.12/site-packages/airflow/example_dags/example_branch_datetime_operator.py took 0.147 seconds
[2026-02-13T13:18:30.173+0100] {processor.py:186} INFO - Started process (PID=37649) to work on /home/gianotti/Documents/CryptoETL/.venv/lib/python3.12/site-packages/airflow/example_dags/example_branch_datetime_operator.py
[2026-02-13T13:18:30.176+0100] {processor.py:914} INFO - Processing file /home/gianotti/Documents/CryptoETL/.venv/lib/python3.12/site-packages/airflow/example_dags/example_branch_datetime_operator.py for tasks to queue
[2026-02-13T13:18:30.178+0100] {logging_mixin.py:190} INFO - [2026-02-13T13:18:30.177+0100] {dagbag.py:588} INFO - Filling up the DagBag from /home/gianotti/Documents/CryptoETL/.venv/lib/python3.12/site-packages/airflow/example_dags/example_branch_datetime_operator.py
[2026-02-13T13:18:30.201+0100] {processor.py:925} INFO - DAG(s) 'example_branch_datetime_operator_2', 'example_branch_datetime_operator', 'example_branch_datetime_operator_3' retrieved from /home/gianotti/Documents/CryptoETL/.venv/lib/python3.12/site-packages/airflow/example_dags/example_branch_datetime_operator.py
[2026-02-13T13:18:30.235+0100] {logging_mixin.py:190} INFO - [2026-02-13T13:18:30.234+0100] {dag.py:3239} INFO - Sync 3 DAGs
[2026-02-13T13:18:30.272+0100] {logging_mixin.py:190} INFO - [2026-02-13T13:18:30.271+0100] {dag.py:4180} INFO - Setting next_dagrun for example_branch_datetime_operator to 2026-02-12 00:00:00+00:00, run_after=2026-02-13 00:00:00+00:00
[2026-02-13T13:18:30.279+0100] {logging_mixin.py:190} INFO - [2026-02-13T13:18:30.279+0100] {dag.py:4180} INFO - Setting next_dagrun for example_branch_datetime_operator_2 to 2026-02-12 00:00:00+00:00, run_after=2026-02-13 00:00:00+00:00
[2026-02-13T13:18:30.283+0100] {logging_mixin.py:190} INFO - [2026-02-13T13:18:30.282+0100] {dag.py:4180} INFO - Setting next_dagrun for example_branch_datetime_operator_3 to 2026-02-12 00:00:00+00:00, run_after=2026-02-13 00:00:00+00:00
[2026-02-13T13:18:30.312+0100] {processor.py:208} INFO - Processing /home/gianotti/Documents/CryptoETL/.venv/lib/python3.12/site-packages/airflow/example_dags/example_branch_datetime_operator.py took 0.149 seconds
[2026-02-13T13:19:34.562+0100] {processor.py:186} INFO - Started process (PID=37732) to work on /home/gianotti/Documents/CryptoETL/.venv/lib/python3.12/site-packages/airflow/example_dags/example_branch_datetime_operator.py
[2026-02-13T13:19:34.564+0100] {processor.py:914} INFO - Processing file /home/gianotti/Documents/CryptoETL/.venv/lib/python3.12/site-packages/airflow/example_dags/example_branch_datetime_operator.py for tasks to queue
[2026-02-13T13:19:34.566+0100] {logging_mixin.py:190} INFO - [2026-02-13T13:19:34.566+0100] {dagbag.py:588} INFO - Filling up the DagBag from /home/gianotti/Documents/CryptoETL/.venv/lib/python3.12/site-packages/airflow/example_dags/example_branch_datetime_operator.py
[2026-02-13T13:19:34.590+0100] {processor.py:925} INFO - DAG(s) 'example_branch_datetime_operator', 'example_branch_datetime_operator_2', 'example_branch_datetime_operator_3' retrieved from /home/gianotti/Documents/CryptoETL/.venv/lib/python3.12/site-packages/airflow/example_dags/example_branch_datetime_operator.py
[2026-02-13T13:19:34.626+0100] {logging_mixin.py:190} INFO - [2026-02-13T13:19:34.626+0100] {dag.py:3239} INFO - Sync 3 DAGs
[2026-02-13T13:19:34.664+0100] {logging_mixin.py:190} INFO - [2026-02-13T13:19:34.664+0100] {dag.py:4180} INFO - Setting next_dagrun for example_branch_datetime_operator to 2026-02-12 00:00:00+00:00, run_after=2026-02-13 00:00:00+00:00
[2026-02-13T13:19:34.671+0100] {logging_mixin.py:190} INFO - [2026-02-13T13:19:34.671+0100] {dag.py:4180} INFO - Setting next_dagrun for example_branch_datetime_operator_2 to 2026-02-12 00:00:00+00:00, run_after=2026-02-13 00:00:00+00:00
[2026-02-13T13:19:34.675+0100] {logging_mixin.py:190} INFO - [2026-02-13T13:19:34.674+0100] {dag.py:4180} INFO - Setting next_dagrun for example_branch_datetime_operator_3 to 2026-02-12 00:00:00+00:00, run_after=2026-02-13 00:00:00+00:00
[2026-02-13T13:19:34.704+0100] {processor.py:208} INFO - Processing /home/gianotti/Documents/CryptoETL/.venv/lib/python3.12/site-packages/airflow/example_dags/example_branch_datetime_operator.py took 0.152 seconds
[2026-02-13T13:20:42.397+0100] {processor.py:186} INFO - Started process (PID=37836) to work on /home/gianotti/Documents/CryptoETL/.venv/lib/python3.12/site-packages/airflow/example_dags/example_branch_datetime_operator.py
[2026-02-13T13:20:42.400+0100] {processor.py:914} INFO - Processing file /home/gianotti/Documents/CryptoETL/.venv/lib/python3.12/site-packages/airflow/example_dags/example_branch_datetime_operator.py for tasks to queue
[2026-02-13T13:20:42.401+0100] {logging_mixin.py:190} INFO - [2026-02-13T13:20:42.401+0100] {dagbag.py:588} INFO - Filling up the DagBag from /home/gianotti/Documents/CryptoETL/.venv/lib/python3.12/site-packages/airflow/example_dags/example_branch_datetime_operator.py
[2026-02-13T13:20:42.424+0100] {processor.py:925} INFO - DAG(s) 'example_branch_datetime_operator_3', 'example_branch_datetime_operator_2', 'example_branch_datetime_operator' retrieved from /home/gianotti/Documents/CryptoETL/.venv/lib/python3.12/site-packages/airflow/example_dags/example_branch_datetime_operator.py
[2026-02-13T13:20:42.457+0100] {logging_mixin.py:190} INFO - [2026-02-13T13:20:42.456+0100] {dag.py:3239} INFO - Sync 3 DAGs
[2026-02-13T13:20:42.492+0100] {logging_mixin.py:190} INFO - [2026-02-13T13:20:42.491+0100] {dag.py:4180} INFO - Setting next_dagrun for example_branch_datetime_operator to 2026-02-12 00:00:00+00:00, run_after=2026-02-13 00:00:00+00:00
[2026-02-13T13:20:42.499+0100] {logging_mixin.py:190} INFO - [2026-02-13T13:20:42.498+0100] {dag.py:4180} INFO - Setting next_dagrun for example_branch_datetime_operator_2 to 2026-02-12 00:00:00+00:00, run_after=2026-02-13 00:00:00+00:00
[2026-02-13T13:20:42.502+0100] {logging_mixin.py:190} INFO - [2026-02-13T13:20:42.502+0100] {dag.py:4180} INFO - Setting next_dagrun for example_branch_datetime_operator_3 to 2026-02-12 00:00:00+00:00, run_after=2026-02-13 00:00:00+00:00
[2026-02-13T13:20:42.531+0100] {processor.py:208} INFO - Processing /home/gianotti/Documents/CryptoETL/.venv/lib/python3.12/site-packages/airflow/example_dags/example_branch_datetime_operator.py took 0.144 seconds
[2026-02-13T13:21:44.802+0100] {processor.py:186} INFO - Started process (PID=37933) to work on /home/gianotti/Documents/CryptoETL/.venv/lib/python3.12/site-packages/airflow/example_dags/example_branch_datetime_operator.py
[2026-02-13T13:21:44.805+0100] {processor.py:914} INFO - Processing file /home/gianotti/Documents/CryptoETL/.venv/lib/python3.12/site-packages/airflow/example_dags/example_branch_datetime_operator.py for tasks to queue
[2026-02-13T13:21:44.807+0100] {logging_mixin.py:190} INFO - [2026-02-13T13:21:44.806+0100] {dagbag.py:588} INFO - Filling up the DagBag from /home/gianotti/Documents/CryptoETL/.venv/lib/python3.12/site-packages/airflow/example_dags/example_branch_datetime_operator.py
[2026-02-13T13:21:44.829+0100] {processor.py:925} INFO - DAG(s) 'example_branch_datetime_operator_3', 'example_branch_datetime_operator_2', 'example_branch_datetime_operator' retrieved from /home/gianotti/Documents/CryptoETL/.venv/lib/python3.12/site-packages/airflow/example_dags/example_branch_datetime_operator.py
[2026-02-13T13:21:44.861+0100] {logging_mixin.py:190} INFO - [2026-02-13T13:21:44.861+0100] {dag.py:3239} INFO - Sync 3 DAGs
[2026-02-13T13:21:44.894+0100] {logging_mixin.py:190} INFO - [2026-02-13T13:21:44.894+0100] {dag.py:4180} INFO - Setting next_dagrun for example_branch_datetime_operator to 2026-02-12 00:00:00+00:00, run_after=2026-02-13 00:00:00+00:00
[2026-02-13T13:21:44.901+0100] {logging_mixin.py:190} INFO - [2026-02-13T13:21:44.901+0100] {dag.py:4180} INFO - Setting next_dagrun for example_branch_datetime_operator_2 to 2026-02-12 00:00:00+00:00, run_after=2026-02-13 00:00:00+00:00
[2026-02-13T13:21:44.905+0100] {logging_mixin.py:190} INFO - [2026-02-13T13:21:44.904+0100] {dag.py:4180} INFO - Setting next_dagrun for example_branch_datetime_operator_3 to 2026-02-12 00:00:00+00:00, run_after=2026-02-13 00:00:00+00:00
[2026-02-13T13:21:44.941+0100] {processor.py:208} INFO - Processing /home/gianotti/Documents/CryptoETL/.venv/lib/python3.12/site-packages/airflow/example_dags/example_branch_datetime_operator.py took 0.148 seconds
