[2026-02-13T12:55:36.599+0100] {processor.py:186} INFO - Started process (PID=34967) to work on /home/gianotti/Documents/CryptoETL/.venv/lib/python3.12/site-packages/airflow/example_dags/example_latest_only_with_trigger.py
[2026-02-13T12:55:36.600+0100] {processor.py:914} INFO - Processing file /home/gianotti/Documents/CryptoETL/.venv/lib/python3.12/site-packages/airflow/example_dags/example_latest_only_with_trigger.py for tasks to queue
[2026-02-13T12:55:36.603+0100] {logging_mixin.py:190} INFO - [2026-02-13T12:55:36.603+0100] {dagbag.py:588} INFO - Filling up the DagBag from /home/gianotti/Documents/CryptoETL/.venv/lib/python3.12/site-packages/airflow/example_dags/example_latest_only_with_trigger.py
[2026-02-13T12:55:36.620+0100] {processor.py:925} INFO - DAG(s) 'latest_only_with_trigger' retrieved from /home/gianotti/Documents/CryptoETL/.venv/lib/python3.12/site-packages/airflow/example_dags/example_latest_only_with_trigger.py
[2026-02-13T12:55:36.720+0100] {logging_mixin.py:190} INFO - [2026-02-13T12:55:36.719+0100] {override.py:1930} INFO - Created Permission View: can edit on DAG:latest_only_with_trigger
[2026-02-13T12:55:36.732+0100] {logging_mixin.py:190} INFO - [2026-02-13T12:55:36.731+0100] {override.py:1930} INFO - Created Permission View: can read on DAG:latest_only_with_trigger
[2026-02-13T12:55:36.743+0100] {logging_mixin.py:190} INFO - [2026-02-13T12:55:36.743+0100] {override.py:1930} INFO - Created Permission View: can delete on DAG:latest_only_with_trigger
[2026-02-13T12:55:36.761+0100] {logging_mixin.py:190} INFO - [2026-02-13T12:55:36.761+0100] {override.py:1930} INFO - Created Permission View: can create on DAG Run:latest_only_with_trigger
[2026-02-13T12:55:36.774+0100] {logging_mixin.py:190} INFO - [2026-02-13T12:55:36.773+0100] {override.py:1930} INFO - Created Permission View: can read on DAG Run:latest_only_with_trigger
[2026-02-13T12:55:36.786+0100] {logging_mixin.py:190} INFO - [2026-02-13T12:55:36.785+0100] {override.py:1930} INFO - Created Permission View: can delete on DAG Run:latest_only_with_trigger
[2026-02-13T12:55:36.797+0100] {logging_mixin.py:190} INFO - [2026-02-13T12:55:36.797+0100] {override.py:1930} INFO - Created Permission View: menu access on DAG Run:latest_only_with_trigger
[2026-02-13T12:55:36.798+0100] {logging_mixin.py:190} INFO - [2026-02-13T12:55:36.798+0100] {dag.py:3239} INFO - Sync 1 DAGs
[2026-02-13T12:55:36.818+0100] {logging_mixin.py:190} INFO - [2026-02-13T12:55:36.818+0100] {dag.py:3262} INFO - Creating ORM DAG for latest_only_with_trigger
[2026-02-13T12:55:36.832+0100] {logging_mixin.py:190} INFO - [2026-02-13T12:55:36.831+0100] {dag.py:4180} INFO - Setting next_dagrun for latest_only_with_trigger to 2026-02-13 04:00:00+00:00, run_after=2026-02-13 08:00:00+00:00
[2026-02-13T12:55:36.858+0100] {processor.py:208} INFO - Processing /home/gianotti/Documents/CryptoETL/.venv/lib/python3.12/site-packages/airflow/example_dags/example_latest_only_with_trigger.py took 0.269 seconds
[2026-02-13T12:56:42.241+0100] {processor.py:186} INFO - Started process (PID=35094) to work on /home/gianotti/Documents/CryptoETL/.venv/lib/python3.12/site-packages/airflow/example_dags/example_latest_only_with_trigger.py
[2026-02-13T12:56:42.243+0100] {processor.py:914} INFO - Processing file /home/gianotti/Documents/CryptoETL/.venv/lib/python3.12/site-packages/airflow/example_dags/example_latest_only_with_trigger.py for tasks to queue
[2026-02-13T12:56:42.246+0100] {logging_mixin.py:190} INFO - [2026-02-13T12:56:42.246+0100] {dagbag.py:588} INFO - Filling up the DagBag from /home/gianotti/Documents/CryptoETL/.venv/lib/python3.12/site-packages/airflow/example_dags/example_latest_only_with_trigger.py
[2026-02-13T12:56:42.260+0100] {processor.py:925} INFO - DAG(s) 'latest_only_with_trigger' retrieved from /home/gianotti/Documents/CryptoETL/.venv/lib/python3.12/site-packages/airflow/example_dags/example_latest_only_with_trigger.py
[2026-02-13T12:56:42.288+0100] {logging_mixin.py:190} INFO - [2026-02-13T12:56:42.288+0100] {dag.py:3239} INFO - Sync 1 DAGs
[2026-02-13T12:56:42.323+0100] {logging_mixin.py:190} INFO - [2026-02-13T12:56:42.322+0100] {dag.py:4180} INFO - Setting next_dagrun for latest_only_with_trigger to 2026-02-13 04:00:00+00:00, run_after=2026-02-13 08:00:00+00:00
[2026-02-13T12:56:42.357+0100] {processor.py:208} INFO - Processing /home/gianotti/Documents/CryptoETL/.venv/lib/python3.12/site-packages/airflow/example_dags/example_latest_only_with_trigger.py took 0.125 seconds
[2026-02-13T12:57:40.498+0100] {processor.py:186} INFO - Started process (PID=35204) to work on /home/gianotti/Documents/CryptoETL/.venv/lib/python3.12/site-packages/airflow/example_dags/example_latest_only_with_trigger.py
[2026-02-13T12:57:40.501+0100] {processor.py:914} INFO - Processing file /home/gianotti/Documents/CryptoETL/.venv/lib/python3.12/site-packages/airflow/example_dags/example_latest_only_with_trigger.py for tasks to queue
[2026-02-13T12:57:40.504+0100] {logging_mixin.py:190} INFO - [2026-02-13T12:57:40.504+0100] {dagbag.py:588} INFO - Filling up the DagBag from /home/gianotti/Documents/CryptoETL/.venv/lib/python3.12/site-packages/airflow/example_dags/example_latest_only_with_trigger.py
[2026-02-13T12:57:40.516+0100] {processor.py:925} INFO - DAG(s) 'latest_only_with_trigger' retrieved from /home/gianotti/Documents/CryptoETL/.venv/lib/python3.12/site-packages/airflow/example_dags/example_latest_only_with_trigger.py
[2026-02-13T12:57:40.533+0100] {logging_mixin.py:190} INFO - [2026-02-13T12:57:40.533+0100] {dag.py:3239} INFO - Sync 1 DAGs
[2026-02-13T12:57:40.549+0100] {logging_mixin.py:190} INFO - [2026-02-13T12:57:40.549+0100] {dag.py:4180} INFO - Setting next_dagrun for latest_only_with_trigger to 2026-02-13 04:00:00+00:00, run_after=2026-02-13 08:00:00+00:00
[2026-02-13T12:57:40.574+0100] {processor.py:208} INFO - Processing /home/gianotti/Documents/CryptoETL/.venv/lib/python3.12/site-packages/airflow/example_dags/example_latest_only_with_trigger.py took 0.085 seconds
[2026-02-13T12:58:37.935+0100] {processor.py:186} INFO - Started process (PID=35342) to work on /home/gianotti/Documents/CryptoETL/.venv/lib/python3.12/site-packages/airflow/example_dags/example_latest_only_with_trigger.py
[2026-02-13T12:58:37.937+0100] {processor.py:914} INFO - Processing file /home/gianotti/Documents/CryptoETL/.venv/lib/python3.12/site-packages/airflow/example_dags/example_latest_only_with_trigger.py for tasks to queue
[2026-02-13T12:58:37.940+0100] {logging_mixin.py:190} INFO - [2026-02-13T12:58:37.939+0100] {dagbag.py:588} INFO - Filling up the DagBag from /home/gianotti/Documents/CryptoETL/.venv/lib/python3.12/site-packages/airflow/example_dags/example_latest_only_with_trigger.py
[2026-02-13T12:58:37.952+0100] {processor.py:925} INFO - DAG(s) 'latest_only_with_trigger' retrieved from /home/gianotti/Documents/CryptoETL/.venv/lib/python3.12/site-packages/airflow/example_dags/example_latest_only_with_trigger.py
[2026-02-13T12:58:37.966+0100] {logging_mixin.py:190} INFO - [2026-02-13T12:58:37.966+0100] {dag.py:3239} INFO - Sync 1 DAGs
[2026-02-13T12:58:37.981+0100] {logging_mixin.py:190} INFO - [2026-02-13T12:58:37.981+0100] {dag.py:4180} INFO - Setting next_dagrun for latest_only_with_trigger to 2026-02-13 04:00:00+00:00, run_after=2026-02-13 08:00:00+00:00
[2026-02-13T12:58:38.000+0100] {processor.py:208} INFO - Processing /home/gianotti/Documents/CryptoETL/.venv/lib/python3.12/site-packages/airflow/example_dags/example_latest_only_with_trigger.py took 0.075 seconds
[2026-02-13T12:59:33.342+0100] {processor.py:186} INFO - Started process (PID=35456) to work on /home/gianotti/Documents/CryptoETL/.venv/lib/python3.12/site-packages/airflow/example_dags/example_latest_only_with_trigger.py
[2026-02-13T12:59:33.345+0100] {processor.py:914} INFO - Processing file /home/gianotti/Documents/CryptoETL/.venv/lib/python3.12/site-packages/airflow/example_dags/example_latest_only_with_trigger.py for tasks to queue
[2026-02-13T12:59:33.348+0100] {logging_mixin.py:190} INFO - [2026-02-13T12:59:33.348+0100] {dagbag.py:588} INFO - Filling up the DagBag from /home/gianotti/Documents/CryptoETL/.venv/lib/python3.12/site-packages/airflow/example_dags/example_latest_only_with_trigger.py
[2026-02-13T12:59:33.362+0100] {processor.py:925} INFO - DAG(s) 'latest_only_with_trigger' retrieved from /home/gianotti/Documents/CryptoETL/.venv/lib/python3.12/site-packages/airflow/example_dags/example_latest_only_with_trigger.py
[2026-02-13T12:59:33.381+0100] {logging_mixin.py:190} INFO - [2026-02-13T12:59:33.381+0100] {dag.py:3239} INFO - Sync 1 DAGs
[2026-02-13T12:59:33.396+0100] {logging_mixin.py:190} INFO - [2026-02-13T12:59:33.396+0100] {dag.py:4180} INFO - Setting next_dagrun for latest_only_with_trigger to 2026-02-13 04:00:00+00:00, run_after=2026-02-13 08:00:00+00:00
[2026-02-13T12:59:33.414+0100] {processor.py:208} INFO - Processing /home/gianotti/Documents/CryptoETL/.venv/lib/python3.12/site-packages/airflow/example_dags/example_latest_only_with_trigger.py took 0.082 seconds
[2026-02-13T13:00:31.319+0100] {processor.py:186} INFO - Started process (PID=35563) to work on /home/gianotti/Documents/CryptoETL/.venv/lib/python3.12/site-packages/airflow/example_dags/example_latest_only_with_trigger.py
[2026-02-13T13:00:31.322+0100] {processor.py:914} INFO - Processing file /home/gianotti/Documents/CryptoETL/.venv/lib/python3.12/site-packages/airflow/example_dags/example_latest_only_with_trigger.py for tasks to queue
[2026-02-13T13:00:31.324+0100] {logging_mixin.py:190} INFO - [2026-02-13T13:00:31.323+0100] {dagbag.py:588} INFO - Filling up the DagBag from /home/gianotti/Documents/CryptoETL/.venv/lib/python3.12/site-packages/airflow/example_dags/example_latest_only_with_trigger.py
[2026-02-13T13:00:31.338+0100] {processor.py:925} INFO - DAG(s) 'latest_only_with_trigger' retrieved from /home/gianotti/Documents/CryptoETL/.venv/lib/python3.12/site-packages/airflow/example_dags/example_latest_only_with_trigger.py
[2026-02-13T13:00:31.363+0100] {logging_mixin.py:190} INFO - [2026-02-13T13:00:31.363+0100] {dag.py:3239} INFO - Sync 1 DAGs
[2026-02-13T13:00:31.389+0100] {logging_mixin.py:190} INFO - [2026-02-13T13:00:31.389+0100] {dag.py:4180} INFO - Setting next_dagrun for latest_only_with_trigger to 2026-02-13 08:00:00+00:00, run_after=2026-02-13 12:00:00+00:00
[2026-02-13T13:00:31.409+0100] {processor.py:208} INFO - Processing /home/gianotti/Documents/CryptoETL/.venv/lib/python3.12/site-packages/airflow/example_dags/example_latest_only_with_trigger.py took 0.100 seconds
[2026-02-13T13:01:31.283+0100] {processor.py:186} INFO - Started process (PID=35685) to work on /home/gianotti/Documents/CryptoETL/.venv/lib/python3.12/site-packages/airflow/example_dags/example_latest_only_with_trigger.py
[2026-02-13T13:01:31.285+0100] {processor.py:914} INFO - Processing file /home/gianotti/Documents/CryptoETL/.venv/lib/python3.12/site-packages/airflow/example_dags/example_latest_only_with_trigger.py for tasks to queue
[2026-02-13T13:01:31.287+0100] {logging_mixin.py:190} INFO - [2026-02-13T13:01:31.286+0100] {dagbag.py:588} INFO - Filling up the DagBag from /home/gianotti/Documents/CryptoETL/.venv/lib/python3.12/site-packages/airflow/example_dags/example_latest_only_with_trigger.py
[2026-02-13T13:01:31.301+0100] {processor.py:925} INFO - DAG(s) 'latest_only_with_trigger' retrieved from /home/gianotti/Documents/CryptoETL/.venv/lib/python3.12/site-packages/airflow/example_dags/example_latest_only_with_trigger.py
[2026-02-13T13:01:31.325+0100] {logging_mixin.py:190} INFO - [2026-02-13T13:01:31.325+0100] {dag.py:3239} INFO - Sync 1 DAGs
[2026-02-13T13:01:31.344+0100] {logging_mixin.py:190} INFO - [2026-02-13T13:01:31.344+0100] {dag.py:4180} INFO - Setting next_dagrun for latest_only_with_trigger to 2026-02-13 08:00:00+00:00, run_after=2026-02-13 12:00:00+00:00
[2026-02-13T13:01:31.362+0100] {processor.py:208} INFO - Processing /home/gianotti/Documents/CryptoETL/.venv/lib/python3.12/site-packages/airflow/example_dags/example_latest_only_with_trigger.py took 0.087 seconds
[2026-02-13T13:02:30.487+0100] {processor.py:186} INFO - Started process (PID=35814) to work on /home/gianotti/Documents/CryptoETL/.venv/lib/python3.12/site-packages/airflow/example_dags/example_latest_only_with_trigger.py
[2026-02-13T13:02:30.489+0100] {processor.py:914} INFO - Processing file /home/gianotti/Documents/CryptoETL/.venv/lib/python3.12/site-packages/airflow/example_dags/example_latest_only_with_trigger.py for tasks to queue
[2026-02-13T13:02:30.490+0100] {logging_mixin.py:190} INFO - [2026-02-13T13:02:30.489+0100] {dagbag.py:588} INFO - Filling up the DagBag from /home/gianotti/Documents/CryptoETL/.venv/lib/python3.12/site-packages/airflow/example_dags/example_latest_only_with_trigger.py
[2026-02-13T13:02:30.496+0100] {processor.py:925} INFO - DAG(s) 'latest_only_with_trigger' retrieved from /home/gianotti/Documents/CryptoETL/.venv/lib/python3.12/site-packages/airflow/example_dags/example_latest_only_with_trigger.py
[2026-02-13T13:02:30.510+0100] {logging_mixin.py:190} INFO - [2026-02-13T13:02:30.509+0100] {dag.py:3239} INFO - Sync 1 DAGs
[2026-02-13T13:02:30.526+0100] {logging_mixin.py:190} INFO - [2026-02-13T13:02:30.526+0100] {dag.py:4180} INFO - Setting next_dagrun for latest_only_with_trigger to 2026-02-13 08:00:00+00:00, run_after=2026-02-13 12:00:00+00:00
[2026-02-13T13:02:30.548+0100] {processor.py:208} INFO - Processing /home/gianotti/Documents/CryptoETL/.venv/lib/python3.12/site-packages/airflow/example_dags/example_latest_only_with_trigger.py took 0.065 seconds
[2026-02-13T13:03:25.940+0100] {processor.py:186} INFO - Started process (PID=35930) to work on /home/gianotti/Documents/CryptoETL/.venv/lib/python3.12/site-packages/airflow/example_dags/example_latest_only_with_trigger.py
[2026-02-13T13:03:25.943+0100] {processor.py:914} INFO - Processing file /home/gianotti/Documents/CryptoETL/.venv/lib/python3.12/site-packages/airflow/example_dags/example_latest_only_with_trigger.py for tasks to queue
[2026-02-13T13:03:25.945+0100] {logging_mixin.py:190} INFO - [2026-02-13T13:03:25.945+0100] {dagbag.py:588} INFO - Filling up the DagBag from /home/gianotti/Documents/CryptoETL/.venv/lib/python3.12/site-packages/airflow/example_dags/example_latest_only_with_trigger.py
[2026-02-13T13:03:25.960+0100] {processor.py:925} INFO - DAG(s) 'latest_only_with_trigger' retrieved from /home/gianotti/Documents/CryptoETL/.venv/lib/python3.12/site-packages/airflow/example_dags/example_latest_only_with_trigger.py
[2026-02-13T13:03:25.986+0100] {logging_mixin.py:190} INFO - [2026-02-13T13:03:25.985+0100] {dag.py:3239} INFO - Sync 1 DAGs
[2026-02-13T13:03:26.009+0100] {logging_mixin.py:190} INFO - [2026-02-13T13:03:26.008+0100] {dag.py:4180} INFO - Setting next_dagrun for latest_only_with_trigger to 2026-02-13 08:00:00+00:00, run_after=2026-02-13 12:00:00+00:00
[2026-02-13T13:03:26.026+0100] {processor.py:208} INFO - Processing /home/gianotti/Documents/CryptoETL/.venv/lib/python3.12/site-packages/airflow/example_dags/example_latest_only_with_trigger.py took 0.095 seconds
[2026-02-13T13:04:26.631+0100] {processor.py:186} INFO - Started process (PID=36064) to work on /home/gianotti/Documents/CryptoETL/.venv/lib/python3.12/site-packages/airflow/example_dags/example_latest_only_with_trigger.py
[2026-02-13T13:04:26.633+0100] {processor.py:914} INFO - Processing file /home/gianotti/Documents/CryptoETL/.venv/lib/python3.12/site-packages/airflow/example_dags/example_latest_only_with_trigger.py for tasks to queue
[2026-02-13T13:04:26.636+0100] {logging_mixin.py:190} INFO - [2026-02-13T13:04:26.635+0100] {dagbag.py:588} INFO - Filling up the DagBag from /home/gianotti/Documents/CryptoETL/.venv/lib/python3.12/site-packages/airflow/example_dags/example_latest_only_with_trigger.py
[2026-02-13T13:04:26.652+0100] {processor.py:925} INFO - DAG(s) 'latest_only_with_trigger' retrieved from /home/gianotti/Documents/CryptoETL/.venv/lib/python3.12/site-packages/airflow/example_dags/example_latest_only_with_trigger.py
[2026-02-13T13:04:26.680+0100] {logging_mixin.py:190} INFO - [2026-02-13T13:04:26.680+0100] {dag.py:3239} INFO - Sync 1 DAGs
[2026-02-13T13:04:26.717+0100] {logging_mixin.py:190} INFO - [2026-02-13T13:04:26.716+0100] {dag.py:4180} INFO - Setting next_dagrun for latest_only_with_trigger to 2026-02-13 08:00:00+00:00, run_after=2026-02-13 12:00:00+00:00
[2026-02-13T13:04:26.751+0100] {processor.py:208} INFO - Processing /home/gianotti/Documents/CryptoETL/.venv/lib/python3.12/site-packages/airflow/example_dags/example_latest_only_with_trigger.py took 0.131 seconds
[2026-02-13T13:05:31.297+0100] {processor.py:186} INFO - Started process (PID=36173) to work on /home/gianotti/Documents/CryptoETL/.venv/lib/python3.12/site-packages/airflow/example_dags/example_latest_only_with_trigger.py
[2026-02-13T13:05:31.300+0100] {processor.py:914} INFO - Processing file /home/gianotti/Documents/CryptoETL/.venv/lib/python3.12/site-packages/airflow/example_dags/example_latest_only_with_trigger.py for tasks to queue
[2026-02-13T13:05:31.302+0100] {logging_mixin.py:190} INFO - [2026-02-13T13:05:31.301+0100] {dagbag.py:588} INFO - Filling up the DagBag from /home/gianotti/Documents/CryptoETL/.venv/lib/python3.12/site-packages/airflow/example_dags/example_latest_only_with_trigger.py
[2026-02-13T13:05:31.316+0100] {processor.py:925} INFO - DAG(s) 'latest_only_with_trigger' retrieved from /home/gianotti/Documents/CryptoETL/.venv/lib/python3.12/site-packages/airflow/example_dags/example_latest_only_with_trigger.py
[2026-02-13T13:05:31.341+0100] {logging_mixin.py:190} INFO - [2026-02-13T13:05:31.341+0100] {dag.py:3239} INFO - Sync 1 DAGs
[2026-02-13T13:05:31.375+0100] {logging_mixin.py:190} INFO - [2026-02-13T13:05:31.374+0100] {dag.py:4180} INFO - Setting next_dagrun for latest_only_with_trigger to 2026-02-13 08:00:00+00:00, run_after=2026-02-13 12:00:00+00:00
[2026-02-13T13:05:31.404+0100] {processor.py:208} INFO - Processing /home/gianotti/Documents/CryptoETL/.venv/lib/python3.12/site-packages/airflow/example_dags/example_latest_only_with_trigger.py took 0.117 seconds
[2026-02-13T13:06:37.783+0100] {processor.py:186} INFO - Started process (PID=36283) to work on /home/gianotti/Documents/CryptoETL/.venv/lib/python3.12/site-packages/airflow/example_dags/example_latest_only_with_trigger.py
[2026-02-13T13:06:37.786+0100] {processor.py:914} INFO - Processing file /home/gianotti/Documents/CryptoETL/.venv/lib/python3.12/site-packages/airflow/example_dags/example_latest_only_with_trigger.py for tasks to queue
[2026-02-13T13:06:37.788+0100] {logging_mixin.py:190} INFO - [2026-02-13T13:06:37.787+0100] {dagbag.py:588} INFO - Filling up the DagBag from /home/gianotti/Documents/CryptoETL/.venv/lib/python3.12/site-packages/airflow/example_dags/example_latest_only_with_trigger.py
[2026-02-13T13:06:37.803+0100] {processor.py:925} INFO - DAG(s) 'latest_only_with_trigger' retrieved from /home/gianotti/Documents/CryptoETL/.venv/lib/python3.12/site-packages/airflow/example_dags/example_latest_only_with_trigger.py
[2026-02-13T13:06:37.830+0100] {logging_mixin.py:190} INFO - [2026-02-13T13:06:37.830+0100] {dag.py:3239} INFO - Sync 1 DAGs
[2026-02-13T13:06:37.869+0100] {logging_mixin.py:190} INFO - [2026-02-13T13:06:37.869+0100] {dag.py:4180} INFO - Setting next_dagrun for latest_only_with_trigger to 2026-02-13 08:00:00+00:00, run_after=2026-02-13 12:00:00+00:00
[2026-02-13T13:06:37.911+0100] {processor.py:208} INFO - Processing /home/gianotti/Documents/CryptoETL/.venv/lib/python3.12/site-packages/airflow/example_dags/example_latest_only_with_trigger.py took 0.136 seconds
[2026-02-13T13:07:47.684+0100] {processor.py:186} INFO - Started process (PID=36370) to work on /home/gianotti/Documents/CryptoETL/.venv/lib/python3.12/site-packages/airflow/example_dags/example_latest_only_with_trigger.py
[2026-02-13T13:07:47.687+0100] {processor.py:914} INFO - Processing file /home/gianotti/Documents/CryptoETL/.venv/lib/python3.12/site-packages/airflow/example_dags/example_latest_only_with_trigger.py for tasks to queue
[2026-02-13T13:07:47.690+0100] {logging_mixin.py:190} INFO - [2026-02-13T13:07:47.689+0100] {dagbag.py:588} INFO - Filling up the DagBag from /home/gianotti/Documents/CryptoETL/.venv/lib/python3.12/site-packages/airflow/example_dags/example_latest_only_with_trigger.py
[2026-02-13T13:07:47.706+0100] {processor.py:925} INFO - DAG(s) 'latest_only_with_trigger' retrieved from /home/gianotti/Documents/CryptoETL/.venv/lib/python3.12/site-packages/airflow/example_dags/example_latest_only_with_trigger.py
[2026-02-13T13:07:47.734+0100] {logging_mixin.py:190} INFO - [2026-02-13T13:07:47.733+0100] {dag.py:3239} INFO - Sync 1 DAGs
[2026-02-13T13:07:47.773+0100] {logging_mixin.py:190} INFO - [2026-02-13T13:07:47.773+0100] {dag.py:4180} INFO - Setting next_dagrun for latest_only_with_trigger to 2026-02-13 08:00:00+00:00, run_after=2026-02-13 12:00:00+00:00
[2026-02-13T13:07:47.810+0100] {processor.py:208} INFO - Processing /home/gianotti/Documents/CryptoETL/.venv/lib/python3.12/site-packages/airflow/example_dags/example_latest_only_with_trigger.py took 0.136 seconds
[2026-02-13T13:08:53.048+0100] {processor.py:186} INFO - Started process (PID=36495) to work on /home/gianotti/Documents/CryptoETL/.venv/lib/python3.12/site-packages/airflow/example_dags/example_latest_only_with_trigger.py
[2026-02-13T13:08:53.051+0100] {processor.py:914} INFO - Processing file /home/gianotti/Documents/CryptoETL/.venv/lib/python3.12/site-packages/airflow/example_dags/example_latest_only_with_trigger.py for tasks to queue
[2026-02-13T13:08:53.053+0100] {logging_mixin.py:190} INFO - [2026-02-13T13:08:53.052+0100] {dagbag.py:588} INFO - Filling up the DagBag from /home/gianotti/Documents/CryptoETL/.venv/lib/python3.12/site-packages/airflow/example_dags/example_latest_only_with_trigger.py
[2026-02-13T13:08:53.066+0100] {processor.py:925} INFO - DAG(s) 'latest_only_with_trigger' retrieved from /home/gianotti/Documents/CryptoETL/.venv/lib/python3.12/site-packages/airflow/example_dags/example_latest_only_with_trigger.py
[2026-02-13T13:08:53.091+0100] {logging_mixin.py:190} INFO - [2026-02-13T13:08:53.091+0100] {dag.py:3239} INFO - Sync 1 DAGs
[2026-02-13T13:08:53.123+0100] {logging_mixin.py:190} INFO - [2026-02-13T13:08:53.123+0100] {dag.py:4180} INFO - Setting next_dagrun for latest_only_with_trigger to 2026-02-13 08:00:00+00:00, run_after=2026-02-13 12:00:00+00:00
[2026-02-13T13:08:53.155+0100] {processor.py:208} INFO - Processing /home/gianotti/Documents/CryptoETL/.venv/lib/python3.12/site-packages/airflow/example_dags/example_latest_only_with_trigger.py took 0.116 seconds
[2026-02-13T13:10:01.508+0100] {processor.py:186} INFO - Started process (PID=36617) to work on /home/gianotti/Documents/CryptoETL/.venv/lib/python3.12/site-packages/airflow/example_dags/example_latest_only_with_trigger.py
[2026-02-13T13:10:01.510+0100] {processor.py:914} INFO - Processing file /home/gianotti/Documents/CryptoETL/.venv/lib/python3.12/site-packages/airflow/example_dags/example_latest_only_with_trigger.py for tasks to queue
[2026-02-13T13:10:01.512+0100] {logging_mixin.py:190} INFO - [2026-02-13T13:10:01.511+0100] {dagbag.py:588} INFO - Filling up the DagBag from /home/gianotti/Documents/CryptoETL/.venv/lib/python3.12/site-packages/airflow/example_dags/example_latest_only_with_trigger.py
[2026-02-13T13:10:01.526+0100] {processor.py:925} INFO - DAG(s) 'latest_only_with_trigger' retrieved from /home/gianotti/Documents/CryptoETL/.venv/lib/python3.12/site-packages/airflow/example_dags/example_latest_only_with_trigger.py
[2026-02-13T13:10:01.551+0100] {logging_mixin.py:190} INFO - [2026-02-13T13:10:01.551+0100] {dag.py:3239} INFO - Sync 1 DAGs
[2026-02-13T13:10:01.583+0100] {logging_mixin.py:190} INFO - [2026-02-13T13:10:01.582+0100] {dag.py:4180} INFO - Setting next_dagrun for latest_only_with_trigger to 2026-02-13 08:00:00+00:00, run_after=2026-02-13 12:00:00+00:00
[2026-02-13T13:10:01.613+0100] {processor.py:208} INFO - Processing /home/gianotti/Documents/CryptoETL/.venv/lib/python3.12/site-packages/airflow/example_dags/example_latest_only_with_trigger.py took 0.114 seconds
[2026-02-13T13:11:07.218+0100] {processor.py:186} INFO - Started process (PID=36734) to work on /home/gianotti/Documents/CryptoETL/.venv/lib/python3.12/site-packages/airflow/example_dags/example_latest_only_with_trigger.py
[2026-02-13T13:11:07.221+0100] {processor.py:914} INFO - Processing file /home/gianotti/Documents/CryptoETL/.venv/lib/python3.12/site-packages/airflow/example_dags/example_latest_only_with_trigger.py for tasks to queue
[2026-02-13T13:11:07.224+0100] {logging_mixin.py:190} INFO - [2026-02-13T13:11:07.223+0100] {dagbag.py:588} INFO - Filling up the DagBag from /home/gianotti/Documents/CryptoETL/.venv/lib/python3.12/site-packages/airflow/example_dags/example_latest_only_with_trigger.py
[2026-02-13T13:11:07.239+0100] {processor.py:925} INFO - DAG(s) 'latest_only_with_trigger' retrieved from /home/gianotti/Documents/CryptoETL/.venv/lib/python3.12/site-packages/airflow/example_dags/example_latest_only_with_trigger.py
[2026-02-13T13:11:07.270+0100] {logging_mixin.py:190} INFO - [2026-02-13T13:11:07.269+0100] {dag.py:3239} INFO - Sync 1 DAGs
[2026-02-13T13:11:07.306+0100] {logging_mixin.py:190} INFO - [2026-02-13T13:11:07.306+0100] {dag.py:4180} INFO - Setting next_dagrun for latest_only_with_trigger to 2026-02-13 08:00:00+00:00, run_after=2026-02-13 12:00:00+00:00
[2026-02-13T13:11:07.347+0100] {processor.py:208} INFO - Processing /home/gianotti/Documents/CryptoETL/.venv/lib/python3.12/site-packages/airflow/example_dags/example_latest_only_with_trigger.py took 0.138 seconds
[2026-02-13T13:12:14.704+0100] {processor.py:186} INFO - Started process (PID=36850) to work on /home/gianotti/Documents/CryptoETL/.venv/lib/python3.12/site-packages/airflow/example_dags/example_latest_only_with_trigger.py
[2026-02-13T13:12:14.706+0100] {processor.py:914} INFO - Processing file /home/gianotti/Documents/CryptoETL/.venv/lib/python3.12/site-packages/airflow/example_dags/example_latest_only_with_trigger.py for tasks to queue
[2026-02-13T13:12:14.708+0100] {logging_mixin.py:190} INFO - [2026-02-13T13:12:14.708+0100] {dagbag.py:588} INFO - Filling up the DagBag from /home/gianotti/Documents/CryptoETL/.venv/lib/python3.12/site-packages/airflow/example_dags/example_latest_only_with_trigger.py
[2026-02-13T13:12:14.723+0100] {processor.py:925} INFO - DAG(s) 'latest_only_with_trigger' retrieved from /home/gianotti/Documents/CryptoETL/.venv/lib/python3.12/site-packages/airflow/example_dags/example_latest_only_with_trigger.py
[2026-02-13T13:12:14.750+0100] {logging_mixin.py:190} INFO - [2026-02-13T13:12:14.749+0100] {dag.py:3239} INFO - Sync 1 DAGs
[2026-02-13T13:12:14.782+0100] {logging_mixin.py:190} INFO - [2026-02-13T13:12:14.781+0100] {dag.py:4180} INFO - Setting next_dagrun for latest_only_with_trigger to 2026-02-13 08:00:00+00:00, run_after=2026-02-13 12:00:00+00:00
[2026-02-13T13:12:14.816+0100] {processor.py:208} INFO - Processing /home/gianotti/Documents/CryptoETL/.venv/lib/python3.12/site-packages/airflow/example_dags/example_latest_only_with_trigger.py took 0.123 seconds
[2026-02-13T13:13:17.386+0100] {processor.py:186} INFO - Started process (PID=36952) to work on /home/gianotti/Documents/CryptoETL/.venv/lib/python3.12/site-packages/airflow/example_dags/example_latest_only_with_trigger.py
[2026-02-13T13:13:17.388+0100] {processor.py:914} INFO - Processing file /home/gianotti/Documents/CryptoETL/.venv/lib/python3.12/site-packages/airflow/example_dags/example_latest_only_with_trigger.py for tasks to queue
[2026-02-13T13:13:17.390+0100] {logging_mixin.py:190} INFO - [2026-02-13T13:13:17.390+0100] {dagbag.py:588} INFO - Filling up the DagBag from /home/gianotti/Documents/CryptoETL/.venv/lib/python3.12/site-packages/airflow/example_dags/example_latest_only_with_trigger.py
[2026-02-13T13:13:17.404+0100] {processor.py:925} INFO - DAG(s) 'latest_only_with_trigger' retrieved from /home/gianotti/Documents/CryptoETL/.venv/lib/python3.12/site-packages/airflow/example_dags/example_latest_only_with_trigger.py
[2026-02-13T13:13:17.428+0100] {logging_mixin.py:190} INFO - [2026-02-13T13:13:17.427+0100] {dag.py:3239} INFO - Sync 1 DAGs
[2026-02-13T13:13:17.460+0100] {logging_mixin.py:190} INFO - [2026-02-13T13:13:17.459+0100] {dag.py:4180} INFO - Setting next_dagrun for latest_only_with_trigger to 2026-02-13 08:00:00+00:00, run_after=2026-02-13 12:00:00+00:00
[2026-02-13T13:13:17.492+0100] {processor.py:208} INFO - Processing /home/gianotti/Documents/CryptoETL/.venv/lib/python3.12/site-packages/airflow/example_dags/example_latest_only_with_trigger.py took 0.114 seconds
[2026-02-13T13:14:22.970+0100] {processor.py:186} INFO - Started process (PID=37143) to work on /home/gianotti/Documents/CryptoETL/.venv/lib/python3.12/site-packages/airflow/example_dags/example_latest_only_with_trigger.py
[2026-02-13T13:14:22.973+0100] {processor.py:914} INFO - Processing file /home/gianotti/Documents/CryptoETL/.venv/lib/python3.12/site-packages/airflow/example_dags/example_latest_only_with_trigger.py for tasks to queue
[2026-02-13T13:14:22.975+0100] {logging_mixin.py:190} INFO - [2026-02-13T13:14:22.974+0100] {dagbag.py:588} INFO - Filling up the DagBag from /home/gianotti/Documents/CryptoETL/.venv/lib/python3.12/site-packages/airflow/example_dags/example_latest_only_with_trigger.py
[2026-02-13T13:14:22.989+0100] {processor.py:925} INFO - DAG(s) 'latest_only_with_trigger' retrieved from /home/gianotti/Documents/CryptoETL/.venv/lib/python3.12/site-packages/airflow/example_dags/example_latest_only_with_trigger.py
[2026-02-13T13:14:23.015+0100] {logging_mixin.py:190} INFO - [2026-02-13T13:14:23.014+0100] {dag.py:3239} INFO - Sync 1 DAGs
[2026-02-13T13:14:23.051+0100] {logging_mixin.py:190} INFO - [2026-02-13T13:14:23.050+0100] {dag.py:4180} INFO - Setting next_dagrun for latest_only_with_trigger to 2026-02-13 08:00:00+00:00, run_after=2026-02-13 12:00:00+00:00
[2026-02-13T13:14:23.084+0100] {processor.py:208} INFO - Processing /home/gianotti/Documents/CryptoETL/.venv/lib/python3.12/site-packages/airflow/example_dags/example_latest_only_with_trigger.py took 0.124 seconds
[2026-02-13T13:15:28.907+0100] {processor.py:186} INFO - Started process (PID=37258) to work on /home/gianotti/Documents/CryptoETL/.venv/lib/python3.12/site-packages/airflow/example_dags/example_latest_only_with_trigger.py
[2026-02-13T13:15:28.910+0100] {processor.py:914} INFO - Processing file /home/gianotti/Documents/CryptoETL/.venv/lib/python3.12/site-packages/airflow/example_dags/example_latest_only_with_trigger.py for tasks to queue
[2026-02-13T13:15:28.912+0100] {logging_mixin.py:190} INFO - [2026-02-13T13:15:28.911+0100] {dagbag.py:588} INFO - Filling up the DagBag from /home/gianotti/Documents/CryptoETL/.venv/lib/python3.12/site-packages/airflow/example_dags/example_latest_only_with_trigger.py
[2026-02-13T13:15:28.927+0100] {processor.py:925} INFO - DAG(s) 'latest_only_with_trigger' retrieved from /home/gianotti/Documents/CryptoETL/.venv/lib/python3.12/site-packages/airflow/example_dags/example_latest_only_with_trigger.py
[2026-02-13T13:15:28.954+0100] {logging_mixin.py:190} INFO - [2026-02-13T13:15:28.954+0100] {dag.py:3239} INFO - Sync 1 DAGs
[2026-02-13T13:15:28.986+0100] {logging_mixin.py:190} INFO - [2026-02-13T13:15:28.985+0100] {dag.py:4180} INFO - Setting next_dagrun for latest_only_with_trigger to 2026-02-13 08:00:00+00:00, run_after=2026-02-13 12:00:00+00:00
[2026-02-13T13:15:29.017+0100] {processor.py:208} INFO - Processing /home/gianotti/Documents/CryptoETL/.venv/lib/python3.12/site-packages/airflow/example_dags/example_latest_only_with_trigger.py took 0.120 seconds
[2026-02-13T13:16:34.771+0100] {processor.py:186} INFO - Started process (PID=37447) to work on /home/gianotti/Documents/CryptoETL/.venv/lib/python3.12/site-packages/airflow/example_dags/example_latest_only_with_trigger.py
[2026-02-13T13:16:34.774+0100] {processor.py:914} INFO - Processing file /home/gianotti/Documents/CryptoETL/.venv/lib/python3.12/site-packages/airflow/example_dags/example_latest_only_with_trigger.py for tasks to queue
[2026-02-13T13:16:34.776+0100] {logging_mixin.py:190} INFO - [2026-02-13T13:16:34.776+0100] {dagbag.py:588} INFO - Filling up the DagBag from /home/gianotti/Documents/CryptoETL/.venv/lib/python3.12/site-packages/airflow/example_dags/example_latest_only_with_trigger.py
[2026-02-13T13:16:34.791+0100] {processor.py:925} INFO - DAG(s) 'latest_only_with_trigger' retrieved from /home/gianotti/Documents/CryptoETL/.venv/lib/python3.12/site-packages/airflow/example_dags/example_latest_only_with_trigger.py
[2026-02-13T13:16:34.817+0100] {logging_mixin.py:190} INFO - [2026-02-13T13:16:34.816+0100] {dag.py:3239} INFO - Sync 1 DAGs
[2026-02-13T13:16:34.849+0100] {logging_mixin.py:190} INFO - [2026-02-13T13:16:34.848+0100] {dag.py:4180} INFO - Setting next_dagrun for latest_only_with_trigger to 2026-02-13 08:00:00+00:00, run_after=2026-02-13 12:00:00+00:00
[2026-02-13T13:16:34.878+0100] {processor.py:208} INFO - Processing /home/gianotti/Documents/CryptoETL/.venv/lib/python3.12/site-packages/airflow/example_dags/example_latest_only_with_trigger.py took 0.116 seconds
[2026-02-13T13:17:39.670+0100] {processor.py:186} INFO - Started process (PID=37542) to work on /home/gianotti/Documents/CryptoETL/.venv/lib/python3.12/site-packages/airflow/example_dags/example_latest_only_with_trigger.py
[2026-02-13T13:17:39.672+0100] {processor.py:914} INFO - Processing file /home/gianotti/Documents/CryptoETL/.venv/lib/python3.12/site-packages/airflow/example_dags/example_latest_only_with_trigger.py for tasks to queue
[2026-02-13T13:17:39.674+0100] {logging_mixin.py:190} INFO - [2026-02-13T13:17:39.674+0100] {dagbag.py:588} INFO - Filling up the DagBag from /home/gianotti/Documents/CryptoETL/.venv/lib/python3.12/site-packages/airflow/example_dags/example_latest_only_with_trigger.py
[2026-02-13T13:17:39.689+0100] {processor.py:925} INFO - DAG(s) 'latest_only_with_trigger' retrieved from /home/gianotti/Documents/CryptoETL/.venv/lib/python3.12/site-packages/airflow/example_dags/example_latest_only_with_trigger.py
[2026-02-13T13:17:39.714+0100] {logging_mixin.py:190} INFO - [2026-02-13T13:17:39.714+0100] {dag.py:3239} INFO - Sync 1 DAGs
[2026-02-13T13:17:39.748+0100] {logging_mixin.py:190} INFO - [2026-02-13T13:17:39.748+0100] {dag.py:4180} INFO - Setting next_dagrun for latest_only_with_trigger to 2026-02-13 08:00:00+00:00, run_after=2026-02-13 12:00:00+00:00
[2026-02-13T13:17:39.781+0100] {processor.py:208} INFO - Processing /home/gianotti/Documents/CryptoETL/.venv/lib/python3.12/site-packages/airflow/example_dags/example_latest_only_with_trigger.py took 0.121 seconds
[2026-02-13T13:18:46.124+0100] {processor.py:186} INFO - Started process (PID=37664) to work on /home/gianotti/Documents/CryptoETL/.venv/lib/python3.12/site-packages/airflow/example_dags/example_latest_only_with_trigger.py
[2026-02-13T13:18:46.127+0100] {processor.py:914} INFO - Processing file /home/gianotti/Documents/CryptoETL/.venv/lib/python3.12/site-packages/airflow/example_dags/example_latest_only_with_trigger.py for tasks to queue
[2026-02-13T13:18:46.129+0100] {logging_mixin.py:190} INFO - [2026-02-13T13:18:46.129+0100] {dagbag.py:588} INFO - Filling up the DagBag from /home/gianotti/Documents/CryptoETL/.venv/lib/python3.12/site-packages/airflow/example_dags/example_latest_only_with_trigger.py
[2026-02-13T13:18:46.144+0100] {processor.py:925} INFO - DAG(s) 'latest_only_with_trigger' retrieved from /home/gianotti/Documents/CryptoETL/.venv/lib/python3.12/site-packages/airflow/example_dags/example_latest_only_with_trigger.py
[2026-02-13T13:18:46.169+0100] {logging_mixin.py:190} INFO - [2026-02-13T13:18:46.169+0100] {dag.py:3239} INFO - Sync 1 DAGs
[2026-02-13T13:18:46.201+0100] {logging_mixin.py:190} INFO - [2026-02-13T13:18:46.201+0100] {dag.py:4180} INFO - Setting next_dagrun for latest_only_with_trigger to 2026-02-13 08:00:00+00:00, run_after=2026-02-13 12:00:00+00:00
[2026-02-13T13:18:46.233+0100] {processor.py:208} INFO - Processing /home/gianotti/Documents/CryptoETL/.venv/lib/python3.12/site-packages/airflow/example_dags/example_latest_only_with_trigger.py took 0.118 seconds
[2026-02-13T13:19:51.390+0100] {processor.py:186} INFO - Started process (PID=37747) to work on /home/gianotti/Documents/CryptoETL/.venv/lib/python3.12/site-packages/airflow/example_dags/example_latest_only_with_trigger.py
[2026-02-13T13:19:51.394+0100] {processor.py:914} INFO - Processing file /home/gianotti/Documents/CryptoETL/.venv/lib/python3.12/site-packages/airflow/example_dags/example_latest_only_with_trigger.py for tasks to queue
[2026-02-13T13:19:51.396+0100] {logging_mixin.py:190} INFO - [2026-02-13T13:19:51.395+0100] {dagbag.py:588} INFO - Filling up the DagBag from /home/gianotti/Documents/CryptoETL/.venv/lib/python3.12/site-packages/airflow/example_dags/example_latest_only_with_trigger.py
[2026-02-13T13:19:51.410+0100] {processor.py:925} INFO - DAG(s) 'latest_only_with_trigger' retrieved from /home/gianotti/Documents/CryptoETL/.venv/lib/python3.12/site-packages/airflow/example_dags/example_latest_only_with_trigger.py
[2026-02-13T13:19:51.434+0100] {logging_mixin.py:190} INFO - [2026-02-13T13:19:51.434+0100] {dag.py:3239} INFO - Sync 1 DAGs
[2026-02-13T13:19:51.468+0100] {logging_mixin.py:190} INFO - [2026-02-13T13:19:51.467+0100] {dag.py:4180} INFO - Setting next_dagrun for latest_only_with_trigger to 2026-02-13 08:00:00+00:00, run_after=2026-02-13 12:00:00+00:00
[2026-02-13T13:19:51.505+0100] {processor.py:208} INFO - Processing /home/gianotti/Documents/CryptoETL/.venv/lib/python3.12/site-packages/airflow/example_dags/example_latest_only_with_trigger.py took 0.124 seconds
[2026-02-13T13:20:58.648+0100] {processor.py:186} INFO - Started process (PID=37853) to work on /home/gianotti/Documents/CryptoETL/.venv/lib/python3.12/site-packages/airflow/example_dags/example_latest_only_with_trigger.py
[2026-02-13T13:20:58.650+0100] {processor.py:914} INFO - Processing file /home/gianotti/Documents/CryptoETL/.venv/lib/python3.12/site-packages/airflow/example_dags/example_latest_only_with_trigger.py for tasks to queue
[2026-02-13T13:20:58.651+0100] {logging_mixin.py:190} INFO - [2026-02-13T13:20:58.651+0100] {dagbag.py:588} INFO - Filling up the DagBag from /home/gianotti/Documents/CryptoETL/.venv/lib/python3.12/site-packages/airflow/example_dags/example_latest_only_with_trigger.py
[2026-02-13T13:20:58.666+0100] {processor.py:925} INFO - DAG(s) 'latest_only_with_trigger' retrieved from /home/gianotti/Documents/CryptoETL/.venv/lib/python3.12/site-packages/airflow/example_dags/example_latest_only_with_trigger.py
[2026-02-13T13:20:58.690+0100] {logging_mixin.py:190} INFO - [2026-02-13T13:20:58.690+0100] {dag.py:3239} INFO - Sync 1 DAGs
[2026-02-13T13:20:58.721+0100] {logging_mixin.py:190} INFO - [2026-02-13T13:20:58.721+0100] {dag.py:4180} INFO - Setting next_dagrun for latest_only_with_trigger to 2026-02-13 08:00:00+00:00, run_after=2026-02-13 12:00:00+00:00
[2026-02-13T13:20:58.753+0100] {processor.py:208} INFO - Processing /home/gianotti/Documents/CryptoETL/.venv/lib/python3.12/site-packages/airflow/example_dags/example_latest_only_with_trigger.py took 0.114 seconds
