[2026-02-13T12:55:08.116+0100] {processor.py:186} INFO - Started process (PID=34922) to work on /home/gianotti/Documents/CryptoETL/.venv/lib/python3.12/site-packages/airflow/example_dags/example_trigger_target_dag.py
[2026-02-13T12:55:08.118+0100] {processor.py:914} INFO - Processing file /home/gianotti/Documents/CryptoETL/.venv/lib/python3.12/site-packages/airflow/example_dags/example_trigger_target_dag.py for tasks to queue
[2026-02-13T12:55:08.121+0100] {logging_mixin.py:190} INFO - [2026-02-13T12:55:08.121+0100] {dagbag.py:588} INFO - Filling up the DagBag from /home/gianotti/Documents/CryptoETL/.venv/lib/python3.12/site-packages/airflow/example_dags/example_trigger_target_dag.py
[2026-02-13T12:55:08.137+0100] {processor.py:925} INFO - DAG(s) 'example_trigger_target_dag' retrieved from /home/gianotti/Documents/CryptoETL/.venv/lib/python3.12/site-packages/airflow/example_dags/example_trigger_target_dag.py
[2026-02-13T12:55:08.257+0100] {logging_mixin.py:190} INFO - [2026-02-13T12:55:08.256+0100] {override.py:1930} INFO - Created Permission View: can edit on DAG:example_trigger_target_dag
[2026-02-13T12:55:08.270+0100] {logging_mixin.py:190} INFO - [2026-02-13T12:55:08.270+0100] {override.py:1930} INFO - Created Permission View: can read on DAG:example_trigger_target_dag
[2026-02-13T12:55:08.281+0100] {logging_mixin.py:190} INFO - [2026-02-13T12:55:08.281+0100] {override.py:1930} INFO - Created Permission View: can delete on DAG:example_trigger_target_dag
[2026-02-13T12:55:08.299+0100] {logging_mixin.py:190} INFO - [2026-02-13T12:55:08.298+0100] {override.py:1930} INFO - Created Permission View: can create on DAG Run:example_trigger_target_dag
[2026-02-13T12:55:08.312+0100] {logging_mixin.py:190} INFO - [2026-02-13T12:55:08.311+0100] {override.py:1930} INFO - Created Permission View: can read on DAG Run:example_trigger_target_dag
[2026-02-13T12:55:08.324+0100] {logging_mixin.py:190} INFO - [2026-02-13T12:55:08.324+0100] {override.py:1930} INFO - Created Permission View: can delete on DAG Run:example_trigger_target_dag
[2026-02-13T12:55:08.337+0100] {logging_mixin.py:190} INFO - [2026-02-13T12:55:08.337+0100] {override.py:1930} INFO - Created Permission View: menu access on DAG Run:example_trigger_target_dag
[2026-02-13T12:55:08.338+0100] {logging_mixin.py:190} INFO - [2026-02-13T12:55:08.338+0100] {dag.py:3239} INFO - Sync 1 DAGs
[2026-02-13T12:55:08.359+0100] {logging_mixin.py:190} INFO - [2026-02-13T12:55:08.359+0100] {dag.py:3262} INFO - Creating ORM DAG for example_trigger_target_dag
[2026-02-13T12:55:08.360+0100] {logging_mixin.py:190} INFO - [2026-02-13T12:55:08.360+0100] {dag.py:4180} INFO - Setting next_dagrun for example_trigger_target_dag to None, run_after=None
[2026-02-13T12:55:08.383+0100] {processor.py:208} INFO - Processing /home/gianotti/Documents/CryptoETL/.venv/lib/python3.12/site-packages/airflow/example_dags/example_trigger_target_dag.py took 0.276 seconds
[2026-02-13T12:56:15.854+0100] {processor.py:186} INFO - Started process (PID=35061) to work on /home/gianotti/Documents/CryptoETL/.venv/lib/python3.12/site-packages/airflow/example_dags/example_trigger_target_dag.py
[2026-02-13T12:56:15.856+0100] {processor.py:914} INFO - Processing file /home/gianotti/Documents/CryptoETL/.venv/lib/python3.12/site-packages/airflow/example_dags/example_trigger_target_dag.py for tasks to queue
[2026-02-13T12:56:15.859+0100] {logging_mixin.py:190} INFO - [2026-02-13T12:56:15.858+0100] {dagbag.py:588} INFO - Filling up the DagBag from /home/gianotti/Documents/CryptoETL/.venv/lib/python3.12/site-packages/airflow/example_dags/example_trigger_target_dag.py
[2026-02-13T12:56:15.872+0100] {processor.py:925} INFO - DAG(s) 'example_trigger_target_dag' retrieved from /home/gianotti/Documents/CryptoETL/.venv/lib/python3.12/site-packages/airflow/example_dags/example_trigger_target_dag.py
[2026-02-13T12:56:15.892+0100] {logging_mixin.py:190} INFO - [2026-02-13T12:56:15.892+0100] {dag.py:3239} INFO - Sync 1 DAGs
[2026-02-13T12:56:15.905+0100] {logging_mixin.py:190} INFO - [2026-02-13T12:56:15.905+0100] {dag.py:4180} INFO - Setting next_dagrun for example_trigger_target_dag to None, run_after=None
[2026-02-13T12:56:15.929+0100] {processor.py:208} INFO - Processing /home/gianotti/Documents/CryptoETL/.venv/lib/python3.12/site-packages/airflow/example_dags/example_trigger_target_dag.py took 0.084 seconds
[2026-02-13T12:57:13.811+0100] {processor.py:186} INFO - Started process (PID=35148) to work on /home/gianotti/Documents/CryptoETL/.venv/lib/python3.12/site-packages/airflow/example_dags/example_trigger_target_dag.py
[2026-02-13T12:57:13.814+0100] {processor.py:914} INFO - Processing file /home/gianotti/Documents/CryptoETL/.venv/lib/python3.12/site-packages/airflow/example_dags/example_trigger_target_dag.py for tasks to queue
[2026-02-13T12:57:13.818+0100] {logging_mixin.py:190} INFO - [2026-02-13T12:57:13.817+0100] {dagbag.py:588} INFO - Filling up the DagBag from /home/gianotti/Documents/CryptoETL/.venv/lib/python3.12/site-packages/airflow/example_dags/example_trigger_target_dag.py
[2026-02-13T12:57:13.832+0100] {processor.py:925} INFO - DAG(s) 'example_trigger_target_dag' retrieved from /home/gianotti/Documents/CryptoETL/.venv/lib/python3.12/site-packages/airflow/example_dags/example_trigger_target_dag.py
[2026-02-13T12:57:13.856+0100] {logging_mixin.py:190} INFO - [2026-02-13T12:57:13.856+0100] {dag.py:3239} INFO - Sync 1 DAGs
[2026-02-13T12:57:13.869+0100] {logging_mixin.py:190} INFO - [2026-02-13T12:57:13.869+0100] {dag.py:4180} INFO - Setting next_dagrun for example_trigger_target_dag to None, run_after=None
[2026-02-13T12:57:13.889+0100] {processor.py:208} INFO - Processing /home/gianotti/Documents/CryptoETL/.venv/lib/python3.12/site-packages/airflow/example_dags/example_trigger_target_dag.py took 0.087 seconds
[2026-02-13T12:58:12.230+0100] {processor.py:186} INFO - Started process (PID=35264) to work on /home/gianotti/Documents/CryptoETL/.venv/lib/python3.12/site-packages/airflow/example_dags/example_trigger_target_dag.py
[2026-02-13T12:58:12.232+0100] {processor.py:914} INFO - Processing file /home/gianotti/Documents/CryptoETL/.venv/lib/python3.12/site-packages/airflow/example_dags/example_trigger_target_dag.py for tasks to queue
[2026-02-13T12:58:12.236+0100] {logging_mixin.py:190} INFO - [2026-02-13T12:58:12.235+0100] {dagbag.py:588} INFO - Filling up the DagBag from /home/gianotti/Documents/CryptoETL/.venv/lib/python3.12/site-packages/airflow/example_dags/example_trigger_target_dag.py
[2026-02-13T12:58:12.249+0100] {processor.py:925} INFO - DAG(s) 'example_trigger_target_dag' retrieved from /home/gianotti/Documents/CryptoETL/.venv/lib/python3.12/site-packages/airflow/example_dags/example_trigger_target_dag.py
[2026-02-13T12:58:12.272+0100] {logging_mixin.py:190} INFO - [2026-02-13T12:58:12.271+0100] {dag.py:3239} INFO - Sync 1 DAGs
[2026-02-13T12:58:12.288+0100] {logging_mixin.py:190} INFO - [2026-02-13T12:58:12.287+0100] {dag.py:4180} INFO - Setting next_dagrun for example_trigger_target_dag to None, run_after=None
[2026-02-13T12:58:12.307+0100] {processor.py:208} INFO - Processing /home/gianotti/Documents/CryptoETL/.venv/lib/python3.12/site-packages/airflow/example_dags/example_trigger_target_dag.py took 0.085 seconds
[2026-02-13T12:59:06.101+0100] {processor.py:186} INFO - Started process (PID=35403) to work on /home/gianotti/Documents/CryptoETL/.venv/lib/python3.12/site-packages/airflow/example_dags/example_trigger_target_dag.py
[2026-02-13T12:59:06.104+0100] {processor.py:914} INFO - Processing file /home/gianotti/Documents/CryptoETL/.venv/lib/python3.12/site-packages/airflow/example_dags/example_trigger_target_dag.py for tasks to queue
[2026-02-13T12:59:06.107+0100] {logging_mixin.py:190} INFO - [2026-02-13T12:59:06.107+0100] {dagbag.py:588} INFO - Filling up the DagBag from /home/gianotti/Documents/CryptoETL/.venv/lib/python3.12/site-packages/airflow/example_dags/example_trigger_target_dag.py
[2026-02-13T12:59:06.121+0100] {processor.py:925} INFO - DAG(s) 'example_trigger_target_dag' retrieved from /home/gianotti/Documents/CryptoETL/.venv/lib/python3.12/site-packages/airflow/example_dags/example_trigger_target_dag.py
[2026-02-13T12:59:06.143+0100] {logging_mixin.py:190} INFO - [2026-02-13T12:59:06.142+0100] {dag.py:3239} INFO - Sync 1 DAGs
[2026-02-13T12:59:06.156+0100] {logging_mixin.py:190} INFO - [2026-02-13T12:59:06.156+0100] {dag.py:4180} INFO - Setting next_dagrun for example_trigger_target_dag to None, run_after=None
[2026-02-13T12:59:06.175+0100] {processor.py:208} INFO - Processing /home/gianotti/Documents/CryptoETL/.venv/lib/python3.12/site-packages/airflow/example_dags/example_trigger_target_dag.py took 0.082 seconds
[2026-02-13T13:00:00.644+0100] {processor.py:186} INFO - Started process (PID=35505) to work on /home/gianotti/Documents/CryptoETL/.venv/lib/python3.12/site-packages/airflow/example_dags/example_trigger_target_dag.py
[2026-02-13T13:00:00.647+0100] {processor.py:914} INFO - Processing file /home/gianotti/Documents/CryptoETL/.venv/lib/python3.12/site-packages/airflow/example_dags/example_trigger_target_dag.py for tasks to queue
[2026-02-13T13:00:00.649+0100] {logging_mixin.py:190} INFO - [2026-02-13T13:00:00.648+0100] {dagbag.py:588} INFO - Filling up the DagBag from /home/gianotti/Documents/CryptoETL/.venv/lib/python3.12/site-packages/airflow/example_dags/example_trigger_target_dag.py
[2026-02-13T13:00:00.663+0100] {processor.py:925} INFO - DAG(s) 'example_trigger_target_dag' retrieved from /home/gianotti/Documents/CryptoETL/.venv/lib/python3.12/site-packages/airflow/example_dags/example_trigger_target_dag.py
[2026-02-13T13:00:00.685+0100] {logging_mixin.py:190} INFO - [2026-02-13T13:00:00.684+0100] {dag.py:3239} INFO - Sync 1 DAGs
[2026-02-13T13:00:00.696+0100] {logging_mixin.py:190} INFO - [2026-02-13T13:00:00.696+0100] {dag.py:4180} INFO - Setting next_dagrun for example_trigger_target_dag to None, run_after=None
[2026-02-13T13:00:00.716+0100] {processor.py:208} INFO - Processing /home/gianotti/Documents/CryptoETL/.venv/lib/python3.12/site-packages/airflow/example_dags/example_trigger_target_dag.py took 0.081 seconds
[2026-02-13T13:00:58.102+0100] {processor.py:186} INFO - Started process (PID=35617) to work on /home/gianotti/Documents/CryptoETL/.venv/lib/python3.12/site-packages/airflow/example_dags/example_trigger_target_dag.py
[2026-02-13T13:00:58.104+0100] {processor.py:914} INFO - Processing file /home/gianotti/Documents/CryptoETL/.venv/lib/python3.12/site-packages/airflow/example_dags/example_trigger_target_dag.py for tasks to queue
[2026-02-13T13:00:58.106+0100] {logging_mixin.py:190} INFO - [2026-02-13T13:00:58.106+0100] {dagbag.py:588} INFO - Filling up the DagBag from /home/gianotti/Documents/CryptoETL/.venv/lib/python3.12/site-packages/airflow/example_dags/example_trigger_target_dag.py
[2026-02-13T13:00:58.119+0100] {processor.py:925} INFO - DAG(s) 'example_trigger_target_dag' retrieved from /home/gianotti/Documents/CryptoETL/.venv/lib/python3.12/site-packages/airflow/example_dags/example_trigger_target_dag.py
[2026-02-13T13:00:58.141+0100] {logging_mixin.py:190} INFO - [2026-02-13T13:00:58.141+0100] {dag.py:3239} INFO - Sync 1 DAGs
[2026-02-13T13:00:58.163+0100] {logging_mixin.py:190} INFO - [2026-02-13T13:00:58.162+0100] {dag.py:4180} INFO - Setting next_dagrun for example_trigger_target_dag to None, run_after=None
[2026-02-13T13:00:58.193+0100] {processor.py:208} INFO - Processing /home/gianotti/Documents/CryptoETL/.venv/lib/python3.12/site-packages/airflow/example_dags/example_trigger_target_dag.py took 0.099 seconds
[2026-02-13T13:01:58.652+0100] {processor.py:186} INFO - Started process (PID=35736) to work on /home/gianotti/Documents/CryptoETL/.venv/lib/python3.12/site-packages/airflow/example_dags/example_trigger_target_dag.py
[2026-02-13T13:01:58.658+0100] {processor.py:914} INFO - Processing file /home/gianotti/Documents/CryptoETL/.venv/lib/python3.12/site-packages/airflow/example_dags/example_trigger_target_dag.py for tasks to queue
[2026-02-13T13:01:58.659+0100] {logging_mixin.py:190} INFO - [2026-02-13T13:01:58.659+0100] {dagbag.py:588} INFO - Filling up the DagBag from /home/gianotti/Documents/CryptoETL/.venv/lib/python3.12/site-packages/airflow/example_dags/example_trigger_target_dag.py
[2026-02-13T13:01:58.674+0100] {processor.py:925} INFO - DAG(s) 'example_trigger_target_dag' retrieved from /home/gianotti/Documents/CryptoETL/.venv/lib/python3.12/site-packages/airflow/example_dags/example_trigger_target_dag.py
[2026-02-13T13:01:58.694+0100] {logging_mixin.py:190} INFO - [2026-02-13T13:01:58.694+0100] {dag.py:3239} INFO - Sync 1 DAGs
[2026-02-13T13:01:58.706+0100] {logging_mixin.py:190} INFO - [2026-02-13T13:01:58.706+0100] {dag.py:4180} INFO - Setting next_dagrun for example_trigger_target_dag to None, run_after=None
[2026-02-13T13:01:58.726+0100] {processor.py:208} INFO - Processing /home/gianotti/Documents/CryptoETL/.venv/lib/python3.12/site-packages/airflow/example_dags/example_trigger_target_dag.py took 0.084 seconds
[2026-02-13T13:02:57.229+0100] {processor.py:186} INFO - Started process (PID=35851) to work on /home/gianotti/Documents/CryptoETL/.venv/lib/python3.12/site-packages/airflow/example_dags/example_trigger_target_dag.py
[2026-02-13T13:02:57.230+0100] {processor.py:914} INFO - Processing file /home/gianotti/Documents/CryptoETL/.venv/lib/python3.12/site-packages/airflow/example_dags/example_trigger_target_dag.py for tasks to queue
[2026-02-13T13:02:57.231+0100] {logging_mixin.py:190} INFO - [2026-02-13T13:02:57.231+0100] {dagbag.py:588} INFO - Filling up the DagBag from /home/gianotti/Documents/CryptoETL/.venv/lib/python3.12/site-packages/airflow/example_dags/example_trigger_target_dag.py
[2026-02-13T13:02:57.241+0100] {processor.py:925} INFO - DAG(s) 'example_trigger_target_dag' retrieved from /home/gianotti/Documents/CryptoETL/.venv/lib/python3.12/site-packages/airflow/example_dags/example_trigger_target_dag.py
[2026-02-13T13:02:57.257+0100] {logging_mixin.py:190} INFO - [2026-02-13T13:02:57.257+0100] {dag.py:3239} INFO - Sync 1 DAGs
[2026-02-13T13:02:57.269+0100] {logging_mixin.py:190} INFO - [2026-02-13T13:02:57.269+0100] {dag.py:4180} INFO - Setting next_dagrun for example_trigger_target_dag to None, run_after=None
[2026-02-13T13:02:57.287+0100] {processor.py:208} INFO - Processing /home/gianotti/Documents/CryptoETL/.venv/lib/python3.12/site-packages/airflow/example_dags/example_trigger_target_dag.py took 0.065 seconds
[2026-02-13T13:03:53.397+0100] {processor.py:186} INFO - Started process (PID=35995) to work on /home/gianotti/Documents/CryptoETL/.venv/lib/python3.12/site-packages/airflow/example_dags/example_trigger_target_dag.py
[2026-02-13T13:03:53.400+0100] {processor.py:914} INFO - Processing file /home/gianotti/Documents/CryptoETL/.venv/lib/python3.12/site-packages/airflow/example_dags/example_trigger_target_dag.py for tasks to queue
[2026-02-13T13:03:53.402+0100] {logging_mixin.py:190} INFO - [2026-02-13T13:03:53.401+0100] {dagbag.py:588} INFO - Filling up the DagBag from /home/gianotti/Documents/CryptoETL/.venv/lib/python3.12/site-packages/airflow/example_dags/example_trigger_target_dag.py
[2026-02-13T13:03:53.417+0100] {processor.py:925} INFO - DAG(s) 'example_trigger_target_dag' retrieved from /home/gianotti/Documents/CryptoETL/.venv/lib/python3.12/site-packages/airflow/example_dags/example_trigger_target_dag.py
[2026-02-13T13:03:53.440+0100] {logging_mixin.py:190} INFO - [2026-02-13T13:03:53.440+0100] {dag.py:3239} INFO - Sync 1 DAGs
[2026-02-13T13:03:53.463+0100] {logging_mixin.py:190} INFO - [2026-02-13T13:03:53.462+0100] {dag.py:4180} INFO - Setting next_dagrun for example_trigger_target_dag to None, run_after=None
[2026-02-13T13:03:53.496+0100] {processor.py:208} INFO - Processing /home/gianotti/Documents/CryptoETL/.venv/lib/python3.12/site-packages/airflow/example_dags/example_trigger_target_dag.py took 0.108 seconds
[2026-02-13T13:04:55.326+0100] {processor.py:186} INFO - Started process (PID=36119) to work on /home/gianotti/Documents/CryptoETL/.venv/lib/python3.12/site-packages/airflow/example_dags/example_trigger_target_dag.py
[2026-02-13T13:04:55.329+0100] {processor.py:914} INFO - Processing file /home/gianotti/Documents/CryptoETL/.venv/lib/python3.12/site-packages/airflow/example_dags/example_trigger_target_dag.py for tasks to queue
[2026-02-13T13:04:55.331+0100] {logging_mixin.py:190} INFO - [2026-02-13T13:04:55.330+0100] {dagbag.py:588} INFO - Filling up the DagBag from /home/gianotti/Documents/CryptoETL/.venv/lib/python3.12/site-packages/airflow/example_dags/example_trigger_target_dag.py
[2026-02-13T13:04:55.344+0100] {processor.py:925} INFO - DAG(s) 'example_trigger_target_dag' retrieved from /home/gianotti/Documents/CryptoETL/.venv/lib/python3.12/site-packages/airflow/example_dags/example_trigger_target_dag.py
[2026-02-13T13:04:55.368+0100] {logging_mixin.py:190} INFO - [2026-02-13T13:04:55.368+0100] {dag.py:3239} INFO - Sync 1 DAGs
[2026-02-13T13:04:55.388+0100] {logging_mixin.py:190} INFO - [2026-02-13T13:04:55.387+0100] {dag.py:4180} INFO - Setting next_dagrun for example_trigger_target_dag to None, run_after=None
[2026-02-13T13:04:55.418+0100] {processor.py:208} INFO - Processing /home/gianotti/Documents/CryptoETL/.venv/lib/python3.12/site-packages/airflow/example_dags/example_trigger_target_dag.py took 0.101 seconds
[2026-02-13T13:06:00.118+0100] {processor.py:186} INFO - Started process (PID=36236) to work on /home/gianotti/Documents/CryptoETL/.venv/lib/python3.12/site-packages/airflow/example_dags/example_trigger_target_dag.py
[2026-02-13T13:06:00.120+0100] {processor.py:914} INFO - Processing file /home/gianotti/Documents/CryptoETL/.venv/lib/python3.12/site-packages/airflow/example_dags/example_trigger_target_dag.py for tasks to queue
[2026-02-13T13:06:00.122+0100] {logging_mixin.py:190} INFO - [2026-02-13T13:06:00.121+0100] {dagbag.py:588} INFO - Filling up the DagBag from /home/gianotti/Documents/CryptoETL/.venv/lib/python3.12/site-packages/airflow/example_dags/example_trigger_target_dag.py
[2026-02-13T13:06:00.135+0100] {processor.py:925} INFO - DAG(s) 'example_trigger_target_dag' retrieved from /home/gianotti/Documents/CryptoETL/.venv/lib/python3.12/site-packages/airflow/example_dags/example_trigger_target_dag.py
[2026-02-13T13:06:00.159+0100] {logging_mixin.py:190} INFO - [2026-02-13T13:06:00.158+0100] {dag.py:3239} INFO - Sync 1 DAGs
[2026-02-13T13:06:00.186+0100] {logging_mixin.py:190} INFO - [2026-02-13T13:06:00.185+0100] {dag.py:4180} INFO - Setting next_dagrun for example_trigger_target_dag to None, run_after=None
[2026-02-13T13:06:00.223+0100] {processor.py:208} INFO - Processing /home/gianotti/Documents/CryptoETL/.venv/lib/python3.12/site-packages/airflow/example_dags/example_trigger_target_dag.py took 0.114 seconds
[2026-02-13T13:07:05.337+0100] {processor.py:186} INFO - Started process (PID=36321) to work on /home/gianotti/Documents/CryptoETL/.venv/lib/python3.12/site-packages/airflow/example_dags/example_trigger_target_dag.py
[2026-02-13T13:07:05.340+0100] {processor.py:914} INFO - Processing file /home/gianotti/Documents/CryptoETL/.venv/lib/python3.12/site-packages/airflow/example_dags/example_trigger_target_dag.py for tasks to queue
[2026-02-13T13:07:05.343+0100] {logging_mixin.py:190} INFO - [2026-02-13T13:07:05.342+0100] {dagbag.py:588} INFO - Filling up the DagBag from /home/gianotti/Documents/CryptoETL/.venv/lib/python3.12/site-packages/airflow/example_dags/example_trigger_target_dag.py
[2026-02-13T13:07:05.359+0100] {processor.py:925} INFO - DAG(s) 'example_trigger_target_dag' retrieved from /home/gianotti/Documents/CryptoETL/.venv/lib/python3.12/site-packages/airflow/example_dags/example_trigger_target_dag.py
[2026-02-13T13:07:05.384+0100] {logging_mixin.py:190} INFO - [2026-02-13T13:07:05.384+0100] {dag.py:3239} INFO - Sync 1 DAGs
[2026-02-13T13:07:05.410+0100] {logging_mixin.py:190} INFO - [2026-02-13T13:07:05.409+0100] {dag.py:4180} INFO - Setting next_dagrun for example_trigger_target_dag to None, run_after=None
[2026-02-13T13:07:05.451+0100] {processor.py:208} INFO - Processing /home/gianotti/Documents/CryptoETL/.venv/lib/python3.12/site-packages/airflow/example_dags/example_trigger_target_dag.py took 0.124 seconds
[2026-02-13T13:08:17.687+0100] {processor.py:186} INFO - Started process (PID=36419) to work on /home/gianotti/Documents/CryptoETL/.venv/lib/python3.12/site-packages/airflow/example_dags/example_trigger_target_dag.py
[2026-02-13T13:08:17.690+0100] {processor.py:914} INFO - Processing file /home/gianotti/Documents/CryptoETL/.venv/lib/python3.12/site-packages/airflow/example_dags/example_trigger_target_dag.py for tasks to queue
[2026-02-13T13:08:17.692+0100] {logging_mixin.py:190} INFO - [2026-02-13T13:08:17.691+0100] {dagbag.py:588} INFO - Filling up the DagBag from /home/gianotti/Documents/CryptoETL/.venv/lib/python3.12/site-packages/airflow/example_dags/example_trigger_target_dag.py
[2026-02-13T13:08:17.706+0100] {processor.py:925} INFO - DAG(s) 'example_trigger_target_dag' retrieved from /home/gianotti/Documents/CryptoETL/.venv/lib/python3.12/site-packages/airflow/example_dags/example_trigger_target_dag.py
[2026-02-13T13:08:17.729+0100] {logging_mixin.py:190} INFO - [2026-02-13T13:08:17.729+0100] {dag.py:3239} INFO - Sync 1 DAGs
[2026-02-13T13:08:17.749+0100] {logging_mixin.py:190} INFO - [2026-02-13T13:08:17.749+0100] {dag.py:4180} INFO - Setting next_dagrun for example_trigger_target_dag to None, run_after=None
[2026-02-13T13:08:17.780+0100] {processor.py:208} INFO - Processing /home/gianotti/Documents/CryptoETL/.venv/lib/python3.12/site-packages/airflow/example_dags/example_trigger_target_dag.py took 0.102 seconds
