[2026-02-13T12:55:41.957+0100] {processor.py:186} INFO - Started process (PID=34977) to work on /home/gianotti/Documents/CryptoETL/.venv/lib/python3.12/site-packages/airflow/example_dags/example_dynamic_task_mapping.py
[2026-02-13T12:55:41.959+0100] {processor.py:914} INFO - Processing file /home/gianotti/Documents/CryptoETL/.venv/lib/python3.12/site-packages/airflow/example_dags/example_dynamic_task_mapping.py for tasks to queue
[2026-02-13T12:55:41.962+0100] {logging_mixin.py:190} INFO - [2026-02-13T12:55:41.961+0100] {dagbag.py:588} INFO - Filling up the DagBag from /home/gianotti/Documents/CryptoETL/.venv/lib/python3.12/site-packages/airflow/example_dags/example_dynamic_task_mapping.py
[2026-02-13T12:55:41.978+0100] {processor.py:925} INFO - DAG(s) 'example_dynamic_task_mapping' retrieved from /home/gianotti/Documents/CryptoETL/.venv/lib/python3.12/site-packages/airflow/example_dags/example_dynamic_task_mapping.py
[2026-02-13T12:55:42.077+0100] {logging_mixin.py:190} INFO - [2026-02-13T12:55:42.077+0100] {override.py:1930} INFO - Created Permission View: can edit on DAG:example_dynamic_task_mapping
[2026-02-13T12:55:42.090+0100] {logging_mixin.py:190} INFO - [2026-02-13T12:55:42.090+0100] {override.py:1930} INFO - Created Permission View: can read on DAG:example_dynamic_task_mapping
[2026-02-13T12:55:42.100+0100] {logging_mixin.py:190} INFO - [2026-02-13T12:55:42.099+0100] {override.py:1930} INFO - Created Permission View: can delete on DAG:example_dynamic_task_mapping
[2026-02-13T12:55:42.116+0100] {logging_mixin.py:190} INFO - [2026-02-13T12:55:42.116+0100] {override.py:1930} INFO - Created Permission View: can create on DAG Run:example_dynamic_task_mapping
[2026-02-13T12:55:42.129+0100] {logging_mixin.py:190} INFO - [2026-02-13T12:55:42.128+0100] {override.py:1930} INFO - Created Permission View: can read on DAG Run:example_dynamic_task_mapping
[2026-02-13T12:55:42.140+0100] {logging_mixin.py:190} INFO - [2026-02-13T12:55:42.139+0100] {override.py:1930} INFO - Created Permission View: can delete on DAG Run:example_dynamic_task_mapping
[2026-02-13T12:55:42.153+0100] {logging_mixin.py:190} INFO - [2026-02-13T12:55:42.152+0100] {override.py:1930} INFO - Created Permission View: menu access on DAG Run:example_dynamic_task_mapping
[2026-02-13T12:55:42.154+0100] {logging_mixin.py:190} INFO - [2026-02-13T12:55:42.153+0100] {dag.py:3239} INFO - Sync 1 DAGs
[2026-02-13T12:55:42.171+0100] {logging_mixin.py:190} INFO - [2026-02-13T12:55:42.170+0100] {dag.py:3262} INFO - Creating ORM DAG for example_dynamic_task_mapping
[2026-02-13T12:55:42.171+0100] {logging_mixin.py:190} INFO - [2026-02-13T12:55:42.171+0100] {dag.py:4180} INFO - Setting next_dagrun for example_dynamic_task_mapping to None, run_after=None
[2026-02-13T12:55:42.196+0100] {processor.py:208} INFO - Processing /home/gianotti/Documents/CryptoETL/.venv/lib/python3.12/site-packages/airflow/example_dags/example_dynamic_task_mapping.py took 0.248 seconds
[2026-02-13T12:56:47.357+0100] {processor.py:186} INFO - Started process (PID=35103) to work on /home/gianotti/Documents/CryptoETL/.venv/lib/python3.12/site-packages/airflow/example_dags/example_dynamic_task_mapping.py
[2026-02-13T12:56:47.359+0100] {processor.py:914} INFO - Processing file /home/gianotti/Documents/CryptoETL/.venv/lib/python3.12/site-packages/airflow/example_dags/example_dynamic_task_mapping.py for tasks to queue
[2026-02-13T12:56:47.362+0100] {logging_mixin.py:190} INFO - [2026-02-13T12:56:47.362+0100] {dagbag.py:588} INFO - Filling up the DagBag from /home/gianotti/Documents/CryptoETL/.venv/lib/python3.12/site-packages/airflow/example_dags/example_dynamic_task_mapping.py
[2026-02-13T12:56:47.377+0100] {processor.py:925} INFO - DAG(s) 'example_dynamic_task_mapping' retrieved from /home/gianotti/Documents/CryptoETL/.venv/lib/python3.12/site-packages/airflow/example_dags/example_dynamic_task_mapping.py
[2026-02-13T12:56:47.399+0100] {logging_mixin.py:190} INFO - [2026-02-13T12:56:47.399+0100] {dag.py:3239} INFO - Sync 1 DAGs
[2026-02-13T12:56:47.413+0100] {logging_mixin.py:190} INFO - [2026-02-13T12:56:47.413+0100] {dag.py:4180} INFO - Setting next_dagrun for example_dynamic_task_mapping to None, run_after=None
[2026-02-13T12:56:47.431+0100] {processor.py:208} INFO - Processing /home/gianotti/Documents/CryptoETL/.venv/lib/python3.12/site-packages/airflow/example_dags/example_dynamic_task_mapping.py took 0.086 seconds
[2026-02-13T12:57:44.696+0100] {processor.py:186} INFO - Started process (PID=35213) to work on /home/gianotti/Documents/CryptoETL/.venv/lib/python3.12/site-packages/airflow/example_dags/example_dynamic_task_mapping.py
[2026-02-13T12:57:44.699+0100] {processor.py:914} INFO - Processing file /home/gianotti/Documents/CryptoETL/.venv/lib/python3.12/site-packages/airflow/example_dags/example_dynamic_task_mapping.py for tasks to queue
[2026-02-13T12:57:44.703+0100] {logging_mixin.py:190} INFO - [2026-02-13T12:57:44.702+0100] {dagbag.py:588} INFO - Filling up the DagBag from /home/gianotti/Documents/CryptoETL/.venv/lib/python3.12/site-packages/airflow/example_dags/example_dynamic_task_mapping.py
[2026-02-13T12:57:44.719+0100] {processor.py:925} INFO - DAG(s) 'example_dynamic_task_mapping' retrieved from /home/gianotti/Documents/CryptoETL/.venv/lib/python3.12/site-packages/airflow/example_dags/example_dynamic_task_mapping.py
[2026-02-13T12:57:44.745+0100] {logging_mixin.py:190} INFO - [2026-02-13T12:57:44.744+0100] {dag.py:3239} INFO - Sync 1 DAGs
[2026-02-13T12:57:44.767+0100] {logging_mixin.py:190} INFO - [2026-02-13T12:57:44.766+0100] {dag.py:4180} INFO - Setting next_dagrun for example_dynamic_task_mapping to None, run_after=None
[2026-02-13T12:57:44.794+0100] {processor.py:208} INFO - Processing /home/gianotti/Documents/CryptoETL/.venv/lib/python3.12/site-packages/airflow/example_dags/example_dynamic_task_mapping.py took 0.107 seconds
[2026-02-13T12:58:42.546+0100] {processor.py:186} INFO - Started process (PID=35351) to work on /home/gianotti/Documents/CryptoETL/.venv/lib/python3.12/site-packages/airflow/example_dags/example_dynamic_task_mapping.py
[2026-02-13T12:58:42.549+0100] {processor.py:914} INFO - Processing file /home/gianotti/Documents/CryptoETL/.venv/lib/python3.12/site-packages/airflow/example_dags/example_dynamic_task_mapping.py for tasks to queue
[2026-02-13T12:58:42.553+0100] {logging_mixin.py:190} INFO - [2026-02-13T12:58:42.552+0100] {dagbag.py:588} INFO - Filling up the DagBag from /home/gianotti/Documents/CryptoETL/.venv/lib/python3.12/site-packages/airflow/example_dags/example_dynamic_task_mapping.py
[2026-02-13T12:58:42.566+0100] {processor.py:925} INFO - DAG(s) 'example_dynamic_task_mapping' retrieved from /home/gianotti/Documents/CryptoETL/.venv/lib/python3.12/site-packages/airflow/example_dags/example_dynamic_task_mapping.py
[2026-02-13T12:58:42.586+0100] {logging_mixin.py:190} INFO - [2026-02-13T12:58:42.586+0100] {dag.py:3239} INFO - Sync 1 DAGs
[2026-02-13T12:58:42.599+0100] {logging_mixin.py:190} INFO - [2026-02-13T12:58:42.599+0100] {dag.py:4180} INFO - Setting next_dagrun for example_dynamic_task_mapping to None, run_after=None
[2026-02-13T12:58:42.619+0100] {processor.py:208} INFO - Processing /home/gianotti/Documents/CryptoETL/.venv/lib/python3.12/site-packages/airflow/example_dags/example_dynamic_task_mapping.py took 0.081 seconds
[2026-02-13T12:59:38.410+0100] {processor.py:186} INFO - Started process (PID=35465) to work on /home/gianotti/Documents/CryptoETL/.venv/lib/python3.12/site-packages/airflow/example_dags/example_dynamic_task_mapping.py
[2026-02-13T12:59:38.413+0100] {processor.py:914} INFO - Processing file /home/gianotti/Documents/CryptoETL/.venv/lib/python3.12/site-packages/airflow/example_dags/example_dynamic_task_mapping.py for tasks to queue
[2026-02-13T12:59:38.416+0100] {logging_mixin.py:190} INFO - [2026-02-13T12:59:38.416+0100] {dagbag.py:588} INFO - Filling up the DagBag from /home/gianotti/Documents/CryptoETL/.venv/lib/python3.12/site-packages/airflow/example_dags/example_dynamic_task_mapping.py
[2026-02-13T12:59:38.431+0100] {processor.py:925} INFO - DAG(s) 'example_dynamic_task_mapping' retrieved from /home/gianotti/Documents/CryptoETL/.venv/lib/python3.12/site-packages/airflow/example_dags/example_dynamic_task_mapping.py
[2026-02-13T12:59:38.456+0100] {logging_mixin.py:190} INFO - [2026-02-13T12:59:38.456+0100] {dag.py:3239} INFO - Sync 1 DAGs
[2026-02-13T12:59:38.471+0100] {logging_mixin.py:190} INFO - [2026-02-13T12:59:38.471+0100] {dag.py:4180} INFO - Setting next_dagrun for example_dynamic_task_mapping to None, run_after=None
[2026-02-13T12:59:38.490+0100] {processor.py:208} INFO - Processing /home/gianotti/Documents/CryptoETL/.venv/lib/python3.12/site-packages/airflow/example_dags/example_dynamic_task_mapping.py took 0.090 seconds
[2026-02-13T13:00:36.564+0100] {processor.py:186} INFO - Started process (PID=35572) to work on /home/gianotti/Documents/CryptoETL/.venv/lib/python3.12/site-packages/airflow/example_dags/example_dynamic_task_mapping.py
[2026-02-13T13:00:36.567+0100] {processor.py:914} INFO - Processing file /home/gianotti/Documents/CryptoETL/.venv/lib/python3.12/site-packages/airflow/example_dags/example_dynamic_task_mapping.py for tasks to queue
[2026-02-13T13:00:36.569+0100] {logging_mixin.py:190} INFO - [2026-02-13T13:00:36.569+0100] {dagbag.py:588} INFO - Filling up the DagBag from /home/gianotti/Documents/CryptoETL/.venv/lib/python3.12/site-packages/airflow/example_dags/example_dynamic_task_mapping.py
[2026-02-13T13:00:36.586+0100] {processor.py:925} INFO - DAG(s) 'example_dynamic_task_mapping' retrieved from /home/gianotti/Documents/CryptoETL/.venv/lib/python3.12/site-packages/airflow/example_dags/example_dynamic_task_mapping.py
[2026-02-13T13:00:36.611+0100] {logging_mixin.py:190} INFO - [2026-02-13T13:00:36.610+0100] {dag.py:3239} INFO - Sync 1 DAGs
[2026-02-13T13:00:36.627+0100] {logging_mixin.py:190} INFO - [2026-02-13T13:00:36.626+0100] {dag.py:4180} INFO - Setting next_dagrun for example_dynamic_task_mapping to None, run_after=None
[2026-02-13T13:00:36.646+0100] {processor.py:208} INFO - Processing /home/gianotti/Documents/CryptoETL/.venv/lib/python3.12/site-packages/airflow/example_dags/example_dynamic_task_mapping.py took 0.092 seconds
[2026-02-13T13:01:36.611+0100] {processor.py:186} INFO - Started process (PID=35695) to work on /home/gianotti/Documents/CryptoETL/.venv/lib/python3.12/site-packages/airflow/example_dags/example_dynamic_task_mapping.py
[2026-02-13T13:01:36.614+0100] {processor.py:914} INFO - Processing file /home/gianotti/Documents/CryptoETL/.venv/lib/python3.12/site-packages/airflow/example_dags/example_dynamic_task_mapping.py for tasks to queue
[2026-02-13T13:01:36.616+0100] {logging_mixin.py:190} INFO - [2026-02-13T13:01:36.616+0100] {dagbag.py:588} INFO - Filling up the DagBag from /home/gianotti/Documents/CryptoETL/.venv/lib/python3.12/site-packages/airflow/example_dags/example_dynamic_task_mapping.py
[2026-02-13T13:01:36.634+0100] {processor.py:925} INFO - DAG(s) 'example_dynamic_task_mapping' retrieved from /home/gianotti/Documents/CryptoETL/.venv/lib/python3.12/site-packages/airflow/example_dags/example_dynamic_task_mapping.py
[2026-02-13T13:01:36.658+0100] {logging_mixin.py:190} INFO - [2026-02-13T13:01:36.657+0100] {dag.py:3239} INFO - Sync 1 DAGs
[2026-02-13T13:01:36.680+0100] {logging_mixin.py:190} INFO - [2026-02-13T13:01:36.679+0100] {dag.py:4180} INFO - Setting next_dagrun for example_dynamic_task_mapping to None, run_after=None
[2026-02-13T13:01:36.717+0100] {processor.py:208} INFO - Processing /home/gianotti/Documents/CryptoETL/.venv/lib/python3.12/site-packages/airflow/example_dags/example_dynamic_task_mapping.py took 0.115 seconds
[2026-02-13T13:02:35.006+0100] {processor.py:186} INFO - Started process (PID=35823) to work on /home/gianotti/Documents/CryptoETL/.venv/lib/python3.12/site-packages/airflow/example_dags/example_dynamic_task_mapping.py
[2026-02-13T13:02:35.009+0100] {processor.py:914} INFO - Processing file /home/gianotti/Documents/CryptoETL/.venv/lib/python3.12/site-packages/airflow/example_dags/example_dynamic_task_mapping.py for tasks to queue
[2026-02-13T13:02:35.011+0100] {logging_mixin.py:190} INFO - [2026-02-13T13:02:35.010+0100] {dagbag.py:588} INFO - Filling up the DagBag from /home/gianotti/Documents/CryptoETL/.venv/lib/python3.12/site-packages/airflow/example_dags/example_dynamic_task_mapping.py
[2026-02-13T13:02:35.027+0100] {processor.py:925} INFO - DAG(s) 'example_dynamic_task_mapping' retrieved from /home/gianotti/Documents/CryptoETL/.venv/lib/python3.12/site-packages/airflow/example_dags/example_dynamic_task_mapping.py
[2026-02-13T13:02:35.047+0100] {logging_mixin.py:190} INFO - [2026-02-13T13:02:35.047+0100] {dag.py:3239} INFO - Sync 1 DAGs
[2026-02-13T13:02:35.058+0100] {logging_mixin.py:190} INFO - [2026-02-13T13:02:35.058+0100] {dag.py:4180} INFO - Setting next_dagrun for example_dynamic_task_mapping to None, run_after=None
[2026-02-13T13:02:35.076+0100] {processor.py:208} INFO - Processing /home/gianotti/Documents/CryptoETL/.venv/lib/python3.12/site-packages/airflow/example_dags/example_dynamic_task_mapping.py took 0.080 seconds
[2026-02-13T13:03:31.227+0100] {processor.py:186} INFO - Started process (PID=35939) to work on /home/gianotti/Documents/CryptoETL/.venv/lib/python3.12/site-packages/airflow/example_dags/example_dynamic_task_mapping.py
[2026-02-13T13:03:31.232+0100] {processor.py:914} INFO - Processing file /home/gianotti/Documents/CryptoETL/.venv/lib/python3.12/site-packages/airflow/example_dags/example_dynamic_task_mapping.py for tasks to queue
[2026-02-13T13:03:31.234+0100] {logging_mixin.py:190} INFO - [2026-02-13T13:03:31.234+0100] {dagbag.py:588} INFO - Filling up the DagBag from /home/gianotti/Documents/CryptoETL/.venv/lib/python3.12/site-packages/airflow/example_dags/example_dynamic_task_mapping.py
[2026-02-13T13:03:31.250+0100] {processor.py:925} INFO - DAG(s) 'example_dynamic_task_mapping' retrieved from /home/gianotti/Documents/CryptoETL/.venv/lib/python3.12/site-packages/airflow/example_dags/example_dynamic_task_mapping.py
[2026-02-13T13:03:31.269+0100] {logging_mixin.py:190} INFO - [2026-02-13T13:03:31.269+0100] {dag.py:3239} INFO - Sync 1 DAGs
[2026-02-13T13:03:31.280+0100] {logging_mixin.py:190} INFO - [2026-02-13T13:03:31.280+0100] {dag.py:4180} INFO - Setting next_dagrun for example_dynamic_task_mapping to None, run_after=None
[2026-02-13T13:03:31.302+0100] {processor.py:208} INFO - Processing /home/gianotti/Documents/CryptoETL/.venv/lib/python3.12/site-packages/airflow/example_dags/example_dynamic_task_mapping.py took 0.084 seconds
[2026-02-13T13:04:32.175+0100] {processor.py:186} INFO - Started process (PID=36076) to work on /home/gianotti/Documents/CryptoETL/.venv/lib/python3.12/site-packages/airflow/example_dags/example_dynamic_task_mapping.py
[2026-02-13T13:04:32.178+0100] {processor.py:914} INFO - Processing file /home/gianotti/Documents/CryptoETL/.venv/lib/python3.12/site-packages/airflow/example_dags/example_dynamic_task_mapping.py for tasks to queue
[2026-02-13T13:04:32.180+0100] {logging_mixin.py:190} INFO - [2026-02-13T13:04:32.179+0100] {dagbag.py:588} INFO - Filling up the DagBag from /home/gianotti/Documents/CryptoETL/.venv/lib/python3.12/site-packages/airflow/example_dags/example_dynamic_task_mapping.py
[2026-02-13T13:04:32.198+0100] {processor.py:925} INFO - DAG(s) 'example_dynamic_task_mapping' retrieved from /home/gianotti/Documents/CryptoETL/.venv/lib/python3.12/site-packages/airflow/example_dags/example_dynamic_task_mapping.py
[2026-02-13T13:04:32.226+0100] {logging_mixin.py:190} INFO - [2026-02-13T13:04:32.226+0100] {dag.py:3239} INFO - Sync 1 DAGs
[2026-02-13T13:04:32.251+0100] {logging_mixin.py:190} INFO - [2026-02-13T13:04:32.250+0100] {dag.py:4180} INFO - Setting next_dagrun for example_dynamic_task_mapping to None, run_after=None
[2026-02-13T13:04:32.284+0100] {processor.py:208} INFO - Processing /home/gianotti/Documents/CryptoETL/.venv/lib/python3.12/site-packages/airflow/example_dags/example_dynamic_task_mapping.py took 0.118 seconds
[2026-02-13T13:05:36.015+0100] {processor.py:186} INFO - Started process (PID=36182) to work on /home/gianotti/Documents/CryptoETL/.venv/lib/python3.12/site-packages/airflow/example_dags/example_dynamic_task_mapping.py
[2026-02-13T13:05:36.017+0100] {processor.py:914} INFO - Processing file /home/gianotti/Documents/CryptoETL/.venv/lib/python3.12/site-packages/airflow/example_dags/example_dynamic_task_mapping.py for tasks to queue
[2026-02-13T13:05:36.019+0100] {logging_mixin.py:190} INFO - [2026-02-13T13:05:36.018+0100] {dagbag.py:588} INFO - Filling up the DagBag from /home/gianotti/Documents/CryptoETL/.venv/lib/python3.12/site-packages/airflow/example_dags/example_dynamic_task_mapping.py
[2026-02-13T13:05:36.033+0100] {processor.py:925} INFO - DAG(s) 'example_dynamic_task_mapping' retrieved from /home/gianotti/Documents/CryptoETL/.venv/lib/python3.12/site-packages/airflow/example_dags/example_dynamic_task_mapping.py
[2026-02-13T13:05:36.056+0100] {logging_mixin.py:190} INFO - [2026-02-13T13:05:36.055+0100] {dag.py:3239} INFO - Sync 1 DAGs
[2026-02-13T13:05:36.076+0100] {logging_mixin.py:190} INFO - [2026-02-13T13:05:36.076+0100] {dag.py:4180} INFO - Setting next_dagrun for example_dynamic_task_mapping to None, run_after=None
[2026-02-13T13:05:36.107+0100] {processor.py:208} INFO - Processing /home/gianotti/Documents/CryptoETL/.venv/lib/python3.12/site-packages/airflow/example_dags/example_dynamic_task_mapping.py took 0.100 seconds
[2026-02-13T13:06:43.064+0100] {processor.py:186} INFO - Started process (PID=36288) to work on /home/gianotti/Documents/CryptoETL/.venv/lib/python3.12/site-packages/airflow/example_dags/example_dynamic_task_mapping.py
[2026-02-13T13:06:43.065+0100] {processor.py:914} INFO - Processing file /home/gianotti/Documents/CryptoETL/.venv/lib/python3.12/site-packages/airflow/example_dags/example_dynamic_task_mapping.py for tasks to queue
[2026-02-13T13:06:43.067+0100] {logging_mixin.py:190} INFO - [2026-02-13T13:06:43.066+0100] {dagbag.py:588} INFO - Filling up the DagBag from /home/gianotti/Documents/CryptoETL/.venv/lib/python3.12/site-packages/airflow/example_dags/example_dynamic_task_mapping.py
[2026-02-13T13:06:43.084+0100] {processor.py:925} INFO - DAG(s) 'example_dynamic_task_mapping' retrieved from /home/gianotti/Documents/CryptoETL/.venv/lib/python3.12/site-packages/airflow/example_dags/example_dynamic_task_mapping.py
[2026-02-13T13:06:43.110+0100] {logging_mixin.py:190} INFO - [2026-02-13T13:06:43.109+0100] {dag.py:3239} INFO - Sync 1 DAGs
[2026-02-13T13:06:43.131+0100] {logging_mixin.py:190} INFO - [2026-02-13T13:06:43.130+0100] {dag.py:4180} INFO - Setting next_dagrun for example_dynamic_task_mapping to None, run_after=None
[2026-02-13T13:06:43.163+0100] {processor.py:208} INFO - Processing /home/gianotti/Documents/CryptoETL/.venv/lib/python3.12/site-packages/airflow/example_dags/example_dynamic_task_mapping.py took 0.110 seconds
[2026-02-13T13:07:51.700+0100] {processor.py:186} INFO - Started process (PID=36385) to work on /home/gianotti/Documents/CryptoETL/.venv/lib/python3.12/site-packages/airflow/example_dags/example_dynamic_task_mapping.py
[2026-02-13T13:07:51.703+0100] {processor.py:914} INFO - Processing file /home/gianotti/Documents/CryptoETL/.venv/lib/python3.12/site-packages/airflow/example_dags/example_dynamic_task_mapping.py for tasks to queue
[2026-02-13T13:07:51.705+0100] {logging_mixin.py:190} INFO - [2026-02-13T13:07:51.705+0100] {dagbag.py:588} INFO - Filling up the DagBag from /home/gianotti/Documents/CryptoETL/.venv/lib/python3.12/site-packages/airflow/example_dags/example_dynamic_task_mapping.py
[2026-02-13T13:07:51.722+0100] {processor.py:925} INFO - DAG(s) 'example_dynamic_task_mapping' retrieved from /home/gianotti/Documents/CryptoETL/.venv/lib/python3.12/site-packages/airflow/example_dags/example_dynamic_task_mapping.py
[2026-02-13T13:07:51.746+0100] {logging_mixin.py:190} INFO - [2026-02-13T13:07:51.745+0100] {dag.py:3239} INFO - Sync 1 DAGs
[2026-02-13T13:07:51.765+0100] {logging_mixin.py:190} INFO - [2026-02-13T13:07:51.765+0100] {dag.py:4180} INFO - Setting next_dagrun for example_dynamic_task_mapping to None, run_after=None
[2026-02-13T13:07:51.796+0100] {processor.py:208} INFO - Processing /home/gianotti/Documents/CryptoETL/.venv/lib/python3.12/site-packages/airflow/example_dags/example_dynamic_task_mapping.py took 0.106 seconds
[2026-02-13T13:08:57.563+0100] {processor.py:186} INFO - Started process (PID=36500) to work on /home/gianotti/Documents/CryptoETL/.venv/lib/python3.12/site-packages/airflow/example_dags/example_dynamic_task_mapping.py
[2026-02-13T13:08:57.566+0100] {processor.py:914} INFO - Processing file /home/gianotti/Documents/CryptoETL/.venv/lib/python3.12/site-packages/airflow/example_dags/example_dynamic_task_mapping.py for tasks to queue
[2026-02-13T13:08:57.568+0100] {logging_mixin.py:190} INFO - [2026-02-13T13:08:57.567+0100] {dagbag.py:588} INFO - Filling up the DagBag from /home/gianotti/Documents/CryptoETL/.venv/lib/python3.12/site-packages/airflow/example_dags/example_dynamic_task_mapping.py
[2026-02-13T13:08:57.583+0100] {processor.py:925} INFO - DAG(s) 'example_dynamic_task_mapping' retrieved from /home/gianotti/Documents/CryptoETL/.venv/lib/python3.12/site-packages/airflow/example_dags/example_dynamic_task_mapping.py
[2026-02-13T13:08:57.609+0100] {logging_mixin.py:190} INFO - [2026-02-13T13:08:57.608+0100] {dag.py:3239} INFO - Sync 1 DAGs
[2026-02-13T13:08:57.628+0100] {logging_mixin.py:190} INFO - [2026-02-13T13:08:57.628+0100] {dag.py:4180} INFO - Setting next_dagrun for example_dynamic_task_mapping to None, run_after=None
[2026-02-13T13:08:57.659+0100] {processor.py:208} INFO - Processing /home/gianotti/Documents/CryptoETL/.venv/lib/python3.12/site-packages/airflow/example_dags/example_dynamic_task_mapping.py took 0.106 seconds
[2026-02-13T13:10:07.505+0100] {processor.py:186} INFO - Started process (PID=36626) to work on /home/gianotti/Documents/CryptoETL/.venv/lib/python3.12/site-packages/airflow/example_dags/example_dynamic_task_mapping.py
[2026-02-13T13:10:07.508+0100] {processor.py:914} INFO - Processing file /home/gianotti/Documents/CryptoETL/.venv/lib/python3.12/site-packages/airflow/example_dags/example_dynamic_task_mapping.py for tasks to queue
[2026-02-13T13:10:07.510+0100] {logging_mixin.py:190} INFO - [2026-02-13T13:10:07.509+0100] {dagbag.py:588} INFO - Filling up the DagBag from /home/gianotti/Documents/CryptoETL/.venv/lib/python3.12/site-packages/airflow/example_dags/example_dynamic_task_mapping.py
[2026-02-13T13:10:07.525+0100] {processor.py:925} INFO - DAG(s) 'example_dynamic_task_mapping' retrieved from /home/gianotti/Documents/CryptoETL/.venv/lib/python3.12/site-packages/airflow/example_dags/example_dynamic_task_mapping.py
[2026-02-13T13:10:07.549+0100] {logging_mixin.py:190} INFO - [2026-02-13T13:10:07.548+0100] {dag.py:3239} INFO - Sync 1 DAGs
[2026-02-13T13:10:07.568+0100] {logging_mixin.py:190} INFO - [2026-02-13T13:10:07.568+0100] {dag.py:4180} INFO - Setting next_dagrun for example_dynamic_task_mapping to None, run_after=None
[2026-02-13T13:10:07.600+0100] {processor.py:208} INFO - Processing /home/gianotti/Documents/CryptoETL/.venv/lib/python3.12/site-packages/airflow/example_dags/example_dynamic_task_mapping.py took 0.105 seconds
[2026-02-13T13:11:12.378+0100] {processor.py:186} INFO - Started process (PID=36745) to work on /home/gianotti/Documents/CryptoETL/.venv/lib/python3.12/site-packages/airflow/example_dags/example_dynamic_task_mapping.py
[2026-02-13T13:11:12.379+0100] {processor.py:914} INFO - Processing file /home/gianotti/Documents/CryptoETL/.venv/lib/python3.12/site-packages/airflow/example_dags/example_dynamic_task_mapping.py for tasks to queue
[2026-02-13T13:11:12.382+0100] {logging_mixin.py:190} INFO - [2026-02-13T13:11:12.381+0100] {dagbag.py:588} INFO - Filling up the DagBag from /home/gianotti/Documents/CryptoETL/.venv/lib/python3.12/site-packages/airflow/example_dags/example_dynamic_task_mapping.py
[2026-02-13T13:11:12.399+0100] {processor.py:925} INFO - DAG(s) 'example_dynamic_task_mapping' retrieved from /home/gianotti/Documents/CryptoETL/.venv/lib/python3.12/site-packages/airflow/example_dags/example_dynamic_task_mapping.py
[2026-02-13T13:11:12.427+0100] {logging_mixin.py:190} INFO - [2026-02-13T13:11:12.426+0100] {dag.py:3239} INFO - Sync 1 DAGs
[2026-02-13T13:11:12.450+0100] {logging_mixin.py:190} INFO - [2026-02-13T13:11:12.450+0100] {dag.py:4180} INFO - Setting next_dagrun for example_dynamic_task_mapping to None, run_after=None
[2026-02-13T13:11:12.488+0100] {processor.py:208} INFO - Processing /home/gianotti/Documents/CryptoETL/.venv/lib/python3.12/site-packages/airflow/example_dags/example_dynamic_task_mapping.py took 0.121 seconds
[2026-02-13T13:12:20.370+0100] {processor.py:186} INFO - Started process (PID=36866) to work on /home/gianotti/Documents/CryptoETL/.venv/lib/python3.12/site-packages/airflow/example_dags/example_dynamic_task_mapping.py
[2026-02-13T13:12:20.372+0100] {processor.py:914} INFO - Processing file /home/gianotti/Documents/CryptoETL/.venv/lib/python3.12/site-packages/airflow/example_dags/example_dynamic_task_mapping.py for tasks to queue
[2026-02-13T13:12:20.375+0100] {logging_mixin.py:190} INFO - [2026-02-13T13:12:20.374+0100] {dagbag.py:588} INFO - Filling up the DagBag from /home/gianotti/Documents/CryptoETL/.venv/lib/python3.12/site-packages/airflow/example_dags/example_dynamic_task_mapping.py
[2026-02-13T13:12:20.391+0100] {processor.py:925} INFO - DAG(s) 'example_dynamic_task_mapping' retrieved from /home/gianotti/Documents/CryptoETL/.venv/lib/python3.12/site-packages/airflow/example_dags/example_dynamic_task_mapping.py
[2026-02-13T13:12:20.414+0100] {logging_mixin.py:190} INFO - [2026-02-13T13:12:20.414+0100] {dag.py:3239} INFO - Sync 1 DAGs
[2026-02-13T13:12:20.436+0100] {logging_mixin.py:190} INFO - [2026-02-13T13:12:20.436+0100] {dag.py:4180} INFO - Setting next_dagrun for example_dynamic_task_mapping to None, run_after=None
[2026-02-13T13:12:20.466+0100] {processor.py:208} INFO - Processing /home/gianotti/Documents/CryptoETL/.venv/lib/python3.12/site-packages/airflow/example_dags/example_dynamic_task_mapping.py took 0.106 seconds
[2026-02-13T13:13:22.849+0100] {processor.py:186} INFO - Started process (PID=36991) to work on /home/gianotti/Documents/CryptoETL/.venv/lib/python3.12/site-packages/airflow/example_dags/example_dynamic_task_mapping.py
[2026-02-13T13:13:22.852+0100] {processor.py:914} INFO - Processing file /home/gianotti/Documents/CryptoETL/.venv/lib/python3.12/site-packages/airflow/example_dags/example_dynamic_task_mapping.py for tasks to queue
[2026-02-13T13:13:22.854+0100] {logging_mixin.py:190} INFO - [2026-02-13T13:13:22.853+0100] {dagbag.py:588} INFO - Filling up the DagBag from /home/gianotti/Documents/CryptoETL/.venv/lib/python3.12/site-packages/airflow/example_dags/example_dynamic_task_mapping.py
[2026-02-13T13:13:22.870+0100] {processor.py:925} INFO - DAG(s) 'example_dynamic_task_mapping' retrieved from /home/gianotti/Documents/CryptoETL/.venv/lib/python3.12/site-packages/airflow/example_dags/example_dynamic_task_mapping.py
[2026-02-13T13:13:22.895+0100] {logging_mixin.py:190} INFO - [2026-02-13T13:13:22.894+0100] {dag.py:3239} INFO - Sync 1 DAGs
[2026-02-13T13:13:22.916+0100] {logging_mixin.py:190} INFO - [2026-02-13T13:13:22.916+0100] {dag.py:4180} INFO - Setting next_dagrun for example_dynamic_task_mapping to None, run_after=None
[2026-02-13T13:13:22.954+0100] {processor.py:208} INFO - Processing /home/gianotti/Documents/CryptoETL/.venv/lib/python3.12/site-packages/airflow/example_dags/example_dynamic_task_mapping.py took 0.113 seconds
[2026-02-13T13:14:27.643+0100] {processor.py:186} INFO - Started process (PID=37148) to work on /home/gianotti/Documents/CryptoETL/.venv/lib/python3.12/site-packages/airflow/example_dags/example_dynamic_task_mapping.py
[2026-02-13T13:14:27.646+0100] {processor.py:914} INFO - Processing file /home/gianotti/Documents/CryptoETL/.venv/lib/python3.12/site-packages/airflow/example_dags/example_dynamic_task_mapping.py for tasks to queue
[2026-02-13T13:14:27.648+0100] {logging_mixin.py:190} INFO - [2026-02-13T13:14:27.648+0100] {dagbag.py:588} INFO - Filling up the DagBag from /home/gianotti/Documents/CryptoETL/.venv/lib/python3.12/site-packages/airflow/example_dags/example_dynamic_task_mapping.py
[2026-02-13T13:14:27.665+0100] {processor.py:925} INFO - DAG(s) 'example_dynamic_task_mapping' retrieved from /home/gianotti/Documents/CryptoETL/.venv/lib/python3.12/site-packages/airflow/example_dags/example_dynamic_task_mapping.py
[2026-02-13T13:14:27.689+0100] {logging_mixin.py:190} INFO - [2026-02-13T13:14:27.688+0100] {dag.py:3239} INFO - Sync 1 DAGs
[2026-02-13T13:14:27.709+0100] {logging_mixin.py:190} INFO - [2026-02-13T13:14:27.708+0100] {dag.py:4180} INFO - Setting next_dagrun for example_dynamic_task_mapping to None, run_after=None
[2026-02-13T13:14:27.740+0100] {processor.py:208} INFO - Processing /home/gianotti/Documents/CryptoETL/.venv/lib/python3.12/site-packages/airflow/example_dags/example_dynamic_task_mapping.py took 0.105 seconds
[2026-02-13T13:15:34.274+0100] {processor.py:186} INFO - Started process (PID=37263) to work on /home/gianotti/Documents/CryptoETL/.venv/lib/python3.12/site-packages/airflow/example_dags/example_dynamic_task_mapping.py
[2026-02-13T13:15:34.277+0100] {processor.py:914} INFO - Processing file /home/gianotti/Documents/CryptoETL/.venv/lib/python3.12/site-packages/airflow/example_dags/example_dynamic_task_mapping.py for tasks to queue
[2026-02-13T13:15:34.279+0100] {logging_mixin.py:190} INFO - [2026-02-13T13:15:34.279+0100] {dagbag.py:588} INFO - Filling up the DagBag from /home/gianotti/Documents/CryptoETL/.venv/lib/python3.12/site-packages/airflow/example_dags/example_dynamic_task_mapping.py
[2026-02-13T13:15:34.296+0100] {processor.py:925} INFO - DAG(s) 'example_dynamic_task_mapping' retrieved from /home/gianotti/Documents/CryptoETL/.venv/lib/python3.12/site-packages/airflow/example_dags/example_dynamic_task_mapping.py
[2026-02-13T13:15:34.321+0100] {logging_mixin.py:190} INFO - [2026-02-13T13:15:34.320+0100] {dag.py:3239} INFO - Sync 1 DAGs
[2026-02-13T13:15:34.343+0100] {logging_mixin.py:190} INFO - [2026-02-13T13:15:34.342+0100] {dag.py:4180} INFO - Setting next_dagrun for example_dynamic_task_mapping to None, run_after=None
[2026-02-13T13:15:34.374+0100] {processor.py:208} INFO - Processing /home/gianotti/Documents/CryptoETL/.venv/lib/python3.12/site-packages/airflow/example_dags/example_dynamic_task_mapping.py took 0.110 seconds
[2026-02-13T13:16:39.961+0100] {processor.py:186} INFO - Started process (PID=37452) to work on /home/gianotti/Documents/CryptoETL/.venv/lib/python3.12/site-packages/airflow/example_dags/example_dynamic_task_mapping.py
[2026-02-13T13:16:39.964+0100] {processor.py:914} INFO - Processing file /home/gianotti/Documents/CryptoETL/.venv/lib/python3.12/site-packages/airflow/example_dags/example_dynamic_task_mapping.py for tasks to queue
[2026-02-13T13:16:39.965+0100] {logging_mixin.py:190} INFO - [2026-02-13T13:16:39.965+0100] {dagbag.py:588} INFO - Filling up the DagBag from /home/gianotti/Documents/CryptoETL/.venv/lib/python3.12/site-packages/airflow/example_dags/example_dynamic_task_mapping.py
[2026-02-13T13:16:39.982+0100] {processor.py:925} INFO - DAG(s) 'example_dynamic_task_mapping' retrieved from /home/gianotti/Documents/CryptoETL/.venv/lib/python3.12/site-packages/airflow/example_dags/example_dynamic_task_mapping.py
[2026-02-13T13:16:40.007+0100] {logging_mixin.py:190} INFO - [2026-02-13T13:16:40.006+0100] {dag.py:3239} INFO - Sync 1 DAGs
[2026-02-13T13:16:40.025+0100] {logging_mixin.py:190} INFO - [2026-02-13T13:16:40.025+0100] {dag.py:4180} INFO - Setting next_dagrun for example_dynamic_task_mapping to None, run_after=None
[2026-02-13T13:16:40.055+0100] {processor.py:208} INFO - Processing /home/gianotti/Documents/CryptoETL/.venv/lib/python3.12/site-packages/airflow/example_dags/example_dynamic_task_mapping.py took 0.106 seconds
[2026-02-13T13:17:44.766+0100] {processor.py:186} INFO - Started process (PID=37548) to work on /home/gianotti/Documents/CryptoETL/.venv/lib/python3.12/site-packages/airflow/example_dags/example_dynamic_task_mapping.py
[2026-02-13T13:17:44.768+0100] {processor.py:914} INFO - Processing file /home/gianotti/Documents/CryptoETL/.venv/lib/python3.12/site-packages/airflow/example_dags/example_dynamic_task_mapping.py for tasks to queue
[2026-02-13T13:17:44.770+0100] {logging_mixin.py:190} INFO - [2026-02-13T13:17:44.770+0100] {dagbag.py:588} INFO - Filling up the DagBag from /home/gianotti/Documents/CryptoETL/.venv/lib/python3.12/site-packages/airflow/example_dags/example_dynamic_task_mapping.py
[2026-02-13T13:17:44.787+0100] {processor.py:925} INFO - DAG(s) 'example_dynamic_task_mapping' retrieved from /home/gianotti/Documents/CryptoETL/.venv/lib/python3.12/site-packages/airflow/example_dags/example_dynamic_task_mapping.py
[2026-02-13T13:17:44.812+0100] {logging_mixin.py:190} INFO - [2026-02-13T13:17:44.812+0100] {dag.py:3239} INFO - Sync 1 DAGs
[2026-02-13T13:17:44.834+0100] {logging_mixin.py:190} INFO - [2026-02-13T13:17:44.833+0100] {dag.py:4180} INFO - Setting next_dagrun for example_dynamic_task_mapping to None, run_after=None
[2026-02-13T13:17:44.865+0100] {processor.py:208} INFO - Processing /home/gianotti/Documents/CryptoETL/.venv/lib/python3.12/site-packages/airflow/example_dags/example_dynamic_task_mapping.py took 0.109 seconds
[2026-02-13T13:18:52.132+0100] {processor.py:186} INFO - Started process (PID=37675) to work on /home/gianotti/Documents/CryptoETL/.venv/lib/python3.12/site-packages/airflow/example_dags/example_dynamic_task_mapping.py
[2026-02-13T13:18:52.135+0100] {processor.py:914} INFO - Processing file /home/gianotti/Documents/CryptoETL/.venv/lib/python3.12/site-packages/airflow/example_dags/example_dynamic_task_mapping.py for tasks to queue
[2026-02-13T13:18:52.137+0100] {logging_mixin.py:190} INFO - [2026-02-13T13:18:52.136+0100] {dagbag.py:588} INFO - Filling up the DagBag from /home/gianotti/Documents/CryptoETL/.venv/lib/python3.12/site-packages/airflow/example_dags/example_dynamic_task_mapping.py
[2026-02-13T13:18:52.153+0100] {processor.py:925} INFO - DAG(s) 'example_dynamic_task_mapping' retrieved from /home/gianotti/Documents/CryptoETL/.venv/lib/python3.12/site-packages/airflow/example_dags/example_dynamic_task_mapping.py
[2026-02-13T13:18:52.178+0100] {logging_mixin.py:190} INFO - [2026-02-13T13:18:52.177+0100] {dag.py:3239} INFO - Sync 1 DAGs
[2026-02-13T13:18:52.199+0100] {logging_mixin.py:190} INFO - [2026-02-13T13:18:52.199+0100] {dag.py:4180} INFO - Setting next_dagrun for example_dynamic_task_mapping to None, run_after=None
[2026-02-13T13:18:52.235+0100] {processor.py:208} INFO - Processing /home/gianotti/Documents/CryptoETL/.venv/lib/python3.12/site-packages/airflow/example_dags/example_dynamic_task_mapping.py took 0.115 seconds
[2026-02-13T13:19:56.600+0100] {processor.py:186} INFO - Started process (PID=37752) to work on /home/gianotti/Documents/CryptoETL/.venv/lib/python3.12/site-packages/airflow/example_dags/example_dynamic_task_mapping.py
[2026-02-13T13:19:56.603+0100] {processor.py:914} INFO - Processing file /home/gianotti/Documents/CryptoETL/.venv/lib/python3.12/site-packages/airflow/example_dags/example_dynamic_task_mapping.py for tasks to queue
[2026-02-13T13:19:56.605+0100] {logging_mixin.py:190} INFO - [2026-02-13T13:19:56.604+0100] {dagbag.py:588} INFO - Filling up the DagBag from /home/gianotti/Documents/CryptoETL/.venv/lib/python3.12/site-packages/airflow/example_dags/example_dynamic_task_mapping.py
[2026-02-13T13:19:56.621+0100] {processor.py:925} INFO - DAG(s) 'example_dynamic_task_mapping' retrieved from /home/gianotti/Documents/CryptoETL/.venv/lib/python3.12/site-packages/airflow/example_dags/example_dynamic_task_mapping.py
[2026-02-13T13:19:56.645+0100] {logging_mixin.py:190} INFO - [2026-02-13T13:19:56.645+0100] {dag.py:3239} INFO - Sync 1 DAGs
[2026-02-13T13:19:56.666+0100] {logging_mixin.py:190} INFO - [2026-02-13T13:19:56.665+0100] {dag.py:4180} INFO - Setting next_dagrun for example_dynamic_task_mapping to None, run_after=None
[2026-02-13T13:19:56.696+0100] {processor.py:208} INFO - Processing /home/gianotti/Documents/CryptoETL/.venv/lib/python3.12/site-packages/airflow/example_dags/example_dynamic_task_mapping.py took 0.105 seconds
[2026-02-13T13:21:02.985+0100] {processor.py:186} INFO - Started process (PID=37861) to work on /home/gianotti/Documents/CryptoETL/.venv/lib/python3.12/site-packages/airflow/example_dags/example_dynamic_task_mapping.py
[2026-02-13T13:21:02.988+0100] {processor.py:914} INFO - Processing file /home/gianotti/Documents/CryptoETL/.venv/lib/python3.12/site-packages/airflow/example_dags/example_dynamic_task_mapping.py for tasks to queue
[2026-02-13T13:21:02.990+0100] {logging_mixin.py:190} INFO - [2026-02-13T13:21:02.989+0100] {dagbag.py:588} INFO - Filling up the DagBag from /home/gianotti/Documents/CryptoETL/.venv/lib/python3.12/site-packages/airflow/example_dags/example_dynamic_task_mapping.py
[2026-02-13T13:21:03.007+0100] {processor.py:925} INFO - DAG(s) 'example_dynamic_task_mapping' retrieved from /home/gianotti/Documents/CryptoETL/.venv/lib/python3.12/site-packages/airflow/example_dags/example_dynamic_task_mapping.py
[2026-02-13T13:21:03.030+0100] {logging_mixin.py:190} INFO - [2026-02-13T13:21:03.029+0100] {dag.py:3239} INFO - Sync 1 DAGs
[2026-02-13T13:21:03.049+0100] {logging_mixin.py:190} INFO - [2026-02-13T13:21:03.049+0100] {dag.py:4180} INFO - Setting next_dagrun for example_dynamic_task_mapping to None, run_after=None
[2026-02-13T13:21:03.081+0100] {processor.py:208} INFO - Processing /home/gianotti/Documents/CryptoETL/.venv/lib/python3.12/site-packages/airflow/example_dags/example_dynamic_task_mapping.py took 0.105 seconds
