[2026-02-13T12:55:23.370+0100] {processor.py:186} INFO - Started process (PID=34951) to work on /home/gianotti/Documents/CryptoETL/.venv/lib/python3.12/site-packages/airflow/example_dags/example_short_circuit_operator.py
[2026-02-13T12:55:23.372+0100] {processor.py:914} INFO - Processing file /home/gianotti/Documents/CryptoETL/.venv/lib/python3.12/site-packages/airflow/example_dags/example_short_circuit_operator.py for tasks to queue
[2026-02-13T12:55:23.375+0100] {logging_mixin.py:190} INFO - [2026-02-13T12:55:23.375+0100] {dagbag.py:588} INFO - Filling up the DagBag from /home/gianotti/Documents/CryptoETL/.venv/lib/python3.12/site-packages/airflow/example_dags/example_short_circuit_operator.py
[2026-02-13T12:55:23.393+0100] {processor.py:925} INFO - DAG(s) 'example_short_circuit_operator' retrieved from /home/gianotti/Documents/CryptoETL/.venv/lib/python3.12/site-packages/airflow/example_dags/example_short_circuit_operator.py
[2026-02-13T12:55:23.548+0100] {logging_mixin.py:190} INFO - [2026-02-13T12:55:23.547+0100] {override.py:1930} INFO - Created Permission View: can edit on DAG:example_short_circuit_operator
[2026-02-13T12:55:23.559+0100] {logging_mixin.py:190} INFO - [2026-02-13T12:55:23.559+0100] {override.py:1930} INFO - Created Permission View: can read on DAG:example_short_circuit_operator
[2026-02-13T12:55:23.568+0100] {logging_mixin.py:190} INFO - [2026-02-13T12:55:23.567+0100] {override.py:1930} INFO - Created Permission View: can delete on DAG:example_short_circuit_operator
[2026-02-13T12:55:23.582+0100] {logging_mixin.py:190} INFO - [2026-02-13T12:55:23.581+0100] {override.py:1930} INFO - Created Permission View: can create on DAG Run:example_short_circuit_operator
[2026-02-13T12:55:23.593+0100] {logging_mixin.py:190} INFO - [2026-02-13T12:55:23.593+0100] {override.py:1930} INFO - Created Permission View: can read on DAG Run:example_short_circuit_operator
[2026-02-13T12:55:23.606+0100] {logging_mixin.py:190} INFO - [2026-02-13T12:55:23.606+0100] {override.py:1930} INFO - Created Permission View: can delete on DAG Run:example_short_circuit_operator
[2026-02-13T12:55:23.619+0100] {logging_mixin.py:190} INFO - [2026-02-13T12:55:23.619+0100] {override.py:1930} INFO - Created Permission View: menu access on DAG Run:example_short_circuit_operator
[2026-02-13T12:55:23.620+0100] {logging_mixin.py:190} INFO - [2026-02-13T12:55:23.620+0100] {dag.py:3239} INFO - Sync 1 DAGs
[2026-02-13T12:55:23.639+0100] {logging_mixin.py:190} INFO - [2026-02-13T12:55:23.639+0100] {dag.py:3262} INFO - Creating ORM DAG for example_short_circuit_operator
[2026-02-13T12:55:23.640+0100] {logging_mixin.py:190} INFO - [2026-02-13T12:55:23.640+0100] {dag.py:4180} INFO - Setting next_dagrun for example_short_circuit_operator to None, run_after=None
[2026-02-13T12:55:23.665+0100] {processor.py:208} INFO - Processing /home/gianotti/Documents/CryptoETL/.venv/lib/python3.12/site-packages/airflow/example_dags/example_short_circuit_operator.py took 0.304 seconds
[2026-02-13T12:56:28.127+0100] {processor.py:186} INFO - Started process (PID=35073) to work on /home/gianotti/Documents/CryptoETL/.venv/lib/python3.12/site-packages/airflow/example_dags/example_short_circuit_operator.py
[2026-02-13T12:56:28.128+0100] {processor.py:914} INFO - Processing file /home/gianotti/Documents/CryptoETL/.venv/lib/python3.12/site-packages/airflow/example_dags/example_short_circuit_operator.py for tasks to queue
[2026-02-13T12:56:28.132+0100] {logging_mixin.py:190} INFO - [2026-02-13T12:56:28.131+0100] {dagbag.py:588} INFO - Filling up the DagBag from /home/gianotti/Documents/CryptoETL/.venv/lib/python3.12/site-packages/airflow/example_dags/example_short_circuit_operator.py
[2026-02-13T12:56:28.147+0100] {processor.py:925} INFO - DAG(s) 'example_short_circuit_operator' retrieved from /home/gianotti/Documents/CryptoETL/.venv/lib/python3.12/site-packages/airflow/example_dags/example_short_circuit_operator.py
[2026-02-13T12:56:28.170+0100] {logging_mixin.py:190} INFO - [2026-02-13T12:56:28.170+0100] {dag.py:3239} INFO - Sync 1 DAGs
[2026-02-13T12:56:28.181+0100] {logging_mixin.py:190} INFO - [2026-02-13T12:56:28.181+0100] {dag.py:4180} INFO - Setting next_dagrun for example_short_circuit_operator to None, run_after=None
[2026-02-13T12:56:28.199+0100] {processor.py:208} INFO - Processing /home/gianotti/Documents/CryptoETL/.venv/lib/python3.12/site-packages/airflow/example_dags/example_short_circuit_operator.py took 0.081 seconds
[2026-02-13T12:57:26.681+0100] {processor.py:186} INFO - Started process (PID=35173) to work on /home/gianotti/Documents/CryptoETL/.venv/lib/python3.12/site-packages/airflow/example_dags/example_short_circuit_operator.py
[2026-02-13T12:57:26.682+0100] {processor.py:914} INFO - Processing file /home/gianotti/Documents/CryptoETL/.venv/lib/python3.12/site-packages/airflow/example_dags/example_short_circuit_operator.py for tasks to queue
[2026-02-13T12:57:26.686+0100] {logging_mixin.py:190} INFO - [2026-02-13T12:57:26.685+0100] {dagbag.py:588} INFO - Filling up the DagBag from /home/gianotti/Documents/CryptoETL/.venv/lib/python3.12/site-packages/airflow/example_dags/example_short_circuit_operator.py
[2026-02-13T12:57:26.702+0100] {processor.py:925} INFO - DAG(s) 'example_short_circuit_operator' retrieved from /home/gianotti/Documents/CryptoETL/.venv/lib/python3.12/site-packages/airflow/example_dags/example_short_circuit_operator.py
[2026-02-13T12:57:26.731+0100] {logging_mixin.py:190} INFO - [2026-02-13T12:57:26.730+0100] {dag.py:3239} INFO - Sync 1 DAGs
[2026-02-13T12:57:26.744+0100] {logging_mixin.py:190} INFO - [2026-02-13T12:57:26.744+0100] {dag.py:4180} INFO - Setting next_dagrun for example_short_circuit_operator to None, run_after=None
[2026-02-13T12:57:26.762+0100] {processor.py:208} INFO - Processing /home/gianotti/Documents/CryptoETL/.venv/lib/python3.12/site-packages/airflow/example_dags/example_short_circuit_operator.py took 0.091 seconds
[2026-02-13T12:58:24.272+0100] {processor.py:186} INFO - Started process (PID=35316) to work on /home/gianotti/Documents/CryptoETL/.venv/lib/python3.12/site-packages/airflow/example_dags/example_short_circuit_operator.py
[2026-02-13T12:58:24.275+0100] {processor.py:914} INFO - Processing file /home/gianotti/Documents/CryptoETL/.venv/lib/python3.12/site-packages/airflow/example_dags/example_short_circuit_operator.py for tasks to queue
[2026-02-13T12:58:24.277+0100] {logging_mixin.py:190} INFO - [2026-02-13T12:58:24.277+0100] {dagbag.py:588} INFO - Filling up the DagBag from /home/gianotti/Documents/CryptoETL/.venv/lib/python3.12/site-packages/airflow/example_dags/example_short_circuit_operator.py
[2026-02-13T12:58:24.292+0100] {processor.py:925} INFO - DAG(s) 'example_short_circuit_operator' retrieved from /home/gianotti/Documents/CryptoETL/.venv/lib/python3.12/site-packages/airflow/example_dags/example_short_circuit_operator.py
[2026-02-13T12:58:24.311+0100] {logging_mixin.py:190} INFO - [2026-02-13T12:58:24.310+0100] {dag.py:3239} INFO - Sync 1 DAGs
[2026-02-13T12:58:24.322+0100] {logging_mixin.py:190} INFO - [2026-02-13T12:58:24.322+0100] {dag.py:4180} INFO - Setting next_dagrun for example_short_circuit_operator to None, run_after=None
[2026-02-13T12:58:24.345+0100] {processor.py:208} INFO - Processing /home/gianotti/Documents/CryptoETL/.venv/lib/python3.12/site-packages/airflow/example_dags/example_short_circuit_operator.py took 0.080 seconds
[2026-02-13T12:59:18.786+0100] {processor.py:186} INFO - Started process (PID=35430) to work on /home/gianotti/Documents/CryptoETL/.venv/lib/python3.12/site-packages/airflow/example_dags/example_short_circuit_operator.py
[2026-02-13T12:59:18.789+0100] {processor.py:914} INFO - Processing file /home/gianotti/Documents/CryptoETL/.venv/lib/python3.12/site-packages/airflow/example_dags/example_short_circuit_operator.py for tasks to queue
[2026-02-13T12:59:18.792+0100] {logging_mixin.py:190} INFO - [2026-02-13T12:59:18.791+0100] {dagbag.py:588} INFO - Filling up the DagBag from /home/gianotti/Documents/CryptoETL/.venv/lib/python3.12/site-packages/airflow/example_dags/example_short_circuit_operator.py
[2026-02-13T12:59:18.808+0100] {processor.py:925} INFO - DAG(s) 'example_short_circuit_operator' retrieved from /home/gianotti/Documents/CryptoETL/.venv/lib/python3.12/site-packages/airflow/example_dags/example_short_circuit_operator.py
[2026-02-13T12:59:18.830+0100] {logging_mixin.py:190} INFO - [2026-02-13T12:59:18.830+0100] {dag.py:3239} INFO - Sync 1 DAGs
[2026-02-13T12:59:18.840+0100] {logging_mixin.py:190} INFO - [2026-02-13T12:59:18.840+0100] {dag.py:4180} INFO - Setting next_dagrun for example_short_circuit_operator to None, run_after=None
[2026-02-13T12:59:18.859+0100] {processor.py:208} INFO - Processing /home/gianotti/Documents/CryptoETL/.venv/lib/python3.12/site-packages/airflow/example_dags/example_short_circuit_operator.py took 0.082 seconds
[2026-02-13T13:00:12.204+0100] {processor.py:186} INFO - Started process (PID=35530) to work on /home/gianotti/Documents/CryptoETL/.venv/lib/python3.12/site-packages/airflow/example_dags/example_short_circuit_operator.py
[2026-02-13T13:00:12.206+0100] {processor.py:914} INFO - Processing file /home/gianotti/Documents/CryptoETL/.venv/lib/python3.12/site-packages/airflow/example_dags/example_short_circuit_operator.py for tasks to queue
[2026-02-13T13:00:12.207+0100] {logging_mixin.py:190} INFO - [2026-02-13T13:00:12.206+0100] {dagbag.py:588} INFO - Filling up the DagBag from /home/gianotti/Documents/CryptoETL/.venv/lib/python3.12/site-packages/airflow/example_dags/example_short_circuit_operator.py
[2026-02-13T13:00:12.214+0100] {processor.py:925} INFO - DAG(s) 'example_short_circuit_operator' retrieved from /home/gianotti/Documents/CryptoETL/.venv/lib/python3.12/site-packages/airflow/example_dags/example_short_circuit_operator.py
[2026-02-13T13:00:12.228+0100] {logging_mixin.py:190} INFO - [2026-02-13T13:00:12.228+0100] {dag.py:3239} INFO - Sync 1 DAGs
[2026-02-13T13:00:12.238+0100] {logging_mixin.py:190} INFO - [2026-02-13T13:00:12.238+0100] {dag.py:4180} INFO - Setting next_dagrun for example_short_circuit_operator to None, run_after=None
[2026-02-13T13:00:12.258+0100] {processor.py:208} INFO - Processing /home/gianotti/Documents/CryptoETL/.venv/lib/python3.12/site-packages/airflow/example_dags/example_short_circuit_operator.py took 0.058 seconds
[2026-02-13T13:01:10.529+0100] {processor.py:186} INFO - Started process (PID=35647) to work on /home/gianotti/Documents/CryptoETL/.venv/lib/python3.12/site-packages/airflow/example_dags/example_short_circuit_operator.py
[2026-02-13T13:01:10.531+0100] {processor.py:914} INFO - Processing file /home/gianotti/Documents/CryptoETL/.venv/lib/python3.12/site-packages/airflow/example_dags/example_short_circuit_operator.py for tasks to queue
[2026-02-13T13:01:10.533+0100] {logging_mixin.py:190} INFO - [2026-02-13T13:01:10.533+0100] {dagbag.py:588} INFO - Filling up the DagBag from /home/gianotti/Documents/CryptoETL/.venv/lib/python3.12/site-packages/airflow/example_dags/example_short_circuit_operator.py
[2026-02-13T13:01:10.549+0100] {processor.py:925} INFO - DAG(s) 'example_short_circuit_operator' retrieved from /home/gianotti/Documents/CryptoETL/.venv/lib/python3.12/site-packages/airflow/example_dags/example_short_circuit_operator.py
[2026-02-13T13:01:10.568+0100] {logging_mixin.py:190} INFO - [2026-02-13T13:01:10.568+0100] {dag.py:3239} INFO - Sync 1 DAGs
[2026-02-13T13:01:10.578+0100] {logging_mixin.py:190} INFO - [2026-02-13T13:01:10.578+0100] {dag.py:4180} INFO - Setting next_dagrun for example_short_circuit_operator to None, run_after=None
[2026-02-13T13:01:10.598+0100] {processor.py:208} INFO - Processing /home/gianotti/Documents/CryptoETL/.venv/lib/python3.12/site-packages/airflow/example_dags/example_short_circuit_operator.py took 0.079 seconds
[2026-02-13T13:02:11.418+0100] {processor.py:186} INFO - Started process (PID=35764) to work on /home/gianotti/Documents/CryptoETL/.venv/lib/python3.12/site-packages/airflow/example_dags/example_short_circuit_operator.py
[2026-02-13T13:02:11.421+0100] {processor.py:914} INFO - Processing file /home/gianotti/Documents/CryptoETL/.venv/lib/python3.12/site-packages/airflow/example_dags/example_short_circuit_operator.py for tasks to queue
[2026-02-13T13:02:11.423+0100] {logging_mixin.py:190} INFO - [2026-02-13T13:02:11.422+0100] {dagbag.py:588} INFO - Filling up the DagBag from /home/gianotti/Documents/CryptoETL/.venv/lib/python3.12/site-packages/airflow/example_dags/example_short_circuit_operator.py
[2026-02-13T13:02:11.438+0100] {processor.py:925} INFO - DAG(s) 'example_short_circuit_operator' retrieved from /home/gianotti/Documents/CryptoETL/.venv/lib/python3.12/site-packages/airflow/example_dags/example_short_circuit_operator.py
[2026-02-13T13:02:11.456+0100] {logging_mixin.py:190} INFO - [2026-02-13T13:02:11.455+0100] {dag.py:3239} INFO - Sync 1 DAGs
[2026-02-13T13:02:11.466+0100] {logging_mixin.py:190} INFO - [2026-02-13T13:02:11.466+0100] {dag.py:4180} INFO - Setting next_dagrun for example_short_circuit_operator to None, run_after=None
[2026-02-13T13:02:11.485+0100] {processor.py:208} INFO - Processing /home/gianotti/Documents/CryptoETL/.venv/lib/python3.12/site-packages/airflow/example_dags/example_short_circuit_operator.py took 0.077 seconds
[2026-02-13T13:03:08.754+0100] {processor.py:186} INFO - Started process (PID=35863) to work on /home/gianotti/Documents/CryptoETL/.venv/lib/python3.12/site-packages/airflow/example_dags/example_short_circuit_operator.py
[2026-02-13T13:03:08.756+0100] {processor.py:914} INFO - Processing file /home/gianotti/Documents/CryptoETL/.venv/lib/python3.12/site-packages/airflow/example_dags/example_short_circuit_operator.py for tasks to queue
[2026-02-13T13:03:08.758+0100] {logging_mixin.py:190} INFO - [2026-02-13T13:03:08.758+0100] {dagbag.py:588} INFO - Filling up the DagBag from /home/gianotti/Documents/CryptoETL/.venv/lib/python3.12/site-packages/airflow/example_dags/example_short_circuit_operator.py
[2026-02-13T13:03:08.774+0100] {processor.py:925} INFO - DAG(s) 'example_short_circuit_operator' retrieved from /home/gianotti/Documents/CryptoETL/.venv/lib/python3.12/site-packages/airflow/example_dags/example_short_circuit_operator.py
[2026-02-13T13:03:08.800+0100] {logging_mixin.py:190} INFO - [2026-02-13T13:03:08.800+0100] {dag.py:3239} INFO - Sync 1 DAGs
[2026-02-13T13:03:08.811+0100] {logging_mixin.py:190} INFO - [2026-02-13T13:03:08.811+0100] {dag.py:4180} INFO - Setting next_dagrun for example_short_circuit_operator to None, run_after=None
[2026-02-13T13:03:08.830+0100] {processor.py:208} INFO - Processing /home/gianotti/Documents/CryptoETL/.venv/lib/python3.12/site-packages/airflow/example_dags/example_short_circuit_operator.py took 0.085 seconds
[2026-02-13T13:04:06.198+0100] {processor.py:186} INFO - Started process (PID=36015) to work on /home/gianotti/Documents/CryptoETL/.venv/lib/python3.12/site-packages/airflow/example_dags/example_short_circuit_operator.py
[2026-02-13T13:04:06.201+0100] {processor.py:914} INFO - Processing file /home/gianotti/Documents/CryptoETL/.venv/lib/python3.12/site-packages/airflow/example_dags/example_short_circuit_operator.py for tasks to queue
[2026-02-13T13:04:06.203+0100] {logging_mixin.py:190} INFO - [2026-02-13T13:04:06.203+0100] {dagbag.py:588} INFO - Filling up the DagBag from /home/gianotti/Documents/CryptoETL/.venv/lib/python3.12/site-packages/airflow/example_dags/example_short_circuit_operator.py
[2026-02-13T13:04:06.221+0100] {processor.py:925} INFO - DAG(s) 'example_short_circuit_operator' retrieved from /home/gianotti/Documents/CryptoETL/.venv/lib/python3.12/site-packages/airflow/example_dags/example_short_circuit_operator.py
[2026-02-13T13:04:06.251+0100] {logging_mixin.py:190} INFO - [2026-02-13T13:04:06.251+0100] {dag.py:3239} INFO - Sync 1 DAGs
[2026-02-13T13:04:06.274+0100] {logging_mixin.py:190} INFO - [2026-02-13T13:04:06.273+0100] {dag.py:4180} INFO - Setting next_dagrun for example_short_circuit_operator to None, run_after=None
[2026-02-13T13:04:06.308+0100] {processor.py:208} INFO - Processing /home/gianotti/Documents/CryptoETL/.venv/lib/python3.12/site-packages/airflow/example_dags/example_short_circuit_operator.py took 0.120 seconds
[2026-02-13T13:05:08.925+0100] {processor.py:186} INFO - Started process (PID=36138) to work on /home/gianotti/Documents/CryptoETL/.venv/lib/python3.12/site-packages/airflow/example_dags/example_short_circuit_operator.py
[2026-02-13T13:05:08.927+0100] {processor.py:914} INFO - Processing file /home/gianotti/Documents/CryptoETL/.venv/lib/python3.12/site-packages/airflow/example_dags/example_short_circuit_operator.py for tasks to queue
[2026-02-13T13:05:08.930+0100] {logging_mixin.py:190} INFO - [2026-02-13T13:05:08.929+0100] {dagbag.py:588} INFO - Filling up the DagBag from /home/gianotti/Documents/CryptoETL/.venv/lib/python3.12/site-packages/airflow/example_dags/example_short_circuit_operator.py
[2026-02-13T13:05:08.946+0100] {processor.py:925} INFO - DAG(s) 'example_short_circuit_operator' retrieved from /home/gianotti/Documents/CryptoETL/.venv/lib/python3.12/site-packages/airflow/example_dags/example_short_circuit_operator.py
[2026-02-13T13:05:08.977+0100] {logging_mixin.py:190} INFO - [2026-02-13T13:05:08.976+0100] {dag.py:3239} INFO - Sync 1 DAGs
[2026-02-13T13:05:08.999+0100] {logging_mixin.py:190} INFO - [2026-02-13T13:05:08.999+0100] {dag.py:4180} INFO - Setting next_dagrun for example_short_circuit_operator to None, run_after=None
[2026-02-13T13:05:09.033+0100] {processor.py:208} INFO - Processing /home/gianotti/Documents/CryptoETL/.venv/lib/python3.12/site-packages/airflow/example_dags/example_short_circuit_operator.py took 0.119 seconds
[2026-02-13T13:06:14.204+0100] {processor.py:186} INFO - Started process (PID=36258) to work on /home/gianotti/Documents/CryptoETL/.venv/lib/python3.12/site-packages/airflow/example_dags/example_short_circuit_operator.py
[2026-02-13T13:06:14.206+0100] {processor.py:914} INFO - Processing file /home/gianotti/Documents/CryptoETL/.venv/lib/python3.12/site-packages/airflow/example_dags/example_short_circuit_operator.py for tasks to queue
[2026-02-13T13:06:14.208+0100] {logging_mixin.py:190} INFO - [2026-02-13T13:06:14.207+0100] {dagbag.py:588} INFO - Filling up the DagBag from /home/gianotti/Documents/CryptoETL/.venv/lib/python3.12/site-packages/airflow/example_dags/example_short_circuit_operator.py
[2026-02-13T13:06:14.223+0100] {processor.py:925} INFO - DAG(s) 'example_short_circuit_operator' retrieved from /home/gianotti/Documents/CryptoETL/.venv/lib/python3.12/site-packages/airflow/example_dags/example_short_circuit_operator.py
[2026-02-13T13:06:14.252+0100] {logging_mixin.py:190} INFO - [2026-02-13T13:06:14.251+0100] {dag.py:3239} INFO - Sync 1 DAGs
[2026-02-13T13:06:14.277+0100] {logging_mixin.py:190} INFO - [2026-02-13T13:06:14.277+0100] {dag.py:4180} INFO - Setting next_dagrun for example_short_circuit_operator to None, run_after=None
[2026-02-13T13:06:14.312+0100] {processor.py:208} INFO - Processing /home/gianotti/Documents/CryptoETL/.venv/lib/python3.12/site-packages/airflow/example_dags/example_short_circuit_operator.py took 0.117 seconds
[2026-02-13T13:07:20.683+0100] {processor.py:186} INFO - Started process (PID=36334) to work on /home/gianotti/Documents/CryptoETL/.venv/lib/python3.12/site-packages/airflow/example_dags/example_short_circuit_operator.py
[2026-02-13T13:07:20.686+0100] {processor.py:914} INFO - Processing file /home/gianotti/Documents/CryptoETL/.venv/lib/python3.12/site-packages/airflow/example_dags/example_short_circuit_operator.py for tasks to queue
[2026-02-13T13:07:20.688+0100] {logging_mixin.py:190} INFO - [2026-02-13T13:07:20.687+0100] {dagbag.py:588} INFO - Filling up the DagBag from /home/gianotti/Documents/CryptoETL/.venv/lib/python3.12/site-packages/airflow/example_dags/example_short_circuit_operator.py
[2026-02-13T13:07:20.704+0100] {processor.py:925} INFO - DAG(s) 'example_short_circuit_operator' retrieved from /home/gianotti/Documents/CryptoETL/.venv/lib/python3.12/site-packages/airflow/example_dags/example_short_circuit_operator.py
[2026-02-13T13:07:20.737+0100] {logging_mixin.py:190} INFO - [2026-02-13T13:07:20.736+0100] {dag.py:3239} INFO - Sync 1 DAGs
[2026-02-13T13:07:20.759+0100] {logging_mixin.py:190} INFO - [2026-02-13T13:07:20.759+0100] {dag.py:4180} INFO - Setting next_dagrun for example_short_circuit_operator to None, run_after=None
[2026-02-13T13:07:20.792+0100] {processor.py:208} INFO - Processing /home/gianotti/Documents/CryptoETL/.venv/lib/python3.12/site-packages/airflow/example_dags/example_short_circuit_operator.py took 0.118 seconds
[2026-02-13T13:08:30.912+0100] {processor.py:186} INFO - Started process (PID=36465) to work on /home/gianotti/Documents/CryptoETL/.venv/lib/python3.12/site-packages/airflow/example_dags/example_short_circuit_operator.py
[2026-02-13T13:08:30.915+0100] {processor.py:914} INFO - Processing file /home/gianotti/Documents/CryptoETL/.venv/lib/python3.12/site-packages/airflow/example_dags/example_short_circuit_operator.py for tasks to queue
[2026-02-13T13:08:30.917+0100] {logging_mixin.py:190} INFO - [2026-02-13T13:08:30.916+0100] {dagbag.py:588} INFO - Filling up the DagBag from /home/gianotti/Documents/CryptoETL/.venv/lib/python3.12/site-packages/airflow/example_dags/example_short_circuit_operator.py
[2026-02-13T13:08:30.932+0100] {processor.py:925} INFO - DAG(s) 'example_short_circuit_operator' retrieved from /home/gianotti/Documents/CryptoETL/.venv/lib/python3.12/site-packages/airflow/example_dags/example_short_circuit_operator.py
[2026-02-13T13:08:30.962+0100] {logging_mixin.py:190} INFO - [2026-02-13T13:08:30.962+0100] {dag.py:3239} INFO - Sync 1 DAGs
[2026-02-13T13:08:30.985+0100] {logging_mixin.py:190} INFO - [2026-02-13T13:08:30.984+0100] {dag.py:4180} INFO - Setting next_dagrun for example_short_circuit_operator to None, run_after=None
[2026-02-13T13:08:31.018+0100] {processor.py:208} INFO - Processing /home/gianotti/Documents/CryptoETL/.venv/lib/python3.12/site-packages/airflow/example_dags/example_short_circuit_operator.py took 0.116 seconds
