[2026-02-13T12:55:38.847+0100] {processor.py:186} INFO - Started process (PID=34970) to work on /home/gianotti/Documents/CryptoETL/.venv/lib/python3.12/site-packages/airflow/example_dags/example_latest_only.py
[2026-02-13T12:55:38.849+0100] {processor.py:914} INFO - Processing file /home/gianotti/Documents/CryptoETL/.venv/lib/python3.12/site-packages/airflow/example_dags/example_latest_only.py for tasks to queue
[2026-02-13T12:55:38.852+0100] {logging_mixin.py:190} INFO - [2026-02-13T12:55:38.851+0100] {dagbag.py:588} INFO - Filling up the DagBag from /home/gianotti/Documents/CryptoETL/.venv/lib/python3.12/site-packages/airflow/example_dags/example_latest_only.py
[2026-02-13T12:55:38.869+0100] {processor.py:925} INFO - DAG(s) 'latest_only' retrieved from /home/gianotti/Documents/CryptoETL/.venv/lib/python3.12/site-packages/airflow/example_dags/example_latest_only.py
[2026-02-13T12:55:38.970+0100] {logging_mixin.py:190} INFO - [2026-02-13T12:55:38.969+0100] {override.py:1930} INFO - Created Permission View: can edit on DAG:latest_only
[2026-02-13T12:55:38.983+0100] {logging_mixin.py:190} INFO - [2026-02-13T12:55:38.982+0100] {override.py:1930} INFO - Created Permission View: can read on DAG:latest_only
[2026-02-13T12:55:38.993+0100] {logging_mixin.py:190} INFO - [2026-02-13T12:55:38.992+0100] {override.py:1930} INFO - Created Permission View: can delete on DAG:latest_only
[2026-02-13T12:55:39.011+0100] {logging_mixin.py:190} INFO - [2026-02-13T12:55:39.011+0100] {override.py:1930} INFO - Created Permission View: can create on DAG Run:latest_only
[2026-02-13T12:55:39.023+0100] {logging_mixin.py:190} INFO - [2026-02-13T12:55:39.023+0100] {override.py:1930} INFO - Created Permission View: can read on DAG Run:latest_only
[2026-02-13T12:55:39.033+0100] {logging_mixin.py:190} INFO - [2026-02-13T12:55:39.033+0100] {override.py:1930} INFO - Created Permission View: can delete on DAG Run:latest_only
[2026-02-13T12:55:39.043+0100] {logging_mixin.py:190} INFO - [2026-02-13T12:55:39.043+0100] {override.py:1930} INFO - Created Permission View: menu access on DAG Run:latest_only
[2026-02-13T12:55:39.044+0100] {logging_mixin.py:190} INFO - [2026-02-13T12:55:39.043+0100] {dag.py:3239} INFO - Sync 1 DAGs
[2026-02-13T12:55:39.053+0100] {logging_mixin.py:190} INFO - [2026-02-13T12:55:39.052+0100] {dag.py:3262} INFO - Creating ORM DAG for latest_only
[2026-02-13T12:55:39.059+0100] {logging_mixin.py:190} INFO - [2026-02-13T12:55:39.059+0100] {dag.py:4180} INFO - Setting next_dagrun for latest_only to 2026-02-13 04:00:00+00:00, run_after=2026-02-13 08:00:00+00:00
[2026-02-13T12:55:39.075+0100] {processor.py:208} INFO - Processing /home/gianotti/Documents/CryptoETL/.venv/lib/python3.12/site-packages/airflow/example_dags/example_latest_only.py took 0.239 seconds
[2026-02-13T12:56:43.824+0100] {processor.py:186} INFO - Started process (PID=35096) to work on /home/gianotti/Documents/CryptoETL/.venv/lib/python3.12/site-packages/airflow/example_dags/example_latest_only.py
[2026-02-13T12:56:43.827+0100] {processor.py:914} INFO - Processing file /home/gianotti/Documents/CryptoETL/.venv/lib/python3.12/site-packages/airflow/example_dags/example_latest_only.py for tasks to queue
[2026-02-13T12:56:43.830+0100] {logging_mixin.py:190} INFO - [2026-02-13T12:56:43.830+0100] {dagbag.py:588} INFO - Filling up the DagBag from /home/gianotti/Documents/CryptoETL/.venv/lib/python3.12/site-packages/airflow/example_dags/example_latest_only.py
[2026-02-13T12:56:43.843+0100] {processor.py:925} INFO - DAG(s) 'latest_only' retrieved from /home/gianotti/Documents/CryptoETL/.venv/lib/python3.12/site-packages/airflow/example_dags/example_latest_only.py
[2026-02-13T12:56:43.859+0100] {logging_mixin.py:190} INFO - [2026-02-13T12:56:43.858+0100] {dag.py:3239} INFO - Sync 1 DAGs
[2026-02-13T12:56:43.875+0100] {logging_mixin.py:190} INFO - [2026-02-13T12:56:43.875+0100] {dag.py:4180} INFO - Setting next_dagrun for latest_only to 2026-02-13 04:00:00+00:00, run_after=2026-02-13 08:00:00+00:00
[2026-02-13T12:56:43.892+0100] {processor.py:208} INFO - Processing /home/gianotti/Documents/CryptoETL/.venv/lib/python3.12/site-packages/airflow/example_dags/example_latest_only.py took 0.077 seconds
[2026-02-13T12:57:41.220+0100] {processor.py:186} INFO - Started process (PID=35206) to work on /home/gianotti/Documents/CryptoETL/.venv/lib/python3.12/site-packages/airflow/example_dags/example_latest_only.py
[2026-02-13T12:57:41.222+0100] {processor.py:914} INFO - Processing file /home/gianotti/Documents/CryptoETL/.venv/lib/python3.12/site-packages/airflow/example_dags/example_latest_only.py for tasks to queue
[2026-02-13T12:57:41.224+0100] {logging_mixin.py:190} INFO - [2026-02-13T12:57:41.223+0100] {dagbag.py:588} INFO - Filling up the DagBag from /home/gianotti/Documents/CryptoETL/.venv/lib/python3.12/site-packages/airflow/example_dags/example_latest_only.py
[2026-02-13T12:57:41.230+0100] {processor.py:925} INFO - DAG(s) 'latest_only' retrieved from /home/gianotti/Documents/CryptoETL/.venv/lib/python3.12/site-packages/airflow/example_dags/example_latest_only.py
[2026-02-13T12:57:41.242+0100] {logging_mixin.py:190} INFO - [2026-02-13T12:57:41.242+0100] {dag.py:3239} INFO - Sync 1 DAGs
[2026-02-13T12:57:41.260+0100] {logging_mixin.py:190} INFO - [2026-02-13T12:57:41.260+0100] {dag.py:4180} INFO - Setting next_dagrun for latest_only to 2026-02-13 04:00:00+00:00, run_after=2026-02-13 08:00:00+00:00
[2026-02-13T12:57:41.278+0100] {processor.py:208} INFO - Processing /home/gianotti/Documents/CryptoETL/.venv/lib/python3.12/site-packages/airflow/example_dags/example_latest_only.py took 0.061 seconds
[2026-02-13T12:58:40.009+0100] {processor.py:186} INFO - Started process (PID=35348) to work on /home/gianotti/Documents/CryptoETL/.venv/lib/python3.12/site-packages/airflow/example_dags/example_latest_only.py
[2026-02-13T12:58:40.012+0100] {processor.py:914} INFO - Processing file /home/gianotti/Documents/CryptoETL/.venv/lib/python3.12/site-packages/airflow/example_dags/example_latest_only.py for tasks to queue
[2026-02-13T12:58:40.015+0100] {logging_mixin.py:190} INFO - [2026-02-13T12:58:40.015+0100] {dagbag.py:588} INFO - Filling up the DagBag from /home/gianotti/Documents/CryptoETL/.venv/lib/python3.12/site-packages/airflow/example_dags/example_latest_only.py
[2026-02-13T12:58:40.025+0100] {processor.py:925} INFO - DAG(s) 'latest_only' retrieved from /home/gianotti/Documents/CryptoETL/.venv/lib/python3.12/site-packages/airflow/example_dags/example_latest_only.py
[2026-02-13T12:58:40.039+0100] {logging_mixin.py:190} INFO - [2026-02-13T12:58:40.039+0100] {dag.py:3239} INFO - Sync 1 DAGs
[2026-02-13T12:58:40.055+0100] {logging_mixin.py:190} INFO - [2026-02-13T12:58:40.055+0100] {dag.py:4180} INFO - Setting next_dagrun for latest_only to 2026-02-13 04:00:00+00:00, run_after=2026-02-13 08:00:00+00:00
[2026-02-13T12:58:40.074+0100] {processor.py:208} INFO - Processing /home/gianotti/Documents/CryptoETL/.venv/lib/python3.12/site-packages/airflow/example_dags/example_latest_only.py took 0.074 seconds
[2026-02-13T12:59:35.646+0100] {processor.py:186} INFO - Started process (PID=35462) to work on /home/gianotti/Documents/CryptoETL/.venv/lib/python3.12/site-packages/airflow/example_dags/example_latest_only.py
[2026-02-13T12:59:35.649+0100] {processor.py:914} INFO - Processing file /home/gianotti/Documents/CryptoETL/.venv/lib/python3.12/site-packages/airflow/example_dags/example_latest_only.py for tasks to queue
[2026-02-13T12:59:35.653+0100] {logging_mixin.py:190} INFO - [2026-02-13T12:59:35.652+0100] {dagbag.py:588} INFO - Filling up the DagBag from /home/gianotti/Documents/CryptoETL/.venv/lib/python3.12/site-packages/airflow/example_dags/example_latest_only.py
[2026-02-13T12:59:35.666+0100] {processor.py:925} INFO - DAG(s) 'latest_only' retrieved from /home/gianotti/Documents/CryptoETL/.venv/lib/python3.12/site-packages/airflow/example_dags/example_latest_only.py
[2026-02-13T12:59:35.689+0100] {logging_mixin.py:190} INFO - [2026-02-13T12:59:35.688+0100] {dag.py:3239} INFO - Sync 1 DAGs
[2026-02-13T12:59:35.710+0100] {logging_mixin.py:190} INFO - [2026-02-13T12:59:35.710+0100] {dag.py:4180} INFO - Setting next_dagrun for latest_only to 2026-02-13 04:00:00+00:00, run_after=2026-02-13 08:00:00+00:00
[2026-02-13T12:59:35.728+0100] {processor.py:208} INFO - Processing /home/gianotti/Documents/CryptoETL/.venv/lib/python3.12/site-packages/airflow/example_dags/example_latest_only.py took 0.092 seconds
[2026-02-13T13:00:32.947+0100] {processor.py:186} INFO - Started process (PID=35565) to work on /home/gianotti/Documents/CryptoETL/.venv/lib/python3.12/site-packages/airflow/example_dags/example_latest_only.py
[2026-02-13T13:00:32.950+0100] {processor.py:914} INFO - Processing file /home/gianotti/Documents/CryptoETL/.venv/lib/python3.12/site-packages/airflow/example_dags/example_latest_only.py for tasks to queue
[2026-02-13T13:00:32.952+0100] {logging_mixin.py:190} INFO - [2026-02-13T13:00:32.951+0100] {dagbag.py:588} INFO - Filling up the DagBag from /home/gianotti/Documents/CryptoETL/.venv/lib/python3.12/site-packages/airflow/example_dags/example_latest_only.py
[2026-02-13T13:00:32.965+0100] {processor.py:925} INFO - DAG(s) 'latest_only' retrieved from /home/gianotti/Documents/CryptoETL/.venv/lib/python3.12/site-packages/airflow/example_dags/example_latest_only.py
[2026-02-13T13:00:32.986+0100] {logging_mixin.py:190} INFO - [2026-02-13T13:00:32.986+0100] {dag.py:3239} INFO - Sync 1 DAGs
[2026-02-13T13:00:33.006+0100] {logging_mixin.py:190} INFO - [2026-02-13T13:00:33.006+0100] {dag.py:4180} INFO - Setting next_dagrun for latest_only to 2026-02-13 08:00:00+00:00, run_after=2026-02-13 12:00:00+00:00
[2026-02-13T13:00:33.032+0100] {processor.py:208} INFO - Processing /home/gianotti/Documents/CryptoETL/.venv/lib/python3.12/site-packages/airflow/example_dags/example_latest_only.py took 0.095 seconds
[2026-02-13T13:01:33.560+0100] {processor.py:186} INFO - Started process (PID=35688) to work on /home/gianotti/Documents/CryptoETL/.venv/lib/python3.12/site-packages/airflow/example_dags/example_latest_only.py
[2026-02-13T13:01:33.562+0100] {processor.py:914} INFO - Processing file /home/gianotti/Documents/CryptoETL/.venv/lib/python3.12/site-packages/airflow/example_dags/example_latest_only.py for tasks to queue
[2026-02-13T13:01:33.563+0100] {logging_mixin.py:190} INFO - [2026-02-13T13:01:33.563+0100] {dagbag.py:588} INFO - Filling up the DagBag from /home/gianotti/Documents/CryptoETL/.venv/lib/python3.12/site-packages/airflow/example_dags/example_latest_only.py
[2026-02-13T13:01:33.571+0100] {processor.py:925} INFO - DAG(s) 'latest_only' retrieved from /home/gianotti/Documents/CryptoETL/.venv/lib/python3.12/site-packages/airflow/example_dags/example_latest_only.py
[2026-02-13T13:01:33.583+0100] {logging_mixin.py:190} INFO - [2026-02-13T13:01:33.582+0100] {dag.py:3239} INFO - Sync 1 DAGs
[2026-02-13T13:01:33.600+0100] {logging_mixin.py:190} INFO - [2026-02-13T13:01:33.599+0100] {dag.py:4180} INFO - Setting next_dagrun for latest_only to 2026-02-13 08:00:00+00:00, run_after=2026-02-13 12:00:00+00:00
[2026-02-13T13:01:33.619+0100] {processor.py:208} INFO - Processing /home/gianotti/Documents/CryptoETL/.venv/lib/python3.12/site-packages/airflow/example_dags/example_latest_only.py took 0.064 seconds
[2026-02-13T13:02:32.137+0100] {processor.py:186} INFO - Started process (PID=35816) to work on /home/gianotti/Documents/CryptoETL/.venv/lib/python3.12/site-packages/airflow/example_dags/example_latest_only.py
[2026-02-13T13:02:32.139+0100] {processor.py:914} INFO - Processing file /home/gianotti/Documents/CryptoETL/.venv/lib/python3.12/site-packages/airflow/example_dags/example_latest_only.py for tasks to queue
[2026-02-13T13:02:32.141+0100] {logging_mixin.py:190} INFO - [2026-02-13T13:02:32.141+0100] {dagbag.py:588} INFO - Filling up the DagBag from /home/gianotti/Documents/CryptoETL/.venv/lib/python3.12/site-packages/airflow/example_dags/example_latest_only.py
[2026-02-13T13:02:32.154+0100] {processor.py:925} INFO - DAG(s) 'latest_only' retrieved from /home/gianotti/Documents/CryptoETL/.venv/lib/python3.12/site-packages/airflow/example_dags/example_latest_only.py
[2026-02-13T13:02:32.177+0100] {logging_mixin.py:190} INFO - [2026-02-13T13:02:32.177+0100] {dag.py:3239} INFO - Sync 1 DAGs
[2026-02-13T13:02:32.198+0100] {logging_mixin.py:190} INFO - [2026-02-13T13:02:32.198+0100] {dag.py:4180} INFO - Setting next_dagrun for latest_only to 2026-02-13 08:00:00+00:00, run_after=2026-02-13 12:00:00+00:00
[2026-02-13T13:02:32.216+0100] {processor.py:208} INFO - Processing /home/gianotti/Documents/CryptoETL/.venv/lib/python3.12/site-packages/airflow/example_dags/example_latest_only.py took 0.087 seconds
[2026-02-13T13:03:28.257+0100] {processor.py:186} INFO - Started process (PID=35936) to work on /home/gianotti/Documents/CryptoETL/.venv/lib/python3.12/site-packages/airflow/example_dags/example_latest_only.py
[2026-02-13T13:03:28.261+0100] {processor.py:914} INFO - Processing file /home/gianotti/Documents/CryptoETL/.venv/lib/python3.12/site-packages/airflow/example_dags/example_latest_only.py for tasks to queue
[2026-02-13T13:03:28.263+0100] {logging_mixin.py:190} INFO - [2026-02-13T13:03:28.262+0100] {dagbag.py:588} INFO - Filling up the DagBag from /home/gianotti/Documents/CryptoETL/.venv/lib/python3.12/site-packages/airflow/example_dags/example_latest_only.py
[2026-02-13T13:03:28.277+0100] {processor.py:925} INFO - DAG(s) 'latest_only' retrieved from /home/gianotti/Documents/CryptoETL/.venv/lib/python3.12/site-packages/airflow/example_dags/example_latest_only.py
[2026-02-13T13:03:28.301+0100] {logging_mixin.py:190} INFO - [2026-02-13T13:03:28.301+0100] {dag.py:3239} INFO - Sync 1 DAGs
[2026-02-13T13:03:28.324+0100] {logging_mixin.py:190} INFO - [2026-02-13T13:03:28.324+0100] {dag.py:4180} INFO - Setting next_dagrun for latest_only to 2026-02-13 08:00:00+00:00, run_after=2026-02-13 12:00:00+00:00
[2026-02-13T13:03:28.342+0100] {processor.py:208} INFO - Processing /home/gianotti/Documents/CryptoETL/.venv/lib/python3.12/site-packages/airflow/example_dags/example_latest_only.py took 0.095 seconds
[2026-02-13T13:04:28.481+0100] {processor.py:186} INFO - Started process (PID=36066) to work on /home/gianotti/Documents/CryptoETL/.venv/lib/python3.12/site-packages/airflow/example_dags/example_latest_only.py
[2026-02-13T13:04:28.484+0100] {processor.py:914} INFO - Processing file /home/gianotti/Documents/CryptoETL/.venv/lib/python3.12/site-packages/airflow/example_dags/example_latest_only.py for tasks to queue
[2026-02-13T13:04:28.486+0100] {logging_mixin.py:190} INFO - [2026-02-13T13:04:28.485+0100] {dagbag.py:588} INFO - Filling up the DagBag from /home/gianotti/Documents/CryptoETL/.venv/lib/python3.12/site-packages/airflow/example_dags/example_latest_only.py
[2026-02-13T13:04:28.499+0100] {processor.py:925} INFO - DAG(s) 'latest_only' retrieved from /home/gianotti/Documents/CryptoETL/.venv/lib/python3.12/site-packages/airflow/example_dags/example_latest_only.py
[2026-02-13T13:04:28.522+0100] {logging_mixin.py:190} INFO - [2026-02-13T13:04:28.522+0100] {dag.py:3239} INFO - Sync 1 DAGs
[2026-02-13T13:04:28.556+0100] {logging_mixin.py:190} INFO - [2026-02-13T13:04:28.555+0100] {dag.py:4180} INFO - Setting next_dagrun for latest_only to 2026-02-13 08:00:00+00:00, run_after=2026-02-13 12:00:00+00:00
[2026-02-13T13:04:28.588+0100] {processor.py:208} INFO - Processing /home/gianotti/Documents/CryptoETL/.venv/lib/python3.12/site-packages/airflow/example_dags/example_latest_only.py took 0.116 seconds
[2026-02-13T13:05:32.824+0100] {processor.py:186} INFO - Started process (PID=36175) to work on /home/gianotti/Documents/CryptoETL/.venv/lib/python3.12/site-packages/airflow/example_dags/example_latest_only.py
[2026-02-13T13:05:32.827+0100] {processor.py:914} INFO - Processing file /home/gianotti/Documents/CryptoETL/.venv/lib/python3.12/site-packages/airflow/example_dags/example_latest_only.py for tasks to queue
[2026-02-13T13:05:32.829+0100] {logging_mixin.py:190} INFO - [2026-02-13T13:05:32.828+0100] {dagbag.py:588} INFO - Filling up the DagBag from /home/gianotti/Documents/CryptoETL/.venv/lib/python3.12/site-packages/airflow/example_dags/example_latest_only.py
[2026-02-13T13:05:32.844+0100] {processor.py:925} INFO - DAG(s) 'latest_only' retrieved from /home/gianotti/Documents/CryptoETL/.venv/lib/python3.12/site-packages/airflow/example_dags/example_latest_only.py
[2026-02-13T13:05:32.867+0100] {logging_mixin.py:190} INFO - [2026-02-13T13:05:32.867+0100] {dag.py:3239} INFO - Sync 1 DAGs
[2026-02-13T13:05:32.901+0100] {logging_mixin.py:190} INFO - [2026-02-13T13:05:32.900+0100] {dag.py:4180} INFO - Setting next_dagrun for latest_only to 2026-02-13 08:00:00+00:00, run_after=2026-02-13 12:00:00+00:00
[2026-02-13T13:05:32.931+0100] {processor.py:208} INFO - Processing /home/gianotti/Documents/CryptoETL/.venv/lib/python3.12/site-packages/airflow/example_dags/example_latest_only.py took 0.116 seconds
[2026-02-13T13:06:40.225+0100] {processor.py:186} INFO - Started process (PID=36285) to work on /home/gianotti/Documents/CryptoETL/.venv/lib/python3.12/site-packages/airflow/example_dags/example_latest_only.py
[2026-02-13T13:06:40.228+0100] {processor.py:914} INFO - Processing file /home/gianotti/Documents/CryptoETL/.venv/lib/python3.12/site-packages/airflow/example_dags/example_latest_only.py for tasks to queue
[2026-02-13T13:06:40.230+0100] {logging_mixin.py:190} INFO - [2026-02-13T13:06:40.229+0100] {dagbag.py:588} INFO - Filling up the DagBag from /home/gianotti/Documents/CryptoETL/.venv/lib/python3.12/site-packages/airflow/example_dags/example_latest_only.py
[2026-02-13T13:06:40.244+0100] {processor.py:925} INFO - DAG(s) 'latest_only' retrieved from /home/gianotti/Documents/CryptoETL/.venv/lib/python3.12/site-packages/airflow/example_dags/example_latest_only.py
[2026-02-13T13:06:40.266+0100] {logging_mixin.py:190} INFO - [2026-02-13T13:06:40.266+0100] {dag.py:3239} INFO - Sync 1 DAGs
[2026-02-13T13:06:40.297+0100] {logging_mixin.py:190} INFO - [2026-02-13T13:06:40.297+0100] {dag.py:4180} INFO - Setting next_dagrun for latest_only to 2026-02-13 08:00:00+00:00, run_after=2026-02-13 12:00:00+00:00
[2026-02-13T13:06:40.328+0100] {processor.py:208} INFO - Processing /home/gianotti/Documents/CryptoETL/.venv/lib/python3.12/site-packages/airflow/example_dags/example_latest_only.py took 0.113 seconds
[2026-02-13T13:07:48.786+0100] {processor.py:186} INFO - Started process (PID=36372) to work on /home/gianotti/Documents/CryptoETL/.venv/lib/python3.12/site-packages/airflow/example_dags/example_latest_only.py
[2026-02-13T13:07:48.789+0100] {processor.py:914} INFO - Processing file /home/gianotti/Documents/CryptoETL/.venv/lib/python3.12/site-packages/airflow/example_dags/example_latest_only.py for tasks to queue
[2026-02-13T13:07:48.791+0100] {logging_mixin.py:190} INFO - [2026-02-13T13:07:48.790+0100] {dagbag.py:588} INFO - Filling up the DagBag from /home/gianotti/Documents/CryptoETL/.venv/lib/python3.12/site-packages/airflow/example_dags/example_latest_only.py
[2026-02-13T13:07:48.806+0100] {processor.py:925} INFO - DAG(s) 'latest_only' retrieved from /home/gianotti/Documents/CryptoETL/.venv/lib/python3.12/site-packages/airflow/example_dags/example_latest_only.py
[2026-02-13T13:07:48.832+0100] {logging_mixin.py:190} INFO - [2026-02-13T13:07:48.832+0100] {dag.py:3239} INFO - Sync 1 DAGs
[2026-02-13T13:07:48.865+0100] {logging_mixin.py:190} INFO - [2026-02-13T13:07:48.865+0100] {dag.py:4180} INFO - Setting next_dagrun for latest_only to 2026-02-13 08:00:00+00:00, run_after=2026-02-13 12:00:00+00:00
[2026-02-13T13:07:48.898+0100] {processor.py:208} INFO - Processing /home/gianotti/Documents/CryptoETL/.venv/lib/python3.12/site-packages/airflow/example_dags/example_latest_only.py took 0.121 seconds
[2026-02-13T13:08:54.497+0100] {processor.py:186} INFO - Started process (PID=36497) to work on /home/gianotti/Documents/CryptoETL/.venv/lib/python3.12/site-packages/airflow/example_dags/example_latest_only.py
[2026-02-13T13:08:54.499+0100] {processor.py:914} INFO - Processing file /home/gianotti/Documents/CryptoETL/.venv/lib/python3.12/site-packages/airflow/example_dags/example_latest_only.py for tasks to queue
[2026-02-13T13:08:54.502+0100] {logging_mixin.py:190} INFO - [2026-02-13T13:08:54.501+0100] {dagbag.py:588} INFO - Filling up the DagBag from /home/gianotti/Documents/CryptoETL/.venv/lib/python3.12/site-packages/airflow/example_dags/example_latest_only.py
[2026-02-13T13:08:54.516+0100] {processor.py:925} INFO - DAG(s) 'latest_only' retrieved from /home/gianotti/Documents/CryptoETL/.venv/lib/python3.12/site-packages/airflow/example_dags/example_latest_only.py
[2026-02-13T13:08:54.541+0100] {logging_mixin.py:190} INFO - [2026-02-13T13:08:54.541+0100] {dag.py:3239} INFO - Sync 1 DAGs
[2026-02-13T13:08:54.573+0100] {logging_mixin.py:190} INFO - [2026-02-13T13:08:54.573+0100] {dag.py:4180} INFO - Setting next_dagrun for latest_only to 2026-02-13 08:00:00+00:00, run_after=2026-02-13 12:00:00+00:00
[2026-02-13T13:08:54.606+0100] {processor.py:208} INFO - Processing /home/gianotti/Documents/CryptoETL/.venv/lib/python3.12/site-packages/airflow/example_dags/example_latest_only.py took 0.119 seconds
[2026-02-13T13:10:03.941+0100] {processor.py:186} INFO - Started process (PID=36619) to work on /home/gianotti/Documents/CryptoETL/.venv/lib/python3.12/site-packages/airflow/example_dags/example_latest_only.py
[2026-02-13T13:10:03.944+0100] {processor.py:914} INFO - Processing file /home/gianotti/Documents/CryptoETL/.venv/lib/python3.12/site-packages/airflow/example_dags/example_latest_only.py for tasks to queue
[2026-02-13T13:10:03.946+0100] {logging_mixin.py:190} INFO - [2026-02-13T13:10:03.945+0100] {dagbag.py:588} INFO - Filling up the DagBag from /home/gianotti/Documents/CryptoETL/.venv/lib/python3.12/site-packages/airflow/example_dags/example_latest_only.py
[2026-02-13T13:10:03.959+0100] {processor.py:925} INFO - DAG(s) 'latest_only' retrieved from /home/gianotti/Documents/CryptoETL/.venv/lib/python3.12/site-packages/airflow/example_dags/example_latest_only.py
[2026-02-13T13:10:03.982+0100] {logging_mixin.py:190} INFO - [2026-02-13T13:10:03.982+0100] {dag.py:3239} INFO - Sync 1 DAGs
[2026-02-13T13:10:04.017+0100] {logging_mixin.py:190} INFO - [2026-02-13T13:10:04.017+0100] {dag.py:4180} INFO - Setting next_dagrun for latest_only to 2026-02-13 08:00:00+00:00, run_after=2026-02-13 12:00:00+00:00
[2026-02-13T13:10:04.049+0100] {processor.py:208} INFO - Processing /home/gianotti/Documents/CryptoETL/.venv/lib/python3.12/site-packages/airflow/example_dags/example_latest_only.py took 0.118 seconds
[2026-02-13T13:11:08.669+0100] {processor.py:186} INFO - Started process (PID=36736) to work on /home/gianotti/Documents/CryptoETL/.venv/lib/python3.12/site-packages/airflow/example_dags/example_latest_only.py
[2026-02-13T13:11:08.672+0100] {processor.py:914} INFO - Processing file /home/gianotti/Documents/CryptoETL/.venv/lib/python3.12/site-packages/airflow/example_dags/example_latest_only.py for tasks to queue
[2026-02-13T13:11:08.673+0100] {logging_mixin.py:190} INFO - [2026-02-13T13:11:08.673+0100] {dagbag.py:588} INFO - Filling up the DagBag from /home/gianotti/Documents/CryptoETL/.venv/lib/python3.12/site-packages/airflow/example_dags/example_latest_only.py
[2026-02-13T13:11:08.690+0100] {processor.py:925} INFO - DAG(s) 'latest_only' retrieved from /home/gianotti/Documents/CryptoETL/.venv/lib/python3.12/site-packages/airflow/example_dags/example_latest_only.py
[2026-02-13T13:11:08.716+0100] {logging_mixin.py:190} INFO - [2026-02-13T13:11:08.715+0100] {dag.py:3239} INFO - Sync 1 DAGs
[2026-02-13T13:11:08.755+0100] {logging_mixin.py:190} INFO - [2026-02-13T13:11:08.755+0100] {dag.py:4180} INFO - Setting next_dagrun for latest_only to 2026-02-13 08:00:00+00:00, run_after=2026-02-13 12:00:00+00:00
[2026-02-13T13:11:08.794+0100] {processor.py:208} INFO - Processing /home/gianotti/Documents/CryptoETL/.venv/lib/python3.12/site-packages/airflow/example_dags/example_latest_only.py took 0.135 seconds
[2026-02-13T13:12:16.663+0100] {processor.py:186} INFO - Started process (PID=36853) to work on /home/gianotti/Documents/CryptoETL/.venv/lib/python3.12/site-packages/airflow/example_dags/example_latest_only.py
[2026-02-13T13:12:16.665+0100] {processor.py:914} INFO - Processing file /home/gianotti/Documents/CryptoETL/.venv/lib/python3.12/site-packages/airflow/example_dags/example_latest_only.py for tasks to queue
[2026-02-13T13:12:16.667+0100] {logging_mixin.py:190} INFO - [2026-02-13T13:12:16.666+0100] {dagbag.py:588} INFO - Filling up the DagBag from /home/gianotti/Documents/CryptoETL/.venv/lib/python3.12/site-packages/airflow/example_dags/example_latest_only.py
[2026-02-13T13:12:16.681+0100] {processor.py:925} INFO - DAG(s) 'latest_only' retrieved from /home/gianotti/Documents/CryptoETL/.venv/lib/python3.12/site-packages/airflow/example_dags/example_latest_only.py
[2026-02-13T13:12:16.704+0100] {logging_mixin.py:190} INFO - [2026-02-13T13:12:16.703+0100] {dag.py:3239} INFO - Sync 1 DAGs
[2026-02-13T13:12:16.738+0100] {logging_mixin.py:190} INFO - [2026-02-13T13:12:16.738+0100] {dag.py:4180} INFO - Setting next_dagrun for latest_only to 2026-02-13 08:00:00+00:00, run_after=2026-02-13 12:00:00+00:00
[2026-02-13T13:12:16.774+0100] {processor.py:208} INFO - Processing /home/gianotti/Documents/CryptoETL/.venv/lib/python3.12/site-packages/airflow/example_dags/example_latest_only.py took 0.121 seconds
[2026-02-13T13:13:19.160+0100] {processor.py:186} INFO - Started process (PID=36973) to work on /home/gianotti/Documents/CryptoETL/.venv/lib/python3.12/site-packages/airflow/example_dags/example_latest_only.py
[2026-02-13T13:13:19.163+0100] {processor.py:914} INFO - Processing file /home/gianotti/Documents/CryptoETL/.venv/lib/python3.12/site-packages/airflow/example_dags/example_latest_only.py for tasks to queue
[2026-02-13T13:13:19.165+0100] {logging_mixin.py:190} INFO - [2026-02-13T13:13:19.164+0100] {dagbag.py:588} INFO - Filling up the DagBag from /home/gianotti/Documents/CryptoETL/.venv/lib/python3.12/site-packages/airflow/example_dags/example_latest_only.py
[2026-02-13T13:13:19.179+0100] {processor.py:925} INFO - DAG(s) 'latest_only' retrieved from /home/gianotti/Documents/CryptoETL/.venv/lib/python3.12/site-packages/airflow/example_dags/example_latest_only.py
[2026-02-13T13:13:19.203+0100] {logging_mixin.py:190} INFO - [2026-02-13T13:13:19.202+0100] {dag.py:3239} INFO - Sync 1 DAGs
[2026-02-13T13:13:19.235+0100] {logging_mixin.py:190} INFO - [2026-02-13T13:13:19.234+0100] {dag.py:4180} INFO - Setting next_dagrun for latest_only to 2026-02-13 08:00:00+00:00, run_after=2026-02-13 12:00:00+00:00
[2026-02-13T13:13:19.266+0100] {processor.py:208} INFO - Processing /home/gianotti/Documents/CryptoETL/.venv/lib/python3.12/site-packages/airflow/example_dags/example_latest_only.py took 0.115 seconds
[2026-02-13T13:14:24.759+0100] {processor.py:186} INFO - Started process (PID=37145) to work on /home/gianotti/Documents/CryptoETL/.venv/lib/python3.12/site-packages/airflow/example_dags/example_latest_only.py
[2026-02-13T13:14:24.762+0100] {processor.py:914} INFO - Processing file /home/gianotti/Documents/CryptoETL/.venv/lib/python3.12/site-packages/airflow/example_dags/example_latest_only.py for tasks to queue
[2026-02-13T13:14:24.764+0100] {logging_mixin.py:190} INFO - [2026-02-13T13:14:24.763+0100] {dagbag.py:588} INFO - Filling up the DagBag from /home/gianotti/Documents/CryptoETL/.venv/lib/python3.12/site-packages/airflow/example_dags/example_latest_only.py
[2026-02-13T13:14:24.776+0100] {processor.py:925} INFO - DAG(s) 'latest_only' retrieved from /home/gianotti/Documents/CryptoETL/.venv/lib/python3.12/site-packages/airflow/example_dags/example_latest_only.py
[2026-02-13T13:14:24.799+0100] {logging_mixin.py:190} INFO - [2026-02-13T13:14:24.799+0100] {dag.py:3239} INFO - Sync 1 DAGs
[2026-02-13T13:14:24.831+0100] {logging_mixin.py:190} INFO - [2026-02-13T13:14:24.831+0100] {dag.py:4180} INFO - Setting next_dagrun for latest_only to 2026-02-13 08:00:00+00:00, run_after=2026-02-13 12:00:00+00:00
[2026-02-13T13:14:24.865+0100] {processor.py:208} INFO - Processing /home/gianotti/Documents/CryptoETL/.venv/lib/python3.12/site-packages/airflow/example_dags/example_latest_only.py took 0.115 seconds
[2026-02-13T13:15:30.584+0100] {processor.py:186} INFO - Started process (PID=37260) to work on /home/gianotti/Documents/CryptoETL/.venv/lib/python3.12/site-packages/airflow/example_dags/example_latest_only.py
[2026-02-13T13:15:30.587+0100] {processor.py:914} INFO - Processing file /home/gianotti/Documents/CryptoETL/.venv/lib/python3.12/site-packages/airflow/example_dags/example_latest_only.py for tasks to queue
[2026-02-13T13:15:30.589+0100] {logging_mixin.py:190} INFO - [2026-02-13T13:15:30.588+0100] {dagbag.py:588} INFO - Filling up the DagBag from /home/gianotti/Documents/CryptoETL/.venv/lib/python3.12/site-packages/airflow/example_dags/example_latest_only.py
[2026-02-13T13:15:30.603+0100] {processor.py:925} INFO - DAG(s) 'latest_only' retrieved from /home/gianotti/Documents/CryptoETL/.venv/lib/python3.12/site-packages/airflow/example_dags/example_latest_only.py
[2026-02-13T13:15:30.627+0100] {logging_mixin.py:190} INFO - [2026-02-13T13:15:30.626+0100] {dag.py:3239} INFO - Sync 1 DAGs
[2026-02-13T13:15:30.661+0100] {logging_mixin.py:190} INFO - [2026-02-13T13:15:30.660+0100] {dag.py:4180} INFO - Setting next_dagrun for latest_only to 2026-02-13 08:00:00+00:00, run_after=2026-02-13 12:00:00+00:00
[2026-02-13T13:15:30.691+0100] {processor.py:208} INFO - Processing /home/gianotti/Documents/CryptoETL/.venv/lib/python3.12/site-packages/airflow/example_dags/example_latest_only.py took 0.116 seconds
[2026-02-13T13:16:37.197+0100] {processor.py:186} INFO - Started process (PID=37449) to work on /home/gianotti/Documents/CryptoETL/.venv/lib/python3.12/site-packages/airflow/example_dags/example_latest_only.py
[2026-02-13T13:16:37.200+0100] {processor.py:914} INFO - Processing file /home/gianotti/Documents/CryptoETL/.venv/lib/python3.12/site-packages/airflow/example_dags/example_latest_only.py for tasks to queue
[2026-02-13T13:16:37.202+0100] {logging_mixin.py:190} INFO - [2026-02-13T13:16:37.202+0100] {dagbag.py:588} INFO - Filling up the DagBag from /home/gianotti/Documents/CryptoETL/.venv/lib/python3.12/site-packages/airflow/example_dags/example_latest_only.py
[2026-02-13T13:16:37.217+0100] {processor.py:925} INFO - DAG(s) 'latest_only' retrieved from /home/gianotti/Documents/CryptoETL/.venv/lib/python3.12/site-packages/airflow/example_dags/example_latest_only.py
[2026-02-13T13:16:37.240+0100] {logging_mixin.py:190} INFO - [2026-02-13T13:16:37.240+0100] {dag.py:3239} INFO - Sync 1 DAGs
[2026-02-13T13:16:37.271+0100] {logging_mixin.py:190} INFO - [2026-02-13T13:16:37.271+0100] {dag.py:4180} INFO - Setting next_dagrun for latest_only to 2026-02-13 08:00:00+00:00, run_after=2026-02-13 12:00:00+00:00
[2026-02-13T13:16:37.303+0100] {processor.py:208} INFO - Processing /home/gianotti/Documents/CryptoETL/.venv/lib/python3.12/site-packages/airflow/example_dags/example_latest_only.py took 0.115 seconds
[2026-02-13T13:17:41.984+0100] {processor.py:186} INFO - Started process (PID=37544) to work on /home/gianotti/Documents/CryptoETL/.venv/lib/python3.12/site-packages/airflow/example_dags/example_latest_only.py
[2026-02-13T13:17:41.986+0100] {processor.py:914} INFO - Processing file /home/gianotti/Documents/CryptoETL/.venv/lib/python3.12/site-packages/airflow/example_dags/example_latest_only.py for tasks to queue
[2026-02-13T13:17:41.988+0100] {logging_mixin.py:190} INFO - [2026-02-13T13:17:41.987+0100] {dagbag.py:588} INFO - Filling up the DagBag from /home/gianotti/Documents/CryptoETL/.venv/lib/python3.12/site-packages/airflow/example_dags/example_latest_only.py
[2026-02-13T13:17:42.001+0100] {processor.py:925} INFO - DAG(s) 'latest_only' retrieved from /home/gianotti/Documents/CryptoETL/.venv/lib/python3.12/site-packages/airflow/example_dags/example_latest_only.py
[2026-02-13T13:17:42.024+0100] {logging_mixin.py:190} INFO - [2026-02-13T13:17:42.024+0100] {dag.py:3239} INFO - Sync 1 DAGs
[2026-02-13T13:17:42.056+0100] {logging_mixin.py:190} INFO - [2026-02-13T13:17:42.056+0100] {dag.py:4180} INFO - Setting next_dagrun for latest_only to 2026-02-13 08:00:00+00:00, run_after=2026-02-13 12:00:00+00:00
[2026-02-13T13:17:42.087+0100] {processor.py:208} INFO - Processing /home/gianotti/Documents/CryptoETL/.venv/lib/python3.12/site-packages/airflow/example_dags/example_latest_only.py took 0.111 seconds
[2026-02-13T13:18:48.444+0100] {processor.py:186} INFO - Started process (PID=37670) to work on /home/gianotti/Documents/CryptoETL/.venv/lib/python3.12/site-packages/airflow/example_dags/example_latest_only.py
[2026-02-13T13:18:48.447+0100] {processor.py:914} INFO - Processing file /home/gianotti/Documents/CryptoETL/.venv/lib/python3.12/site-packages/airflow/example_dags/example_latest_only.py for tasks to queue
[2026-02-13T13:18:48.448+0100] {logging_mixin.py:190} INFO - [2026-02-13T13:18:48.448+0100] {dagbag.py:588} INFO - Filling up the DagBag from /home/gianotti/Documents/CryptoETL/.venv/lib/python3.12/site-packages/airflow/example_dags/example_latest_only.py
[2026-02-13T13:18:48.461+0100] {processor.py:925} INFO - DAG(s) 'latest_only' retrieved from /home/gianotti/Documents/CryptoETL/.venv/lib/python3.12/site-packages/airflow/example_dags/example_latest_only.py
[2026-02-13T13:18:48.485+0100] {logging_mixin.py:190} INFO - [2026-02-13T13:18:48.484+0100] {dag.py:3239} INFO - Sync 1 DAGs
[2026-02-13T13:18:48.516+0100] {logging_mixin.py:190} INFO - [2026-02-13T13:18:48.516+0100] {dag.py:4180} INFO - Setting next_dagrun for latest_only to 2026-02-13 08:00:00+00:00, run_after=2026-02-13 12:00:00+00:00
[2026-02-13T13:18:48.548+0100] {processor.py:208} INFO - Processing /home/gianotti/Documents/CryptoETL/.venv/lib/python3.12/site-packages/airflow/example_dags/example_latest_only.py took 0.112 seconds
[2026-02-13T13:19:53.812+0100] {processor.py:186} INFO - Started process (PID=37749) to work on /home/gianotti/Documents/CryptoETL/.venv/lib/python3.12/site-packages/airflow/example_dags/example_latest_only.py
[2026-02-13T13:19:53.815+0100] {processor.py:914} INFO - Processing file /home/gianotti/Documents/CryptoETL/.venv/lib/python3.12/site-packages/airflow/example_dags/example_latest_only.py for tasks to queue
[2026-02-13T13:19:53.817+0100] {logging_mixin.py:190} INFO - [2026-02-13T13:19:53.816+0100] {dagbag.py:588} INFO - Filling up the DagBag from /home/gianotti/Documents/CryptoETL/.venv/lib/python3.12/site-packages/airflow/example_dags/example_latest_only.py
[2026-02-13T13:19:53.831+0100] {processor.py:925} INFO - DAG(s) 'latest_only' retrieved from /home/gianotti/Documents/CryptoETL/.venv/lib/python3.12/site-packages/airflow/example_dags/example_latest_only.py
[2026-02-13T13:19:53.854+0100] {logging_mixin.py:190} INFO - [2026-02-13T13:19:53.854+0100] {dag.py:3239} INFO - Sync 1 DAGs
[2026-02-13T13:19:53.891+0100] {logging_mixin.py:190} INFO - [2026-02-13T13:19:53.890+0100] {dag.py:4180} INFO - Setting next_dagrun for latest_only to 2026-02-13 08:00:00+00:00, run_after=2026-02-13 12:00:00+00:00
[2026-02-13T13:19:53.926+0100] {processor.py:208} INFO - Processing /home/gianotti/Documents/CryptoETL/.venv/lib/python3.12/site-packages/airflow/example_dags/example_latest_only.py took 0.124 seconds
[2026-02-13T13:20:59.293+0100] {processor.py:186} INFO - Started process (PID=37855) to work on /home/gianotti/Documents/CryptoETL/.venv/lib/python3.12/site-packages/airflow/example_dags/example_latest_only.py
[2026-02-13T13:20:59.296+0100] {processor.py:914} INFO - Processing file /home/gianotti/Documents/CryptoETL/.venv/lib/python3.12/site-packages/airflow/example_dags/example_latest_only.py for tasks to queue
[2026-02-13T13:20:59.298+0100] {logging_mixin.py:190} INFO - [2026-02-13T13:20:59.297+0100] {dagbag.py:588} INFO - Filling up the DagBag from /home/gianotti/Documents/CryptoETL/.venv/lib/python3.12/site-packages/airflow/example_dags/example_latest_only.py
[2026-02-13T13:20:59.312+0100] {processor.py:925} INFO - DAG(s) 'latest_only' retrieved from /home/gianotti/Documents/CryptoETL/.venv/lib/python3.12/site-packages/airflow/example_dags/example_latest_only.py
[2026-02-13T13:20:59.336+0100] {logging_mixin.py:190} INFO - [2026-02-13T13:20:59.335+0100] {dag.py:3239} INFO - Sync 1 DAGs
[2026-02-13T13:20:59.368+0100] {logging_mixin.py:190} INFO - [2026-02-13T13:20:59.368+0100] {dag.py:4180} INFO - Setting next_dagrun for latest_only to 2026-02-13 08:00:00+00:00, run_after=2026-02-13 12:00:00+00:00
[2026-02-13T13:20:59.401+0100] {processor.py:208} INFO - Processing /home/gianotti/Documents/CryptoETL/.venv/lib/python3.12/site-packages/airflow/example_dags/example_latest_only.py took 0.117 seconds
[2026-02-13T13:22:01.598+0100] {processor.py:186} INFO - Started process (PID=37954) to work on /home/gianotti/Documents/CryptoETL/.venv/lib/python3.12/site-packages/airflow/example_dags/example_latest_only.py
[2026-02-13T13:22:01.601+0100] {processor.py:914} INFO - Processing file /home/gianotti/Documents/CryptoETL/.venv/lib/python3.12/site-packages/airflow/example_dags/example_latest_only.py for tasks to queue
[2026-02-13T13:22:01.602+0100] {logging_mixin.py:190} INFO - [2026-02-13T13:22:01.602+0100] {dagbag.py:588} INFO - Filling up the DagBag from /home/gianotti/Documents/CryptoETL/.venv/lib/python3.12/site-packages/airflow/example_dags/example_latest_only.py
[2026-02-13T13:22:01.615+0100] {processor.py:925} INFO - DAG(s) 'latest_only' retrieved from /home/gianotti/Documents/CryptoETL/.venv/lib/python3.12/site-packages/airflow/example_dags/example_latest_only.py
[2026-02-13T13:22:01.637+0100] {logging_mixin.py:190} INFO - [2026-02-13T13:22:01.636+0100] {dag.py:3239} INFO - Sync 1 DAGs
[2026-02-13T13:22:01.668+0100] {logging_mixin.py:190} INFO - [2026-02-13T13:22:01.667+0100] {dag.py:4180} INFO - Setting next_dagrun for latest_only to 2026-02-13 08:00:00+00:00, run_after=2026-02-13 12:00:00+00:00
[2026-02-13T13:22:01.697+0100] {processor.py:208} INFO - Processing /home/gianotti/Documents/CryptoETL/.venv/lib/python3.12/site-packages/airflow/example_dags/example_latest_only.py took 0.109 seconds
