[2026-02-13T12:55:13.006+0100] {processor.py:186} INFO - Started process (PID=34932) to work on /home/gianotti/Documents/CryptoETL/.venv/lib/python3.12/site-packages/airflow/example_dags/example_task_group_decorator.py
[2026-02-13T12:55:13.007+0100] {processor.py:914} INFO - Processing file /home/gianotti/Documents/CryptoETL/.venv/lib/python3.12/site-packages/airflow/example_dags/example_task_group_decorator.py for tasks to queue
[2026-02-13T12:55:13.010+0100] {logging_mixin.py:190} INFO - [2026-02-13T12:55:13.009+0100] {dagbag.py:588} INFO - Filling up the DagBag from /home/gianotti/Documents/CryptoETL/.venv/lib/python3.12/site-packages/airflow/example_dags/example_task_group_decorator.py
[2026-02-13T12:55:13.029+0100] {processor.py:925} INFO - DAG(s) 'example_task_group_decorator' retrieved from /home/gianotti/Documents/CryptoETL/.venv/lib/python3.12/site-packages/airflow/example_dags/example_task_group_decorator.py
[2026-02-13T12:55:13.118+0100] {logging_mixin.py:190} INFO - [2026-02-13T12:55:13.117+0100] {override.py:1930} INFO - Created Permission View: can edit on DAG:example_task_group_decorator
[2026-02-13T12:55:13.131+0100] {logging_mixin.py:190} INFO - [2026-02-13T12:55:13.130+0100] {override.py:1930} INFO - Created Permission View: can read on DAG:example_task_group_decorator
[2026-02-13T12:55:13.139+0100] {logging_mixin.py:190} INFO - [2026-02-13T12:55:13.139+0100] {override.py:1930} INFO - Created Permission View: can delete on DAG:example_task_group_decorator
[2026-02-13T12:55:13.152+0100] {logging_mixin.py:190} INFO - [2026-02-13T12:55:13.151+0100] {override.py:1930} INFO - Created Permission View: can create on DAG Run:example_task_group_decorator
[2026-02-13T12:55:13.160+0100] {logging_mixin.py:190} INFO - [2026-02-13T12:55:13.159+0100] {override.py:1930} INFO - Created Permission View: can read on DAG Run:example_task_group_decorator
[2026-02-13T12:55:13.167+0100] {logging_mixin.py:190} INFO - [2026-02-13T12:55:13.167+0100] {override.py:1930} INFO - Created Permission View: can delete on DAG Run:example_task_group_decorator
[2026-02-13T12:55:13.176+0100] {logging_mixin.py:190} INFO - [2026-02-13T12:55:13.175+0100] {override.py:1930} INFO - Created Permission View: menu access on DAG Run:example_task_group_decorator
[2026-02-13T12:55:13.176+0100] {logging_mixin.py:190} INFO - [2026-02-13T12:55:13.176+0100] {dag.py:3239} INFO - Sync 1 DAGs
[2026-02-13T12:55:13.189+0100] {logging_mixin.py:190} INFO - [2026-02-13T12:55:13.188+0100] {dag.py:3262} INFO - Creating ORM DAG for example_task_group_decorator
[2026-02-13T12:55:13.189+0100] {logging_mixin.py:190} INFO - [2026-02-13T12:55:13.189+0100] {dag.py:4180} INFO - Setting next_dagrun for example_task_group_decorator to None, run_after=None
[2026-02-13T12:55:13.207+0100] {processor.py:208} INFO - Processing /home/gianotti/Documents/CryptoETL/.venv/lib/python3.12/site-packages/airflow/example_dags/example_task_group_decorator.py took 0.211 seconds
[2026-02-13T12:56:19.996+0100] {processor.py:186} INFO - Started process (PID=35065) to work on /home/gianotti/Documents/CryptoETL/.venv/lib/python3.12/site-packages/airflow/example_dags/example_task_group_decorator.py
[2026-02-13T12:56:19.999+0100] {processor.py:914} INFO - Processing file /home/gianotti/Documents/CryptoETL/.venv/lib/python3.12/site-packages/airflow/example_dags/example_task_group_decorator.py for tasks to queue
[2026-02-13T12:56:20.002+0100] {logging_mixin.py:190} INFO - [2026-02-13T12:56:20.002+0100] {dagbag.py:588} INFO - Filling up the DagBag from /home/gianotti/Documents/CryptoETL/.venv/lib/python3.12/site-packages/airflow/example_dags/example_task_group_decorator.py
[2026-02-13T12:56:20.028+0100] {processor.py:925} INFO - DAG(s) 'example_task_group_decorator' retrieved from /home/gianotti/Documents/CryptoETL/.venv/lib/python3.12/site-packages/airflow/example_dags/example_task_group_decorator.py
[2026-02-13T12:56:20.055+0100] {logging_mixin.py:190} INFO - [2026-02-13T12:56:20.055+0100] {dag.py:3239} INFO - Sync 1 DAGs
[2026-02-13T12:56:20.074+0100] {logging_mixin.py:190} INFO - [2026-02-13T12:56:20.074+0100] {dag.py:4180} INFO - Setting next_dagrun for example_task_group_decorator to None, run_after=None
[2026-02-13T12:56:20.105+0100] {processor.py:208} INFO - Processing /home/gianotti/Documents/CryptoETL/.venv/lib/python3.12/site-packages/airflow/example_dags/example_task_group_decorator.py took 0.117 seconds
[2026-02-13T12:57:17.708+0100] {processor.py:186} INFO - Started process (PID=35152) to work on /home/gianotti/Documents/CryptoETL/.venv/lib/python3.12/site-packages/airflow/example_dags/example_task_group_decorator.py
[2026-02-13T12:57:17.711+0100] {processor.py:914} INFO - Processing file /home/gianotti/Documents/CryptoETL/.venv/lib/python3.12/site-packages/airflow/example_dags/example_task_group_decorator.py for tasks to queue
[2026-02-13T12:57:17.715+0100] {logging_mixin.py:190} INFO - [2026-02-13T12:57:17.714+0100] {dagbag.py:588} INFO - Filling up the DagBag from /home/gianotti/Documents/CryptoETL/.venv/lib/python3.12/site-packages/airflow/example_dags/example_task_group_decorator.py
[2026-02-13T12:57:17.741+0100] {processor.py:925} INFO - DAG(s) 'example_task_group_decorator' retrieved from /home/gianotti/Documents/CryptoETL/.venv/lib/python3.12/site-packages/airflow/example_dags/example_task_group_decorator.py
[2026-02-13T12:57:17.769+0100] {logging_mixin.py:190} INFO - [2026-02-13T12:57:17.768+0100] {dag.py:3239} INFO - Sync 1 DAGs
[2026-02-13T12:57:17.779+0100] {logging_mixin.py:190} INFO - [2026-02-13T12:57:17.779+0100] {dag.py:4180} INFO - Setting next_dagrun for example_task_group_decorator to None, run_after=None
[2026-02-13T12:57:17.797+0100] {processor.py:208} INFO - Processing /home/gianotti/Documents/CryptoETL/.venv/lib/python3.12/site-packages/airflow/example_dags/example_task_group_decorator.py took 0.098 seconds
[2026-02-13T12:58:16.239+0100] {processor.py:186} INFO - Started process (PID=35272) to work on /home/gianotti/Documents/CryptoETL/.venv/lib/python3.12/site-packages/airflow/example_dags/example_task_group_decorator.py
[2026-02-13T12:58:16.242+0100] {processor.py:914} INFO - Processing file /home/gianotti/Documents/CryptoETL/.venv/lib/python3.12/site-packages/airflow/example_dags/example_task_group_decorator.py for tasks to queue
[2026-02-13T12:58:16.246+0100] {logging_mixin.py:190} INFO - [2026-02-13T12:58:16.245+0100] {dagbag.py:588} INFO - Filling up the DagBag from /home/gianotti/Documents/CryptoETL/.venv/lib/python3.12/site-packages/airflow/example_dags/example_task_group_decorator.py
[2026-02-13T12:58:16.278+0100] {processor.py:925} INFO - DAG(s) 'example_task_group_decorator' retrieved from /home/gianotti/Documents/CryptoETL/.venv/lib/python3.12/site-packages/airflow/example_dags/example_task_group_decorator.py
[2026-02-13T12:58:16.313+0100] {logging_mixin.py:190} INFO - [2026-02-13T12:58:16.313+0100] {dag.py:3239} INFO - Sync 1 DAGs
[2026-02-13T12:58:16.332+0100] {logging_mixin.py:190} INFO - [2026-02-13T12:58:16.332+0100] {dag.py:4180} INFO - Setting next_dagrun for example_task_group_decorator to None, run_after=None
[2026-02-13T12:58:16.360+0100] {processor.py:208} INFO - Processing /home/gianotti/Documents/CryptoETL/.venv/lib/python3.12/site-packages/airflow/example_dags/example_task_group_decorator.py took 0.130 seconds
[2026-02-13T12:59:10.104+0100] {processor.py:186} INFO - Started process (PID=35412) to work on /home/gianotti/Documents/CryptoETL/.venv/lib/python3.12/site-packages/airflow/example_dags/example_task_group_decorator.py
[2026-02-13T12:59:10.107+0100] {processor.py:914} INFO - Processing file /home/gianotti/Documents/CryptoETL/.venv/lib/python3.12/site-packages/airflow/example_dags/example_task_group_decorator.py for tasks to queue
[2026-02-13T12:59:10.110+0100] {logging_mixin.py:190} INFO - [2026-02-13T12:59:10.109+0100] {dagbag.py:588} INFO - Filling up the DagBag from /home/gianotti/Documents/CryptoETL/.venv/lib/python3.12/site-packages/airflow/example_dags/example_task_group_decorator.py
[2026-02-13T12:59:10.137+0100] {processor.py:925} INFO - DAG(s) 'example_task_group_decorator' retrieved from /home/gianotti/Documents/CryptoETL/.venv/lib/python3.12/site-packages/airflow/example_dags/example_task_group_decorator.py
[2026-02-13T12:59:10.158+0100] {logging_mixin.py:190} INFO - [2026-02-13T12:59:10.158+0100] {dag.py:3239} INFO - Sync 1 DAGs
[2026-02-13T12:59:10.169+0100] {logging_mixin.py:190} INFO - [2026-02-13T12:59:10.169+0100] {dag.py:4180} INFO - Setting next_dagrun for example_task_group_decorator to None, run_after=None
[2026-02-13T12:59:10.189+0100] {processor.py:208} INFO - Processing /home/gianotti/Documents/CryptoETL/.venv/lib/python3.12/site-packages/airflow/example_dags/example_task_group_decorator.py took 0.094 seconds
[2026-02-13T13:00:05.472+0100] {processor.py:186} INFO - Started process (PID=35513) to work on /home/gianotti/Documents/CryptoETL/.venv/lib/python3.12/site-packages/airflow/example_dags/example_task_group_decorator.py
[2026-02-13T13:00:05.474+0100] {processor.py:914} INFO - Processing file /home/gianotti/Documents/CryptoETL/.venv/lib/python3.12/site-packages/airflow/example_dags/example_task_group_decorator.py for tasks to queue
[2026-02-13T13:00:05.476+0100] {logging_mixin.py:190} INFO - [2026-02-13T13:00:05.476+0100] {dagbag.py:588} INFO - Filling up the DagBag from /home/gianotti/Documents/CryptoETL/.venv/lib/python3.12/site-packages/airflow/example_dags/example_task_group_decorator.py
[2026-02-13T13:00:05.502+0100] {processor.py:925} INFO - DAG(s) 'example_task_group_decorator' retrieved from /home/gianotti/Documents/CryptoETL/.venv/lib/python3.12/site-packages/airflow/example_dags/example_task_group_decorator.py
[2026-02-13T13:00:05.523+0100] {logging_mixin.py:190} INFO - [2026-02-13T13:00:05.522+0100] {dag.py:3239} INFO - Sync 1 DAGs
[2026-02-13T13:00:05.534+0100] {logging_mixin.py:190} INFO - [2026-02-13T13:00:05.534+0100] {dag.py:4180} INFO - Setting next_dagrun for example_task_group_decorator to None, run_after=None
[2026-02-13T13:00:05.553+0100] {processor.py:208} INFO - Processing /home/gianotti/Documents/CryptoETL/.venv/lib/python3.12/site-packages/airflow/example_dags/example_task_group_decorator.py took 0.089 seconds
[2026-02-13T13:01:01.909+0100] {processor.py:186} INFO - Started process (PID=35625) to work on /home/gianotti/Documents/CryptoETL/.venv/lib/python3.12/site-packages/airflow/example_dags/example_task_group_decorator.py
[2026-02-13T13:01:01.912+0100] {processor.py:914} INFO - Processing file /home/gianotti/Documents/CryptoETL/.venv/lib/python3.12/site-packages/airflow/example_dags/example_task_group_decorator.py for tasks to queue
[2026-02-13T13:01:01.914+0100] {logging_mixin.py:190} INFO - [2026-02-13T13:01:01.913+0100] {dagbag.py:588} INFO - Filling up the DagBag from /home/gianotti/Documents/CryptoETL/.venv/lib/python3.12/site-packages/airflow/example_dags/example_task_group_decorator.py
[2026-02-13T13:01:01.942+0100] {processor.py:925} INFO - DAG(s) 'example_task_group_decorator' retrieved from /home/gianotti/Documents/CryptoETL/.venv/lib/python3.12/site-packages/airflow/example_dags/example_task_group_decorator.py
[2026-02-13T13:01:01.969+0100] {logging_mixin.py:190} INFO - [2026-02-13T13:01:01.969+0100] {dag.py:3239} INFO - Sync 1 DAGs
[2026-02-13T13:01:01.979+0100] {logging_mixin.py:190} INFO - [2026-02-13T13:01:01.979+0100] {dag.py:4180} INFO - Setting next_dagrun for example_task_group_decorator to None, run_after=None
[2026-02-13T13:01:01.997+0100] {processor.py:208} INFO - Processing /home/gianotti/Documents/CryptoETL/.venv/lib/python3.12/site-packages/airflow/example_dags/example_task_group_decorator.py took 0.098 seconds
[2026-02-13T13:02:01.855+0100] {processor.py:186} INFO - Started process (PID=35744) to work on /home/gianotti/Documents/CryptoETL/.venv/lib/python3.12/site-packages/airflow/example_dags/example_task_group_decorator.py
[2026-02-13T13:02:01.858+0100] {processor.py:914} INFO - Processing file /home/gianotti/Documents/CryptoETL/.venv/lib/python3.12/site-packages/airflow/example_dags/example_task_group_decorator.py for tasks to queue
[2026-02-13T13:02:01.860+0100] {logging_mixin.py:190} INFO - [2026-02-13T13:02:01.859+0100] {dagbag.py:588} INFO - Filling up the DagBag from /home/gianotti/Documents/CryptoETL/.venv/lib/python3.12/site-packages/airflow/example_dags/example_task_group_decorator.py
[2026-02-13T13:02:01.886+0100] {processor.py:925} INFO - DAG(s) 'example_task_group_decorator' retrieved from /home/gianotti/Documents/CryptoETL/.venv/lib/python3.12/site-packages/airflow/example_dags/example_task_group_decorator.py
[2026-02-13T13:02:01.911+0100] {logging_mixin.py:190} INFO - [2026-02-13T13:02:01.911+0100] {dag.py:3239} INFO - Sync 1 DAGs
[2026-02-13T13:02:01.921+0100] {logging_mixin.py:190} INFO - [2026-02-13T13:02:01.921+0100] {dag.py:4180} INFO - Setting next_dagrun for example_task_group_decorator to None, run_after=None
[2026-02-13T13:02:01.938+0100] {processor.py:208} INFO - Processing /home/gianotti/Documents/CryptoETL/.venv/lib/python3.12/site-packages/airflow/example_dags/example_task_group_decorator.py took 0.092 seconds
[2026-02-13T13:03:00.672+0100] {processor.py:186} INFO - Started process (PID=35855) to work on /home/gianotti/Documents/CryptoETL/.venv/lib/python3.12/site-packages/airflow/example_dags/example_task_group_decorator.py
[2026-02-13T13:03:00.674+0100] {processor.py:914} INFO - Processing file /home/gianotti/Documents/CryptoETL/.venv/lib/python3.12/site-packages/airflow/example_dags/example_task_group_decorator.py for tasks to queue
[2026-02-13T13:03:00.676+0100] {logging_mixin.py:190} INFO - [2026-02-13T13:03:00.675+0100] {dagbag.py:588} INFO - Filling up the DagBag from /home/gianotti/Documents/CryptoETL/.venv/lib/python3.12/site-packages/airflow/example_dags/example_task_group_decorator.py
[2026-02-13T13:03:00.697+0100] {processor.py:925} INFO - DAG(s) 'example_task_group_decorator' retrieved from /home/gianotti/Documents/CryptoETL/.venv/lib/python3.12/site-packages/airflow/example_dags/example_task_group_decorator.py
[2026-02-13T13:03:00.714+0100] {logging_mixin.py:190} INFO - [2026-02-13T13:03:00.714+0100] {dag.py:3239} INFO - Sync 1 DAGs
[2026-02-13T13:03:00.725+0100] {logging_mixin.py:190} INFO - [2026-02-13T13:03:00.725+0100] {dag.py:4180} INFO - Setting next_dagrun for example_task_group_decorator to None, run_after=None
[2026-02-13T13:03:00.744+0100] {processor.py:208} INFO - Processing /home/gianotti/Documents/CryptoETL/.venv/lib/python3.12/site-packages/airflow/example_dags/example_task_group_decorator.py took 0.080 seconds
[2026-02-13T13:03:57.405+0100] {processor.py:186} INFO - Started process (PID=35999) to work on /home/gianotti/Documents/CryptoETL/.venv/lib/python3.12/site-packages/airflow/example_dags/example_task_group_decorator.py
[2026-02-13T13:03:57.408+0100] {processor.py:914} INFO - Processing file /home/gianotti/Documents/CryptoETL/.venv/lib/python3.12/site-packages/airflow/example_dags/example_task_group_decorator.py for tasks to queue
[2026-02-13T13:03:57.409+0100] {logging_mixin.py:190} INFO - [2026-02-13T13:03:57.409+0100] {dagbag.py:588} INFO - Filling up the DagBag from /home/gianotti/Documents/CryptoETL/.venv/lib/python3.12/site-packages/airflow/example_dags/example_task_group_decorator.py
[2026-02-13T13:03:57.436+0100] {processor.py:925} INFO - DAG(s) 'example_task_group_decorator' retrieved from /home/gianotti/Documents/CryptoETL/.venv/lib/python3.12/site-packages/airflow/example_dags/example_task_group_decorator.py
[2026-02-13T13:03:57.467+0100] {logging_mixin.py:190} INFO - [2026-02-13T13:03:57.467+0100] {dag.py:3239} INFO - Sync 1 DAGs
[2026-02-13T13:03:57.487+0100] {logging_mixin.py:190} INFO - [2026-02-13T13:03:57.487+0100] {dag.py:4180} INFO - Setting next_dagrun for example_task_group_decorator to None, run_after=None
[2026-02-13T13:03:57.519+0100] {processor.py:208} INFO - Processing /home/gianotti/Documents/CryptoETL/.venv/lib/python3.12/site-packages/airflow/example_dags/example_task_group_decorator.py took 0.123 seconds
[2026-02-13T13:04:59.847+0100] {processor.py:186} INFO - Started process (PID=36127) to work on /home/gianotti/Documents/CryptoETL/.venv/lib/python3.12/site-packages/airflow/example_dags/example_task_group_decorator.py
[2026-02-13T13:04:59.850+0100] {processor.py:914} INFO - Processing file /home/gianotti/Documents/CryptoETL/.venv/lib/python3.12/site-packages/airflow/example_dags/example_task_group_decorator.py for tasks to queue
[2026-02-13T13:04:59.852+0100] {logging_mixin.py:190} INFO - [2026-02-13T13:04:59.851+0100] {dagbag.py:588} INFO - Filling up the DagBag from /home/gianotti/Documents/CryptoETL/.venv/lib/python3.12/site-packages/airflow/example_dags/example_task_group_decorator.py
[2026-02-13T13:04:59.878+0100] {processor.py:925} INFO - DAG(s) 'example_task_group_decorator' retrieved from /home/gianotti/Documents/CryptoETL/.venv/lib/python3.12/site-packages/airflow/example_dags/example_task_group_decorator.py
[2026-02-13T13:04:59.910+0100] {logging_mixin.py:190} INFO - [2026-02-13T13:04:59.910+0100] {dag.py:3239} INFO - Sync 1 DAGs
[2026-02-13T13:04:59.932+0100] {logging_mixin.py:190} INFO - [2026-02-13T13:04:59.931+0100] {dag.py:4180} INFO - Setting next_dagrun for example_task_group_decorator to None, run_after=None
[2026-02-13T13:04:59.964+0100] {processor.py:208} INFO - Processing /home/gianotti/Documents/CryptoETL/.venv/lib/python3.12/site-packages/airflow/example_dags/example_task_group_decorator.py took 0.126 seconds
[2026-02-13T13:06:04.609+0100] {processor.py:186} INFO - Started process (PID=36248) to work on /home/gianotti/Documents/CryptoETL/.venv/lib/python3.12/site-packages/airflow/example_dags/example_task_group_decorator.py
[2026-02-13T13:06:04.612+0100] {processor.py:914} INFO - Processing file /home/gianotti/Documents/CryptoETL/.venv/lib/python3.12/site-packages/airflow/example_dags/example_task_group_decorator.py for tasks to queue
[2026-02-13T13:06:04.614+0100] {logging_mixin.py:190} INFO - [2026-02-13T13:06:04.613+0100] {dagbag.py:588} INFO - Filling up the DagBag from /home/gianotti/Documents/CryptoETL/.venv/lib/python3.12/site-packages/airflow/example_dags/example_task_group_decorator.py
[2026-02-13T13:06:04.642+0100] {processor.py:925} INFO - DAG(s) 'example_task_group_decorator' retrieved from /home/gianotti/Documents/CryptoETL/.venv/lib/python3.12/site-packages/airflow/example_dags/example_task_group_decorator.py
[2026-02-13T13:06:04.674+0100] {logging_mixin.py:190} INFO - [2026-02-13T13:06:04.674+0100] {dag.py:3239} INFO - Sync 1 DAGs
[2026-02-13T13:06:04.695+0100] {logging_mixin.py:190} INFO - [2026-02-13T13:06:04.695+0100] {dag.py:4180} INFO - Setting next_dagrun for example_task_group_decorator to None, run_after=None
[2026-02-13T13:06:04.729+0100] {processor.py:208} INFO - Processing /home/gianotti/Documents/CryptoETL/.venv/lib/python3.12/site-packages/airflow/example_dags/example_task_group_decorator.py took 0.130 seconds
[2026-02-13T13:07:10.526+0100] {processor.py:186} INFO - Started process (PID=36326) to work on /home/gianotti/Documents/CryptoETL/.venv/lib/python3.12/site-packages/airflow/example_dags/example_task_group_decorator.py
[2026-02-13T13:07:10.529+0100] {processor.py:914} INFO - Processing file /home/gianotti/Documents/CryptoETL/.venv/lib/python3.12/site-packages/airflow/example_dags/example_task_group_decorator.py for tasks to queue
[2026-02-13T13:07:10.531+0100] {logging_mixin.py:190} INFO - [2026-02-13T13:07:10.531+0100] {dagbag.py:588} INFO - Filling up the DagBag from /home/gianotti/Documents/CryptoETL/.venv/lib/python3.12/site-packages/airflow/example_dags/example_task_group_decorator.py
[2026-02-13T13:07:10.563+0100] {processor.py:925} INFO - DAG(s) 'example_task_group_decorator' retrieved from /home/gianotti/Documents/CryptoETL/.venv/lib/python3.12/site-packages/airflow/example_dags/example_task_group_decorator.py
[2026-02-13T13:07:10.600+0100] {logging_mixin.py:190} INFO - [2026-02-13T13:07:10.600+0100] {dag.py:3239} INFO - Sync 1 DAGs
[2026-02-13T13:07:10.624+0100] {logging_mixin.py:190} INFO - [2026-02-13T13:07:10.624+0100] {dag.py:4180} INFO - Setting next_dagrun for example_task_group_decorator to None, run_after=None
[2026-02-13T13:07:10.660+0100] {processor.py:208} INFO - Processing /home/gianotti/Documents/CryptoETL/.venv/lib/python3.12/site-packages/airflow/example_dags/example_task_group_decorator.py took 0.144 seconds
[2026-02-13T13:08:21.694+0100] {processor.py:186} INFO - Started process (PID=36457) to work on /home/gianotti/Documents/CryptoETL/.venv/lib/python3.12/site-packages/airflow/example_dags/example_task_group_decorator.py
[2026-02-13T13:08:21.697+0100] {processor.py:914} INFO - Processing file /home/gianotti/Documents/CryptoETL/.venv/lib/python3.12/site-packages/airflow/example_dags/example_task_group_decorator.py for tasks to queue
[2026-02-13T13:08:21.699+0100] {logging_mixin.py:190} INFO - [2026-02-13T13:08:21.699+0100] {dagbag.py:588} INFO - Filling up the DagBag from /home/gianotti/Documents/CryptoETL/.venv/lib/python3.12/site-packages/airflow/example_dags/example_task_group_decorator.py
[2026-02-13T13:08:21.727+0100] {processor.py:925} INFO - DAG(s) 'example_task_group_decorator' retrieved from /home/gianotti/Documents/CryptoETL/.venv/lib/python3.12/site-packages/airflow/example_dags/example_task_group_decorator.py
[2026-02-13T13:08:21.759+0100] {logging_mixin.py:190} INFO - [2026-02-13T13:08:21.759+0100] {dag.py:3239} INFO - Sync 1 DAGs
[2026-02-13T13:08:21.781+0100] {logging_mixin.py:190} INFO - [2026-02-13T13:08:21.780+0100] {dag.py:4180} INFO - Setting next_dagrun for example_task_group_decorator to None, run_after=None
[2026-02-13T13:08:21.812+0100] {processor.py:208} INFO - Processing /home/gianotti/Documents/CryptoETL/.venv/lib/python3.12/site-packages/airflow/example_dags/example_task_group_decorator.py took 0.127 seconds
