[2026-02-13T12:55:11.644+0100] {processor.py:186} INFO - Started process (PID=34931) to work on /home/gianotti/Documents/CryptoETL/.venv/lib/python3.12/site-packages/airflow/example_dags/example_time_delta_sensor_async.py
[2026-02-13T12:55:11.645+0100] {processor.py:914} INFO - Processing file /home/gianotti/Documents/CryptoETL/.venv/lib/python3.12/site-packages/airflow/example_dags/example_time_delta_sensor_async.py for tasks to queue
[2026-02-13T12:55:11.648+0100] {logging_mixin.py:190} INFO - [2026-02-13T12:55:11.648+0100] {dagbag.py:588} INFO - Filling up the DagBag from /home/gianotti/Documents/CryptoETL/.venv/lib/python3.12/site-packages/airflow/example_dags/example_time_delta_sensor_async.py
[2026-02-13T12:55:11.661+0100] {processor.py:925} INFO - DAG(s) 'example_time_delta_sensor_async' retrieved from /home/gianotti/Documents/CryptoETL/.venv/lib/python3.12/site-packages/airflow/example_dags/example_time_delta_sensor_async.py
[2026-02-13T12:55:11.791+0100] {logging_mixin.py:190} INFO - [2026-02-13T12:55:11.790+0100] {override.py:1930} INFO - Created Permission View: can edit on DAG:example_time_delta_sensor_async
[2026-02-13T12:55:11.802+0100] {logging_mixin.py:190} INFO - [2026-02-13T12:55:11.802+0100] {override.py:1930} INFO - Created Permission View: can read on DAG:example_time_delta_sensor_async
[2026-02-13T12:55:11.810+0100] {logging_mixin.py:190} INFO - [2026-02-13T12:55:11.809+0100] {override.py:1930} INFO - Created Permission View: can delete on DAG:example_time_delta_sensor_async
[2026-02-13T12:55:11.823+0100] {logging_mixin.py:190} INFO - [2026-02-13T12:55:11.823+0100] {override.py:1930} INFO - Created Permission View: can create on DAG Run:example_time_delta_sensor_async
[2026-02-13T12:55:11.834+0100] {logging_mixin.py:190} INFO - [2026-02-13T12:55:11.834+0100] {override.py:1930} INFO - Created Permission View: can read on DAG Run:example_time_delta_sensor_async
[2026-02-13T12:55:11.847+0100] {logging_mixin.py:190} INFO - [2026-02-13T12:55:11.847+0100] {override.py:1930} INFO - Created Permission View: can delete on DAG Run:example_time_delta_sensor_async
[2026-02-13T12:55:11.859+0100] {logging_mixin.py:190} INFO - [2026-02-13T12:55:11.859+0100] {override.py:1930} INFO - Created Permission View: menu access on DAG Run:example_time_delta_sensor_async
[2026-02-13T12:55:11.860+0100] {logging_mixin.py:190} INFO - [2026-02-13T12:55:11.859+0100] {dag.py:3239} INFO - Sync 1 DAGs
[2026-02-13T12:55:11.881+0100] {logging_mixin.py:190} INFO - [2026-02-13T12:55:11.881+0100] {dag.py:3262} INFO - Creating ORM DAG for example_time_delta_sensor_async
[2026-02-13T12:55:11.882+0100] {logging_mixin.py:190} INFO - [2026-02-13T12:55:11.882+0100] {dag.py:4180} INFO - Setting next_dagrun for example_time_delta_sensor_async to None, run_after=None
[2026-02-13T12:55:11.909+0100] {processor.py:208} INFO - Processing /home/gianotti/Documents/CryptoETL/.venv/lib/python3.12/site-packages/airflow/example_dags/example_time_delta_sensor_async.py took 0.273 seconds
[2026-02-13T12:56:18.843+0100] {processor.py:186} INFO - Started process (PID=35064) to work on /home/gianotti/Documents/CryptoETL/.venv/lib/python3.12/site-packages/airflow/example_dags/example_time_delta_sensor_async.py
[2026-02-13T12:56:18.845+0100] {processor.py:914} INFO - Processing file /home/gianotti/Documents/CryptoETL/.venv/lib/python3.12/site-packages/airflow/example_dags/example_time_delta_sensor_async.py for tasks to queue
[2026-02-13T12:56:18.848+0100] {logging_mixin.py:190} INFO - [2026-02-13T12:56:18.847+0100] {dagbag.py:588} INFO - Filling up the DagBag from /home/gianotti/Documents/CryptoETL/.venv/lib/python3.12/site-packages/airflow/example_dags/example_time_delta_sensor_async.py
[2026-02-13T12:56:18.859+0100] {processor.py:925} INFO - DAG(s) 'example_time_delta_sensor_async' retrieved from /home/gianotti/Documents/CryptoETL/.venv/lib/python3.12/site-packages/airflow/example_dags/example_time_delta_sensor_async.py
[2026-02-13T12:56:18.879+0100] {logging_mixin.py:190} INFO - [2026-02-13T12:56:18.878+0100] {dag.py:3239} INFO - Sync 1 DAGs
[2026-02-13T12:56:18.895+0100] {logging_mixin.py:190} INFO - [2026-02-13T12:56:18.894+0100] {dag.py:4180} INFO - Setting next_dagrun for example_time_delta_sensor_async to None, run_after=None
[2026-02-13T12:56:18.914+0100] {processor.py:208} INFO - Processing /home/gianotti/Documents/CryptoETL/.venv/lib/python3.12/site-packages/airflow/example_dags/example_time_delta_sensor_async.py took 0.080 seconds
[2026-02-13T12:57:16.556+0100] {processor.py:186} INFO - Started process (PID=35151) to work on /home/gianotti/Documents/CryptoETL/.venv/lib/python3.12/site-packages/airflow/example_dags/example_time_delta_sensor_async.py
[2026-02-13T12:57:16.559+0100] {processor.py:914} INFO - Processing file /home/gianotti/Documents/CryptoETL/.venv/lib/python3.12/site-packages/airflow/example_dags/example_time_delta_sensor_async.py for tasks to queue
[2026-02-13T12:57:16.564+0100] {logging_mixin.py:190} INFO - [2026-02-13T12:57:16.563+0100] {dagbag.py:588} INFO - Filling up the DagBag from /home/gianotti/Documents/CryptoETL/.venv/lib/python3.12/site-packages/airflow/example_dags/example_time_delta_sensor_async.py
[2026-02-13T12:57:16.582+0100] {processor.py:925} INFO - DAG(s) 'example_time_delta_sensor_async' retrieved from /home/gianotti/Documents/CryptoETL/.venv/lib/python3.12/site-packages/airflow/example_dags/example_time_delta_sensor_async.py
[2026-02-13T12:57:16.602+0100] {logging_mixin.py:190} INFO - [2026-02-13T12:57:16.601+0100] {dag.py:3239} INFO - Sync 1 DAGs
[2026-02-13T12:57:16.614+0100] {logging_mixin.py:190} INFO - [2026-02-13T12:57:16.613+0100] {dag.py:4180} INFO - Setting next_dagrun for example_time_delta_sensor_async to None, run_after=None
[2026-02-13T12:57:16.631+0100] {processor.py:208} INFO - Processing /home/gianotti/Documents/CryptoETL/.venv/lib/python3.12/site-packages/airflow/example_dags/example_time_delta_sensor_async.py took 0.084 seconds
[2026-02-13T12:58:15.094+0100] {processor.py:186} INFO - Started process (PID=35271) to work on /home/gianotti/Documents/CryptoETL/.venv/lib/python3.12/site-packages/airflow/example_dags/example_time_delta_sensor_async.py
[2026-02-13T12:58:15.097+0100] {processor.py:914} INFO - Processing file /home/gianotti/Documents/CryptoETL/.venv/lib/python3.12/site-packages/airflow/example_dags/example_time_delta_sensor_async.py for tasks to queue
[2026-02-13T12:58:15.100+0100] {logging_mixin.py:190} INFO - [2026-02-13T12:58:15.100+0100] {dagbag.py:588} INFO - Filling up the DagBag from /home/gianotti/Documents/CryptoETL/.venv/lib/python3.12/site-packages/airflow/example_dags/example_time_delta_sensor_async.py
[2026-02-13T12:58:15.113+0100] {processor.py:925} INFO - DAG(s) 'example_time_delta_sensor_async' retrieved from /home/gianotti/Documents/CryptoETL/.venv/lib/python3.12/site-packages/airflow/example_dags/example_time_delta_sensor_async.py
[2026-02-13T12:58:15.135+0100] {logging_mixin.py:190} INFO - [2026-02-13T12:58:15.135+0100] {dag.py:3239} INFO - Sync 1 DAGs
[2026-02-13T12:58:15.148+0100] {logging_mixin.py:190} INFO - [2026-02-13T12:58:15.148+0100] {dag.py:4180} INFO - Setting next_dagrun for example_time_delta_sensor_async to None, run_after=None
[2026-02-13T12:58:15.165+0100] {processor.py:208} INFO - Processing /home/gianotti/Documents/CryptoETL/.venv/lib/python3.12/site-packages/airflow/example_dags/example_time_delta_sensor_async.py took 0.081 seconds
[2026-02-13T12:59:09.792+0100] {processor.py:186} INFO - Started process (PID=35411) to work on /home/gianotti/Documents/CryptoETL/.venv/lib/python3.12/site-packages/airflow/example_dags/example_time_delta_sensor_async.py
[2026-02-13T12:59:09.794+0100] {processor.py:914} INFO - Processing file /home/gianotti/Documents/CryptoETL/.venv/lib/python3.12/site-packages/airflow/example_dags/example_time_delta_sensor_async.py for tasks to queue
[2026-02-13T12:59:09.798+0100] {logging_mixin.py:190} INFO - [2026-02-13T12:59:09.797+0100] {dagbag.py:588} INFO - Filling up the DagBag from /home/gianotti/Documents/CryptoETL/.venv/lib/python3.12/site-packages/airflow/example_dags/example_time_delta_sensor_async.py
[2026-02-13T12:59:09.811+0100] {processor.py:925} INFO - DAG(s) 'example_time_delta_sensor_async' retrieved from /home/gianotti/Documents/CryptoETL/.venv/lib/python3.12/site-packages/airflow/example_dags/example_time_delta_sensor_async.py
[2026-02-13T12:59:09.833+0100] {logging_mixin.py:190} INFO - [2026-02-13T12:59:09.832+0100] {dag.py:3239} INFO - Sync 1 DAGs
[2026-02-13T12:59:09.847+0100] {logging_mixin.py:190} INFO - [2026-02-13T12:59:09.847+0100] {dag.py:4180} INFO - Setting next_dagrun for example_time_delta_sensor_async to None, run_after=None
[2026-02-13T12:59:09.866+0100] {processor.py:208} INFO - Processing /home/gianotti/Documents/CryptoETL/.venv/lib/python3.12/site-packages/airflow/example_dags/example_time_delta_sensor_async.py took 0.087 seconds
[2026-02-13T13:00:04.325+0100] {processor.py:186} INFO - Started process (PID=35512) to work on /home/gianotti/Documents/CryptoETL/.venv/lib/python3.12/site-packages/airflow/example_dags/example_time_delta_sensor_async.py
[2026-02-13T13:00:04.327+0100] {processor.py:914} INFO - Processing file /home/gianotti/Documents/CryptoETL/.venv/lib/python3.12/site-packages/airflow/example_dags/example_time_delta_sensor_async.py for tasks to queue
[2026-02-13T13:00:04.329+0100] {logging_mixin.py:190} INFO - [2026-02-13T13:00:04.329+0100] {dagbag.py:588} INFO - Filling up the DagBag from /home/gianotti/Documents/CryptoETL/.venv/lib/python3.12/site-packages/airflow/example_dags/example_time_delta_sensor_async.py
[2026-02-13T13:00:04.340+0100] {processor.py:925} INFO - DAG(s) 'example_time_delta_sensor_async' retrieved from /home/gianotti/Documents/CryptoETL/.venv/lib/python3.12/site-packages/airflow/example_dags/example_time_delta_sensor_async.py
[2026-02-13T13:00:04.362+0100] {logging_mixin.py:190} INFO - [2026-02-13T13:00:04.362+0100] {dag.py:3239} INFO - Sync 1 DAGs
[2026-02-13T13:00:04.381+0100] {logging_mixin.py:190} INFO - [2026-02-13T13:00:04.381+0100] {dag.py:4180} INFO - Setting next_dagrun for example_time_delta_sensor_async to None, run_after=None
[2026-02-13T13:00:04.403+0100] {processor.py:208} INFO - Processing /home/gianotti/Documents/CryptoETL/.venv/lib/python3.12/site-packages/airflow/example_dags/example_time_delta_sensor_async.py took 0.086 seconds
[2026-02-13T13:01:00.750+0100] {processor.py:186} INFO - Started process (PID=35624) to work on /home/gianotti/Documents/CryptoETL/.venv/lib/python3.12/site-packages/airflow/example_dags/example_time_delta_sensor_async.py
[2026-02-13T13:01:00.753+0100] {processor.py:914} INFO - Processing file /home/gianotti/Documents/CryptoETL/.venv/lib/python3.12/site-packages/airflow/example_dags/example_time_delta_sensor_async.py for tasks to queue
[2026-02-13T13:01:00.755+0100] {logging_mixin.py:190} INFO - [2026-02-13T13:01:00.754+0100] {dagbag.py:588} INFO - Filling up the DagBag from /home/gianotti/Documents/CryptoETL/.venv/lib/python3.12/site-packages/airflow/example_dags/example_time_delta_sensor_async.py
[2026-02-13T13:01:00.768+0100] {processor.py:925} INFO - DAG(s) 'example_time_delta_sensor_async' retrieved from /home/gianotti/Documents/CryptoETL/.venv/lib/python3.12/site-packages/airflow/example_dags/example_time_delta_sensor_async.py
[2026-02-13T13:01:00.792+0100] {logging_mixin.py:190} INFO - [2026-02-13T13:01:00.792+0100] {dag.py:3239} INFO - Sync 1 DAGs
[2026-02-13T13:01:00.810+0100] {logging_mixin.py:190} INFO - [2026-02-13T13:01:00.810+0100] {dag.py:4180} INFO - Setting next_dagrun for example_time_delta_sensor_async to None, run_after=None
[2026-02-13T13:01:00.832+0100] {processor.py:208} INFO - Processing /home/gianotti/Documents/CryptoETL/.venv/lib/python3.12/site-packages/airflow/example_dags/example_time_delta_sensor_async.py took 0.093 seconds
[2026-02-13T13:02:01.478+0100] {processor.py:186} INFO - Started process (PID=35743) to work on /home/gianotti/Documents/CryptoETL/.venv/lib/python3.12/site-packages/airflow/example_dags/example_time_delta_sensor_async.py
[2026-02-13T13:02:01.480+0100] {processor.py:914} INFO - Processing file /home/gianotti/Documents/CryptoETL/.venv/lib/python3.12/site-packages/airflow/example_dags/example_time_delta_sensor_async.py for tasks to queue
[2026-02-13T13:02:01.482+0100] {logging_mixin.py:190} INFO - [2026-02-13T13:02:01.482+0100] {dagbag.py:588} INFO - Filling up the DagBag from /home/gianotti/Documents/CryptoETL/.venv/lib/python3.12/site-packages/airflow/example_dags/example_time_delta_sensor_async.py
[2026-02-13T13:02:01.495+0100] {processor.py:925} INFO - DAG(s) 'example_time_delta_sensor_async' retrieved from /home/gianotti/Documents/CryptoETL/.venv/lib/python3.12/site-packages/airflow/example_dags/example_time_delta_sensor_async.py
[2026-02-13T13:02:01.519+0100] {logging_mixin.py:190} INFO - [2026-02-13T13:02:01.518+0100] {dag.py:3239} INFO - Sync 1 DAGs
[2026-02-13T13:02:01.537+0100] {logging_mixin.py:190} INFO - [2026-02-13T13:02:01.537+0100] {dag.py:4180} INFO - Setting next_dagrun for example_time_delta_sensor_async to None, run_after=None
[2026-02-13T13:02:01.557+0100] {processor.py:208} INFO - Processing /home/gianotti/Documents/CryptoETL/.venv/lib/python3.12/site-packages/airflow/example_dags/example_time_delta_sensor_async.py took 0.089 seconds
[2026-02-13T13:02:59.520+0100] {processor.py:186} INFO - Started process (PID=35854) to work on /home/gianotti/Documents/CryptoETL/.venv/lib/python3.12/site-packages/airflow/example_dags/example_time_delta_sensor_async.py
[2026-02-13T13:02:59.522+0100] {processor.py:914} INFO - Processing file /home/gianotti/Documents/CryptoETL/.venv/lib/python3.12/site-packages/airflow/example_dags/example_time_delta_sensor_async.py for tasks to queue
[2026-02-13T13:02:59.523+0100] {logging_mixin.py:190} INFO - [2026-02-13T13:02:59.523+0100] {dagbag.py:588} INFO - Filling up the DagBag from /home/gianotti/Documents/CryptoETL/.venv/lib/python3.12/site-packages/airflow/example_dags/example_time_delta_sensor_async.py
[2026-02-13T13:02:59.530+0100] {processor.py:925} INFO - DAG(s) 'example_time_delta_sensor_async' retrieved from /home/gianotti/Documents/CryptoETL/.venv/lib/python3.12/site-packages/airflow/example_dags/example_time_delta_sensor_async.py
[2026-02-13T13:02:59.541+0100] {logging_mixin.py:190} INFO - [2026-02-13T13:02:59.541+0100] {dag.py:3239} INFO - Sync 1 DAGs
[2026-02-13T13:02:59.553+0100] {logging_mixin.py:190} INFO - [2026-02-13T13:02:59.553+0100] {dag.py:4180} INFO - Setting next_dagrun for example_time_delta_sensor_async to None, run_after=None
[2026-02-13T13:02:59.573+0100] {processor.py:208} INFO - Processing /home/gianotti/Documents/CryptoETL/.venv/lib/python3.12/site-packages/airflow/example_dags/example_time_delta_sensor_async.py took 0.057 seconds
[2026-02-13T13:03:56.130+0100] {processor.py:186} INFO - Started process (PID=35998) to work on /home/gianotti/Documents/CryptoETL/.venv/lib/python3.12/site-packages/airflow/example_dags/example_time_delta_sensor_async.py
[2026-02-13T13:03:56.133+0100] {processor.py:914} INFO - Processing file /home/gianotti/Documents/CryptoETL/.venv/lib/python3.12/site-packages/airflow/example_dags/example_time_delta_sensor_async.py for tasks to queue
[2026-02-13T13:03:56.135+0100] {logging_mixin.py:190} INFO - [2026-02-13T13:03:56.134+0100] {dagbag.py:588} INFO - Filling up the DagBag from /home/gianotti/Documents/CryptoETL/.venv/lib/python3.12/site-packages/airflow/example_dags/example_time_delta_sensor_async.py
[2026-02-13T13:03:56.147+0100] {processor.py:925} INFO - DAG(s) 'example_time_delta_sensor_async' retrieved from /home/gianotti/Documents/CryptoETL/.venv/lib/python3.12/site-packages/airflow/example_dags/example_time_delta_sensor_async.py
[2026-02-13T13:03:56.171+0100] {logging_mixin.py:190} INFO - [2026-02-13T13:03:56.171+0100] {dag.py:3239} INFO - Sync 1 DAGs
[2026-02-13T13:03:56.192+0100] {logging_mixin.py:190} INFO - [2026-02-13T13:03:56.192+0100] {dag.py:4180} INFO - Setting next_dagrun for example_time_delta_sensor_async to None, run_after=None
[2026-02-13T13:03:56.225+0100] {processor.py:208} INFO - Processing /home/gianotti/Documents/CryptoETL/.venv/lib/python3.12/site-packages/airflow/example_dags/example_time_delta_sensor_async.py took 0.104 seconds
[2026-02-13T13:04:58.571+0100] {processor.py:186} INFO - Started process (PID=36122) to work on /home/gianotti/Documents/CryptoETL/.venv/lib/python3.12/site-packages/airflow/example_dags/example_time_delta_sensor_async.py
[2026-02-13T13:04:58.574+0100] {processor.py:914} INFO - Processing file /home/gianotti/Documents/CryptoETL/.venv/lib/python3.12/site-packages/airflow/example_dags/example_time_delta_sensor_async.py for tasks to queue
[2026-02-13T13:04:58.576+0100] {logging_mixin.py:190} INFO - [2026-02-13T13:04:58.575+0100] {dagbag.py:588} INFO - Filling up the DagBag from /home/gianotti/Documents/CryptoETL/.venv/lib/python3.12/site-packages/airflow/example_dags/example_time_delta_sensor_async.py
[2026-02-13T13:04:58.588+0100] {processor.py:925} INFO - DAG(s) 'example_time_delta_sensor_async' retrieved from /home/gianotti/Documents/CryptoETL/.venv/lib/python3.12/site-packages/airflow/example_dags/example_time_delta_sensor_async.py
[2026-02-13T13:04:58.613+0100] {logging_mixin.py:190} INFO - [2026-02-13T13:04:58.613+0100] {dag.py:3239} INFO - Sync 1 DAGs
[2026-02-13T13:04:58.636+0100] {logging_mixin.py:190} INFO - [2026-02-13T13:04:58.636+0100] {dag.py:4180} INFO - Setting next_dagrun for example_time_delta_sensor_async to None, run_after=None
[2026-02-13T13:04:58.675+0100] {processor.py:208} INFO - Processing /home/gianotti/Documents/CryptoETL/.venv/lib/python3.12/site-packages/airflow/example_dags/example_time_delta_sensor_async.py took 0.114 seconds
[2026-02-13T13:06:03.344+0100] {processor.py:186} INFO - Started process (PID=36245) to work on /home/gianotti/Documents/CryptoETL/.venv/lib/python3.12/site-packages/airflow/example_dags/example_time_delta_sensor_async.py
[2026-02-13T13:06:03.347+0100] {processor.py:914} INFO - Processing file /home/gianotti/Documents/CryptoETL/.venv/lib/python3.12/site-packages/airflow/example_dags/example_time_delta_sensor_async.py for tasks to queue
[2026-02-13T13:06:03.348+0100] {logging_mixin.py:190} INFO - [2026-02-13T13:06:03.348+0100] {dagbag.py:588} INFO - Filling up the DagBag from /home/gianotti/Documents/CryptoETL/.venv/lib/python3.12/site-packages/airflow/example_dags/example_time_delta_sensor_async.py
[2026-02-13T13:06:03.358+0100] {processor.py:925} INFO - DAG(s) 'example_time_delta_sensor_async' retrieved from /home/gianotti/Documents/CryptoETL/.venv/lib/python3.12/site-packages/airflow/example_dags/example_time_delta_sensor_async.py
[2026-02-13T13:06:03.382+0100] {logging_mixin.py:190} INFO - [2026-02-13T13:06:03.381+0100] {dag.py:3239} INFO - Sync 1 DAGs
[2026-02-13T13:06:03.403+0100] {logging_mixin.py:190} INFO - [2026-02-13T13:06:03.402+0100] {dag.py:4180} INFO - Setting next_dagrun for example_time_delta_sensor_async to None, run_after=None
[2026-02-13T13:06:03.434+0100] {processor.py:208} INFO - Processing /home/gianotti/Documents/CryptoETL/.venv/lib/python3.12/site-packages/airflow/example_dags/example_time_delta_sensor_async.py took 0.098 seconds
[2026-02-13T13:07:09.240+0100] {processor.py:186} INFO - Started process (PID=36324) to work on /home/gianotti/Documents/CryptoETL/.venv/lib/python3.12/site-packages/airflow/example_dags/example_time_delta_sensor_async.py
[2026-02-13T13:07:09.242+0100] {processor.py:914} INFO - Processing file /home/gianotti/Documents/CryptoETL/.venv/lib/python3.12/site-packages/airflow/example_dags/example_time_delta_sensor_async.py for tasks to queue
[2026-02-13T13:07:09.244+0100] {logging_mixin.py:190} INFO - [2026-02-13T13:07:09.244+0100] {dagbag.py:588} INFO - Filling up the DagBag from /home/gianotti/Documents/CryptoETL/.venv/lib/python3.12/site-packages/airflow/example_dags/example_time_delta_sensor_async.py
[2026-02-13T13:07:09.257+0100] {processor.py:925} INFO - DAG(s) 'example_time_delta_sensor_async' retrieved from /home/gianotti/Documents/CryptoETL/.venv/lib/python3.12/site-packages/airflow/example_dags/example_time_delta_sensor_async.py
[2026-02-13T13:07:09.284+0100] {logging_mixin.py:190} INFO - [2026-02-13T13:07:09.284+0100] {dag.py:3239} INFO - Sync 1 DAGs
[2026-02-13T13:07:09.308+0100] {logging_mixin.py:190} INFO - [2026-02-13T13:07:09.308+0100] {dag.py:4180} INFO - Setting next_dagrun for example_time_delta_sensor_async to None, run_after=None
[2026-02-13T13:07:09.346+0100] {processor.py:208} INFO - Processing /home/gianotti/Documents/CryptoETL/.venv/lib/python3.12/site-packages/airflow/example_dags/example_time_delta_sensor_async.py took 0.116 seconds
[2026-02-13T13:08:20.648+0100] {processor.py:186} INFO - Started process (PID=36456) to work on /home/gianotti/Documents/CryptoETL/.venv/lib/python3.12/site-packages/airflow/example_dags/example_time_delta_sensor_async.py
[2026-02-13T13:08:20.651+0100] {processor.py:914} INFO - Processing file /home/gianotti/Documents/CryptoETL/.venv/lib/python3.12/site-packages/airflow/example_dags/example_time_delta_sensor_async.py for tasks to queue
[2026-02-13T13:08:20.653+0100] {logging_mixin.py:190} INFO - [2026-02-13T13:08:20.652+0100] {dagbag.py:588} INFO - Filling up the DagBag from /home/gianotti/Documents/CryptoETL/.venv/lib/python3.12/site-packages/airflow/example_dags/example_time_delta_sensor_async.py
[2026-02-13T13:08:20.665+0100] {processor.py:925} INFO - DAG(s) 'example_time_delta_sensor_async' retrieved from /home/gianotti/Documents/CryptoETL/.venv/lib/python3.12/site-packages/airflow/example_dags/example_time_delta_sensor_async.py
[2026-02-13T13:08:20.689+0100] {logging_mixin.py:190} INFO - [2026-02-13T13:08:20.689+0100] {dag.py:3239} INFO - Sync 1 DAGs
[2026-02-13T13:08:20.710+0100] {logging_mixin.py:190} INFO - [2026-02-13T13:08:20.709+0100] {dag.py:4180} INFO - Setting next_dagrun for example_time_delta_sensor_async to None, run_after=None
[2026-02-13T13:08:20.741+0100] {processor.py:208} INFO - Processing /home/gianotti/Documents/CryptoETL/.venv/lib/python3.12/site-packages/airflow/example_dags/example_time_delta_sensor_async.py took 0.102 seconds
[2026-02-13T13:09:27.000+0100] {processor.py:186} INFO - Started process (PID=36563) to work on /home/gianotti/Documents/CryptoETL/.venv/lib/python3.12/site-packages/airflow/example_dags/example_time_delta_sensor_async.py
[2026-02-13T13:09:27.001+0100] {processor.py:914} INFO - Processing file /home/gianotti/Documents/CryptoETL/.venv/lib/python3.12/site-packages/airflow/example_dags/example_time_delta_sensor_async.py for tasks to queue
[2026-02-13T13:09:27.003+0100] {logging_mixin.py:190} INFO - [2026-02-13T13:09:27.003+0100] {dagbag.py:588} INFO - Filling up the DagBag from /home/gianotti/Documents/CryptoETL/.venv/lib/python3.12/site-packages/airflow/example_dags/example_time_delta_sensor_async.py
[2026-02-13T13:09:27.017+0100] {processor.py:925} INFO - DAG(s) 'example_time_delta_sensor_async' retrieved from /home/gianotti/Documents/CryptoETL/.venv/lib/python3.12/site-packages/airflow/example_dags/example_time_delta_sensor_async.py
[2026-02-13T13:09:27.047+0100] {logging_mixin.py:190} INFO - [2026-02-13T13:09:27.046+0100] {dag.py:3239} INFO - Sync 1 DAGs
[2026-02-13T13:09:27.072+0100] {logging_mixin.py:190} INFO - [2026-02-13T13:09:27.071+0100] {dag.py:4180} INFO - Setting next_dagrun for example_time_delta_sensor_async to None, run_after=None
[2026-02-13T13:09:27.107+0100] {processor.py:208} INFO - Processing /home/gianotti/Documents/CryptoETL/.venv/lib/python3.12/site-packages/airflow/example_dags/example_time_delta_sensor_async.py took 0.117 seconds
[2026-02-13T13:10:38.691+0100] {processor.py:186} INFO - Started process (PID=36695) to work on /home/gianotti/Documents/CryptoETL/.venv/lib/python3.12/site-packages/airflow/example_dags/example_time_delta_sensor_async.py
[2026-02-13T13:10:38.693+0100] {processor.py:914} INFO - Processing file /home/gianotti/Documents/CryptoETL/.venv/lib/python3.12/site-packages/airflow/example_dags/example_time_delta_sensor_async.py for tasks to queue
[2026-02-13T13:10:38.696+0100] {logging_mixin.py:190} INFO - [2026-02-13T13:10:38.695+0100] {dagbag.py:588} INFO - Filling up the DagBag from /home/gianotti/Documents/CryptoETL/.venv/lib/python3.12/site-packages/airflow/example_dags/example_time_delta_sensor_async.py
[2026-02-13T13:10:38.709+0100] {processor.py:925} INFO - DAG(s) 'example_time_delta_sensor_async' retrieved from /home/gianotti/Documents/CryptoETL/.venv/lib/python3.12/site-packages/airflow/example_dags/example_time_delta_sensor_async.py
[2026-02-13T13:10:38.734+0100] {logging_mixin.py:190} INFO - [2026-02-13T13:10:38.733+0100] {dag.py:3239} INFO - Sync 1 DAGs
[2026-02-13T13:10:38.755+0100] {logging_mixin.py:190} INFO - [2026-02-13T13:10:38.754+0100] {dag.py:4180} INFO - Setting next_dagrun for example_time_delta_sensor_async to None, run_after=None
[2026-02-13T13:10:38.786+0100] {processor.py:208} INFO - Processing /home/gianotti/Documents/CryptoETL/.venv/lib/python3.12/site-packages/airflow/example_dags/example_time_delta_sensor_async.py took 0.107 seconds
[2026-02-13T13:11:43.746+0100] {processor.py:186} INFO - Started process (PID=36774) to work on /home/gianotti/Documents/CryptoETL/.venv/lib/python3.12/site-packages/airflow/example_dags/example_time_delta_sensor_async.py
[2026-02-13T13:11:43.749+0100] {processor.py:914} INFO - Processing file /home/gianotti/Documents/CryptoETL/.venv/lib/python3.12/site-packages/airflow/example_dags/example_time_delta_sensor_async.py for tasks to queue
[2026-02-13T13:11:43.751+0100] {logging_mixin.py:190} INFO - [2026-02-13T13:11:43.750+0100] {dagbag.py:588} INFO - Filling up the DagBag from /home/gianotti/Documents/CryptoETL/.venv/lib/python3.12/site-packages/airflow/example_dags/example_time_delta_sensor_async.py
[2026-02-13T13:11:43.762+0100] {processor.py:925} INFO - DAG(s) 'example_time_delta_sensor_async' retrieved from /home/gianotti/Documents/CryptoETL/.venv/lib/python3.12/site-packages/airflow/example_dags/example_time_delta_sensor_async.py
[2026-02-13T13:11:43.785+0100] {logging_mixin.py:190} INFO - [2026-02-13T13:11:43.785+0100] {dag.py:3239} INFO - Sync 1 DAGs
[2026-02-13T13:11:43.807+0100] {logging_mixin.py:190} INFO - [2026-02-13T13:11:43.806+0100] {dag.py:4180} INFO - Setting next_dagrun for example_time_delta_sensor_async to None, run_after=None
[2026-02-13T13:11:43.838+0100] {processor.py:208} INFO - Processing /home/gianotti/Documents/CryptoETL/.venv/lib/python3.12/site-packages/airflow/example_dags/example_time_delta_sensor_async.py took 0.100 seconds
