[2026-02-13T12:55:27.662+0100] {processor.py:186} INFO - Started process (PID=34955) to work on /home/gianotti/Documents/CryptoETL/.venv/lib/python3.12/site-packages/airflow/example_dags/example_python_operator.py
[2026-02-13T12:55:27.663+0100] {processor.py:914} INFO - Processing file /home/gianotti/Documents/CryptoETL/.venv/lib/python3.12/site-packages/airflow/example_dags/example_python_operator.py for tasks to queue
[2026-02-13T12:55:27.666+0100] {logging_mixin.py:190} INFO - [2026-02-13T12:55:27.666+0100] {dagbag.py:588} INFO - Filling up the DagBag from /home/gianotti/Documents/CryptoETL/.venv/lib/python3.12/site-packages/airflow/example_dags/example_python_operator.py
[2026-02-13T12:55:27.681+0100] {logging_mixin.py:190} INFO - [2026-02-13T12:55:27.681+0100] {example_python_operator.py:93} WARNING - The virtalenv_python example task requires virtualenv, please install it.
[2026-02-13T12:55:27.685+0100] {processor.py:925} INFO - DAG(s) 'example_python_operator' retrieved from /home/gianotti/Documents/CryptoETL/.venv/lib/python3.12/site-packages/airflow/example_dags/example_python_operator.py
[2026-02-13T12:55:27.782+0100] {logging_mixin.py:190} INFO - [2026-02-13T12:55:27.781+0100] {override.py:1930} INFO - Created Permission View: can edit on DAG:example_python_operator
[2026-02-13T12:55:27.794+0100] {logging_mixin.py:190} INFO - [2026-02-13T12:55:27.793+0100] {override.py:1930} INFO - Created Permission View: can read on DAG:example_python_operator
[2026-02-13T12:55:27.803+0100] {logging_mixin.py:190} INFO - [2026-02-13T12:55:27.802+0100] {override.py:1930} INFO - Created Permission View: can delete on DAG:example_python_operator
[2026-02-13T12:55:27.817+0100] {logging_mixin.py:190} INFO - [2026-02-13T12:55:27.817+0100] {override.py:1930} INFO - Created Permission View: can create on DAG Run:example_python_operator
[2026-02-13T12:55:27.828+0100] {logging_mixin.py:190} INFO - [2026-02-13T12:55:27.827+0100] {override.py:1930} INFO - Created Permission View: can read on DAG Run:example_python_operator
[2026-02-13T12:55:27.836+0100] {logging_mixin.py:190} INFO - [2026-02-13T12:55:27.836+0100] {override.py:1930} INFO - Created Permission View: can delete on DAG Run:example_python_operator
[2026-02-13T12:55:27.845+0100] {logging_mixin.py:190} INFO - [2026-02-13T12:55:27.845+0100] {override.py:1930} INFO - Created Permission View: menu access on DAG Run:example_python_operator
[2026-02-13T12:55:27.846+0100] {logging_mixin.py:190} INFO - [2026-02-13T12:55:27.846+0100] {dag.py:3239} INFO - Sync 1 DAGs
[2026-02-13T12:55:27.858+0100] {logging_mixin.py:190} INFO - [2026-02-13T12:55:27.858+0100] {dag.py:3262} INFO - Creating ORM DAG for example_python_operator
[2026-02-13T12:55:27.859+0100] {logging_mixin.py:190} INFO - [2026-02-13T12:55:27.858+0100] {dag.py:4180} INFO - Setting next_dagrun for example_python_operator to None, run_after=None
[2026-02-13T12:55:27.879+0100] {processor.py:208} INFO - Processing /home/gianotti/Documents/CryptoETL/.venv/lib/python3.12/site-packages/airflow/example_dags/example_python_operator.py took 0.222 seconds
[2026-02-13T12:56:31.601+0100] {processor.py:186} INFO - Started process (PID=35077) to work on /home/gianotti/Documents/CryptoETL/.venv/lib/python3.12/site-packages/airflow/example_dags/example_python_operator.py
[2026-02-13T12:56:31.604+0100] {processor.py:914} INFO - Processing file /home/gianotti/Documents/CryptoETL/.venv/lib/python3.12/site-packages/airflow/example_dags/example_python_operator.py for tasks to queue
[2026-02-13T12:56:31.608+0100] {logging_mixin.py:190} INFO - [2026-02-13T12:56:31.607+0100] {dagbag.py:588} INFO - Filling up the DagBag from /home/gianotti/Documents/CryptoETL/.venv/lib/python3.12/site-packages/airflow/example_dags/example_python_operator.py
[2026-02-13T12:56:31.622+0100] {logging_mixin.py:190} INFO - [2026-02-13T12:56:31.621+0100] {example_python_operator.py:93} WARNING - The virtalenv_python example task requires virtualenv, please install it.
[2026-02-13T12:56:31.625+0100] {processor.py:925} INFO - DAG(s) 'example_python_operator' retrieved from /home/gianotti/Documents/CryptoETL/.venv/lib/python3.12/site-packages/airflow/example_dags/example_python_operator.py
[2026-02-13T12:56:31.643+0100] {logging_mixin.py:190} INFO - [2026-02-13T12:56:31.643+0100] {dag.py:3239} INFO - Sync 1 DAGs
[2026-02-13T12:56:31.654+0100] {logging_mixin.py:190} INFO - [2026-02-13T12:56:31.654+0100] {dag.py:4180} INFO - Setting next_dagrun for example_python_operator to None, run_after=None
[2026-02-13T12:56:31.672+0100] {processor.py:208} INFO - Processing /home/gianotti/Documents/CryptoETL/.venv/lib/python3.12/site-packages/airflow/example_dags/example_python_operator.py took 0.081 seconds
[2026-02-13T12:57:30.139+0100] {processor.py:186} INFO - Started process (PID=35180) to work on /home/gianotti/Documents/CryptoETL/.venv/lib/python3.12/site-packages/airflow/example_dags/example_python_operator.py
[2026-02-13T12:57:30.141+0100] {processor.py:914} INFO - Processing file /home/gianotti/Documents/CryptoETL/.venv/lib/python3.12/site-packages/airflow/example_dags/example_python_operator.py for tasks to queue
[2026-02-13T12:57:30.145+0100] {logging_mixin.py:190} INFO - [2026-02-13T12:57:30.144+0100] {dagbag.py:588} INFO - Filling up the DagBag from /home/gianotti/Documents/CryptoETL/.venv/lib/python3.12/site-packages/airflow/example_dags/example_python_operator.py
[2026-02-13T12:57:30.156+0100] {logging_mixin.py:190} INFO - [2026-02-13T12:57:30.156+0100] {example_python_operator.py:93} WARNING - The virtalenv_python example task requires virtualenv, please install it.
[2026-02-13T12:57:30.160+0100] {processor.py:925} INFO - DAG(s) 'example_python_operator' retrieved from /home/gianotti/Documents/CryptoETL/.venv/lib/python3.12/site-packages/airflow/example_dags/example_python_operator.py
[2026-02-13T12:57:30.180+0100] {logging_mixin.py:190} INFO - [2026-02-13T12:57:30.180+0100] {dag.py:3239} INFO - Sync 1 DAGs
[2026-02-13T12:57:30.190+0100] {logging_mixin.py:190} INFO - [2026-02-13T12:57:30.190+0100] {dag.py:4180} INFO - Setting next_dagrun for example_python_operator to None, run_after=None
[2026-02-13T12:57:30.208+0100] {processor.py:208} INFO - Processing /home/gianotti/Documents/CryptoETL/.venv/lib/python3.12/site-packages/airflow/example_dags/example_python_operator.py took 0.078 seconds
[2026-02-13T12:58:27.389+0100] {processor.py:186} INFO - Started process (PID=35323) to work on /home/gianotti/Documents/CryptoETL/.venv/lib/python3.12/site-packages/airflow/example_dags/example_python_operator.py
[2026-02-13T12:58:27.392+0100] {processor.py:914} INFO - Processing file /home/gianotti/Documents/CryptoETL/.venv/lib/python3.12/site-packages/airflow/example_dags/example_python_operator.py for tasks to queue
[2026-02-13T12:58:27.395+0100] {logging_mixin.py:190} INFO - [2026-02-13T12:58:27.395+0100] {dagbag.py:588} INFO - Filling up the DagBag from /home/gianotti/Documents/CryptoETL/.venv/lib/python3.12/site-packages/airflow/example_dags/example_python_operator.py
[2026-02-13T12:58:27.408+0100] {logging_mixin.py:190} INFO - [2026-02-13T12:58:27.407+0100] {example_python_operator.py:93} WARNING - The virtalenv_python example task requires virtualenv, please install it.
[2026-02-13T12:58:27.413+0100] {processor.py:925} INFO - DAG(s) 'example_python_operator' retrieved from /home/gianotti/Documents/CryptoETL/.venv/lib/python3.12/site-packages/airflow/example_dags/example_python_operator.py
[2026-02-13T12:58:27.442+0100] {logging_mixin.py:190} INFO - [2026-02-13T12:58:27.441+0100] {dag.py:3239} INFO - Sync 1 DAGs
[2026-02-13T12:58:27.454+0100] {logging_mixin.py:190} INFO - [2026-02-13T12:58:27.453+0100] {dag.py:4180} INFO - Setting next_dagrun for example_python_operator to None, run_after=None
[2026-02-13T12:58:27.473+0100] {processor.py:208} INFO - Processing /home/gianotti/Documents/CryptoETL/.venv/lib/python3.12/site-packages/airflow/example_dags/example_python_operator.py took 0.093 seconds
[2026-02-13T12:59:25.758+0100] {processor.py:186} INFO - Started process (PID=35445) to work on /home/gianotti/Documents/CryptoETL/.venv/lib/python3.12/site-packages/airflow/example_dags/example_python_operator.py
[2026-02-13T12:59:25.760+0100] {processor.py:914} INFO - Processing file /home/gianotti/Documents/CryptoETL/.venv/lib/python3.12/site-packages/airflow/example_dags/example_python_operator.py for tasks to queue
[2026-02-13T12:59:25.764+0100] {logging_mixin.py:190} INFO - [2026-02-13T12:59:25.763+0100] {dagbag.py:588} INFO - Filling up the DagBag from /home/gianotti/Documents/CryptoETL/.venv/lib/python3.12/site-packages/airflow/example_dags/example_python_operator.py
[2026-02-13T12:59:25.776+0100] {logging_mixin.py:190} INFO - [2026-02-13T12:59:25.775+0100] {example_python_operator.py:93} WARNING - The virtalenv_python example task requires virtualenv, please install it.
[2026-02-13T12:59:25.780+0100] {processor.py:925} INFO - DAG(s) 'example_python_operator' retrieved from /home/gianotti/Documents/CryptoETL/.venv/lib/python3.12/site-packages/airflow/example_dags/example_python_operator.py
[2026-02-13T12:59:25.804+0100] {logging_mixin.py:190} INFO - [2026-02-13T12:59:25.804+0100] {dag.py:3239} INFO - Sync 1 DAGs
[2026-02-13T12:59:25.815+0100] {logging_mixin.py:190} INFO - [2026-02-13T12:59:25.815+0100] {dag.py:4180} INFO - Setting next_dagrun for example_python_operator to None, run_after=None
[2026-02-13T12:59:25.834+0100] {processor.py:208} INFO - Processing /home/gianotti/Documents/CryptoETL/.venv/lib/python3.12/site-packages/airflow/example_dags/example_python_operator.py took 0.085 seconds
[2026-02-13T13:00:23.670+0100] {processor.py:186} INFO - Started process (PID=35548) to work on /home/gianotti/Documents/CryptoETL/.venv/lib/python3.12/site-packages/airflow/example_dags/example_python_operator.py
[2026-02-13T13:00:23.671+0100] {processor.py:914} INFO - Processing file /home/gianotti/Documents/CryptoETL/.venv/lib/python3.12/site-packages/airflow/example_dags/example_python_operator.py for tasks to queue
[2026-02-13T13:00:23.672+0100] {logging_mixin.py:190} INFO - [2026-02-13T13:00:23.672+0100] {dagbag.py:588} INFO - Filling up the DagBag from /home/gianotti/Documents/CryptoETL/.venv/lib/python3.12/site-packages/airflow/example_dags/example_python_operator.py
[2026-02-13T13:00:23.678+0100] {logging_mixin.py:190} INFO - [2026-02-13T13:00:23.678+0100] {example_python_operator.py:93} WARNING - The virtalenv_python example task requires virtualenv, please install it.
[2026-02-13T13:00:23.680+0100] {processor.py:925} INFO - DAG(s) 'example_python_operator' retrieved from /home/gianotti/Documents/CryptoETL/.venv/lib/python3.12/site-packages/airflow/example_dags/example_python_operator.py
[2026-02-13T13:00:23.693+0100] {logging_mixin.py:190} INFO - [2026-02-13T13:00:23.693+0100] {dag.py:3239} INFO - Sync 1 DAGs
[2026-02-13T13:00:23.706+0100] {logging_mixin.py:190} INFO - [2026-02-13T13:00:23.705+0100] {dag.py:4180} INFO - Setting next_dagrun for example_python_operator to None, run_after=None
[2026-02-13T13:00:23.724+0100] {processor.py:208} INFO - Processing /home/gianotti/Documents/CryptoETL/.venv/lib/python3.12/site-packages/airflow/example_dags/example_python_operator.py took 0.059 seconds
[2026-02-13T13:01:24.568+0100] {processor.py:186} INFO - Started process (PID=35668) to work on /home/gianotti/Documents/CryptoETL/.venv/lib/python3.12/site-packages/airflow/example_dags/example_python_operator.py
[2026-02-13T13:01:24.570+0100] {processor.py:914} INFO - Processing file /home/gianotti/Documents/CryptoETL/.venv/lib/python3.12/site-packages/airflow/example_dags/example_python_operator.py for tasks to queue
[2026-02-13T13:01:24.571+0100] {logging_mixin.py:190} INFO - [2026-02-13T13:01:24.571+0100] {dagbag.py:588} INFO - Filling up the DagBag from /home/gianotti/Documents/CryptoETL/.venv/lib/python3.12/site-packages/airflow/example_dags/example_python_operator.py
[2026-02-13T13:01:24.578+0100] {logging_mixin.py:190} INFO - [2026-02-13T13:01:24.577+0100] {example_python_operator.py:93} WARNING - The virtalenv_python example task requires virtualenv, please install it.
[2026-02-13T13:01:24.580+0100] {processor.py:925} INFO - DAG(s) 'example_python_operator' retrieved from /home/gianotti/Documents/CryptoETL/.venv/lib/python3.12/site-packages/airflow/example_dags/example_python_operator.py
[2026-02-13T13:01:24.594+0100] {logging_mixin.py:190} INFO - [2026-02-13T13:01:24.593+0100] {dag.py:3239} INFO - Sync 1 DAGs
[2026-02-13T13:01:24.604+0100] {logging_mixin.py:190} INFO - [2026-02-13T13:01:24.604+0100] {dag.py:4180} INFO - Setting next_dagrun for example_python_operator to None, run_after=None
[2026-02-13T13:01:24.622+0100] {processor.py:208} INFO - Processing /home/gianotti/Documents/CryptoETL/.venv/lib/python3.12/site-packages/airflow/example_dags/example_python_operator.py took 0.058 seconds
[2026-02-13T13:02:23.539+0100] {processor.py:186} INFO - Started process (PID=35807) to work on /home/gianotti/Documents/CryptoETL/.venv/lib/python3.12/site-packages/airflow/example_dags/example_python_operator.py
[2026-02-13T13:02:23.541+0100] {processor.py:914} INFO - Processing file /home/gianotti/Documents/CryptoETL/.venv/lib/python3.12/site-packages/airflow/example_dags/example_python_operator.py for tasks to queue
[2026-02-13T13:02:23.542+0100] {logging_mixin.py:190} INFO - [2026-02-13T13:02:23.542+0100] {dagbag.py:588} INFO - Filling up the DagBag from /home/gianotti/Documents/CryptoETL/.venv/lib/python3.12/site-packages/airflow/example_dags/example_python_operator.py
[2026-02-13T13:02:23.551+0100] {logging_mixin.py:190} INFO - [2026-02-13T13:02:23.551+0100] {example_python_operator.py:93} WARNING - The virtalenv_python example task requires virtualenv, please install it.
[2026-02-13T13:02:23.554+0100] {processor.py:925} INFO - DAG(s) 'example_python_operator' retrieved from /home/gianotti/Documents/CryptoETL/.venv/lib/python3.12/site-packages/airflow/example_dags/example_python_operator.py
[2026-02-13T13:02:23.570+0100] {logging_mixin.py:190} INFO - [2026-02-13T13:02:23.570+0100] {dag.py:3239} INFO - Sync 1 DAGs
[2026-02-13T13:02:23.591+0100] {logging_mixin.py:190} INFO - [2026-02-13T13:02:23.591+0100] {dag.py:4180} INFO - Setting next_dagrun for example_python_operator to None, run_after=None
[2026-02-13T13:02:23.616+0100] {processor.py:208} INFO - Processing /home/gianotti/Documents/CryptoETL/.venv/lib/python3.12/site-packages/airflow/example_dags/example_python_operator.py took 0.082 seconds
[2026-02-13T13:03:18.345+0100] {processor.py:186} INFO - Started process (PID=35902) to work on /home/gianotti/Documents/CryptoETL/.venv/lib/python3.12/site-packages/airflow/example_dags/example_python_operator.py
[2026-02-13T13:03:18.348+0100] {processor.py:914} INFO - Processing file /home/gianotti/Documents/CryptoETL/.venv/lib/python3.12/site-packages/airflow/example_dags/example_python_operator.py for tasks to queue
[2026-02-13T13:03:18.350+0100] {logging_mixin.py:190} INFO - [2026-02-13T13:03:18.350+0100] {dagbag.py:588} INFO - Filling up the DagBag from /home/gianotti/Documents/CryptoETL/.venv/lib/python3.12/site-packages/airflow/example_dags/example_python_operator.py
[2026-02-13T13:03:18.363+0100] {logging_mixin.py:190} INFO - [2026-02-13T13:03:18.362+0100] {example_python_operator.py:93} WARNING - The virtalenv_python example task requires virtualenv, please install it.
[2026-02-13T13:03:18.367+0100] {processor.py:925} INFO - DAG(s) 'example_python_operator' retrieved from /home/gianotti/Documents/CryptoETL/.venv/lib/python3.12/site-packages/airflow/example_dags/example_python_operator.py
[2026-02-13T13:03:18.393+0100] {logging_mixin.py:190} INFO - [2026-02-13T13:03:18.392+0100] {dag.py:3239} INFO - Sync 1 DAGs
[2026-02-13T13:03:18.408+0100] {logging_mixin.py:190} INFO - [2026-02-13T13:03:18.408+0100] {dag.py:4180} INFO - Setting next_dagrun for example_python_operator to None, run_after=None
[2026-02-13T13:03:18.428+0100] {processor.py:208} INFO - Processing /home/gianotti/Documents/CryptoETL/.venv/lib/python3.12/site-packages/airflow/example_dags/example_python_operator.py took 0.091 seconds
[2026-02-13T13:04:18.234+0100] {processor.py:186} INFO - Started process (PID=36049) to work on /home/gianotti/Documents/CryptoETL/.venv/lib/python3.12/site-packages/airflow/example_dags/example_python_operator.py
[2026-02-13T13:04:18.237+0100] {processor.py:914} INFO - Processing file /home/gianotti/Documents/CryptoETL/.venv/lib/python3.12/site-packages/airflow/example_dags/example_python_operator.py for tasks to queue
[2026-02-13T13:04:18.239+0100] {logging_mixin.py:190} INFO - [2026-02-13T13:04:18.238+0100] {dagbag.py:588} INFO - Filling up the DagBag from /home/gianotti/Documents/CryptoETL/.venv/lib/python3.12/site-packages/airflow/example_dags/example_python_operator.py
[2026-02-13T13:04:18.251+0100] {logging_mixin.py:190} INFO - [2026-02-13T13:04:18.250+0100] {example_python_operator.py:93} WARNING - The virtalenv_python example task requires virtualenv, please install it.
[2026-02-13T13:04:18.255+0100] {processor.py:925} INFO - DAG(s) 'example_python_operator' retrieved from /home/gianotti/Documents/CryptoETL/.venv/lib/python3.12/site-packages/airflow/example_dags/example_python_operator.py
[2026-02-13T13:04:18.285+0100] {logging_mixin.py:190} INFO - [2026-02-13T13:04:18.284+0100] {dag.py:3239} INFO - Sync 1 DAGs
[2026-02-13T13:04:18.311+0100] {logging_mixin.py:190} INFO - [2026-02-13T13:04:18.311+0100] {dag.py:4180} INFO - Setting next_dagrun for example_python_operator to None, run_after=None
[2026-02-13T13:04:18.350+0100] {processor.py:208} INFO - Processing /home/gianotti/Documents/CryptoETL/.venv/lib/python3.12/site-packages/airflow/example_dags/example_python_operator.py took 0.126 seconds
[2026-02-13T13:05:24.438+0100] {processor.py:186} INFO - Started process (PID=36166) to work on /home/gianotti/Documents/CryptoETL/.venv/lib/python3.12/site-packages/airflow/example_dags/example_python_operator.py
[2026-02-13T13:05:24.441+0100] {processor.py:914} INFO - Processing file /home/gianotti/Documents/CryptoETL/.venv/lib/python3.12/site-packages/airflow/example_dags/example_python_operator.py for tasks to queue
[2026-02-13T13:05:24.443+0100] {logging_mixin.py:190} INFO - [2026-02-13T13:05:24.442+0100] {dagbag.py:588} INFO - Filling up the DagBag from /home/gianotti/Documents/CryptoETL/.venv/lib/python3.12/site-packages/airflow/example_dags/example_python_operator.py
[2026-02-13T13:05:24.454+0100] {logging_mixin.py:190} INFO - [2026-02-13T13:05:24.453+0100] {example_python_operator.py:93} WARNING - The virtalenv_python example task requires virtualenv, please install it.
[2026-02-13T13:05:24.458+0100] {processor.py:925} INFO - DAG(s) 'example_python_operator' retrieved from /home/gianotti/Documents/CryptoETL/.venv/lib/python3.12/site-packages/airflow/example_dags/example_python_operator.py
[2026-02-13T13:05:24.483+0100] {logging_mixin.py:190} INFO - [2026-02-13T13:05:24.482+0100] {dag.py:3239} INFO - Sync 1 DAGs
[2026-02-13T13:05:24.504+0100] {logging_mixin.py:190} INFO - [2026-02-13T13:05:24.504+0100] {dag.py:4180} INFO - Setting next_dagrun for example_python_operator to None, run_after=None
[2026-02-13T13:05:24.534+0100] {processor.py:208} INFO - Processing /home/gianotti/Documents/CryptoETL/.venv/lib/python3.12/site-packages/airflow/example_dags/example_python_operator.py took 0.106 seconds
[2026-02-13T13:06:29.966+0100] {processor.py:186} INFO - Started process (PID=36272) to work on /home/gianotti/Documents/CryptoETL/.venv/lib/python3.12/site-packages/airflow/example_dags/example_python_operator.py
[2026-02-13T13:06:29.968+0100] {processor.py:914} INFO - Processing file /home/gianotti/Documents/CryptoETL/.venv/lib/python3.12/site-packages/airflow/example_dags/example_python_operator.py for tasks to queue
[2026-02-13T13:06:29.970+0100] {logging_mixin.py:190} INFO - [2026-02-13T13:06:29.969+0100] {dagbag.py:588} INFO - Filling up the DagBag from /home/gianotti/Documents/CryptoETL/.venv/lib/python3.12/site-packages/airflow/example_dags/example_python_operator.py
[2026-02-13T13:06:29.981+0100] {logging_mixin.py:190} INFO - [2026-02-13T13:06:29.981+0100] {example_python_operator.py:93} WARNING - The virtalenv_python example task requires virtualenv, please install it.
[2026-02-13T13:06:29.986+0100] {processor.py:925} INFO - DAG(s) 'example_python_operator' retrieved from /home/gianotti/Documents/CryptoETL/.venv/lib/python3.12/site-packages/airflow/example_dags/example_python_operator.py
[2026-02-13T13:06:30.012+0100] {logging_mixin.py:190} INFO - [2026-02-13T13:06:30.011+0100] {dag.py:3239} INFO - Sync 1 DAGs
[2026-02-13T13:06:30.033+0100] {logging_mixin.py:190} INFO - [2026-02-13T13:06:30.032+0100] {dag.py:4180} INFO - Setting next_dagrun for example_python_operator to None, run_after=None
[2026-02-13T13:06:30.065+0100] {processor.py:208} INFO - Processing /home/gianotti/Documents/CryptoETL/.venv/lib/python3.12/site-packages/airflow/example_dags/example_python_operator.py took 0.109 seconds
[2026-02-13T13:07:39.788+0100] {processor.py:186} INFO - Started process (PID=36363) to work on /home/gianotti/Documents/CryptoETL/.venv/lib/python3.12/site-packages/airflow/example_dags/example_python_operator.py
[2026-02-13T13:07:39.791+0100] {processor.py:914} INFO - Processing file /home/gianotti/Documents/CryptoETL/.venv/lib/python3.12/site-packages/airflow/example_dags/example_python_operator.py for tasks to queue
[2026-02-13T13:07:39.793+0100] {logging_mixin.py:190} INFO - [2026-02-13T13:07:39.793+0100] {dagbag.py:588} INFO - Filling up the DagBag from /home/gianotti/Documents/CryptoETL/.venv/lib/python3.12/site-packages/airflow/example_dags/example_python_operator.py
[2026-02-13T13:07:39.805+0100] {logging_mixin.py:190} INFO - [2026-02-13T13:07:39.805+0100] {example_python_operator.py:93} WARNING - The virtalenv_python example task requires virtualenv, please install it.
[2026-02-13T13:07:39.809+0100] {processor.py:925} INFO - DAG(s) 'example_python_operator' retrieved from /home/gianotti/Documents/CryptoETL/.venv/lib/python3.12/site-packages/airflow/example_dags/example_python_operator.py
[2026-02-13T13:07:39.840+0100] {logging_mixin.py:190} INFO - [2026-02-13T13:07:39.840+0100] {dag.py:3239} INFO - Sync 1 DAGs
[2026-02-13T13:07:39.864+0100] {logging_mixin.py:190} INFO - [2026-02-13T13:07:39.864+0100] {dag.py:4180} INFO - Setting next_dagrun for example_python_operator to None, run_after=None
[2026-02-13T13:07:39.901+0100] {processor.py:208} INFO - Processing /home/gianotti/Documents/CryptoETL/.venv/lib/python3.12/site-packages/airflow/example_dags/example_python_operator.py took 0.122 seconds
[2026-02-13T13:08:45.239+0100] {processor.py:186} INFO - Started process (PID=36482) to work on /home/gianotti/Documents/CryptoETL/.venv/lib/python3.12/site-packages/airflow/example_dags/example_python_operator.py
[2026-02-13T13:08:45.242+0100] {processor.py:914} INFO - Processing file /home/gianotti/Documents/CryptoETL/.venv/lib/python3.12/site-packages/airflow/example_dags/example_python_operator.py for tasks to queue
[2026-02-13T13:08:45.244+0100] {logging_mixin.py:190} INFO - [2026-02-13T13:08:45.243+0100] {dagbag.py:588} INFO - Filling up the DagBag from /home/gianotti/Documents/CryptoETL/.venv/lib/python3.12/site-packages/airflow/example_dags/example_python_operator.py
[2026-02-13T13:08:45.255+0100] {logging_mixin.py:190} INFO - [2026-02-13T13:08:45.254+0100] {example_python_operator.py:93} WARNING - The virtalenv_python example task requires virtualenv, please install it.
[2026-02-13T13:08:45.258+0100] {processor.py:925} INFO - DAG(s) 'example_python_operator' retrieved from /home/gianotti/Documents/CryptoETL/.venv/lib/python3.12/site-packages/airflow/example_dags/example_python_operator.py
[2026-02-13T13:08:45.284+0100] {logging_mixin.py:190} INFO - [2026-02-13T13:08:45.284+0100] {dag.py:3239} INFO - Sync 1 DAGs
[2026-02-13T13:08:45.305+0100] {logging_mixin.py:190} INFO - [2026-02-13T13:08:45.304+0100] {dag.py:4180} INFO - Setting next_dagrun for example_python_operator to None, run_after=None
[2026-02-13T13:08:45.337+0100] {processor.py:208} INFO - Processing /home/gianotti/Documents/CryptoETL/.venv/lib/python3.12/site-packages/airflow/example_dags/example_python_operator.py took 0.107 seconds
[2026-02-13T13:09:54.839+0100] {processor.py:186} INFO - Started process (PID=36610) to work on /home/gianotti/Documents/CryptoETL/.venv/lib/python3.12/site-packages/airflow/example_dags/example_python_operator.py
[2026-02-13T13:09:54.842+0100] {processor.py:914} INFO - Processing file /home/gianotti/Documents/CryptoETL/.venv/lib/python3.12/site-packages/airflow/example_dags/example_python_operator.py for tasks to queue
[2026-02-13T13:09:54.844+0100] {logging_mixin.py:190} INFO - [2026-02-13T13:09:54.843+0100] {dagbag.py:588} INFO - Filling up the DagBag from /home/gianotti/Documents/CryptoETL/.venv/lib/python3.12/site-packages/airflow/example_dags/example_python_operator.py
[2026-02-13T13:09:54.856+0100] {logging_mixin.py:190} INFO - [2026-02-13T13:09:54.855+0100] {example_python_operator.py:93} WARNING - The virtalenv_python example task requires virtualenv, please install it.
[2026-02-13T13:09:54.860+0100] {processor.py:925} INFO - DAG(s) 'example_python_operator' retrieved from /home/gianotti/Documents/CryptoETL/.venv/lib/python3.12/site-packages/airflow/example_dags/example_python_operator.py
[2026-02-13T13:09:54.887+0100] {logging_mixin.py:190} INFO - [2026-02-13T13:09:54.887+0100] {dag.py:3239} INFO - Sync 1 DAGs
[2026-02-13T13:09:54.910+0100] {logging_mixin.py:190} INFO - [2026-02-13T13:09:54.910+0100] {dag.py:4180} INFO - Setting next_dagrun for example_python_operator to None, run_after=None
[2026-02-13T13:09:54.946+0100] {processor.py:208} INFO - Processing /home/gianotti/Documents/CryptoETL/.venv/lib/python3.12/site-packages/airflow/example_dags/example_python_operator.py took 0.117 seconds
[2026-02-13T13:10:59.393+0100] {processor.py:186} INFO - Started process (PID=36724) to work on /home/gianotti/Documents/CryptoETL/.venv/lib/python3.12/site-packages/airflow/example_dags/example_python_operator.py
[2026-02-13T13:10:59.395+0100] {processor.py:914} INFO - Processing file /home/gianotti/Documents/CryptoETL/.venv/lib/python3.12/site-packages/airflow/example_dags/example_python_operator.py for tasks to queue
[2026-02-13T13:10:59.397+0100] {logging_mixin.py:190} INFO - [2026-02-13T13:10:59.397+0100] {dagbag.py:588} INFO - Filling up the DagBag from /home/gianotti/Documents/CryptoETL/.venv/lib/python3.12/site-packages/airflow/example_dags/example_python_operator.py
[2026-02-13T13:10:59.410+0100] {logging_mixin.py:190} INFO - [2026-02-13T13:10:59.409+0100] {example_python_operator.py:93} WARNING - The virtalenv_python example task requires virtualenv, please install it.
[2026-02-13T13:10:59.413+0100] {processor.py:925} INFO - DAG(s) 'example_python_operator' retrieved from /home/gianotti/Documents/CryptoETL/.venv/lib/python3.12/site-packages/airflow/example_dags/example_python_operator.py
[2026-02-13T13:10:59.440+0100] {logging_mixin.py:190} INFO - [2026-02-13T13:10:59.439+0100] {dag.py:3239} INFO - Sync 1 DAGs
[2026-02-13T13:10:59.463+0100] {logging_mixin.py:190} INFO - [2026-02-13T13:10:59.463+0100] {dag.py:4180} INFO - Setting next_dagrun for example_python_operator to None, run_after=None
[2026-02-13T13:10:59.496+0100] {processor.py:208} INFO - Processing /home/gianotti/Documents/CryptoETL/.venv/lib/python3.12/site-packages/airflow/example_dags/example_python_operator.py took 0.113 seconds
[2026-02-13T13:12:06.679+0100] {processor.py:186} INFO - Started process (PID=36828) to work on /home/gianotti/Documents/CryptoETL/.venv/lib/python3.12/site-packages/airflow/example_dags/example_python_operator.py
[2026-02-13T13:12:06.682+0100] {processor.py:914} INFO - Processing file /home/gianotti/Documents/CryptoETL/.venv/lib/python3.12/site-packages/airflow/example_dags/example_python_operator.py for tasks to queue
[2026-02-13T13:12:06.684+0100] {logging_mixin.py:190} INFO - [2026-02-13T13:12:06.684+0100] {dagbag.py:588} INFO - Filling up the DagBag from /home/gianotti/Documents/CryptoETL/.venv/lib/python3.12/site-packages/airflow/example_dags/example_python_operator.py
[2026-02-13T13:12:06.698+0100] {logging_mixin.py:190} INFO - [2026-02-13T13:12:06.698+0100] {example_python_operator.py:93} WARNING - The virtalenv_python example task requires virtualenv, please install it.
[2026-02-13T13:12:06.702+0100] {processor.py:925} INFO - DAG(s) 'example_python_operator' retrieved from /home/gianotti/Documents/CryptoETL/.venv/lib/python3.12/site-packages/airflow/example_dags/example_python_operator.py
[2026-02-13T13:12:06.728+0100] {logging_mixin.py:190} INFO - [2026-02-13T13:12:06.728+0100] {dag.py:3239} INFO - Sync 1 DAGs
[2026-02-13T13:12:06.749+0100] {logging_mixin.py:190} INFO - [2026-02-13T13:12:06.748+0100] {dag.py:4180} INFO - Setting next_dagrun for example_python_operator to None, run_after=None
[2026-02-13T13:12:06.780+0100] {processor.py:208} INFO - Processing /home/gianotti/Documents/CryptoETL/.venv/lib/python3.12/site-packages/airflow/example_dags/example_python_operator.py took 0.110 seconds
[2026-02-13T13:13:08.821+0100] {processor.py:186} INFO - Started process (PID=36938) to work on /home/gianotti/Documents/CryptoETL/.venv/lib/python3.12/site-packages/airflow/example_dags/example_python_operator.py
[2026-02-13T13:13:08.824+0100] {processor.py:914} INFO - Processing file /home/gianotti/Documents/CryptoETL/.venv/lib/python3.12/site-packages/airflow/example_dags/example_python_operator.py for tasks to queue
[2026-02-13T13:13:08.826+0100] {logging_mixin.py:190} INFO - [2026-02-13T13:13:08.825+0100] {dagbag.py:588} INFO - Filling up the DagBag from /home/gianotti/Documents/CryptoETL/.venv/lib/python3.12/site-packages/airflow/example_dags/example_python_operator.py
[2026-02-13T13:13:08.837+0100] {logging_mixin.py:190} INFO - [2026-02-13T13:13:08.837+0100] {example_python_operator.py:93} WARNING - The virtalenv_python example task requires virtualenv, please install it.
[2026-02-13T13:13:08.842+0100] {processor.py:925} INFO - DAG(s) 'example_python_operator' retrieved from /home/gianotti/Documents/CryptoETL/.venv/lib/python3.12/site-packages/airflow/example_dags/example_python_operator.py
[2026-02-13T13:13:08.869+0100] {logging_mixin.py:190} INFO - [2026-02-13T13:13:08.868+0100] {dag.py:3239} INFO - Sync 1 DAGs
[2026-02-13T13:13:08.892+0100] {logging_mixin.py:190} INFO - [2026-02-13T13:13:08.892+0100] {dag.py:4180} INFO - Setting next_dagrun for example_python_operator to None, run_after=None
[2026-02-13T13:13:08.925+0100] {processor.py:208} INFO - Processing /home/gianotti/Documents/CryptoETL/.venv/lib/python3.12/site-packages/airflow/example_dags/example_python_operator.py took 0.112 seconds
[2026-02-13T13:14:15.134+0100] {processor.py:186} INFO - Started process (PID=37131) to work on /home/gianotti/Documents/CryptoETL/.venv/lib/python3.12/site-packages/airflow/example_dags/example_python_operator.py
[2026-02-13T13:14:15.135+0100] {processor.py:914} INFO - Processing file /home/gianotti/Documents/CryptoETL/.venv/lib/python3.12/site-packages/airflow/example_dags/example_python_operator.py for tasks to queue
[2026-02-13T13:14:15.137+0100] {logging_mixin.py:190} INFO - [2026-02-13T13:14:15.137+0100] {dagbag.py:588} INFO - Filling up the DagBag from /home/gianotti/Documents/CryptoETL/.venv/lib/python3.12/site-packages/airflow/example_dags/example_python_operator.py
[2026-02-13T13:14:15.150+0100] {logging_mixin.py:190} INFO - [2026-02-13T13:14:15.149+0100] {example_python_operator.py:93} WARNING - The virtalenv_python example task requires virtualenv, please install it.
[2026-02-13T13:14:15.154+0100] {processor.py:925} INFO - DAG(s) 'example_python_operator' retrieved from /home/gianotti/Documents/CryptoETL/.venv/lib/python3.12/site-packages/airflow/example_dags/example_python_operator.py
[2026-02-13T13:14:15.184+0100] {logging_mixin.py:190} INFO - [2026-02-13T13:14:15.184+0100] {dag.py:3239} INFO - Sync 1 DAGs
[2026-02-13T13:14:15.210+0100] {logging_mixin.py:190} INFO - [2026-02-13T13:14:15.209+0100] {dag.py:4180} INFO - Setting next_dagrun for example_python_operator to None, run_after=None
[2026-02-13T13:14:15.244+0100] {processor.py:208} INFO - Processing /home/gianotti/Documents/CryptoETL/.venv/lib/python3.12/site-packages/airflow/example_dags/example_python_operator.py took 0.121 seconds
[2026-02-13T13:15:20.331+0100] {processor.py:186} INFO - Started process (PID=37250) to work on /home/gianotti/Documents/CryptoETL/.venv/lib/python3.12/site-packages/airflow/example_dags/example_python_operator.py
[2026-02-13T13:15:20.334+0100] {processor.py:914} INFO - Processing file /home/gianotti/Documents/CryptoETL/.venv/lib/python3.12/site-packages/airflow/example_dags/example_python_operator.py for tasks to queue
[2026-02-13T13:15:20.336+0100] {logging_mixin.py:190} INFO - [2026-02-13T13:15:20.335+0100] {dagbag.py:588} INFO - Filling up the DagBag from /home/gianotti/Documents/CryptoETL/.venv/lib/python3.12/site-packages/airflow/example_dags/example_python_operator.py
[2026-02-13T13:15:20.347+0100] {logging_mixin.py:190} INFO - [2026-02-13T13:15:20.347+0100] {example_python_operator.py:93} WARNING - The virtalenv_python example task requires virtualenv, please install it.
[2026-02-13T13:15:20.351+0100] {processor.py:925} INFO - DAG(s) 'example_python_operator' retrieved from /home/gianotti/Documents/CryptoETL/.venv/lib/python3.12/site-packages/airflow/example_dags/example_python_operator.py
[2026-02-13T13:15:20.377+0100] {logging_mixin.py:190} INFO - [2026-02-13T13:15:20.376+0100] {dag.py:3239} INFO - Sync 1 DAGs
[2026-02-13T13:15:20.398+0100] {logging_mixin.py:190} INFO - [2026-02-13T13:15:20.397+0100] {dag.py:4180} INFO - Setting next_dagrun for example_python_operator to None, run_after=None
[2026-02-13T13:15:20.429+0100] {processor.py:208} INFO - Processing /home/gianotti/Documents/CryptoETL/.venv/lib/python3.12/site-packages/airflow/example_dags/example_python_operator.py took 0.107 seconds
[2026-02-13T13:16:26.959+0100] {processor.py:186} INFO - Started process (PID=37440) to work on /home/gianotti/Documents/CryptoETL/.venv/lib/python3.12/site-packages/airflow/example_dags/example_python_operator.py
[2026-02-13T13:16:26.962+0100] {processor.py:914} INFO - Processing file /home/gianotti/Documents/CryptoETL/.venv/lib/python3.12/site-packages/airflow/example_dags/example_python_operator.py for tasks to queue
[2026-02-13T13:16:26.964+0100] {logging_mixin.py:190} INFO - [2026-02-13T13:16:26.963+0100] {dagbag.py:588} INFO - Filling up the DagBag from /home/gianotti/Documents/CryptoETL/.venv/lib/python3.12/site-packages/airflow/example_dags/example_python_operator.py
[2026-02-13T13:16:26.976+0100] {logging_mixin.py:190} INFO - [2026-02-13T13:16:26.976+0100] {example_python_operator.py:93} WARNING - The virtalenv_python example task requires virtualenv, please install it.
[2026-02-13T13:16:26.981+0100] {processor.py:925} INFO - DAG(s) 'example_python_operator' retrieved from /home/gianotti/Documents/CryptoETL/.venv/lib/python3.12/site-packages/airflow/example_dags/example_python_operator.py
[2026-02-13T13:16:27.007+0100] {logging_mixin.py:190} INFO - [2026-02-13T13:16:27.007+0100] {dag.py:3239} INFO - Sync 1 DAGs
[2026-02-13T13:16:27.030+0100] {logging_mixin.py:190} INFO - [2026-02-13T13:16:27.029+0100] {dag.py:4180} INFO - Setting next_dagrun for example_python_operator to None, run_after=None
[2026-02-13T13:16:27.061+0100] {processor.py:208} INFO - Processing /home/gianotti/Documents/CryptoETL/.venv/lib/python3.12/site-packages/airflow/example_dags/example_python_operator.py took 0.111 seconds
[2026-02-13T13:17:30.831+0100] {processor.py:186} INFO - Started process (PID=37533) to work on /home/gianotti/Documents/CryptoETL/.venv/lib/python3.12/site-packages/airflow/example_dags/example_python_operator.py
[2026-02-13T13:17:30.834+0100] {processor.py:914} INFO - Processing file /home/gianotti/Documents/CryptoETL/.venv/lib/python3.12/site-packages/airflow/example_dags/example_python_operator.py for tasks to queue
[2026-02-13T13:17:30.836+0100] {logging_mixin.py:190} INFO - [2026-02-13T13:17:30.835+0100] {dagbag.py:588} INFO - Filling up the DagBag from /home/gianotti/Documents/CryptoETL/.venv/lib/python3.12/site-packages/airflow/example_dags/example_python_operator.py
[2026-02-13T13:17:30.848+0100] {logging_mixin.py:190} INFO - [2026-02-13T13:17:30.847+0100] {example_python_operator.py:93} WARNING - The virtalenv_python example task requires virtualenv, please install it.
[2026-02-13T13:17:30.851+0100] {processor.py:925} INFO - DAG(s) 'example_python_operator' retrieved from /home/gianotti/Documents/CryptoETL/.venv/lib/python3.12/site-packages/airflow/example_dags/example_python_operator.py
[2026-02-13T13:17:30.876+0100] {logging_mixin.py:190} INFO - [2026-02-13T13:17:30.876+0100] {dag.py:3239} INFO - Sync 1 DAGs
[2026-02-13T13:17:30.896+0100] {logging_mixin.py:190} INFO - [2026-02-13T13:17:30.896+0100] {dag.py:4180} INFO - Setting next_dagrun for example_python_operator to None, run_after=None
[2026-02-13T13:17:30.926+0100] {processor.py:208} INFO - Processing /home/gianotti/Documents/CryptoETL/.venv/lib/python3.12/site-packages/airflow/example_dags/example_python_operator.py took 0.104 seconds
[2026-02-13T13:18:39.265+0100] {processor.py:186} INFO - Started process (PID=37657) to work on /home/gianotti/Documents/CryptoETL/.venv/lib/python3.12/site-packages/airflow/example_dags/example_python_operator.py
[2026-02-13T13:18:39.268+0100] {processor.py:914} INFO - Processing file /home/gianotti/Documents/CryptoETL/.venv/lib/python3.12/site-packages/airflow/example_dags/example_python_operator.py for tasks to queue
[2026-02-13T13:18:39.270+0100] {logging_mixin.py:190} INFO - [2026-02-13T13:18:39.269+0100] {dagbag.py:588} INFO - Filling up the DagBag from /home/gianotti/Documents/CryptoETL/.venv/lib/python3.12/site-packages/airflow/example_dags/example_python_operator.py
[2026-02-13T13:18:39.283+0100] {logging_mixin.py:190} INFO - [2026-02-13T13:18:39.282+0100] {example_python_operator.py:93} WARNING - The virtalenv_python example task requires virtualenv, please install it.
[2026-02-13T13:18:39.288+0100] {processor.py:925} INFO - DAG(s) 'example_python_operator' retrieved from /home/gianotti/Documents/CryptoETL/.venv/lib/python3.12/site-packages/airflow/example_dags/example_python_operator.py
[2026-02-13T13:18:39.319+0100] {logging_mixin.py:190} INFO - [2026-02-13T13:18:39.318+0100] {dag.py:3239} INFO - Sync 1 DAGs
[2026-02-13T13:18:39.345+0100] {logging_mixin.py:190} INFO - [2026-02-13T13:18:39.345+0100] {dag.py:4180} INFO - Setting next_dagrun for example_python_operator to None, run_after=None
[2026-02-13T13:18:39.382+0100] {processor.py:208} INFO - Processing /home/gianotti/Documents/CryptoETL/.venv/lib/python3.12/site-packages/airflow/example_dags/example_python_operator.py took 0.128 seconds
[2026-02-13T13:19:43.571+0100] {processor.py:186} INFO - Started process (PID=37740) to work on /home/gianotti/Documents/CryptoETL/.venv/lib/python3.12/site-packages/airflow/example_dags/example_python_operator.py
[2026-02-13T13:19:43.574+0100] {processor.py:914} INFO - Processing file /home/gianotti/Documents/CryptoETL/.venv/lib/python3.12/site-packages/airflow/example_dags/example_python_operator.py for tasks to queue
[2026-02-13T13:19:43.576+0100] {logging_mixin.py:190} INFO - [2026-02-13T13:19:43.575+0100] {dagbag.py:588} INFO - Filling up the DagBag from /home/gianotti/Documents/CryptoETL/.venv/lib/python3.12/site-packages/airflow/example_dags/example_python_operator.py
[2026-02-13T13:19:43.587+0100] {logging_mixin.py:190} INFO - [2026-02-13T13:19:43.587+0100] {example_python_operator.py:93} WARNING - The virtalenv_python example task requires virtualenv, please install it.
[2026-02-13T13:19:43.592+0100] {processor.py:925} INFO - DAG(s) 'example_python_operator' retrieved from /home/gianotti/Documents/CryptoETL/.venv/lib/python3.12/site-packages/airflow/example_dags/example_python_operator.py
[2026-02-13T13:19:43.619+0100] {logging_mixin.py:190} INFO - [2026-02-13T13:19:43.619+0100] {dag.py:3239} INFO - Sync 1 DAGs
[2026-02-13T13:19:43.641+0100] {logging_mixin.py:190} INFO - [2026-02-13T13:19:43.640+0100] {dag.py:4180} INFO - Setting next_dagrun for example_python_operator to None, run_after=None
[2026-02-13T13:19:43.672+0100] {processor.py:208} INFO - Processing /home/gianotti/Documents/CryptoETL/.venv/lib/python3.12/site-packages/airflow/example_dags/example_python_operator.py took 0.111 seconds
[2026-02-13T13:20:51.387+0100] {processor.py:186} INFO - Started process (PID=37846) to work on /home/gianotti/Documents/CryptoETL/.venv/lib/python3.12/site-packages/airflow/example_dags/example_python_operator.py
[2026-02-13T13:20:51.390+0100] {processor.py:914} INFO - Processing file /home/gianotti/Documents/CryptoETL/.venv/lib/python3.12/site-packages/airflow/example_dags/example_python_operator.py for tasks to queue
[2026-02-13T13:20:51.392+0100] {logging_mixin.py:190} INFO - [2026-02-13T13:20:51.392+0100] {dagbag.py:588} INFO - Filling up the DagBag from /home/gianotti/Documents/CryptoETL/.venv/lib/python3.12/site-packages/airflow/example_dags/example_python_operator.py
[2026-02-13T13:20:51.405+0100] {logging_mixin.py:190} INFO - [2026-02-13T13:20:51.405+0100] {example_python_operator.py:93} WARNING - The virtalenv_python example task requires virtualenv, please install it.
[2026-02-13T13:20:51.409+0100] {processor.py:925} INFO - DAG(s) 'example_python_operator' retrieved from /home/gianotti/Documents/CryptoETL/.venv/lib/python3.12/site-packages/airflow/example_dags/example_python_operator.py
[2026-02-13T13:20:51.436+0100] {logging_mixin.py:190} INFO - [2026-02-13T13:20:51.436+0100] {dag.py:3239} INFO - Sync 1 DAGs
[2026-02-13T13:20:51.456+0100] {logging_mixin.py:190} INFO - [2026-02-13T13:20:51.456+0100] {dag.py:4180} INFO - Setting next_dagrun for example_python_operator to None, run_after=None
[2026-02-13T13:20:51.487+0100] {processor.py:208} INFO - Processing /home/gianotti/Documents/CryptoETL/.venv/lib/python3.12/site-packages/airflow/example_dags/example_python_operator.py took 0.110 seconds
[2026-02-13T13:21:52.625+0100] {processor.py:186} INFO - Started process (PID=37941) to work on /home/gianotti/Documents/CryptoETL/.venv/lib/python3.12/site-packages/airflow/example_dags/example_python_operator.py
[2026-02-13T13:21:52.627+0100] {processor.py:914} INFO - Processing file /home/gianotti/Documents/CryptoETL/.venv/lib/python3.12/site-packages/airflow/example_dags/example_python_operator.py for tasks to queue
[2026-02-13T13:21:52.630+0100] {logging_mixin.py:190} INFO - [2026-02-13T13:21:52.629+0100] {dagbag.py:588} INFO - Filling up the DagBag from /home/gianotti/Documents/CryptoETL/.venv/lib/python3.12/site-packages/airflow/example_dags/example_python_operator.py
[2026-02-13T13:21:52.642+0100] {logging_mixin.py:190} INFO - [2026-02-13T13:21:52.641+0100] {example_python_operator.py:93} WARNING - The virtalenv_python example task requires virtualenv, please install it.
[2026-02-13T13:21:52.646+0100] {processor.py:925} INFO - DAG(s) 'example_python_operator' retrieved from /home/gianotti/Documents/CryptoETL/.venv/lib/python3.12/site-packages/airflow/example_dags/example_python_operator.py
[2026-02-13T13:21:52.673+0100] {logging_mixin.py:190} INFO - [2026-02-13T13:21:52.673+0100] {dag.py:3239} INFO - Sync 1 DAGs
[2026-02-13T13:21:52.695+0100] {logging_mixin.py:190} INFO - [2026-02-13T13:21:52.694+0100] {dag.py:4180} INFO - Setting next_dagrun for example_python_operator to None, run_after=None
[2026-02-13T13:21:52.729+0100] {processor.py:208} INFO - Processing /home/gianotti/Documents/CryptoETL/.venv/lib/python3.12/site-packages/airflow/example_dags/example_python_operator.py took 0.113 seconds
