[2026-02-13T12:55:33.843+0100] {processor.py:186} INFO - Started process (PID=34961) to work on /home/gianotti/Documents/CryptoETL/.venv/lib/python3.12/site-packages/airflow/example_dags/example_python_decorator.py
[2026-02-13T12:55:33.845+0100] {processor.py:914} INFO - Processing file /home/gianotti/Documents/CryptoETL/.venv/lib/python3.12/site-packages/airflow/example_dags/example_python_decorator.py for tasks to queue
[2026-02-13T12:55:33.850+0100] {logging_mixin.py:190} INFO - [2026-02-13T12:55:33.849+0100] {dagbag.py:588} INFO - Filling up the DagBag from /home/gianotti/Documents/CryptoETL/.venv/lib/python3.12/site-packages/airflow/example_dags/example_python_decorator.py
[2026-02-13T12:55:33.871+0100] {logging_mixin.py:190} INFO - [2026-02-13T12:55:33.870+0100] {example_python_decorator.py:80} WARNING - The virtalenv_python example task requires virtualenv, please install it.
[2026-02-13T12:55:33.875+0100] {processor.py:925} INFO - DAG(s) 'example_python_decorator' retrieved from /home/gianotti/Documents/CryptoETL/.venv/lib/python3.12/site-packages/airflow/example_dags/example_python_decorator.py
[2026-02-13T12:55:33.967+0100] {logging_mixin.py:190} INFO - [2026-02-13T12:55:33.967+0100] {override.py:1930} INFO - Created Permission View: can edit on DAG:example_python_decorator
[2026-02-13T12:55:33.977+0100] {logging_mixin.py:190} INFO - [2026-02-13T12:55:33.977+0100] {override.py:1930} INFO - Created Permission View: can read on DAG:example_python_decorator
[2026-02-13T12:55:33.986+0100] {logging_mixin.py:190} INFO - [2026-02-13T12:55:33.986+0100] {override.py:1930} INFO - Created Permission View: can delete on DAG:example_python_decorator
[2026-02-13T12:55:33.999+0100] {logging_mixin.py:190} INFO - [2026-02-13T12:55:33.999+0100] {override.py:1930} INFO - Created Permission View: can create on DAG Run:example_python_decorator
[2026-02-13T12:55:34.009+0100] {logging_mixin.py:190} INFO - [2026-02-13T12:55:34.009+0100] {override.py:1930} INFO - Created Permission View: can read on DAG Run:example_python_decorator
[2026-02-13T12:55:34.021+0100] {logging_mixin.py:190} INFO - [2026-02-13T12:55:34.020+0100] {override.py:1930} INFO - Created Permission View: can delete on DAG Run:example_python_decorator
[2026-02-13T12:55:34.033+0100] {logging_mixin.py:190} INFO - [2026-02-13T12:55:34.032+0100] {override.py:1930} INFO - Created Permission View: menu access on DAG Run:example_python_decorator
[2026-02-13T12:55:34.033+0100] {logging_mixin.py:190} INFO - [2026-02-13T12:55:34.033+0100] {dag.py:3239} INFO - Sync 1 DAGs
[2026-02-13T12:55:34.049+0100] {logging_mixin.py:190} INFO - [2026-02-13T12:55:34.048+0100] {dag.py:3262} INFO - Creating ORM DAG for example_python_decorator
[2026-02-13T12:55:34.049+0100] {logging_mixin.py:190} INFO - [2026-02-13T12:55:34.049+0100] {dag.py:4180} INFO - Setting next_dagrun for example_python_decorator to None, run_after=None
[2026-02-13T12:55:34.070+0100] {processor.py:208} INFO - Processing /home/gianotti/Documents/CryptoETL/.venv/lib/python3.12/site-packages/airflow/example_dags/example_python_decorator.py took 0.236 seconds
[2026-02-13T12:56:39.829+0100] {processor.py:186} INFO - Started process (PID=35092) to work on /home/gianotti/Documents/CryptoETL/.venv/lib/python3.12/site-packages/airflow/example_dags/example_python_decorator.py
[2026-02-13T12:56:39.832+0100] {processor.py:914} INFO - Processing file /home/gianotti/Documents/CryptoETL/.venv/lib/python3.12/site-packages/airflow/example_dags/example_python_decorator.py for tasks to queue
[2026-02-13T12:56:39.835+0100] {logging_mixin.py:190} INFO - [2026-02-13T12:56:39.835+0100] {dagbag.py:588} INFO - Filling up the DagBag from /home/gianotti/Documents/CryptoETL/.venv/lib/python3.12/site-packages/airflow/example_dags/example_python_decorator.py
[2026-02-13T12:56:39.852+0100] {logging_mixin.py:190} INFO - [2026-02-13T12:56:39.851+0100] {example_python_decorator.py:80} WARNING - The virtalenv_python example task requires virtualenv, please install it.
[2026-02-13T12:56:39.855+0100] {processor.py:925} INFO - DAG(s) 'example_python_decorator' retrieved from /home/gianotti/Documents/CryptoETL/.venv/lib/python3.12/site-packages/airflow/example_dags/example_python_decorator.py
[2026-02-13T12:56:39.880+0100] {logging_mixin.py:190} INFO - [2026-02-13T12:56:39.880+0100] {dag.py:3239} INFO - Sync 1 DAGs
[2026-02-13T12:56:39.893+0100] {logging_mixin.py:190} INFO - [2026-02-13T12:56:39.892+0100] {dag.py:4180} INFO - Setting next_dagrun for example_python_decorator to None, run_after=None
[2026-02-13T12:56:39.911+0100] {processor.py:208} INFO - Processing /home/gianotti/Documents/CryptoETL/.venv/lib/python3.12/site-packages/airflow/example_dags/example_python_decorator.py took 0.092 seconds
[2026-02-13T12:57:38.102+0100] {processor.py:186} INFO - Started process (PID=35195) to work on /home/gianotti/Documents/CryptoETL/.venv/lib/python3.12/site-packages/airflow/example_dags/example_python_decorator.py
[2026-02-13T12:57:38.105+0100] {processor.py:914} INFO - Processing file /home/gianotti/Documents/CryptoETL/.venv/lib/python3.12/site-packages/airflow/example_dags/example_python_decorator.py for tasks to queue
[2026-02-13T12:57:38.109+0100] {logging_mixin.py:190} INFO - [2026-02-13T12:57:38.108+0100] {dagbag.py:588} INFO - Filling up the DagBag from /home/gianotti/Documents/CryptoETL/.venv/lib/python3.12/site-packages/airflow/example_dags/example_python_decorator.py
[2026-02-13T12:57:38.124+0100] {logging_mixin.py:190} INFO - [2026-02-13T12:57:38.124+0100] {example_python_decorator.py:80} WARNING - The virtalenv_python example task requires virtualenv, please install it.
[2026-02-13T12:57:38.129+0100] {processor.py:925} INFO - DAG(s) 'example_python_decorator' retrieved from /home/gianotti/Documents/CryptoETL/.venv/lib/python3.12/site-packages/airflow/example_dags/example_python_decorator.py
[2026-02-13T12:57:38.155+0100] {logging_mixin.py:190} INFO - [2026-02-13T12:57:38.154+0100] {dag.py:3239} INFO - Sync 1 DAGs
[2026-02-13T12:57:38.177+0100] {logging_mixin.py:190} INFO - [2026-02-13T12:57:38.177+0100] {dag.py:4180} INFO - Setting next_dagrun for example_python_decorator to None, run_after=None
[2026-02-13T12:57:38.211+0100] {processor.py:208} INFO - Processing /home/gianotti/Documents/CryptoETL/.venv/lib/python3.12/site-packages/airflow/example_dags/example_python_decorator.py took 0.118 seconds
[2026-02-13T12:58:36.096+0100] {processor.py:186} INFO - Started process (PID=35340) to work on /home/gianotti/Documents/CryptoETL/.venv/lib/python3.12/site-packages/airflow/example_dags/example_python_decorator.py
[2026-02-13T12:58:36.099+0100] {processor.py:914} INFO - Processing file /home/gianotti/Documents/CryptoETL/.venv/lib/python3.12/site-packages/airflow/example_dags/example_python_decorator.py for tasks to queue
[2026-02-13T12:58:36.102+0100] {logging_mixin.py:190} INFO - [2026-02-13T12:58:36.102+0100] {dagbag.py:588} INFO - Filling up the DagBag from /home/gianotti/Documents/CryptoETL/.venv/lib/python3.12/site-packages/airflow/example_dags/example_python_decorator.py
[2026-02-13T12:58:36.117+0100] {logging_mixin.py:190} INFO - [2026-02-13T12:58:36.117+0100] {example_python_decorator.py:80} WARNING - The virtalenv_python example task requires virtualenv, please install it.
[2026-02-13T12:58:36.121+0100] {processor.py:925} INFO - DAG(s) 'example_python_decorator' retrieved from /home/gianotti/Documents/CryptoETL/.venv/lib/python3.12/site-packages/airflow/example_dags/example_python_decorator.py
[2026-02-13T12:58:36.137+0100] {logging_mixin.py:190} INFO - [2026-02-13T12:58:36.136+0100] {dag.py:3239} INFO - Sync 1 DAGs
[2026-02-13T12:58:36.146+0100] {logging_mixin.py:190} INFO - [2026-02-13T12:58:36.146+0100] {dag.py:4180} INFO - Setting next_dagrun for example_python_decorator to None, run_after=None
[2026-02-13T12:58:36.164+0100] {processor.py:208} INFO - Processing /home/gianotti/Documents/CryptoETL/.venv/lib/python3.12/site-packages/airflow/example_dags/example_python_decorator.py took 0.077 seconds
[2026-02-13T12:59:30.922+0100] {processor.py:186} INFO - Started process (PID=35454) to work on /home/gianotti/Documents/CryptoETL/.venv/lib/python3.12/site-packages/airflow/example_dags/example_python_decorator.py
[2026-02-13T12:59:30.925+0100] {processor.py:914} INFO - Processing file /home/gianotti/Documents/CryptoETL/.venv/lib/python3.12/site-packages/airflow/example_dags/example_python_decorator.py for tasks to queue
[2026-02-13T12:59:30.929+0100] {logging_mixin.py:190} INFO - [2026-02-13T12:59:30.928+0100] {dagbag.py:588} INFO - Filling up the DagBag from /home/gianotti/Documents/CryptoETL/.venv/lib/python3.12/site-packages/airflow/example_dags/example_python_decorator.py
[2026-02-13T12:59:30.945+0100] {logging_mixin.py:190} INFO - [2026-02-13T12:59:30.945+0100] {example_python_decorator.py:80} WARNING - The virtalenv_python example task requires virtualenv, please install it.
[2026-02-13T12:59:30.949+0100] {processor.py:925} INFO - DAG(s) 'example_python_decorator' retrieved from /home/gianotti/Documents/CryptoETL/.venv/lib/python3.12/site-packages/airflow/example_dags/example_python_decorator.py
[2026-02-13T12:59:30.970+0100] {logging_mixin.py:190} INFO - [2026-02-13T12:59:30.969+0100] {dag.py:3239} INFO - Sync 1 DAGs
[2026-02-13T12:59:30.980+0100] {logging_mixin.py:190} INFO - [2026-02-13T12:59:30.980+0100] {dag.py:4180} INFO - Setting next_dagrun for example_python_decorator to None, run_after=None
[2026-02-13T12:59:30.998+0100] {processor.py:208} INFO - Processing /home/gianotti/Documents/CryptoETL/.venv/lib/python3.12/site-packages/airflow/example_dags/example_python_decorator.py took 0.085 seconds
[2026-02-13T13:00:28.943+0100] {processor.py:186} INFO - Started process (PID=35557) to work on /home/gianotti/Documents/CryptoETL/.venv/lib/python3.12/site-packages/airflow/example_dags/example_python_decorator.py
[2026-02-13T13:00:28.945+0100] {processor.py:914} INFO - Processing file /home/gianotti/Documents/CryptoETL/.venv/lib/python3.12/site-packages/airflow/example_dags/example_python_decorator.py for tasks to queue
[2026-02-13T13:00:28.946+0100] {logging_mixin.py:190} INFO - [2026-02-13T13:00:28.946+0100] {dagbag.py:588} INFO - Filling up the DagBag from /home/gianotti/Documents/CryptoETL/.venv/lib/python3.12/site-packages/airflow/example_dags/example_python_decorator.py
[2026-02-13T13:00:28.959+0100] {logging_mixin.py:190} INFO - [2026-02-13T13:00:28.959+0100] {example_python_decorator.py:80} WARNING - The virtalenv_python example task requires virtualenv, please install it.
[2026-02-13T13:00:28.962+0100] {processor.py:925} INFO - DAG(s) 'example_python_decorator' retrieved from /home/gianotti/Documents/CryptoETL/.venv/lib/python3.12/site-packages/airflow/example_dags/example_python_decorator.py
[2026-02-13T13:00:28.981+0100] {logging_mixin.py:190} INFO - [2026-02-13T13:00:28.980+0100] {dag.py:3239} INFO - Sync 1 DAGs
[2026-02-13T13:00:28.996+0100] {logging_mixin.py:190} INFO - [2026-02-13T13:00:28.995+0100] {dag.py:4180} INFO - Setting next_dagrun for example_python_decorator to None, run_after=None
[2026-02-13T13:00:29.022+0100] {processor.py:208} INFO - Processing /home/gianotti/Documents/CryptoETL/.venv/lib/python3.12/site-packages/airflow/example_dags/example_python_decorator.py took 0.085 seconds
[2026-02-13T13:01:29.784+0100] {processor.py:186} INFO - Started process (PID=35682) to work on /home/gianotti/Documents/CryptoETL/.venv/lib/python3.12/site-packages/airflow/example_dags/example_python_decorator.py
[2026-02-13T13:01:29.785+0100] {processor.py:914} INFO - Processing file /home/gianotti/Documents/CryptoETL/.venv/lib/python3.12/site-packages/airflow/example_dags/example_python_decorator.py for tasks to queue
[2026-02-13T13:01:29.787+0100] {logging_mixin.py:190} INFO - [2026-02-13T13:01:29.787+0100] {dagbag.py:588} INFO - Filling up the DagBag from /home/gianotti/Documents/CryptoETL/.venv/lib/python3.12/site-packages/airflow/example_dags/example_python_decorator.py
[2026-02-13T13:01:29.798+0100] {logging_mixin.py:190} INFO - [2026-02-13T13:01:29.797+0100] {example_python_decorator.py:80} WARNING - The virtalenv_python example task requires virtualenv, please install it.
[2026-02-13T13:01:29.800+0100] {processor.py:925} INFO - DAG(s) 'example_python_decorator' retrieved from /home/gianotti/Documents/CryptoETL/.venv/lib/python3.12/site-packages/airflow/example_dags/example_python_decorator.py
[2026-02-13T13:01:29.814+0100] {logging_mixin.py:190} INFO - [2026-02-13T13:01:29.813+0100] {dag.py:3239} INFO - Sync 1 DAGs
[2026-02-13T13:01:29.825+0100] {logging_mixin.py:190} INFO - [2026-02-13T13:01:29.824+0100] {dag.py:4180} INFO - Setting next_dagrun for example_python_decorator to None, run_after=None
[2026-02-13T13:01:29.844+0100] {processor.py:208} INFO - Processing /home/gianotti/Documents/CryptoETL/.venv/lib/python3.12/site-packages/airflow/example_dags/example_python_decorator.py took 0.069 seconds
[2026-02-13T13:02:28.688+0100] {processor.py:186} INFO - Started process (PID=35812) to work on /home/gianotti/Documents/CryptoETL/.venv/lib/python3.12/site-packages/airflow/example_dags/example_python_decorator.py
[2026-02-13T13:02:28.689+0100] {processor.py:914} INFO - Processing file /home/gianotti/Documents/CryptoETL/.venv/lib/python3.12/site-packages/airflow/example_dags/example_python_decorator.py for tasks to queue
[2026-02-13T13:02:28.690+0100] {logging_mixin.py:190} INFO - [2026-02-13T13:02:28.690+0100] {dagbag.py:588} INFO - Filling up the DagBag from /home/gianotti/Documents/CryptoETL/.venv/lib/python3.12/site-packages/airflow/example_dags/example_python_decorator.py
[2026-02-13T13:02:28.698+0100] {logging_mixin.py:190} INFO - [2026-02-13T13:02:28.698+0100] {example_python_decorator.py:80} WARNING - The virtalenv_python example task requires virtualenv, please install it.
[2026-02-13T13:02:28.700+0100] {processor.py:925} INFO - DAG(s) 'example_python_decorator' retrieved from /home/gianotti/Documents/CryptoETL/.venv/lib/python3.12/site-packages/airflow/example_dags/example_python_decorator.py
[2026-02-13T13:02:28.713+0100] {logging_mixin.py:190} INFO - [2026-02-13T13:02:28.713+0100] {dag.py:3239} INFO - Sync 1 DAGs
[2026-02-13T13:02:28.724+0100] {logging_mixin.py:190} INFO - [2026-02-13T13:02:28.723+0100] {dag.py:4180} INFO - Setting next_dagrun for example_python_decorator to None, run_after=None
[2026-02-13T13:02:28.746+0100] {processor.py:208} INFO - Processing /home/gianotti/Documents/CryptoETL/.venv/lib/python3.12/site-packages/airflow/example_dags/example_python_decorator.py took 0.062 seconds
[2026-02-13T13:03:24.212+0100] {processor.py:186} INFO - Started process (PID=35928) to work on /home/gianotti/Documents/CryptoETL/.venv/lib/python3.12/site-packages/airflow/example_dags/example_python_decorator.py
[2026-02-13T13:03:24.215+0100] {processor.py:914} INFO - Processing file /home/gianotti/Documents/CryptoETL/.venv/lib/python3.12/site-packages/airflow/example_dags/example_python_decorator.py for tasks to queue
[2026-02-13T13:03:24.217+0100] {logging_mixin.py:190} INFO - [2026-02-13T13:03:24.216+0100] {dagbag.py:588} INFO - Filling up the DagBag from /home/gianotti/Documents/CryptoETL/.venv/lib/python3.12/site-packages/airflow/example_dags/example_python_decorator.py
[2026-02-13T13:03:24.232+0100] {logging_mixin.py:190} INFO - [2026-02-13T13:03:24.231+0100] {example_python_decorator.py:80} WARNING - The virtalenv_python example task requires virtualenv, please install it.
[2026-02-13T13:03:24.236+0100] {processor.py:925} INFO - DAG(s) 'example_python_decorator' retrieved from /home/gianotti/Documents/CryptoETL/.venv/lib/python3.12/site-packages/airflow/example_dags/example_python_decorator.py
[2026-02-13T13:03:24.262+0100] {logging_mixin.py:190} INFO - [2026-02-13T13:03:24.262+0100] {dag.py:3239} INFO - Sync 1 DAGs
[2026-02-13T13:03:24.282+0100] {logging_mixin.py:190} INFO - [2026-02-13T13:03:24.282+0100] {dag.py:4180} INFO - Setting next_dagrun for example_python_decorator to None, run_after=None
[2026-02-13T13:03:24.313+0100] {processor.py:208} INFO - Processing /home/gianotti/Documents/CryptoETL/.venv/lib/python3.12/site-packages/airflow/example_dags/example_python_decorator.py took 0.110 seconds
[2026-02-13T13:04:24.100+0100] {processor.py:186} INFO - Started process (PID=36058) to work on /home/gianotti/Documents/CryptoETL/.venv/lib/python3.12/site-packages/airflow/example_dags/example_python_decorator.py
[2026-02-13T13:04:24.103+0100] {processor.py:914} INFO - Processing file /home/gianotti/Documents/CryptoETL/.venv/lib/python3.12/site-packages/airflow/example_dags/example_python_decorator.py for tasks to queue
[2026-02-13T13:04:24.105+0100] {logging_mixin.py:190} INFO - [2026-02-13T13:04:24.105+0100] {dagbag.py:588} INFO - Filling up the DagBag from /home/gianotti/Documents/CryptoETL/.venv/lib/python3.12/site-packages/airflow/example_dags/example_python_decorator.py
[2026-02-13T13:04:24.121+0100] {logging_mixin.py:190} INFO - [2026-02-13T13:04:24.121+0100] {example_python_decorator.py:80} WARNING - The virtalenv_python example task requires virtualenv, please install it.
[2026-02-13T13:04:24.125+0100] {processor.py:925} INFO - DAG(s) 'example_python_decorator' retrieved from /home/gianotti/Documents/CryptoETL/.venv/lib/python3.12/site-packages/airflow/example_dags/example_python_decorator.py
[2026-02-13T13:04:24.161+0100] {logging_mixin.py:190} INFO - [2026-02-13T13:04:24.161+0100] {dag.py:3239} INFO - Sync 1 DAGs
[2026-02-13T13:04:24.185+0100] {logging_mixin.py:190} INFO - [2026-02-13T13:04:24.184+0100] {dag.py:4180} INFO - Setting next_dagrun for example_python_decorator to None, run_after=None
[2026-02-13T13:04:24.217+0100] {processor.py:208} INFO - Processing /home/gianotti/Documents/CryptoETL/.venv/lib/python3.12/site-packages/airflow/example_dags/example_python_decorator.py took 0.126 seconds
[2026-02-13T13:05:29.550+0100] {processor.py:186} INFO - Started process (PID=36171) to work on /home/gianotti/Documents/CryptoETL/.venv/lib/python3.12/site-packages/airflow/example_dags/example_python_decorator.py
[2026-02-13T13:05:29.552+0100] {processor.py:914} INFO - Processing file /home/gianotti/Documents/CryptoETL/.venv/lib/python3.12/site-packages/airflow/example_dags/example_python_decorator.py for tasks to queue
[2026-02-13T13:05:29.554+0100] {logging_mixin.py:190} INFO - [2026-02-13T13:05:29.554+0100] {dagbag.py:588} INFO - Filling up the DagBag from /home/gianotti/Documents/CryptoETL/.venv/lib/python3.12/site-packages/airflow/example_dags/example_python_decorator.py
[2026-02-13T13:05:29.569+0100] {logging_mixin.py:190} INFO - [2026-02-13T13:05:29.568+0100] {example_python_decorator.py:80} WARNING - The virtalenv_python example task requires virtualenv, please install it.
[2026-02-13T13:05:29.573+0100] {processor.py:925} INFO - DAG(s) 'example_python_decorator' retrieved from /home/gianotti/Documents/CryptoETL/.venv/lib/python3.12/site-packages/airflow/example_dags/example_python_decorator.py
[2026-02-13T13:05:29.598+0100] {logging_mixin.py:190} INFO - [2026-02-13T13:05:29.597+0100] {dag.py:3239} INFO - Sync 1 DAGs
[2026-02-13T13:05:29.617+0100] {logging_mixin.py:190} INFO - [2026-02-13T13:05:29.617+0100] {dag.py:4180} INFO - Setting next_dagrun for example_python_decorator to None, run_after=None
[2026-02-13T13:05:29.649+0100] {processor.py:208} INFO - Processing /home/gianotti/Documents/CryptoETL/.venv/lib/python3.12/site-packages/airflow/example_dags/example_python_decorator.py took 0.108 seconds
[2026-02-13T13:06:36.296+0100] {processor.py:186} INFO - Started process (PID=36281) to work on /home/gianotti/Documents/CryptoETL/.venv/lib/python3.12/site-packages/airflow/example_dags/example_python_decorator.py
[2026-02-13T13:06:36.298+0100] {processor.py:914} INFO - Processing file /home/gianotti/Documents/CryptoETL/.venv/lib/python3.12/site-packages/airflow/example_dags/example_python_decorator.py for tasks to queue
[2026-02-13T13:06:36.300+0100] {logging_mixin.py:190} INFO - [2026-02-13T13:06:36.299+0100] {dagbag.py:588} INFO - Filling up the DagBag from /home/gianotti/Documents/CryptoETL/.venv/lib/python3.12/site-packages/airflow/example_dags/example_python_decorator.py
[2026-02-13T13:06:36.315+0100] {logging_mixin.py:190} INFO - [2026-02-13T13:06:36.315+0100] {example_python_decorator.py:80} WARNING - The virtalenv_python example task requires virtualenv, please install it.
[2026-02-13T13:06:36.319+0100] {processor.py:925} INFO - DAG(s) 'example_python_decorator' retrieved from /home/gianotti/Documents/CryptoETL/.venv/lib/python3.12/site-packages/airflow/example_dags/example_python_decorator.py
[2026-02-13T13:06:36.346+0100] {logging_mixin.py:190} INFO - [2026-02-13T13:06:36.345+0100] {dag.py:3239} INFO - Sync 1 DAGs
[2026-02-13T13:06:36.367+0100] {logging_mixin.py:190} INFO - [2026-02-13T13:06:36.367+0100] {dag.py:4180} INFO - Setting next_dagrun for example_python_decorator to None, run_after=None
[2026-02-13T13:06:36.400+0100] {processor.py:208} INFO - Processing /home/gianotti/Documents/CryptoETL/.venv/lib/python3.12/site-packages/airflow/example_dags/example_python_decorator.py took 0.112 seconds
[2026-02-13T13:07:45.149+0100] {processor.py:186} INFO - Started process (PID=36368) to work on /home/gianotti/Documents/CryptoETL/.venv/lib/python3.12/site-packages/airflow/example_dags/example_python_decorator.py
[2026-02-13T13:07:45.152+0100] {processor.py:914} INFO - Processing file /home/gianotti/Documents/CryptoETL/.venv/lib/python3.12/site-packages/airflow/example_dags/example_python_decorator.py for tasks to queue
[2026-02-13T13:07:45.153+0100] {logging_mixin.py:190} INFO - [2026-02-13T13:07:45.153+0100] {dagbag.py:588} INFO - Filling up the DagBag from /home/gianotti/Documents/CryptoETL/.venv/lib/python3.12/site-packages/airflow/example_dags/example_python_decorator.py
[2026-02-13T13:07:45.167+0100] {logging_mixin.py:190} INFO - [2026-02-13T13:07:45.166+0100] {example_python_decorator.py:80} WARNING - The virtalenv_python example task requires virtualenv, please install it.
[2026-02-13T13:07:45.170+0100] {processor.py:925} INFO - DAG(s) 'example_python_decorator' retrieved from /home/gianotti/Documents/CryptoETL/.venv/lib/python3.12/site-packages/airflow/example_dags/example_python_decorator.py
[2026-02-13T13:07:45.194+0100] {logging_mixin.py:190} INFO - [2026-02-13T13:07:45.193+0100] {dag.py:3239} INFO - Sync 1 DAGs
[2026-02-13T13:07:45.213+0100] {logging_mixin.py:190} INFO - [2026-02-13T13:07:45.212+0100] {dag.py:4180} INFO - Setting next_dagrun for example_python_decorator to None, run_after=None
[2026-02-13T13:07:45.243+0100] {processor.py:208} INFO - Processing /home/gianotti/Documents/CryptoETL/.venv/lib/python3.12/site-packages/airflow/example_dags/example_python_decorator.py took 0.102 seconds
[2026-02-13T13:08:51.347+0100] {processor.py:186} INFO - Started process (PID=36493) to work on /home/gianotti/Documents/CryptoETL/.venv/lib/python3.12/site-packages/airflow/example_dags/example_python_decorator.py
[2026-02-13T13:08:51.350+0100] {processor.py:914} INFO - Processing file /home/gianotti/Documents/CryptoETL/.venv/lib/python3.12/site-packages/airflow/example_dags/example_python_decorator.py for tasks to queue
[2026-02-13T13:08:51.352+0100] {logging_mixin.py:190} INFO - [2026-02-13T13:08:51.352+0100] {dagbag.py:588} INFO - Filling up the DagBag from /home/gianotti/Documents/CryptoETL/.venv/lib/python3.12/site-packages/airflow/example_dags/example_python_decorator.py
[2026-02-13T13:08:51.369+0100] {logging_mixin.py:190} INFO - [2026-02-13T13:08:51.369+0100] {example_python_decorator.py:80} WARNING - The virtalenv_python example task requires virtualenv, please install it.
[2026-02-13T13:08:51.373+0100] {processor.py:925} INFO - DAG(s) 'example_python_decorator' retrieved from /home/gianotti/Documents/CryptoETL/.venv/lib/python3.12/site-packages/airflow/example_dags/example_python_decorator.py
[2026-02-13T13:08:51.400+0100] {logging_mixin.py:190} INFO - [2026-02-13T13:08:51.400+0100] {dag.py:3239} INFO - Sync 1 DAGs
[2026-02-13T13:08:51.422+0100] {logging_mixin.py:190} INFO - [2026-02-13T13:08:51.422+0100] {dag.py:4180} INFO - Setting next_dagrun for example_python_decorator to None, run_after=None
[2026-02-13T13:08:51.454+0100] {processor.py:208} INFO - Processing /home/gianotti/Documents/CryptoETL/.venv/lib/python3.12/site-packages/airflow/example_dags/example_python_decorator.py took 0.117 seconds
[2026-02-13T13:10:00.359+0100] {processor.py:186} INFO - Started process (PID=36615) to work on /home/gianotti/Documents/CryptoETL/.venv/lib/python3.12/site-packages/airflow/example_dags/example_python_decorator.py
[2026-02-13T13:10:00.362+0100] {processor.py:914} INFO - Processing file /home/gianotti/Documents/CryptoETL/.venv/lib/python3.12/site-packages/airflow/example_dags/example_python_decorator.py for tasks to queue
[2026-02-13T13:10:00.364+0100] {logging_mixin.py:190} INFO - [2026-02-13T13:10:00.363+0100] {dagbag.py:588} INFO - Filling up the DagBag from /home/gianotti/Documents/CryptoETL/.venv/lib/python3.12/site-packages/airflow/example_dags/example_python_decorator.py
[2026-02-13T13:10:00.379+0100] {logging_mixin.py:190} INFO - [2026-02-13T13:10:00.378+0100] {example_python_decorator.py:80} WARNING - The virtalenv_python example task requires virtualenv, please install it.
[2026-02-13T13:10:00.382+0100] {processor.py:925} INFO - DAG(s) 'example_python_decorator' retrieved from /home/gianotti/Documents/CryptoETL/.venv/lib/python3.12/site-packages/airflow/example_dags/example_python_decorator.py
[2026-02-13T13:10:00.408+0100] {logging_mixin.py:190} INFO - [2026-02-13T13:10:00.407+0100] {dag.py:3239} INFO - Sync 1 DAGs
[2026-02-13T13:10:00.428+0100] {logging_mixin.py:190} INFO - [2026-02-13T13:10:00.428+0100] {dag.py:4180} INFO - Setting next_dagrun for example_python_decorator to None, run_after=None
[2026-02-13T13:10:00.461+0100] {processor.py:208} INFO - Processing /home/gianotti/Documents/CryptoETL/.venv/lib/python3.12/site-packages/airflow/example_dags/example_python_decorator.py took 0.111 seconds
[2026-02-13T13:11:04.676+0100] {processor.py:186} INFO - Started process (PID=36732) to work on /home/gianotti/Documents/CryptoETL/.venv/lib/python3.12/site-packages/airflow/example_dags/example_python_decorator.py
[2026-02-13T13:11:04.679+0100] {processor.py:914} INFO - Processing file /home/gianotti/Documents/CryptoETL/.venv/lib/python3.12/site-packages/airflow/example_dags/example_python_decorator.py for tasks to queue
[2026-02-13T13:11:04.681+0100] {logging_mixin.py:190} INFO - [2026-02-13T13:11:04.680+0100] {dagbag.py:588} INFO - Filling up the DagBag from /home/gianotti/Documents/CryptoETL/.venv/lib/python3.12/site-packages/airflow/example_dags/example_python_decorator.py
[2026-02-13T13:11:04.697+0100] {logging_mixin.py:190} INFO - [2026-02-13T13:11:04.697+0100] {example_python_decorator.py:80} WARNING - The virtalenv_python example task requires virtualenv, please install it.
[2026-02-13T13:11:04.701+0100] {processor.py:925} INFO - DAG(s) 'example_python_decorator' retrieved from /home/gianotti/Documents/CryptoETL/.venv/lib/python3.12/site-packages/airflow/example_dags/example_python_decorator.py
[2026-02-13T13:11:04.730+0100] {logging_mixin.py:190} INFO - [2026-02-13T13:11:04.729+0100] {dag.py:3239} INFO - Sync 1 DAGs
[2026-02-13T13:11:04.754+0100] {logging_mixin.py:190} INFO - [2026-02-13T13:11:04.754+0100] {dag.py:4180} INFO - Setting next_dagrun for example_python_decorator to None, run_after=None
[2026-02-13T13:11:04.791+0100] {processor.py:208} INFO - Processing /home/gianotti/Documents/CryptoETL/.venv/lib/python3.12/site-packages/airflow/example_dags/example_python_decorator.py took 0.124 seconds
[2026-02-13T13:12:12.661+0100] {processor.py:186} INFO - Started process (PID=36848) to work on /home/gianotti/Documents/CryptoETL/.venv/lib/python3.12/site-packages/airflow/example_dags/example_python_decorator.py
[2026-02-13T13:12:12.663+0100] {processor.py:914} INFO - Processing file /home/gianotti/Documents/CryptoETL/.venv/lib/python3.12/site-packages/airflow/example_dags/example_python_decorator.py for tasks to queue
[2026-02-13T13:12:12.665+0100] {logging_mixin.py:190} INFO - [2026-02-13T13:12:12.664+0100] {dagbag.py:588} INFO - Filling up the DagBag from /home/gianotti/Documents/CryptoETL/.venv/lib/python3.12/site-packages/airflow/example_dags/example_python_decorator.py
[2026-02-13T13:12:12.680+0100] {logging_mixin.py:190} INFO - [2026-02-13T13:12:12.679+0100] {example_python_decorator.py:80} WARNING - The virtalenv_python example task requires virtualenv, please install it.
[2026-02-13T13:12:12.684+0100] {processor.py:925} INFO - DAG(s) 'example_python_decorator' retrieved from /home/gianotti/Documents/CryptoETL/.venv/lib/python3.12/site-packages/airflow/example_dags/example_python_decorator.py
[2026-02-13T13:12:12.709+0100] {logging_mixin.py:190} INFO - [2026-02-13T13:12:12.709+0100] {dag.py:3239} INFO - Sync 1 DAGs
[2026-02-13T13:12:12.730+0100] {logging_mixin.py:190} INFO - [2026-02-13T13:12:12.730+0100] {dag.py:4180} INFO - Setting next_dagrun for example_python_decorator to None, run_after=None
[2026-02-13T13:12:12.761+0100] {processor.py:208} INFO - Processing /home/gianotti/Documents/CryptoETL/.venv/lib/python3.12/site-packages/airflow/example_dags/example_python_decorator.py took 0.109 seconds
[2026-02-13T13:13:15.167+0100] {processor.py:186} INFO - Started process (PID=36950) to work on /home/gianotti/Documents/CryptoETL/.venv/lib/python3.12/site-packages/airflow/example_dags/example_python_decorator.py
[2026-02-13T13:13:15.169+0100] {processor.py:914} INFO - Processing file /home/gianotti/Documents/CryptoETL/.venv/lib/python3.12/site-packages/airflow/example_dags/example_python_decorator.py for tasks to queue
[2026-02-13T13:13:15.171+0100] {logging_mixin.py:190} INFO - [2026-02-13T13:13:15.170+0100] {dagbag.py:588} INFO - Filling up the DagBag from /home/gianotti/Documents/CryptoETL/.venv/lib/python3.12/site-packages/airflow/example_dags/example_python_decorator.py
[2026-02-13T13:13:15.187+0100] {logging_mixin.py:190} INFO - [2026-02-13T13:13:15.186+0100] {example_python_decorator.py:80} WARNING - The virtalenv_python example task requires virtualenv, please install it.
[2026-02-13T13:13:15.191+0100] {processor.py:925} INFO - DAG(s) 'example_python_decorator' retrieved from /home/gianotti/Documents/CryptoETL/.venv/lib/python3.12/site-packages/airflow/example_dags/example_python_decorator.py
[2026-02-13T13:13:15.218+0100] {logging_mixin.py:190} INFO - [2026-02-13T13:13:15.218+0100] {dag.py:3239} INFO - Sync 1 DAGs
[2026-02-13T13:13:15.239+0100] {logging_mixin.py:190} INFO - [2026-02-13T13:13:15.239+0100] {dag.py:4180} INFO - Setting next_dagrun for example_python_decorator to None, run_after=None
[2026-02-13T13:13:15.271+0100] {processor.py:208} INFO - Processing /home/gianotti/Documents/CryptoETL/.venv/lib/python3.12/site-packages/airflow/example_dags/example_python_decorator.py took 0.115 seconds
[2026-02-13T13:14:21.178+0100] {processor.py:186} INFO - Started process (PID=37137) to work on /home/gianotti/Documents/CryptoETL/.venv/lib/python3.12/site-packages/airflow/example_dags/example_python_decorator.py
[2026-02-13T13:14:21.180+0100] {processor.py:914} INFO - Processing file /home/gianotti/Documents/CryptoETL/.venv/lib/python3.12/site-packages/airflow/example_dags/example_python_decorator.py for tasks to queue
[2026-02-13T13:14:21.182+0100] {logging_mixin.py:190} INFO - [2026-02-13T13:14:21.181+0100] {dagbag.py:588} INFO - Filling up the DagBag from /home/gianotti/Documents/CryptoETL/.venv/lib/python3.12/site-packages/airflow/example_dags/example_python_decorator.py
[2026-02-13T13:14:21.201+0100] {logging_mixin.py:190} INFO - [2026-02-13T13:14:21.200+0100] {example_python_decorator.py:80} WARNING - The virtalenv_python example task requires virtualenv, please install it.
[2026-02-13T13:14:21.206+0100] {processor.py:925} INFO - DAG(s) 'example_python_decorator' retrieved from /home/gianotti/Documents/CryptoETL/.venv/lib/python3.12/site-packages/airflow/example_dags/example_python_decorator.py
[2026-02-13T13:14:21.242+0100] {logging_mixin.py:190} INFO - [2026-02-13T13:14:21.242+0100] {dag.py:3239} INFO - Sync 1 DAGs
[2026-02-13T13:14:21.268+0100] {logging_mixin.py:190} INFO - [2026-02-13T13:14:21.268+0100] {dag.py:4180} INFO - Setting next_dagrun for example_python_decorator to None, run_after=None
[2026-02-13T13:14:21.304+0100] {processor.py:208} INFO - Processing /home/gianotti/Documents/CryptoETL/.venv/lib/python3.12/site-packages/airflow/example_dags/example_python_decorator.py took 0.137 seconds
[2026-02-13T13:15:26.679+0100] {processor.py:186} INFO - Started process (PID=37256) to work on /home/gianotti/Documents/CryptoETL/.venv/lib/python3.12/site-packages/airflow/example_dags/example_python_decorator.py
[2026-02-13T13:15:26.682+0100] {processor.py:914} INFO - Processing file /home/gianotti/Documents/CryptoETL/.venv/lib/python3.12/site-packages/airflow/example_dags/example_python_decorator.py for tasks to queue
[2026-02-13T13:15:26.684+0100] {logging_mixin.py:190} INFO - [2026-02-13T13:15:26.683+0100] {dagbag.py:588} INFO - Filling up the DagBag from /home/gianotti/Documents/CryptoETL/.venv/lib/python3.12/site-packages/airflow/example_dags/example_python_decorator.py
[2026-02-13T13:15:26.701+0100] {logging_mixin.py:190} INFO - [2026-02-13T13:15:26.701+0100] {example_python_decorator.py:80} WARNING - The virtalenv_python example task requires virtualenv, please install it.
[2026-02-13T13:15:26.705+0100] {processor.py:925} INFO - DAG(s) 'example_python_decorator' retrieved from /home/gianotti/Documents/CryptoETL/.venv/lib/python3.12/site-packages/airflow/example_dags/example_python_decorator.py
[2026-02-13T13:15:26.734+0100] {logging_mixin.py:190} INFO - [2026-02-13T13:15:26.733+0100] {dag.py:3239} INFO - Sync 1 DAGs
[2026-02-13T13:15:26.754+0100] {logging_mixin.py:190} INFO - [2026-02-13T13:15:26.754+0100] {dag.py:4180} INFO - Setting next_dagrun for example_python_decorator to None, run_after=None
[2026-02-13T13:15:26.787+0100] {processor.py:208} INFO - Processing /home/gianotti/Documents/CryptoETL/.venv/lib/python3.12/site-packages/airflow/example_dags/example_python_decorator.py took 0.117 seconds
[2026-02-13T13:16:32.232+0100] {processor.py:186} INFO - Started process (PID=37445) to work on /home/gianotti/Documents/CryptoETL/.venv/lib/python3.12/site-packages/airflow/example_dags/example_python_decorator.py
[2026-02-13T13:16:32.234+0100] {processor.py:914} INFO - Processing file /home/gianotti/Documents/CryptoETL/.venv/lib/python3.12/site-packages/airflow/example_dags/example_python_decorator.py for tasks to queue
[2026-02-13T13:16:32.236+0100] {logging_mixin.py:190} INFO - [2026-02-13T13:16:32.235+0100] {dagbag.py:588} INFO - Filling up the DagBag from /home/gianotti/Documents/CryptoETL/.venv/lib/python3.12/site-packages/airflow/example_dags/example_python_decorator.py
[2026-02-13T13:16:32.251+0100] {logging_mixin.py:190} INFO - [2026-02-13T13:16:32.250+0100] {example_python_decorator.py:80} WARNING - The virtalenv_python example task requires virtualenv, please install it.
[2026-02-13T13:16:32.254+0100] {processor.py:925} INFO - DAG(s) 'example_python_decorator' retrieved from /home/gianotti/Documents/CryptoETL/.venv/lib/python3.12/site-packages/airflow/example_dags/example_python_decorator.py
[2026-02-13T13:16:32.279+0100] {logging_mixin.py:190} INFO - [2026-02-13T13:16:32.278+0100] {dag.py:3239} INFO - Sync 1 DAGs
[2026-02-13T13:16:32.299+0100] {logging_mixin.py:190} INFO - [2026-02-13T13:16:32.298+0100] {dag.py:4180} INFO - Setting next_dagrun for example_python_decorator to None, run_after=None
[2026-02-13T13:16:32.329+0100] {processor.py:208} INFO - Processing /home/gianotti/Documents/CryptoETL/.venv/lib/python3.12/site-packages/airflow/example_dags/example_python_decorator.py took 0.105 seconds
[2026-02-13T13:17:37.145+0100] {processor.py:186} INFO - Started process (PID=37540) to work on /home/gianotti/Documents/CryptoETL/.venv/lib/python3.12/site-packages/airflow/example_dags/example_python_decorator.py
[2026-02-13T13:17:37.148+0100] {processor.py:914} INFO - Processing file /home/gianotti/Documents/CryptoETL/.venv/lib/python3.12/site-packages/airflow/example_dags/example_python_decorator.py for tasks to queue
[2026-02-13T13:17:37.150+0100] {logging_mixin.py:190} INFO - [2026-02-13T13:17:37.149+0100] {dagbag.py:588} INFO - Filling up the DagBag from /home/gianotti/Documents/CryptoETL/.venv/lib/python3.12/site-packages/airflow/example_dags/example_python_decorator.py
[2026-02-13T13:17:37.164+0100] {logging_mixin.py:190} INFO - [2026-02-13T13:17:37.163+0100] {example_python_decorator.py:80} WARNING - The virtalenv_python example task requires virtualenv, please install it.
[2026-02-13T13:17:37.167+0100] {processor.py:925} INFO - DAG(s) 'example_python_decorator' retrieved from /home/gianotti/Documents/CryptoETL/.venv/lib/python3.12/site-packages/airflow/example_dags/example_python_decorator.py
[2026-02-13T13:17:37.193+0100] {logging_mixin.py:190} INFO - [2026-02-13T13:17:37.192+0100] {dag.py:3239} INFO - Sync 1 DAGs
[2026-02-13T13:17:37.212+0100] {logging_mixin.py:190} INFO - [2026-02-13T13:17:37.211+0100] {dag.py:4180} INFO - Setting next_dagrun for example_python_decorator to None, run_after=None
[2026-02-13T13:17:37.243+0100] {processor.py:208} INFO - Processing /home/gianotti/Documents/CryptoETL/.venv/lib/python3.12/site-packages/airflow/example_dags/example_python_decorator.py took 0.107 seconds
[2026-02-13T13:18:43.595+0100] {processor.py:186} INFO - Started process (PID=37662) to work on /home/gianotti/Documents/CryptoETL/.venv/lib/python3.12/site-packages/airflow/example_dags/example_python_decorator.py
[2026-02-13T13:18:43.598+0100] {processor.py:914} INFO - Processing file /home/gianotti/Documents/CryptoETL/.venv/lib/python3.12/site-packages/airflow/example_dags/example_python_decorator.py for tasks to queue
[2026-02-13T13:18:43.600+0100] {logging_mixin.py:190} INFO - [2026-02-13T13:18:43.599+0100] {dagbag.py:588} INFO - Filling up the DagBag from /home/gianotti/Documents/CryptoETL/.venv/lib/python3.12/site-packages/airflow/example_dags/example_python_decorator.py
[2026-02-13T13:18:43.615+0100] {logging_mixin.py:190} INFO - [2026-02-13T13:18:43.614+0100] {example_python_decorator.py:80} WARNING - The virtalenv_python example task requires virtualenv, please install it.
[2026-02-13T13:18:43.618+0100] {processor.py:925} INFO - DAG(s) 'example_python_decorator' retrieved from /home/gianotti/Documents/CryptoETL/.venv/lib/python3.12/site-packages/airflow/example_dags/example_python_decorator.py
[2026-02-13T13:18:43.644+0100] {logging_mixin.py:190} INFO - [2026-02-13T13:18:43.643+0100] {dag.py:3239} INFO - Sync 1 DAGs
[2026-02-13T13:18:43.665+0100] {logging_mixin.py:190} INFO - [2026-02-13T13:18:43.664+0100] {dag.py:4180} INFO - Setting next_dagrun for example_python_decorator to None, run_after=None
[2026-02-13T13:18:43.697+0100] {processor.py:208} INFO - Processing /home/gianotti/Documents/CryptoETL/.venv/lib/python3.12/site-packages/airflow/example_dags/example_python_decorator.py took 0.110 seconds
[2026-02-13T13:19:48.995+0100] {processor.py:186} INFO - Started process (PID=37745) to work on /home/gianotti/Documents/CryptoETL/.venv/lib/python3.12/site-packages/airflow/example_dags/example_python_decorator.py
[2026-02-13T13:19:48.998+0100] {processor.py:914} INFO - Processing file /home/gianotti/Documents/CryptoETL/.venv/lib/python3.12/site-packages/airflow/example_dags/example_python_decorator.py for tasks to queue
[2026-02-13T13:19:49.000+0100] {logging_mixin.py:190} INFO - [2026-02-13T13:19:48.999+0100] {dagbag.py:588} INFO - Filling up the DagBag from /home/gianotti/Documents/CryptoETL/.venv/lib/python3.12/site-packages/airflow/example_dags/example_python_decorator.py
[2026-02-13T13:19:49.016+0100] {logging_mixin.py:190} INFO - [2026-02-13T13:19:49.015+0100] {example_python_decorator.py:80} WARNING - The virtalenv_python example task requires virtualenv, please install it.
[2026-02-13T13:19:49.020+0100] {processor.py:925} INFO - DAG(s) 'example_python_decorator' retrieved from /home/gianotti/Documents/CryptoETL/.venv/lib/python3.12/site-packages/airflow/example_dags/example_python_decorator.py
[2026-02-13T13:19:49.046+0100] {logging_mixin.py:190} INFO - [2026-02-13T13:19:49.045+0100] {dag.py:3239} INFO - Sync 1 DAGs
[2026-02-13T13:19:49.068+0100] {logging_mixin.py:190} INFO - [2026-02-13T13:19:49.067+0100] {dag.py:4180} INFO - Setting next_dagrun for example_python_decorator to None, run_after=None
[2026-02-13T13:19:49.106+0100] {processor.py:208} INFO - Processing /home/gianotti/Documents/CryptoETL/.venv/lib/python3.12/site-packages/airflow/example_dags/example_python_decorator.py took 0.120 seconds
[2026-02-13T13:20:56.892+0100] {processor.py:186} INFO - Started process (PID=37851) to work on /home/gianotti/Documents/CryptoETL/.venv/lib/python3.12/site-packages/airflow/example_dags/example_python_decorator.py
[2026-02-13T13:20:56.895+0100] {processor.py:914} INFO - Processing file /home/gianotti/Documents/CryptoETL/.venv/lib/python3.12/site-packages/airflow/example_dags/example_python_decorator.py for tasks to queue
[2026-02-13T13:20:56.897+0100] {logging_mixin.py:190} INFO - [2026-02-13T13:20:56.896+0100] {dagbag.py:588} INFO - Filling up the DagBag from /home/gianotti/Documents/CryptoETL/.venv/lib/python3.12/site-packages/airflow/example_dags/example_python_decorator.py
[2026-02-13T13:20:56.913+0100] {logging_mixin.py:190} INFO - [2026-02-13T13:20:56.912+0100] {example_python_decorator.py:80} WARNING - The virtalenv_python example task requires virtualenv, please install it.
[2026-02-13T13:20:56.917+0100] {processor.py:925} INFO - DAG(s) 'example_python_decorator' retrieved from /home/gianotti/Documents/CryptoETL/.venv/lib/python3.12/site-packages/airflow/example_dags/example_python_decorator.py
[2026-02-13T13:20:56.941+0100] {logging_mixin.py:190} INFO - [2026-02-13T13:20:56.941+0100] {dag.py:3239} INFO - Sync 1 DAGs
[2026-02-13T13:20:56.962+0100] {logging_mixin.py:190} INFO - [2026-02-13T13:20:56.961+0100] {dag.py:4180} INFO - Setting next_dagrun for example_python_decorator to None, run_after=None
[2026-02-13T13:20:56.996+0100] {processor.py:208} INFO - Processing /home/gianotti/Documents/CryptoETL/.venv/lib/python3.12/site-packages/airflow/example_dags/example_python_decorator.py took 0.113 seconds
[2026-02-13T13:21:58.401+0100] {processor.py:186} INFO - Started process (PID=37950) to work on /home/gianotti/Documents/CryptoETL/.venv/lib/python3.12/site-packages/airflow/example_dags/example_python_decorator.py
[2026-02-13T13:21:58.404+0100] {processor.py:914} INFO - Processing file /home/gianotti/Documents/CryptoETL/.venv/lib/python3.12/site-packages/airflow/example_dags/example_python_decorator.py for tasks to queue
[2026-02-13T13:21:58.406+0100] {logging_mixin.py:190} INFO - [2026-02-13T13:21:58.406+0100] {dagbag.py:588} INFO - Filling up the DagBag from /home/gianotti/Documents/CryptoETL/.venv/lib/python3.12/site-packages/airflow/example_dags/example_python_decorator.py
[2026-02-13T13:21:58.421+0100] {logging_mixin.py:190} INFO - [2026-02-13T13:21:58.420+0100] {example_python_decorator.py:80} WARNING - The virtalenv_python example task requires virtualenv, please install it.
[2026-02-13T13:21:58.425+0100] {processor.py:925} INFO - DAG(s) 'example_python_decorator' retrieved from /home/gianotti/Documents/CryptoETL/.venv/lib/python3.12/site-packages/airflow/example_dags/example_python_decorator.py
[2026-02-13T13:21:58.453+0100] {logging_mixin.py:190} INFO - [2026-02-13T13:21:58.452+0100] {dag.py:3239} INFO - Sync 1 DAGs
[2026-02-13T13:21:58.475+0100] {logging_mixin.py:190} INFO - [2026-02-13T13:21:58.475+0100] {dag.py:4180} INFO - Setting next_dagrun for example_python_decorator to None, run_after=None
[2026-02-13T13:21:58.511+0100] {processor.py:208} INFO - Processing /home/gianotti/Documents/CryptoETL/.venv/lib/python3.12/site-packages/airflow/example_dags/example_python_decorator.py took 0.120 seconds
