[2026-02-13T12:55:54.199+0100] {processor.py:186} INFO - Started process (PID=34990) to work on /home/gianotti/Documents/CryptoETL/.venv/lib/python3.12/site-packages/airflow/example_dags/example_branch_labels.py
[2026-02-13T12:55:54.200+0100] {processor.py:914} INFO - Processing file /home/gianotti/Documents/CryptoETL/.venv/lib/python3.12/site-packages/airflow/example_dags/example_branch_labels.py for tasks to queue
[2026-02-13T12:55:54.204+0100] {logging_mixin.py:190} INFO - [2026-02-13T12:55:54.203+0100] {dagbag.py:588} INFO - Filling up the DagBag from /home/gianotti/Documents/CryptoETL/.venv/lib/python3.12/site-packages/airflow/example_dags/example_branch_labels.py
[2026-02-13T12:55:54.225+0100] {processor.py:925} INFO - DAG(s) 'example_branch_labels' retrieved from /home/gianotti/Documents/CryptoETL/.venv/lib/python3.12/site-packages/airflow/example_dags/example_branch_labels.py
[2026-02-13T12:55:54.330+0100] {logging_mixin.py:190} INFO - [2026-02-13T12:55:54.330+0100] {override.py:1930} INFO - Created Permission View: can edit on DAG:example_branch_labels
[2026-02-13T12:55:54.345+0100] {logging_mixin.py:190} INFO - [2026-02-13T12:55:54.344+0100] {override.py:1930} INFO - Created Permission View: can read on DAG:example_branch_labels
[2026-02-13T12:55:54.355+0100] {logging_mixin.py:190} INFO - [2026-02-13T12:55:54.355+0100] {override.py:1930} INFO - Created Permission View: can delete on DAG:example_branch_labels
[2026-02-13T12:55:54.372+0100] {logging_mixin.py:190} INFO - [2026-02-13T12:55:54.371+0100] {override.py:1930} INFO - Created Permission View: can create on DAG Run:example_branch_labels
[2026-02-13T12:55:54.382+0100] {logging_mixin.py:190} INFO - [2026-02-13T12:55:54.382+0100] {override.py:1930} INFO - Created Permission View: can read on DAG Run:example_branch_labels
[2026-02-13T12:55:54.394+0100] {logging_mixin.py:190} INFO - [2026-02-13T12:55:54.394+0100] {override.py:1930} INFO - Created Permission View: can delete on DAG Run:example_branch_labels
[2026-02-13T12:55:54.406+0100] {logging_mixin.py:190} INFO - [2026-02-13T12:55:54.405+0100] {override.py:1930} INFO - Created Permission View: menu access on DAG Run:example_branch_labels
[2026-02-13T12:55:54.406+0100] {logging_mixin.py:190} INFO - [2026-02-13T12:55:54.406+0100] {dag.py:3239} INFO - Sync 1 DAGs
[2026-02-13T12:55:54.423+0100] {logging_mixin.py:190} INFO - [2026-02-13T12:55:54.423+0100] {dag.py:3262} INFO - Creating ORM DAG for example_branch_labels
[2026-02-13T12:55:54.437+0100] {logging_mixin.py:190} INFO - [2026-02-13T12:55:54.436+0100] {dag.py:4180} INFO - Setting next_dagrun for example_branch_labels to 2026-02-12 00:00:00+00:00, run_after=2026-02-13 00:00:00+00:00
[2026-02-13T12:55:54.465+0100] {processor.py:208} INFO - Processing /home/gianotti/Documents/CryptoETL/.venv/lib/python3.12/site-packages/airflow/example_dags/example_branch_labels.py took 0.275 seconds
[2026-02-13T12:56:56.132+0100] {processor.py:186} INFO - Started process (PID=35113) to work on /home/gianotti/Documents/CryptoETL/.venv/lib/python3.12/site-packages/airflow/example_dags/example_branch_labels.py
[2026-02-13T12:56:56.135+0100] {processor.py:914} INFO - Processing file /home/gianotti/Documents/CryptoETL/.venv/lib/python3.12/site-packages/airflow/example_dags/example_branch_labels.py for tasks to queue
[2026-02-13T12:56:56.138+0100] {logging_mixin.py:190} INFO - [2026-02-13T12:56:56.138+0100] {dagbag.py:588} INFO - Filling up the DagBag from /home/gianotti/Documents/CryptoETL/.venv/lib/python3.12/site-packages/airflow/example_dags/example_branch_labels.py
[2026-02-13T12:56:56.157+0100] {processor.py:925} INFO - DAG(s) 'example_branch_labels' retrieved from /home/gianotti/Documents/CryptoETL/.venv/lib/python3.12/site-packages/airflow/example_dags/example_branch_labels.py
[2026-02-13T12:56:56.182+0100] {logging_mixin.py:190} INFO - [2026-02-13T12:56:56.182+0100] {dag.py:3239} INFO - Sync 1 DAGs
[2026-02-13T12:56:56.212+0100] {logging_mixin.py:190} INFO - [2026-02-13T12:56:56.212+0100] {dag.py:4180} INFO - Setting next_dagrun for example_branch_labels to 2026-02-12 00:00:00+00:00, run_after=2026-02-13 00:00:00+00:00
[2026-02-13T12:56:56.235+0100] {processor.py:208} INFO - Processing /home/gianotti/Documents/CryptoETL/.venv/lib/python3.12/site-packages/airflow/example_dags/example_branch_labels.py took 0.112 seconds
[2026-02-13T12:57:55.020+0100] {processor.py:186} INFO - Started process (PID=35231) to work on /home/gianotti/Documents/CryptoETL/.venv/lib/python3.12/site-packages/airflow/example_dags/example_branch_labels.py
[2026-02-13T12:57:55.022+0100] {processor.py:914} INFO - Processing file /home/gianotti/Documents/CryptoETL/.venv/lib/python3.12/site-packages/airflow/example_dags/example_branch_labels.py for tasks to queue
[2026-02-13T12:57:55.026+0100] {logging_mixin.py:190} INFO - [2026-02-13T12:57:55.025+0100] {dagbag.py:588} INFO - Filling up the DagBag from /home/gianotti/Documents/CryptoETL/.venv/lib/python3.12/site-packages/airflow/example_dags/example_branch_labels.py
[2026-02-13T12:57:55.043+0100] {processor.py:925} INFO - DAG(s) 'example_branch_labels' retrieved from /home/gianotti/Documents/CryptoETL/.venv/lib/python3.12/site-packages/airflow/example_dags/example_branch_labels.py
[2026-02-13T12:57:55.060+0100] {logging_mixin.py:190} INFO - [2026-02-13T12:57:55.060+0100] {dag.py:3239} INFO - Sync 1 DAGs
[2026-02-13T12:57:55.076+0100] {logging_mixin.py:190} INFO - [2026-02-13T12:57:55.075+0100] {dag.py:4180} INFO - Setting next_dagrun for example_branch_labels to 2026-02-12 00:00:00+00:00, run_after=2026-02-13 00:00:00+00:00
[2026-02-13T12:57:55.094+0100] {processor.py:208} INFO - Processing /home/gianotti/Documents/CryptoETL/.venv/lib/python3.12/site-packages/airflow/example_dags/example_branch_labels.py took 0.083 seconds
[2026-02-13T12:58:53.005+0100] {processor.py:186} INFO - Started process (PID=35375) to work on /home/gianotti/Documents/CryptoETL/.venv/lib/python3.12/site-packages/airflow/example_dags/example_branch_labels.py
[2026-02-13T12:58:53.006+0100] {processor.py:914} INFO - Processing file /home/gianotti/Documents/CryptoETL/.venv/lib/python3.12/site-packages/airflow/example_dags/example_branch_labels.py for tasks to queue
[2026-02-13T12:58:53.010+0100] {logging_mixin.py:190} INFO - [2026-02-13T12:58:53.009+0100] {dagbag.py:588} INFO - Filling up the DagBag from /home/gianotti/Documents/CryptoETL/.venv/lib/python3.12/site-packages/airflow/example_dags/example_branch_labels.py
[2026-02-13T12:58:53.027+0100] {processor.py:925} INFO - DAG(s) 'example_branch_labels' retrieved from /home/gianotti/Documents/CryptoETL/.venv/lib/python3.12/site-packages/airflow/example_dags/example_branch_labels.py
[2026-02-13T12:58:53.045+0100] {logging_mixin.py:190} INFO - [2026-02-13T12:58:53.045+0100] {dag.py:3239} INFO - Sync 1 DAGs
[2026-02-13T12:58:53.062+0100] {logging_mixin.py:190} INFO - [2026-02-13T12:58:53.062+0100] {dag.py:4180} INFO - Setting next_dagrun for example_branch_labels to 2026-02-12 00:00:00+00:00, run_after=2026-02-13 00:00:00+00:00
[2026-02-13T12:58:53.079+0100] {processor.py:208} INFO - Processing /home/gianotti/Documents/CryptoETL/.venv/lib/python3.12/site-packages/airflow/example_dags/example_branch_labels.py took 0.083 seconds
[2026-02-13T13:00:12.595+0100] {processor.py:186} INFO - Started process (PID=35531) to work on /home/gianotti/Documents/CryptoETL/.venv/lib/python3.12/site-packages/airflow/example_dags/example_branch_labels.py
[2026-02-13T13:00:12.598+0100] {processor.py:914} INFO - Processing file /home/gianotti/Documents/CryptoETL/.venv/lib/python3.12/site-packages/airflow/example_dags/example_branch_labels.py for tasks to queue
[2026-02-13T13:00:12.600+0100] {logging_mixin.py:190} INFO - [2026-02-13T13:00:12.599+0100] {dagbag.py:588} INFO - Filling up the DagBag from /home/gianotti/Documents/CryptoETL/.venv/lib/python3.12/site-packages/airflow/example_dags/example_branch_labels.py
[2026-02-13T13:00:12.619+0100] {processor.py:925} INFO - DAG(s) 'example_branch_labels' retrieved from /home/gianotti/Documents/CryptoETL/.venv/lib/python3.12/site-packages/airflow/example_dags/example_branch_labels.py
[2026-02-13T13:00:12.643+0100] {logging_mixin.py:190} INFO - [2026-02-13T13:00:12.642+0100] {dag.py:3239} INFO - Sync 1 DAGs
[2026-02-13T13:00:12.672+0100] {logging_mixin.py:190} INFO - [2026-02-13T13:00:12.672+0100] {dag.py:4180} INFO - Setting next_dagrun for example_branch_labels to 2026-02-12 00:00:00+00:00, run_after=2026-02-13 00:00:00+00:00
[2026-02-13T13:00:12.697+0100] {processor.py:208} INFO - Processing /home/gianotti/Documents/CryptoETL/.venv/lib/python3.12/site-packages/airflow/example_dags/example_branch_labels.py took 0.111 seconds
[2026-02-13T13:01:10.905+0100] {processor.py:186} INFO - Started process (PID=35648) to work on /home/gianotti/Documents/CryptoETL/.venv/lib/python3.12/site-packages/airflow/example_dags/example_branch_labels.py
[2026-02-13T13:01:10.907+0100] {processor.py:914} INFO - Processing file /home/gianotti/Documents/CryptoETL/.venv/lib/python3.12/site-packages/airflow/example_dags/example_branch_labels.py for tasks to queue
[2026-02-13T13:01:10.909+0100] {logging_mixin.py:190} INFO - [2026-02-13T13:01:10.909+0100] {dagbag.py:588} INFO - Filling up the DagBag from /home/gianotti/Documents/CryptoETL/.venv/lib/python3.12/site-packages/airflow/example_dags/example_branch_labels.py
[2026-02-13T13:01:10.928+0100] {processor.py:925} INFO - DAG(s) 'example_branch_labels' retrieved from /home/gianotti/Documents/CryptoETL/.venv/lib/python3.12/site-packages/airflow/example_dags/example_branch_labels.py
[2026-02-13T13:01:10.957+0100] {logging_mixin.py:190} INFO - [2026-02-13T13:01:10.956+0100] {dag.py:3239} INFO - Sync 1 DAGs
[2026-02-13T13:01:10.985+0100] {logging_mixin.py:190} INFO - [2026-02-13T13:01:10.984+0100] {dag.py:4180} INFO - Setting next_dagrun for example_branch_labels to 2026-02-12 00:00:00+00:00, run_after=2026-02-13 00:00:00+00:00
[2026-02-13T13:01:11.003+0100] {processor.py:208} INFO - Processing /home/gianotti/Documents/CryptoETL/.venv/lib/python3.12/site-packages/airflow/example_dags/example_branch_labels.py took 0.108 seconds
[2026-02-13T13:02:11.848+0100] {processor.py:186} INFO - Started process (PID=35765) to work on /home/gianotti/Documents/CryptoETL/.venv/lib/python3.12/site-packages/airflow/example_dags/example_branch_labels.py
[2026-02-13T13:02:11.850+0100] {processor.py:914} INFO - Processing file /home/gianotti/Documents/CryptoETL/.venv/lib/python3.12/site-packages/airflow/example_dags/example_branch_labels.py for tasks to queue
[2026-02-13T13:02:11.852+0100] {logging_mixin.py:190} INFO - [2026-02-13T13:02:11.852+0100] {dagbag.py:588} INFO - Filling up the DagBag from /home/gianotti/Documents/CryptoETL/.venv/lib/python3.12/site-packages/airflow/example_dags/example_branch_labels.py
[2026-02-13T13:02:11.870+0100] {processor.py:925} INFO - DAG(s) 'example_branch_labels' retrieved from /home/gianotti/Documents/CryptoETL/.venv/lib/python3.12/site-packages/airflow/example_dags/example_branch_labels.py
[2026-02-13T13:02:11.896+0100] {logging_mixin.py:190} INFO - [2026-02-13T13:02:11.896+0100] {dag.py:3239} INFO - Sync 1 DAGs
[2026-02-13T13:02:11.933+0100] {logging_mixin.py:190} INFO - [2026-02-13T13:02:11.933+0100] {dag.py:4180} INFO - Setting next_dagrun for example_branch_labels to 2026-02-12 00:00:00+00:00, run_after=2026-02-13 00:00:00+00:00
[2026-02-13T13:02:11.961+0100] {processor.py:208} INFO - Processing /home/gianotti/Documents/CryptoETL/.venv/lib/python3.12/site-packages/airflow/example_dags/example_branch_labels.py took 0.122 seconds
[2026-02-13T13:03:09.194+0100] {processor.py:186} INFO - Started process (PID=35864) to work on /home/gianotti/Documents/CryptoETL/.venv/lib/python3.12/site-packages/airflow/example_dags/example_branch_labels.py
[2026-02-13T13:03:09.197+0100] {processor.py:914} INFO - Processing file /home/gianotti/Documents/CryptoETL/.venv/lib/python3.12/site-packages/airflow/example_dags/example_branch_labels.py for tasks to queue
[2026-02-13T13:03:09.199+0100] {logging_mixin.py:190} INFO - [2026-02-13T13:03:09.198+0100] {dagbag.py:588} INFO - Filling up the DagBag from /home/gianotti/Documents/CryptoETL/.venv/lib/python3.12/site-packages/airflow/example_dags/example_branch_labels.py
[2026-02-13T13:03:09.216+0100] {processor.py:925} INFO - DAG(s) 'example_branch_labels' retrieved from /home/gianotti/Documents/CryptoETL/.venv/lib/python3.12/site-packages/airflow/example_dags/example_branch_labels.py
[2026-02-13T13:03:09.245+0100] {logging_mixin.py:190} INFO - [2026-02-13T13:03:09.245+0100] {dag.py:3239} INFO - Sync 1 DAGs
[2026-02-13T13:03:09.278+0100] {logging_mixin.py:190} INFO - [2026-02-13T13:03:09.278+0100] {dag.py:4180} INFO - Setting next_dagrun for example_branch_labels to 2026-02-12 00:00:00+00:00, run_after=2026-02-13 00:00:00+00:00
[2026-02-13T13:03:09.301+0100] {processor.py:208} INFO - Processing /home/gianotti/Documents/CryptoETL/.venv/lib/python3.12/site-packages/airflow/example_dags/example_branch_labels.py took 0.118 seconds
[2026-02-13T13:04:08.068+0100] {processor.py:186} INFO - Started process (PID=36017) to work on /home/gianotti/Documents/CryptoETL/.venv/lib/python3.12/site-packages/airflow/example_dags/example_branch_labels.py
[2026-02-13T13:04:08.071+0100] {processor.py:914} INFO - Processing file /home/gianotti/Documents/CryptoETL/.venv/lib/python3.12/site-packages/airflow/example_dags/example_branch_labels.py for tasks to queue
[2026-02-13T13:04:08.073+0100] {logging_mixin.py:190} INFO - [2026-02-13T13:04:08.072+0100] {dagbag.py:588} INFO - Filling up the DagBag from /home/gianotti/Documents/CryptoETL/.venv/lib/python3.12/site-packages/airflow/example_dags/example_branch_labels.py
[2026-02-13T13:04:08.090+0100] {processor.py:925} INFO - DAG(s) 'example_branch_labels' retrieved from /home/gianotti/Documents/CryptoETL/.venv/lib/python3.12/site-packages/airflow/example_dags/example_branch_labels.py
[2026-02-13T13:04:08.116+0100] {logging_mixin.py:190} INFO - [2026-02-13T13:04:08.115+0100] {dag.py:3239} INFO - Sync 1 DAGs
[2026-02-13T13:04:08.152+0100] {logging_mixin.py:190} INFO - [2026-02-13T13:04:08.151+0100] {dag.py:4180} INFO - Setting next_dagrun for example_branch_labels to 2026-02-12 00:00:00+00:00, run_after=2026-02-13 00:00:00+00:00
[2026-02-13T13:04:08.180+0100] {processor.py:208} INFO - Processing /home/gianotti/Documents/CryptoETL/.venv/lib/python3.12/site-packages/airflow/example_dags/example_branch_labels.py took 0.121 seconds
[2026-02-13T13:05:11.667+0100] {processor.py:186} INFO - Started process (PID=36146) to work on /home/gianotti/Documents/CryptoETL/.venv/lib/python3.12/site-packages/airflow/example_dags/example_branch_labels.py
[2026-02-13T13:05:11.669+0100] {processor.py:914} INFO - Processing file /home/gianotti/Documents/CryptoETL/.venv/lib/python3.12/site-packages/airflow/example_dags/example_branch_labels.py for tasks to queue
[2026-02-13T13:05:11.673+0100] {logging_mixin.py:190} INFO - [2026-02-13T13:05:11.673+0100] {dagbag.py:588} INFO - Filling up the DagBag from /home/gianotti/Documents/CryptoETL/.venv/lib/python3.12/site-packages/airflow/example_dags/example_branch_labels.py
[2026-02-13T13:05:11.693+0100] {processor.py:925} INFO - DAG(s) 'example_branch_labels' retrieved from /home/gianotti/Documents/CryptoETL/.venv/lib/python3.12/site-packages/airflow/example_dags/example_branch_labels.py
[2026-02-13T13:05:11.721+0100] {logging_mixin.py:190} INFO - [2026-02-13T13:05:11.721+0100] {dag.py:3239} INFO - Sync 1 DAGs
[2026-02-13T13:05:11.762+0100] {logging_mixin.py:190} INFO - [2026-02-13T13:05:11.761+0100] {dag.py:4180} INFO - Setting next_dagrun for example_branch_labels to 2026-02-12 00:00:00+00:00, run_after=2026-02-13 00:00:00+00:00
[2026-02-13T13:05:11.799+0100] {processor.py:208} INFO - Processing /home/gianotti/Documents/CryptoETL/.venv/lib/python3.12/site-packages/airflow/example_dags/example_branch_labels.py took 0.141 seconds
[2026-02-13T13:06:16.857+0100] {processor.py:186} INFO - Started process (PID=36260) to work on /home/gianotti/Documents/CryptoETL/.venv/lib/python3.12/site-packages/airflow/example_dags/example_branch_labels.py
[2026-02-13T13:06:16.860+0100] {processor.py:914} INFO - Processing file /home/gianotti/Documents/CryptoETL/.venv/lib/python3.12/site-packages/airflow/example_dags/example_branch_labels.py for tasks to queue
[2026-02-13T13:06:16.862+0100] {logging_mixin.py:190} INFO - [2026-02-13T13:06:16.861+0100] {dagbag.py:588} INFO - Filling up the DagBag from /home/gianotti/Documents/CryptoETL/.venv/lib/python3.12/site-packages/airflow/example_dags/example_branch_labels.py
[2026-02-13T13:06:16.879+0100] {processor.py:925} INFO - DAG(s) 'example_branch_labels' retrieved from /home/gianotti/Documents/CryptoETL/.venv/lib/python3.12/site-packages/airflow/example_dags/example_branch_labels.py
[2026-02-13T13:06:16.905+0100] {logging_mixin.py:190} INFO - [2026-02-13T13:06:16.905+0100] {dag.py:3239} INFO - Sync 1 DAGs
[2026-02-13T13:06:16.940+0100] {logging_mixin.py:190} INFO - [2026-02-13T13:06:16.939+0100] {dag.py:4180} INFO - Setting next_dagrun for example_branch_labels to 2026-02-12 00:00:00+00:00, run_after=2026-02-13 00:00:00+00:00
[2026-02-13T13:06:16.971+0100] {processor.py:208} INFO - Processing /home/gianotti/Documents/CryptoETL/.venv/lib/python3.12/site-packages/airflow/example_dags/example_branch_labels.py took 0.124 seconds
[2026-02-13T13:07:23.309+0100] {processor.py:186} INFO - Started process (PID=36336) to work on /home/gianotti/Documents/CryptoETL/.venv/lib/python3.12/site-packages/airflow/example_dags/example_branch_labels.py
[2026-02-13T13:07:23.313+0100] {processor.py:914} INFO - Processing file /home/gianotti/Documents/CryptoETL/.venv/lib/python3.12/site-packages/airflow/example_dags/example_branch_labels.py for tasks to queue
[2026-02-13T13:07:23.315+0100] {logging_mixin.py:190} INFO - [2026-02-13T13:07:23.314+0100] {dagbag.py:588} INFO - Filling up the DagBag from /home/gianotti/Documents/CryptoETL/.venv/lib/python3.12/site-packages/airflow/example_dags/example_branch_labels.py
[2026-02-13T13:07:23.333+0100] {processor.py:925} INFO - DAG(s) 'example_branch_labels' retrieved from /home/gianotti/Documents/CryptoETL/.venv/lib/python3.12/site-packages/airflow/example_dags/example_branch_labels.py
[2026-02-13T13:07:23.359+0100] {logging_mixin.py:190} INFO - [2026-02-13T13:07:23.359+0100] {dag.py:3239} INFO - Sync 1 DAGs
[2026-02-13T13:07:23.394+0100] {logging_mixin.py:190} INFO - [2026-02-13T13:07:23.394+0100] {dag.py:4180} INFO - Setting next_dagrun for example_branch_labels to 2026-02-12 00:00:00+00:00, run_after=2026-02-13 00:00:00+00:00
[2026-02-13T13:07:23.425+0100] {processor.py:208} INFO - Processing /home/gianotti/Documents/CryptoETL/.venv/lib/python3.12/site-packages/airflow/example_dags/example_branch_labels.py took 0.125 seconds
[2026-02-13T13:08:33.416+0100] {processor.py:186} INFO - Started process (PID=36467) to work on /home/gianotti/Documents/CryptoETL/.venv/lib/python3.12/site-packages/airflow/example_dags/example_branch_labels.py
[2026-02-13T13:08:33.419+0100] {processor.py:914} INFO - Processing file /home/gianotti/Documents/CryptoETL/.venv/lib/python3.12/site-packages/airflow/example_dags/example_branch_labels.py for tasks to queue
[2026-02-13T13:08:33.421+0100] {logging_mixin.py:190} INFO - [2026-02-13T13:08:33.421+0100] {dagbag.py:588} INFO - Filling up the DagBag from /home/gianotti/Documents/CryptoETL/.venv/lib/python3.12/site-packages/airflow/example_dags/example_branch_labels.py
[2026-02-13T13:08:33.438+0100] {processor.py:925} INFO - DAG(s) 'example_branch_labels' retrieved from /home/gianotti/Documents/CryptoETL/.venv/lib/python3.12/site-packages/airflow/example_dags/example_branch_labels.py
[2026-02-13T13:08:33.466+0100] {logging_mixin.py:190} INFO - [2026-02-13T13:08:33.466+0100] {dag.py:3239} INFO - Sync 1 DAGs
[2026-02-13T13:08:33.502+0100] {logging_mixin.py:190} INFO - [2026-02-13T13:08:33.502+0100] {dag.py:4180} INFO - Setting next_dagrun for example_branch_labels to 2026-02-12 00:00:00+00:00, run_after=2026-02-13 00:00:00+00:00
[2026-02-13T13:08:33.534+0100] {processor.py:208} INFO - Processing /home/gianotti/Documents/CryptoETL/.venv/lib/python3.12/site-packages/airflow/example_dags/example_branch_labels.py took 0.127 seconds
