[2026-02-13T12:55:10.292+0100] {processor.py:186} INFO - Started process (PID=34930) to work on /home/gianotti/Documents/CryptoETL/.venv/lib/python3.12/site-packages/airflow/example_dags/example_workday_timetable.py
[2026-02-13T12:55:10.293+0100] {processor.py:914} INFO - Processing file /home/gianotti/Documents/CryptoETL/.venv/lib/python3.12/site-packages/airflow/example_dags/example_workday_timetable.py for tasks to queue
[2026-02-13T12:55:10.296+0100] {logging_mixin.py:190} INFO - [2026-02-13T12:55:10.295+0100] {dagbag.py:588} INFO - Filling up the DagBag from /home/gianotti/Documents/CryptoETL/.venv/lib/python3.12/site-packages/airflow/example_dags/example_workday_timetable.py
[2026-02-13T12:55:10.305+0100] {processor.py:925} INFO - DAG(s) 'example_workday_timetable' retrieved from /home/gianotti/Documents/CryptoETL/.venv/lib/python3.12/site-packages/airflow/example_dags/example_workday_timetable.py
[2026-02-13T12:55:10.426+0100] {logging_mixin.py:190} INFO - [2026-02-13T12:55:10.426+0100] {override.py:1930} INFO - Created Permission View: can edit on DAG:example_workday_timetable
[2026-02-13T12:55:10.437+0100] {logging_mixin.py:190} INFO - [2026-02-13T12:55:10.436+0100] {override.py:1930} INFO - Created Permission View: can read on DAG:example_workday_timetable
[2026-02-13T12:55:10.445+0100] {logging_mixin.py:190} INFO - [2026-02-13T12:55:10.444+0100] {override.py:1930} INFO - Created Permission View: can delete on DAG:example_workday_timetable
[2026-02-13T12:55:10.458+0100] {logging_mixin.py:190} INFO - [2026-02-13T12:55:10.458+0100] {override.py:1930} INFO - Created Permission View: can create on DAG Run:example_workday_timetable
[2026-02-13T12:55:10.466+0100] {logging_mixin.py:190} INFO - [2026-02-13T12:55:10.466+0100] {override.py:1930} INFO - Created Permission View: can read on DAG Run:example_workday_timetable
[2026-02-13T12:55:10.474+0100] {logging_mixin.py:190} INFO - [2026-02-13T12:55:10.474+0100] {override.py:1930} INFO - Created Permission View: can delete on DAG Run:example_workday_timetable
[2026-02-13T12:55:10.484+0100] {logging_mixin.py:190} INFO - [2026-02-13T12:55:10.483+0100] {override.py:1930} INFO - Created Permission View: menu access on DAG Run:example_workday_timetable
[2026-02-13T12:55:10.484+0100] {logging_mixin.py:190} INFO - [2026-02-13T12:55:10.484+0100] {dag.py:3239} INFO - Sync 1 DAGs
[2026-02-13T12:55:10.506+0100] {logging_mixin.py:190} INFO - [2026-02-13T12:55:10.505+0100] {dag.py:3262} INFO - Creating ORM DAG for example_workday_timetable
[2026-02-13T12:55:10.552+0100] {logging_mixin.py:190} INFO - [2026-02-13T12:55:10.552+0100] {dag.py:4180} INFO - Setting next_dagrun for example_workday_timetable to 2021-01-04 00:00:00+00:00, run_after=2021-01-05 00:00:00+00:00
[2026-02-13T12:55:10.569+0100] {processor.py:208} INFO - Processing /home/gianotti/Documents/CryptoETL/.venv/lib/python3.12/site-packages/airflow/example_dags/example_workday_timetable.py took 0.285 seconds
[2026-02-13T12:56:17.574+0100] {processor.py:186} INFO - Started process (PID=35063) to work on /home/gianotti/Documents/CryptoETL/.venv/lib/python3.12/site-packages/airflow/example_dags/example_workday_timetable.py
[2026-02-13T12:56:17.575+0100] {processor.py:914} INFO - Processing file /home/gianotti/Documents/CryptoETL/.venv/lib/python3.12/site-packages/airflow/example_dags/example_workday_timetable.py for tasks to queue
[2026-02-13T12:56:17.579+0100] {logging_mixin.py:190} INFO - [2026-02-13T12:56:17.578+0100] {dagbag.py:588} INFO - Filling up the DagBag from /home/gianotti/Documents/CryptoETL/.venv/lib/python3.12/site-packages/airflow/example_dags/example_workday_timetable.py
[2026-02-13T12:56:17.589+0100] {processor.py:925} INFO - DAG(s) 'example_workday_timetable' retrieved from /home/gianotti/Documents/CryptoETL/.venv/lib/python3.12/site-packages/airflow/example_dags/example_workday_timetable.py
[2026-02-13T12:56:17.612+0100] {logging_mixin.py:190} INFO - [2026-02-13T12:56:17.611+0100] {dag.py:3239} INFO - Sync 1 DAGs
[2026-02-13T12:56:17.672+0100] {logging_mixin.py:190} INFO - [2026-02-13T12:56:17.671+0100] {dag.py:4180} INFO - Setting next_dagrun for example_workday_timetable to 2021-01-04 00:00:00+00:00, run_after=2021-01-05 00:00:00+00:00
[2026-02-13T12:56:17.693+0100] {processor.py:208} INFO - Processing /home/gianotti/Documents/CryptoETL/.venv/lib/python3.12/site-packages/airflow/example_dags/example_workday_timetable.py took 0.127 seconds
[2026-02-13T12:57:16.241+0100] {processor.py:186} INFO - Started process (PID=35150) to work on /home/gianotti/Documents/CryptoETL/.venv/lib/python3.12/site-packages/airflow/example_dags/example_workday_timetable.py
[2026-02-13T12:57:16.244+0100] {processor.py:914} INFO - Processing file /home/gianotti/Documents/CryptoETL/.venv/lib/python3.12/site-packages/airflow/example_dags/example_workday_timetable.py for tasks to queue
[2026-02-13T12:57:16.247+0100] {logging_mixin.py:190} INFO - [2026-02-13T12:57:16.247+0100] {dagbag.py:588} INFO - Filling up the DagBag from /home/gianotti/Documents/CryptoETL/.venv/lib/python3.12/site-packages/airflow/example_dags/example_workday_timetable.py
[2026-02-13T12:57:16.258+0100] {processor.py:925} INFO - DAG(s) 'example_workday_timetable' retrieved from /home/gianotti/Documents/CryptoETL/.venv/lib/python3.12/site-packages/airflow/example_dags/example_workday_timetable.py
[2026-02-13T12:57:16.284+0100] {logging_mixin.py:190} INFO - [2026-02-13T12:57:16.283+0100] {dag.py:3239} INFO - Sync 1 DAGs
[2026-02-13T12:57:16.372+0100] {logging_mixin.py:190} INFO - [2026-02-13T12:57:16.372+0100] {dag.py:4180} INFO - Setting next_dagrun for example_workday_timetable to 2021-01-04 00:00:00+00:00, run_after=2021-01-05 00:00:00+00:00
[2026-02-13T12:57:16.402+0100] {processor.py:208} INFO - Processing /home/gianotti/Documents/CryptoETL/.venv/lib/python3.12/site-packages/airflow/example_dags/example_workday_timetable.py took 0.171 seconds
[2026-02-13T12:58:13.830+0100] {processor.py:186} INFO - Started process (PID=35266) to work on /home/gianotti/Documents/CryptoETL/.venv/lib/python3.12/site-packages/airflow/example_dags/example_workday_timetable.py
[2026-02-13T12:58:13.833+0100] {processor.py:914} INFO - Processing file /home/gianotti/Documents/CryptoETL/.venv/lib/python3.12/site-packages/airflow/example_dags/example_workday_timetable.py for tasks to queue
[2026-02-13T12:58:13.836+0100] {logging_mixin.py:190} INFO - [2026-02-13T12:58:13.836+0100] {dagbag.py:588} INFO - Filling up the DagBag from /home/gianotti/Documents/CryptoETL/.venv/lib/python3.12/site-packages/airflow/example_dags/example_workday_timetable.py
[2026-02-13T12:58:13.847+0100] {processor.py:925} INFO - DAG(s) 'example_workday_timetable' retrieved from /home/gianotti/Documents/CryptoETL/.venv/lib/python3.12/site-packages/airflow/example_dags/example_workday_timetable.py
[2026-02-13T12:58:13.871+0100] {logging_mixin.py:190} INFO - [2026-02-13T12:58:13.871+0100] {dag.py:3239} INFO - Sync 1 DAGs
[2026-02-13T12:58:13.918+0100] {logging_mixin.py:190} INFO - [2026-02-13T12:58:13.918+0100] {dag.py:4180} INFO - Setting next_dagrun for example_workday_timetable to 2021-01-04 00:00:00+00:00, run_after=2021-01-05 00:00:00+00:00
[2026-02-13T12:58:13.936+0100] {processor.py:208} INFO - Processing /home/gianotti/Documents/CryptoETL/.venv/lib/python3.12/site-packages/airflow/example_dags/example_workday_timetable.py took 0.117 seconds
[2026-02-13T12:59:08.517+0100] {processor.py:186} INFO - Started process (PID=35405) to work on /home/gianotti/Documents/CryptoETL/.venv/lib/python3.12/site-packages/airflow/example_dags/example_workday_timetable.py
[2026-02-13T12:59:08.520+0100] {processor.py:914} INFO - Processing file /home/gianotti/Documents/CryptoETL/.venv/lib/python3.12/site-packages/airflow/example_dags/example_workday_timetable.py for tasks to queue
[2026-02-13T12:59:08.523+0100] {logging_mixin.py:190} INFO - [2026-02-13T12:59:08.522+0100] {dagbag.py:588} INFO - Filling up the DagBag from /home/gianotti/Documents/CryptoETL/.venv/lib/python3.12/site-packages/airflow/example_dags/example_workday_timetable.py
[2026-02-13T12:59:08.533+0100] {processor.py:925} INFO - DAG(s) 'example_workday_timetable' retrieved from /home/gianotti/Documents/CryptoETL/.venv/lib/python3.12/site-packages/airflow/example_dags/example_workday_timetable.py
[2026-02-13T12:59:08.557+0100] {logging_mixin.py:190} INFO - [2026-02-13T12:59:08.557+0100] {dag.py:3239} INFO - Sync 1 DAGs
[2026-02-13T12:59:08.622+0100] {logging_mixin.py:190} INFO - [2026-02-13T12:59:08.622+0100] {dag.py:4180} INFO - Setting next_dagrun for example_workday_timetable to 2021-01-04 00:00:00+00:00, run_after=2021-01-05 00:00:00+00:00
[2026-02-13T12:59:08.641+0100] {processor.py:208} INFO - Processing /home/gianotti/Documents/CryptoETL/.venv/lib/python3.12/site-packages/airflow/example_dags/example_workday_timetable.py took 0.133 seconds
[2026-02-13T13:00:03.067+0100] {processor.py:186} INFO - Started process (PID=35511) to work on /home/gianotti/Documents/CryptoETL/.venv/lib/python3.12/site-packages/airflow/example_dags/example_workday_timetable.py
[2026-02-13T13:00:03.070+0100] {processor.py:914} INFO - Processing file /home/gianotti/Documents/CryptoETL/.venv/lib/python3.12/site-packages/airflow/example_dags/example_workday_timetable.py for tasks to queue
[2026-02-13T13:00:03.072+0100] {logging_mixin.py:190} INFO - [2026-02-13T13:00:03.071+0100] {dagbag.py:588} INFO - Filling up the DagBag from /home/gianotti/Documents/CryptoETL/.venv/lib/python3.12/site-packages/airflow/example_dags/example_workday_timetable.py
[2026-02-13T13:00:03.082+0100] {processor.py:925} INFO - DAG(s) 'example_workday_timetable' retrieved from /home/gianotti/Documents/CryptoETL/.venv/lib/python3.12/site-packages/airflow/example_dags/example_workday_timetable.py
[2026-02-13T13:00:03.107+0100] {logging_mixin.py:190} INFO - [2026-02-13T13:00:03.107+0100] {dag.py:3239} INFO - Sync 1 DAGs
[2026-02-13T13:00:03.158+0100] {logging_mixin.py:190} INFO - [2026-02-13T13:00:03.157+0100] {dag.py:4180} INFO - Setting next_dagrun for example_workday_timetable to 2021-01-04 00:00:00+00:00, run_after=2021-01-05 00:00:00+00:00
[2026-02-13T13:00:03.176+0100] {processor.py:208} INFO - Processing /home/gianotti/Documents/CryptoETL/.venv/lib/python3.12/site-packages/airflow/example_dags/example_workday_timetable.py took 0.119 seconds
[2026-02-13T13:01:00.091+0100] {processor.py:186} INFO - Started process (PID=35619) to work on /home/gianotti/Documents/CryptoETL/.venv/lib/python3.12/site-packages/airflow/example_dags/example_workday_timetable.py
[2026-02-13T13:01:00.094+0100] {processor.py:914} INFO - Processing file /home/gianotti/Documents/CryptoETL/.venv/lib/python3.12/site-packages/airflow/example_dags/example_workday_timetable.py for tasks to queue
[2026-02-13T13:01:00.097+0100] {logging_mixin.py:190} INFO - [2026-02-13T13:01:00.096+0100] {dagbag.py:588} INFO - Filling up the DagBag from /home/gianotti/Documents/CryptoETL/.venv/lib/python3.12/site-packages/airflow/example_dags/example_workday_timetable.py
[2026-02-13T13:01:00.108+0100] {processor.py:925} INFO - DAG(s) 'example_workday_timetable' retrieved from /home/gianotti/Documents/CryptoETL/.venv/lib/python3.12/site-packages/airflow/example_dags/example_workday_timetable.py
[2026-02-13T13:01:00.133+0100] {logging_mixin.py:190} INFO - [2026-02-13T13:01:00.132+0100] {dag.py:3239} INFO - Sync 1 DAGs
[2026-02-13T13:01:00.182+0100] {logging_mixin.py:190} INFO - [2026-02-13T13:01:00.181+0100] {dag.py:4180} INFO - Setting next_dagrun for example_workday_timetable to 2021-01-04 00:00:00+00:00, run_after=2021-01-05 00:00:00+00:00
[2026-02-13T13:01:00.201+0100] {processor.py:208} INFO - Processing /home/gianotti/Documents/CryptoETL/.venv/lib/python3.12/site-packages/airflow/example_dags/example_workday_timetable.py took 0.119 seconds
[2026-02-13T13:02:00.221+0100] {processor.py:186} INFO - Started process (PID=35742) to work on /home/gianotti/Documents/CryptoETL/.venv/lib/python3.12/site-packages/airflow/example_dags/example_workday_timetable.py
[2026-02-13T13:02:00.223+0100] {processor.py:914} INFO - Processing file /home/gianotti/Documents/CryptoETL/.venv/lib/python3.12/site-packages/airflow/example_dags/example_workday_timetable.py for tasks to queue
[2026-02-13T13:02:00.225+0100] {logging_mixin.py:190} INFO - [2026-02-13T13:02:00.224+0100] {dagbag.py:588} INFO - Filling up the DagBag from /home/gianotti/Documents/CryptoETL/.venv/lib/python3.12/site-packages/airflow/example_dags/example_workday_timetable.py
[2026-02-13T13:02:00.233+0100] {processor.py:925} INFO - DAG(s) 'example_workday_timetable' retrieved from /home/gianotti/Documents/CryptoETL/.venv/lib/python3.12/site-packages/airflow/example_dags/example_workday_timetable.py
[2026-02-13T13:02:00.248+0100] {logging_mixin.py:190} INFO - [2026-02-13T13:02:00.248+0100] {dag.py:3239} INFO - Sync 1 DAGs
[2026-02-13T13:02:00.294+0100] {logging_mixin.py:190} INFO - [2026-02-13T13:02:00.294+0100] {dag.py:4180} INFO - Setting next_dagrun for example_workday_timetable to 2021-01-04 00:00:00+00:00, run_after=2021-01-05 00:00:00+00:00
[2026-02-13T13:02:00.313+0100] {processor.py:208} INFO - Processing /home/gianotti/Documents/CryptoETL/.venv/lib/python3.12/site-packages/airflow/example_dags/example_workday_timetable.py took 0.102 seconds
[2026-02-13T13:02:58.742+0100] {processor.py:186} INFO - Started process (PID=35853) to work on /home/gianotti/Documents/CryptoETL/.venv/lib/python3.12/site-packages/airflow/example_dags/example_workday_timetable.py
[2026-02-13T13:02:58.745+0100] {processor.py:914} INFO - Processing file /home/gianotti/Documents/CryptoETL/.venv/lib/python3.12/site-packages/airflow/example_dags/example_workday_timetable.py for tasks to queue
[2026-02-13T13:02:58.747+0100] {logging_mixin.py:190} INFO - [2026-02-13T13:02:58.746+0100] {dagbag.py:588} INFO - Filling up the DagBag from /home/gianotti/Documents/CryptoETL/.venv/lib/python3.12/site-packages/airflow/example_dags/example_workday_timetable.py
[2026-02-13T13:02:58.762+0100] {processor.py:925} INFO - DAG(s) 'example_workday_timetable' retrieved from /home/gianotti/Documents/CryptoETL/.venv/lib/python3.12/site-packages/airflow/example_dags/example_workday_timetable.py
[2026-02-13T13:02:58.790+0100] {logging_mixin.py:190} INFO - [2026-02-13T13:02:58.790+0100] {dag.py:3239} INFO - Sync 1 DAGs
[2026-02-13T13:02:58.839+0100] {logging_mixin.py:190} INFO - [2026-02-13T13:02:58.839+0100] {dag.py:4180} INFO - Setting next_dagrun for example_workday_timetable to 2021-01-04 00:00:00+00:00, run_after=2021-01-05 00:00:00+00:00
[2026-02-13T13:02:58.861+0100] {processor.py:208} INFO - Processing /home/gianotti/Documents/CryptoETL/.venv/lib/python3.12/site-packages/airflow/example_dags/example_workday_timetable.py took 0.129 seconds
[2026-02-13T13:03:55.056+0100] {processor.py:186} INFO - Started process (PID=35997) to work on /home/gianotti/Documents/CryptoETL/.venv/lib/python3.12/site-packages/airflow/example_dags/example_workday_timetable.py
[2026-02-13T13:03:55.058+0100] {processor.py:914} INFO - Processing file /home/gianotti/Documents/CryptoETL/.venv/lib/python3.12/site-packages/airflow/example_dags/example_workday_timetable.py for tasks to queue
[2026-02-13T13:03:55.060+0100] {logging_mixin.py:190} INFO - [2026-02-13T13:03:55.060+0100] {dagbag.py:588} INFO - Filling up the DagBag from /home/gianotti/Documents/CryptoETL/.venv/lib/python3.12/site-packages/airflow/example_dags/example_workday_timetable.py
[2026-02-13T13:03:55.070+0100] {processor.py:925} INFO - DAG(s) 'example_workday_timetable' retrieved from /home/gianotti/Documents/CryptoETL/.venv/lib/python3.12/site-packages/airflow/example_dags/example_workday_timetable.py
[2026-02-13T13:03:55.095+0100] {logging_mixin.py:190} INFO - [2026-02-13T13:03:55.095+0100] {dag.py:3239} INFO - Sync 1 DAGs
[2026-02-13T13:03:55.194+0100] {logging_mixin.py:190} INFO - [2026-02-13T13:03:55.194+0100] {dag.py:4180} INFO - Setting next_dagrun for example_workday_timetable to 2021-01-04 00:00:00+00:00, run_after=2021-01-05 00:00:00+00:00
[2026-02-13T13:03:55.229+0100] {processor.py:208} INFO - Processing /home/gianotti/Documents/CryptoETL/.venv/lib/python3.12/site-packages/airflow/example_dags/example_workday_timetable.py took 0.183 seconds
[2026-02-13T13:04:57.863+0100] {processor.py:186} INFO - Started process (PID=36121) to work on /home/gianotti/Documents/CryptoETL/.venv/lib/python3.12/site-packages/airflow/example_dags/example_workday_timetable.py
[2026-02-13T13:04:57.867+0100] {processor.py:914} INFO - Processing file /home/gianotti/Documents/CryptoETL/.venv/lib/python3.12/site-packages/airflow/example_dags/example_workday_timetable.py for tasks to queue
[2026-02-13T13:04:57.869+0100] {logging_mixin.py:190} INFO - [2026-02-13T13:04:57.868+0100] {dagbag.py:588} INFO - Filling up the DagBag from /home/gianotti/Documents/CryptoETL/.venv/lib/python3.12/site-packages/airflow/example_dags/example_workday_timetable.py
[2026-02-13T13:04:57.879+0100] {processor.py:925} INFO - DAG(s) 'example_workday_timetable' retrieved from /home/gianotti/Documents/CryptoETL/.venv/lib/python3.12/site-packages/airflow/example_dags/example_workday_timetable.py
[2026-02-13T13:04:57.904+0100] {logging_mixin.py:190} INFO - [2026-02-13T13:04:57.903+0100] {dag.py:3239} INFO - Sync 1 DAGs
[2026-02-13T13:04:57.995+0100] {logging_mixin.py:190} INFO - [2026-02-13T13:04:57.995+0100] {dag.py:4180} INFO - Setting next_dagrun for example_workday_timetable to 2021-01-04 00:00:00+00:00, run_after=2021-01-05 00:00:00+00:00
[2026-02-13T13:04:58.028+0100] {processor.py:208} INFO - Processing /home/gianotti/Documents/CryptoETL/.venv/lib/python3.12/site-packages/airflow/example_dags/example_workday_timetable.py took 0.174 seconds
[2026-02-13T13:06:02.086+0100] {processor.py:186} INFO - Started process (PID=36244) to work on /home/gianotti/Documents/CryptoETL/.venv/lib/python3.12/site-packages/airflow/example_dags/example_workday_timetable.py
[2026-02-13T13:06:02.089+0100] {processor.py:914} INFO - Processing file /home/gianotti/Documents/CryptoETL/.venv/lib/python3.12/site-packages/airflow/example_dags/example_workday_timetable.py for tasks to queue
[2026-02-13T13:06:02.091+0100] {logging_mixin.py:190} INFO - [2026-02-13T13:06:02.090+0100] {dagbag.py:588} INFO - Filling up the DagBag from /home/gianotti/Documents/CryptoETL/.venv/lib/python3.12/site-packages/airflow/example_dags/example_workday_timetable.py
[2026-02-13T13:06:02.101+0100] {processor.py:925} INFO - DAG(s) 'example_workday_timetable' retrieved from /home/gianotti/Documents/CryptoETL/.venv/lib/python3.12/site-packages/airflow/example_dags/example_workday_timetable.py
[2026-02-13T13:06:02.125+0100] {logging_mixin.py:190} INFO - [2026-02-13T13:06:02.125+0100] {dag.py:3239} INFO - Sync 1 DAGs
[2026-02-13T13:06:02.219+0100] {logging_mixin.py:190} INFO - [2026-02-13T13:06:02.218+0100] {dag.py:4180} INFO - Setting next_dagrun for example_workday_timetable to 2021-01-04 00:00:00+00:00, run_after=2021-01-05 00:00:00+00:00
[2026-02-13T13:06:02.250+0100] {processor.py:208} INFO - Processing /home/gianotti/Documents/CryptoETL/.venv/lib/python3.12/site-packages/airflow/example_dags/example_workday_timetable.py took 0.174 seconds
[2026-02-13T13:07:07.871+0100] {processor.py:186} INFO - Started process (PID=36323) to work on /home/gianotti/Documents/CryptoETL/.venv/lib/python3.12/site-packages/airflow/example_dags/example_workday_timetable.py
[2026-02-13T13:07:07.874+0100] {processor.py:914} INFO - Processing file /home/gianotti/Documents/CryptoETL/.venv/lib/python3.12/site-packages/airflow/example_dags/example_workday_timetable.py for tasks to queue
[2026-02-13T13:07:07.876+0100] {logging_mixin.py:190} INFO - [2026-02-13T13:07:07.875+0100] {dagbag.py:588} INFO - Filling up the DagBag from /home/gianotti/Documents/CryptoETL/.venv/lib/python3.12/site-packages/airflow/example_dags/example_workday_timetable.py
[2026-02-13T13:07:07.886+0100] {processor.py:925} INFO - DAG(s) 'example_workday_timetable' retrieved from /home/gianotti/Documents/CryptoETL/.venv/lib/python3.12/site-packages/airflow/example_dags/example_workday_timetable.py
[2026-02-13T13:07:07.913+0100] {logging_mixin.py:190} INFO - [2026-02-13T13:07:07.912+0100] {dag.py:3239} INFO - Sync 1 DAGs
[2026-02-13T13:07:08.018+0100] {logging_mixin.py:190} INFO - [2026-02-13T13:07:08.017+0100] {dag.py:4180} INFO - Setting next_dagrun for example_workday_timetable to 2021-01-04 00:00:00+00:00, run_after=2021-01-05 00:00:00+00:00
[2026-02-13T13:07:08.059+0100] {processor.py:208} INFO - Processing /home/gianotti/Documents/CryptoETL/.venv/lib/python3.12/site-packages/airflow/example_dags/example_workday_timetable.py took 0.198 seconds
[2026-02-13T13:08:19.384+0100] {processor.py:186} INFO - Started process (PID=36439) to work on /home/gianotti/Documents/CryptoETL/.venv/lib/python3.12/site-packages/airflow/example_dags/example_workday_timetable.py
[2026-02-13T13:08:19.387+0100] {processor.py:914} INFO - Processing file /home/gianotti/Documents/CryptoETL/.venv/lib/python3.12/site-packages/airflow/example_dags/example_workday_timetable.py for tasks to queue
[2026-02-13T13:08:19.389+0100] {logging_mixin.py:190} INFO - [2026-02-13T13:08:19.388+0100] {dagbag.py:588} INFO - Filling up the DagBag from /home/gianotti/Documents/CryptoETL/.venv/lib/python3.12/site-packages/airflow/example_dags/example_workday_timetable.py
[2026-02-13T13:08:19.399+0100] {processor.py:925} INFO - DAG(s) 'example_workday_timetable' retrieved from /home/gianotti/Documents/CryptoETL/.venv/lib/python3.12/site-packages/airflow/example_dags/example_workday_timetable.py
[2026-02-13T13:08:19.425+0100] {logging_mixin.py:190} INFO - [2026-02-13T13:08:19.424+0100] {dag.py:3239} INFO - Sync 1 DAGs
[2026-02-13T13:08:19.514+0100] {logging_mixin.py:190} INFO - [2026-02-13T13:08:19.514+0100] {dag.py:4180} INFO - Setting next_dagrun for example_workday_timetable to 2021-01-04 00:00:00+00:00, run_after=2021-01-05 00:00:00+00:00
[2026-02-13T13:08:19.543+0100] {processor.py:208} INFO - Processing /home/gianotti/Documents/CryptoETL/.venv/lib/python3.12/site-packages/airflow/example_dags/example_workday_timetable.py took 0.169 seconds
