[2026-02-13T12:55:40.197+0100] {processor.py:186} INFO - Started process (PID=34971) to work on /home/gianotti/Documents/CryptoETL/.venv/lib/python3.12/site-packages/airflow/example_dags/example_kubernetes_executor.py
[2026-02-13T12:55:40.198+0100] {processor.py:914} INFO - Processing file /home/gianotti/Documents/CryptoETL/.venv/lib/python3.12/site-packages/airflow/example_dags/example_kubernetes_executor.py for tasks to queue
[2026-02-13T12:55:40.201+0100] {logging_mixin.py:190} INFO - [2026-02-13T12:55:40.201+0100] {dagbag.py:588} INFO - Filling up the DagBag from /home/gianotti/Documents/CryptoETL/.venv/lib/python3.12/site-packages/airflow/example_dags/example_kubernetes_executor.py
[2026-02-13T12:55:40.208+0100] {logging_mixin.py:190} INFO - [2026-02-13T12:55:40.208+0100] {example_kubernetes_executor.py:39} WARNING - The example_kubernetes_executor example DAG requires the kubernetes provider. Please install it with: pip install apache-airflow[cncf.kubernetes]
[2026-02-13T12:55:40.209+0100] {processor.py:927} WARNING - No viable dags retrieved from /home/gianotti/Documents/CryptoETL/.venv/lib/python3.12/site-packages/airflow/example_dags/example_kubernetes_executor.py
[2026-02-13T12:55:40.219+0100] {processor.py:208} INFO - Processing /home/gianotti/Documents/CryptoETL/.venv/lib/python3.12/site-packages/airflow/example_dags/example_kubernetes_executor.py took 0.031 seconds
[2026-02-13T12:56:45.000+0100] {processor.py:186} INFO - Started process (PID=35101) to work on /home/gianotti/Documents/CryptoETL/.venv/lib/python3.12/site-packages/airflow/example_dags/example_kubernetes_executor.py
[2026-02-13T12:56:45.002+0100] {processor.py:914} INFO - Processing file /home/gianotti/Documents/CryptoETL/.venv/lib/python3.12/site-packages/airflow/example_dags/example_kubernetes_executor.py for tasks to queue
[2026-02-13T12:56:45.005+0100] {logging_mixin.py:190} INFO - [2026-02-13T12:56:45.005+0100] {dagbag.py:588} INFO - Filling up the DagBag from /home/gianotti/Documents/CryptoETL/.venv/lib/python3.12/site-packages/airflow/example_dags/example_kubernetes_executor.py
[2026-02-13T12:56:45.010+0100] {logging_mixin.py:190} INFO - [2026-02-13T12:56:45.010+0100] {example_kubernetes_executor.py:39} WARNING - The example_kubernetes_executor example DAG requires the kubernetes provider. Please install it with: pip install apache-airflow[cncf.kubernetes]
[2026-02-13T12:56:45.011+0100] {processor.py:927} WARNING - No viable dags retrieved from /home/gianotti/Documents/CryptoETL/.venv/lib/python3.12/site-packages/airflow/example_dags/example_kubernetes_executor.py
[2026-02-13T12:56:45.025+0100] {processor.py:208} INFO - Processing /home/gianotti/Documents/CryptoETL/.venv/lib/python3.12/site-packages/airflow/example_dags/example_kubernetes_executor.py took 0.034 seconds
[2026-02-13T12:57:42.389+0100] {processor.py:186} INFO - Started process (PID=35207) to work on /home/gianotti/Documents/CryptoETL/.venv/lib/python3.12/site-packages/airflow/example_dags/example_kubernetes_executor.py
[2026-02-13T12:57:42.392+0100] {processor.py:914} INFO - Processing file /home/gianotti/Documents/CryptoETL/.venv/lib/python3.12/site-packages/airflow/example_dags/example_kubernetes_executor.py for tasks to queue
[2026-02-13T12:57:42.396+0100] {logging_mixin.py:190} INFO - [2026-02-13T12:57:42.395+0100] {dagbag.py:588} INFO - Filling up the DagBag from /home/gianotti/Documents/CryptoETL/.venv/lib/python3.12/site-packages/airflow/example_dags/example_kubernetes_executor.py
[2026-02-13T12:57:42.401+0100] {logging_mixin.py:190} INFO - [2026-02-13T12:57:42.400+0100] {example_kubernetes_executor.py:39} WARNING - The example_kubernetes_executor example DAG requires the kubernetes provider. Please install it with: pip install apache-airflow[cncf.kubernetes]
[2026-02-13T12:57:42.401+0100] {processor.py:927} WARNING - No viable dags retrieved from /home/gianotti/Documents/CryptoETL/.venv/lib/python3.12/site-packages/airflow/example_dags/example_kubernetes_executor.py
[2026-02-13T12:57:42.419+0100] {processor.py:208} INFO - Processing /home/gianotti/Documents/CryptoETL/.venv/lib/python3.12/site-packages/airflow/example_dags/example_kubernetes_executor.py took 0.040 seconds
[2026-02-13T12:58:41.165+0100] {processor.py:186} INFO - Started process (PID=35349) to work on /home/gianotti/Documents/CryptoETL/.venv/lib/python3.12/site-packages/airflow/example_dags/example_kubernetes_executor.py
[2026-02-13T12:58:41.168+0100] {processor.py:914} INFO - Processing file /home/gianotti/Documents/CryptoETL/.venv/lib/python3.12/site-packages/airflow/example_dags/example_kubernetes_executor.py for tasks to queue
[2026-02-13T12:58:41.171+0100] {logging_mixin.py:190} INFO - [2026-02-13T12:58:41.170+0100] {dagbag.py:588} INFO - Filling up the DagBag from /home/gianotti/Documents/CryptoETL/.venv/lib/python3.12/site-packages/airflow/example_dags/example_kubernetes_executor.py
[2026-02-13T12:58:41.176+0100] {logging_mixin.py:190} INFO - [2026-02-13T12:58:41.176+0100] {example_kubernetes_executor.py:39} WARNING - The example_kubernetes_executor example DAG requires the kubernetes provider. Please install it with: pip install apache-airflow[cncf.kubernetes]
[2026-02-13T12:58:41.176+0100] {processor.py:927} WARNING - No viable dags retrieved from /home/gianotti/Documents/CryptoETL/.venv/lib/python3.12/site-packages/airflow/example_dags/example_kubernetes_executor.py
[2026-02-13T12:58:41.193+0100] {processor.py:208} INFO - Processing /home/gianotti/Documents/CryptoETL/.venv/lib/python3.12/site-packages/airflow/example_dags/example_kubernetes_executor.py took 0.038 seconds
[2026-02-13T12:59:36.082+0100] {processor.py:186} INFO - Started process (PID=35463) to work on /home/gianotti/Documents/CryptoETL/.venv/lib/python3.12/site-packages/airflow/example_dags/example_kubernetes_executor.py
[2026-02-13T12:59:36.085+0100] {processor.py:914} INFO - Processing file /home/gianotti/Documents/CryptoETL/.venv/lib/python3.12/site-packages/airflow/example_dags/example_kubernetes_executor.py for tasks to queue
[2026-02-13T12:59:36.088+0100] {logging_mixin.py:190} INFO - [2026-02-13T12:59:36.087+0100] {dagbag.py:588} INFO - Filling up the DagBag from /home/gianotti/Documents/CryptoETL/.venv/lib/python3.12/site-packages/airflow/example_dags/example_kubernetes_executor.py
[2026-02-13T12:59:36.092+0100] {logging_mixin.py:190} INFO - [2026-02-13T12:59:36.092+0100] {example_kubernetes_executor.py:39} WARNING - The example_kubernetes_executor example DAG requires the kubernetes provider. Please install it with: pip install apache-airflow[cncf.kubernetes]
[2026-02-13T12:59:36.093+0100] {processor.py:927} WARNING - No viable dags retrieved from /home/gianotti/Documents/CryptoETL/.venv/lib/python3.12/site-packages/airflow/example_dags/example_kubernetes_executor.py
[2026-02-13T12:59:36.107+0100] {processor.py:208} INFO - Processing /home/gianotti/Documents/CryptoETL/.venv/lib/python3.12/site-packages/airflow/example_dags/example_kubernetes_executor.py took 0.034 seconds
[2026-02-13T13:00:34.133+0100] {processor.py:186} INFO - Started process (PID=35566) to work on /home/gianotti/Documents/CryptoETL/.venv/lib/python3.12/site-packages/airflow/example_dags/example_kubernetes_executor.py
[2026-02-13T13:00:34.136+0100] {processor.py:914} INFO - Processing file /home/gianotti/Documents/CryptoETL/.venv/lib/python3.12/site-packages/airflow/example_dags/example_kubernetes_executor.py for tasks to queue
[2026-02-13T13:00:34.137+0100] {logging_mixin.py:190} INFO - [2026-02-13T13:00:34.137+0100] {dagbag.py:588} INFO - Filling up the DagBag from /home/gianotti/Documents/CryptoETL/.venv/lib/python3.12/site-packages/airflow/example_dags/example_kubernetes_executor.py
[2026-02-13T13:00:34.141+0100] {logging_mixin.py:190} INFO - [2026-02-13T13:00:34.141+0100] {example_kubernetes_executor.py:39} WARNING - The example_kubernetes_executor example DAG requires the kubernetes provider. Please install it with: pip install apache-airflow[cncf.kubernetes]
[2026-02-13T13:00:34.142+0100] {processor.py:927} WARNING - No viable dags retrieved from /home/gianotti/Documents/CryptoETL/.venv/lib/python3.12/site-packages/airflow/example_dags/example_kubernetes_executor.py
[2026-02-13T13:00:34.151+0100] {processor.py:208} INFO - Processing /home/gianotti/Documents/CryptoETL/.venv/lib/python3.12/site-packages/airflow/example_dags/example_kubernetes_executor.py took 0.026 seconds
[2026-02-13T13:01:34.715+0100] {processor.py:186} INFO - Started process (PID=35689) to work on /home/gianotti/Documents/CryptoETL/.venv/lib/python3.12/site-packages/airflow/example_dags/example_kubernetes_executor.py
[2026-02-13T13:01:34.717+0100] {processor.py:914} INFO - Processing file /home/gianotti/Documents/CryptoETL/.venv/lib/python3.12/site-packages/airflow/example_dags/example_kubernetes_executor.py for tasks to queue
[2026-02-13T13:01:34.719+0100] {logging_mixin.py:190} INFO - [2026-02-13T13:01:34.719+0100] {dagbag.py:588} INFO - Filling up the DagBag from /home/gianotti/Documents/CryptoETL/.venv/lib/python3.12/site-packages/airflow/example_dags/example_kubernetes_executor.py
[2026-02-13T13:01:34.724+0100] {logging_mixin.py:190} INFO - [2026-02-13T13:01:34.724+0100] {example_kubernetes_executor.py:39} WARNING - The example_kubernetes_executor example DAG requires the kubernetes provider. Please install it with: pip install apache-airflow[cncf.kubernetes]
[2026-02-13T13:01:34.725+0100] {processor.py:927} WARNING - No viable dags retrieved from /home/gianotti/Documents/CryptoETL/.venv/lib/python3.12/site-packages/airflow/example_dags/example_kubernetes_executor.py
[2026-02-13T13:01:34.741+0100] {processor.py:208} INFO - Processing /home/gianotti/Documents/CryptoETL/.venv/lib/python3.12/site-packages/airflow/example_dags/example_kubernetes_executor.py took 0.035 seconds
[2026-02-13T13:02:32.685+0100] {processor.py:186} INFO - Started process (PID=35821) to work on /home/gianotti/Documents/CryptoETL/.venv/lib/python3.12/site-packages/airflow/example_dags/example_kubernetes_executor.py
[2026-02-13T13:02:32.687+0100] {processor.py:914} INFO - Processing file /home/gianotti/Documents/CryptoETL/.venv/lib/python3.12/site-packages/airflow/example_dags/example_kubernetes_executor.py for tasks to queue
[2026-02-13T13:02:32.688+0100] {logging_mixin.py:190} INFO - [2026-02-13T13:02:32.688+0100] {dagbag.py:588} INFO - Filling up the DagBag from /home/gianotti/Documents/CryptoETL/.venv/lib/python3.12/site-packages/airflow/example_dags/example_kubernetes_executor.py
[2026-02-13T13:02:32.691+0100] {logging_mixin.py:190} INFO - [2026-02-13T13:02:32.691+0100] {example_kubernetes_executor.py:39} WARNING - The example_kubernetes_executor example DAG requires the kubernetes provider. Please install it with: pip install apache-airflow[cncf.kubernetes]
[2026-02-13T13:02:32.691+0100] {processor.py:927} WARNING - No viable dags retrieved from /home/gianotti/Documents/CryptoETL/.venv/lib/python3.12/site-packages/airflow/example_dags/example_kubernetes_executor.py
[2026-02-13T13:02:32.699+0100] {processor.py:208} INFO - Processing /home/gianotti/Documents/CryptoETL/.venv/lib/python3.12/site-packages/airflow/example_dags/example_kubernetes_executor.py took 0.018 seconds
[2026-02-13T13:03:29.409+0100] {processor.py:186} INFO - Started process (PID=35937) to work on /home/gianotti/Documents/CryptoETL/.venv/lib/python3.12/site-packages/airflow/example_dags/example_kubernetes_executor.py
[2026-02-13T13:03:29.419+0100] {processor.py:914} INFO - Processing file /home/gianotti/Documents/CryptoETL/.venv/lib/python3.12/site-packages/airflow/example_dags/example_kubernetes_executor.py for tasks to queue
[2026-02-13T13:03:29.421+0100] {logging_mixin.py:190} INFO - [2026-02-13T13:03:29.420+0100] {dagbag.py:588} INFO - Filling up the DagBag from /home/gianotti/Documents/CryptoETL/.venv/lib/python3.12/site-packages/airflow/example_dags/example_kubernetes_executor.py
[2026-02-13T13:03:29.426+0100] {logging_mixin.py:190} INFO - [2026-02-13T13:03:29.425+0100] {example_kubernetes_executor.py:39} WARNING - The example_kubernetes_executor example DAG requires the kubernetes provider. Please install it with: pip install apache-airflow[cncf.kubernetes]
[2026-02-13T13:03:29.426+0100] {processor.py:927} WARNING - No viable dags retrieved from /home/gianotti/Documents/CryptoETL/.venv/lib/python3.12/site-packages/airflow/example_dags/example_kubernetes_executor.py
[2026-02-13T13:03:29.442+0100] {processor.py:208} INFO - Processing /home/gianotti/Documents/CryptoETL/.venv/lib/python3.12/site-packages/airflow/example_dags/example_kubernetes_executor.py took 0.042 seconds
[2026-02-13T13:04:29.745+0100] {processor.py:186} INFO - Started process (PID=36069) to work on /home/gianotti/Documents/CryptoETL/.venv/lib/python3.12/site-packages/airflow/example_dags/example_kubernetes_executor.py
[2026-02-13T13:04:29.748+0100] {processor.py:914} INFO - Processing file /home/gianotti/Documents/CryptoETL/.venv/lib/python3.12/site-packages/airflow/example_dags/example_kubernetes_executor.py for tasks to queue
[2026-02-13T13:04:29.750+0100] {logging_mixin.py:190} INFO - [2026-02-13T13:04:29.749+0100] {dagbag.py:588} INFO - Filling up the DagBag from /home/gianotti/Documents/CryptoETL/.venv/lib/python3.12/site-packages/airflow/example_dags/example_kubernetes_executor.py
[2026-02-13T13:04:29.755+0100] {logging_mixin.py:190} INFO - [2026-02-13T13:04:29.754+0100] {example_kubernetes_executor.py:39} WARNING - The example_kubernetes_executor example DAG requires the kubernetes provider. Please install it with: pip install apache-airflow[cncf.kubernetes]
[2026-02-13T13:04:29.755+0100] {processor.py:927} WARNING - No viable dags retrieved from /home/gianotti/Documents/CryptoETL/.venv/lib/python3.12/site-packages/airflow/example_dags/example_kubernetes_executor.py
[2026-02-13T13:04:29.771+0100] {processor.py:208} INFO - Processing /home/gianotti/Documents/CryptoETL/.venv/lib/python3.12/site-packages/airflow/example_dags/example_kubernetes_executor.py took 0.035 seconds
[2026-02-13T13:05:34.090+0100] {processor.py:186} INFO - Started process (PID=36176) to work on /home/gianotti/Documents/CryptoETL/.venv/lib/python3.12/site-packages/airflow/example_dags/example_kubernetes_executor.py
[2026-02-13T13:05:34.093+0100] {processor.py:914} INFO - Processing file /home/gianotti/Documents/CryptoETL/.venv/lib/python3.12/site-packages/airflow/example_dags/example_kubernetes_executor.py for tasks to queue
[2026-02-13T13:05:34.095+0100] {logging_mixin.py:190} INFO - [2026-02-13T13:05:34.095+0100] {dagbag.py:588} INFO - Filling up the DagBag from /home/gianotti/Documents/CryptoETL/.venv/lib/python3.12/site-packages/airflow/example_dags/example_kubernetes_executor.py
[2026-02-13T13:05:34.100+0100] {logging_mixin.py:190} INFO - [2026-02-13T13:05:34.099+0100] {example_kubernetes_executor.py:39} WARNING - The example_kubernetes_executor example DAG requires the kubernetes provider. Please install it with: pip install apache-airflow[cncf.kubernetes]
[2026-02-13T13:05:34.100+0100] {processor.py:927} WARNING - No viable dags retrieved from /home/gianotti/Documents/CryptoETL/.venv/lib/python3.12/site-packages/airflow/example_dags/example_kubernetes_executor.py
[2026-02-13T13:05:34.115+0100] {processor.py:208} INFO - Processing /home/gianotti/Documents/CryptoETL/.venv/lib/python3.12/site-packages/airflow/example_dags/example_kubernetes_executor.py took 0.034 seconds
[2026-02-13T13:06:41.483+0100] {processor.py:186} INFO - Started process (PID=36286) to work on /home/gianotti/Documents/CryptoETL/.venv/lib/python3.12/site-packages/airflow/example_dags/example_kubernetes_executor.py
[2026-02-13T13:06:41.486+0100] {processor.py:914} INFO - Processing file /home/gianotti/Documents/CryptoETL/.venv/lib/python3.12/site-packages/airflow/example_dags/example_kubernetes_executor.py for tasks to queue
[2026-02-13T13:06:41.488+0100] {logging_mixin.py:190} INFO - [2026-02-13T13:06:41.487+0100] {dagbag.py:588} INFO - Filling up the DagBag from /home/gianotti/Documents/CryptoETL/.venv/lib/python3.12/site-packages/airflow/example_dags/example_kubernetes_executor.py
[2026-02-13T13:06:41.492+0100] {logging_mixin.py:190} INFO - [2026-02-13T13:06:41.492+0100] {example_kubernetes_executor.py:39} WARNING - The example_kubernetes_executor example DAG requires the kubernetes provider. Please install it with: pip install apache-airflow[cncf.kubernetes]
[2026-02-13T13:06:41.492+0100] {processor.py:927} WARNING - No viable dags retrieved from /home/gianotti/Documents/CryptoETL/.venv/lib/python3.12/site-packages/airflow/example_dags/example_kubernetes_executor.py
[2026-02-13T13:06:41.508+0100] {processor.py:208} INFO - Processing /home/gianotti/Documents/CryptoETL/.venv/lib/python3.12/site-packages/airflow/example_dags/example_kubernetes_executor.py took 0.033 seconds
[2026-02-13T13:07:50.054+0100] {processor.py:186} INFO - Started process (PID=36383) to work on /home/gianotti/Documents/CryptoETL/.venv/lib/python3.12/site-packages/airflow/example_dags/example_kubernetes_executor.py
[2026-02-13T13:07:50.057+0100] {processor.py:914} INFO - Processing file /home/gianotti/Documents/CryptoETL/.venv/lib/python3.12/site-packages/airflow/example_dags/example_kubernetes_executor.py for tasks to queue
[2026-02-13T13:07:50.059+0100] {logging_mixin.py:190} INFO - [2026-02-13T13:07:50.058+0100] {dagbag.py:588} INFO - Filling up the DagBag from /home/gianotti/Documents/CryptoETL/.venv/lib/python3.12/site-packages/airflow/example_dags/example_kubernetes_executor.py
[2026-02-13T13:07:50.064+0100] {logging_mixin.py:190} INFO - [2026-02-13T13:07:50.063+0100] {example_kubernetes_executor.py:39} WARNING - The example_kubernetes_executor example DAG requires the kubernetes provider. Please install it with: pip install apache-airflow[cncf.kubernetes]
[2026-02-13T13:07:50.064+0100] {processor.py:927} WARNING - No viable dags retrieved from /home/gianotti/Documents/CryptoETL/.venv/lib/python3.12/site-packages/airflow/example_dags/example_kubernetes_executor.py
[2026-02-13T13:07:50.079+0100] {processor.py:208} INFO - Processing /home/gianotti/Documents/CryptoETL/.venv/lib/python3.12/site-packages/airflow/example_dags/example_kubernetes_executor.py took 0.034 seconds
