[2026-02-13T12:55:50.454+0100] {processor.py:186} INFO - Started process (PID=34986) to work on /home/gianotti/Documents/CryptoETL/.venv/lib/python3.12/site-packages/airflow/example_dags/example_dataset_alias.py
[2026-02-13T12:55:50.455+0100] {processor.py:914} INFO - Processing file /home/gianotti/Documents/CryptoETL/.venv/lib/python3.12/site-packages/airflow/example_dags/example_dataset_alias.py for tasks to queue
[2026-02-13T12:55:50.459+0100] {logging_mixin.py:190} INFO - [2026-02-13T12:55:50.458+0100] {dagbag.py:588} INFO - Filling up the DagBag from /home/gianotti/Documents/CryptoETL/.venv/lib/python3.12/site-packages/airflow/example_dags/example_dataset_alias.py
[2026-02-13T12:55:50.488+0100] {processor.py:925} INFO - DAG(s) 'dataset_s3_bucket_consumer', 'dataset_alias_example_alias_consumer', 'dataset_alias_example_alias_producer', 'dataset_s3_bucket_producer' retrieved from /home/gianotti/Documents/CryptoETL/.venv/lib/python3.12/site-packages/airflow/example_dags/example_dataset_alias.py
[2026-02-13T12:55:50.581+0100] {logging_mixin.py:190} INFO - [2026-02-13T12:55:50.580+0100] {override.py:1930} INFO - Created Permission View: can edit on DAG:dataset_s3_bucket_consumer
[2026-02-13T12:55:50.591+0100] {logging_mixin.py:190} INFO - [2026-02-13T12:55:50.591+0100] {override.py:1930} INFO - Created Permission View: can read on DAG:dataset_s3_bucket_consumer
[2026-02-13T12:55:50.599+0100] {logging_mixin.py:190} INFO - [2026-02-13T12:55:50.599+0100] {override.py:1930} INFO - Created Permission View: can delete on DAG:dataset_s3_bucket_consumer
[2026-02-13T12:55:50.615+0100] {logging_mixin.py:190} INFO - [2026-02-13T12:55:50.615+0100] {override.py:1930} INFO - Created Permission View: can create on DAG Run:dataset_s3_bucket_consumer
[2026-02-13T12:55:50.627+0100] {logging_mixin.py:190} INFO - [2026-02-13T12:55:50.627+0100] {override.py:1930} INFO - Created Permission View: can read on DAG Run:dataset_s3_bucket_consumer
[2026-02-13T12:55:50.640+0100] {logging_mixin.py:190} INFO - [2026-02-13T12:55:50.639+0100] {override.py:1930} INFO - Created Permission View: can delete on DAG Run:dataset_s3_bucket_consumer
[2026-02-13T12:55:50.653+0100] {logging_mixin.py:190} INFO - [2026-02-13T12:55:50.652+0100] {override.py:1930} INFO - Created Permission View: menu access on DAG Run:dataset_s3_bucket_consumer
[2026-02-13T12:55:50.678+0100] {logging_mixin.py:190} INFO - [2026-02-13T12:55:50.678+0100] {override.py:1930} INFO - Created Permission View: can edit on DAG:dataset_alias_example_alias_consumer
[2026-02-13T12:55:50.692+0100] {logging_mixin.py:190} INFO - [2026-02-13T12:55:50.691+0100] {override.py:1930} INFO - Created Permission View: can read on DAG:dataset_alias_example_alias_consumer
[2026-02-13T12:55:50.704+0100] {logging_mixin.py:190} INFO - [2026-02-13T12:55:50.704+0100] {override.py:1930} INFO - Created Permission View: can delete on DAG:dataset_alias_example_alias_consumer
[2026-02-13T12:55:50.721+0100] {logging_mixin.py:190} INFO - [2026-02-13T12:55:50.721+0100] {override.py:1930} INFO - Created Permission View: can create on DAG Run:dataset_alias_example_alias_consumer
[2026-02-13T12:55:50.733+0100] {logging_mixin.py:190} INFO - [2026-02-13T12:55:50.733+0100] {override.py:1930} INFO - Created Permission View: can read on DAG Run:dataset_alias_example_alias_consumer
[2026-02-13T12:55:50.744+0100] {logging_mixin.py:190} INFO - [2026-02-13T12:55:50.744+0100] {override.py:1930} INFO - Created Permission View: can delete on DAG Run:dataset_alias_example_alias_consumer
[2026-02-13T12:55:50.757+0100] {logging_mixin.py:190} INFO - [2026-02-13T12:55:50.756+0100] {override.py:1930} INFO - Created Permission View: menu access on DAG Run:dataset_alias_example_alias_consumer
[2026-02-13T12:55:50.786+0100] {logging_mixin.py:190} INFO - [2026-02-13T12:55:50.785+0100] {override.py:1930} INFO - Created Permission View: can edit on DAG:dataset_alias_example_alias_producer
[2026-02-13T12:55:50.798+0100] {logging_mixin.py:190} INFO - [2026-02-13T12:55:50.798+0100] {override.py:1930} INFO - Created Permission View: can read on DAG:dataset_alias_example_alias_producer
[2026-02-13T12:55:50.810+0100] {logging_mixin.py:190} INFO - [2026-02-13T12:55:50.810+0100] {override.py:1930} INFO - Created Permission View: can delete on DAG:dataset_alias_example_alias_producer
[2026-02-13T12:55:50.828+0100] {logging_mixin.py:190} INFO - [2026-02-13T12:55:50.827+0100] {override.py:1930} INFO - Created Permission View: can create on DAG Run:dataset_alias_example_alias_producer
[2026-02-13T12:55:50.839+0100] {logging_mixin.py:190} INFO - [2026-02-13T12:55:50.838+0100] {override.py:1930} INFO - Created Permission View: can read on DAG Run:dataset_alias_example_alias_producer
[2026-02-13T12:55:50.851+0100] {logging_mixin.py:190} INFO - [2026-02-13T12:55:50.850+0100] {override.py:1930} INFO - Created Permission View: can delete on DAG Run:dataset_alias_example_alias_producer
[2026-02-13T12:55:50.862+0100] {logging_mixin.py:190} INFO - [2026-02-13T12:55:50.862+0100] {override.py:1930} INFO - Created Permission View: menu access on DAG Run:dataset_alias_example_alias_producer
[2026-02-13T12:55:50.889+0100] {logging_mixin.py:190} INFO - [2026-02-13T12:55:50.888+0100] {override.py:1930} INFO - Created Permission View: can edit on DAG:dataset_s3_bucket_producer
[2026-02-13T12:55:50.901+0100] {logging_mixin.py:190} INFO - [2026-02-13T12:55:50.901+0100] {override.py:1930} INFO - Created Permission View: can read on DAG:dataset_s3_bucket_producer
[2026-02-13T12:55:50.913+0100] {logging_mixin.py:190} INFO - [2026-02-13T12:55:50.913+0100] {override.py:1930} INFO - Created Permission View: can delete on DAG:dataset_s3_bucket_producer
[2026-02-13T12:55:50.932+0100] {logging_mixin.py:190} INFO - [2026-02-13T12:55:50.931+0100] {override.py:1930} INFO - Created Permission View: can create on DAG Run:dataset_s3_bucket_producer
[2026-02-13T12:55:50.943+0100] {logging_mixin.py:190} INFO - [2026-02-13T12:55:50.943+0100] {override.py:1930} INFO - Created Permission View: can read on DAG Run:dataset_s3_bucket_producer
[2026-02-13T12:55:50.955+0100] {logging_mixin.py:190} INFO - [2026-02-13T12:55:50.954+0100] {override.py:1930} INFO - Created Permission View: can delete on DAG Run:dataset_s3_bucket_producer
[2026-02-13T12:55:50.966+0100] {logging_mixin.py:190} INFO - [2026-02-13T12:55:50.965+0100] {override.py:1930} INFO - Created Permission View: menu access on DAG Run:dataset_s3_bucket_producer
[2026-02-13T12:55:50.967+0100] {logging_mixin.py:190} INFO - [2026-02-13T12:55:50.966+0100] {dag.py:3239} INFO - Sync 4 DAGs
[2026-02-13T12:55:50.987+0100] {logging_mixin.py:190} INFO - [2026-02-13T12:55:50.986+0100] {dag.py:3262} INFO - Creating ORM DAG for dataset_alias_example_alias_producer
[2026-02-13T12:55:50.988+0100] {logging_mixin.py:190} INFO - [2026-02-13T12:55:50.987+0100] {dag.py:3262} INFO - Creating ORM DAG for dataset_s3_bucket_consumer
[2026-02-13T12:55:50.988+0100] {logging_mixin.py:190} INFO - [2026-02-13T12:55:50.988+0100] {dag.py:3262} INFO - Creating ORM DAG for dataset_alias_example_alias_consumer
[2026-02-13T12:55:50.989+0100] {logging_mixin.py:190} INFO - [2026-02-13T12:55:50.989+0100] {dag.py:3262} INFO - Creating ORM DAG for dataset_s3_bucket_producer
[2026-02-13T12:55:51.003+0100] {logging_mixin.py:190} INFO - [2026-02-13T12:55:51.002+0100] {dag.py:4180} INFO - Setting next_dagrun for dataset_alias_example_alias_consumer to None, run_after=None
[2026-02-13T12:55:51.004+0100] {logging_mixin.py:190} INFO - [2026-02-13T12:55:51.003+0100] {dag.py:4180} INFO - Setting next_dagrun for dataset_alias_example_alias_producer to None, run_after=None
[2026-02-13T12:55:51.004+0100] {logging_mixin.py:190} INFO - [2026-02-13T12:55:51.004+0100] {dag.py:4180} INFO - Setting next_dagrun for dataset_s3_bucket_consumer to None, run_after=None
[2026-02-13T12:55:51.005+0100] {logging_mixin.py:190} INFO - [2026-02-13T12:55:51.005+0100] {dag.py:4180} INFO - Setting next_dagrun for dataset_s3_bucket_producer to None, run_after=None
[2026-02-13T12:55:51.046+0100] {processor.py:208} INFO - Processing /home/gianotti/Documents/CryptoETL/.venv/lib/python3.12/site-packages/airflow/example_dags/example_dataset_alias.py took 0.601 seconds
[2026-02-13T12:56:53.119+0100] {processor.py:186} INFO - Started process (PID=35109) to work on /home/gianotti/Documents/CryptoETL/.venv/lib/python3.12/site-packages/airflow/example_dags/example_dataset_alias.py
[2026-02-13T12:56:53.122+0100] {processor.py:914} INFO - Processing file /home/gianotti/Documents/CryptoETL/.venv/lib/python3.12/site-packages/airflow/example_dags/example_dataset_alias.py for tasks to queue
[2026-02-13T12:56:53.126+0100] {logging_mixin.py:190} INFO - [2026-02-13T12:56:53.125+0100] {dagbag.py:588} INFO - Filling up the DagBag from /home/gianotti/Documents/CryptoETL/.venv/lib/python3.12/site-packages/airflow/example_dags/example_dataset_alias.py
[2026-02-13T12:56:53.166+0100] {processor.py:925} INFO - DAG(s) 'dataset_alias_example_alias_producer', 'dataset_s3_bucket_consumer', 'dataset_s3_bucket_producer', 'dataset_alias_example_alias_consumer' retrieved from /home/gianotti/Documents/CryptoETL/.venv/lib/python3.12/site-packages/airflow/example_dags/example_dataset_alias.py
[2026-02-13T12:56:53.185+0100] {logging_mixin.py:190} INFO - [2026-02-13T12:56:53.185+0100] {dag.py:3239} INFO - Sync 4 DAGs
[2026-02-13T12:56:53.200+0100] {logging_mixin.py:190} INFO - [2026-02-13T12:56:53.200+0100] {dag.py:4180} INFO - Setting next_dagrun for dataset_alias_example_alias_consumer to None, run_after=None
[2026-02-13T12:56:53.202+0100] {logging_mixin.py:190} INFO - [2026-02-13T12:56:53.202+0100] {dag.py:4180} INFO - Setting next_dagrun for dataset_alias_example_alias_producer to None, run_after=None
[2026-02-13T12:56:53.203+0100] {logging_mixin.py:190} INFO - [2026-02-13T12:56:53.203+0100] {dag.py:4180} INFO - Setting next_dagrun for dataset_s3_bucket_consumer to None, run_after=None
[2026-02-13T12:56:53.203+0100] {logging_mixin.py:190} INFO - [2026-02-13T12:56:53.203+0100] {dag.py:4180} INFO - Setting next_dagrun for dataset_s3_bucket_producer to None, run_after=None
[2026-02-13T12:56:53.222+0100] {processor.py:208} INFO - Processing /home/gianotti/Documents/CryptoETL/.venv/lib/python3.12/site-packages/airflow/example_dags/example_dataset_alias.py took 0.113 seconds
[2026-02-13T12:57:50.786+0100] {processor.py:186} INFO - Started process (PID=35223) to work on /home/gianotti/Documents/CryptoETL/.venv/lib/python3.12/site-packages/airflow/example_dags/example_dataset_alias.py
[2026-02-13T12:57:50.789+0100] {processor.py:914} INFO - Processing file /home/gianotti/Documents/CryptoETL/.venv/lib/python3.12/site-packages/airflow/example_dags/example_dataset_alias.py for tasks to queue
[2026-02-13T12:57:50.793+0100] {logging_mixin.py:190} INFO - [2026-02-13T12:57:50.792+0100] {dagbag.py:588} INFO - Filling up the DagBag from /home/gianotti/Documents/CryptoETL/.venv/lib/python3.12/site-packages/airflow/example_dags/example_dataset_alias.py
[2026-02-13T12:57:50.827+0100] {processor.py:925} INFO - DAG(s) 'dataset_alias_example_alias_consumer', 'dataset_alias_example_alias_producer', 'dataset_s3_bucket_producer', 'dataset_s3_bucket_consumer' retrieved from /home/gianotti/Documents/CryptoETL/.venv/lib/python3.12/site-packages/airflow/example_dags/example_dataset_alias.py
[2026-02-13T12:57:50.846+0100] {logging_mixin.py:190} INFO - [2026-02-13T12:57:50.846+0100] {dag.py:3239} INFO - Sync 4 DAGs
[2026-02-13T12:57:50.861+0100] {logging_mixin.py:190} INFO - [2026-02-13T12:57:50.861+0100] {dag.py:4180} INFO - Setting next_dagrun for dataset_alias_example_alias_consumer to None, run_after=None
[2026-02-13T12:57:50.863+0100] {logging_mixin.py:190} INFO - [2026-02-13T12:57:50.863+0100] {dag.py:4180} INFO - Setting next_dagrun for dataset_alias_example_alias_producer to None, run_after=None
[2026-02-13T12:57:50.864+0100] {logging_mixin.py:190} INFO - [2026-02-13T12:57:50.863+0100] {dag.py:4180} INFO - Setting next_dagrun for dataset_s3_bucket_consumer to None, run_after=None
[2026-02-13T12:57:50.864+0100] {logging_mixin.py:190} INFO - [2026-02-13T12:57:50.864+0100] {dag.py:4180} INFO - Setting next_dagrun for dataset_s3_bucket_producer to None, run_after=None
[2026-02-13T12:57:50.883+0100] {processor.py:208} INFO - Processing /home/gianotti/Documents/CryptoETL/.venv/lib/python3.12/site-packages/airflow/example_dags/example_dataset_alias.py took 0.108 seconds
[2026-02-13T12:58:48.088+0100] {processor.py:186} INFO - Started process (PID=35365) to work on /home/gianotti/Documents/CryptoETL/.venv/lib/python3.12/site-packages/airflow/example_dags/example_dataset_alias.py
[2026-02-13T12:58:48.091+0100] {processor.py:914} INFO - Processing file /home/gianotti/Documents/CryptoETL/.venv/lib/python3.12/site-packages/airflow/example_dags/example_dataset_alias.py for tasks to queue
[2026-02-13T12:58:48.095+0100] {logging_mixin.py:190} INFO - [2026-02-13T12:58:48.094+0100] {dagbag.py:588} INFO - Filling up the DagBag from /home/gianotti/Documents/CryptoETL/.venv/lib/python3.12/site-packages/airflow/example_dags/example_dataset_alias.py
[2026-02-13T12:58:48.134+0100] {processor.py:925} INFO - DAG(s) 'dataset_s3_bucket_consumer', 'dataset_alias_example_alias_consumer', 'dataset_alias_example_alias_producer', 'dataset_s3_bucket_producer' retrieved from /home/gianotti/Documents/CryptoETL/.venv/lib/python3.12/site-packages/airflow/example_dags/example_dataset_alias.py
[2026-02-13T12:58:48.154+0100] {logging_mixin.py:190} INFO - [2026-02-13T12:58:48.154+0100] {dag.py:3239} INFO - Sync 4 DAGs
[2026-02-13T12:58:48.169+0100] {logging_mixin.py:190} INFO - [2026-02-13T12:58:48.169+0100] {dag.py:4180} INFO - Setting next_dagrun for dataset_alias_example_alias_consumer to None, run_after=None
[2026-02-13T12:58:48.171+0100] {logging_mixin.py:190} INFO - [2026-02-13T12:58:48.170+0100] {dag.py:4180} INFO - Setting next_dagrun for dataset_alias_example_alias_producer to None, run_after=None
[2026-02-13T12:58:48.171+0100] {logging_mixin.py:190} INFO - [2026-02-13T12:58:48.171+0100] {dag.py:4180} INFO - Setting next_dagrun for dataset_s3_bucket_consumer to None, run_after=None
[2026-02-13T12:58:48.172+0100] {logging_mixin.py:190} INFO - [2026-02-13T12:58:48.172+0100] {dag.py:4180} INFO - Setting next_dagrun for dataset_s3_bucket_producer to None, run_after=None
[2026-02-13T12:58:48.191+0100] {processor.py:208} INFO - Processing /home/gianotti/Documents/CryptoETL/.venv/lib/python3.12/site-packages/airflow/example_dags/example_dataset_alias.py took 0.112 seconds
[2026-02-13T12:59:44.582+0100] {processor.py:186} INFO - Started process (PID=35476) to work on /home/gianotti/Documents/CryptoETL/.venv/lib/python3.12/site-packages/airflow/example_dags/example_dataset_alias.py
[2026-02-13T12:59:44.585+0100] {processor.py:914} INFO - Processing file /home/gianotti/Documents/CryptoETL/.venv/lib/python3.12/site-packages/airflow/example_dags/example_dataset_alias.py for tasks to queue
[2026-02-13T12:59:44.588+0100] {logging_mixin.py:190} INFO - [2026-02-13T12:59:44.587+0100] {dagbag.py:588} INFO - Filling up the DagBag from /home/gianotti/Documents/CryptoETL/.venv/lib/python3.12/site-packages/airflow/example_dags/example_dataset_alias.py
[2026-02-13T12:59:44.622+0100] {processor.py:925} INFO - DAG(s) 'dataset_alias_example_alias_consumer', 'dataset_s3_bucket_producer', 'dataset_alias_example_alias_producer', 'dataset_s3_bucket_consumer' retrieved from /home/gianotti/Documents/CryptoETL/.venv/lib/python3.12/site-packages/airflow/example_dags/example_dataset_alias.py
[2026-02-13T12:59:44.638+0100] {logging_mixin.py:190} INFO - [2026-02-13T12:59:44.638+0100] {dag.py:3239} INFO - Sync 4 DAGs
[2026-02-13T12:59:44.653+0100] {logging_mixin.py:190} INFO - [2026-02-13T12:59:44.653+0100] {dag.py:4180} INFO - Setting next_dagrun for dataset_alias_example_alias_consumer to None, run_after=None
[2026-02-13T12:59:44.655+0100] {logging_mixin.py:190} INFO - [2026-02-13T12:59:44.655+0100] {dag.py:4180} INFO - Setting next_dagrun for dataset_alias_example_alias_producer to None, run_after=None
[2026-02-13T12:59:44.656+0100] {logging_mixin.py:190} INFO - [2026-02-13T12:59:44.655+0100] {dag.py:4180} INFO - Setting next_dagrun for dataset_s3_bucket_consumer to None, run_after=None
[2026-02-13T12:59:44.656+0100] {logging_mixin.py:190} INFO - [2026-02-13T12:59:44.656+0100] {dag.py:4180} INFO - Setting next_dagrun for dataset_s3_bucket_producer to None, run_after=None
[2026-02-13T12:59:44.675+0100] {processor.py:208} INFO - Processing /home/gianotti/Documents/CryptoETL/.venv/lib/python3.12/site-packages/airflow/example_dags/example_dataset_alias.py took 0.103 seconds
[2026-02-13T13:00:42.841+0100] {processor.py:186} INFO - Started process (PID=35582) to work on /home/gianotti/Documents/CryptoETL/.venv/lib/python3.12/site-packages/airflow/example_dags/example_dataset_alias.py
[2026-02-13T13:00:42.844+0100] {processor.py:914} INFO - Processing file /home/gianotti/Documents/CryptoETL/.venv/lib/python3.12/site-packages/airflow/example_dags/example_dataset_alias.py for tasks to queue
[2026-02-13T13:00:42.846+0100] {logging_mixin.py:190} INFO - [2026-02-13T13:00:42.845+0100] {dagbag.py:588} INFO - Filling up the DagBag from /home/gianotti/Documents/CryptoETL/.venv/lib/python3.12/site-packages/airflow/example_dags/example_dataset_alias.py
[2026-02-13T13:00:42.883+0100] {processor.py:925} INFO - DAG(s) 'dataset_s3_bucket_consumer', 'dataset_s3_bucket_producer', 'dataset_alias_example_alias_consumer', 'dataset_alias_example_alias_producer' retrieved from /home/gianotti/Documents/CryptoETL/.venv/lib/python3.12/site-packages/airflow/example_dags/example_dataset_alias.py
[2026-02-13T13:00:42.902+0100] {logging_mixin.py:190} INFO - [2026-02-13T13:00:42.902+0100] {dag.py:3239} INFO - Sync 4 DAGs
[2026-02-13T13:00:42.917+0100] {logging_mixin.py:190} INFO - [2026-02-13T13:00:42.917+0100] {dag.py:4180} INFO - Setting next_dagrun for dataset_alias_example_alias_consumer to None, run_after=None
[2026-02-13T13:00:42.919+0100] {logging_mixin.py:190} INFO - [2026-02-13T13:00:42.919+0100] {dag.py:4180} INFO - Setting next_dagrun for dataset_alias_example_alias_producer to None, run_after=None
[2026-02-13T13:00:42.919+0100] {logging_mixin.py:190} INFO - [2026-02-13T13:00:42.919+0100] {dag.py:4180} INFO - Setting next_dagrun for dataset_s3_bucket_consumer to None, run_after=None
[2026-02-13T13:00:42.920+0100] {logging_mixin.py:190} INFO - [2026-02-13T13:00:42.920+0100] {dag.py:4180} INFO - Setting next_dagrun for dataset_s3_bucket_producer to None, run_after=None
[2026-02-13T13:00:42.940+0100] {processor.py:208} INFO - Processing /home/gianotti/Documents/CryptoETL/.venv/lib/python3.12/site-packages/airflow/example_dags/example_dataset_alias.py took 0.108 seconds
[2026-02-13T13:01:42.694+0100] {processor.py:186} INFO - Started process (PID=35701) to work on /home/gianotti/Documents/CryptoETL/.venv/lib/python3.12/site-packages/airflow/example_dags/example_dataset_alias.py
[2026-02-13T13:01:42.697+0100] {processor.py:914} INFO - Processing file /home/gianotti/Documents/CryptoETL/.venv/lib/python3.12/site-packages/airflow/example_dags/example_dataset_alias.py for tasks to queue
[2026-02-13T13:01:42.699+0100] {logging_mixin.py:190} INFO - [2026-02-13T13:01:42.699+0100] {dagbag.py:588} INFO - Filling up the DagBag from /home/gianotti/Documents/CryptoETL/.venv/lib/python3.12/site-packages/airflow/example_dags/example_dataset_alias.py
[2026-02-13T13:01:42.735+0100] {processor.py:925} INFO - DAG(s) 'dataset_alias_example_alias_producer', 'dataset_s3_bucket_consumer', 'dataset_alias_example_alias_consumer', 'dataset_s3_bucket_producer' retrieved from /home/gianotti/Documents/CryptoETL/.venv/lib/python3.12/site-packages/airflow/example_dags/example_dataset_alias.py
[2026-02-13T13:01:42.764+0100] {logging_mixin.py:190} INFO - [2026-02-13T13:01:42.764+0100] {dag.py:3239} INFO - Sync 4 DAGs
[2026-02-13T13:01:42.790+0100] {logging_mixin.py:190} INFO - [2026-02-13T13:01:42.790+0100] {dag.py:4180} INFO - Setting next_dagrun for dataset_alias_example_alias_consumer to None, run_after=None
[2026-02-13T13:01:42.792+0100] {logging_mixin.py:190} INFO - [2026-02-13T13:01:42.792+0100] {dag.py:4180} INFO - Setting next_dagrun for dataset_alias_example_alias_producer to None, run_after=None
[2026-02-13T13:01:42.793+0100] {logging_mixin.py:190} INFO - [2026-02-13T13:01:42.793+0100] {dag.py:4180} INFO - Setting next_dagrun for dataset_s3_bucket_consumer to None, run_after=None
[2026-02-13T13:01:42.793+0100] {logging_mixin.py:190} INFO - [2026-02-13T13:01:42.793+0100] {dag.py:4180} INFO - Setting next_dagrun for dataset_s3_bucket_producer to None, run_after=None
[2026-02-13T13:01:42.814+0100] {processor.py:208} INFO - Processing /home/gianotti/Documents/CryptoETL/.venv/lib/python3.12/site-packages/airflow/example_dags/example_dataset_alias.py took 0.129 seconds
[2026-02-13T13:02:41.632+0100] {processor.py:186} INFO - Started process (PID=35833) to work on /home/gianotti/Documents/CryptoETL/.venv/lib/python3.12/site-packages/airflow/example_dags/example_dataset_alias.py
[2026-02-13T13:02:41.635+0100] {processor.py:914} INFO - Processing file /home/gianotti/Documents/CryptoETL/.venv/lib/python3.12/site-packages/airflow/example_dags/example_dataset_alias.py for tasks to queue
[2026-02-13T13:02:41.637+0100] {logging_mixin.py:190} INFO - [2026-02-13T13:02:41.636+0100] {dagbag.py:588} INFO - Filling up the DagBag from /home/gianotti/Documents/CryptoETL/.venv/lib/python3.12/site-packages/airflow/example_dags/example_dataset_alias.py
[2026-02-13T13:02:41.676+0100] {processor.py:925} INFO - DAG(s) 'dataset_s3_bucket_consumer', 'dataset_alias_example_alias_consumer', 'dataset_s3_bucket_producer', 'dataset_alias_example_alias_producer' retrieved from /home/gianotti/Documents/CryptoETL/.venv/lib/python3.12/site-packages/airflow/example_dags/example_dataset_alias.py
[2026-02-13T13:02:41.704+0100] {logging_mixin.py:190} INFO - [2026-02-13T13:02:41.703+0100] {dag.py:3239} INFO - Sync 4 DAGs
[2026-02-13T13:02:41.724+0100] {logging_mixin.py:190} INFO - [2026-02-13T13:02:41.724+0100] {dag.py:4180} INFO - Setting next_dagrun for dataset_alias_example_alias_consumer to None, run_after=None
[2026-02-13T13:02:41.726+0100] {logging_mixin.py:190} INFO - [2026-02-13T13:02:41.725+0100] {dag.py:4180} INFO - Setting next_dagrun for dataset_alias_example_alias_producer to None, run_after=None
[2026-02-13T13:02:41.726+0100] {logging_mixin.py:190} INFO - [2026-02-13T13:02:41.726+0100] {dag.py:4180} INFO - Setting next_dagrun for dataset_s3_bucket_consumer to None, run_after=None
[2026-02-13T13:02:41.727+0100] {logging_mixin.py:190} INFO - [2026-02-13T13:02:41.727+0100] {dag.py:4180} INFO - Setting next_dagrun for dataset_s3_bucket_producer to None, run_after=None
[2026-02-13T13:02:41.749+0100] {processor.py:208} INFO - Processing /home/gianotti/Documents/CryptoETL/.venv/lib/python3.12/site-packages/airflow/example_dags/example_dataset_alias.py took 0.125 seconds
[2026-02-13T13:03:37.656+0100] {processor.py:186} INFO - Started process (PID=35953) to work on /home/gianotti/Documents/CryptoETL/.venv/lib/python3.12/site-packages/airflow/example_dags/example_dataset_alias.py
[2026-02-13T13:03:37.659+0100] {processor.py:914} INFO - Processing file /home/gianotti/Documents/CryptoETL/.venv/lib/python3.12/site-packages/airflow/example_dags/example_dataset_alias.py for tasks to queue
[2026-02-13T13:03:37.661+0100] {logging_mixin.py:190} INFO - [2026-02-13T13:03:37.660+0100] {dagbag.py:588} INFO - Filling up the DagBag from /home/gianotti/Documents/CryptoETL/.venv/lib/python3.12/site-packages/airflow/example_dags/example_dataset_alias.py
[2026-02-13T13:03:37.699+0100] {processor.py:925} INFO - DAG(s) 'dataset_s3_bucket_producer', 'dataset_s3_bucket_consumer', 'dataset_alias_example_alias_consumer', 'dataset_alias_example_alias_producer' retrieved from /home/gianotti/Documents/CryptoETL/.venv/lib/python3.12/site-packages/airflow/example_dags/example_dataset_alias.py
[2026-02-13T13:03:37.724+0100] {logging_mixin.py:190} INFO - [2026-02-13T13:03:37.723+0100] {dag.py:3239} INFO - Sync 4 DAGs
[2026-02-13T13:03:37.741+0100] {logging_mixin.py:190} INFO - [2026-02-13T13:03:37.740+0100] {dag.py:4180} INFO - Setting next_dagrun for dataset_alias_example_alias_consumer to None, run_after=None
[2026-02-13T13:03:37.742+0100] {logging_mixin.py:190} INFO - [2026-02-13T13:03:37.742+0100] {dag.py:4180} INFO - Setting next_dagrun for dataset_alias_example_alias_producer to None, run_after=None
[2026-02-13T13:03:37.743+0100] {logging_mixin.py:190} INFO - [2026-02-13T13:03:37.743+0100] {dag.py:4180} INFO - Setting next_dagrun for dataset_s3_bucket_consumer to None, run_after=None
[2026-02-13T13:03:37.744+0100] {logging_mixin.py:190} INFO - [2026-02-13T13:03:37.744+0100] {dag.py:4180} INFO - Setting next_dagrun for dataset_s3_bucket_producer to None, run_after=None
[2026-02-13T13:03:37.779+0100] {processor.py:208} INFO - Processing /home/gianotti/Documents/CryptoETL/.venv/lib/python3.12/site-packages/airflow/example_dags/example_dataset_alias.py took 0.134 seconds
[2026-02-13T13:04:37.767+0100] {processor.py:186} INFO - Started process (PID=36086) to work on /home/gianotti/Documents/CryptoETL/.venv/lib/python3.12/site-packages/airflow/example_dags/example_dataset_alias.py
[2026-02-13T13:04:37.770+0100] {processor.py:914} INFO - Processing file /home/gianotti/Documents/CryptoETL/.venv/lib/python3.12/site-packages/airflow/example_dags/example_dataset_alias.py for tasks to queue
[2026-02-13T13:04:37.772+0100] {logging_mixin.py:190} INFO - [2026-02-13T13:04:37.771+0100] {dagbag.py:588} INFO - Filling up the DagBag from /home/gianotti/Documents/CryptoETL/.venv/lib/python3.12/site-packages/airflow/example_dags/example_dataset_alias.py
[2026-02-13T13:04:37.818+0100] {processor.py:925} INFO - DAG(s) 'dataset_alias_example_alias_producer', 'dataset_alias_example_alias_consumer', 'dataset_s3_bucket_producer', 'dataset_s3_bucket_consumer' retrieved from /home/gianotti/Documents/CryptoETL/.venv/lib/python3.12/site-packages/airflow/example_dags/example_dataset_alias.py
[2026-02-13T13:04:37.858+0100] {logging_mixin.py:190} INFO - [2026-02-13T13:04:37.858+0100] {dag.py:3239} INFO - Sync 4 DAGs
[2026-02-13T13:04:37.893+0100] {logging_mixin.py:190} INFO - [2026-02-13T13:04:37.892+0100] {dag.py:4180} INFO - Setting next_dagrun for dataset_alias_example_alias_consumer to None, run_after=None
[2026-02-13T13:04:37.897+0100] {logging_mixin.py:190} INFO - [2026-02-13T13:04:37.896+0100] {dag.py:4180} INFO - Setting next_dagrun for dataset_alias_example_alias_producer to None, run_after=None
[2026-02-13T13:04:37.898+0100] {logging_mixin.py:190} INFO - [2026-02-13T13:04:37.898+0100] {dag.py:4180} INFO - Setting next_dagrun for dataset_s3_bucket_consumer to None, run_after=None
[2026-02-13T13:04:37.900+0100] {logging_mixin.py:190} INFO - [2026-02-13T13:04:37.899+0100] {dag.py:4180} INFO - Setting next_dagrun for dataset_s3_bucket_producer to None, run_after=None
[2026-02-13T13:04:37.938+0100] {processor.py:208} INFO - Processing /home/gianotti/Documents/CryptoETL/.venv/lib/python3.12/site-packages/airflow/example_dags/example_dataset_alias.py took 0.182 seconds
[2026-02-13T13:05:43.088+0100] {processor.py:186} INFO - Started process (PID=36193) to work on /home/gianotti/Documents/CryptoETL/.venv/lib/python3.12/site-packages/airflow/example_dags/example_dataset_alias.py
[2026-02-13T13:05:43.092+0100] {processor.py:914} INFO - Processing file /home/gianotti/Documents/CryptoETL/.venv/lib/python3.12/site-packages/airflow/example_dags/example_dataset_alias.py for tasks to queue
[2026-02-13T13:05:43.094+0100] {logging_mixin.py:190} INFO - [2026-02-13T13:05:43.093+0100] {dagbag.py:588} INFO - Filling up the DagBag from /home/gianotti/Documents/CryptoETL/.venv/lib/python3.12/site-packages/airflow/example_dags/example_dataset_alias.py
[2026-02-13T13:05:43.134+0100] {processor.py:925} INFO - DAG(s) 'dataset_alias_example_alias_consumer', 'dataset_s3_bucket_producer', 'dataset_alias_example_alias_producer', 'dataset_s3_bucket_consumer' retrieved from /home/gianotti/Documents/CryptoETL/.venv/lib/python3.12/site-packages/airflow/example_dags/example_dataset_alias.py
[2026-02-13T13:05:43.177+0100] {logging_mixin.py:190} INFO - [2026-02-13T13:05:43.176+0100] {dag.py:3239} INFO - Sync 4 DAGs
[2026-02-13T13:05:43.213+0100] {logging_mixin.py:190} INFO - [2026-02-13T13:05:43.212+0100] {dag.py:4180} INFO - Setting next_dagrun for dataset_alias_example_alias_consumer to None, run_after=None
[2026-02-13T13:05:43.216+0100] {logging_mixin.py:190} INFO - [2026-02-13T13:05:43.216+0100] {dag.py:4180} INFO - Setting next_dagrun for dataset_alias_example_alias_producer to None, run_after=None
[2026-02-13T13:05:43.217+0100] {logging_mixin.py:190} INFO - [2026-02-13T13:05:43.217+0100] {dag.py:4180} INFO - Setting next_dagrun for dataset_s3_bucket_consumer to None, run_after=None
[2026-02-13T13:05:43.219+0100] {logging_mixin.py:190} INFO - [2026-02-13T13:05:43.218+0100] {dag.py:4180} INFO - Setting next_dagrun for dataset_s3_bucket_producer to None, run_after=None
[2026-02-13T13:05:43.255+0100] {processor.py:208} INFO - Processing /home/gianotti/Documents/CryptoETL/.venv/lib/python3.12/site-packages/airflow/example_dags/example_dataset_alias.py took 0.176 seconds
[2026-02-13T13:06:48.348+0100] {processor.py:186} INFO - Started process (PID=36294) to work on /home/gianotti/Documents/CryptoETL/.venv/lib/python3.12/site-packages/airflow/example_dags/example_dataset_alias.py
[2026-02-13T13:06:48.351+0100] {processor.py:914} INFO - Processing file /home/gianotti/Documents/CryptoETL/.venv/lib/python3.12/site-packages/airflow/example_dags/example_dataset_alias.py for tasks to queue
[2026-02-13T13:06:48.353+0100] {logging_mixin.py:190} INFO - [2026-02-13T13:06:48.352+0100] {dagbag.py:588} INFO - Filling up the DagBag from /home/gianotti/Documents/CryptoETL/.venv/lib/python3.12/site-packages/airflow/example_dags/example_dataset_alias.py
[2026-02-13T13:06:48.389+0100] {processor.py:925} INFO - DAG(s) 'dataset_alias_example_alias_producer', 'dataset_s3_bucket_consumer', 'dataset_s3_bucket_producer', 'dataset_alias_example_alias_consumer' retrieved from /home/gianotti/Documents/CryptoETL/.venv/lib/python3.12/site-packages/airflow/example_dags/example_dataset_alias.py
[2026-02-13T13:06:48.422+0100] {logging_mixin.py:190} INFO - [2026-02-13T13:06:48.422+0100] {dag.py:3239} INFO - Sync 4 DAGs
[2026-02-13T13:06:48.457+0100] {logging_mixin.py:190} INFO - [2026-02-13T13:06:48.456+0100] {dag.py:4180} INFO - Setting next_dagrun for dataset_alias_example_alias_consumer to None, run_after=None
[2026-02-13T13:06:48.460+0100] {logging_mixin.py:190} INFO - [2026-02-13T13:06:48.460+0100] {dag.py:4180} INFO - Setting next_dagrun for dataset_alias_example_alias_producer to None, run_after=None
[2026-02-13T13:06:48.461+0100] {logging_mixin.py:190} INFO - [2026-02-13T13:06:48.461+0100] {dag.py:4180} INFO - Setting next_dagrun for dataset_s3_bucket_consumer to None, run_after=None
[2026-02-13T13:06:48.463+0100] {logging_mixin.py:190} INFO - [2026-02-13T13:06:48.462+0100] {dag.py:4180} INFO - Setting next_dagrun for dataset_s3_bucket_producer to None, run_after=None
[2026-02-13T13:06:48.498+0100] {processor.py:208} INFO - Processing /home/gianotti/Documents/CryptoETL/.venv/lib/python3.12/site-packages/airflow/example_dags/example_dataset_alias.py took 0.159 seconds
[2026-02-13T13:07:58.558+0100] {processor.py:186} INFO - Started process (PID=36392) to work on /home/gianotti/Documents/CryptoETL/.venv/lib/python3.12/site-packages/airflow/example_dags/example_dataset_alias.py
[2026-02-13T13:07:58.560+0100] {processor.py:914} INFO - Processing file /home/gianotti/Documents/CryptoETL/.venv/lib/python3.12/site-packages/airflow/example_dags/example_dataset_alias.py for tasks to queue
[2026-02-13T13:07:58.562+0100] {logging_mixin.py:190} INFO - [2026-02-13T13:07:58.561+0100] {dagbag.py:588} INFO - Filling up the DagBag from /home/gianotti/Documents/CryptoETL/.venv/lib/python3.12/site-packages/airflow/example_dags/example_dataset_alias.py
[2026-02-13T13:07:58.601+0100] {processor.py:925} INFO - DAG(s) 'dataset_s3_bucket_producer', 'dataset_alias_example_alias_producer', 'dataset_s3_bucket_consumer', 'dataset_alias_example_alias_consumer' retrieved from /home/gianotti/Documents/CryptoETL/.venv/lib/python3.12/site-packages/airflow/example_dags/example_dataset_alias.py
[2026-02-13T13:07:58.637+0100] {logging_mixin.py:190} INFO - [2026-02-13T13:07:58.636+0100] {dag.py:3239} INFO - Sync 4 DAGs
[2026-02-13T13:07:58.670+0100] {logging_mixin.py:190} INFO - [2026-02-13T13:07:58.670+0100] {dag.py:4180} INFO - Setting next_dagrun for dataset_alias_example_alias_consumer to None, run_after=None
[2026-02-13T13:07:58.674+0100] {logging_mixin.py:190} INFO - [2026-02-13T13:07:58.674+0100] {dag.py:4180} INFO - Setting next_dagrun for dataset_alias_example_alias_producer to None, run_after=None
[2026-02-13T13:07:58.676+0100] {logging_mixin.py:190} INFO - [2026-02-13T13:07:58.675+0100] {dag.py:4180} INFO - Setting next_dagrun for dataset_s3_bucket_consumer to None, run_after=None
[2026-02-13T13:07:58.677+0100] {logging_mixin.py:190} INFO - [2026-02-13T13:07:58.677+0100] {dag.py:4180} INFO - Setting next_dagrun for dataset_s3_bucket_producer to None, run_after=None
[2026-02-13T13:07:58.715+0100] {processor.py:208} INFO - Processing /home/gianotti/Documents/CryptoETL/.venv/lib/python3.12/site-packages/airflow/example_dags/example_dataset_alias.py took 0.167 seconds
[2026-02-13T13:09:03.609+0100] {processor.py:186} INFO - Started process (PID=36508) to work on /home/gianotti/Documents/CryptoETL/.venv/lib/python3.12/site-packages/airflow/example_dags/example_dataset_alias.py
[2026-02-13T13:09:03.612+0100] {processor.py:914} INFO - Processing file /home/gianotti/Documents/CryptoETL/.venv/lib/python3.12/site-packages/airflow/example_dags/example_dataset_alias.py for tasks to queue
[2026-02-13T13:09:03.614+0100] {logging_mixin.py:190} INFO - [2026-02-13T13:09:03.614+0100] {dagbag.py:588} INFO - Filling up the DagBag from /home/gianotti/Documents/CryptoETL/.venv/lib/python3.12/site-packages/airflow/example_dags/example_dataset_alias.py
[2026-02-13T13:09:03.653+0100] {processor.py:925} INFO - DAG(s) 'dataset_s3_bucket_consumer', 'dataset_alias_example_alias_producer', 'dataset_s3_bucket_producer', 'dataset_alias_example_alias_consumer' retrieved from /home/gianotti/Documents/CryptoETL/.venv/lib/python3.12/site-packages/airflow/example_dags/example_dataset_alias.py
[2026-02-13T13:09:03.686+0100] {logging_mixin.py:190} INFO - [2026-02-13T13:09:03.686+0100] {dag.py:3239} INFO - Sync 4 DAGs
[2026-02-13T13:09:03.718+0100] {logging_mixin.py:190} INFO - [2026-02-13T13:09:03.718+0100] {dag.py:4180} INFO - Setting next_dagrun for dataset_alias_example_alias_consumer to None, run_after=None
[2026-02-13T13:09:03.721+0100] {logging_mixin.py:190} INFO - [2026-02-13T13:09:03.721+0100] {dag.py:4180} INFO - Setting next_dagrun for dataset_alias_example_alias_producer to None, run_after=None
[2026-02-13T13:09:03.723+0100] {logging_mixin.py:190} INFO - [2026-02-13T13:09:03.722+0100] {dag.py:4180} INFO - Setting next_dagrun for dataset_s3_bucket_consumer to None, run_after=None
[2026-02-13T13:09:03.724+0100] {logging_mixin.py:190} INFO - [2026-02-13T13:09:03.724+0100] {dag.py:4180} INFO - Setting next_dagrun for dataset_s3_bucket_producer to None, run_after=None
[2026-02-13T13:09:03.760+0100] {processor.py:208} INFO - Processing /home/gianotti/Documents/CryptoETL/.venv/lib/python3.12/site-packages/airflow/example_dags/example_dataset_alias.py took 0.160 seconds
[2026-02-13T13:10:14.297+0100] {processor.py:186} INFO - Started process (PID=36637) to work on /home/gianotti/Documents/CryptoETL/.venv/lib/python3.12/site-packages/airflow/example_dags/example_dataset_alias.py
[2026-02-13T13:10:14.300+0100] {processor.py:914} INFO - Processing file /home/gianotti/Documents/CryptoETL/.venv/lib/python3.12/site-packages/airflow/example_dags/example_dataset_alias.py for tasks to queue
[2026-02-13T13:10:14.302+0100] {logging_mixin.py:190} INFO - [2026-02-13T13:10:14.301+0100] {dagbag.py:588} INFO - Filling up the DagBag from /home/gianotti/Documents/CryptoETL/.venv/lib/python3.12/site-packages/airflow/example_dags/example_dataset_alias.py
[2026-02-13T13:10:14.338+0100] {processor.py:925} INFO - DAG(s) 'dataset_alias_example_alias_producer', 'dataset_alias_example_alias_consumer', 'dataset_s3_bucket_consumer', 'dataset_s3_bucket_producer' retrieved from /home/gianotti/Documents/CryptoETL/.venv/lib/python3.12/site-packages/airflow/example_dags/example_dataset_alias.py
[2026-02-13T13:10:14.373+0100] {logging_mixin.py:190} INFO - [2026-02-13T13:10:14.372+0100] {dag.py:3239} INFO - Sync 4 DAGs
[2026-02-13T13:10:14.406+0100] {logging_mixin.py:190} INFO - [2026-02-13T13:10:14.405+0100] {dag.py:4180} INFO - Setting next_dagrun for dataset_alias_example_alias_consumer to None, run_after=None
[2026-02-13T13:10:14.409+0100] {logging_mixin.py:190} INFO - [2026-02-13T13:10:14.409+0100] {dag.py:4180} INFO - Setting next_dagrun for dataset_alias_example_alias_producer to None, run_after=None
[2026-02-13T13:10:14.411+0100] {logging_mixin.py:190} INFO - [2026-02-13T13:10:14.410+0100] {dag.py:4180} INFO - Setting next_dagrun for dataset_s3_bucket_consumer to None, run_after=None
[2026-02-13T13:10:14.412+0100] {logging_mixin.py:190} INFO - [2026-02-13T13:10:14.412+0100] {dag.py:4180} INFO - Setting next_dagrun for dataset_s3_bucket_producer to None, run_after=None
[2026-02-13T13:10:14.447+0100] {processor.py:208} INFO - Processing /home/gianotti/Documents/CryptoETL/.venv/lib/python3.12/site-packages/airflow/example_dags/example_dataset_alias.py took 0.158 seconds
[2026-02-13T13:11:19.124+0100] {processor.py:186} INFO - Started process (PID=36751) to work on /home/gianotti/Documents/CryptoETL/.venv/lib/python3.12/site-packages/airflow/example_dags/example_dataset_alias.py
[2026-02-13T13:11:19.129+0100] {processor.py:914} INFO - Processing file /home/gianotti/Documents/CryptoETL/.venv/lib/python3.12/site-packages/airflow/example_dags/example_dataset_alias.py for tasks to queue
[2026-02-13T13:11:19.131+0100] {logging_mixin.py:190} INFO - [2026-02-13T13:11:19.130+0100] {dagbag.py:588} INFO - Filling up the DagBag from /home/gianotti/Documents/CryptoETL/.venv/lib/python3.12/site-packages/airflow/example_dags/example_dataset_alias.py
[2026-02-13T13:11:19.188+0100] {processor.py:925} INFO - DAG(s) 'dataset_alias_example_alias_consumer', 'dataset_s3_bucket_consumer', 'dataset_alias_example_alias_producer', 'dataset_s3_bucket_producer' retrieved from /home/gianotti/Documents/CryptoETL/.venv/lib/python3.12/site-packages/airflow/example_dags/example_dataset_alias.py
[2026-02-13T13:11:19.224+0100] {logging_mixin.py:190} INFO - [2026-02-13T13:11:19.223+0100] {dag.py:3239} INFO - Sync 4 DAGs
[2026-02-13T13:11:19.254+0100] {logging_mixin.py:190} INFO - [2026-02-13T13:11:19.254+0100] {dag.py:4180} INFO - Setting next_dagrun for dataset_alias_example_alias_consumer to None, run_after=None
[2026-02-13T13:11:19.258+0100] {logging_mixin.py:190} INFO - [2026-02-13T13:11:19.257+0100] {dag.py:4180} INFO - Setting next_dagrun for dataset_alias_example_alias_producer to None, run_after=None
[2026-02-13T13:11:19.259+0100] {logging_mixin.py:190} INFO - [2026-02-13T13:11:19.259+0100] {dag.py:4180} INFO - Setting next_dagrun for dataset_s3_bucket_consumer to None, run_after=None
[2026-02-13T13:11:19.260+0100] {logging_mixin.py:190} INFO - [2026-02-13T13:11:19.260+0100] {dag.py:4180} INFO - Setting next_dagrun for dataset_s3_bucket_producer to None, run_after=None
[2026-02-13T13:11:19.295+0100] {processor.py:208} INFO - Processing /home/gianotti/Documents/CryptoETL/.venv/lib/python3.12/site-packages/airflow/example_dags/example_dataset_alias.py took 0.183 seconds
[2026-02-13T13:12:26.252+0100] {processor.py:186} INFO - Started process (PID=36877) to work on /home/gianotti/Documents/CryptoETL/.venv/lib/python3.12/site-packages/airflow/example_dags/example_dataset_alias.py
[2026-02-13T13:12:26.254+0100] {processor.py:914} INFO - Processing file /home/gianotti/Documents/CryptoETL/.venv/lib/python3.12/site-packages/airflow/example_dags/example_dataset_alias.py for tasks to queue
[2026-02-13T13:12:26.257+0100] {logging_mixin.py:190} INFO - [2026-02-13T13:12:26.256+0100] {dagbag.py:588} INFO - Filling up the DagBag from /home/gianotti/Documents/CryptoETL/.venv/lib/python3.12/site-packages/airflow/example_dags/example_dataset_alias.py
[2026-02-13T13:12:26.301+0100] {processor.py:925} INFO - DAG(s) 'dataset_s3_bucket_producer', 'dataset_s3_bucket_consumer', 'dataset_alias_example_alias_consumer', 'dataset_alias_example_alias_producer' retrieved from /home/gianotti/Documents/CryptoETL/.venv/lib/python3.12/site-packages/airflow/example_dags/example_dataset_alias.py
[2026-02-13T13:12:26.341+0100] {logging_mixin.py:190} INFO - [2026-02-13T13:12:26.341+0100] {dag.py:3239} INFO - Sync 4 DAGs
[2026-02-13T13:12:26.380+0100] {logging_mixin.py:190} INFO - [2026-02-13T13:12:26.380+0100] {dag.py:4180} INFO - Setting next_dagrun for dataset_alias_example_alias_consumer to None, run_after=None
[2026-02-13T13:12:26.384+0100] {logging_mixin.py:190} INFO - [2026-02-13T13:12:26.383+0100] {dag.py:4180} INFO - Setting next_dagrun for dataset_alias_example_alias_producer to None, run_after=None
[2026-02-13T13:12:26.385+0100] {logging_mixin.py:190} INFO - [2026-02-13T13:12:26.385+0100] {dag.py:4180} INFO - Setting next_dagrun for dataset_s3_bucket_consumer to None, run_after=None
[2026-02-13T13:12:26.387+0100] {logging_mixin.py:190} INFO - [2026-02-13T13:12:26.386+0100] {dag.py:4180} INFO - Setting next_dagrun for dataset_s3_bucket_producer to None, run_after=None
[2026-02-13T13:12:26.422+0100] {processor.py:208} INFO - Processing /home/gianotti/Documents/CryptoETL/.venv/lib/python3.12/site-packages/airflow/example_dags/example_dataset_alias.py took 0.181 seconds
[2026-02-13T13:13:28.916+0100] {processor.py:186} INFO - Started process (PID=37001) to work on /home/gianotti/Documents/CryptoETL/.venv/lib/python3.12/site-packages/airflow/example_dags/example_dataset_alias.py
[2026-02-13T13:13:28.918+0100] {processor.py:914} INFO - Processing file /home/gianotti/Documents/CryptoETL/.venv/lib/python3.12/site-packages/airflow/example_dags/example_dataset_alias.py for tasks to queue
[2026-02-13T13:13:28.920+0100] {logging_mixin.py:190} INFO - [2026-02-13T13:13:28.920+0100] {dagbag.py:588} INFO - Filling up the DagBag from /home/gianotti/Documents/CryptoETL/.venv/lib/python3.12/site-packages/airflow/example_dags/example_dataset_alias.py
[2026-02-13T13:13:28.957+0100] {processor.py:925} INFO - DAG(s) 'dataset_alias_example_alias_producer', 'dataset_alias_example_alias_consumer', 'dataset_s3_bucket_producer', 'dataset_s3_bucket_consumer' retrieved from /home/gianotti/Documents/CryptoETL/.venv/lib/python3.12/site-packages/airflow/example_dags/example_dataset_alias.py
[2026-02-13T13:13:28.990+0100] {logging_mixin.py:190} INFO - [2026-02-13T13:13:28.990+0100] {dag.py:3239} INFO - Sync 4 DAGs
[2026-02-13T13:13:29.021+0100] {logging_mixin.py:190} INFO - [2026-02-13T13:13:29.020+0100] {dag.py:4180} INFO - Setting next_dagrun for dataset_alias_example_alias_consumer to None, run_after=None
[2026-02-13T13:13:29.025+0100] {logging_mixin.py:190} INFO - [2026-02-13T13:13:29.024+0100] {dag.py:4180} INFO - Setting next_dagrun for dataset_alias_example_alias_producer to None, run_after=None
[2026-02-13T13:13:29.027+0100] {logging_mixin.py:190} INFO - [2026-02-13T13:13:29.026+0100] {dag.py:4180} INFO - Setting next_dagrun for dataset_s3_bucket_consumer to None, run_after=None
[2026-02-13T13:13:29.029+0100] {logging_mixin.py:190} INFO - [2026-02-13T13:13:29.028+0100] {dag.py:4180} INFO - Setting next_dagrun for dataset_s3_bucket_producer to None, run_after=None
[2026-02-13T13:13:29.072+0100] {processor.py:208} INFO - Processing /home/gianotti/Documents/CryptoETL/.venv/lib/python3.12/site-packages/airflow/example_dags/example_dataset_alias.py took 0.166 seconds
[2026-02-13T13:14:34.790+0100] {processor.py:186} INFO - Started process (PID=37155) to work on /home/gianotti/Documents/CryptoETL/.venv/lib/python3.12/site-packages/airflow/example_dags/example_dataset_alias.py
[2026-02-13T13:14:34.796+0100] {processor.py:914} INFO - Processing file /home/gianotti/Documents/CryptoETL/.venv/lib/python3.12/site-packages/airflow/example_dags/example_dataset_alias.py for tasks to queue
[2026-02-13T13:14:34.798+0100] {logging_mixin.py:190} INFO - [2026-02-13T13:14:34.797+0100] {dagbag.py:588} INFO - Filling up the DagBag from /home/gianotti/Documents/CryptoETL/.venv/lib/python3.12/site-packages/airflow/example_dags/example_dataset_alias.py
[2026-02-13T13:14:34.837+0100] {processor.py:925} INFO - DAG(s) 'dataset_s3_bucket_consumer', 'dataset_alias_example_alias_consumer', 'dataset_alias_example_alias_producer', 'dataset_s3_bucket_producer' retrieved from /home/gianotti/Documents/CryptoETL/.venv/lib/python3.12/site-packages/airflow/example_dags/example_dataset_alias.py
[2026-02-13T13:14:34.870+0100] {logging_mixin.py:190} INFO - [2026-02-13T13:14:34.870+0100] {dag.py:3239} INFO - Sync 4 DAGs
[2026-02-13T13:14:34.901+0100] {logging_mixin.py:190} INFO - [2026-02-13T13:14:34.900+0100] {dag.py:4180} INFO - Setting next_dagrun for dataset_alias_example_alias_consumer to None, run_after=None
[2026-02-13T13:14:34.904+0100] {logging_mixin.py:190} INFO - [2026-02-13T13:14:34.904+0100] {dag.py:4180} INFO - Setting next_dagrun for dataset_alias_example_alias_producer to None, run_after=None
[2026-02-13T13:14:34.905+0100] {logging_mixin.py:190} INFO - [2026-02-13T13:14:34.905+0100] {dag.py:4180} INFO - Setting next_dagrun for dataset_s3_bucket_consumer to None, run_after=None
[2026-02-13T13:14:34.907+0100] {logging_mixin.py:190} INFO - [2026-02-13T13:14:34.907+0100] {dag.py:4180} INFO - Setting next_dagrun for dataset_s3_bucket_producer to None, run_after=None
[2026-02-13T13:14:34.942+0100] {processor.py:208} INFO - Processing /home/gianotti/Documents/CryptoETL/.venv/lib/python3.12/site-packages/airflow/example_dags/example_dataset_alias.py took 0.161 seconds
[2026-02-13T13:15:39.865+0100] {processor.py:186} INFO - Started process (PID=37269) to work on /home/gianotti/Documents/CryptoETL/.venv/lib/python3.12/site-packages/airflow/example_dags/example_dataset_alias.py
[2026-02-13T13:15:39.868+0100] {processor.py:914} INFO - Processing file /home/gianotti/Documents/CryptoETL/.venv/lib/python3.12/site-packages/airflow/example_dags/example_dataset_alias.py for tasks to queue
[2026-02-13T13:15:39.871+0100] {logging_mixin.py:190} INFO - [2026-02-13T13:15:39.870+0100] {dagbag.py:588} INFO - Filling up the DagBag from /home/gianotti/Documents/CryptoETL/.venv/lib/python3.12/site-packages/airflow/example_dags/example_dataset_alias.py
[2026-02-13T13:15:39.918+0100] {processor.py:925} INFO - DAG(s) 'dataset_alias_example_alias_producer', 'dataset_s3_bucket_producer', 'dataset_s3_bucket_consumer', 'dataset_alias_example_alias_consumer' retrieved from /home/gianotti/Documents/CryptoETL/.venv/lib/python3.12/site-packages/airflow/example_dags/example_dataset_alias.py
[2026-02-13T13:15:39.968+0100] {logging_mixin.py:190} INFO - [2026-02-13T13:15:39.967+0100] {dag.py:3239} INFO - Sync 4 DAGs
[2026-02-13T13:15:40.012+0100] {logging_mixin.py:190} INFO - [2026-02-13T13:15:40.011+0100] {dag.py:4180} INFO - Setting next_dagrun for dataset_alias_example_alias_consumer to None, run_after=None
[2026-02-13T13:15:40.016+0100] {logging_mixin.py:190} INFO - [2026-02-13T13:15:40.016+0100] {dag.py:4180} INFO - Setting next_dagrun for dataset_alias_example_alias_producer to None, run_after=None
[2026-02-13T13:15:40.018+0100] {logging_mixin.py:190} INFO - [2026-02-13T13:15:40.018+0100] {dag.py:4180} INFO - Setting next_dagrun for dataset_s3_bucket_consumer to None, run_after=None
[2026-02-13T13:15:40.020+0100] {logging_mixin.py:190} INFO - [2026-02-13T13:15:40.020+0100] {dag.py:4180} INFO - Setting next_dagrun for dataset_s3_bucket_producer to None, run_after=None
[2026-02-13T13:15:40.070+0100] {processor.py:208} INFO - Processing /home/gianotti/Documents/CryptoETL/.venv/lib/python3.12/site-packages/airflow/example_dags/example_dataset_alias.py took 0.216 seconds
[2026-02-13T13:16:46.484+0100] {processor.py:186} INFO - Started process (PID=37458) to work on /home/gianotti/Documents/CryptoETL/.venv/lib/python3.12/site-packages/airflow/example_dags/example_dataset_alias.py
[2026-02-13T13:16:46.487+0100] {processor.py:914} INFO - Processing file /home/gianotti/Documents/CryptoETL/.venv/lib/python3.12/site-packages/airflow/example_dags/example_dataset_alias.py for tasks to queue
[2026-02-13T13:16:46.489+0100] {logging_mixin.py:190} INFO - [2026-02-13T13:16:46.488+0100] {dagbag.py:588} INFO - Filling up the DagBag from /home/gianotti/Documents/CryptoETL/.venv/lib/python3.12/site-packages/airflow/example_dags/example_dataset_alias.py
[2026-02-13T13:16:46.524+0100] {processor.py:925} INFO - DAG(s) 'dataset_alias_example_alias_producer', 'dataset_s3_bucket_producer', 'dataset_alias_example_alias_consumer', 'dataset_s3_bucket_consumer' retrieved from /home/gianotti/Documents/CryptoETL/.venv/lib/python3.12/site-packages/airflow/example_dags/example_dataset_alias.py
[2026-02-13T13:16:46.557+0100] {logging_mixin.py:190} INFO - [2026-02-13T13:16:46.556+0100] {dag.py:3239} INFO - Sync 4 DAGs
[2026-02-13T13:16:46.590+0100] {logging_mixin.py:190} INFO - [2026-02-13T13:16:46.590+0100] {dag.py:4180} INFO - Setting next_dagrun for dataset_alias_example_alias_consumer to None, run_after=None
[2026-02-13T13:16:46.593+0100] {logging_mixin.py:190} INFO - [2026-02-13T13:16:46.593+0100] {dag.py:4180} INFO - Setting next_dagrun for dataset_alias_example_alias_producer to None, run_after=None
[2026-02-13T13:16:46.594+0100] {logging_mixin.py:190} INFO - [2026-02-13T13:16:46.594+0100] {dag.py:4180} INFO - Setting next_dagrun for dataset_s3_bucket_consumer to None, run_after=None
[2026-02-13T13:16:46.596+0100] {logging_mixin.py:190} INFO - [2026-02-13T13:16:46.595+0100] {dag.py:4180} INFO - Setting next_dagrun for dataset_s3_bucket_producer to None, run_after=None
[2026-02-13T13:16:46.629+0100] {processor.py:208} INFO - Processing /home/gianotti/Documents/CryptoETL/.venv/lib/python3.12/site-packages/airflow/example_dags/example_dataset_alias.py took 0.153 seconds
[2026-02-13T13:17:52.465+0100] {processor.py:186} INFO - Started process (PID=37572) to work on /home/gianotti/Documents/CryptoETL/.venv/lib/python3.12/site-packages/airflow/example_dags/example_dataset_alias.py
[2026-02-13T13:17:52.468+0100] {processor.py:914} INFO - Processing file /home/gianotti/Documents/CryptoETL/.venv/lib/python3.12/site-packages/airflow/example_dags/example_dataset_alias.py for tasks to queue
[2026-02-13T13:17:52.470+0100] {logging_mixin.py:190} INFO - [2026-02-13T13:17:52.470+0100] {dagbag.py:588} INFO - Filling up the DagBag from /home/gianotti/Documents/CryptoETL/.venv/lib/python3.12/site-packages/airflow/example_dags/example_dataset_alias.py
[2026-02-13T13:17:52.507+0100] {processor.py:925} INFO - DAG(s) 'dataset_s3_bucket_producer', 'dataset_alias_example_alias_producer', 'dataset_alias_example_alias_consumer', 'dataset_s3_bucket_consumer' retrieved from /home/gianotti/Documents/CryptoETL/.venv/lib/python3.12/site-packages/airflow/example_dags/example_dataset_alias.py
[2026-02-13T13:17:52.539+0100] {logging_mixin.py:190} INFO - [2026-02-13T13:17:52.539+0100] {dag.py:3239} INFO - Sync 4 DAGs
[2026-02-13T13:17:52.569+0100] {logging_mixin.py:190} INFO - [2026-02-13T13:17:52.569+0100] {dag.py:4180} INFO - Setting next_dagrun for dataset_alias_example_alias_consumer to None, run_after=None
[2026-02-13T13:17:52.573+0100] {logging_mixin.py:190} INFO - [2026-02-13T13:17:52.572+0100] {dag.py:4180} INFO - Setting next_dagrun for dataset_alias_example_alias_producer to None, run_after=None
[2026-02-13T13:17:52.574+0100] {logging_mixin.py:190} INFO - [2026-02-13T13:17:52.574+0100] {dag.py:4180} INFO - Setting next_dagrun for dataset_s3_bucket_consumer to None, run_after=None
[2026-02-13T13:17:52.575+0100] {logging_mixin.py:190} INFO - [2026-02-13T13:17:52.575+0100] {dag.py:4180} INFO - Setting next_dagrun for dataset_s3_bucket_producer to None, run_after=None
[2026-02-13T13:17:52.613+0100] {processor.py:208} INFO - Processing /home/gianotti/Documents/CryptoETL/.venv/lib/python3.12/site-packages/airflow/example_dags/example_dataset_alias.py took 0.157 seconds
[2026-02-13T13:18:57.730+0100] {processor.py:186} INFO - Started process (PID=37681) to work on /home/gianotti/Documents/CryptoETL/.venv/lib/python3.12/site-packages/airflow/example_dags/example_dataset_alias.py
[2026-02-13T13:18:57.733+0100] {processor.py:914} INFO - Processing file /home/gianotti/Documents/CryptoETL/.venv/lib/python3.12/site-packages/airflow/example_dags/example_dataset_alias.py for tasks to queue
[2026-02-13T13:18:57.735+0100] {logging_mixin.py:190} INFO - [2026-02-13T13:18:57.734+0100] {dagbag.py:588} INFO - Filling up the DagBag from /home/gianotti/Documents/CryptoETL/.venv/lib/python3.12/site-packages/airflow/example_dags/example_dataset_alias.py
[2026-02-13T13:18:57.774+0100] {processor.py:925} INFO - DAG(s) 'dataset_s3_bucket_producer', 'dataset_alias_example_alias_consumer', 'dataset_s3_bucket_consumer', 'dataset_alias_example_alias_producer' retrieved from /home/gianotti/Documents/CryptoETL/.venv/lib/python3.12/site-packages/airflow/example_dags/example_dataset_alias.py
[2026-02-13T13:18:57.808+0100] {logging_mixin.py:190} INFO - [2026-02-13T13:18:57.807+0100] {dag.py:3239} INFO - Sync 4 DAGs
[2026-02-13T13:18:57.839+0100] {logging_mixin.py:190} INFO - [2026-02-13T13:18:57.838+0100] {dag.py:4180} INFO - Setting next_dagrun for dataset_alias_example_alias_consumer to None, run_after=None
[2026-02-13T13:18:57.842+0100] {logging_mixin.py:190} INFO - [2026-02-13T13:18:57.841+0100] {dag.py:4180} INFO - Setting next_dagrun for dataset_alias_example_alias_producer to None, run_after=None
[2026-02-13T13:18:57.843+0100] {logging_mixin.py:190} INFO - [2026-02-13T13:18:57.843+0100] {dag.py:4180} INFO - Setting next_dagrun for dataset_s3_bucket_consumer to None, run_after=None
[2026-02-13T13:18:57.844+0100] {logging_mixin.py:190} INFO - [2026-02-13T13:18:57.844+0100] {dag.py:4180} INFO - Setting next_dagrun for dataset_s3_bucket_producer to None, run_after=None
[2026-02-13T13:18:57.880+0100] {processor.py:208} INFO - Processing /home/gianotti/Documents/CryptoETL/.venv/lib/python3.12/site-packages/airflow/example_dags/example_dataset_alias.py took 0.159 seconds
[2026-02-13T13:20:02.832+0100] {processor.py:186} INFO - Started process (PID=37758) to work on /home/gianotti/Documents/CryptoETL/.venv/lib/python3.12/site-packages/airflow/example_dags/example_dataset_alias.py
[2026-02-13T13:20:02.835+0100] {processor.py:914} INFO - Processing file /home/gianotti/Documents/CryptoETL/.venv/lib/python3.12/site-packages/airflow/example_dags/example_dataset_alias.py for tasks to queue
[2026-02-13T13:20:02.837+0100] {logging_mixin.py:190} INFO - [2026-02-13T13:20:02.837+0100] {dagbag.py:588} INFO - Filling up the DagBag from /home/gianotti/Documents/CryptoETL/.venv/lib/python3.12/site-packages/airflow/example_dags/example_dataset_alias.py
[2026-02-13T13:20:02.875+0100] {processor.py:925} INFO - DAG(s) 'dataset_alias_example_alias_producer', 'dataset_alias_example_alias_consumer', 'dataset_s3_bucket_producer', 'dataset_s3_bucket_consumer' retrieved from /home/gianotti/Documents/CryptoETL/.venv/lib/python3.12/site-packages/airflow/example_dags/example_dataset_alias.py
[2026-02-13T13:20:02.913+0100] {logging_mixin.py:190} INFO - [2026-02-13T13:20:02.913+0100] {dag.py:3239} INFO - Sync 4 DAGs
[2026-02-13T13:20:02.945+0100] {logging_mixin.py:190} INFO - [2026-02-13T13:20:02.945+0100] {dag.py:4180} INFO - Setting next_dagrun for dataset_alias_example_alias_consumer to None, run_after=None
[2026-02-13T13:20:02.948+0100] {logging_mixin.py:190} INFO - [2026-02-13T13:20:02.948+0100] {dag.py:4180} INFO - Setting next_dagrun for dataset_alias_example_alias_producer to None, run_after=None
[2026-02-13T13:20:02.950+0100] {logging_mixin.py:190} INFO - [2026-02-13T13:20:02.950+0100] {dag.py:4180} INFO - Setting next_dagrun for dataset_s3_bucket_consumer to None, run_after=None
[2026-02-13T13:20:02.951+0100] {logging_mixin.py:190} INFO - [2026-02-13T13:20:02.951+0100] {dag.py:4180} INFO - Setting next_dagrun for dataset_s3_bucket_producer to None, run_after=None
[2026-02-13T13:20:02.985+0100] {processor.py:208} INFO - Processing /home/gianotti/Documents/CryptoETL/.venv/lib/python3.12/site-packages/airflow/example_dags/example_dataset_alias.py took 0.162 seconds
[2026-02-13T13:21:09.546+0100] {processor.py:186} INFO - Started process (PID=37869) to work on /home/gianotti/Documents/CryptoETL/.venv/lib/python3.12/site-packages/airflow/example_dags/example_dataset_alias.py
[2026-02-13T13:21:09.549+0100] {processor.py:914} INFO - Processing file /home/gianotti/Documents/CryptoETL/.venv/lib/python3.12/site-packages/airflow/example_dags/example_dataset_alias.py for tasks to queue
[2026-02-13T13:21:09.551+0100] {logging_mixin.py:190} INFO - [2026-02-13T13:21:09.550+0100] {dagbag.py:588} INFO - Filling up the DagBag from /home/gianotti/Documents/CryptoETL/.venv/lib/python3.12/site-packages/airflow/example_dags/example_dataset_alias.py
[2026-02-13T13:21:09.589+0100] {processor.py:925} INFO - DAG(s) 'dataset_alias_example_alias_producer', 'dataset_s3_bucket_producer', 'dataset_s3_bucket_consumer', 'dataset_alias_example_alias_consumer' retrieved from /home/gianotti/Documents/CryptoETL/.venv/lib/python3.12/site-packages/airflow/example_dags/example_dataset_alias.py
[2026-02-13T13:21:09.620+0100] {logging_mixin.py:190} INFO - [2026-02-13T13:21:09.620+0100] {dag.py:3239} INFO - Sync 4 DAGs
[2026-02-13T13:21:09.651+0100] {logging_mixin.py:190} INFO - [2026-02-13T13:21:09.650+0100] {dag.py:4180} INFO - Setting next_dagrun for dataset_alias_example_alias_consumer to None, run_after=None
[2026-02-13T13:21:09.654+0100] {logging_mixin.py:190} INFO - [2026-02-13T13:21:09.653+0100] {dag.py:4180} INFO - Setting next_dagrun for dataset_alias_example_alias_producer to None, run_after=None
[2026-02-13T13:21:09.655+0100] {logging_mixin.py:190} INFO - [2026-02-13T13:21:09.655+0100] {dag.py:4180} INFO - Setting next_dagrun for dataset_s3_bucket_consumer to None, run_after=None
[2026-02-13T13:21:09.657+0100] {logging_mixin.py:190} INFO - [2026-02-13T13:21:09.656+0100] {dag.py:4180} INFO - Setting next_dagrun for dataset_s3_bucket_producer to None, run_after=None
[2026-02-13T13:21:09.693+0100] {processor.py:208} INFO - Processing /home/gianotti/Documents/CryptoETL/.venv/lib/python3.12/site-packages/airflow/example_dags/example_dataset_alias.py took 0.156 seconds
[2026-02-13T13:22:10.880+0100] {processor.py:186} INFO - Started process (PID=37985) to work on /home/gianotti/Documents/CryptoETL/.venv/lib/python3.12/site-packages/airflow/example_dags/example_dataset_alias.py
[2026-02-13T13:22:10.883+0100] {processor.py:914} INFO - Processing file /home/gianotti/Documents/CryptoETL/.venv/lib/python3.12/site-packages/airflow/example_dags/example_dataset_alias.py for tasks to queue
[2026-02-13T13:22:10.885+0100] {logging_mixin.py:190} INFO - [2026-02-13T13:22:10.884+0100] {dagbag.py:588} INFO - Filling up the DagBag from /home/gianotti/Documents/CryptoETL/.venv/lib/python3.12/site-packages/airflow/example_dags/example_dataset_alias.py
[2026-02-13T13:22:10.922+0100] {processor.py:925} INFO - DAG(s) 'dataset_alias_example_alias_producer', 'dataset_s3_bucket_consumer', 'dataset_s3_bucket_producer', 'dataset_alias_example_alias_consumer' retrieved from /home/gianotti/Documents/CryptoETL/.venv/lib/python3.12/site-packages/airflow/example_dags/example_dataset_alias.py
[2026-02-13T13:22:10.954+0100] {logging_mixin.py:190} INFO - [2026-02-13T13:22:10.954+0100] {dag.py:3239} INFO - Sync 4 DAGs
[2026-02-13T13:22:10.984+0100] {logging_mixin.py:190} INFO - [2026-02-13T13:22:10.984+0100] {dag.py:4180} INFO - Setting next_dagrun for dataset_alias_example_alias_consumer to None, run_after=None
[2026-02-13T13:22:10.987+0100] {logging_mixin.py:190} INFO - [2026-02-13T13:22:10.987+0100] {dag.py:4180} INFO - Setting next_dagrun for dataset_alias_example_alias_producer to None, run_after=None
[2026-02-13T13:22:10.989+0100] {logging_mixin.py:190} INFO - [2026-02-13T13:22:10.989+0100] {dag.py:4180} INFO - Setting next_dagrun for dataset_s3_bucket_consumer to None, run_after=None
[2026-02-13T13:22:10.990+0100] {logging_mixin.py:190} INFO - [2026-02-13T13:22:10.990+0100] {dag.py:4180} INFO - Setting next_dagrun for dataset_s3_bucket_producer to None, run_after=None
[2026-02-13T13:22:11.025+0100] {processor.py:208} INFO - Processing /home/gianotti/Documents/CryptoETL/.venv/lib/python3.12/site-packages/airflow/example_dags/example_dataset_alias.py took 0.155 seconds
