[2026-02-13T12:55:48.798+0100] {processor.py:186} INFO - Started process (PID=34985) to work on /home/gianotti/Documents/CryptoETL/.venv/lib/python3.12/site-packages/airflow/example_dags/example_dataset_alias_with_no_taskflow.py
[2026-02-13T12:55:48.800+0100] {processor.py:914} INFO - Processing file /home/gianotti/Documents/CryptoETL/.venv/lib/python3.12/site-packages/airflow/example_dags/example_dataset_alias_with_no_taskflow.py for tasks to queue
[2026-02-13T12:55:48.803+0100] {logging_mixin.py:190} INFO - [2026-02-13T12:55:48.802+0100] {dagbag.py:588} INFO - Filling up the DagBag from /home/gianotti/Documents/CryptoETL/.venv/lib/python3.12/site-packages/airflow/example_dags/example_dataset_alias_with_no_taskflow.py
[2026-02-13T12:55:48.831+0100] {processor.py:925} INFO - DAG(s) 'dataset_alias_example_alias_producer_with_no_taskflow', 'dataset_alias_example_alias_consumer_with_no_taskflow', 'dataset_s3_bucket_producer_with_no_taskflow', 'dataset_s3_bucket_consumer_with_no_taskflow' retrieved from /home/gianotti/Documents/CryptoETL/.venv/lib/python3.12/site-packages/airflow/example_dags/example_dataset_alias_with_no_taskflow.py
[2026-02-13T12:55:48.920+0100] {logging_mixin.py:190} INFO - [2026-02-13T12:55:48.919+0100] {override.py:1930} INFO - Created Permission View: can edit on DAG:dataset_alias_example_alias_producer_with_no_taskflow
[2026-02-13T12:55:48.931+0100] {logging_mixin.py:190} INFO - [2026-02-13T12:55:48.930+0100] {override.py:1930} INFO - Created Permission View: can read on DAG:dataset_alias_example_alias_producer_with_no_taskflow
[2026-02-13T12:55:48.940+0100] {logging_mixin.py:190} INFO - [2026-02-13T12:55:48.940+0100] {override.py:1930} INFO - Created Permission View: can delete on DAG:dataset_alias_example_alias_producer_with_no_taskflow
[2026-02-13T12:55:48.957+0100] {logging_mixin.py:190} INFO - [2026-02-13T12:55:48.957+0100] {override.py:1930} INFO - Created Permission View: can create on DAG Run:dataset_alias_example_alias_producer_with_no_taskflow
[2026-02-13T12:55:48.971+0100] {logging_mixin.py:190} INFO - [2026-02-13T12:55:48.970+0100] {override.py:1930} INFO - Created Permission View: can read on DAG Run:dataset_alias_example_alias_producer_with_no_taskflow
[2026-02-13T12:55:48.982+0100] {logging_mixin.py:190} INFO - [2026-02-13T12:55:48.982+0100] {override.py:1930} INFO - Created Permission View: can delete on DAG Run:dataset_alias_example_alias_producer_with_no_taskflow
[2026-02-13T12:55:48.996+0100] {logging_mixin.py:190} INFO - [2026-02-13T12:55:48.995+0100] {override.py:1930} INFO - Created Permission View: menu access on DAG Run:dataset_alias_example_alias_producer_with_no_taskflow
[2026-02-13T12:55:49.023+0100] {logging_mixin.py:190} INFO - [2026-02-13T12:55:49.023+0100] {override.py:1930} INFO - Created Permission View: can edit on DAG:dataset_alias_example_alias_consumer_with_no_taskflow
[2026-02-13T12:55:49.035+0100] {logging_mixin.py:190} INFO - [2026-02-13T12:55:49.035+0100] {override.py:1930} INFO - Created Permission View: can read on DAG:dataset_alias_example_alias_consumer_with_no_taskflow
[2026-02-13T12:55:49.048+0100] {logging_mixin.py:190} INFO - [2026-02-13T12:55:49.048+0100] {override.py:1930} INFO - Created Permission View: can delete on DAG:dataset_alias_example_alias_consumer_with_no_taskflow
[2026-02-13T12:55:49.066+0100] {logging_mixin.py:190} INFO - [2026-02-13T12:55:49.065+0100] {override.py:1930} INFO - Created Permission View: can create on DAG Run:dataset_alias_example_alias_consumer_with_no_taskflow
[2026-02-13T12:55:49.078+0100] {logging_mixin.py:190} INFO - [2026-02-13T12:55:49.077+0100] {override.py:1930} INFO - Created Permission View: can read on DAG Run:dataset_alias_example_alias_consumer_with_no_taskflow
[2026-02-13T12:55:49.089+0100] {logging_mixin.py:190} INFO - [2026-02-13T12:55:49.089+0100] {override.py:1930} INFO - Created Permission View: can delete on DAG Run:dataset_alias_example_alias_consumer_with_no_taskflow
[2026-02-13T12:55:49.101+0100] {logging_mixin.py:190} INFO - [2026-02-13T12:55:49.100+0100] {override.py:1930} INFO - Created Permission View: menu access on DAG Run:dataset_alias_example_alias_consumer_with_no_taskflow
[2026-02-13T12:55:49.128+0100] {logging_mixin.py:190} INFO - [2026-02-13T12:55:49.127+0100] {override.py:1930} INFO - Created Permission View: can edit on DAG:dataset_s3_bucket_producer_with_no_taskflow
[2026-02-13T12:55:49.140+0100] {logging_mixin.py:190} INFO - [2026-02-13T12:55:49.139+0100] {override.py:1930} INFO - Created Permission View: can read on DAG:dataset_s3_bucket_producer_with_no_taskflow
[2026-02-13T12:55:49.151+0100] {logging_mixin.py:190} INFO - [2026-02-13T12:55:49.151+0100] {override.py:1930} INFO - Created Permission View: can delete on DAG:dataset_s3_bucket_producer_with_no_taskflow
[2026-02-13T12:55:49.168+0100] {logging_mixin.py:190} INFO - [2026-02-13T12:55:49.168+0100] {override.py:1930} INFO - Created Permission View: can create on DAG Run:dataset_s3_bucket_producer_with_no_taskflow
[2026-02-13T12:55:49.179+0100] {logging_mixin.py:190} INFO - [2026-02-13T12:55:49.179+0100] {override.py:1930} INFO - Created Permission View: can read on DAG Run:dataset_s3_bucket_producer_with_no_taskflow
[2026-02-13T12:55:49.190+0100] {logging_mixin.py:190} INFO - [2026-02-13T12:55:49.190+0100] {override.py:1930} INFO - Created Permission View: can delete on DAG Run:dataset_s3_bucket_producer_with_no_taskflow
[2026-02-13T12:55:49.200+0100] {logging_mixin.py:190} INFO - [2026-02-13T12:55:49.200+0100] {override.py:1930} INFO - Created Permission View: menu access on DAG Run:dataset_s3_bucket_producer_with_no_taskflow
[2026-02-13T12:55:49.224+0100] {logging_mixin.py:190} INFO - [2026-02-13T12:55:49.224+0100] {override.py:1930} INFO - Created Permission View: can edit on DAG:dataset_s3_bucket_consumer_with_no_taskflow
[2026-02-13T12:55:49.235+0100] {logging_mixin.py:190} INFO - [2026-02-13T12:55:49.235+0100] {override.py:1930} INFO - Created Permission View: can read on DAG:dataset_s3_bucket_consumer_with_no_taskflow
[2026-02-13T12:55:49.247+0100] {logging_mixin.py:190} INFO - [2026-02-13T12:55:49.246+0100] {override.py:1930} INFO - Created Permission View: can delete on DAG:dataset_s3_bucket_consumer_with_no_taskflow
[2026-02-13T12:55:49.265+0100] {logging_mixin.py:190} INFO - [2026-02-13T12:55:49.265+0100] {override.py:1930} INFO - Created Permission View: can create on DAG Run:dataset_s3_bucket_consumer_with_no_taskflow
[2026-02-13T12:55:49.278+0100] {logging_mixin.py:190} INFO - [2026-02-13T12:55:49.277+0100] {override.py:1930} INFO - Created Permission View: can read on DAG Run:dataset_s3_bucket_consumer_with_no_taskflow
[2026-02-13T12:55:49.291+0100] {logging_mixin.py:190} INFO - [2026-02-13T12:55:49.291+0100] {override.py:1930} INFO - Created Permission View: can delete on DAG Run:dataset_s3_bucket_consumer_with_no_taskflow
[2026-02-13T12:55:49.304+0100] {logging_mixin.py:190} INFO - [2026-02-13T12:55:49.304+0100] {override.py:1930} INFO - Created Permission View: menu access on DAG Run:dataset_s3_bucket_consumer_with_no_taskflow
[2026-02-13T12:55:49.305+0100] {logging_mixin.py:190} INFO - [2026-02-13T12:55:49.304+0100] {dag.py:3239} INFO - Sync 4 DAGs
[2026-02-13T12:55:49.322+0100] {logging_mixin.py:190} INFO - [2026-02-13T12:55:49.321+0100] {dag.py:3262} INFO - Creating ORM DAG for dataset_alias_example_alias_producer_with_no_taskflow
[2026-02-13T12:55:49.323+0100] {logging_mixin.py:190} INFO - [2026-02-13T12:55:49.322+0100] {dag.py:3262} INFO - Creating ORM DAG for dataset_alias_example_alias_consumer_with_no_taskflow
[2026-02-13T12:55:49.323+0100] {logging_mixin.py:190} INFO - [2026-02-13T12:55:49.323+0100] {dag.py:3262} INFO - Creating ORM DAG for dataset_s3_bucket_producer_with_no_taskflow
[2026-02-13T12:55:49.324+0100] {logging_mixin.py:190} INFO - [2026-02-13T12:55:49.324+0100] {dag.py:3262} INFO - Creating ORM DAG for dataset_s3_bucket_consumer_with_no_taskflow
[2026-02-13T12:55:49.334+0100] {logging_mixin.py:190} INFO - [2026-02-13T12:55:49.333+0100] {dag.py:4180} INFO - Setting next_dagrun for dataset_alias_example_alias_consumer_with_no_taskflow to None, run_after=None
[2026-02-13T12:55:49.334+0100] {logging_mixin.py:190} INFO - [2026-02-13T12:55:49.334+0100] {dag.py:4180} INFO - Setting next_dagrun for dataset_alias_example_alias_producer_with_no_taskflow to None, run_after=None
[2026-02-13T12:55:49.335+0100] {logging_mixin.py:190} INFO - [2026-02-13T12:55:49.335+0100] {dag.py:4180} INFO - Setting next_dagrun for dataset_s3_bucket_consumer_with_no_taskflow to None, run_after=None
[2026-02-13T12:55:49.335+0100] {logging_mixin.py:190} INFO - [2026-02-13T12:55:49.335+0100] {dag.py:4180} INFO - Setting next_dagrun for dataset_s3_bucket_producer_with_no_taskflow to None, run_after=None
[2026-02-13T12:55:49.359+0100] {processor.py:208} INFO - Processing /home/gianotti/Documents/CryptoETL/.venv/lib/python3.12/site-packages/airflow/example_dags/example_dataset_alias_with_no_taskflow.py took 0.570 seconds
[2026-02-13T12:56:52.804+0100] {processor.py:186} INFO - Started process (PID=35108) to work on /home/gianotti/Documents/CryptoETL/.venv/lib/python3.12/site-packages/airflow/example_dags/example_dataset_alias_with_no_taskflow.py
[2026-02-13T12:56:52.807+0100] {processor.py:914} INFO - Processing file /home/gianotti/Documents/CryptoETL/.venv/lib/python3.12/site-packages/airflow/example_dags/example_dataset_alias_with_no_taskflow.py for tasks to queue
[2026-02-13T12:56:52.811+0100] {logging_mixin.py:190} INFO - [2026-02-13T12:56:52.810+0100] {dagbag.py:588} INFO - Filling up the DagBag from /home/gianotti/Documents/CryptoETL/.venv/lib/python3.12/site-packages/airflow/example_dags/example_dataset_alias_with_no_taskflow.py
[2026-02-13T12:56:52.847+0100] {processor.py:925} INFO - DAG(s) 'dataset_s3_bucket_consumer_with_no_taskflow', 'dataset_s3_bucket_producer_with_no_taskflow', 'dataset_alias_example_alias_consumer_with_no_taskflow', 'dataset_alias_example_alias_producer_with_no_taskflow' retrieved from /home/gianotti/Documents/CryptoETL/.venv/lib/python3.12/site-packages/airflow/example_dags/example_dataset_alias_with_no_taskflow.py
[2026-02-13T12:56:52.865+0100] {logging_mixin.py:190} INFO - [2026-02-13T12:56:52.865+0100] {dag.py:3239} INFO - Sync 4 DAGs
[2026-02-13T12:56:52.881+0100] {logging_mixin.py:190} INFO - [2026-02-13T12:56:52.881+0100] {dag.py:4180} INFO - Setting next_dagrun for dataset_alias_example_alias_consumer_with_no_taskflow to None, run_after=None
[2026-02-13T12:56:52.883+0100] {logging_mixin.py:190} INFO - [2026-02-13T12:56:52.883+0100] {dag.py:4180} INFO - Setting next_dagrun for dataset_alias_example_alias_producer_with_no_taskflow to None, run_after=None
[2026-02-13T12:56:52.884+0100] {logging_mixin.py:190} INFO - [2026-02-13T12:56:52.883+0100] {dag.py:4180} INFO - Setting next_dagrun for dataset_s3_bucket_consumer_with_no_taskflow to None, run_after=None
[2026-02-13T12:56:52.884+0100] {logging_mixin.py:190} INFO - [2026-02-13T12:56:52.884+0100] {dag.py:4180} INFO - Setting next_dagrun for dataset_s3_bucket_producer_with_no_taskflow to None, run_after=None
[2026-02-13T12:56:52.903+0100] {processor.py:208} INFO - Processing /home/gianotti/Documents/CryptoETL/.venv/lib/python3.12/site-packages/airflow/example_dags/example_dataset_alias_with_no_taskflow.py took 0.108 seconds
[2026-02-13T12:57:49.516+0100] {processor.py:186} INFO - Started process (PID=35222) to work on /home/gianotti/Documents/CryptoETL/.venv/lib/python3.12/site-packages/airflow/example_dags/example_dataset_alias_with_no_taskflow.py
[2026-02-13T12:57:49.519+0100] {processor.py:914} INFO - Processing file /home/gianotti/Documents/CryptoETL/.venv/lib/python3.12/site-packages/airflow/example_dags/example_dataset_alias_with_no_taskflow.py for tasks to queue
[2026-02-13T12:57:49.522+0100] {logging_mixin.py:190} INFO - [2026-02-13T12:57:49.522+0100] {dagbag.py:588} INFO - Filling up the DagBag from /home/gianotti/Documents/CryptoETL/.venv/lib/python3.12/site-packages/airflow/example_dags/example_dataset_alias_with_no_taskflow.py
[2026-02-13T12:57:49.554+0100] {processor.py:925} INFO - DAG(s) 'dataset_alias_example_alias_consumer_with_no_taskflow', 'dataset_alias_example_alias_producer_with_no_taskflow', 'dataset_s3_bucket_producer_with_no_taskflow', 'dataset_s3_bucket_consumer_with_no_taskflow' retrieved from /home/gianotti/Documents/CryptoETL/.venv/lib/python3.12/site-packages/airflow/example_dags/example_dataset_alias_with_no_taskflow.py
[2026-02-13T12:57:49.571+0100] {logging_mixin.py:190} INFO - [2026-02-13T12:57:49.571+0100] {dag.py:3239} INFO - Sync 4 DAGs
[2026-02-13T12:57:49.588+0100] {logging_mixin.py:190} INFO - [2026-02-13T12:57:49.587+0100] {dag.py:4180} INFO - Setting next_dagrun for dataset_alias_example_alias_consumer_with_no_taskflow to None, run_after=None
[2026-02-13T12:57:49.589+0100] {logging_mixin.py:190} INFO - [2026-02-13T12:57:49.589+0100] {dag.py:4180} INFO - Setting next_dagrun for dataset_alias_example_alias_producer_with_no_taskflow to None, run_after=None
[2026-02-13T12:57:49.590+0100] {logging_mixin.py:190} INFO - [2026-02-13T12:57:49.590+0100] {dag.py:4180} INFO - Setting next_dagrun for dataset_s3_bucket_consumer_with_no_taskflow to None, run_after=None
[2026-02-13T12:57:49.591+0100] {logging_mixin.py:190} INFO - [2026-02-13T12:57:49.591+0100] {dag.py:4180} INFO - Setting next_dagrun for dataset_s3_bucket_producer_with_no_taskflow to None, run_after=None
[2026-02-13T12:57:49.611+0100] {processor.py:208} INFO - Processing /home/gianotti/Documents/CryptoETL/.venv/lib/python3.12/site-packages/airflow/example_dags/example_dataset_alias_with_no_taskflow.py took 0.103 seconds
[2026-02-13T12:58:47.701+0100] {processor.py:186} INFO - Started process (PID=35360) to work on /home/gianotti/Documents/CryptoETL/.venv/lib/python3.12/site-packages/airflow/example_dags/example_dataset_alias_with_no_taskflow.py
[2026-02-13T12:58:47.704+0100] {processor.py:914} INFO - Processing file /home/gianotti/Documents/CryptoETL/.venv/lib/python3.12/site-packages/airflow/example_dags/example_dataset_alias_with_no_taskflow.py for tasks to queue
[2026-02-13T12:58:47.707+0100] {logging_mixin.py:190} INFO - [2026-02-13T12:58:47.706+0100] {dagbag.py:588} INFO - Filling up the DagBag from /home/gianotti/Documents/CryptoETL/.venv/lib/python3.12/site-packages/airflow/example_dags/example_dataset_alias_with_no_taskflow.py
[2026-02-13T12:58:47.745+0100] {processor.py:925} INFO - DAG(s) 'dataset_s3_bucket_producer_with_no_taskflow', 'dataset_alias_example_alias_consumer_with_no_taskflow', 'dataset_s3_bucket_consumer_with_no_taskflow', 'dataset_alias_example_alias_producer_with_no_taskflow' retrieved from /home/gianotti/Documents/CryptoETL/.venv/lib/python3.12/site-packages/airflow/example_dags/example_dataset_alias_with_no_taskflow.py
[2026-02-13T12:58:47.768+0100] {logging_mixin.py:190} INFO - [2026-02-13T12:58:47.767+0100] {dag.py:3239} INFO - Sync 4 DAGs
[2026-02-13T12:58:47.783+0100] {logging_mixin.py:190} INFO - [2026-02-13T12:58:47.783+0100] {dag.py:4180} INFO - Setting next_dagrun for dataset_alias_example_alias_consumer_with_no_taskflow to None, run_after=None
[2026-02-13T12:58:47.784+0100] {logging_mixin.py:190} INFO - [2026-02-13T12:58:47.784+0100] {dag.py:4180} INFO - Setting next_dagrun for dataset_alias_example_alias_producer_with_no_taskflow to None, run_after=None
[2026-02-13T12:58:47.785+0100] {logging_mixin.py:190} INFO - [2026-02-13T12:58:47.785+0100] {dag.py:4180} INFO - Setting next_dagrun for dataset_s3_bucket_consumer_with_no_taskflow to None, run_after=None
[2026-02-13T12:58:47.786+0100] {logging_mixin.py:190} INFO - [2026-02-13T12:58:47.786+0100] {dag.py:4180} INFO - Setting next_dagrun for dataset_s3_bucket_producer_with_no_taskflow to None, run_after=None
[2026-02-13T12:58:47.805+0100] {processor.py:208} INFO - Processing /home/gianotti/Documents/CryptoETL/.venv/lib/python3.12/site-packages/airflow/example_dags/example_dataset_alias_with_no_taskflow.py took 0.113 seconds
[2026-02-13T12:59:43.323+0100] {processor.py:186} INFO - Started process (PID=35475) to work on /home/gianotti/Documents/CryptoETL/.venv/lib/python3.12/site-packages/airflow/example_dags/example_dataset_alias_with_no_taskflow.py
[2026-02-13T12:59:43.326+0100] {processor.py:914} INFO - Processing file /home/gianotti/Documents/CryptoETL/.venv/lib/python3.12/site-packages/airflow/example_dags/example_dataset_alias_with_no_taskflow.py for tasks to queue
[2026-02-13T12:59:43.329+0100] {logging_mixin.py:190} INFO - [2026-02-13T12:59:43.328+0100] {dagbag.py:588} INFO - Filling up the DagBag from /home/gianotti/Documents/CryptoETL/.venv/lib/python3.12/site-packages/airflow/example_dags/example_dataset_alias_with_no_taskflow.py
[2026-02-13T12:59:43.362+0100] {processor.py:925} INFO - DAG(s) 'dataset_alias_example_alias_producer_with_no_taskflow', 'dataset_s3_bucket_consumer_with_no_taskflow', 'dataset_s3_bucket_producer_with_no_taskflow', 'dataset_alias_example_alias_consumer_with_no_taskflow' retrieved from /home/gianotti/Documents/CryptoETL/.venv/lib/python3.12/site-packages/airflow/example_dags/example_dataset_alias_with_no_taskflow.py
[2026-02-13T12:59:43.378+0100] {logging_mixin.py:190} INFO - [2026-02-13T12:59:43.378+0100] {dag.py:3239} INFO - Sync 4 DAGs
[2026-02-13T12:59:43.392+0100] {logging_mixin.py:190} INFO - [2026-02-13T12:59:43.392+0100] {dag.py:4180} INFO - Setting next_dagrun for dataset_alias_example_alias_consumer_with_no_taskflow to None, run_after=None
[2026-02-13T12:59:43.394+0100] {logging_mixin.py:190} INFO - [2026-02-13T12:59:43.394+0100] {dag.py:4180} INFO - Setting next_dagrun for dataset_alias_example_alias_producer_with_no_taskflow to None, run_after=None
[2026-02-13T12:59:43.395+0100] {logging_mixin.py:190} INFO - [2026-02-13T12:59:43.395+0100] {dag.py:4180} INFO - Setting next_dagrun for dataset_s3_bucket_consumer_with_no_taskflow to None, run_after=None
[2026-02-13T12:59:43.395+0100] {logging_mixin.py:190} INFO - [2026-02-13T12:59:43.395+0100] {dag.py:4180} INFO - Setting next_dagrun for dataset_s3_bucket_producer_with_no_taskflow to None, run_after=None
[2026-02-13T12:59:43.415+0100] {processor.py:208} INFO - Processing /home/gianotti/Documents/CryptoETL/.venv/lib/python3.12/site-packages/airflow/example_dags/example_dataset_alias_with_no_taskflow.py took 0.101 seconds
[2026-02-13T13:00:41.582+0100] {processor.py:186} INFO - Started process (PID=35581) to work on /home/gianotti/Documents/CryptoETL/.venv/lib/python3.12/site-packages/airflow/example_dags/example_dataset_alias_with_no_taskflow.py
[2026-02-13T13:00:41.585+0100] {processor.py:914} INFO - Processing file /home/gianotti/Documents/CryptoETL/.venv/lib/python3.12/site-packages/airflow/example_dags/example_dataset_alias_with_no_taskflow.py for tasks to queue
[2026-02-13T13:00:41.587+0100] {logging_mixin.py:190} INFO - [2026-02-13T13:00:41.586+0100] {dagbag.py:588} INFO - Filling up the DagBag from /home/gianotti/Documents/CryptoETL/.venv/lib/python3.12/site-packages/airflow/example_dags/example_dataset_alias_with_no_taskflow.py
[2026-02-13T13:00:41.621+0100] {processor.py:925} INFO - DAG(s) 'dataset_s3_bucket_producer_with_no_taskflow', 'dataset_alias_example_alias_producer_with_no_taskflow', 'dataset_s3_bucket_consumer_with_no_taskflow', 'dataset_alias_example_alias_consumer_with_no_taskflow' retrieved from /home/gianotti/Documents/CryptoETL/.venv/lib/python3.12/site-packages/airflow/example_dags/example_dataset_alias_with_no_taskflow.py
[2026-02-13T13:00:41.638+0100] {logging_mixin.py:190} INFO - [2026-02-13T13:00:41.638+0100] {dag.py:3239} INFO - Sync 4 DAGs
[2026-02-13T13:00:41.654+0100] {logging_mixin.py:190} INFO - [2026-02-13T13:00:41.653+0100] {dag.py:4180} INFO - Setting next_dagrun for dataset_alias_example_alias_consumer_with_no_taskflow to None, run_after=None
[2026-02-13T13:00:41.655+0100] {logging_mixin.py:190} INFO - [2026-02-13T13:00:41.655+0100] {dag.py:4180} INFO - Setting next_dagrun for dataset_alias_example_alias_producer_with_no_taskflow to None, run_after=None
[2026-02-13T13:00:41.656+0100] {logging_mixin.py:190} INFO - [2026-02-13T13:00:41.656+0100] {dag.py:4180} INFO - Setting next_dagrun for dataset_s3_bucket_consumer_with_no_taskflow to None, run_after=None
[2026-02-13T13:00:41.656+0100] {logging_mixin.py:190} INFO - [2026-02-13T13:00:41.656+0100] {dag.py:4180} INFO - Setting next_dagrun for dataset_s3_bucket_producer_with_no_taskflow to None, run_after=None
[2026-02-13T13:00:41.677+0100] {processor.py:208} INFO - Processing /home/gianotti/Documents/CryptoETL/.venv/lib/python3.12/site-packages/airflow/example_dags/example_dataset_alias_with_no_taskflow.py took 0.105 seconds
[2026-02-13T13:01:41.431+0100] {processor.py:186} INFO - Started process (PID=35700) to work on /home/gianotti/Documents/CryptoETL/.venv/lib/python3.12/site-packages/airflow/example_dags/example_dataset_alias_with_no_taskflow.py
[2026-02-13T13:01:41.434+0100] {processor.py:914} INFO - Processing file /home/gianotti/Documents/CryptoETL/.venv/lib/python3.12/site-packages/airflow/example_dags/example_dataset_alias_with_no_taskflow.py for tasks to queue
[2026-02-13T13:01:41.436+0100] {logging_mixin.py:190} INFO - [2026-02-13T13:01:41.435+0100] {dagbag.py:588} INFO - Filling up the DagBag from /home/gianotti/Documents/CryptoETL/.venv/lib/python3.12/site-packages/airflow/example_dags/example_dataset_alias_with_no_taskflow.py
[2026-02-13T13:01:41.469+0100] {processor.py:925} INFO - DAG(s) 'dataset_s3_bucket_producer_with_no_taskflow', 'dataset_s3_bucket_consumer_with_no_taskflow', 'dataset_alias_example_alias_consumer_with_no_taskflow', 'dataset_alias_example_alias_producer_with_no_taskflow' retrieved from /home/gianotti/Documents/CryptoETL/.venv/lib/python3.12/site-packages/airflow/example_dags/example_dataset_alias_with_no_taskflow.py
[2026-02-13T13:01:41.489+0100] {logging_mixin.py:190} INFO - [2026-02-13T13:01:41.489+0100] {dag.py:3239} INFO - Sync 4 DAGs
[2026-02-13T13:01:41.507+0100] {logging_mixin.py:190} INFO - [2026-02-13T13:01:41.507+0100] {dag.py:4180} INFO - Setting next_dagrun for dataset_alias_example_alias_consumer_with_no_taskflow to None, run_after=None
[2026-02-13T13:01:41.509+0100] {logging_mixin.py:190} INFO - [2026-02-13T13:01:41.509+0100] {dag.py:4180} INFO - Setting next_dagrun for dataset_alias_example_alias_producer_with_no_taskflow to None, run_after=None
[2026-02-13T13:01:41.510+0100] {logging_mixin.py:190} INFO - [2026-02-13T13:01:41.510+0100] {dag.py:4180} INFO - Setting next_dagrun for dataset_s3_bucket_consumer_with_no_taskflow to None, run_after=None
[2026-02-13T13:01:41.510+0100] {logging_mixin.py:190} INFO - [2026-02-13T13:01:41.510+0100] {dag.py:4180} INFO - Setting next_dagrun for dataset_s3_bucket_producer_with_no_taskflow to None, run_after=None
[2026-02-13T13:01:41.531+0100] {processor.py:208} INFO - Processing /home/gianotti/Documents/CryptoETL/.venv/lib/python3.12/site-packages/airflow/example_dags/example_dataset_alias_with_no_taskflow.py took 0.109 seconds
[2026-02-13T13:02:40.375+0100] {processor.py:186} INFO - Started process (PID=35832) to work on /home/gianotti/Documents/CryptoETL/.venv/lib/python3.12/site-packages/airflow/example_dags/example_dataset_alias_with_no_taskflow.py
[2026-02-13T13:02:40.378+0100] {processor.py:914} INFO - Processing file /home/gianotti/Documents/CryptoETL/.venv/lib/python3.12/site-packages/airflow/example_dags/example_dataset_alias_with_no_taskflow.py for tasks to queue
[2026-02-13T13:02:40.380+0100] {logging_mixin.py:190} INFO - [2026-02-13T13:02:40.380+0100] {dagbag.py:588} INFO - Filling up the DagBag from /home/gianotti/Documents/CryptoETL/.venv/lib/python3.12/site-packages/airflow/example_dags/example_dataset_alias_with_no_taskflow.py
[2026-02-13T13:02:40.419+0100] {processor.py:925} INFO - DAG(s) 'dataset_s3_bucket_consumer_with_no_taskflow', 'dataset_alias_example_alias_producer_with_no_taskflow', 'dataset_s3_bucket_producer_with_no_taskflow', 'dataset_alias_example_alias_consumer_with_no_taskflow' retrieved from /home/gianotti/Documents/CryptoETL/.venv/lib/python3.12/site-packages/airflow/example_dags/example_dataset_alias_with_no_taskflow.py
[2026-02-13T13:02:40.445+0100] {logging_mixin.py:190} INFO - [2026-02-13T13:02:40.445+0100] {dag.py:3239} INFO - Sync 4 DAGs
[2026-02-13T13:02:40.463+0100] {logging_mixin.py:190} INFO - [2026-02-13T13:02:40.463+0100] {dag.py:4180} INFO - Setting next_dagrun for dataset_alias_example_alias_consumer_with_no_taskflow to None, run_after=None
[2026-02-13T13:02:40.465+0100] {logging_mixin.py:190} INFO - [2026-02-13T13:02:40.464+0100] {dag.py:4180} INFO - Setting next_dagrun for dataset_alias_example_alias_producer_with_no_taskflow to None, run_after=None
[2026-02-13T13:02:40.465+0100] {logging_mixin.py:190} INFO - [2026-02-13T13:02:40.465+0100] {dag.py:4180} INFO - Setting next_dagrun for dataset_s3_bucket_consumer_with_no_taskflow to None, run_after=None
[2026-02-13T13:02:40.466+0100] {logging_mixin.py:190} INFO - [2026-02-13T13:02:40.466+0100] {dag.py:4180} INFO - Setting next_dagrun for dataset_s3_bucket_producer_with_no_taskflow to None, run_after=None
[2026-02-13T13:02:40.488+0100] {processor.py:208} INFO - Processing /home/gianotti/Documents/CryptoETL/.venv/lib/python3.12/site-packages/airflow/example_dags/example_dataset_alias_with_no_taskflow.py took 0.121 seconds
[2026-02-13T13:03:36.392+0100] {processor.py:186} INFO - Started process (PID=35948) to work on /home/gianotti/Documents/CryptoETL/.venv/lib/python3.12/site-packages/airflow/example_dags/example_dataset_alias_with_no_taskflow.py
[2026-02-13T13:03:36.395+0100] {processor.py:914} INFO - Processing file /home/gianotti/Documents/CryptoETL/.venv/lib/python3.12/site-packages/airflow/example_dags/example_dataset_alias_with_no_taskflow.py for tasks to queue
[2026-02-13T13:03:36.397+0100] {logging_mixin.py:190} INFO - [2026-02-13T13:03:36.396+0100] {dagbag.py:588} INFO - Filling up the DagBag from /home/gianotti/Documents/CryptoETL/.venv/lib/python3.12/site-packages/airflow/example_dags/example_dataset_alias_with_no_taskflow.py
[2026-02-13T13:03:36.434+0100] {processor.py:925} INFO - DAG(s) 'dataset_alias_example_alias_producer_with_no_taskflow', 'dataset_s3_bucket_producer_with_no_taskflow', 'dataset_alias_example_alias_consumer_with_no_taskflow', 'dataset_s3_bucket_consumer_with_no_taskflow' retrieved from /home/gianotti/Documents/CryptoETL/.venv/lib/python3.12/site-packages/airflow/example_dags/example_dataset_alias_with_no_taskflow.py
[2026-02-13T13:03:36.458+0100] {logging_mixin.py:190} INFO - [2026-02-13T13:03:36.457+0100] {dag.py:3239} INFO - Sync 4 DAGs
[2026-02-13T13:03:36.473+0100] {logging_mixin.py:190} INFO - [2026-02-13T13:03:36.473+0100] {dag.py:4180} INFO - Setting next_dagrun for dataset_alias_example_alias_consumer_with_no_taskflow to None, run_after=None
[2026-02-13T13:03:36.475+0100] {logging_mixin.py:190} INFO - [2026-02-13T13:03:36.474+0100] {dag.py:4180} INFO - Setting next_dagrun for dataset_alias_example_alias_producer_with_no_taskflow to None, run_after=None
[2026-02-13T13:03:36.475+0100] {logging_mixin.py:190} INFO - [2026-02-13T13:03:36.475+0100] {dag.py:4180} INFO - Setting next_dagrun for dataset_s3_bucket_consumer_with_no_taskflow to None, run_after=None
[2026-02-13T13:03:36.476+0100] {logging_mixin.py:190} INFO - [2026-02-13T13:03:36.476+0100] {dag.py:4180} INFO - Setting next_dagrun for dataset_s3_bucket_producer_with_no_taskflow to None, run_after=None
[2026-02-13T13:03:36.500+0100] {processor.py:208} INFO - Processing /home/gianotti/Documents/CryptoETL/.venv/lib/python3.12/site-packages/airflow/example_dags/example_dataset_alias_with_no_taskflow.py took 0.118 seconds
[2026-02-13T13:04:36.900+0100] {processor.py:186} INFO - Started process (PID=36085) to work on /home/gianotti/Documents/CryptoETL/.venv/lib/python3.12/site-packages/airflow/example_dags/example_dataset_alias_with_no_taskflow.py
[2026-02-13T13:04:36.904+0100] {processor.py:914} INFO - Processing file /home/gianotti/Documents/CryptoETL/.venv/lib/python3.12/site-packages/airflow/example_dags/example_dataset_alias_with_no_taskflow.py for tasks to queue
[2026-02-13T13:04:36.906+0100] {logging_mixin.py:190} INFO - [2026-02-13T13:04:36.905+0100] {dagbag.py:588} INFO - Filling up the DagBag from /home/gianotti/Documents/CryptoETL/.venv/lib/python3.12/site-packages/airflow/example_dags/example_dataset_alias_with_no_taskflow.py
[2026-02-13T13:04:36.941+0100] {processor.py:925} INFO - DAG(s) 'dataset_alias_example_alias_consumer_with_no_taskflow', 'dataset_alias_example_alias_producer_with_no_taskflow', 'dataset_s3_bucket_producer_with_no_taskflow', 'dataset_s3_bucket_consumer_with_no_taskflow' retrieved from /home/gianotti/Documents/CryptoETL/.venv/lib/python3.12/site-packages/airflow/example_dags/example_dataset_alias_with_no_taskflow.py
[2026-02-13T13:04:36.978+0100] {logging_mixin.py:190} INFO - [2026-02-13T13:04:36.978+0100] {dag.py:3239} INFO - Sync 4 DAGs
[2026-02-13T13:04:37.013+0100] {logging_mixin.py:190} INFO - [2026-02-13T13:04:37.013+0100] {dag.py:4180} INFO - Setting next_dagrun for dataset_alias_example_alias_consumer_with_no_taskflow to None, run_after=None
[2026-02-13T13:04:37.017+0100] {logging_mixin.py:190} INFO - [2026-02-13T13:04:37.016+0100] {dag.py:4180} INFO - Setting next_dagrun for dataset_alias_example_alias_producer_with_no_taskflow to None, run_after=None
[2026-02-13T13:04:37.019+0100] {logging_mixin.py:190} INFO - [2026-02-13T13:04:37.018+0100] {dag.py:4180} INFO - Setting next_dagrun for dataset_s3_bucket_consumer_with_no_taskflow to None, run_after=None
[2026-02-13T13:04:37.020+0100] {logging_mixin.py:190} INFO - [2026-02-13T13:04:37.020+0100] {dag.py:4180} INFO - Setting next_dagrun for dataset_s3_bucket_producer_with_no_taskflow to None, run_after=None
[2026-02-13T13:04:37.058+0100] {processor.py:208} INFO - Processing /home/gianotti/Documents/CryptoETL/.venv/lib/python3.12/site-packages/airflow/example_dags/example_dataset_alias_with_no_taskflow.py took 0.168 seconds
[2026-02-13T13:05:41.826+0100] {processor.py:186} INFO - Started process (PID=36192) to work on /home/gianotti/Documents/CryptoETL/.venv/lib/python3.12/site-packages/airflow/example_dags/example_dataset_alias_with_no_taskflow.py
[2026-02-13T13:05:41.830+0100] {processor.py:914} INFO - Processing file /home/gianotti/Documents/CryptoETL/.venv/lib/python3.12/site-packages/airflow/example_dags/example_dataset_alias_with_no_taskflow.py for tasks to queue
[2026-02-13T13:05:41.832+0100] {logging_mixin.py:190} INFO - [2026-02-13T13:05:41.831+0100] {dagbag.py:588} INFO - Filling up the DagBag from /home/gianotti/Documents/CryptoETL/.venv/lib/python3.12/site-packages/airflow/example_dags/example_dataset_alias_with_no_taskflow.py
[2026-02-13T13:05:41.867+0100] {processor.py:925} INFO - DAG(s) 'dataset_s3_bucket_consumer_with_no_taskflow', 'dataset_alias_example_alias_consumer_with_no_taskflow', 'dataset_alias_example_alias_producer_with_no_taskflow', 'dataset_s3_bucket_producer_with_no_taskflow' retrieved from /home/gianotti/Documents/CryptoETL/.venv/lib/python3.12/site-packages/airflow/example_dags/example_dataset_alias_with_no_taskflow.py
[2026-02-13T13:05:41.902+0100] {logging_mixin.py:190} INFO - [2026-02-13T13:05:41.901+0100] {dag.py:3239} INFO - Sync 4 DAGs
[2026-02-13T13:05:41.937+0100] {logging_mixin.py:190} INFO - [2026-02-13T13:05:41.937+0100] {dag.py:4180} INFO - Setting next_dagrun for dataset_alias_example_alias_consumer_with_no_taskflow to None, run_after=None
[2026-02-13T13:05:41.941+0100] {logging_mixin.py:190} INFO - [2026-02-13T13:05:41.941+0100] {dag.py:4180} INFO - Setting next_dagrun for dataset_alias_example_alias_producer_with_no_taskflow to None, run_after=None
[2026-02-13T13:05:41.943+0100] {logging_mixin.py:190} INFO - [2026-02-13T13:05:41.943+0100] {dag.py:4180} INFO - Setting next_dagrun for dataset_s3_bucket_consumer_with_no_taskflow to None, run_after=None
[2026-02-13T13:05:41.944+0100] {logging_mixin.py:190} INFO - [2026-02-13T13:05:41.944+0100] {dag.py:4180} INFO - Setting next_dagrun for dataset_s3_bucket_producer_with_no_taskflow to None, run_after=None
[2026-02-13T13:05:41.982+0100] {processor.py:208} INFO - Processing /home/gianotti/Documents/CryptoETL/.venv/lib/python3.12/site-packages/airflow/example_dags/example_dataset_alias_with_no_taskflow.py took 0.165 seconds
[2026-02-13T13:06:47.777+0100] {processor.py:186} INFO - Started process (PID=36293) to work on /home/gianotti/Documents/CryptoETL/.venv/lib/python3.12/site-packages/airflow/example_dags/example_dataset_alias_with_no_taskflow.py
[2026-02-13T13:06:47.780+0100] {processor.py:914} INFO - Processing file /home/gianotti/Documents/CryptoETL/.venv/lib/python3.12/site-packages/airflow/example_dags/example_dataset_alias_with_no_taskflow.py for tasks to queue
[2026-02-13T13:06:47.781+0100] {logging_mixin.py:190} INFO - [2026-02-13T13:06:47.781+0100] {dagbag.py:588} INFO - Filling up the DagBag from /home/gianotti/Documents/CryptoETL/.venv/lib/python3.12/site-packages/airflow/example_dags/example_dataset_alias_with_no_taskflow.py
[2026-02-13T13:06:47.817+0100] {processor.py:925} INFO - DAG(s) 'dataset_alias_example_alias_consumer_with_no_taskflow', 'dataset_s3_bucket_producer_with_no_taskflow', 'dataset_s3_bucket_consumer_with_no_taskflow', 'dataset_alias_example_alias_producer_with_no_taskflow' retrieved from /home/gianotti/Documents/CryptoETL/.venv/lib/python3.12/site-packages/airflow/example_dags/example_dataset_alias_with_no_taskflow.py
[2026-02-13T13:06:47.848+0100] {logging_mixin.py:190} INFO - [2026-02-13T13:06:47.847+0100] {dag.py:3239} INFO - Sync 4 DAGs
[2026-02-13T13:06:47.880+0100] {logging_mixin.py:190} INFO - [2026-02-13T13:06:47.879+0100] {dag.py:4180} INFO - Setting next_dagrun for dataset_alias_example_alias_consumer_with_no_taskflow to None, run_after=None
[2026-02-13T13:06:47.883+0100] {logging_mixin.py:190} INFO - [2026-02-13T13:06:47.883+0100] {dag.py:4180} INFO - Setting next_dagrun for dataset_alias_example_alias_producer_with_no_taskflow to None, run_after=None
[2026-02-13T13:06:47.884+0100] {logging_mixin.py:190} INFO - [2026-02-13T13:06:47.884+0100] {dag.py:4180} INFO - Setting next_dagrun for dataset_s3_bucket_consumer_with_no_taskflow to None, run_after=None
[2026-02-13T13:06:47.886+0100] {logging_mixin.py:190} INFO - [2026-02-13T13:06:47.886+0100] {dag.py:4180} INFO - Setting next_dagrun for dataset_s3_bucket_producer_with_no_taskflow to None, run_after=None
[2026-02-13T13:06:47.922+0100] {processor.py:208} INFO - Processing /home/gianotti/Documents/CryptoETL/.venv/lib/python3.12/site-packages/airflow/example_dags/example_dataset_alias_with_no_taskflow.py took 0.153 seconds
[2026-02-13T13:07:57.294+0100] {processor.py:186} INFO - Started process (PID=36391) to work on /home/gianotti/Documents/CryptoETL/.venv/lib/python3.12/site-packages/airflow/example_dags/example_dataset_alias_with_no_taskflow.py
[2026-02-13T13:07:57.297+0100] {processor.py:914} INFO - Processing file /home/gianotti/Documents/CryptoETL/.venv/lib/python3.12/site-packages/airflow/example_dags/example_dataset_alias_with_no_taskflow.py for tasks to queue
[2026-02-13T13:07:57.299+0100] {logging_mixin.py:190} INFO - [2026-02-13T13:07:57.298+0100] {dagbag.py:588} INFO - Filling up the DagBag from /home/gianotti/Documents/CryptoETL/.venv/lib/python3.12/site-packages/airflow/example_dags/example_dataset_alias_with_no_taskflow.py
[2026-02-13T13:07:57.335+0100] {processor.py:925} INFO - DAG(s) 'dataset_alias_example_alias_consumer_with_no_taskflow', 'dataset_s3_bucket_consumer_with_no_taskflow', 'dataset_alias_example_alias_producer_with_no_taskflow', 'dataset_s3_bucket_producer_with_no_taskflow' retrieved from /home/gianotti/Documents/CryptoETL/.venv/lib/python3.12/site-packages/airflow/example_dags/example_dataset_alias_with_no_taskflow.py
[2026-02-13T13:07:57.370+0100] {logging_mixin.py:190} INFO - [2026-02-13T13:07:57.370+0100] {dag.py:3239} INFO - Sync 4 DAGs
[2026-02-13T13:07:57.417+0100] {logging_mixin.py:190} INFO - [2026-02-13T13:07:57.417+0100] {dag.py:4180} INFO - Setting next_dagrun for dataset_alias_example_alias_consumer_with_no_taskflow to None, run_after=None
[2026-02-13T13:07:57.421+0100] {logging_mixin.py:190} INFO - [2026-02-13T13:07:57.421+0100] {dag.py:4180} INFO - Setting next_dagrun for dataset_alias_example_alias_producer_with_no_taskflow to None, run_after=None
[2026-02-13T13:07:57.423+0100] {logging_mixin.py:190} INFO - [2026-02-13T13:07:57.422+0100] {dag.py:4180} INFO - Setting next_dagrun for dataset_s3_bucket_consumer_with_no_taskflow to None, run_after=None
[2026-02-13T13:07:57.424+0100] {logging_mixin.py:190} INFO - [2026-02-13T13:07:57.424+0100] {dag.py:4180} INFO - Setting next_dagrun for dataset_s3_bucket_producer_with_no_taskflow to None, run_after=None
[2026-02-13T13:07:57.464+0100] {processor.py:208} INFO - Processing /home/gianotti/Documents/CryptoETL/.venv/lib/python3.12/site-packages/airflow/example_dags/example_dataset_alias_with_no_taskflow.py took 0.179 seconds
[2026-02-13T13:09:02.885+0100] {processor.py:186} INFO - Started process (PID=36507) to work on /home/gianotti/Documents/CryptoETL/.venv/lib/python3.12/site-packages/airflow/example_dags/example_dataset_alias_with_no_taskflow.py
[2026-02-13T13:09:02.888+0100] {processor.py:914} INFO - Processing file /home/gianotti/Documents/CryptoETL/.venv/lib/python3.12/site-packages/airflow/example_dags/example_dataset_alias_with_no_taskflow.py for tasks to queue
[2026-02-13T13:09:02.890+0100] {logging_mixin.py:190} INFO - [2026-02-13T13:09:02.889+0100] {dagbag.py:588} INFO - Filling up the DagBag from /home/gianotti/Documents/CryptoETL/.venv/lib/python3.12/site-packages/airflow/example_dags/example_dataset_alias_with_no_taskflow.py
[2026-02-13T13:09:02.927+0100] {processor.py:925} INFO - DAG(s) 'dataset_alias_example_alias_consumer_with_no_taskflow', 'dataset_s3_bucket_producer_with_no_taskflow', 'dataset_alias_example_alias_producer_with_no_taskflow', 'dataset_s3_bucket_consumer_with_no_taskflow' retrieved from /home/gianotti/Documents/CryptoETL/.venv/lib/python3.12/site-packages/airflow/example_dags/example_dataset_alias_with_no_taskflow.py
[2026-02-13T13:09:02.960+0100] {logging_mixin.py:190} INFO - [2026-02-13T13:09:02.960+0100] {dag.py:3239} INFO - Sync 4 DAGs
[2026-02-13T13:09:02.992+0100] {logging_mixin.py:190} INFO - [2026-02-13T13:09:02.992+0100] {dag.py:4180} INFO - Setting next_dagrun for dataset_alias_example_alias_consumer_with_no_taskflow to None, run_after=None
[2026-02-13T13:09:02.995+0100] {logging_mixin.py:190} INFO - [2026-02-13T13:09:02.995+0100] {dag.py:4180} INFO - Setting next_dagrun for dataset_alias_example_alias_producer_with_no_taskflow to None, run_after=None
[2026-02-13T13:09:02.997+0100] {logging_mixin.py:190} INFO - [2026-02-13T13:09:02.996+0100] {dag.py:4180} INFO - Setting next_dagrun for dataset_s3_bucket_consumer_with_no_taskflow to None, run_after=None
[2026-02-13T13:09:02.998+0100] {logging_mixin.py:190} INFO - [2026-02-13T13:09:02.998+0100] {dag.py:4180} INFO - Setting next_dagrun for dataset_s3_bucket_producer_with_no_taskflow to None, run_after=None
[2026-02-13T13:09:03.033+0100] {processor.py:208} INFO - Processing /home/gianotti/Documents/CryptoETL/.venv/lib/python3.12/site-packages/airflow/example_dags/example_dataset_alias_with_no_taskflow.py took 0.157 seconds
[2026-02-13T13:10:13.038+0100] {processor.py:186} INFO - Started process (PID=36636) to work on /home/gianotti/Documents/CryptoETL/.venv/lib/python3.12/site-packages/airflow/example_dags/example_dataset_alias_with_no_taskflow.py
[2026-02-13T13:10:13.039+0100] {processor.py:914} INFO - Processing file /home/gianotti/Documents/CryptoETL/.venv/lib/python3.12/site-packages/airflow/example_dags/example_dataset_alias_with_no_taskflow.py for tasks to queue
[2026-02-13T13:10:13.041+0100] {logging_mixin.py:190} INFO - [2026-02-13T13:10:13.041+0100] {dagbag.py:588} INFO - Filling up the DagBag from /home/gianotti/Documents/CryptoETL/.venv/lib/python3.12/site-packages/airflow/example_dags/example_dataset_alias_with_no_taskflow.py
[2026-02-13T13:10:13.076+0100] {processor.py:925} INFO - DAG(s) 'dataset_alias_example_alias_consumer_with_no_taskflow', 'dataset_s3_bucket_producer_with_no_taskflow', 'dataset_alias_example_alias_producer_with_no_taskflow', 'dataset_s3_bucket_consumer_with_no_taskflow' retrieved from /home/gianotti/Documents/CryptoETL/.venv/lib/python3.12/site-packages/airflow/example_dags/example_dataset_alias_with_no_taskflow.py
[2026-02-13T13:10:13.109+0100] {logging_mixin.py:190} INFO - [2026-02-13T13:10:13.109+0100] {dag.py:3239} INFO - Sync 4 DAGs
[2026-02-13T13:10:13.143+0100] {logging_mixin.py:190} INFO - [2026-02-13T13:10:13.143+0100] {dag.py:4180} INFO - Setting next_dagrun for dataset_alias_example_alias_consumer_with_no_taskflow to None, run_after=None
[2026-02-13T13:10:13.146+0100] {logging_mixin.py:190} INFO - [2026-02-13T13:10:13.146+0100] {dag.py:4180} INFO - Setting next_dagrun for dataset_alias_example_alias_producer_with_no_taskflow to None, run_after=None
[2026-02-13T13:10:13.148+0100] {logging_mixin.py:190} INFO - [2026-02-13T13:10:13.147+0100] {dag.py:4180} INFO - Setting next_dagrun for dataset_s3_bucket_consumer_with_no_taskflow to None, run_after=None
[2026-02-13T13:10:13.150+0100] {logging_mixin.py:190} INFO - [2026-02-13T13:10:13.149+0100] {dag.py:4180} INFO - Setting next_dagrun for dataset_s3_bucket_producer_with_no_taskflow to None, run_after=None
[2026-02-13T13:10:13.188+0100] {processor.py:208} INFO - Processing /home/gianotti/Documents/CryptoETL/.venv/lib/python3.12/site-packages/airflow/example_dags/example_dataset_alias_with_no_taskflow.py took 0.159 seconds
[2026-02-13T13:11:17.850+0100] {processor.py:186} INFO - Started process (PID=36750) to work on /home/gianotti/Documents/CryptoETL/.venv/lib/python3.12/site-packages/airflow/example_dags/example_dataset_alias_with_no_taskflow.py
[2026-02-13T13:11:17.853+0100] {processor.py:914} INFO - Processing file /home/gianotti/Documents/CryptoETL/.venv/lib/python3.12/site-packages/airflow/example_dags/example_dataset_alias_with_no_taskflow.py for tasks to queue
[2026-02-13T13:11:17.855+0100] {logging_mixin.py:190} INFO - [2026-02-13T13:11:17.854+0100] {dagbag.py:588} INFO - Filling up the DagBag from /home/gianotti/Documents/CryptoETL/.venv/lib/python3.12/site-packages/airflow/example_dags/example_dataset_alias_with_no_taskflow.py
[2026-02-13T13:11:17.891+0100] {processor.py:925} INFO - DAG(s) 'dataset_alias_example_alias_producer_with_no_taskflow', 'dataset_s3_bucket_consumer_with_no_taskflow', 'dataset_alias_example_alias_consumer_with_no_taskflow', 'dataset_s3_bucket_producer_with_no_taskflow' retrieved from /home/gianotti/Documents/CryptoETL/.venv/lib/python3.12/site-packages/airflow/example_dags/example_dataset_alias_with_no_taskflow.py
[2026-02-13T13:11:17.925+0100] {logging_mixin.py:190} INFO - [2026-02-13T13:11:17.925+0100] {dag.py:3239} INFO - Sync 4 DAGs
[2026-02-13T13:11:17.960+0100] {logging_mixin.py:190} INFO - [2026-02-13T13:11:17.960+0100] {dag.py:4180} INFO - Setting next_dagrun for dataset_alias_example_alias_consumer_with_no_taskflow to None, run_after=None
[2026-02-13T13:11:17.963+0100] {logging_mixin.py:190} INFO - [2026-02-13T13:11:17.963+0100] {dag.py:4180} INFO - Setting next_dagrun for dataset_alias_example_alias_producer_with_no_taskflow to None, run_after=None
[2026-02-13T13:11:17.965+0100] {logging_mixin.py:190} INFO - [2026-02-13T13:11:17.965+0100] {dag.py:4180} INFO - Setting next_dagrun for dataset_s3_bucket_consumer_with_no_taskflow to None, run_after=None
[2026-02-13T13:11:17.966+0100] {logging_mixin.py:190} INFO - [2026-02-13T13:11:17.966+0100] {dag.py:4180} INFO - Setting next_dagrun for dataset_s3_bucket_producer_with_no_taskflow to None, run_after=None
[2026-02-13T13:11:18.001+0100] {processor.py:208} INFO - Processing /home/gianotti/Documents/CryptoETL/.venv/lib/python3.12/site-packages/airflow/example_dags/example_dataset_alias_with_no_taskflow.py took 0.161 seconds
[2026-02-13T13:12:24.974+0100] {processor.py:186} INFO - Started process (PID=36874) to work on /home/gianotti/Documents/CryptoETL/.venv/lib/python3.12/site-packages/airflow/example_dags/example_dataset_alias_with_no_taskflow.py
[2026-02-13T13:12:24.975+0100] {processor.py:914} INFO - Processing file /home/gianotti/Documents/CryptoETL/.venv/lib/python3.12/site-packages/airflow/example_dags/example_dataset_alias_with_no_taskflow.py for tasks to queue
[2026-02-13T13:12:24.977+0100] {logging_mixin.py:190} INFO - [2026-02-13T13:12:24.976+0100] {dagbag.py:588} INFO - Filling up the DagBag from /home/gianotti/Documents/CryptoETL/.venv/lib/python3.12/site-packages/airflow/example_dags/example_dataset_alias_with_no_taskflow.py
[2026-02-13T13:12:25.012+0100] {processor.py:925} INFO - DAG(s) 'dataset_s3_bucket_consumer_with_no_taskflow', 'dataset_s3_bucket_producer_with_no_taskflow', 'dataset_alias_example_alias_consumer_with_no_taskflow', 'dataset_alias_example_alias_producer_with_no_taskflow' retrieved from /home/gianotti/Documents/CryptoETL/.venv/lib/python3.12/site-packages/airflow/example_dags/example_dataset_alias_with_no_taskflow.py
[2026-02-13T13:12:25.044+0100] {logging_mixin.py:190} INFO - [2026-02-13T13:12:25.044+0100] {dag.py:3239} INFO - Sync 4 DAGs
[2026-02-13T13:12:25.079+0100] {logging_mixin.py:190} INFO - [2026-02-13T13:12:25.079+0100] {dag.py:4180} INFO - Setting next_dagrun for dataset_alias_example_alias_consumer_with_no_taskflow to None, run_after=None
[2026-02-13T13:12:25.085+0100] {logging_mixin.py:190} INFO - [2026-02-13T13:12:25.084+0100] {dag.py:4180} INFO - Setting next_dagrun for dataset_alias_example_alias_producer_with_no_taskflow to None, run_after=None
[2026-02-13T13:12:25.086+0100] {logging_mixin.py:190} INFO - [2026-02-13T13:12:25.086+0100] {dag.py:4180} INFO - Setting next_dagrun for dataset_s3_bucket_consumer_with_no_taskflow to None, run_after=None
[2026-02-13T13:12:25.088+0100] {logging_mixin.py:190} INFO - [2026-02-13T13:12:25.087+0100] {dag.py:4180} INFO - Setting next_dagrun for dataset_s3_bucket_producer_with_no_taskflow to None, run_after=None
[2026-02-13T13:12:25.123+0100] {processor.py:208} INFO - Processing /home/gianotti/Documents/CryptoETL/.venv/lib/python3.12/site-packages/airflow/example_dags/example_dataset_alias_with_no_taskflow.py took 0.159 seconds
[2026-02-13T13:13:27.650+0100] {processor.py:186} INFO - Started process (PID=37000) to work on /home/gianotti/Documents/CryptoETL/.venv/lib/python3.12/site-packages/airflow/example_dags/example_dataset_alias_with_no_taskflow.py
[2026-02-13T13:13:27.653+0100] {processor.py:914} INFO - Processing file /home/gianotti/Documents/CryptoETL/.venv/lib/python3.12/site-packages/airflow/example_dags/example_dataset_alias_with_no_taskflow.py for tasks to queue
[2026-02-13T13:13:27.655+0100] {logging_mixin.py:190} INFO - [2026-02-13T13:13:27.654+0100] {dagbag.py:588} INFO - Filling up the DagBag from /home/gianotti/Documents/CryptoETL/.venv/lib/python3.12/site-packages/airflow/example_dags/example_dataset_alias_with_no_taskflow.py
[2026-02-13T13:13:27.692+0100] {processor.py:925} INFO - DAG(s) 'dataset_alias_example_alias_consumer_with_no_taskflow', 'dataset_alias_example_alias_producer_with_no_taskflow', 'dataset_s3_bucket_producer_with_no_taskflow', 'dataset_s3_bucket_consumer_with_no_taskflow' retrieved from /home/gianotti/Documents/CryptoETL/.venv/lib/python3.12/site-packages/airflow/example_dags/example_dataset_alias_with_no_taskflow.py
[2026-02-13T13:13:27.730+0100] {logging_mixin.py:190} INFO - [2026-02-13T13:13:27.730+0100] {dag.py:3239} INFO - Sync 4 DAGs
[2026-02-13T13:13:27.763+0100] {logging_mixin.py:190} INFO - [2026-02-13T13:13:27.763+0100] {dag.py:4180} INFO - Setting next_dagrun for dataset_alias_example_alias_consumer_with_no_taskflow to None, run_after=None
[2026-02-13T13:13:27.767+0100] {logging_mixin.py:190} INFO - [2026-02-13T13:13:27.766+0100] {dag.py:4180} INFO - Setting next_dagrun for dataset_alias_example_alias_producer_with_no_taskflow to None, run_after=None
[2026-02-13T13:13:27.768+0100] {logging_mixin.py:190} INFO - [2026-02-13T13:13:27.768+0100] {dag.py:4180} INFO - Setting next_dagrun for dataset_s3_bucket_consumer_with_no_taskflow to None, run_after=None
[2026-02-13T13:13:27.770+0100] {logging_mixin.py:190} INFO - [2026-02-13T13:13:27.770+0100] {dag.py:4180} INFO - Setting next_dagrun for dataset_s3_bucket_producer_with_no_taskflow to None, run_after=None
[2026-02-13T13:13:27.805+0100] {processor.py:208} INFO - Processing /home/gianotti/Documents/CryptoETL/.venv/lib/python3.12/site-packages/airflow/example_dags/example_dataset_alias_with_no_taskflow.py took 0.164 seconds
[2026-02-13T13:14:33.527+0100] {processor.py:186} INFO - Started process (PID=37154) to work on /home/gianotti/Documents/CryptoETL/.venv/lib/python3.12/site-packages/airflow/example_dags/example_dataset_alias_with_no_taskflow.py
[2026-02-13T13:14:33.531+0100] {processor.py:914} INFO - Processing file /home/gianotti/Documents/CryptoETL/.venv/lib/python3.12/site-packages/airflow/example_dags/example_dataset_alias_with_no_taskflow.py for tasks to queue
[2026-02-13T13:14:33.533+0100] {logging_mixin.py:190} INFO - [2026-02-13T13:14:33.532+0100] {dagbag.py:588} INFO - Filling up the DagBag from /home/gianotti/Documents/CryptoETL/.venv/lib/python3.12/site-packages/airflow/example_dags/example_dataset_alias_with_no_taskflow.py
[2026-02-13T13:14:33.571+0100] {processor.py:925} INFO - DAG(s) 'dataset_s3_bucket_producer_with_no_taskflow', 'dataset_alias_example_alias_consumer_with_no_taskflow', 'dataset_alias_example_alias_producer_with_no_taskflow', 'dataset_s3_bucket_consumer_with_no_taskflow' retrieved from /home/gianotti/Documents/CryptoETL/.venv/lib/python3.12/site-packages/airflow/example_dags/example_dataset_alias_with_no_taskflow.py
[2026-02-13T13:14:33.604+0100] {logging_mixin.py:190} INFO - [2026-02-13T13:14:33.604+0100] {dag.py:3239} INFO - Sync 4 DAGs
[2026-02-13T13:14:33.637+0100] {logging_mixin.py:190} INFO - [2026-02-13T13:14:33.637+0100] {dag.py:4180} INFO - Setting next_dagrun for dataset_alias_example_alias_consumer_with_no_taskflow to None, run_after=None
[2026-02-13T13:14:33.640+0100] {logging_mixin.py:190} INFO - [2026-02-13T13:14:33.640+0100] {dag.py:4180} INFO - Setting next_dagrun for dataset_alias_example_alias_producer_with_no_taskflow to None, run_after=None
[2026-02-13T13:14:33.642+0100] {logging_mixin.py:190} INFO - [2026-02-13T13:14:33.642+0100] {dag.py:4180} INFO - Setting next_dagrun for dataset_s3_bucket_consumer_with_no_taskflow to None, run_after=None
[2026-02-13T13:14:33.643+0100] {logging_mixin.py:190} INFO - [2026-02-13T13:14:33.643+0100] {dag.py:4180} INFO - Setting next_dagrun for dataset_s3_bucket_producer_with_no_taskflow to None, run_after=None
[2026-02-13T13:14:33.678+0100] {processor.py:208} INFO - Processing /home/gianotti/Documents/CryptoETL/.venv/lib/python3.12/site-packages/airflow/example_dags/example_dataset_alias_with_no_taskflow.py took 0.161 seconds
[2026-02-13T13:15:39.172+0100] {processor.py:186} INFO - Started process (PID=37268) to work on /home/gianotti/Documents/CryptoETL/.venv/lib/python3.12/site-packages/airflow/example_dags/example_dataset_alias_with_no_taskflow.py
[2026-02-13T13:15:39.174+0100] {processor.py:914} INFO - Processing file /home/gianotti/Documents/CryptoETL/.venv/lib/python3.12/site-packages/airflow/example_dags/example_dataset_alias_with_no_taskflow.py for tasks to queue
[2026-02-13T13:15:39.176+0100] {logging_mixin.py:190} INFO - [2026-02-13T13:15:39.176+0100] {dagbag.py:588} INFO - Filling up the DagBag from /home/gianotti/Documents/CryptoETL/.venv/lib/python3.12/site-packages/airflow/example_dags/example_dataset_alias_with_no_taskflow.py
[2026-02-13T13:15:39.213+0100] {processor.py:925} INFO - DAG(s) 'dataset_s3_bucket_producer_with_no_taskflow', 'dataset_alias_example_alias_consumer_with_no_taskflow', 'dataset_s3_bucket_consumer_with_no_taskflow', 'dataset_alias_example_alias_producer_with_no_taskflow' retrieved from /home/gianotti/Documents/CryptoETL/.venv/lib/python3.12/site-packages/airflow/example_dags/example_dataset_alias_with_no_taskflow.py
[2026-02-13T13:15:39.249+0100] {logging_mixin.py:190} INFO - [2026-02-13T13:15:39.248+0100] {dag.py:3239} INFO - Sync 4 DAGs
[2026-02-13T13:15:39.285+0100] {logging_mixin.py:190} INFO - [2026-02-13T13:15:39.284+0100] {dag.py:4180} INFO - Setting next_dagrun for dataset_alias_example_alias_consumer_with_no_taskflow to None, run_after=None
[2026-02-13T13:15:39.288+0100] {logging_mixin.py:190} INFO - [2026-02-13T13:15:39.288+0100] {dag.py:4180} INFO - Setting next_dagrun for dataset_alias_example_alias_producer_with_no_taskflow to None, run_after=None
[2026-02-13T13:15:39.290+0100] {logging_mixin.py:190} INFO - [2026-02-13T13:15:39.290+0100] {dag.py:4180} INFO - Setting next_dagrun for dataset_s3_bucket_consumer_with_no_taskflow to None, run_after=None
[2026-02-13T13:15:39.291+0100] {logging_mixin.py:190} INFO - [2026-02-13T13:15:39.291+0100] {dag.py:4180} INFO - Setting next_dagrun for dataset_s3_bucket_producer_with_no_taskflow to None, run_after=None
[2026-02-13T13:15:39.334+0100] {processor.py:208} INFO - Processing /home/gianotti/Documents/CryptoETL/.venv/lib/python3.12/site-packages/airflow/example_dags/example_dataset_alias_with_no_taskflow.py took 0.170 seconds
[2026-02-13T13:16:45.230+0100] {processor.py:186} INFO - Started process (PID=37457) to work on /home/gianotti/Documents/CryptoETL/.venv/lib/python3.12/site-packages/airflow/example_dags/example_dataset_alias_with_no_taskflow.py
[2026-02-13T13:16:45.233+0100] {processor.py:914} INFO - Processing file /home/gianotti/Documents/CryptoETL/.venv/lib/python3.12/site-packages/airflow/example_dags/example_dataset_alias_with_no_taskflow.py for tasks to queue
[2026-02-13T13:16:45.235+0100] {logging_mixin.py:190} INFO - [2026-02-13T13:16:45.235+0100] {dagbag.py:588} INFO - Filling up the DagBag from /home/gianotti/Documents/CryptoETL/.venv/lib/python3.12/site-packages/airflow/example_dags/example_dataset_alias_with_no_taskflow.py
[2026-02-13T13:16:45.271+0100] {processor.py:925} INFO - DAG(s) 'dataset_s3_bucket_consumer_with_no_taskflow', 'dataset_s3_bucket_producer_with_no_taskflow', 'dataset_alias_example_alias_consumer_with_no_taskflow', 'dataset_alias_example_alias_producer_with_no_taskflow' retrieved from /home/gianotti/Documents/CryptoETL/.venv/lib/python3.12/site-packages/airflow/example_dags/example_dataset_alias_with_no_taskflow.py
[2026-02-13T13:16:45.302+0100] {logging_mixin.py:190} INFO - [2026-02-13T13:16:45.302+0100] {dag.py:3239} INFO - Sync 4 DAGs
[2026-02-13T13:16:45.335+0100] {logging_mixin.py:190} INFO - [2026-02-13T13:16:45.334+0100] {dag.py:4180} INFO - Setting next_dagrun for dataset_alias_example_alias_consumer_with_no_taskflow to None, run_after=None
[2026-02-13T13:16:45.338+0100] {logging_mixin.py:190} INFO - [2026-02-13T13:16:45.338+0100] {dag.py:4180} INFO - Setting next_dagrun for dataset_alias_example_alias_producer_with_no_taskflow to None, run_after=None
[2026-02-13T13:16:45.339+0100] {logging_mixin.py:190} INFO - [2026-02-13T13:16:45.339+0100] {dag.py:4180} INFO - Setting next_dagrun for dataset_s3_bucket_consumer_with_no_taskflow to None, run_after=None
[2026-02-13T13:16:45.341+0100] {logging_mixin.py:190} INFO - [2026-02-13T13:16:45.341+0100] {dag.py:4180} INFO - Setting next_dagrun for dataset_s3_bucket_producer_with_no_taskflow to None, run_after=None
[2026-02-13T13:16:45.376+0100] {processor.py:208} INFO - Processing /home/gianotti/Documents/CryptoETL/.venv/lib/python3.12/site-packages/airflow/example_dags/example_dataset_alias_with_no_taskflow.py took 0.156 seconds
[2026-02-13T13:17:51.193+0100] {processor.py:186} INFO - Started process (PID=37571) to work on /home/gianotti/Documents/CryptoETL/.venv/lib/python3.12/site-packages/airflow/example_dags/example_dataset_alias_with_no_taskflow.py
[2026-02-13T13:17:51.195+0100] {processor.py:914} INFO - Processing file /home/gianotti/Documents/CryptoETL/.venv/lib/python3.12/site-packages/airflow/example_dags/example_dataset_alias_with_no_taskflow.py for tasks to queue
[2026-02-13T13:17:51.196+0100] {logging_mixin.py:190} INFO - [2026-02-13T13:17:51.196+0100] {dagbag.py:588} INFO - Filling up the DagBag from /home/gianotti/Documents/CryptoETL/.venv/lib/python3.12/site-packages/airflow/example_dags/example_dataset_alias_with_no_taskflow.py
[2026-02-13T13:17:51.229+0100] {processor.py:925} INFO - DAG(s) 'dataset_alias_example_alias_consumer_with_no_taskflow', 'dataset_s3_bucket_producer_with_no_taskflow', 'dataset_alias_example_alias_producer_with_no_taskflow', 'dataset_s3_bucket_consumer_with_no_taskflow' retrieved from /home/gianotti/Documents/CryptoETL/.venv/lib/python3.12/site-packages/airflow/example_dags/example_dataset_alias_with_no_taskflow.py
[2026-02-13T13:17:51.260+0100] {logging_mixin.py:190} INFO - [2026-02-13T13:17:51.260+0100] {dag.py:3239} INFO - Sync 4 DAGs
[2026-02-13T13:17:51.292+0100] {logging_mixin.py:190} INFO - [2026-02-13T13:17:51.292+0100] {dag.py:4180} INFO - Setting next_dagrun for dataset_alias_example_alias_consumer_with_no_taskflow to None, run_after=None
[2026-02-13T13:17:51.296+0100] {logging_mixin.py:190} INFO - [2026-02-13T13:17:51.296+0100] {dag.py:4180} INFO - Setting next_dagrun for dataset_alias_example_alias_producer_with_no_taskflow to None, run_after=None
[2026-02-13T13:17:51.298+0100] {logging_mixin.py:190} INFO - [2026-02-13T13:17:51.297+0100] {dag.py:4180} INFO - Setting next_dagrun for dataset_s3_bucket_consumer_with_no_taskflow to None, run_after=None
[2026-02-13T13:17:51.299+0100] {logging_mixin.py:190} INFO - [2026-02-13T13:17:51.299+0100] {dag.py:4180} INFO - Setting next_dagrun for dataset_s3_bucket_producer_with_no_taskflow to None, run_after=None
[2026-02-13T13:17:51.337+0100] {processor.py:208} INFO - Processing /home/gianotti/Documents/CryptoETL/.venv/lib/python3.12/site-packages/airflow/example_dags/example_dataset_alias_with_no_taskflow.py took 0.152 seconds
[2026-02-13T13:18:56.670+0100] {processor.py:186} INFO - Started process (PID=37680) to work on /home/gianotti/Documents/CryptoETL/.venv/lib/python3.12/site-packages/airflow/example_dags/example_dataset_alias_with_no_taskflow.py
[2026-02-13T13:18:56.673+0100] {processor.py:914} INFO - Processing file /home/gianotti/Documents/CryptoETL/.venv/lib/python3.12/site-packages/airflow/example_dags/example_dataset_alias_with_no_taskflow.py for tasks to queue
[2026-02-13T13:18:56.675+0100] {logging_mixin.py:190} INFO - [2026-02-13T13:18:56.675+0100] {dagbag.py:588} INFO - Filling up the DagBag from /home/gianotti/Documents/CryptoETL/.venv/lib/python3.12/site-packages/airflow/example_dags/example_dataset_alias_with_no_taskflow.py
[2026-02-13T13:18:56.712+0100] {processor.py:925} INFO - DAG(s) 'dataset_s3_bucket_producer_with_no_taskflow', 'dataset_s3_bucket_consumer_with_no_taskflow', 'dataset_alias_example_alias_consumer_with_no_taskflow', 'dataset_alias_example_alias_producer_with_no_taskflow' retrieved from /home/gianotti/Documents/CryptoETL/.venv/lib/python3.12/site-packages/airflow/example_dags/example_dataset_alias_with_no_taskflow.py
[2026-02-13T13:18:56.744+0100] {logging_mixin.py:190} INFO - [2026-02-13T13:18:56.744+0100] {dag.py:3239} INFO - Sync 4 DAGs
[2026-02-13T13:18:56.779+0100] {logging_mixin.py:190} INFO - [2026-02-13T13:18:56.779+0100] {dag.py:4180} INFO - Setting next_dagrun for dataset_alias_example_alias_consumer_with_no_taskflow to None, run_after=None
[2026-02-13T13:18:56.783+0100] {logging_mixin.py:190} INFO - [2026-02-13T13:18:56.783+0100] {dag.py:4180} INFO - Setting next_dagrun for dataset_alias_example_alias_producer_with_no_taskflow to None, run_after=None
[2026-02-13T13:18:56.785+0100] {logging_mixin.py:190} INFO - [2026-02-13T13:18:56.784+0100] {dag.py:4180} INFO - Setting next_dagrun for dataset_s3_bucket_consumer_with_no_taskflow to None, run_after=None
[2026-02-13T13:18:56.786+0100] {logging_mixin.py:190} INFO - [2026-02-13T13:18:56.786+0100] {dag.py:4180} INFO - Setting next_dagrun for dataset_s3_bucket_producer_with_no_taskflow to None, run_after=None
[2026-02-13T13:18:56.823+0100] {processor.py:208} INFO - Processing /home/gianotti/Documents/CryptoETL/.venv/lib/python3.12/site-packages/airflow/example_dags/example_dataset_alias_with_no_taskflow.py took 0.162 seconds
[2026-02-13T13:20:01.572+0100] {processor.py:186} INFO - Started process (PID=37757) to work on /home/gianotti/Documents/CryptoETL/.venv/lib/python3.12/site-packages/airflow/example_dags/example_dataset_alias_with_no_taskflow.py
[2026-02-13T13:20:01.575+0100] {processor.py:914} INFO - Processing file /home/gianotti/Documents/CryptoETL/.venv/lib/python3.12/site-packages/airflow/example_dags/example_dataset_alias_with_no_taskflow.py for tasks to queue
[2026-02-13T13:20:01.577+0100] {logging_mixin.py:190} INFO - [2026-02-13T13:20:01.576+0100] {dagbag.py:588} INFO - Filling up the DagBag from /home/gianotti/Documents/CryptoETL/.venv/lib/python3.12/site-packages/airflow/example_dags/example_dataset_alias_with_no_taskflow.py
[2026-02-13T13:20:01.617+0100] {processor.py:925} INFO - DAG(s) 'dataset_s3_bucket_consumer_with_no_taskflow', 'dataset_alias_example_alias_producer_with_no_taskflow', 'dataset_s3_bucket_producer_with_no_taskflow', 'dataset_alias_example_alias_consumer_with_no_taskflow' retrieved from /home/gianotti/Documents/CryptoETL/.venv/lib/python3.12/site-packages/airflow/example_dags/example_dataset_alias_with_no_taskflow.py
[2026-02-13T13:20:01.658+0100] {logging_mixin.py:190} INFO - [2026-02-13T13:20:01.658+0100] {dag.py:3239} INFO - Sync 4 DAGs
[2026-02-13T13:20:01.693+0100] {logging_mixin.py:190} INFO - [2026-02-13T13:20:01.692+0100] {dag.py:4180} INFO - Setting next_dagrun for dataset_alias_example_alias_consumer_with_no_taskflow to None, run_after=None
[2026-02-13T13:20:01.697+0100] {logging_mixin.py:190} INFO - [2026-02-13T13:20:01.697+0100] {dag.py:4180} INFO - Setting next_dagrun for dataset_alias_example_alias_producer_with_no_taskflow to None, run_after=None
[2026-02-13T13:20:01.698+0100] {logging_mixin.py:190} INFO - [2026-02-13T13:20:01.698+0100] {dag.py:4180} INFO - Setting next_dagrun for dataset_s3_bucket_consumer_with_no_taskflow to None, run_after=None
[2026-02-13T13:20:01.700+0100] {logging_mixin.py:190} INFO - [2026-02-13T13:20:01.700+0100] {dag.py:4180} INFO - Setting next_dagrun for dataset_s3_bucket_producer_with_no_taskflow to None, run_after=None
[2026-02-13T13:20:01.739+0100] {processor.py:208} INFO - Processing /home/gianotti/Documents/CryptoETL/.venv/lib/python3.12/site-packages/airflow/example_dags/example_dataset_alias_with_no_taskflow.py took 0.178 seconds
