[2026-02-13T12:55:37.964+0100] {processor.py:186} INFO - Started process (PID=34968) to work on /home/gianotti/Documents/CryptoETL/.venv/lib/python3.12/site-packages/airflow/example_dags/example_local_kubernetes_executor.py
[2026-02-13T12:55:37.965+0100] {processor.py:914} INFO - Processing file /home/gianotti/Documents/CryptoETL/.venv/lib/python3.12/site-packages/airflow/example_dags/example_local_kubernetes_executor.py for tasks to queue
[2026-02-13T12:55:37.969+0100] {logging_mixin.py:190} INFO - [2026-02-13T12:55:37.968+0100] {dagbag.py:588} INFO - Filling up the DagBag from /home/gianotti/Documents/CryptoETL/.venv/lib/python3.12/site-packages/airflow/example_dags/example_local_kubernetes_executor.py
[2026-02-13T12:55:37.976+0100] {logging_mixin.py:190} INFO - [2026-02-13T12:55:37.975+0100] {example_local_kubernetes_executor.py:40} WARNING - Could not import DAGs in example_local_kubernetes_executor.py
Traceback (most recent call last):
  File "/home/gianotti/Documents/CryptoETL/.venv/lib/python3.12/site-packages/airflow/example_dags/example_local_kubernetes_executor.py", line 38, in <module>
    from kubernetes.client import models as k8s
ModuleNotFoundError: No module named 'kubernetes'
[2026-02-13T12:55:37.977+0100] {logging_mixin.py:190} INFO - [2026-02-13T12:55:37.977+0100] {example_local_kubernetes_executor.py:41} WARNING - Install Kubernetes dependencies with: pip install apache-airflow[cncf.kubernetes]
[2026-02-13T12:55:37.977+0100] {processor.py:927} WARNING - No viable dags retrieved from /home/gianotti/Documents/CryptoETL/.venv/lib/python3.12/site-packages/airflow/example_dags/example_local_kubernetes_executor.py
[2026-02-13T12:55:37.996+0100] {processor.py:208} INFO - Processing /home/gianotti/Documents/CryptoETL/.venv/lib/python3.12/site-packages/airflow/example_dags/example_local_kubernetes_executor.py took 0.041 seconds
[2026-02-13T12:56:43.498+0100] {processor.py:186} INFO - Started process (PID=35095) to work on /home/gianotti/Documents/CryptoETL/.venv/lib/python3.12/site-packages/airflow/example_dags/example_local_kubernetes_executor.py
[2026-02-13T12:56:43.500+0100] {processor.py:914} INFO - Processing file /home/gianotti/Documents/CryptoETL/.venv/lib/python3.12/site-packages/airflow/example_dags/example_local_kubernetes_executor.py for tasks to queue
[2026-02-13T12:56:43.503+0100] {logging_mixin.py:190} INFO - [2026-02-13T12:56:43.502+0100] {dagbag.py:588} INFO - Filling up the DagBag from /home/gianotti/Documents/CryptoETL/.venv/lib/python3.12/site-packages/airflow/example_dags/example_local_kubernetes_executor.py
[2026-02-13T12:56:43.508+0100] {logging_mixin.py:190} INFO - [2026-02-13T12:56:43.507+0100] {example_local_kubernetes_executor.py:40} WARNING - Could not import DAGs in example_local_kubernetes_executor.py
Traceback (most recent call last):
  File "/home/gianotti/Documents/CryptoETL/.venv/lib/python3.12/site-packages/airflow/example_dags/example_local_kubernetes_executor.py", line 38, in <module>
    from kubernetes.client import models as k8s
ModuleNotFoundError: No module named 'kubernetes'
[2026-02-13T12:56:43.509+0100] {logging_mixin.py:190} INFO - [2026-02-13T12:56:43.508+0100] {example_local_kubernetes_executor.py:41} WARNING - Install Kubernetes dependencies with: pip install apache-airflow[cncf.kubernetes]
[2026-02-13T12:56:43.509+0100] {processor.py:927} WARNING - No viable dags retrieved from /home/gianotti/Documents/CryptoETL/.venv/lib/python3.12/site-packages/airflow/example_dags/example_local_kubernetes_executor.py
[2026-02-13T12:56:43.524+0100] {processor.py:208} INFO - Processing /home/gianotti/Documents/CryptoETL/.venv/lib/python3.12/site-packages/airflow/example_dags/example_local_kubernetes_executor.py took 0.035 seconds
[2026-02-13T12:57:40.674+0100] {processor.py:186} INFO - Started process (PID=35205) to work on /home/gianotti/Documents/CryptoETL/.venv/lib/python3.12/site-packages/airflow/example_dags/example_local_kubernetes_executor.py
[2026-02-13T12:57:40.677+0100] {processor.py:914} INFO - Processing file /home/gianotti/Documents/CryptoETL/.venv/lib/python3.12/site-packages/airflow/example_dags/example_local_kubernetes_executor.py for tasks to queue
[2026-02-13T12:57:40.680+0100] {logging_mixin.py:190} INFO - [2026-02-13T12:57:40.680+0100] {dagbag.py:588} INFO - Filling up the DagBag from /home/gianotti/Documents/CryptoETL/.venv/lib/python3.12/site-packages/airflow/example_dags/example_local_kubernetes_executor.py
[2026-02-13T12:57:40.686+0100] {logging_mixin.py:190} INFO - [2026-02-13T12:57:40.685+0100] {example_local_kubernetes_executor.py:40} WARNING - Could not import DAGs in example_local_kubernetes_executor.py
Traceback (most recent call last):
  File "/home/gianotti/Documents/CryptoETL/.venv/lib/python3.12/site-packages/airflow/example_dags/example_local_kubernetes_executor.py", line 38, in <module>
    from kubernetes.client import models as k8s
ModuleNotFoundError: No module named 'kubernetes'
[2026-02-13T12:57:40.686+0100] {logging_mixin.py:190} INFO - [2026-02-13T12:57:40.686+0100] {example_local_kubernetes_executor.py:41} WARNING - Install Kubernetes dependencies with: pip install apache-airflow[cncf.kubernetes]
[2026-02-13T12:57:40.687+0100] {processor.py:927} WARNING - No viable dags retrieved from /home/gianotti/Documents/CryptoETL/.venv/lib/python3.12/site-packages/airflow/example_dags/example_local_kubernetes_executor.py
[2026-02-13T12:57:40.702+0100] {processor.py:208} INFO - Processing /home/gianotti/Documents/CryptoETL/.venv/lib/python3.12/site-packages/airflow/example_dags/example_local_kubernetes_executor.py took 0.036 seconds
[2026-02-13T12:58:38.834+0100] {processor.py:186} INFO - Started process (PID=35343) to work on /home/gianotti/Documents/CryptoETL/.venv/lib/python3.12/site-packages/airflow/example_dags/example_local_kubernetes_executor.py
[2026-02-13T12:58:38.836+0100] {processor.py:914} INFO - Processing file /home/gianotti/Documents/CryptoETL/.venv/lib/python3.12/site-packages/airflow/example_dags/example_local_kubernetes_executor.py for tasks to queue
[2026-02-13T12:58:38.839+0100] {logging_mixin.py:190} INFO - [2026-02-13T12:58:38.839+0100] {dagbag.py:588} INFO - Filling up the DagBag from /home/gianotti/Documents/CryptoETL/.venv/lib/python3.12/site-packages/airflow/example_dags/example_local_kubernetes_executor.py
[2026-02-13T12:58:38.845+0100] {logging_mixin.py:190} INFO - [2026-02-13T12:58:38.844+0100] {example_local_kubernetes_executor.py:40} WARNING - Could not import DAGs in example_local_kubernetes_executor.py
Traceback (most recent call last):
  File "/home/gianotti/Documents/CryptoETL/.venv/lib/python3.12/site-packages/airflow/example_dags/example_local_kubernetes_executor.py", line 38, in <module>
    from kubernetes.client import models as k8s
ModuleNotFoundError: No module named 'kubernetes'
[2026-02-13T12:58:38.846+0100] {logging_mixin.py:190} INFO - [2026-02-13T12:58:38.846+0100] {example_local_kubernetes_executor.py:41} WARNING - Install Kubernetes dependencies with: pip install apache-airflow[cncf.kubernetes]
[2026-02-13T12:58:38.846+0100] {processor.py:927} WARNING - No viable dags retrieved from /home/gianotti/Documents/CryptoETL/.venv/lib/python3.12/site-packages/airflow/example_dags/example_local_kubernetes_executor.py
[2026-02-13T12:58:38.863+0100] {processor.py:208} INFO - Processing /home/gianotti/Documents/CryptoETL/.venv/lib/python3.12/site-packages/airflow/example_dags/example_local_kubernetes_executor.py took 0.038 seconds
[2026-02-13T12:59:34.485+0100] {processor.py:186} INFO - Started process (PID=35457) to work on /home/gianotti/Documents/CryptoETL/.venv/lib/python3.12/site-packages/airflow/example_dags/example_local_kubernetes_executor.py
[2026-02-13T12:59:34.487+0100] {processor.py:914} INFO - Processing file /home/gianotti/Documents/CryptoETL/.venv/lib/python3.12/site-packages/airflow/example_dags/example_local_kubernetes_executor.py for tasks to queue
[2026-02-13T12:59:34.491+0100] {logging_mixin.py:190} INFO - [2026-02-13T12:59:34.490+0100] {dagbag.py:588} INFO - Filling up the DagBag from /home/gianotti/Documents/CryptoETL/.venv/lib/python3.12/site-packages/airflow/example_dags/example_local_kubernetes_executor.py
[2026-02-13T12:59:34.497+0100] {logging_mixin.py:190} INFO - [2026-02-13T12:59:34.496+0100] {example_local_kubernetes_executor.py:40} WARNING - Could not import DAGs in example_local_kubernetes_executor.py
Traceback (most recent call last):
  File "/home/gianotti/Documents/CryptoETL/.venv/lib/python3.12/site-packages/airflow/example_dags/example_local_kubernetes_executor.py", line 38, in <module>
    from kubernetes.client import models as k8s
ModuleNotFoundError: No module named 'kubernetes'
[2026-02-13T12:59:34.498+0100] {logging_mixin.py:190} INFO - [2026-02-13T12:59:34.498+0100] {example_local_kubernetes_executor.py:41} WARNING - Install Kubernetes dependencies with: pip install apache-airflow[cncf.kubernetes]
[2026-02-13T12:59:34.498+0100] {processor.py:927} WARNING - No viable dags retrieved from /home/gianotti/Documents/CryptoETL/.venv/lib/python3.12/site-packages/airflow/example_dags/example_local_kubernetes_executor.py
[2026-02-13T12:59:34.514+0100] {processor.py:208} INFO - Processing /home/gianotti/Documents/CryptoETL/.venv/lib/python3.12/site-packages/airflow/example_dags/example_local_kubernetes_executor.py took 0.038 seconds
[2026-02-13T13:00:32.583+0100] {processor.py:186} INFO - Started process (PID=35564) to work on /home/gianotti/Documents/CryptoETL/.venv/lib/python3.12/site-packages/airflow/example_dags/example_local_kubernetes_executor.py
[2026-02-13T13:00:32.585+0100] {processor.py:914} INFO - Processing file /home/gianotti/Documents/CryptoETL/.venv/lib/python3.12/site-packages/airflow/example_dags/example_local_kubernetes_executor.py for tasks to queue
[2026-02-13T13:00:32.587+0100] {logging_mixin.py:190} INFO - [2026-02-13T13:00:32.587+0100] {dagbag.py:588} INFO - Filling up the DagBag from /home/gianotti/Documents/CryptoETL/.venv/lib/python3.12/site-packages/airflow/example_dags/example_local_kubernetes_executor.py
[2026-02-13T13:00:32.593+0100] {logging_mixin.py:190} INFO - [2026-02-13T13:00:32.592+0100] {example_local_kubernetes_executor.py:40} WARNING - Could not import DAGs in example_local_kubernetes_executor.py
Traceback (most recent call last):
  File "/home/gianotti/Documents/CryptoETL/.venv/lib/python3.12/site-packages/airflow/example_dags/example_local_kubernetes_executor.py", line 38, in <module>
    from kubernetes.client import models as k8s
ModuleNotFoundError: No module named 'kubernetes'
[2026-02-13T13:00:32.594+0100] {logging_mixin.py:190} INFO - [2026-02-13T13:00:32.594+0100] {example_local_kubernetes_executor.py:41} WARNING - Install Kubernetes dependencies with: pip install apache-airflow[cncf.kubernetes]
[2026-02-13T13:00:32.594+0100] {processor.py:927} WARNING - No viable dags retrieved from /home/gianotti/Documents/CryptoETL/.venv/lib/python3.12/site-packages/airflow/example_dags/example_local_kubernetes_executor.py
[2026-02-13T13:00:32.611+0100] {processor.py:208} INFO - Processing /home/gianotti/Documents/CryptoETL/.venv/lib/python3.12/site-packages/airflow/example_dags/example_local_kubernetes_executor.py took 0.037 seconds
[2026-02-13T13:01:32.416+0100] {processor.py:186} INFO - Started process (PID=35686) to work on /home/gianotti/Documents/CryptoETL/.venv/lib/python3.12/site-packages/airflow/example_dags/example_local_kubernetes_executor.py
[2026-02-13T13:01:32.416+0100] {processor.py:914} INFO - Processing file /home/gianotti/Documents/CryptoETL/.venv/lib/python3.12/site-packages/airflow/example_dags/example_local_kubernetes_executor.py for tasks to queue
[2026-02-13T13:01:32.418+0100] {logging_mixin.py:190} INFO - [2026-02-13T13:01:32.417+0100] {dagbag.py:588} INFO - Filling up the DagBag from /home/gianotti/Documents/CryptoETL/.venv/lib/python3.12/site-packages/airflow/example_dags/example_local_kubernetes_executor.py
[2026-02-13T13:01:32.420+0100] {logging_mixin.py:190} INFO - [2026-02-13T13:01:32.420+0100] {example_local_kubernetes_executor.py:40} WARNING - Could not import DAGs in example_local_kubernetes_executor.py
Traceback (most recent call last):
  File "/home/gianotti/Documents/CryptoETL/.venv/lib/python3.12/site-packages/airflow/example_dags/example_local_kubernetes_executor.py", line 38, in <module>
    from kubernetes.client import models as k8s
ModuleNotFoundError: No module named 'kubernetes'
[2026-02-13T13:01:32.421+0100] {logging_mixin.py:190} INFO - [2026-02-13T13:01:32.420+0100] {example_local_kubernetes_executor.py:41} WARNING - Install Kubernetes dependencies with: pip install apache-airflow[cncf.kubernetes]
[2026-02-13T13:01:32.421+0100] {processor.py:927} WARNING - No viable dags retrieved from /home/gianotti/Documents/CryptoETL/.venv/lib/python3.12/site-packages/airflow/example_dags/example_local_kubernetes_executor.py
[2026-02-13T13:01:32.428+0100] {processor.py:208} INFO - Processing /home/gianotti/Documents/CryptoETL/.venv/lib/python3.12/site-packages/airflow/example_dags/example_local_kubernetes_executor.py took 0.018 seconds
[2026-02-13T13:02:31.624+0100] {processor.py:186} INFO - Started process (PID=35815) to work on /home/gianotti/Documents/CryptoETL/.venv/lib/python3.12/site-packages/airflow/example_dags/example_local_kubernetes_executor.py
[2026-02-13T13:02:31.626+0100] {processor.py:914} INFO - Processing file /home/gianotti/Documents/CryptoETL/.venv/lib/python3.12/site-packages/airflow/example_dags/example_local_kubernetes_executor.py for tasks to queue
[2026-02-13T13:02:31.627+0100] {logging_mixin.py:190} INFO - [2026-02-13T13:02:31.627+0100] {dagbag.py:588} INFO - Filling up the DagBag from /home/gianotti/Documents/CryptoETL/.venv/lib/python3.12/site-packages/airflow/example_dags/example_local_kubernetes_executor.py
[2026-02-13T13:02:31.630+0100] {logging_mixin.py:190} INFO - [2026-02-13T13:02:31.629+0100] {example_local_kubernetes_executor.py:40} WARNING - Could not import DAGs in example_local_kubernetes_executor.py
Traceback (most recent call last):
  File "/home/gianotti/Documents/CryptoETL/.venv/lib/python3.12/site-packages/airflow/example_dags/example_local_kubernetes_executor.py", line 38, in <module>
    from kubernetes.client import models as k8s
ModuleNotFoundError: No module named 'kubernetes'
[2026-02-13T13:02:31.630+0100] {logging_mixin.py:190} INFO - [2026-02-13T13:02:31.630+0100] {example_local_kubernetes_executor.py:41} WARNING - Install Kubernetes dependencies with: pip install apache-airflow[cncf.kubernetes]
[2026-02-13T13:02:31.630+0100] {processor.py:927} WARNING - No viable dags retrieved from /home/gianotti/Documents/CryptoETL/.venv/lib/python3.12/site-packages/airflow/example_dags/example_local_kubernetes_executor.py
[2026-02-13T13:02:31.639+0100] {processor.py:208} INFO - Processing /home/gianotti/Documents/CryptoETL/.venv/lib/python3.12/site-packages/airflow/example_dags/example_local_kubernetes_executor.py took 0.019 seconds
[2026-02-13T13:03:27.093+0100] {processor.py:186} INFO - Started process (PID=35935) to work on /home/gianotti/Documents/CryptoETL/.venv/lib/python3.12/site-packages/airflow/example_dags/example_local_kubernetes_executor.py
[2026-02-13T13:03:27.095+0100] {processor.py:914} INFO - Processing file /home/gianotti/Documents/CryptoETL/.venv/lib/python3.12/site-packages/airflow/example_dags/example_local_kubernetes_executor.py for tasks to queue
[2026-02-13T13:03:27.097+0100] {logging_mixin.py:190} INFO - [2026-02-13T13:03:27.096+0100] {dagbag.py:588} INFO - Filling up the DagBag from /home/gianotti/Documents/CryptoETL/.venv/lib/python3.12/site-packages/airflow/example_dags/example_local_kubernetes_executor.py
[2026-02-13T13:03:27.102+0100] {logging_mixin.py:190} INFO - [2026-02-13T13:03:27.101+0100] {example_local_kubernetes_executor.py:40} WARNING - Could not import DAGs in example_local_kubernetes_executor.py
Traceback (most recent call last):
  File "/home/gianotti/Documents/CryptoETL/.venv/lib/python3.12/site-packages/airflow/example_dags/example_local_kubernetes_executor.py", line 38, in <module>
    from kubernetes.client import models as k8s
ModuleNotFoundError: No module named 'kubernetes'
[2026-02-13T13:03:27.102+0100] {logging_mixin.py:190} INFO - [2026-02-13T13:03:27.102+0100] {example_local_kubernetes_executor.py:41} WARNING - Install Kubernetes dependencies with: pip install apache-airflow[cncf.kubernetes]
[2026-02-13T13:03:27.103+0100] {processor.py:927} WARNING - No viable dags retrieved from /home/gianotti/Documents/CryptoETL/.venv/lib/python3.12/site-packages/airflow/example_dags/example_local_kubernetes_executor.py
[2026-02-13T13:03:27.118+0100] {processor.py:208} INFO - Processing /home/gianotti/Documents/CryptoETL/.venv/lib/python3.12/site-packages/airflow/example_dags/example_local_kubernetes_executor.py took 0.034 seconds
[2026-02-13T13:04:27.303+0100] {processor.py:186} INFO - Started process (PID=36065) to work on /home/gianotti/Documents/CryptoETL/.venv/lib/python3.12/site-packages/airflow/example_dags/example_local_kubernetes_executor.py
[2026-02-13T13:04:27.305+0100] {processor.py:914} INFO - Processing file /home/gianotti/Documents/CryptoETL/.venv/lib/python3.12/site-packages/airflow/example_dags/example_local_kubernetes_executor.py for tasks to queue
[2026-02-13T13:04:27.307+0100] {logging_mixin.py:190} INFO - [2026-02-13T13:04:27.307+0100] {dagbag.py:588} INFO - Filling up the DagBag from /home/gianotti/Documents/CryptoETL/.venv/lib/python3.12/site-packages/airflow/example_dags/example_local_kubernetes_executor.py
[2026-02-13T13:04:27.313+0100] {logging_mixin.py:190} INFO - [2026-02-13T13:04:27.312+0100] {example_local_kubernetes_executor.py:40} WARNING - Could not import DAGs in example_local_kubernetes_executor.py
Traceback (most recent call last):
  File "/home/gianotti/Documents/CryptoETL/.venv/lib/python3.12/site-packages/airflow/example_dags/example_local_kubernetes_executor.py", line 38, in <module>
    from kubernetes.client import models as k8s
ModuleNotFoundError: No module named 'kubernetes'
[2026-02-13T13:04:27.313+0100] {logging_mixin.py:190} INFO - [2026-02-13T13:04:27.313+0100] {example_local_kubernetes_executor.py:41} WARNING - Install Kubernetes dependencies with: pip install apache-airflow[cncf.kubernetes]
[2026-02-13T13:04:27.314+0100] {processor.py:927} WARNING - No viable dags retrieved from /home/gianotti/Documents/CryptoETL/.venv/lib/python3.12/site-packages/airflow/example_dags/example_local_kubernetes_executor.py
[2026-02-13T13:04:27.329+0100] {processor.py:208} INFO - Processing /home/gianotti/Documents/CryptoETL/.venv/lib/python3.12/site-packages/airflow/example_dags/example_local_kubernetes_executor.py took 0.036 seconds
[2026-02-13T13:05:31.657+0100] {processor.py:186} INFO - Started process (PID=36174) to work on /home/gianotti/Documents/CryptoETL/.venv/lib/python3.12/site-packages/airflow/example_dags/example_local_kubernetes_executor.py
[2026-02-13T13:05:31.661+0100] {processor.py:914} INFO - Processing file /home/gianotti/Documents/CryptoETL/.venv/lib/python3.12/site-packages/airflow/example_dags/example_local_kubernetes_executor.py for tasks to queue
[2026-02-13T13:05:31.663+0100] {logging_mixin.py:190} INFO - [2026-02-13T13:05:31.662+0100] {dagbag.py:588} INFO - Filling up the DagBag from /home/gianotti/Documents/CryptoETL/.venv/lib/python3.12/site-packages/airflow/example_dags/example_local_kubernetes_executor.py
[2026-02-13T13:05:31.669+0100] {logging_mixin.py:190} INFO - [2026-02-13T13:05:31.668+0100] {example_local_kubernetes_executor.py:40} WARNING - Could not import DAGs in example_local_kubernetes_executor.py
Traceback (most recent call last):
  File "/home/gianotti/Documents/CryptoETL/.venv/lib/python3.12/site-packages/airflow/example_dags/example_local_kubernetes_executor.py", line 38, in <module>
    from kubernetes.client import models as k8s
ModuleNotFoundError: No module named 'kubernetes'
[2026-02-13T13:05:31.669+0100] {logging_mixin.py:190} INFO - [2026-02-13T13:05:31.669+0100] {example_local_kubernetes_executor.py:41} WARNING - Install Kubernetes dependencies with: pip install apache-airflow[cncf.kubernetes]
[2026-02-13T13:05:31.670+0100] {processor.py:927} WARNING - No viable dags retrieved from /home/gianotti/Documents/CryptoETL/.venv/lib/python3.12/site-packages/airflow/example_dags/example_local_kubernetes_executor.py
[2026-02-13T13:05:31.686+0100] {processor.py:208} INFO - Processing /home/gianotti/Documents/CryptoETL/.venv/lib/python3.12/site-packages/airflow/example_dags/example_local_kubernetes_executor.py took 0.038 seconds
[2026-02-13T13:06:39.063+0100] {processor.py:186} INFO - Started process (PID=36284) to work on /home/gianotti/Documents/CryptoETL/.venv/lib/python3.12/site-packages/airflow/example_dags/example_local_kubernetes_executor.py
[2026-02-13T13:06:39.066+0100] {processor.py:914} INFO - Processing file /home/gianotti/Documents/CryptoETL/.venv/lib/python3.12/site-packages/airflow/example_dags/example_local_kubernetes_executor.py for tasks to queue
[2026-02-13T13:06:39.068+0100] {logging_mixin.py:190} INFO - [2026-02-13T13:06:39.068+0100] {dagbag.py:588} INFO - Filling up the DagBag from /home/gianotti/Documents/CryptoETL/.venv/lib/python3.12/site-packages/airflow/example_dags/example_local_kubernetes_executor.py
[2026-02-13T13:06:39.074+0100] {logging_mixin.py:190} INFO - [2026-02-13T13:06:39.073+0100] {example_local_kubernetes_executor.py:40} WARNING - Could not import DAGs in example_local_kubernetes_executor.py
Traceback (most recent call last):
  File "/home/gianotti/Documents/CryptoETL/.venv/lib/python3.12/site-packages/airflow/example_dags/example_local_kubernetes_executor.py", line 38, in <module>
    from kubernetes.client import models as k8s
ModuleNotFoundError: No module named 'kubernetes'
[2026-02-13T13:06:39.075+0100] {logging_mixin.py:190} INFO - [2026-02-13T13:06:39.074+0100] {example_local_kubernetes_executor.py:41} WARNING - Install Kubernetes dependencies with: pip install apache-airflow[cncf.kubernetes]
[2026-02-13T13:06:39.075+0100] {processor.py:927} WARNING - No viable dags retrieved from /home/gianotti/Documents/CryptoETL/.venv/lib/python3.12/site-packages/airflow/example_dags/example_local_kubernetes_executor.py
[2026-02-13T13:06:39.091+0100] {processor.py:208} INFO - Processing /home/gianotti/Documents/CryptoETL/.venv/lib/python3.12/site-packages/airflow/example_dags/example_local_kubernetes_executor.py took 0.038 seconds
[2026-02-13T13:07:48.523+0100] {processor.py:186} INFO - Started process (PID=36371) to work on /home/gianotti/Documents/CryptoETL/.venv/lib/python3.12/site-packages/airflow/example_dags/example_local_kubernetes_executor.py
[2026-02-13T13:07:48.526+0100] {processor.py:914} INFO - Processing file /home/gianotti/Documents/CryptoETL/.venv/lib/python3.12/site-packages/airflow/example_dags/example_local_kubernetes_executor.py for tasks to queue
[2026-02-13T13:07:48.528+0100] {logging_mixin.py:190} INFO - [2026-02-13T13:07:48.527+0100] {dagbag.py:588} INFO - Filling up the DagBag from /home/gianotti/Documents/CryptoETL/.venv/lib/python3.12/site-packages/airflow/example_dags/example_local_kubernetes_executor.py
[2026-02-13T13:07:48.533+0100] {logging_mixin.py:190} INFO - [2026-02-13T13:07:48.532+0100] {example_local_kubernetes_executor.py:40} WARNING - Could not import DAGs in example_local_kubernetes_executor.py
Traceback (most recent call last):
  File "/home/gianotti/Documents/CryptoETL/.venv/lib/python3.12/site-packages/airflow/example_dags/example_local_kubernetes_executor.py", line 38, in <module>
    from kubernetes.client import models as k8s
ModuleNotFoundError: No module named 'kubernetes'
[2026-02-13T13:07:48.534+0100] {logging_mixin.py:190} INFO - [2026-02-13T13:07:48.533+0100] {example_local_kubernetes_executor.py:41} WARNING - Install Kubernetes dependencies with: pip install apache-airflow[cncf.kubernetes]
[2026-02-13T13:07:48.534+0100] {processor.py:927} WARNING - No viable dags retrieved from /home/gianotti/Documents/CryptoETL/.venv/lib/python3.12/site-packages/airflow/example_dags/example_local_kubernetes_executor.py
[2026-02-13T13:07:48.550+0100] {processor.py:208} INFO - Processing /home/gianotti/Documents/CryptoETL/.venv/lib/python3.12/site-packages/airflow/example_dags/example_local_kubernetes_executor.py took 0.036 seconds
