[2026-02-13T12:55:51.336+0100] {processor.py:186} INFO - Started process (PID=34987) to work on /home/gianotti/Documents/CryptoETL/.venv/lib/python3.12/site-packages/airflow/example_dags/example_branch_operator_decorator.py
[2026-02-13T12:55:51.337+0100] {processor.py:914} INFO - Processing file /home/gianotti/Documents/CryptoETL/.venv/lib/python3.12/site-packages/airflow/example_dags/example_branch_operator_decorator.py for tasks to queue
[2026-02-13T12:55:51.341+0100] {logging_mixin.py:190} INFO - [2026-02-13T12:55:51.340+0100] {dagbag.py:588} INFO - Filling up the DagBag from /home/gianotti/Documents/CryptoETL/.venv/lib/python3.12/site-packages/airflow/example_dags/example_branch_operator_decorator.py
[2026-02-13T12:55:51.347+0100] {processor.py:927} WARNING - No viable dags retrieved from /home/gianotti/Documents/CryptoETL/.venv/lib/python3.12/site-packages/airflow/example_dags/example_branch_operator_decorator.py
[2026-02-13T12:55:51.362+0100] {processor.py:208} INFO - Processing /home/gianotti/Documents/CryptoETL/.venv/lib/python3.12/site-packages/airflow/example_dags/example_branch_operator_decorator.py took 0.035 seconds
[2026-02-13T12:56:53.589+0100] {processor.py:186} INFO - Started process (PID=35110) to work on /home/gianotti/Documents/CryptoETL/.venv/lib/python3.12/site-packages/airflow/example_dags/example_branch_operator_decorator.py
[2026-02-13T12:56:53.592+0100] {processor.py:914} INFO - Processing file /home/gianotti/Documents/CryptoETL/.venv/lib/python3.12/site-packages/airflow/example_dags/example_branch_operator_decorator.py for tasks to queue
[2026-02-13T12:56:53.595+0100] {logging_mixin.py:190} INFO - [2026-02-13T12:56:53.595+0100] {dagbag.py:588} INFO - Filling up the DagBag from /home/gianotti/Documents/CryptoETL/.venv/lib/python3.12/site-packages/airflow/example_dags/example_branch_operator_decorator.py
[2026-02-13T12:56:53.600+0100] {processor.py:927} WARNING - No viable dags retrieved from /home/gianotti/Documents/CryptoETL/.venv/lib/python3.12/site-packages/airflow/example_dags/example_branch_operator_decorator.py
[2026-02-13T12:56:53.617+0100] {processor.py:208} INFO - Processing /home/gianotti/Documents/CryptoETL/.venv/lib/python3.12/site-packages/airflow/example_dags/example_branch_operator_decorator.py took 0.038 seconds
[2026-02-13T12:57:51.662+0100] {processor.py:186} INFO - Started process (PID=35224) to work on /home/gianotti/Documents/CryptoETL/.venv/lib/python3.12/site-packages/airflow/example_dags/example_branch_operator_decorator.py
[2026-02-13T12:57:51.665+0100] {processor.py:914} INFO - Processing file /home/gianotti/Documents/CryptoETL/.venv/lib/python3.12/site-packages/airflow/example_dags/example_branch_operator_decorator.py for tasks to queue
[2026-02-13T12:57:51.668+0100] {logging_mixin.py:190} INFO - [2026-02-13T12:57:51.667+0100] {dagbag.py:588} INFO - Filling up the DagBag from /home/gianotti/Documents/CryptoETL/.venv/lib/python3.12/site-packages/airflow/example_dags/example_branch_operator_decorator.py
[2026-02-13T12:57:51.672+0100] {processor.py:927} WARNING - No viable dags retrieved from /home/gianotti/Documents/CryptoETL/.venv/lib/python3.12/site-packages/airflow/example_dags/example_branch_operator_decorator.py
[2026-02-13T12:57:51.687+0100] {processor.py:208} INFO - Processing /home/gianotti/Documents/CryptoETL/.venv/lib/python3.12/site-packages/airflow/example_dags/example_branch_operator_decorator.py took 0.033 seconds
[2026-02-13T12:58:49.292+0100] {processor.py:186} INFO - Started process (PID=35366) to work on /home/gianotti/Documents/CryptoETL/.venv/lib/python3.12/site-packages/airflow/example_dags/example_branch_operator_decorator.py
[2026-02-13T12:58:49.295+0100] {processor.py:914} INFO - Processing file /home/gianotti/Documents/CryptoETL/.venv/lib/python3.12/site-packages/airflow/example_dags/example_branch_operator_decorator.py for tasks to queue
[2026-02-13T12:58:49.299+0100] {logging_mixin.py:190} INFO - [2026-02-13T12:58:49.298+0100] {dagbag.py:588} INFO - Filling up the DagBag from /home/gianotti/Documents/CryptoETL/.venv/lib/python3.12/site-packages/airflow/example_dags/example_branch_operator_decorator.py
[2026-02-13T12:58:49.304+0100] {processor.py:927} WARNING - No viable dags retrieved from /home/gianotti/Documents/CryptoETL/.venv/lib/python3.12/site-packages/airflow/example_dags/example_branch_operator_decorator.py
[2026-02-13T12:58:49.319+0100] {processor.py:208} INFO - Processing /home/gianotti/Documents/CryptoETL/.venv/lib/python3.12/site-packages/airflow/example_dags/example_branch_operator_decorator.py took 0.036 seconds
[2026-02-13T12:59:45.843+0100] {processor.py:186} INFO - Started process (PID=35481) to work on /home/gianotti/Documents/CryptoETL/.venv/lib/python3.12/site-packages/airflow/example_dags/example_branch_operator_decorator.py
[2026-02-13T12:59:45.846+0100] {processor.py:914} INFO - Processing file /home/gianotti/Documents/CryptoETL/.venv/lib/python3.12/site-packages/airflow/example_dags/example_branch_operator_decorator.py for tasks to queue
[2026-02-13T12:59:45.849+0100] {logging_mixin.py:190} INFO - [2026-02-13T12:59:45.848+0100] {dagbag.py:588} INFO - Filling up the DagBag from /home/gianotti/Documents/CryptoETL/.venv/lib/python3.12/site-packages/airflow/example_dags/example_branch_operator_decorator.py
[2026-02-13T12:59:45.853+0100] {processor.py:927} WARNING - No viable dags retrieved from /home/gianotti/Documents/CryptoETL/.venv/lib/python3.12/site-packages/airflow/example_dags/example_branch_operator_decorator.py
[2026-02-13T12:59:45.869+0100] {processor.py:208} INFO - Processing /home/gianotti/Documents/CryptoETL/.venv/lib/python3.12/site-packages/airflow/example_dags/example_branch_operator_decorator.py took 0.035 seconds
[2026-02-13T13:00:43.413+0100] {processor.py:186} INFO - Started process (PID=35583) to work on /home/gianotti/Documents/CryptoETL/.venv/lib/python3.12/site-packages/airflow/example_dags/example_branch_operator_decorator.py
[2026-02-13T13:00:43.416+0100] {processor.py:914} INFO - Processing file /home/gianotti/Documents/CryptoETL/.venv/lib/python3.12/site-packages/airflow/example_dags/example_branch_operator_decorator.py for tasks to queue
[2026-02-13T13:00:43.418+0100] {logging_mixin.py:190} INFO - [2026-02-13T13:00:43.417+0100] {dagbag.py:588} INFO - Filling up the DagBag from /home/gianotti/Documents/CryptoETL/.venv/lib/python3.12/site-packages/airflow/example_dags/example_branch_operator_decorator.py
[2026-02-13T13:00:43.423+0100] {processor.py:927} WARNING - No viable dags retrieved from /home/gianotti/Documents/CryptoETL/.venv/lib/python3.12/site-packages/airflow/example_dags/example_branch_operator_decorator.py
[2026-02-13T13:00:43.439+0100] {processor.py:208} INFO - Processing /home/gianotti/Documents/CryptoETL/.venv/lib/python3.12/site-packages/airflow/example_dags/example_branch_operator_decorator.py took 0.034 seconds
[2026-02-13T13:01:43.785+0100] {processor.py:186} INFO - Started process (PID=35702) to work on /home/gianotti/Documents/CryptoETL/.venv/lib/python3.12/site-packages/airflow/example_dags/example_branch_operator_decorator.py
[2026-02-13T13:01:43.788+0100] {processor.py:914} INFO - Processing file /home/gianotti/Documents/CryptoETL/.venv/lib/python3.12/site-packages/airflow/example_dags/example_branch_operator_decorator.py for tasks to queue
[2026-02-13T13:01:43.790+0100] {logging_mixin.py:190} INFO - [2026-02-13T13:01:43.790+0100] {dagbag.py:588} INFO - Filling up the DagBag from /home/gianotti/Documents/CryptoETL/.venv/lib/python3.12/site-packages/airflow/example_dags/example_branch_operator_decorator.py
[2026-02-13T13:01:43.795+0100] {processor.py:927} WARNING - No viable dags retrieved from /home/gianotti/Documents/CryptoETL/.venv/lib/python3.12/site-packages/airflow/example_dags/example_branch_operator_decorator.py
[2026-02-13T13:01:43.811+0100] {processor.py:208} INFO - Processing /home/gianotti/Documents/CryptoETL/.venv/lib/python3.12/site-packages/airflow/example_dags/example_branch_operator_decorator.py took 0.034 seconds
[2026-02-13T13:02:42.295+0100] {processor.py:186} INFO - Started process (PID=35834) to work on /home/gianotti/Documents/CryptoETL/.venv/lib/python3.12/site-packages/airflow/example_dags/example_branch_operator_decorator.py
[2026-02-13T13:02:42.296+0100] {processor.py:914} INFO - Processing file /home/gianotti/Documents/CryptoETL/.venv/lib/python3.12/site-packages/airflow/example_dags/example_branch_operator_decorator.py for tasks to queue
[2026-02-13T13:02:42.298+0100] {logging_mixin.py:190} INFO - [2026-02-13T13:02:42.297+0100] {dagbag.py:588} INFO - Filling up the DagBag from /home/gianotti/Documents/CryptoETL/.venv/lib/python3.12/site-packages/airflow/example_dags/example_branch_operator_decorator.py
[2026-02-13T13:02:42.302+0100] {processor.py:927} WARNING - No viable dags retrieved from /home/gianotti/Documents/CryptoETL/.venv/lib/python3.12/site-packages/airflow/example_dags/example_branch_operator_decorator.py
[2026-02-13T13:02:42.313+0100] {processor.py:208} INFO - Processing /home/gianotti/Documents/CryptoETL/.venv/lib/python3.12/site-packages/airflow/example_dags/example_branch_operator_decorator.py took 0.027 seconds
[2026-02-13T13:03:38.918+0100] {processor.py:186} INFO - Started process (PID=35954) to work on /home/gianotti/Documents/CryptoETL/.venv/lib/python3.12/site-packages/airflow/example_dags/example_branch_operator_decorator.py
[2026-02-13T13:03:38.921+0100] {processor.py:914} INFO - Processing file /home/gianotti/Documents/CryptoETL/.venv/lib/python3.12/site-packages/airflow/example_dags/example_branch_operator_decorator.py for tasks to queue
[2026-02-13T13:03:38.923+0100] {logging_mixin.py:190} INFO - [2026-02-13T13:03:38.922+0100] {dagbag.py:588} INFO - Filling up the DagBag from /home/gianotti/Documents/CryptoETL/.venv/lib/python3.12/site-packages/airflow/example_dags/example_branch_operator_decorator.py
[2026-02-13T13:03:38.928+0100] {processor.py:927} WARNING - No viable dags retrieved from /home/gianotti/Documents/CryptoETL/.venv/lib/python3.12/site-packages/airflow/example_dags/example_branch_operator_decorator.py
[2026-02-13T13:03:38.942+0100] {processor.py:208} INFO - Processing /home/gianotti/Documents/CryptoETL/.venv/lib/python3.12/site-packages/airflow/example_dags/example_branch_operator_decorator.py took 0.034 seconds
[2026-02-13T13:04:39.045+0100] {processor.py:186} INFO - Started process (PID=36087) to work on /home/gianotti/Documents/CryptoETL/.venv/lib/python3.12/site-packages/airflow/example_dags/example_branch_operator_decorator.py
[2026-02-13T13:04:39.048+0100] {processor.py:914} INFO - Processing file /home/gianotti/Documents/CryptoETL/.venv/lib/python3.12/site-packages/airflow/example_dags/example_branch_operator_decorator.py for tasks to queue
[2026-02-13T13:04:39.050+0100] {logging_mixin.py:190} INFO - [2026-02-13T13:04:39.049+0100] {dagbag.py:588} INFO - Filling up the DagBag from /home/gianotti/Documents/CryptoETL/.venv/lib/python3.12/site-packages/airflow/example_dags/example_branch_operator_decorator.py
[2026-02-13T13:04:39.055+0100] {processor.py:927} WARNING - No viable dags retrieved from /home/gianotti/Documents/CryptoETL/.venv/lib/python3.12/site-packages/airflow/example_dags/example_branch_operator_decorator.py
[2026-02-13T13:04:39.071+0100] {processor.py:208} INFO - Processing /home/gianotti/Documents/CryptoETL/.venv/lib/python3.12/site-packages/airflow/example_dags/example_branch_operator_decorator.py took 0.036 seconds
[2026-02-13T13:05:44.351+0100] {processor.py:186} INFO - Started process (PID=36194) to work on /home/gianotti/Documents/CryptoETL/.venv/lib/python3.12/site-packages/airflow/example_dags/example_branch_operator_decorator.py
[2026-02-13T13:05:44.354+0100] {processor.py:914} INFO - Processing file /home/gianotti/Documents/CryptoETL/.venv/lib/python3.12/site-packages/airflow/example_dags/example_branch_operator_decorator.py for tasks to queue
[2026-02-13T13:05:44.356+0100] {logging_mixin.py:190} INFO - [2026-02-13T13:05:44.355+0100] {dagbag.py:588} INFO - Filling up the DagBag from /home/gianotti/Documents/CryptoETL/.venv/lib/python3.12/site-packages/airflow/example_dags/example_branch_operator_decorator.py
[2026-02-13T13:05:44.360+0100] {processor.py:927} WARNING - No viable dags retrieved from /home/gianotti/Documents/CryptoETL/.venv/lib/python3.12/site-packages/airflow/example_dags/example_branch_operator_decorator.py
[2026-02-13T13:05:44.376+0100] {processor.py:208} INFO - Processing /home/gianotti/Documents/CryptoETL/.venv/lib/python3.12/site-packages/airflow/example_dags/example_branch_operator_decorator.py took 0.034 seconds
[2026-02-13T13:06:49.626+0100] {processor.py:186} INFO - Started process (PID=36295) to work on /home/gianotti/Documents/CryptoETL/.venv/lib/python3.12/site-packages/airflow/example_dags/example_branch_operator_decorator.py
[2026-02-13T13:06:49.628+0100] {processor.py:914} INFO - Processing file /home/gianotti/Documents/CryptoETL/.venv/lib/python3.12/site-packages/airflow/example_dags/example_branch_operator_decorator.py for tasks to queue
[2026-02-13T13:06:49.630+0100] {logging_mixin.py:190} INFO - [2026-02-13T13:06:49.630+0100] {dagbag.py:588} INFO - Filling up the DagBag from /home/gianotti/Documents/CryptoETL/.venv/lib/python3.12/site-packages/airflow/example_dags/example_branch_operator_decorator.py
[2026-02-13T13:06:49.635+0100] {processor.py:927} WARNING - No viable dags retrieved from /home/gianotti/Documents/CryptoETL/.venv/lib/python3.12/site-packages/airflow/example_dags/example_branch_operator_decorator.py
[2026-02-13T13:06:49.650+0100] {processor.py:208} INFO - Processing /home/gianotti/Documents/CryptoETL/.venv/lib/python3.12/site-packages/airflow/example_dags/example_branch_operator_decorator.py took 0.033 seconds
[2026-02-13T13:07:59.050+0100] {processor.py:186} INFO - Started process (PID=36393) to work on /home/gianotti/Documents/CryptoETL/.venv/lib/python3.12/site-packages/airflow/example_dags/example_branch_operator_decorator.py
[2026-02-13T13:07:59.053+0100] {processor.py:914} INFO - Processing file /home/gianotti/Documents/CryptoETL/.venv/lib/python3.12/site-packages/airflow/example_dags/example_branch_operator_decorator.py for tasks to queue
[2026-02-13T13:07:59.055+0100] {logging_mixin.py:190} INFO - [2026-02-13T13:07:59.054+0100] {dagbag.py:588} INFO - Filling up the DagBag from /home/gianotti/Documents/CryptoETL/.venv/lib/python3.12/site-packages/airflow/example_dags/example_branch_operator_decorator.py
[2026-02-13T13:07:59.060+0100] {processor.py:927} WARNING - No viable dags retrieved from /home/gianotti/Documents/CryptoETL/.venv/lib/python3.12/site-packages/airflow/example_dags/example_branch_operator_decorator.py
[2026-02-13T13:07:59.074+0100] {processor.py:208} INFO - Processing /home/gianotti/Documents/CryptoETL/.venv/lib/python3.12/site-packages/airflow/example_dags/example_branch_operator_decorator.py took 0.032 seconds
[2026-02-13T13:09:04.319+0100] {processor.py:186} INFO - Started process (PID=36509) to work on /home/gianotti/Documents/CryptoETL/.venv/lib/python3.12/site-packages/airflow/example_dags/example_branch_operator_decorator.py
[2026-02-13T13:09:04.321+0100] {processor.py:914} INFO - Processing file /home/gianotti/Documents/CryptoETL/.venv/lib/python3.12/site-packages/airflow/example_dags/example_branch_operator_decorator.py for tasks to queue
[2026-02-13T13:09:04.323+0100] {logging_mixin.py:190} INFO - [2026-02-13T13:09:04.323+0100] {dagbag.py:588} INFO - Filling up the DagBag from /home/gianotti/Documents/CryptoETL/.venv/lib/python3.12/site-packages/airflow/example_dags/example_branch_operator_decorator.py
[2026-02-13T13:09:04.328+0100] {processor.py:927} WARNING - No viable dags retrieved from /home/gianotti/Documents/CryptoETL/.venv/lib/python3.12/site-packages/airflow/example_dags/example_branch_operator_decorator.py
[2026-02-13T13:09:04.342+0100] {processor.py:208} INFO - Processing /home/gianotti/Documents/CryptoETL/.venv/lib/python3.12/site-packages/airflow/example_dags/example_branch_operator_decorator.py took 0.033 seconds
[2026-02-13T13:10:15.560+0100] {processor.py:186} INFO - Started process (PID=36646) to work on /home/gianotti/Documents/CryptoETL/.venv/lib/python3.12/site-packages/airflow/example_dags/example_branch_operator_decorator.py
[2026-02-13T13:10:15.563+0100] {processor.py:914} INFO - Processing file /home/gianotti/Documents/CryptoETL/.venv/lib/python3.12/site-packages/airflow/example_dags/example_branch_operator_decorator.py for tasks to queue
[2026-02-13T13:10:15.565+0100] {logging_mixin.py:190} INFO - [2026-02-13T13:10:15.564+0100] {dagbag.py:588} INFO - Filling up the DagBag from /home/gianotti/Documents/CryptoETL/.venv/lib/python3.12/site-packages/airflow/example_dags/example_branch_operator_decorator.py
[2026-02-13T13:10:15.569+0100] {processor.py:927} WARNING - No viable dags retrieved from /home/gianotti/Documents/CryptoETL/.venv/lib/python3.12/site-packages/airflow/example_dags/example_branch_operator_decorator.py
[2026-02-13T13:10:15.584+0100] {processor.py:208} INFO - Processing /home/gianotti/Documents/CryptoETL/.venv/lib/python3.12/site-packages/airflow/example_dags/example_branch_operator_decorator.py took 0.035 seconds
[2026-02-13T13:11:20.400+0100] {processor.py:186} INFO - Started process (PID=36753) to work on /home/gianotti/Documents/CryptoETL/.venv/lib/python3.12/site-packages/airflow/example_dags/example_branch_operator_decorator.py
[2026-02-13T13:11:20.403+0100] {processor.py:914} INFO - Processing file /home/gianotti/Documents/CryptoETL/.venv/lib/python3.12/site-packages/airflow/example_dags/example_branch_operator_decorator.py for tasks to queue
[2026-02-13T13:11:20.405+0100] {logging_mixin.py:190} INFO - [2026-02-13T13:11:20.404+0100] {dagbag.py:588} INFO - Filling up the DagBag from /home/gianotti/Documents/CryptoETL/.venv/lib/python3.12/site-packages/airflow/example_dags/example_branch_operator_decorator.py
[2026-02-13T13:11:20.409+0100] {processor.py:927} WARNING - No viable dags retrieved from /home/gianotti/Documents/CryptoETL/.venv/lib/python3.12/site-packages/airflow/example_dags/example_branch_operator_decorator.py
[2026-02-13T13:11:20.425+0100] {processor.py:208} INFO - Processing /home/gianotti/Documents/CryptoETL/.venv/lib/python3.12/site-packages/airflow/example_dags/example_branch_operator_decorator.py took 0.035 seconds
[2026-02-13T13:12:27.225+0100] {processor.py:186} INFO - Started process (PID=36878) to work on /home/gianotti/Documents/CryptoETL/.venv/lib/python3.12/site-packages/airflow/example_dags/example_branch_operator_decorator.py
[2026-02-13T13:12:27.228+0100] {processor.py:914} INFO - Processing file /home/gianotti/Documents/CryptoETL/.venv/lib/python3.12/site-packages/airflow/example_dags/example_branch_operator_decorator.py for tasks to queue
[2026-02-13T13:12:27.230+0100] {logging_mixin.py:190} INFO - [2026-02-13T13:12:27.229+0100] {dagbag.py:588} INFO - Filling up the DagBag from /home/gianotti/Documents/CryptoETL/.venv/lib/python3.12/site-packages/airflow/example_dags/example_branch_operator_decorator.py
[2026-02-13T13:12:27.234+0100] {processor.py:927} WARNING - No viable dags retrieved from /home/gianotti/Documents/CryptoETL/.venv/lib/python3.12/site-packages/airflow/example_dags/example_branch_operator_decorator.py
[2026-02-13T13:12:27.251+0100] {processor.py:208} INFO - Processing /home/gianotti/Documents/CryptoETL/.venv/lib/python3.12/site-packages/airflow/example_dags/example_branch_operator_decorator.py took 0.035 seconds
[2026-02-13T13:13:29.814+0100] {processor.py:186} INFO - Started process (PID=37006) to work on /home/gianotti/Documents/CryptoETL/.venv/lib/python3.12/site-packages/airflow/example_dags/example_branch_operator_decorator.py
[2026-02-13T13:13:29.817+0100] {processor.py:914} INFO - Processing file /home/gianotti/Documents/CryptoETL/.venv/lib/python3.12/site-packages/airflow/example_dags/example_branch_operator_decorator.py for tasks to queue
[2026-02-13T13:13:29.820+0100] {logging_mixin.py:190} INFO - [2026-02-13T13:13:29.819+0100] {dagbag.py:588} INFO - Filling up the DagBag from /home/gianotti/Documents/CryptoETL/.venv/lib/python3.12/site-packages/airflow/example_dags/example_branch_operator_decorator.py
[2026-02-13T13:13:29.825+0100] {processor.py:927} WARNING - No viable dags retrieved from /home/gianotti/Documents/CryptoETL/.venv/lib/python3.12/site-packages/airflow/example_dags/example_branch_operator_decorator.py
[2026-02-13T13:13:29.840+0100] {processor.py:208} INFO - Processing /home/gianotti/Documents/CryptoETL/.venv/lib/python3.12/site-packages/airflow/example_dags/example_branch_operator_decorator.py took 0.035 seconds
[2026-02-13T13:14:36.044+0100] {processor.py:186} INFO - Started process (PID=37166) to work on /home/gianotti/Documents/CryptoETL/.venv/lib/python3.12/site-packages/airflow/example_dags/example_branch_operator_decorator.py
[2026-02-13T13:14:36.045+0100] {processor.py:914} INFO - Processing file /home/gianotti/Documents/CryptoETL/.venv/lib/python3.12/site-packages/airflow/example_dags/example_branch_operator_decorator.py for tasks to queue
[2026-02-13T13:14:36.046+0100] {logging_mixin.py:190} INFO - [2026-02-13T13:14:36.046+0100] {dagbag.py:588} INFO - Filling up the DagBag from /home/gianotti/Documents/CryptoETL/.venv/lib/python3.12/site-packages/airflow/example_dags/example_branch_operator_decorator.py
[2026-02-13T13:14:36.050+0100] {processor.py:927} WARNING - No viable dags retrieved from /home/gianotti/Documents/CryptoETL/.venv/lib/python3.12/site-packages/airflow/example_dags/example_branch_operator_decorator.py
[2026-02-13T13:14:36.062+0100] {processor.py:208} INFO - Processing /home/gianotti/Documents/CryptoETL/.venv/lib/python3.12/site-packages/airflow/example_dags/example_branch_operator_decorator.py took 0.025 seconds
[2026-02-13T13:15:41.239+0100] {processor.py:186} INFO - Started process (PID=37270) to work on /home/gianotti/Documents/CryptoETL/.venv/lib/python3.12/site-packages/airflow/example_dags/example_branch_operator_decorator.py
[2026-02-13T13:15:41.241+0100] {processor.py:914} INFO - Processing file /home/gianotti/Documents/CryptoETL/.venv/lib/python3.12/site-packages/airflow/example_dags/example_branch_operator_decorator.py for tasks to queue
[2026-02-13T13:15:41.244+0100] {logging_mixin.py:190} INFO - [2026-02-13T13:15:41.243+0100] {dagbag.py:588} INFO - Filling up the DagBag from /home/gianotti/Documents/CryptoETL/.venv/lib/python3.12/site-packages/airflow/example_dags/example_branch_operator_decorator.py
[2026-02-13T13:15:41.249+0100] {processor.py:927} WARNING - No viable dags retrieved from /home/gianotti/Documents/CryptoETL/.venv/lib/python3.12/site-packages/airflow/example_dags/example_branch_operator_decorator.py
[2026-02-13T13:15:41.264+0100] {processor.py:208} INFO - Processing /home/gianotti/Documents/CryptoETL/.venv/lib/python3.12/site-packages/airflow/example_dags/example_branch_operator_decorator.py took 0.035 seconds
[2026-02-13T13:16:47.742+0100] {processor.py:186} INFO - Started process (PID=37459) to work on /home/gianotti/Documents/CryptoETL/.venv/lib/python3.12/site-packages/airflow/example_dags/example_branch_operator_decorator.py
[2026-02-13T13:16:47.744+0100] {processor.py:914} INFO - Processing file /home/gianotti/Documents/CryptoETL/.venv/lib/python3.12/site-packages/airflow/example_dags/example_branch_operator_decorator.py for tasks to queue
[2026-02-13T13:16:47.746+0100] {logging_mixin.py:190} INFO - [2026-02-13T13:16:47.746+0100] {dagbag.py:588} INFO - Filling up the DagBag from /home/gianotti/Documents/CryptoETL/.venv/lib/python3.12/site-packages/airflow/example_dags/example_branch_operator_decorator.py
[2026-02-13T13:16:47.750+0100] {processor.py:927} WARNING - No viable dags retrieved from /home/gianotti/Documents/CryptoETL/.venv/lib/python3.12/site-packages/airflow/example_dags/example_branch_operator_decorator.py
[2026-02-13T13:16:47.764+0100] {processor.py:208} INFO - Processing /home/gianotti/Documents/CryptoETL/.venv/lib/python3.12/site-packages/airflow/example_dags/example_branch_operator_decorator.py took 0.031 seconds
[2026-02-13T13:17:53.729+0100] {processor.py:186} INFO - Started process (PID=37573) to work on /home/gianotti/Documents/CryptoETL/.venv/lib/python3.12/site-packages/airflow/example_dags/example_branch_operator_decorator.py
[2026-02-13T13:17:53.732+0100] {processor.py:914} INFO - Processing file /home/gianotti/Documents/CryptoETL/.venv/lib/python3.12/site-packages/airflow/example_dags/example_branch_operator_decorator.py for tasks to queue
[2026-02-13T13:17:53.734+0100] {logging_mixin.py:190} INFO - [2026-02-13T13:17:53.733+0100] {dagbag.py:588} INFO - Filling up the DagBag from /home/gianotti/Documents/CryptoETL/.venv/lib/python3.12/site-packages/airflow/example_dags/example_branch_operator_decorator.py
[2026-02-13T13:17:53.738+0100] {processor.py:927} WARNING - No viable dags retrieved from /home/gianotti/Documents/CryptoETL/.venv/lib/python3.12/site-packages/airflow/example_dags/example_branch_operator_decorator.py
[2026-02-13T13:17:53.753+0100] {processor.py:208} INFO - Processing /home/gianotti/Documents/CryptoETL/.venv/lib/python3.12/site-packages/airflow/example_dags/example_branch_operator_decorator.py took 0.032 seconds
[2026-02-13T13:18:58.445+0100] {processor.py:186} INFO - Started process (PID=37682) to work on /home/gianotti/Documents/CryptoETL/.venv/lib/python3.12/site-packages/airflow/example_dags/example_branch_operator_decorator.py
[2026-02-13T13:18:58.447+0100] {processor.py:914} INFO - Processing file /home/gianotti/Documents/CryptoETL/.venv/lib/python3.12/site-packages/airflow/example_dags/example_branch_operator_decorator.py for tasks to queue
[2026-02-13T13:18:58.449+0100] {logging_mixin.py:190} INFO - [2026-02-13T13:18:58.449+0100] {dagbag.py:588} INFO - Filling up the DagBag from /home/gianotti/Documents/CryptoETL/.venv/lib/python3.12/site-packages/airflow/example_dags/example_branch_operator_decorator.py
[2026-02-13T13:18:58.454+0100] {processor.py:927} WARNING - No viable dags retrieved from /home/gianotti/Documents/CryptoETL/.venv/lib/python3.12/site-packages/airflow/example_dags/example_branch_operator_decorator.py
[2026-02-13T13:18:58.472+0100] {processor.py:208} INFO - Processing /home/gianotti/Documents/CryptoETL/.venv/lib/python3.12/site-packages/airflow/example_dags/example_branch_operator_decorator.py took 0.036 seconds
[2026-02-13T13:20:04.096+0100] {processor.py:186} INFO - Started process (PID=37763) to work on /home/gianotti/Documents/CryptoETL/.venv/lib/python3.12/site-packages/airflow/example_dags/example_branch_operator_decorator.py
[2026-02-13T13:20:04.098+0100] {processor.py:914} INFO - Processing file /home/gianotti/Documents/CryptoETL/.venv/lib/python3.12/site-packages/airflow/example_dags/example_branch_operator_decorator.py for tasks to queue
[2026-02-13T13:20:04.101+0100] {logging_mixin.py:190} INFO - [2026-02-13T13:20:04.100+0100] {dagbag.py:588} INFO - Filling up the DagBag from /home/gianotti/Documents/CryptoETL/.venv/lib/python3.12/site-packages/airflow/example_dags/example_branch_operator_decorator.py
[2026-02-13T13:20:04.106+0100] {processor.py:927} WARNING - No viable dags retrieved from /home/gianotti/Documents/CryptoETL/.venv/lib/python3.12/site-packages/airflow/example_dags/example_branch_operator_decorator.py
[2026-02-13T13:20:04.123+0100] {processor.py:208} INFO - Processing /home/gianotti/Documents/CryptoETL/.venv/lib/python3.12/site-packages/airflow/example_dags/example_branch_operator_decorator.py took 0.037 seconds
