[2026-02-13T12:55:35.216+0100] {processor.py:186} INFO - Started process (PID=34962) to work on /home/gianotti/Documents/CryptoETL/.venv/lib/python3.12/site-packages/airflow/example_dags/example_nested_branch_dag.py
[2026-02-13T12:55:35.217+0100] {processor.py:914} INFO - Processing file /home/gianotti/Documents/CryptoETL/.venv/lib/python3.12/site-packages/airflow/example_dags/example_nested_branch_dag.py for tasks to queue
[2026-02-13T12:55:35.220+0100] {logging_mixin.py:190} INFO - [2026-02-13T12:55:35.219+0100] {dagbag.py:588} INFO - Filling up the DagBag from /home/gianotti/Documents/CryptoETL/.venv/lib/python3.12/site-packages/airflow/example_dags/example_nested_branch_dag.py
[2026-02-13T12:55:35.244+0100] {processor.py:925} INFO - DAG(s) 'example_nested_branch_dag' retrieved from /home/gianotti/Documents/CryptoETL/.venv/lib/python3.12/site-packages/airflow/example_dags/example_nested_branch_dag.py
[2026-02-13T12:55:35.346+0100] {logging_mixin.py:190} INFO - [2026-02-13T12:55:35.346+0100] {override.py:1930} INFO - Created Permission View: can edit on DAG:example_nested_branch_dag
[2026-02-13T12:55:35.357+0100] {logging_mixin.py:190} INFO - [2026-02-13T12:55:35.357+0100] {override.py:1930} INFO - Created Permission View: can read on DAG:example_nested_branch_dag
[2026-02-13T12:55:35.365+0100] {logging_mixin.py:190} INFO - [2026-02-13T12:55:35.365+0100] {override.py:1930} INFO - Created Permission View: can delete on DAG:example_nested_branch_dag
[2026-02-13T12:55:35.380+0100] {logging_mixin.py:190} INFO - [2026-02-13T12:55:35.380+0100] {override.py:1930} INFO - Created Permission View: can create on DAG Run:example_nested_branch_dag
[2026-02-13T12:55:35.391+0100] {logging_mixin.py:190} INFO - [2026-02-13T12:55:35.391+0100] {override.py:1930} INFO - Created Permission View: can read on DAG Run:example_nested_branch_dag
[2026-02-13T12:55:35.403+0100] {logging_mixin.py:190} INFO - [2026-02-13T12:55:35.402+0100] {override.py:1930} INFO - Created Permission View: can delete on DAG Run:example_nested_branch_dag
[2026-02-13T12:55:35.415+0100] {logging_mixin.py:190} INFO - [2026-02-13T12:55:35.415+0100] {override.py:1930} INFO - Created Permission View: menu access on DAG Run:example_nested_branch_dag
[2026-02-13T12:55:35.415+0100] {logging_mixin.py:190} INFO - [2026-02-13T12:55:35.415+0100] {dag.py:3239} INFO - Sync 1 DAGs
[2026-02-13T12:55:35.431+0100] {logging_mixin.py:190} INFO - [2026-02-13T12:55:35.431+0100] {dag.py:3262} INFO - Creating ORM DAG for example_nested_branch_dag
[2026-02-13T12:55:35.441+0100] {logging_mixin.py:190} INFO - [2026-02-13T12:55:35.441+0100] {dag.py:4180} INFO - Setting next_dagrun for example_nested_branch_dag to 2026-02-12 00:00:00+00:00, run_after=2026-02-13 00:00:00+00:00
[2026-02-13T12:55:35.460+0100] {processor.py:208} INFO - Processing /home/gianotti/Documents/CryptoETL/.venv/lib/python3.12/site-packages/airflow/example_dags/example_nested_branch_dag.py took 0.253 seconds
[2026-02-13T12:56:40.981+0100] {processor.py:186} INFO - Started process (PID=35093) to work on /home/gianotti/Documents/CryptoETL/.venv/lib/python3.12/site-packages/airflow/example_dags/example_nested_branch_dag.py
[2026-02-13T12:56:40.984+0100] {processor.py:914} INFO - Processing file /home/gianotti/Documents/CryptoETL/.venv/lib/python3.12/site-packages/airflow/example_dags/example_nested_branch_dag.py for tasks to queue
[2026-02-13T12:56:40.987+0100] {logging_mixin.py:190} INFO - [2026-02-13T12:56:40.987+0100] {dagbag.py:588} INFO - Filling up the DagBag from /home/gianotti/Documents/CryptoETL/.venv/lib/python3.12/site-packages/airflow/example_dags/example_nested_branch_dag.py
[2026-02-13T12:56:41.008+0100] {processor.py:925} INFO - DAG(s) 'example_nested_branch_dag' retrieved from /home/gianotti/Documents/CryptoETL/.venv/lib/python3.12/site-packages/airflow/example_dags/example_nested_branch_dag.py
[2026-02-13T12:56:41.035+0100] {logging_mixin.py:190} INFO - [2026-02-13T12:56:41.035+0100] {dag.py:3239} INFO - Sync 1 DAGs
[2026-02-13T12:56:41.053+0100] {logging_mixin.py:190} INFO - [2026-02-13T12:56:41.053+0100] {dag.py:4180} INFO - Setting next_dagrun for example_nested_branch_dag to 2026-02-12 00:00:00+00:00, run_after=2026-02-13 00:00:00+00:00
[2026-02-13T12:56:41.071+0100] {processor.py:208} INFO - Processing /home/gianotti/Documents/CryptoETL/.venv/lib/python3.12/site-packages/airflow/example_dags/example_nested_branch_dag.py took 0.099 seconds
[2026-02-13T12:57:39.341+0100] {processor.py:186} INFO - Started process (PID=35203) to work on /home/gianotti/Documents/CryptoETL/.venv/lib/python3.12/site-packages/airflow/example_dags/example_nested_branch_dag.py
[2026-02-13T12:57:39.341+0100] {processor.py:914} INFO - Processing file /home/gianotti/Documents/CryptoETL/.venv/lib/python3.12/site-packages/airflow/example_dags/example_nested_branch_dag.py for tasks to queue
[2026-02-13T12:57:39.343+0100] {logging_mixin.py:190} INFO - [2026-02-13T12:57:39.343+0100] {dagbag.py:588} INFO - Filling up the DagBag from /home/gianotti/Documents/CryptoETL/.venv/lib/python3.12/site-packages/airflow/example_dags/example_nested_branch_dag.py
[2026-02-13T12:57:39.355+0100] {processor.py:925} INFO - DAG(s) 'example_nested_branch_dag' retrieved from /home/gianotti/Documents/CryptoETL/.venv/lib/python3.12/site-packages/airflow/example_dags/example_nested_branch_dag.py
[2026-02-13T12:57:39.370+0100] {logging_mixin.py:190} INFO - [2026-02-13T12:57:39.370+0100] {dag.py:3239} INFO - Sync 1 DAGs
[2026-02-13T12:57:39.391+0100] {logging_mixin.py:190} INFO - [2026-02-13T12:57:39.391+0100] {dag.py:4180} INFO - Setting next_dagrun for example_nested_branch_dag to 2026-02-12 00:00:00+00:00, run_after=2026-02-13 00:00:00+00:00
[2026-02-13T12:57:39.414+0100] {processor.py:208} INFO - Processing /home/gianotti/Documents/CryptoETL/.venv/lib/python3.12/site-packages/airflow/example_dags/example_nested_branch_dag.py took 0.078 seconds
[2026-02-13T12:58:37.256+0100] {processor.py:186} INFO - Started process (PID=35341) to work on /home/gianotti/Documents/CryptoETL/.venv/lib/python3.12/site-packages/airflow/example_dags/example_nested_branch_dag.py
[2026-02-13T12:58:37.259+0100] {processor.py:914} INFO - Processing file /home/gianotti/Documents/CryptoETL/.venv/lib/python3.12/site-packages/airflow/example_dags/example_nested_branch_dag.py for tasks to queue
[2026-02-13T12:58:37.262+0100] {logging_mixin.py:190} INFO - [2026-02-13T12:58:37.261+0100] {dagbag.py:588} INFO - Filling up the DagBag from /home/gianotti/Documents/CryptoETL/.venv/lib/python3.12/site-packages/airflow/example_dags/example_nested_branch_dag.py
[2026-02-13T12:58:37.284+0100] {processor.py:925} INFO - DAG(s) 'example_nested_branch_dag' retrieved from /home/gianotti/Documents/CryptoETL/.venv/lib/python3.12/site-packages/airflow/example_dags/example_nested_branch_dag.py
[2026-02-13T12:58:37.311+0100] {logging_mixin.py:190} INFO - [2026-02-13T12:58:37.311+0100] {dag.py:3239} INFO - Sync 1 DAGs
[2026-02-13T12:58:37.335+0100] {logging_mixin.py:190} INFO - [2026-02-13T12:58:37.335+0100] {dag.py:4180} INFO - Setting next_dagrun for example_nested_branch_dag to 2026-02-12 00:00:00+00:00, run_after=2026-02-13 00:00:00+00:00
[2026-02-13T12:58:37.356+0100] {processor.py:208} INFO - Processing /home/gianotti/Documents/CryptoETL/.venv/lib/python3.12/site-packages/airflow/example_dags/example_nested_branch_dag.py took 0.111 seconds
[2026-02-13T12:59:32.077+0100] {processor.py:186} INFO - Started process (PID=35455) to work on /home/gianotti/Documents/CryptoETL/.venv/lib/python3.12/site-packages/airflow/example_dags/example_nested_branch_dag.py
[2026-02-13T12:59:32.079+0100] {processor.py:914} INFO - Processing file /home/gianotti/Documents/CryptoETL/.venv/lib/python3.12/site-packages/airflow/example_dags/example_nested_branch_dag.py for tasks to queue
[2026-02-13T12:59:32.083+0100] {logging_mixin.py:190} INFO - [2026-02-13T12:59:32.082+0100] {dagbag.py:588} INFO - Filling up the DagBag from /home/gianotti/Documents/CryptoETL/.venv/lib/python3.12/site-packages/airflow/example_dags/example_nested_branch_dag.py
[2026-02-13T12:59:32.104+0100] {processor.py:925} INFO - DAG(s) 'example_nested_branch_dag' retrieved from /home/gianotti/Documents/CryptoETL/.venv/lib/python3.12/site-packages/airflow/example_dags/example_nested_branch_dag.py
[2026-02-13T12:59:32.133+0100] {logging_mixin.py:190} INFO - [2026-02-13T12:59:32.133+0100] {dag.py:3239} INFO - Sync 1 DAGs
[2026-02-13T12:59:32.156+0100] {logging_mixin.py:190} INFO - [2026-02-13T12:59:32.155+0100] {dag.py:4180} INFO - Setting next_dagrun for example_nested_branch_dag to 2026-02-12 00:00:00+00:00, run_after=2026-02-13 00:00:00+00:00
[2026-02-13T12:59:32.174+0100] {processor.py:208} INFO - Processing /home/gianotti/Documents/CryptoETL/.venv/lib/python3.12/site-packages/airflow/example_dags/example_nested_branch_dag.py took 0.106 seconds
[2026-02-13T13:00:30.051+0100] {processor.py:186} INFO - Started process (PID=35562) to work on /home/gianotti/Documents/CryptoETL/.venv/lib/python3.12/site-packages/airflow/example_dags/example_nested_branch_dag.py
[2026-02-13T13:00:30.054+0100] {processor.py:914} INFO - Processing file /home/gianotti/Documents/CryptoETL/.venv/lib/python3.12/site-packages/airflow/example_dags/example_nested_branch_dag.py for tasks to queue
[2026-02-13T13:00:30.057+0100] {logging_mixin.py:190} INFO - [2026-02-13T13:00:30.056+0100] {dagbag.py:588} INFO - Filling up the DagBag from /home/gianotti/Documents/CryptoETL/.venv/lib/python3.12/site-packages/airflow/example_dags/example_nested_branch_dag.py
[2026-02-13T13:00:30.079+0100] {processor.py:925} INFO - DAG(s) 'example_nested_branch_dag' retrieved from /home/gianotti/Documents/CryptoETL/.venv/lib/python3.12/site-packages/airflow/example_dags/example_nested_branch_dag.py
[2026-02-13T13:00:30.104+0100] {logging_mixin.py:190} INFO - [2026-02-13T13:00:30.104+0100] {dag.py:3239} INFO - Sync 1 DAGs
[2026-02-13T13:00:30.131+0100] {logging_mixin.py:190} INFO - [2026-02-13T13:00:30.130+0100] {dag.py:4180} INFO - Setting next_dagrun for example_nested_branch_dag to 2026-02-12 00:00:00+00:00, run_after=2026-02-13 00:00:00+00:00
[2026-02-13T13:00:30.161+0100] {processor.py:208} INFO - Processing /home/gianotti/Documents/CryptoETL/.venv/lib/python3.12/site-packages/airflow/example_dags/example_nested_branch_dag.py took 0.119 seconds
[2026-02-13T13:01:30.174+0100] {processor.py:186} INFO - Started process (PID=35683) to work on /home/gianotti/Documents/CryptoETL/.venv/lib/python3.12/site-packages/airflow/example_dags/example_nested_branch_dag.py
[2026-02-13T13:01:30.177+0100] {processor.py:914} INFO - Processing file /home/gianotti/Documents/CryptoETL/.venv/lib/python3.12/site-packages/airflow/example_dags/example_nested_branch_dag.py for tasks to queue
[2026-02-13T13:01:30.180+0100] {logging_mixin.py:190} INFO - [2026-02-13T13:01:30.179+0100] {dagbag.py:588} INFO - Filling up the DagBag from /home/gianotti/Documents/CryptoETL/.venv/lib/python3.12/site-packages/airflow/example_dags/example_nested_branch_dag.py
[2026-02-13T13:01:30.203+0100] {processor.py:925} INFO - DAG(s) 'example_nested_branch_dag' retrieved from /home/gianotti/Documents/CryptoETL/.venv/lib/python3.12/site-packages/airflow/example_dags/example_nested_branch_dag.py
[2026-02-13T13:01:30.232+0100] {logging_mixin.py:190} INFO - [2026-02-13T13:01:30.231+0100] {dag.py:3239} INFO - Sync 1 DAGs
[2026-02-13T13:01:30.270+0100] {logging_mixin.py:190} INFO - [2026-02-13T13:01:30.269+0100] {dag.py:4180} INFO - Setting next_dagrun for example_nested_branch_dag to 2026-02-12 00:00:00+00:00, run_after=2026-02-13 00:00:00+00:00
[2026-02-13T13:01:30.297+0100] {processor.py:208} INFO - Processing /home/gianotti/Documents/CryptoETL/.venv/lib/python3.12/site-packages/airflow/example_dags/example_nested_branch_dag.py took 0.134 seconds
[2026-02-13T13:02:29.349+0100] {processor.py:186} INFO - Started process (PID=35813) to work on /home/gianotti/Documents/CryptoETL/.venv/lib/python3.12/site-packages/airflow/example_dags/example_nested_branch_dag.py
[2026-02-13T13:02:29.350+0100] {processor.py:914} INFO - Processing file /home/gianotti/Documents/CryptoETL/.venv/lib/python3.12/site-packages/airflow/example_dags/example_nested_branch_dag.py for tasks to queue
[2026-02-13T13:02:29.351+0100] {logging_mixin.py:190} INFO - [2026-02-13T13:02:29.351+0100] {dagbag.py:588} INFO - Filling up the DagBag from /home/gianotti/Documents/CryptoETL/.venv/lib/python3.12/site-packages/airflow/example_dags/example_nested_branch_dag.py
[2026-02-13T13:02:29.362+0100] {processor.py:925} INFO - DAG(s) 'example_nested_branch_dag' retrieved from /home/gianotti/Documents/CryptoETL/.venv/lib/python3.12/site-packages/airflow/example_dags/example_nested_branch_dag.py
[2026-02-13T13:02:29.376+0100] {logging_mixin.py:190} INFO - [2026-02-13T13:02:29.375+0100] {dag.py:3239} INFO - Sync 1 DAGs
[2026-02-13T13:02:29.396+0100] {logging_mixin.py:190} INFO - [2026-02-13T13:02:29.396+0100] {dag.py:4180} INFO - Setting next_dagrun for example_nested_branch_dag to 2026-02-12 00:00:00+00:00, run_after=2026-02-13 00:00:00+00:00
[2026-02-13T13:02:29.416+0100] {processor.py:208} INFO - Processing /home/gianotti/Documents/CryptoETL/.venv/lib/python3.12/site-packages/airflow/example_dags/example_nested_branch_dag.py took 0.073 seconds
[2026-02-13T13:03:24.779+0100] {processor.py:186} INFO - Started process (PID=35929) to work on /home/gianotti/Documents/CryptoETL/.venv/lib/python3.12/site-packages/airflow/example_dags/example_nested_branch_dag.py
[2026-02-13T13:03:24.782+0100] {processor.py:914} INFO - Processing file /home/gianotti/Documents/CryptoETL/.venv/lib/python3.12/site-packages/airflow/example_dags/example_nested_branch_dag.py for tasks to queue
[2026-02-13T13:03:24.784+0100] {logging_mixin.py:190} INFO - [2026-02-13T13:03:24.784+0100] {dagbag.py:588} INFO - Filling up the DagBag from /home/gianotti/Documents/CryptoETL/.venv/lib/python3.12/site-packages/airflow/example_dags/example_nested_branch_dag.py
[2026-02-13T13:03:24.805+0100] {processor.py:925} INFO - DAG(s) 'example_nested_branch_dag' retrieved from /home/gianotti/Documents/CryptoETL/.venv/lib/python3.12/site-packages/airflow/example_dags/example_nested_branch_dag.py
[2026-02-13T13:03:24.822+0100] {logging_mixin.py:190} INFO - [2026-02-13T13:03:24.822+0100] {dag.py:3239} INFO - Sync 1 DAGs
[2026-02-13T13:03:24.838+0100] {logging_mixin.py:190} INFO - [2026-02-13T13:03:24.838+0100] {dag.py:4180} INFO - Setting next_dagrun for example_nested_branch_dag to 2026-02-12 00:00:00+00:00, run_after=2026-02-13 00:00:00+00:00
[2026-02-13T13:03:24.855+0100] {processor.py:208} INFO - Processing /home/gianotti/Documents/CryptoETL/.venv/lib/python3.12/site-packages/airflow/example_dags/example_nested_branch_dag.py took 0.085 seconds
[2026-02-13T13:04:25.370+0100] {processor.py:186} INFO - Started process (PID=36059) to work on /home/gianotti/Documents/CryptoETL/.venv/lib/python3.12/site-packages/airflow/example_dags/example_nested_branch_dag.py
[2026-02-13T13:04:25.373+0100] {processor.py:914} INFO - Processing file /home/gianotti/Documents/CryptoETL/.venv/lib/python3.12/site-packages/airflow/example_dags/example_nested_branch_dag.py for tasks to queue
[2026-02-13T13:04:25.375+0100] {logging_mixin.py:190} INFO - [2026-02-13T13:04:25.374+0100] {dagbag.py:588} INFO - Filling up the DagBag from /home/gianotti/Documents/CryptoETL/.venv/lib/python3.12/site-packages/airflow/example_dags/example_nested_branch_dag.py
[2026-02-13T13:04:25.396+0100] {processor.py:925} INFO - DAG(s) 'example_nested_branch_dag' retrieved from /home/gianotti/Documents/CryptoETL/.venv/lib/python3.12/site-packages/airflow/example_dags/example_nested_branch_dag.py
[2026-02-13T13:04:25.422+0100] {logging_mixin.py:190} INFO - [2026-02-13T13:04:25.421+0100] {dag.py:3239} INFO - Sync 1 DAGs
[2026-02-13T13:04:25.456+0100] {logging_mixin.py:190} INFO - [2026-02-13T13:04:25.456+0100] {dag.py:4180} INFO - Setting next_dagrun for example_nested_branch_dag to 2026-02-12 00:00:00+00:00, run_after=2026-02-13 00:00:00+00:00
[2026-02-13T13:04:25.488+0100] {processor.py:208} INFO - Processing /home/gianotti/Documents/CryptoETL/.venv/lib/python3.12/site-packages/airflow/example_dags/example_nested_branch_dag.py took 0.127 seconds
[2026-02-13T13:05:30.016+0100] {processor.py:186} INFO - Started process (PID=36172) to work on /home/gianotti/Documents/CryptoETL/.venv/lib/python3.12/site-packages/airflow/example_dags/example_nested_branch_dag.py
[2026-02-13T13:05:30.019+0100] {processor.py:914} INFO - Processing file /home/gianotti/Documents/CryptoETL/.venv/lib/python3.12/site-packages/airflow/example_dags/example_nested_branch_dag.py for tasks to queue
[2026-02-13T13:05:30.022+0100] {logging_mixin.py:190} INFO - [2026-02-13T13:05:30.021+0100] {dagbag.py:588} INFO - Filling up the DagBag from /home/gianotti/Documents/CryptoETL/.venv/lib/python3.12/site-packages/airflow/example_dags/example_nested_branch_dag.py
[2026-02-13T13:05:30.042+0100] {processor.py:925} INFO - DAG(s) 'example_nested_branch_dag' retrieved from /home/gianotti/Documents/CryptoETL/.venv/lib/python3.12/site-packages/airflow/example_dags/example_nested_branch_dag.py
[2026-02-13T13:05:30.067+0100] {logging_mixin.py:190} INFO - [2026-02-13T13:05:30.067+0100] {dag.py:3239} INFO - Sync 1 DAGs
[2026-02-13T13:05:30.103+0100] {logging_mixin.py:190} INFO - [2026-02-13T13:05:30.102+0100] {dag.py:4180} INFO - Setting next_dagrun for example_nested_branch_dag to 2026-02-12 00:00:00+00:00, run_after=2026-02-13 00:00:00+00:00
[2026-02-13T13:05:30.134+0100] {processor.py:208} INFO - Processing /home/gianotti/Documents/CryptoETL/.venv/lib/python3.12/site-packages/airflow/example_dags/example_nested_branch_dag.py took 0.127 seconds
[2026-02-13T13:06:37.176+0100] {processor.py:186} INFO - Started process (PID=36282) to work on /home/gianotti/Documents/CryptoETL/.venv/lib/python3.12/site-packages/airflow/example_dags/example_nested_branch_dag.py
[2026-02-13T13:06:37.178+0100] {processor.py:914} INFO - Processing file /home/gianotti/Documents/CryptoETL/.venv/lib/python3.12/site-packages/airflow/example_dags/example_nested_branch_dag.py for tasks to queue
[2026-02-13T13:06:37.180+0100] {logging_mixin.py:190} INFO - [2026-02-13T13:06:37.180+0100] {dagbag.py:588} INFO - Filling up the DagBag from /home/gianotti/Documents/CryptoETL/.venv/lib/python3.12/site-packages/airflow/example_dags/example_nested_branch_dag.py
[2026-02-13T13:06:37.201+0100] {processor.py:925} INFO - DAG(s) 'example_nested_branch_dag' retrieved from /home/gianotti/Documents/CryptoETL/.venv/lib/python3.12/site-packages/airflow/example_dags/example_nested_branch_dag.py
[2026-02-13T13:06:37.228+0100] {logging_mixin.py:190} INFO - [2026-02-13T13:06:37.227+0100] {dag.py:3239} INFO - Sync 1 DAGs
[2026-02-13T13:06:37.263+0100] {logging_mixin.py:190} INFO - [2026-02-13T13:06:37.263+0100] {dag.py:4180} INFO - Setting next_dagrun for example_nested_branch_dag to 2026-02-12 00:00:00+00:00, run_after=2026-02-13 00:00:00+00:00
[2026-02-13T13:06:37.296+0100] {processor.py:208} INFO - Processing /home/gianotti/Documents/CryptoETL/.venv/lib/python3.12/site-packages/airflow/example_dags/example_nested_branch_dag.py took 0.130 seconds
[2026-02-13T13:07:46.421+0100] {processor.py:186} INFO - Started process (PID=36369) to work on /home/gianotti/Documents/CryptoETL/.venv/lib/python3.12/site-packages/airflow/example_dags/example_nested_branch_dag.py
[2026-02-13T13:07:46.424+0100] {processor.py:914} INFO - Processing file /home/gianotti/Documents/CryptoETL/.venv/lib/python3.12/site-packages/airflow/example_dags/example_nested_branch_dag.py for tasks to queue
[2026-02-13T13:07:46.425+0100] {logging_mixin.py:190} INFO - [2026-02-13T13:07:46.425+0100] {dagbag.py:588} INFO - Filling up the DagBag from /home/gianotti/Documents/CryptoETL/.venv/lib/python3.12/site-packages/airflow/example_dags/example_nested_branch_dag.py
[2026-02-13T13:07:46.444+0100] {processor.py:925} INFO - DAG(s) 'example_nested_branch_dag' retrieved from /home/gianotti/Documents/CryptoETL/.venv/lib/python3.12/site-packages/airflow/example_dags/example_nested_branch_dag.py
[2026-02-13T13:07:46.469+0100] {logging_mixin.py:190} INFO - [2026-02-13T13:07:46.468+0100] {dag.py:3239} INFO - Sync 1 DAGs
[2026-02-13T13:07:46.501+0100] {logging_mixin.py:190} INFO - [2026-02-13T13:07:46.500+0100] {dag.py:4180} INFO - Setting next_dagrun for example_nested_branch_dag to 2026-02-12 00:00:00+00:00, run_after=2026-02-13 00:00:00+00:00
[2026-02-13T13:07:46.531+0100] {processor.py:208} INFO - Processing /home/gianotti/Documents/CryptoETL/.venv/lib/python3.12/site-packages/airflow/example_dags/example_nested_branch_dag.py took 0.118 seconds
[2026-02-13T13:08:52.611+0100] {processor.py:186} INFO - Started process (PID=36494) to work on /home/gianotti/Documents/CryptoETL/.venv/lib/python3.12/site-packages/airflow/example_dags/example_nested_branch_dag.py
[2026-02-13T13:08:52.614+0100] {processor.py:914} INFO - Processing file /home/gianotti/Documents/CryptoETL/.venv/lib/python3.12/site-packages/airflow/example_dags/example_nested_branch_dag.py for tasks to queue
[2026-02-13T13:08:52.616+0100] {logging_mixin.py:190} INFO - [2026-02-13T13:08:52.615+0100] {dagbag.py:588} INFO - Filling up the DagBag from /home/gianotti/Documents/CryptoETL/.venv/lib/python3.12/site-packages/airflow/example_dags/example_nested_branch_dag.py
[2026-02-13T13:08:52.636+0100] {processor.py:925} INFO - DAG(s) 'example_nested_branch_dag' retrieved from /home/gianotti/Documents/CryptoETL/.venv/lib/python3.12/site-packages/airflow/example_dags/example_nested_branch_dag.py
[2026-02-13T13:08:52.664+0100] {logging_mixin.py:190} INFO - [2026-02-13T13:08:52.664+0100] {dag.py:3239} INFO - Sync 1 DAGs
[2026-02-13T13:08:52.697+0100] {logging_mixin.py:190} INFO - [2026-02-13T13:08:52.697+0100] {dag.py:4180} INFO - Setting next_dagrun for example_nested_branch_dag to 2026-02-12 00:00:00+00:00, run_after=2026-02-13 00:00:00+00:00
[2026-02-13T13:08:52.730+0100] {processor.py:208} INFO - Processing /home/gianotti/Documents/CryptoETL/.venv/lib/python3.12/site-packages/airflow/example_dags/example_nested_branch_dag.py took 0.128 seconds
[2026-02-13T13:10:00.953+0100] {processor.py:186} INFO - Started process (PID=36616) to work on /home/gianotti/Documents/CryptoETL/.venv/lib/python3.12/site-packages/airflow/example_dags/example_nested_branch_dag.py
[2026-02-13T13:10:00.954+0100] {processor.py:914} INFO - Processing file /home/gianotti/Documents/CryptoETL/.venv/lib/python3.12/site-packages/airflow/example_dags/example_nested_branch_dag.py for tasks to queue
[2026-02-13T13:10:00.956+0100] {logging_mixin.py:190} INFO - [2026-02-13T13:10:00.955+0100] {dagbag.py:588} INFO - Filling up the DagBag from /home/gianotti/Documents/CryptoETL/.venv/lib/python3.12/site-packages/airflow/example_dags/example_nested_branch_dag.py
[2026-02-13T13:10:00.976+0100] {processor.py:925} INFO - DAG(s) 'example_nested_branch_dag' retrieved from /home/gianotti/Documents/CryptoETL/.venv/lib/python3.12/site-packages/airflow/example_dags/example_nested_branch_dag.py
[2026-02-13T13:10:01.002+0100] {logging_mixin.py:190} INFO - [2026-02-13T13:10:01.001+0100] {dag.py:3239} INFO - Sync 1 DAGs
[2026-02-13T13:10:01.039+0100] {logging_mixin.py:190} INFO - [2026-02-13T13:10:01.038+0100] {dag.py:4180} INFO - Setting next_dagrun for example_nested_branch_dag to 2026-02-12 00:00:00+00:00, run_after=2026-02-13 00:00:00+00:00
[2026-02-13T13:10:01.071+0100] {processor.py:208} INFO - Processing /home/gianotti/Documents/CryptoETL/.venv/lib/python3.12/site-packages/airflow/example_dags/example_nested_branch_dag.py took 0.127 seconds
[2026-02-13T13:11:05.940+0100] {processor.py:186} INFO - Started process (PID=36733) to work on /home/gianotti/Documents/CryptoETL/.venv/lib/python3.12/site-packages/airflow/example_dags/example_nested_branch_dag.py
[2026-02-13T13:11:05.943+0100] {processor.py:914} INFO - Processing file /home/gianotti/Documents/CryptoETL/.venv/lib/python3.12/site-packages/airflow/example_dags/example_nested_branch_dag.py for tasks to queue
[2026-02-13T13:11:05.945+0100] {logging_mixin.py:190} INFO - [2026-02-13T13:11:05.945+0100] {dagbag.py:588} INFO - Filling up the DagBag from /home/gianotti/Documents/CryptoETL/.venv/lib/python3.12/site-packages/airflow/example_dags/example_nested_branch_dag.py
[2026-02-13T13:11:05.969+0100] {processor.py:925} INFO - DAG(s) 'example_nested_branch_dag' retrieved from /home/gianotti/Documents/CryptoETL/.venv/lib/python3.12/site-packages/airflow/example_dags/example_nested_branch_dag.py
[2026-02-13T13:11:06.001+0100] {logging_mixin.py:190} INFO - [2026-02-13T13:11:06.000+0100] {dag.py:3239} INFO - Sync 1 DAGs
[2026-02-13T13:11:06.040+0100] {logging_mixin.py:190} INFO - [2026-02-13T13:11:06.039+0100] {dag.py:4180} INFO - Setting next_dagrun for example_nested_branch_dag to 2026-02-12 00:00:00+00:00, run_after=2026-02-13 00:00:00+00:00
[2026-02-13T13:11:06.079+0100] {processor.py:208} INFO - Processing /home/gianotti/Documents/CryptoETL/.venv/lib/python3.12/site-packages/airflow/example_dags/example_nested_branch_dag.py took 0.149 seconds
[2026-02-13T13:12:13.921+0100] {processor.py:186} INFO - Started process (PID=36849) to work on /home/gianotti/Documents/CryptoETL/.venv/lib/python3.12/site-packages/airflow/example_dags/example_nested_branch_dag.py
[2026-02-13T13:12:13.924+0100] {processor.py:914} INFO - Processing file /home/gianotti/Documents/CryptoETL/.venv/lib/python3.12/site-packages/airflow/example_dags/example_nested_branch_dag.py for tasks to queue
[2026-02-13T13:12:13.925+0100] {logging_mixin.py:190} INFO - [2026-02-13T13:12:13.925+0100] {dagbag.py:588} INFO - Filling up the DagBag from /home/gianotti/Documents/CryptoETL/.venv/lib/python3.12/site-packages/airflow/example_dags/example_nested_branch_dag.py
[2026-02-13T13:12:13.945+0100] {processor.py:925} INFO - DAG(s) 'example_nested_branch_dag' retrieved from /home/gianotti/Documents/CryptoETL/.venv/lib/python3.12/site-packages/airflow/example_dags/example_nested_branch_dag.py
[2026-02-13T13:12:13.971+0100] {logging_mixin.py:190} INFO - [2026-02-13T13:12:13.971+0100] {dag.py:3239} INFO - Sync 1 DAGs
[2026-02-13T13:12:14.005+0100] {logging_mixin.py:190} INFO - [2026-02-13T13:12:14.005+0100] {dag.py:4180} INFO - Setting next_dagrun for example_nested_branch_dag to 2026-02-12 00:00:00+00:00, run_after=2026-02-13 00:00:00+00:00
[2026-02-13T13:12:14.038+0100] {processor.py:208} INFO - Processing /home/gianotti/Documents/CryptoETL/.venv/lib/python3.12/site-packages/airflow/example_dags/example_nested_branch_dag.py took 0.126 seconds
[2026-02-13T13:13:16.117+0100] {processor.py:186} INFO - Started process (PID=36951) to work on /home/gianotti/Documents/CryptoETL/.venv/lib/python3.12/site-packages/airflow/example_dags/example_nested_branch_dag.py
[2026-02-13T13:13:16.120+0100] {processor.py:914} INFO - Processing file /home/gianotti/Documents/CryptoETL/.venv/lib/python3.12/site-packages/airflow/example_dags/example_nested_branch_dag.py for tasks to queue
[2026-02-13T13:13:16.122+0100] {logging_mixin.py:190} INFO - [2026-02-13T13:13:16.121+0100] {dagbag.py:588} INFO - Filling up the DagBag from /home/gianotti/Documents/CryptoETL/.venv/lib/python3.12/site-packages/airflow/example_dags/example_nested_branch_dag.py
[2026-02-13T13:13:16.146+0100] {processor.py:925} INFO - DAG(s) 'example_nested_branch_dag' retrieved from /home/gianotti/Documents/CryptoETL/.venv/lib/python3.12/site-packages/airflow/example_dags/example_nested_branch_dag.py
[2026-02-13T13:13:16.176+0100] {logging_mixin.py:190} INFO - [2026-02-13T13:13:16.175+0100] {dag.py:3239} INFO - Sync 1 DAGs
[2026-02-13T13:13:16.214+0100] {logging_mixin.py:190} INFO - [2026-02-13T13:13:16.213+0100] {dag.py:4180} INFO - Setting next_dagrun for example_nested_branch_dag to 2026-02-12 00:00:00+00:00, run_after=2026-02-13 00:00:00+00:00
[2026-02-13T13:13:16.250+0100] {processor.py:208} INFO - Processing /home/gianotti/Documents/CryptoETL/.venv/lib/python3.12/site-packages/airflow/example_dags/example_nested_branch_dag.py took 0.143 seconds
[2026-02-13T13:14:21.692+0100] {processor.py:186} INFO - Started process (PID=37138) to work on /home/gianotti/Documents/CryptoETL/.venv/lib/python3.12/site-packages/airflow/example_dags/example_nested_branch_dag.py
[2026-02-13T13:14:21.695+0100] {processor.py:914} INFO - Processing file /home/gianotti/Documents/CryptoETL/.venv/lib/python3.12/site-packages/airflow/example_dags/example_nested_branch_dag.py for tasks to queue
[2026-02-13T13:14:21.697+0100] {logging_mixin.py:190} INFO - [2026-02-13T13:14:21.697+0100] {dagbag.py:588} INFO - Filling up the DagBag from /home/gianotti/Documents/CryptoETL/.venv/lib/python3.12/site-packages/airflow/example_dags/example_nested_branch_dag.py
[2026-02-13T13:14:21.717+0100] {processor.py:925} INFO - DAG(s) 'example_nested_branch_dag' retrieved from /home/gianotti/Documents/CryptoETL/.venv/lib/python3.12/site-packages/airflow/example_dags/example_nested_branch_dag.py
[2026-02-13T13:14:21.742+0100] {logging_mixin.py:190} INFO - [2026-02-13T13:14:21.741+0100] {dag.py:3239} INFO - Sync 1 DAGs
[2026-02-13T13:14:21.774+0100] {logging_mixin.py:190} INFO - [2026-02-13T13:14:21.773+0100] {dag.py:4180} INFO - Setting next_dagrun for example_nested_branch_dag to 2026-02-12 00:00:00+00:00, run_after=2026-02-13 00:00:00+00:00
[2026-02-13T13:14:21.804+0100] {processor.py:208} INFO - Processing /home/gianotti/Documents/CryptoETL/.venv/lib/python3.12/site-packages/airflow/example_dags/example_nested_branch_dag.py took 0.121 seconds
[2026-02-13T13:15:27.941+0100] {processor.py:186} INFO - Started process (PID=37257) to work on /home/gianotti/Documents/CryptoETL/.venv/lib/python3.12/site-packages/airflow/example_dags/example_nested_branch_dag.py
[2026-02-13T13:15:27.944+0100] {processor.py:914} INFO - Processing file /home/gianotti/Documents/CryptoETL/.venv/lib/python3.12/site-packages/airflow/example_dags/example_nested_branch_dag.py for tasks to queue
[2026-02-13T13:15:27.946+0100] {logging_mixin.py:190} INFO - [2026-02-13T13:15:27.945+0100] {dagbag.py:588} INFO - Filling up the DagBag from /home/gianotti/Documents/CryptoETL/.venv/lib/python3.12/site-packages/airflow/example_dags/example_nested_branch_dag.py
[2026-02-13T13:15:27.969+0100] {processor.py:925} INFO - DAG(s) 'example_nested_branch_dag' retrieved from /home/gianotti/Documents/CryptoETL/.venv/lib/python3.12/site-packages/airflow/example_dags/example_nested_branch_dag.py
[2026-02-13T13:15:27.996+0100] {logging_mixin.py:190} INFO - [2026-02-13T13:15:27.996+0100] {dag.py:3239} INFO - Sync 1 DAGs
[2026-02-13T13:15:28.034+0100] {logging_mixin.py:190} INFO - [2026-02-13T13:15:28.033+0100] {dag.py:4180} INFO - Setting next_dagrun for example_nested_branch_dag to 2026-02-12 00:00:00+00:00, run_after=2026-02-13 00:00:00+00:00
[2026-02-13T13:15:28.066+0100] {processor.py:208} INFO - Processing /home/gianotti/Documents/CryptoETL/.venv/lib/python3.12/site-packages/airflow/example_dags/example_nested_branch_dag.py took 0.135 seconds
[2026-02-13T13:16:33.507+0100] {processor.py:186} INFO - Started process (PID=37446) to work on /home/gianotti/Documents/CryptoETL/.venv/lib/python3.12/site-packages/airflow/example_dags/example_nested_branch_dag.py
[2026-02-13T13:16:33.510+0100] {processor.py:914} INFO - Processing file /home/gianotti/Documents/CryptoETL/.venv/lib/python3.12/site-packages/airflow/example_dags/example_nested_branch_dag.py for tasks to queue
[2026-02-13T13:16:33.512+0100] {logging_mixin.py:190} INFO - [2026-02-13T13:16:33.511+0100] {dagbag.py:588} INFO - Filling up the DagBag from /home/gianotti/Documents/CryptoETL/.venv/lib/python3.12/site-packages/airflow/example_dags/example_nested_branch_dag.py
[2026-02-13T13:16:33.532+0100] {processor.py:925} INFO - DAG(s) 'example_nested_branch_dag' retrieved from /home/gianotti/Documents/CryptoETL/.venv/lib/python3.12/site-packages/airflow/example_dags/example_nested_branch_dag.py
[2026-02-13T13:16:33.563+0100] {logging_mixin.py:190} INFO - [2026-02-13T13:16:33.563+0100] {dag.py:3239} INFO - Sync 1 DAGs
[2026-02-13T13:16:33.598+0100] {logging_mixin.py:190} INFO - [2026-02-13T13:16:33.598+0100] {dag.py:4180} INFO - Setting next_dagrun for example_nested_branch_dag to 2026-02-12 00:00:00+00:00, run_after=2026-02-13 00:00:00+00:00
[2026-02-13T13:16:33.633+0100] {processor.py:208} INFO - Processing /home/gianotti/Documents/CryptoETL/.venv/lib/python3.12/site-packages/airflow/example_dags/example_nested_branch_dag.py took 0.134 seconds
[2026-02-13T13:17:38.405+0100] {processor.py:186} INFO - Started process (PID=37541) to work on /home/gianotti/Documents/CryptoETL/.venv/lib/python3.12/site-packages/airflow/example_dags/example_nested_branch_dag.py
[2026-02-13T13:17:38.408+0100] {processor.py:914} INFO - Processing file /home/gianotti/Documents/CryptoETL/.venv/lib/python3.12/site-packages/airflow/example_dags/example_nested_branch_dag.py for tasks to queue
[2026-02-13T13:17:38.410+0100] {logging_mixin.py:190} INFO - [2026-02-13T13:17:38.409+0100] {dagbag.py:588} INFO - Filling up the DagBag from /home/gianotti/Documents/CryptoETL/.venv/lib/python3.12/site-packages/airflow/example_dags/example_nested_branch_dag.py
[2026-02-13T13:17:38.432+0100] {processor.py:925} INFO - DAG(s) 'example_nested_branch_dag' retrieved from /home/gianotti/Documents/CryptoETL/.venv/lib/python3.12/site-packages/airflow/example_dags/example_nested_branch_dag.py
[2026-02-13T13:17:38.459+0100] {logging_mixin.py:190} INFO - [2026-02-13T13:17:38.459+0100] {dag.py:3239} INFO - Sync 1 DAGs
[2026-02-13T13:17:38.495+0100] {logging_mixin.py:190} INFO - [2026-02-13T13:17:38.494+0100] {dag.py:4180} INFO - Setting next_dagrun for example_nested_branch_dag to 2026-02-12 00:00:00+00:00, run_after=2026-02-13 00:00:00+00:00
[2026-02-13T13:17:38.527+0100] {processor.py:208} INFO - Processing /home/gianotti/Documents/CryptoETL/.venv/lib/python3.12/site-packages/airflow/example_dags/example_nested_branch_dag.py took 0.132 seconds
[2026-02-13T13:18:44.862+0100] {processor.py:186} INFO - Started process (PID=37663) to work on /home/gianotti/Documents/CryptoETL/.venv/lib/python3.12/site-packages/airflow/example_dags/example_nested_branch_dag.py
[2026-02-13T13:18:44.866+0100] {processor.py:914} INFO - Processing file /home/gianotti/Documents/CryptoETL/.venv/lib/python3.12/site-packages/airflow/example_dags/example_nested_branch_dag.py for tasks to queue
[2026-02-13T13:18:44.868+0100] {logging_mixin.py:190} INFO - [2026-02-13T13:18:44.867+0100] {dagbag.py:588} INFO - Filling up the DagBag from /home/gianotti/Documents/CryptoETL/.venv/lib/python3.12/site-packages/airflow/example_dags/example_nested_branch_dag.py
[2026-02-13T13:18:44.889+0100] {processor.py:925} INFO - DAG(s) 'example_nested_branch_dag' retrieved from /home/gianotti/Documents/CryptoETL/.venv/lib/python3.12/site-packages/airflow/example_dags/example_nested_branch_dag.py
[2026-02-13T13:18:44.917+0100] {logging_mixin.py:190} INFO - [2026-02-13T13:18:44.916+0100] {dag.py:3239} INFO - Sync 1 DAGs
[2026-02-13T13:18:44.951+0100] {logging_mixin.py:190} INFO - [2026-02-13T13:18:44.951+0100] {dag.py:4180} INFO - Setting next_dagrun for example_nested_branch_dag to 2026-02-12 00:00:00+00:00, run_after=2026-02-13 00:00:00+00:00
[2026-02-13T13:18:44.985+0100] {processor.py:208} INFO - Processing /home/gianotti/Documents/CryptoETL/.venv/lib/python3.12/site-packages/airflow/example_dags/example_nested_branch_dag.py took 0.131 seconds
[2026-02-13T13:19:50.110+0100] {processor.py:186} INFO - Started process (PID=37746) to work on /home/gianotti/Documents/CryptoETL/.venv/lib/python3.12/site-packages/airflow/example_dags/example_nested_branch_dag.py
[2026-02-13T13:19:50.112+0100] {processor.py:914} INFO - Processing file /home/gianotti/Documents/CryptoETL/.venv/lib/python3.12/site-packages/airflow/example_dags/example_nested_branch_dag.py for tasks to queue
[2026-02-13T13:19:50.114+0100] {logging_mixin.py:190} INFO - [2026-02-13T13:19:50.114+0100] {dagbag.py:588} INFO - Filling up the DagBag from /home/gianotti/Documents/CryptoETL/.venv/lib/python3.12/site-packages/airflow/example_dags/example_nested_branch_dag.py
[2026-02-13T13:19:50.136+0100] {processor.py:925} INFO - DAG(s) 'example_nested_branch_dag' retrieved from /home/gianotti/Documents/CryptoETL/.venv/lib/python3.12/site-packages/airflow/example_dags/example_nested_branch_dag.py
[2026-02-13T13:19:50.164+0100] {logging_mixin.py:190} INFO - [2026-02-13T13:19:50.164+0100] {dag.py:3239} INFO - Sync 1 DAGs
[2026-02-13T13:19:50.206+0100] {logging_mixin.py:190} INFO - [2026-02-13T13:19:50.205+0100] {dag.py:4180} INFO - Setting next_dagrun for example_nested_branch_dag to 2026-02-12 00:00:00+00:00, run_after=2026-02-13 00:00:00+00:00
[2026-02-13T13:19:50.244+0100] {processor.py:208} INFO - Processing /home/gianotti/Documents/CryptoETL/.venv/lib/python3.12/site-packages/airflow/example_dags/example_nested_branch_dag.py took 0.143 seconds
[2026-02-13T13:20:57.924+0100] {processor.py:186} INFO - Started process (PID=37852) to work on /home/gianotti/Documents/CryptoETL/.venv/lib/python3.12/site-packages/airflow/example_dags/example_nested_branch_dag.py
[2026-02-13T13:20:57.927+0100] {processor.py:914} INFO - Processing file /home/gianotti/Documents/CryptoETL/.venv/lib/python3.12/site-packages/airflow/example_dags/example_nested_branch_dag.py for tasks to queue
[2026-02-13T13:20:57.929+0100] {logging_mixin.py:190} INFO - [2026-02-13T13:20:57.928+0100] {dagbag.py:588} INFO - Filling up the DagBag from /home/gianotti/Documents/CryptoETL/.venv/lib/python3.12/site-packages/airflow/example_dags/example_nested_branch_dag.py
[2026-02-13T13:20:57.948+0100] {processor.py:925} INFO - DAG(s) 'example_nested_branch_dag' retrieved from /home/gianotti/Documents/CryptoETL/.venv/lib/python3.12/site-packages/airflow/example_dags/example_nested_branch_dag.py
[2026-02-13T13:20:57.973+0100] {logging_mixin.py:190} INFO - [2026-02-13T13:20:57.972+0100] {dag.py:3239} INFO - Sync 1 DAGs
[2026-02-13T13:20:58.006+0100] {logging_mixin.py:190} INFO - [2026-02-13T13:20:58.006+0100] {dag.py:4180} INFO - Setting next_dagrun for example_nested_branch_dag to 2026-02-12 00:00:00+00:00, run_after=2026-02-13 00:00:00+00:00
[2026-02-13T13:20:58.038+0100] {processor.py:208} INFO - Processing /home/gianotti/Documents/CryptoETL/.venv/lib/python3.12/site-packages/airflow/example_dags/example_nested_branch_dag.py took 0.122 seconds
