[2026-02-13T12:55:14.289+0100] {processor.py:186} INFO - Started process (PID=34944) to work on /home/gianotti/Documents/CryptoETL/.venv/lib/python3.12/site-packages/airflow/example_dags/example_subdag_operator.py
[2026-02-13T12:55:14.290+0100] {processor.py:914} INFO - Processing file /home/gianotti/Documents/CryptoETL/.venv/lib/python3.12/site-packages/airflow/example_dags/example_subdag_operator.py for tasks to queue
[2026-02-13T12:55:14.294+0100] {logging_mixin.py:190} INFO - [2026-02-13T12:55:14.293+0100] {dagbag.py:588} INFO - Filling up the DagBag from /home/gianotti/Documents/CryptoETL/.venv/lib/python3.12/site-packages/airflow/example_dags/example_subdag_operator.py
[2026-02-13T12:55:14.334+0100] {processor.py:925} INFO - DAG(s) 'example_subdag_operator.section-1', 'example_subdag_operator.section-2', 'example_subdag_operator' retrieved from /home/gianotti/Documents/CryptoETL/.venv/lib/python3.12/site-packages/airflow/example_dags/example_subdag_operator.py
[2026-02-13T12:55:14.432+0100] {logging_mixin.py:190} INFO - [2026-02-13T12:55:14.431+0100] {override.py:1930} INFO - Created Permission View: can edit on DAG:example_subdag_operator
[2026-02-13T12:55:14.444+0100] {logging_mixin.py:190} INFO - [2026-02-13T12:55:14.443+0100] {override.py:1930} INFO - Created Permission View: can read on DAG:example_subdag_operator
[2026-02-13T12:55:14.452+0100] {logging_mixin.py:190} INFO - [2026-02-13T12:55:14.451+0100] {override.py:1930} INFO - Created Permission View: can delete on DAG:example_subdag_operator
[2026-02-13T12:55:14.466+0100] {logging_mixin.py:190} INFO - [2026-02-13T12:55:14.466+0100] {override.py:1930} INFO - Created Permission View: can create on DAG Run:example_subdag_operator
[2026-02-13T12:55:14.475+0100] {logging_mixin.py:190} INFO - [2026-02-13T12:55:14.475+0100] {override.py:1930} INFO - Created Permission View: can read on DAG Run:example_subdag_operator
[2026-02-13T12:55:14.484+0100] {logging_mixin.py:190} INFO - [2026-02-13T12:55:14.484+0100] {override.py:1930} INFO - Created Permission View: can delete on DAG Run:example_subdag_operator
[2026-02-13T12:55:14.494+0100] {logging_mixin.py:190} INFO - [2026-02-13T12:55:14.494+0100] {override.py:1930} INFO - Created Permission View: menu access on DAG Run:example_subdag_operator
[2026-02-13T12:55:14.495+0100] {logging_mixin.py:190} INFO - [2026-02-13T12:55:14.494+0100] {dag.py:3239} INFO - Sync 3 DAGs
[2026-02-13T12:55:14.512+0100] {logging_mixin.py:190} INFO - [2026-02-13T12:55:14.511+0100] {dag.py:3262} INFO - Creating ORM DAG for example_subdag_operator.section-2
[2026-02-13T12:55:14.513+0100] {logging_mixin.py:190} INFO - [2026-02-13T12:55:14.513+0100] {dag.py:3262} INFO - Creating ORM DAG for example_subdag_operator
[2026-02-13T12:55:14.515+0100] {logging_mixin.py:190} INFO - [2026-02-13T12:55:14.514+0100] {dag.py:3262} INFO - Creating ORM DAG for example_subdag_operator.section-1
[2026-02-13T12:55:14.529+0100] {logging_mixin.py:190} INFO - [2026-02-13T12:55:14.529+0100] {dag.py:4180} INFO - Setting next_dagrun for example_subdag_operator to 2022-01-01 00:00:00+00:00, run_after=2022-01-01 00:00:00+00:00
[2026-02-13T12:55:14.530+0100] {logging_mixin.py:190} INFO - [2026-02-13T12:55:14.530+0100] {dag.py:4180} INFO - Setting next_dagrun for example_subdag_operator.section-1 to None, run_after=None
[2026-02-13T12:55:14.531+0100] {logging_mixin.py:190} INFO - [2026-02-13T12:55:14.531+0100] {dag.py:4180} INFO - Setting next_dagrun for example_subdag_operator.section-2 to None, run_after=None
[2026-02-13T12:55:14.540+0100] {logging_mixin.py:190} INFO - [2026-02-13T12:55:14.540+0100] {dag.py:3239} INFO - Sync 2 DAGs
[2026-02-13T12:55:14.546+0100] {logging_mixin.py:190} INFO - [2026-02-13T12:55:14.546+0100] {dag.py:4180} INFO - Setting next_dagrun for example_subdag_operator.section-1 to None, run_after=None
[2026-02-13T12:55:14.550+0100] {logging_mixin.py:190} INFO - [2026-02-13T12:55:14.550+0100] {dag.py:4180} INFO - Setting next_dagrun for example_subdag_operator.section-2 to None, run_after=None
[2026-02-13T12:55:14.574+0100] {processor.py:208} INFO - Processing /home/gianotti/Documents/CryptoETL/.venv/lib/python3.12/site-packages/airflow/example_dags/example_subdag_operator.py took 0.295 seconds
[2026-02-13T12:56:21.259+0100] {processor.py:186} INFO - Started process (PID=35066) to work on /home/gianotti/Documents/CryptoETL/.venv/lib/python3.12/site-packages/airflow/example_dags/example_subdag_operator.py
[2026-02-13T12:56:21.261+0100] {processor.py:914} INFO - Processing file /home/gianotti/Documents/CryptoETL/.venv/lib/python3.12/site-packages/airflow/example_dags/example_subdag_operator.py for tasks to queue
[2026-02-13T12:56:21.265+0100] {logging_mixin.py:190} INFO - [2026-02-13T12:56:21.264+0100] {dagbag.py:588} INFO - Filling up the DagBag from /home/gianotti/Documents/CryptoETL/.venv/lib/python3.12/site-packages/airflow/example_dags/example_subdag_operator.py
[2026-02-13T12:56:21.305+0100] {processor.py:925} INFO - DAG(s) 'example_subdag_operator.section-1', 'example_subdag_operator.section-2', 'example_subdag_operator' retrieved from /home/gianotti/Documents/CryptoETL/.venv/lib/python3.12/site-packages/airflow/example_dags/example_subdag_operator.py
[2026-02-13T12:56:21.328+0100] {logging_mixin.py:190} INFO - [2026-02-13T12:56:21.327+0100] {dag.py:3239} INFO - Sync 3 DAGs
[2026-02-13T12:56:21.346+0100] {logging_mixin.py:190} INFO - [2026-02-13T12:56:21.346+0100] {dag.py:4180} INFO - Setting next_dagrun for example_subdag_operator to 2022-01-01 00:00:00+00:00, run_after=2022-01-01 00:00:00+00:00
[2026-02-13T12:56:21.349+0100] {logging_mixin.py:190} INFO - [2026-02-13T12:56:21.348+0100] {dag.py:4180} INFO - Setting next_dagrun for example_subdag_operator.section-1 to None, run_after=None
[2026-02-13T12:56:21.349+0100] {logging_mixin.py:190} INFO - [2026-02-13T12:56:21.349+0100] {dag.py:4180} INFO - Setting next_dagrun for example_subdag_operator.section-2 to None, run_after=None
[2026-02-13T12:56:21.353+0100] {logging_mixin.py:190} INFO - [2026-02-13T12:56:21.353+0100] {dag.py:3239} INFO - Sync 2 DAGs
[2026-02-13T12:56:21.356+0100] {logging_mixin.py:190} INFO - [2026-02-13T12:56:21.356+0100] {dag.py:4180} INFO - Setting next_dagrun for example_subdag_operator.section-1 to None, run_after=None
[2026-02-13T12:56:21.356+0100] {logging_mixin.py:190} INFO - [2026-02-13T12:56:21.356+0100] {dag.py:4180} INFO - Setting next_dagrun for example_subdag_operator.section-2 to None, run_after=None
[2026-02-13T12:56:21.370+0100] {processor.py:208} INFO - Processing /home/gianotti/Documents/CryptoETL/.venv/lib/python3.12/site-packages/airflow/example_dags/example_subdag_operator.py took 0.121 seconds
[2026-02-13T12:57:19.016+0100] {processor.py:186} INFO - Started process (PID=35157) to work on /home/gianotti/Documents/CryptoETL/.venv/lib/python3.12/site-packages/airflow/example_dags/example_subdag_operator.py
[2026-02-13T12:57:19.021+0100] {processor.py:914} INFO - Processing file /home/gianotti/Documents/CryptoETL/.venv/lib/python3.12/site-packages/airflow/example_dags/example_subdag_operator.py for tasks to queue
[2026-02-13T12:57:19.026+0100] {logging_mixin.py:190} INFO - [2026-02-13T12:57:19.026+0100] {dagbag.py:588} INFO - Filling up the DagBag from /home/gianotti/Documents/CryptoETL/.venv/lib/python3.12/site-packages/airflow/example_dags/example_subdag_operator.py
[2026-02-13T12:57:19.055+0100] {processor.py:925} INFO - DAG(s) 'example_subdag_operator.section-1', 'example_subdag_operator.section-2', 'example_subdag_operator' retrieved from /home/gianotti/Documents/CryptoETL/.venv/lib/python3.12/site-packages/airflow/example_dags/example_subdag_operator.py
[2026-02-13T12:57:19.071+0100] {logging_mixin.py:190} INFO - [2026-02-13T12:57:19.071+0100] {dag.py:3239} INFO - Sync 3 DAGs
[2026-02-13T12:57:19.087+0100] {logging_mixin.py:190} INFO - [2026-02-13T12:57:19.087+0100] {dag.py:4180} INFO - Setting next_dagrun for example_subdag_operator to 2022-01-01 00:00:00+00:00, run_after=2022-01-01 00:00:00+00:00
[2026-02-13T12:57:19.090+0100] {logging_mixin.py:190} INFO - [2026-02-13T12:57:19.089+0100] {dag.py:4180} INFO - Setting next_dagrun for example_subdag_operator.section-1 to None, run_after=None
[2026-02-13T12:57:19.090+0100] {logging_mixin.py:190} INFO - [2026-02-13T12:57:19.090+0100] {dag.py:4180} INFO - Setting next_dagrun for example_subdag_operator.section-2 to None, run_after=None
[2026-02-13T12:57:19.095+0100] {logging_mixin.py:190} INFO - [2026-02-13T12:57:19.094+0100] {dag.py:3239} INFO - Sync 2 DAGs
[2026-02-13T12:57:19.098+0100] {logging_mixin.py:190} INFO - [2026-02-13T12:57:19.098+0100] {dag.py:4180} INFO - Setting next_dagrun for example_subdag_operator.section-1 to None, run_after=None
[2026-02-13T12:57:19.098+0100] {logging_mixin.py:190} INFO - [2026-02-13T12:57:19.098+0100] {dag.py:4180} INFO - Setting next_dagrun for example_subdag_operator.section-2 to None, run_after=None
[2026-02-13T12:57:19.111+0100] {processor.py:208} INFO - Processing /home/gianotti/Documents/CryptoETL/.venv/lib/python3.12/site-packages/airflow/example_dags/example_subdag_operator.py took 0.105 seconds
[2026-02-13T12:58:17.505+0100] {processor.py:186} INFO - Started process (PID=35273) to work on /home/gianotti/Documents/CryptoETL/.venv/lib/python3.12/site-packages/airflow/example_dags/example_subdag_operator.py
[2026-02-13T12:58:17.508+0100] {processor.py:914} INFO - Processing file /home/gianotti/Documents/CryptoETL/.venv/lib/python3.12/site-packages/airflow/example_dags/example_subdag_operator.py for tasks to queue
[2026-02-13T12:58:17.512+0100] {logging_mixin.py:190} INFO - [2026-02-13T12:58:17.511+0100] {dagbag.py:588} INFO - Filling up the DagBag from /home/gianotti/Documents/CryptoETL/.venv/lib/python3.12/site-packages/airflow/example_dags/example_subdag_operator.py
[2026-02-13T12:58:17.548+0100] {processor.py:925} INFO - DAG(s) 'example_subdag_operator.section-1', 'example_subdag_operator.section-2', 'example_subdag_operator' retrieved from /home/gianotti/Documents/CryptoETL/.venv/lib/python3.12/site-packages/airflow/example_dags/example_subdag_operator.py
[2026-02-13T12:58:17.566+0100] {logging_mixin.py:190} INFO - [2026-02-13T12:58:17.566+0100] {dag.py:3239} INFO - Sync 3 DAGs
[2026-02-13T12:58:17.583+0100] {logging_mixin.py:190} INFO - [2026-02-13T12:58:17.583+0100] {dag.py:4180} INFO - Setting next_dagrun for example_subdag_operator to 2022-01-01 00:00:00+00:00, run_after=2022-01-01 00:00:00+00:00
[2026-02-13T12:58:17.585+0100] {logging_mixin.py:190} INFO - [2026-02-13T12:58:17.585+0100] {dag.py:4180} INFO - Setting next_dagrun for example_subdag_operator.section-1 to None, run_after=None
[2026-02-13T12:58:17.586+0100] {logging_mixin.py:190} INFO - [2026-02-13T12:58:17.586+0100] {dag.py:4180} INFO - Setting next_dagrun for example_subdag_operator.section-2 to None, run_after=None
[2026-02-13T12:58:17.590+0100] {logging_mixin.py:190} INFO - [2026-02-13T12:58:17.590+0100] {dag.py:3239} INFO - Sync 2 DAGs
[2026-02-13T12:58:17.593+0100] {logging_mixin.py:190} INFO - [2026-02-13T12:58:17.593+0100] {dag.py:4180} INFO - Setting next_dagrun for example_subdag_operator.section-1 to None, run_after=None
[2026-02-13T12:58:17.593+0100] {logging_mixin.py:190} INFO - [2026-02-13T12:58:17.593+0100] {dag.py:4180} INFO - Setting next_dagrun for example_subdag_operator.section-2 to None, run_after=None
[2026-02-13T12:58:17.606+0100] {processor.py:208} INFO - Processing /home/gianotti/Documents/CryptoETL/.venv/lib/python3.12/site-packages/airflow/example_dags/example_subdag_operator.py took 0.109 seconds
[2026-02-13T12:59:11.271+0100] {processor.py:186} INFO - Started process (PID=35417) to work on /home/gianotti/Documents/CryptoETL/.venv/lib/python3.12/site-packages/airflow/example_dags/example_subdag_operator.py
[2026-02-13T12:59:11.274+0100] {processor.py:914} INFO - Processing file /home/gianotti/Documents/CryptoETL/.venv/lib/python3.12/site-packages/airflow/example_dags/example_subdag_operator.py for tasks to queue
[2026-02-13T12:59:11.277+0100] {logging_mixin.py:190} INFO - [2026-02-13T12:59:11.276+0100] {dagbag.py:588} INFO - Filling up the DagBag from /home/gianotti/Documents/CryptoETL/.venv/lib/python3.12/site-packages/airflow/example_dags/example_subdag_operator.py
[2026-02-13T12:59:11.314+0100] {processor.py:925} INFO - DAG(s) 'example_subdag_operator.section-1', 'example_subdag_operator.section-2', 'example_subdag_operator' retrieved from /home/gianotti/Documents/CryptoETL/.venv/lib/python3.12/site-packages/airflow/example_dags/example_subdag_operator.py
[2026-02-13T12:59:11.332+0100] {logging_mixin.py:190} INFO - [2026-02-13T12:59:11.331+0100] {dag.py:3239} INFO - Sync 3 DAGs
[2026-02-13T12:59:11.347+0100] {logging_mixin.py:190} INFO - [2026-02-13T12:59:11.347+0100] {dag.py:4180} INFO - Setting next_dagrun for example_subdag_operator to 2022-01-01 00:00:00+00:00, run_after=2022-01-01 00:00:00+00:00
[2026-02-13T12:59:11.350+0100] {logging_mixin.py:190} INFO - [2026-02-13T12:59:11.350+0100] {dag.py:4180} INFO - Setting next_dagrun for example_subdag_operator.section-1 to None, run_after=None
[2026-02-13T12:59:11.350+0100] {logging_mixin.py:190} INFO - [2026-02-13T12:59:11.350+0100] {dag.py:4180} INFO - Setting next_dagrun for example_subdag_operator.section-2 to None, run_after=None
[2026-02-13T12:59:11.355+0100] {logging_mixin.py:190} INFO - [2026-02-13T12:59:11.354+0100] {dag.py:3239} INFO - Sync 2 DAGs
[2026-02-13T12:59:11.357+0100] {logging_mixin.py:190} INFO - [2026-02-13T12:59:11.357+0100] {dag.py:4180} INFO - Setting next_dagrun for example_subdag_operator.section-1 to None, run_after=None
[2026-02-13T12:59:11.358+0100] {logging_mixin.py:190} INFO - [2026-02-13T12:59:11.358+0100] {dag.py:4180} INFO - Setting next_dagrun for example_subdag_operator.section-2 to None, run_after=None
[2026-02-13T12:59:11.370+0100] {processor.py:208} INFO - Processing /home/gianotti/Documents/CryptoETL/.venv/lib/python3.12/site-packages/airflow/example_dags/example_subdag_operator.py took 0.109 seconds
[2026-02-13T13:00:06.620+0100] {processor.py:186} INFO - Started process (PID=35518) to work on /home/gianotti/Documents/CryptoETL/.venv/lib/python3.12/site-packages/airflow/example_dags/example_subdag_operator.py
[2026-02-13T13:00:06.623+0100] {processor.py:914} INFO - Processing file /home/gianotti/Documents/CryptoETL/.venv/lib/python3.12/site-packages/airflow/example_dags/example_subdag_operator.py for tasks to queue
[2026-02-13T13:00:06.625+0100] {logging_mixin.py:190} INFO - [2026-02-13T13:00:06.624+0100] {dagbag.py:588} INFO - Filling up the DagBag from /home/gianotti/Documents/CryptoETL/.venv/lib/python3.12/site-packages/airflow/example_dags/example_subdag_operator.py
[2026-02-13T13:00:06.661+0100] {processor.py:925} INFO - DAG(s) 'example_subdag_operator.section-1', 'example_subdag_operator.section-2', 'example_subdag_operator' retrieved from /home/gianotti/Documents/CryptoETL/.venv/lib/python3.12/site-packages/airflow/example_dags/example_subdag_operator.py
[2026-02-13T13:00:06.674+0100] {logging_mixin.py:190} INFO - [2026-02-13T13:00:06.674+0100] {dag.py:3239} INFO - Sync 3 DAGs
[2026-02-13T13:00:06.692+0100] {logging_mixin.py:190} INFO - [2026-02-13T13:00:06.692+0100] {dag.py:4180} INFO - Setting next_dagrun for example_subdag_operator to 2022-01-01 00:00:00+00:00, run_after=2022-01-01 00:00:00+00:00
[2026-02-13T13:00:06.696+0100] {logging_mixin.py:190} INFO - [2026-02-13T13:00:06.696+0100] {dag.py:4180} INFO - Setting next_dagrun for example_subdag_operator.section-1 to None, run_after=None
[2026-02-13T13:00:06.697+0100] {logging_mixin.py:190} INFO - [2026-02-13T13:00:06.697+0100] {dag.py:4180} INFO - Setting next_dagrun for example_subdag_operator.section-2 to None, run_after=None
[2026-02-13T13:00:06.702+0100] {logging_mixin.py:190} INFO - [2026-02-13T13:00:06.702+0100] {dag.py:3239} INFO - Sync 2 DAGs
[2026-02-13T13:00:06.705+0100] {logging_mixin.py:190} INFO - [2026-02-13T13:00:06.705+0100] {dag.py:4180} INFO - Setting next_dagrun for example_subdag_operator.section-1 to None, run_after=None
[2026-02-13T13:00:06.705+0100] {logging_mixin.py:190} INFO - [2026-02-13T13:00:06.705+0100] {dag.py:4180} INFO - Setting next_dagrun for example_subdag_operator.section-2 to None, run_after=None
[2026-02-13T13:00:06.720+0100] {processor.py:208} INFO - Processing /home/gianotti/Documents/CryptoETL/.venv/lib/python3.12/site-packages/airflow/example_dags/example_subdag_operator.py took 0.111 seconds
[2026-02-13T13:01:03.173+0100] {processor.py:186} INFO - Started process (PID=35626) to work on /home/gianotti/Documents/CryptoETL/.venv/lib/python3.12/site-packages/airflow/example_dags/example_subdag_operator.py
[2026-02-13T13:01:03.175+0100] {processor.py:914} INFO - Processing file /home/gianotti/Documents/CryptoETL/.venv/lib/python3.12/site-packages/airflow/example_dags/example_subdag_operator.py for tasks to queue
[2026-02-13T13:01:03.176+0100] {logging_mixin.py:190} INFO - [2026-02-13T13:01:03.176+0100] {dagbag.py:588} INFO - Filling up the DagBag from /home/gianotti/Documents/CryptoETL/.venv/lib/python3.12/site-packages/airflow/example_dags/example_subdag_operator.py
[2026-02-13T13:01:03.207+0100] {processor.py:925} INFO - DAG(s) 'example_subdag_operator.section-1', 'example_subdag_operator.section-2', 'example_subdag_operator' retrieved from /home/gianotti/Documents/CryptoETL/.venv/lib/python3.12/site-packages/airflow/example_dags/example_subdag_operator.py
[2026-02-13T13:01:03.219+0100] {logging_mixin.py:190} INFO - [2026-02-13T13:01:03.219+0100] {dag.py:3239} INFO - Sync 3 DAGs
[2026-02-13T13:01:03.235+0100] {logging_mixin.py:190} INFO - [2026-02-13T13:01:03.235+0100] {dag.py:4180} INFO - Setting next_dagrun for example_subdag_operator to 2022-01-01 00:00:00+00:00, run_after=2022-01-01 00:00:00+00:00
[2026-02-13T13:01:03.238+0100] {logging_mixin.py:190} INFO - [2026-02-13T13:01:03.237+0100] {dag.py:4180} INFO - Setting next_dagrun for example_subdag_operator.section-1 to None, run_after=None
[2026-02-13T13:01:03.238+0100] {logging_mixin.py:190} INFO - [2026-02-13T13:01:03.238+0100] {dag.py:4180} INFO - Setting next_dagrun for example_subdag_operator.section-2 to None, run_after=None
[2026-02-13T13:01:03.243+0100] {logging_mixin.py:190} INFO - [2026-02-13T13:01:03.242+0100] {dag.py:3239} INFO - Sync 2 DAGs
[2026-02-13T13:01:03.245+0100] {logging_mixin.py:190} INFO - [2026-02-13T13:01:03.245+0100] {dag.py:4180} INFO - Setting next_dagrun for example_subdag_operator.section-1 to None, run_after=None
[2026-02-13T13:01:03.246+0100] {logging_mixin.py:190} INFO - [2026-02-13T13:01:03.245+0100] {dag.py:4180} INFO - Setting next_dagrun for example_subdag_operator.section-2 to None, run_after=None
[2026-02-13T13:01:03.259+0100] {processor.py:208} INFO - Processing /home/gianotti/Documents/CryptoETL/.venv/lib/python3.12/site-packages/airflow/example_dags/example_subdag_operator.py took 0.096 seconds
[2026-02-13T13:02:03.007+0100] {processor.py:186} INFO - Started process (PID=35745) to work on /home/gianotti/Documents/CryptoETL/.venv/lib/python3.12/site-packages/airflow/example_dags/example_subdag_operator.py
[2026-02-13T13:02:03.009+0100] {processor.py:914} INFO - Processing file /home/gianotti/Documents/CryptoETL/.venv/lib/python3.12/site-packages/airflow/example_dags/example_subdag_operator.py for tasks to queue
[2026-02-13T13:02:03.010+0100] {logging_mixin.py:190} INFO - [2026-02-13T13:02:03.010+0100] {dagbag.py:588} INFO - Filling up the DagBag from /home/gianotti/Documents/CryptoETL/.venv/lib/python3.12/site-packages/airflow/example_dags/example_subdag_operator.py
[2026-02-13T13:02:03.036+0100] {processor.py:925} INFO - DAG(s) 'example_subdag_operator.section-1', 'example_subdag_operator.section-2', 'example_subdag_operator' retrieved from /home/gianotti/Documents/CryptoETL/.venv/lib/python3.12/site-packages/airflow/example_dags/example_subdag_operator.py
[2026-02-13T13:02:03.049+0100] {logging_mixin.py:190} INFO - [2026-02-13T13:02:03.048+0100] {dag.py:3239} INFO - Sync 3 DAGs
[2026-02-13T13:02:03.066+0100] {logging_mixin.py:190} INFO - [2026-02-13T13:02:03.065+0100] {dag.py:4180} INFO - Setting next_dagrun for example_subdag_operator to 2022-01-01 00:00:00+00:00, run_after=2022-01-01 00:00:00+00:00
[2026-02-13T13:02:03.068+0100] {logging_mixin.py:190} INFO - [2026-02-13T13:02:03.068+0100] {dag.py:4180} INFO - Setting next_dagrun for example_subdag_operator.section-1 to None, run_after=None
[2026-02-13T13:02:03.069+0100] {logging_mixin.py:190} INFO - [2026-02-13T13:02:03.069+0100] {dag.py:4180} INFO - Setting next_dagrun for example_subdag_operator.section-2 to None, run_after=None
[2026-02-13T13:02:03.074+0100] {logging_mixin.py:190} INFO - [2026-02-13T13:02:03.074+0100] {dag.py:3239} INFO - Sync 2 DAGs
[2026-02-13T13:02:03.077+0100] {logging_mixin.py:190} INFO - [2026-02-13T13:02:03.077+0100] {dag.py:4180} INFO - Setting next_dagrun for example_subdag_operator.section-1 to None, run_after=None
[2026-02-13T13:02:03.077+0100] {logging_mixin.py:190} INFO - [2026-02-13T13:02:03.077+0100] {dag.py:4180} INFO - Setting next_dagrun for example_subdag_operator.section-2 to None, run_after=None
[2026-02-13T13:02:03.090+0100] {processor.py:208} INFO - Processing /home/gianotti/Documents/CryptoETL/.venv/lib/python3.12/site-packages/airflow/example_dags/example_subdag_operator.py took 0.092 seconds
[2026-02-13T13:03:01.813+0100] {processor.py:186} INFO - Started process (PID=35856) to work on /home/gianotti/Documents/CryptoETL/.venv/lib/python3.12/site-packages/airflow/example_dags/example_subdag_operator.py
[2026-02-13T13:03:01.816+0100] {processor.py:914} INFO - Processing file /home/gianotti/Documents/CryptoETL/.venv/lib/python3.12/site-packages/airflow/example_dags/example_subdag_operator.py for tasks to queue
[2026-02-13T13:03:01.817+0100] {logging_mixin.py:190} INFO - [2026-02-13T13:03:01.817+0100] {dagbag.py:588} INFO - Filling up the DagBag from /home/gianotti/Documents/CryptoETL/.venv/lib/python3.12/site-packages/airflow/example_dags/example_subdag_operator.py
[2026-02-13T13:03:01.844+0100] {processor.py:925} INFO - DAG(s) 'example_subdag_operator.section-1', 'example_subdag_operator.section-2', 'example_subdag_operator' retrieved from /home/gianotti/Documents/CryptoETL/.venv/lib/python3.12/site-packages/airflow/example_dags/example_subdag_operator.py
[2026-02-13T13:03:01.862+0100] {logging_mixin.py:190} INFO - [2026-02-13T13:03:01.862+0100] {dag.py:3239} INFO - Sync 3 DAGs
[2026-02-13T13:03:01.881+0100] {logging_mixin.py:190} INFO - [2026-02-13T13:03:01.881+0100] {dag.py:4180} INFO - Setting next_dagrun for example_subdag_operator to 2022-01-01 00:00:00+00:00, run_after=2022-01-01 00:00:00+00:00
[2026-02-13T13:03:01.884+0100] {logging_mixin.py:190} INFO - [2026-02-13T13:03:01.884+0100] {dag.py:4180} INFO - Setting next_dagrun for example_subdag_operator.section-1 to None, run_after=None
[2026-02-13T13:03:01.885+0100] {logging_mixin.py:190} INFO - [2026-02-13T13:03:01.885+0100] {dag.py:4180} INFO - Setting next_dagrun for example_subdag_operator.section-2 to None, run_after=None
[2026-02-13T13:03:01.891+0100] {logging_mixin.py:190} INFO - [2026-02-13T13:03:01.891+0100] {dag.py:3239} INFO - Sync 2 DAGs
[2026-02-13T13:03:01.895+0100] {logging_mixin.py:190} INFO - [2026-02-13T13:03:01.894+0100] {dag.py:4180} INFO - Setting next_dagrun for example_subdag_operator.section-1 to None, run_after=None
[2026-02-13T13:03:01.895+0100] {logging_mixin.py:190} INFO - [2026-02-13T13:03:01.895+0100] {dag.py:4180} INFO - Setting next_dagrun for example_subdag_operator.section-2 to None, run_after=None
[2026-02-13T13:03:01.909+0100] {processor.py:208} INFO - Processing /home/gianotti/Documents/CryptoETL/.venv/lib/python3.12/site-packages/airflow/example_dags/example_subdag_operator.py took 0.102 seconds
[2026-02-13T13:03:58.672+0100] {processor.py:186} INFO - Started process (PID=36000) to work on /home/gianotti/Documents/CryptoETL/.venv/lib/python3.12/site-packages/airflow/example_dags/example_subdag_operator.py
[2026-02-13T13:03:58.673+0100] {processor.py:914} INFO - Processing file /home/gianotti/Documents/CryptoETL/.venv/lib/python3.12/site-packages/airflow/example_dags/example_subdag_operator.py for tasks to queue
[2026-02-13T13:03:58.675+0100] {logging_mixin.py:190} INFO - [2026-02-13T13:03:58.675+0100] {dagbag.py:588} INFO - Filling up the DagBag from /home/gianotti/Documents/CryptoETL/.venv/lib/python3.12/site-packages/airflow/example_dags/example_subdag_operator.py
[2026-02-13T13:03:58.711+0100] {processor.py:925} INFO - DAG(s) 'example_subdag_operator.section-1', 'example_subdag_operator.section-2', 'example_subdag_operator' retrieved from /home/gianotti/Documents/CryptoETL/.venv/lib/python3.12/site-packages/airflow/example_dags/example_subdag_operator.py
[2026-02-13T13:03:58.739+0100] {logging_mixin.py:190} INFO - [2026-02-13T13:03:58.739+0100] {dag.py:3239} INFO - Sync 3 DAGs
[2026-02-13T13:03:58.772+0100] {logging_mixin.py:190} INFO - [2026-02-13T13:03:58.772+0100] {dag.py:4180} INFO - Setting next_dagrun for example_subdag_operator to 2022-01-01 00:00:00+00:00, run_after=2022-01-01 00:00:00+00:00
[2026-02-13T13:03:58.777+0100] {logging_mixin.py:190} INFO - [2026-02-13T13:03:58.777+0100] {dag.py:4180} INFO - Setting next_dagrun for example_subdag_operator.section-1 to None, run_after=None
[2026-02-13T13:03:58.779+0100] {logging_mixin.py:190} INFO - [2026-02-13T13:03:58.779+0100] {dag.py:4180} INFO - Setting next_dagrun for example_subdag_operator.section-2 to None, run_after=None
[2026-02-13T13:03:58.788+0100] {logging_mixin.py:190} INFO - [2026-02-13T13:03:58.788+0100] {dag.py:3239} INFO - Sync 2 DAGs
[2026-02-13T13:03:58.794+0100] {logging_mixin.py:190} INFO - [2026-02-13T13:03:58.793+0100] {dag.py:4180} INFO - Setting next_dagrun for example_subdag_operator.section-1 to None, run_after=None
[2026-02-13T13:03:58.794+0100] {logging_mixin.py:190} INFO - [2026-02-13T13:03:58.794+0100] {dag.py:4180} INFO - Setting next_dagrun for example_subdag_operator.section-2 to None, run_after=None
[2026-02-13T13:03:58.816+0100] {processor.py:208} INFO - Processing /home/gianotti/Documents/CryptoETL/.venv/lib/python3.12/site-packages/airflow/example_dags/example_subdag_operator.py took 0.153 seconds
[2026-02-13T13:05:01.110+0100] {processor.py:186} INFO - Started process (PID=36128) to work on /home/gianotti/Documents/CryptoETL/.venv/lib/python3.12/site-packages/airflow/example_dags/example_subdag_operator.py
[2026-02-13T13:05:01.113+0100] {processor.py:914} INFO - Processing file /home/gianotti/Documents/CryptoETL/.venv/lib/python3.12/site-packages/airflow/example_dags/example_subdag_operator.py for tasks to queue
[2026-02-13T13:05:01.115+0100] {logging_mixin.py:190} INFO - [2026-02-13T13:05:01.115+0100] {dagbag.py:588} INFO - Filling up the DagBag from /home/gianotti/Documents/CryptoETL/.venv/lib/python3.12/site-packages/airflow/example_dags/example_subdag_operator.py
[2026-02-13T13:05:01.153+0100] {processor.py:925} INFO - DAG(s) 'example_subdag_operator.section-1', 'example_subdag_operator.section-2', 'example_subdag_operator' retrieved from /home/gianotti/Documents/CryptoETL/.venv/lib/python3.12/site-packages/airflow/example_dags/example_subdag_operator.py
[2026-02-13T13:05:01.178+0100] {logging_mixin.py:190} INFO - [2026-02-13T13:05:01.178+0100] {dag.py:3239} INFO - Sync 3 DAGs
[2026-02-13T13:05:01.214+0100] {logging_mixin.py:190} INFO - [2026-02-13T13:05:01.213+0100] {dag.py:4180} INFO - Setting next_dagrun for example_subdag_operator to 2022-01-01 00:00:00+00:00, run_after=2022-01-01 00:00:00+00:00
[2026-02-13T13:05:01.219+0100] {logging_mixin.py:190} INFO - [2026-02-13T13:05:01.219+0100] {dag.py:4180} INFO - Setting next_dagrun for example_subdag_operator.section-1 to None, run_after=None
[2026-02-13T13:05:01.221+0100] {logging_mixin.py:190} INFO - [2026-02-13T13:05:01.221+0100] {dag.py:4180} INFO - Setting next_dagrun for example_subdag_operator.section-2 to None, run_after=None
[2026-02-13T13:05:01.231+0100] {logging_mixin.py:190} INFO - [2026-02-13T13:05:01.231+0100] {dag.py:3239} INFO - Sync 2 DAGs
[2026-02-13T13:05:01.238+0100] {logging_mixin.py:190} INFO - [2026-02-13T13:05:01.238+0100] {dag.py:4180} INFO - Setting next_dagrun for example_subdag_operator.section-1 to None, run_after=None
[2026-02-13T13:05:01.239+0100] {logging_mixin.py:190} INFO - [2026-02-13T13:05:01.239+0100] {dag.py:4180} INFO - Setting next_dagrun for example_subdag_operator.section-2 to None, run_after=None
[2026-02-13T13:05:01.266+0100] {processor.py:208} INFO - Processing /home/gianotti/Documents/CryptoETL/.venv/lib/python3.12/site-packages/airflow/example_dags/example_subdag_operator.py took 0.165 seconds
[2026-02-13T13:06:05.867+0100] {processor.py:186} INFO - Started process (PID=36249) to work on /home/gianotti/Documents/CryptoETL/.venv/lib/python3.12/site-packages/airflow/example_dags/example_subdag_operator.py
[2026-02-13T13:06:05.870+0100] {processor.py:914} INFO - Processing file /home/gianotti/Documents/CryptoETL/.venv/lib/python3.12/site-packages/airflow/example_dags/example_subdag_operator.py for tasks to queue
[2026-02-13T13:06:05.872+0100] {logging_mixin.py:190} INFO - [2026-02-13T13:06:05.871+0100] {dagbag.py:588} INFO - Filling up the DagBag from /home/gianotti/Documents/CryptoETL/.venv/lib/python3.12/site-packages/airflow/example_dags/example_subdag_operator.py
[2026-02-13T13:06:05.911+0100] {processor.py:925} INFO - DAG(s) 'example_subdag_operator.section-1', 'example_subdag_operator.section-2', 'example_subdag_operator' retrieved from /home/gianotti/Documents/CryptoETL/.venv/lib/python3.12/site-packages/airflow/example_dags/example_subdag_operator.py
[2026-02-13T13:06:05.936+0100] {logging_mixin.py:190} INFO - [2026-02-13T13:06:05.936+0100] {dag.py:3239} INFO - Sync 3 DAGs
[2026-02-13T13:06:05.970+0100] {logging_mixin.py:190} INFO - [2026-02-13T13:06:05.970+0100] {dag.py:4180} INFO - Setting next_dagrun for example_subdag_operator to 2022-01-01 00:00:00+00:00, run_after=2022-01-01 00:00:00+00:00
[2026-02-13T13:06:05.977+0100] {logging_mixin.py:190} INFO - [2026-02-13T13:06:05.976+0100] {dag.py:4180} INFO - Setting next_dagrun for example_subdag_operator.section-1 to None, run_after=None
[2026-02-13T13:06:05.980+0100] {logging_mixin.py:190} INFO - [2026-02-13T13:06:05.979+0100] {dag.py:4180} INFO - Setting next_dagrun for example_subdag_operator.section-2 to None, run_after=None
[2026-02-13T13:06:05.994+0100] {logging_mixin.py:190} INFO - [2026-02-13T13:06:05.993+0100] {dag.py:3239} INFO - Sync 2 DAGs
[2026-02-13T13:06:06.003+0100] {logging_mixin.py:190} INFO - [2026-02-13T13:06:06.003+0100] {dag.py:4180} INFO - Setting next_dagrun for example_subdag_operator.section-1 to None, run_after=None
[2026-02-13T13:06:06.004+0100] {logging_mixin.py:190} INFO - [2026-02-13T13:06:06.004+0100] {dag.py:4180} INFO - Setting next_dagrun for example_subdag_operator.section-2 to None, run_after=None
[2026-02-13T13:06:06.033+0100] {processor.py:208} INFO - Processing /home/gianotti/Documents/CryptoETL/.venv/lib/python3.12/site-packages/airflow/example_dags/example_subdag_operator.py took 0.175 seconds
[2026-02-13T13:07:11.792+0100] {processor.py:186} INFO - Started process (PID=36327) to work on /home/gianotti/Documents/CryptoETL/.venv/lib/python3.12/site-packages/airflow/example_dags/example_subdag_operator.py
[2026-02-13T13:07:11.795+0100] {processor.py:914} INFO - Processing file /home/gianotti/Documents/CryptoETL/.venv/lib/python3.12/site-packages/airflow/example_dags/example_subdag_operator.py for tasks to queue
[2026-02-13T13:07:11.798+0100] {logging_mixin.py:190} INFO - [2026-02-13T13:07:11.797+0100] {dagbag.py:588} INFO - Filling up the DagBag from /home/gianotti/Documents/CryptoETL/.venv/lib/python3.12/site-packages/airflow/example_dags/example_subdag_operator.py
[2026-02-13T13:07:11.840+0100] {processor.py:925} INFO - DAG(s) 'example_subdag_operator.section-1', 'example_subdag_operator.section-2', 'example_subdag_operator' retrieved from /home/gianotti/Documents/CryptoETL/.venv/lib/python3.12/site-packages/airflow/example_dags/example_subdag_operator.py
[2026-02-13T13:07:11.872+0100] {logging_mixin.py:190} INFO - [2026-02-13T13:07:11.871+0100] {dag.py:3239} INFO - Sync 3 DAGs
[2026-02-13T13:07:11.910+0100] {logging_mixin.py:190} INFO - [2026-02-13T13:07:11.909+0100] {dag.py:4180} INFO - Setting next_dagrun for example_subdag_operator to 2022-01-01 00:00:00+00:00, run_after=2022-01-01 00:00:00+00:00
[2026-02-13T13:07:11.916+0100] {logging_mixin.py:190} INFO - [2026-02-13T13:07:11.916+0100] {dag.py:4180} INFO - Setting next_dagrun for example_subdag_operator.section-1 to None, run_after=None
[2026-02-13T13:07:11.919+0100] {logging_mixin.py:190} INFO - [2026-02-13T13:07:11.919+0100] {dag.py:4180} INFO - Setting next_dagrun for example_subdag_operator.section-2 to None, run_after=None
[2026-02-13T13:07:11.931+0100] {logging_mixin.py:190} INFO - [2026-02-13T13:07:11.931+0100] {dag.py:3239} INFO - Sync 2 DAGs
[2026-02-13T13:07:11.940+0100] {logging_mixin.py:190} INFO - [2026-02-13T13:07:11.940+0100] {dag.py:4180} INFO - Setting next_dagrun for example_subdag_operator.section-1 to None, run_after=None
[2026-02-13T13:07:11.941+0100] {logging_mixin.py:190} INFO - [2026-02-13T13:07:11.940+0100] {dag.py:4180} INFO - Setting next_dagrun for example_subdag_operator.section-2 to None, run_after=None
[2026-02-13T13:07:11.966+0100] {processor.py:208} INFO - Processing /home/gianotti/Documents/CryptoETL/.venv/lib/python3.12/site-packages/airflow/example_dags/example_subdag_operator.py took 0.185 seconds
[2026-02-13T13:08:22.976+0100] {processor.py:186} INFO - Started process (PID=36458) to work on /home/gianotti/Documents/CryptoETL/.venv/lib/python3.12/site-packages/airflow/example_dags/example_subdag_operator.py
[2026-02-13T13:08:22.979+0100] {processor.py:914} INFO - Processing file /home/gianotti/Documents/CryptoETL/.venv/lib/python3.12/site-packages/airflow/example_dags/example_subdag_operator.py for tasks to queue
[2026-02-13T13:08:22.981+0100] {logging_mixin.py:190} INFO - [2026-02-13T13:08:22.981+0100] {dagbag.py:588} INFO - Filling up the DagBag from /home/gianotti/Documents/CryptoETL/.venv/lib/python3.12/site-packages/airflow/example_dags/example_subdag_operator.py
[2026-02-13T13:08:23.019+0100] {processor.py:925} INFO - DAG(s) 'example_subdag_operator.section-1', 'example_subdag_operator.section-2', 'example_subdag_operator' retrieved from /home/gianotti/Documents/CryptoETL/.venv/lib/python3.12/site-packages/airflow/example_dags/example_subdag_operator.py
[2026-02-13T13:08:23.043+0100] {logging_mixin.py:190} INFO - [2026-02-13T13:08:23.042+0100] {dag.py:3239} INFO - Sync 3 DAGs
[2026-02-13T13:08:23.076+0100] {logging_mixin.py:190} INFO - [2026-02-13T13:08:23.075+0100] {dag.py:4180} INFO - Setting next_dagrun for example_subdag_operator to 2022-01-01 00:00:00+00:00, run_after=2022-01-01 00:00:00+00:00
[2026-02-13T13:08:23.081+0100] {logging_mixin.py:190} INFO - [2026-02-13T13:08:23.080+0100] {dag.py:4180} INFO - Setting next_dagrun for example_subdag_operator.section-1 to None, run_after=None
[2026-02-13T13:08:23.083+0100] {logging_mixin.py:190} INFO - [2026-02-13T13:08:23.083+0100] {dag.py:4180} INFO - Setting next_dagrun for example_subdag_operator.section-2 to None, run_after=None
[2026-02-13T13:08:23.092+0100] {logging_mixin.py:190} INFO - [2026-02-13T13:08:23.092+0100] {dag.py:3239} INFO - Sync 2 DAGs
[2026-02-13T13:08:23.100+0100] {logging_mixin.py:190} INFO - [2026-02-13T13:08:23.100+0100] {dag.py:4180} INFO - Setting next_dagrun for example_subdag_operator.section-1 to None, run_after=None
[2026-02-13T13:08:23.101+0100] {logging_mixin.py:190} INFO - [2026-02-13T13:08:23.101+0100] {dag.py:4180} INFO - Setting next_dagrun for example_subdag_operator.section-2 to None, run_after=None
[2026-02-13T13:08:23.125+0100] {processor.py:208} INFO - Processing /home/gianotti/Documents/CryptoETL/.venv/lib/python3.12/site-packages/airflow/example_dags/example_subdag_operator.py took 0.159 seconds
[2026-02-13T13:09:29.533+0100] {processor.py:186} INFO - Started process (PID=36569) to work on /home/gianotti/Documents/CryptoETL/.venv/lib/python3.12/site-packages/airflow/example_dags/example_subdag_operator.py
[2026-02-13T13:09:29.536+0100] {processor.py:914} INFO - Processing file /home/gianotti/Documents/CryptoETL/.venv/lib/python3.12/site-packages/airflow/example_dags/example_subdag_operator.py for tasks to queue
[2026-02-13T13:09:29.538+0100] {logging_mixin.py:190} INFO - [2026-02-13T13:09:29.538+0100] {dagbag.py:588} INFO - Filling up the DagBag from /home/gianotti/Documents/CryptoETL/.venv/lib/python3.12/site-packages/airflow/example_dags/example_subdag_operator.py
[2026-02-13T13:09:29.575+0100] {processor.py:925} INFO - DAG(s) 'example_subdag_operator.section-1', 'example_subdag_operator.section-2', 'example_subdag_operator' retrieved from /home/gianotti/Documents/CryptoETL/.venv/lib/python3.12/site-packages/airflow/example_dags/example_subdag_operator.py
[2026-02-13T13:09:29.598+0100] {logging_mixin.py:190} INFO - [2026-02-13T13:09:29.597+0100] {dag.py:3239} INFO - Sync 3 DAGs
[2026-02-13T13:09:29.630+0100] {logging_mixin.py:190} INFO - [2026-02-13T13:09:29.629+0100] {dag.py:4180} INFO - Setting next_dagrun for example_subdag_operator to 2022-01-01 00:00:00+00:00, run_after=2022-01-01 00:00:00+00:00
[2026-02-13T13:09:29.635+0100] {logging_mixin.py:190} INFO - [2026-02-13T13:09:29.634+0100] {dag.py:4180} INFO - Setting next_dagrun for example_subdag_operator.section-1 to None, run_after=None
[2026-02-13T13:09:29.637+0100] {logging_mixin.py:190} INFO - [2026-02-13T13:09:29.636+0100] {dag.py:4180} INFO - Setting next_dagrun for example_subdag_operator.section-2 to None, run_after=None
[2026-02-13T13:09:29.645+0100] {logging_mixin.py:190} INFO - [2026-02-13T13:09:29.645+0100] {dag.py:3239} INFO - Sync 2 DAGs
[2026-02-13T13:09:29.654+0100] {logging_mixin.py:190} INFO - [2026-02-13T13:09:29.653+0100] {dag.py:4180} INFO - Setting next_dagrun for example_subdag_operator.section-1 to None, run_after=None
[2026-02-13T13:09:29.655+0100] {logging_mixin.py:190} INFO - [2026-02-13T13:09:29.654+0100] {dag.py:4180} INFO - Setting next_dagrun for example_subdag_operator.section-2 to None, run_after=None
[2026-02-13T13:09:29.678+0100] {processor.py:208} INFO - Processing /home/gianotti/Documents/CryptoETL/.venv/lib/python3.12/site-packages/airflow/example_dags/example_subdag_operator.py took 0.153 seconds
[2026-02-13T13:10:41.211+0100] {processor.py:186} INFO - Started process (PID=36701) to work on /home/gianotti/Documents/CryptoETL/.venv/lib/python3.12/site-packages/airflow/example_dags/example_subdag_operator.py
[2026-02-13T13:10:41.214+0100] {processor.py:914} INFO - Processing file /home/gianotti/Documents/CryptoETL/.venv/lib/python3.12/site-packages/airflow/example_dags/example_subdag_operator.py for tasks to queue
[2026-02-13T13:10:41.216+0100] {logging_mixin.py:190} INFO - [2026-02-13T13:10:41.215+0100] {dagbag.py:588} INFO - Filling up the DagBag from /home/gianotti/Documents/CryptoETL/.venv/lib/python3.12/site-packages/airflow/example_dags/example_subdag_operator.py
[2026-02-13T13:10:41.259+0100] {processor.py:925} INFO - DAG(s) 'example_subdag_operator.section-1', 'example_subdag_operator.section-2', 'example_subdag_operator' retrieved from /home/gianotti/Documents/CryptoETL/.venv/lib/python3.12/site-packages/airflow/example_dags/example_subdag_operator.py
[2026-02-13T13:10:41.283+0100] {logging_mixin.py:190} INFO - [2026-02-13T13:10:41.283+0100] {dag.py:3239} INFO - Sync 3 DAGs
[2026-02-13T13:10:41.318+0100] {logging_mixin.py:190} INFO - [2026-02-13T13:10:41.318+0100] {dag.py:4180} INFO - Setting next_dagrun for example_subdag_operator to 2022-01-01 00:00:00+00:00, run_after=2022-01-01 00:00:00+00:00
[2026-02-13T13:10:41.324+0100] {logging_mixin.py:190} INFO - [2026-02-13T13:10:41.324+0100] {dag.py:4180} INFO - Setting next_dagrun for example_subdag_operator.section-1 to None, run_after=None
[2026-02-13T13:10:41.326+0100] {logging_mixin.py:190} INFO - [2026-02-13T13:10:41.325+0100] {dag.py:4180} INFO - Setting next_dagrun for example_subdag_operator.section-2 to None, run_after=None
[2026-02-13T13:10:41.334+0100] {logging_mixin.py:190} INFO - [2026-02-13T13:10:41.334+0100] {dag.py:3239} INFO - Sync 2 DAGs
[2026-02-13T13:10:41.340+0100] {logging_mixin.py:190} INFO - [2026-02-13T13:10:41.340+0100] {dag.py:4180} INFO - Setting next_dagrun for example_subdag_operator.section-1 to None, run_after=None
[2026-02-13T13:10:41.340+0100] {logging_mixin.py:190} INFO - [2026-02-13T13:10:41.340+0100] {dag.py:4180} INFO - Setting next_dagrun for example_subdag_operator.section-2 to None, run_after=None
[2026-02-13T13:10:41.364+0100] {processor.py:208} INFO - Processing /home/gianotti/Documents/CryptoETL/.venv/lib/python3.12/site-packages/airflow/example_dags/example_subdag_operator.py took 0.162 seconds
[2026-02-13T13:11:45.219+0100] {processor.py:186} INFO - Started process (PID=36780) to work on /home/gianotti/Documents/CryptoETL/.venv/lib/python3.12/site-packages/airflow/example_dags/example_subdag_operator.py
[2026-02-13T13:11:45.221+0100] {processor.py:914} INFO - Processing file /home/gianotti/Documents/CryptoETL/.venv/lib/python3.12/site-packages/airflow/example_dags/example_subdag_operator.py for tasks to queue
[2026-02-13T13:11:45.224+0100] {logging_mixin.py:190} INFO - [2026-02-13T13:11:45.223+0100] {dagbag.py:588} INFO - Filling up the DagBag from /home/gianotti/Documents/CryptoETL/.venv/lib/python3.12/site-packages/airflow/example_dags/example_subdag_operator.py
[2026-02-13T13:11:45.263+0100] {processor.py:925} INFO - DAG(s) 'example_subdag_operator.section-1', 'example_subdag_operator.section-2', 'example_subdag_operator' retrieved from /home/gianotti/Documents/CryptoETL/.venv/lib/python3.12/site-packages/airflow/example_dags/example_subdag_operator.py
[2026-02-13T13:11:45.288+0100] {logging_mixin.py:190} INFO - [2026-02-13T13:11:45.288+0100] {dag.py:3239} INFO - Sync 3 DAGs
[2026-02-13T13:11:45.323+0100] {logging_mixin.py:190} INFO - [2026-02-13T13:11:45.322+0100] {dag.py:4180} INFO - Setting next_dagrun for example_subdag_operator to 2022-01-01 00:00:00+00:00, run_after=2022-01-01 00:00:00+00:00
[2026-02-13T13:11:45.328+0100] {logging_mixin.py:190} INFO - [2026-02-13T13:11:45.328+0100] {dag.py:4180} INFO - Setting next_dagrun for example_subdag_operator.section-1 to None, run_after=None
[2026-02-13T13:11:45.330+0100] {logging_mixin.py:190} INFO - [2026-02-13T13:11:45.330+0100] {dag.py:4180} INFO - Setting next_dagrun for example_subdag_operator.section-2 to None, run_after=None
[2026-02-13T13:11:45.340+0100] {logging_mixin.py:190} INFO - [2026-02-13T13:11:45.339+0100] {dag.py:3239} INFO - Sync 2 DAGs
[2026-02-13T13:11:45.346+0100] {logging_mixin.py:190} INFO - [2026-02-13T13:11:45.346+0100] {dag.py:4180} INFO - Setting next_dagrun for example_subdag_operator.section-1 to None, run_after=None
[2026-02-13T13:11:45.347+0100] {logging_mixin.py:190} INFO - [2026-02-13T13:11:45.346+0100] {dag.py:4180} INFO - Setting next_dagrun for example_subdag_operator.section-2 to None, run_after=None
[2026-02-13T13:11:45.369+0100] {processor.py:208} INFO - Processing /home/gianotti/Documents/CryptoETL/.venv/lib/python3.12/site-packages/airflow/example_dags/example_subdag_operator.py took 0.160 seconds
