[2026-02-13T12:56:01.874+0100] {processor.py:186} INFO - Started process (PID=34997) to work on /home/gianotti/Documents/CryptoETL/.venv/lib/python3.12/site-packages/airflow/example_dags/example_bash_operator.py
[2026-02-13T12:56:01.876+0100] {processor.py:914} INFO - Processing file /home/gianotti/Documents/CryptoETL/.venv/lib/python3.12/site-packages/airflow/example_dags/example_bash_operator.py for tasks to queue
[2026-02-13T12:56:01.879+0100] {logging_mixin.py:190} INFO - [2026-02-13T12:56:01.878+0100] {dagbag.py:588} INFO - Filling up the DagBag from /home/gianotti/Documents/CryptoETL/.venv/lib/python3.12/site-packages/airflow/example_dags/example_bash_operator.py
[2026-02-13T12:56:01.903+0100] {processor.py:925} INFO - DAG(s) 'example_bash_operator' retrieved from /home/gianotti/Documents/CryptoETL/.venv/lib/python3.12/site-packages/airflow/example_dags/example_bash_operator.py
[2026-02-13T12:56:02.006+0100] {logging_mixin.py:190} INFO - [2026-02-13T12:56:02.005+0100] {override.py:1930} INFO - Created Permission View: can edit on DAG:example_bash_operator
[2026-02-13T12:56:02.018+0100] {logging_mixin.py:190} INFO - [2026-02-13T12:56:02.018+0100] {override.py:1930} INFO - Created Permission View: can read on DAG:example_bash_operator
[2026-02-13T12:56:02.029+0100] {logging_mixin.py:190} INFO - [2026-02-13T12:56:02.028+0100] {override.py:1930} INFO - Created Permission View: can delete on DAG:example_bash_operator
[2026-02-13T12:56:02.048+0100] {logging_mixin.py:190} INFO - [2026-02-13T12:56:02.047+0100] {override.py:1930} INFO - Created Permission View: can create on DAG Run:example_bash_operator
[2026-02-13T12:56:02.059+0100] {logging_mixin.py:190} INFO - [2026-02-13T12:56:02.059+0100] {override.py:1930} INFO - Created Permission View: can read on DAG Run:example_bash_operator
[2026-02-13T12:56:02.073+0100] {logging_mixin.py:190} INFO - [2026-02-13T12:56:02.072+0100] {override.py:1930} INFO - Created Permission View: can delete on DAG Run:example_bash_operator
[2026-02-13T12:56:02.087+0100] {logging_mixin.py:190} INFO - [2026-02-13T12:56:02.086+0100] {override.py:1930} INFO - Created Permission View: menu access on DAG Run:example_bash_operator
[2026-02-13T12:56:02.088+0100] {logging_mixin.py:190} INFO - [2026-02-13T12:56:02.087+0100] {dag.py:3239} INFO - Sync 1 DAGs
[2026-02-13T12:56:02.111+0100] {logging_mixin.py:190} INFO - [2026-02-13T12:56:02.110+0100] {dag.py:3262} INFO - Creating ORM DAG for example_bash_operator
[2026-02-13T12:56:02.126+0100] {logging_mixin.py:190} INFO - [2026-02-13T12:56:02.126+0100] {dag.py:4180} INFO - Setting next_dagrun for example_bash_operator to 2026-02-12 00:00:00+00:00, run_after=2026-02-13 00:00:00+00:00
[2026-02-13T12:56:02.147+0100] {processor.py:208} INFO - Processing /home/gianotti/Documents/CryptoETL/.venv/lib/python3.12/site-packages/airflow/example_dags/example_bash_operator.py took 0.282 seconds
[2026-02-13T12:57:03.157+0100] {processor.py:186} INFO - Started process (PID=35128) to work on /home/gianotti/Documents/CryptoETL/.venv/lib/python3.12/site-packages/airflow/example_dags/example_bash_operator.py
[2026-02-13T12:57:03.160+0100] {processor.py:914} INFO - Processing file /home/gianotti/Documents/CryptoETL/.venv/lib/python3.12/site-packages/airflow/example_dags/example_bash_operator.py for tasks to queue
[2026-02-13T12:57:03.163+0100] {logging_mixin.py:190} INFO - [2026-02-13T12:57:03.162+0100] {dagbag.py:588} INFO - Filling up the DagBag from /home/gianotti/Documents/CryptoETL/.venv/lib/python3.12/site-packages/airflow/example_dags/example_bash_operator.py
[2026-02-13T12:57:03.187+0100] {processor.py:925} INFO - DAG(s) 'example_bash_operator' retrieved from /home/gianotti/Documents/CryptoETL/.venv/lib/python3.12/site-packages/airflow/example_dags/example_bash_operator.py
[2026-02-13T12:57:03.208+0100] {logging_mixin.py:190} INFO - [2026-02-13T12:57:03.208+0100] {dag.py:3239} INFO - Sync 1 DAGs
[2026-02-13T12:57:03.225+0100] {logging_mixin.py:190} INFO - [2026-02-13T12:57:03.224+0100] {dag.py:4180} INFO - Setting next_dagrun for example_bash_operator to 2026-02-12 00:00:00+00:00, run_after=2026-02-13 00:00:00+00:00
[2026-02-13T12:57:03.242+0100] {processor.py:208} INFO - Processing /home/gianotti/Documents/CryptoETL/.venv/lib/python3.12/site-packages/airflow/example_dags/example_bash_operator.py took 0.094 seconds
[2026-02-13T12:58:28.280+0100] {processor.py:186} INFO - Started process (PID=35325) to work on /home/gianotti/Documents/CryptoETL/.venv/lib/python3.12/site-packages/airflow/example_dags/example_bash_operator.py
[2026-02-13T12:58:28.283+0100] {processor.py:914} INFO - Processing file /home/gianotti/Documents/CryptoETL/.venv/lib/python3.12/site-packages/airflow/example_dags/example_bash_operator.py for tasks to queue
[2026-02-13T12:58:28.287+0100] {logging_mixin.py:190} INFO - [2026-02-13T12:58:28.286+0100] {dagbag.py:588} INFO - Filling up the DagBag from /home/gianotti/Documents/CryptoETL/.venv/lib/python3.12/site-packages/airflow/example_dags/example_bash_operator.py
[2026-02-13T12:58:28.309+0100] {processor.py:925} INFO - DAG(s) 'example_bash_operator' retrieved from /home/gianotti/Documents/CryptoETL/.venv/lib/python3.12/site-packages/airflow/example_dags/example_bash_operator.py
[2026-02-13T12:58:28.342+0100] {logging_mixin.py:190} INFO - [2026-02-13T12:58:28.342+0100] {dag.py:3239} INFO - Sync 1 DAGs
[2026-02-13T12:58:28.360+0100] {logging_mixin.py:190} INFO - [2026-02-13T12:58:28.360+0100] {dag.py:4180} INFO - Setting next_dagrun for example_bash_operator to 2026-02-12 00:00:00+00:00, run_after=2026-02-13 00:00:00+00:00
[2026-02-13T12:58:28.379+0100] {processor.py:208} INFO - Processing /home/gianotti/Documents/CryptoETL/.venv/lib/python3.12/site-packages/airflow/example_dags/example_bash_operator.py took 0.108 seconds
[2026-02-13T12:59:48.870+0100] {processor.py:186} INFO - Started process (PID=35484) to work on /home/gianotti/Documents/CryptoETL/.venv/lib/python3.12/site-packages/airflow/example_dags/example_bash_operator.py
[2026-02-13T12:59:48.874+0100] {processor.py:914} INFO - Processing file /home/gianotti/Documents/CryptoETL/.venv/lib/python3.12/site-packages/airflow/example_dags/example_bash_operator.py for tasks to queue
[2026-02-13T12:59:48.877+0100] {logging_mixin.py:190} INFO - [2026-02-13T12:59:48.876+0100] {dagbag.py:588} INFO - Filling up the DagBag from /home/gianotti/Documents/CryptoETL/.venv/lib/python3.12/site-packages/airflow/example_dags/example_bash_operator.py
[2026-02-13T12:59:48.901+0100] {processor.py:925} INFO - DAG(s) 'example_bash_operator' retrieved from /home/gianotti/Documents/CryptoETL/.venv/lib/python3.12/site-packages/airflow/example_dags/example_bash_operator.py
[2026-02-13T12:59:48.929+0100] {logging_mixin.py:190} INFO - [2026-02-13T12:59:48.929+0100] {dag.py:3239} INFO - Sync 1 DAGs
[2026-02-13T12:59:48.947+0100] {logging_mixin.py:190} INFO - [2026-02-13T12:59:48.946+0100] {dag.py:4180} INFO - Setting next_dagrun for example_bash_operator to 2026-02-12 00:00:00+00:00, run_after=2026-02-13 00:00:00+00:00
[2026-02-13T12:59:48.966+0100] {processor.py:208} INFO - Processing /home/gianotti/Documents/CryptoETL/.venv/lib/python3.12/site-packages/airflow/example_dags/example_bash_operator.py took 0.105 seconds
[2026-02-13T13:01:16.939+0100] {processor.py:186} INFO - Started process (PID=35657) to work on /home/gianotti/Documents/CryptoETL/.venv/lib/python3.12/site-packages/airflow/example_dags/example_bash_operator.py
[2026-02-13T13:01:16.942+0100] {processor.py:914} INFO - Processing file /home/gianotti/Documents/CryptoETL/.venv/lib/python3.12/site-packages/airflow/example_dags/example_bash_operator.py for tasks to queue
[2026-02-13T13:01:16.943+0100] {logging_mixin.py:190} INFO - [2026-02-13T13:01:16.942+0100] {dagbag.py:588} INFO - Filling up the DagBag from /home/gianotti/Documents/CryptoETL/.venv/lib/python3.12/site-packages/airflow/example_dags/example_bash_operator.py
[2026-02-13T13:01:16.954+0100] {processor.py:925} INFO - DAG(s) 'example_bash_operator' retrieved from /home/gianotti/Documents/CryptoETL/.venv/lib/python3.12/site-packages/airflow/example_dags/example_bash_operator.py
[2026-02-13T13:01:16.972+0100] {logging_mixin.py:190} INFO - [2026-02-13T13:01:16.972+0100] {dag.py:3239} INFO - Sync 1 DAGs
[2026-02-13T13:01:16.990+0100] {logging_mixin.py:190} INFO - [2026-02-13T13:01:16.990+0100] {dag.py:4180} INFO - Setting next_dagrun for example_bash_operator to 2026-02-12 00:00:00+00:00, run_after=2026-02-13 00:00:00+00:00
[2026-02-13T13:01:17.010+0100] {processor.py:208} INFO - Processing /home/gianotti/Documents/CryptoETL/.venv/lib/python3.12/site-packages/airflow/example_dags/example_bash_operator.py took 0.075 seconds
[2026-02-13T13:02:17.130+0100] {processor.py:186} INFO - Started process (PID=35785) to work on /home/gianotti/Documents/CryptoETL/.venv/lib/python3.12/site-packages/airflow/example_dags/example_bash_operator.py
[2026-02-13T13:02:17.133+0100] {processor.py:914} INFO - Processing file /home/gianotti/Documents/CryptoETL/.venv/lib/python3.12/site-packages/airflow/example_dags/example_bash_operator.py for tasks to queue
[2026-02-13T13:02:17.135+0100] {logging_mixin.py:190} INFO - [2026-02-13T13:02:17.135+0100] {dagbag.py:588} INFO - Filling up the DagBag from /home/gianotti/Documents/CryptoETL/.venv/lib/python3.12/site-packages/airflow/example_dags/example_bash_operator.py
[2026-02-13T13:02:17.159+0100] {processor.py:925} INFO - DAG(s) 'example_bash_operator' retrieved from /home/gianotti/Documents/CryptoETL/.venv/lib/python3.12/site-packages/airflow/example_dags/example_bash_operator.py
[2026-02-13T13:02:17.190+0100] {logging_mixin.py:190} INFO - [2026-02-13T13:02:17.190+0100] {dag.py:3239} INFO - Sync 1 DAGs
[2026-02-13T13:02:17.209+0100] {logging_mixin.py:190} INFO - [2026-02-13T13:02:17.209+0100] {dag.py:4180} INFO - Setting next_dagrun for example_bash_operator to 2026-02-12 00:00:00+00:00, run_after=2026-02-13 00:00:00+00:00
[2026-02-13T13:02:17.231+0100] {processor.py:208} INFO - Processing /home/gianotti/Documents/CryptoETL/.venv/lib/python3.12/site-packages/airflow/example_dags/example_bash_operator.py took 0.111 seconds
[2026-02-13T13:03:41.664+0100] {processor.py:186} INFO - Started process (PID=35959) to work on /home/gianotti/Documents/CryptoETL/.venv/lib/python3.12/site-packages/airflow/example_dags/example_bash_operator.py
[2026-02-13T13:03:41.667+0100] {processor.py:914} INFO - Processing file /home/gianotti/Documents/CryptoETL/.venv/lib/python3.12/site-packages/airflow/example_dags/example_bash_operator.py for tasks to queue
[2026-02-13T13:03:41.669+0100] {logging_mixin.py:190} INFO - [2026-02-13T13:03:41.668+0100] {dagbag.py:588} INFO - Filling up the DagBag from /home/gianotti/Documents/CryptoETL/.venv/lib/python3.12/site-packages/airflow/example_dags/example_bash_operator.py
[2026-02-13T13:03:41.695+0100] {processor.py:925} INFO - DAG(s) 'example_bash_operator' retrieved from /home/gianotti/Documents/CryptoETL/.venv/lib/python3.12/site-packages/airflow/example_dags/example_bash_operator.py
[2026-02-13T13:03:41.737+0100] {logging_mixin.py:190} INFO - [2026-02-13T13:03:41.736+0100] {dag.py:3239} INFO - Sync 1 DAGs
[2026-02-13T13:03:41.775+0100] {logging_mixin.py:190} INFO - [2026-02-13T13:03:41.774+0100] {dag.py:4180} INFO - Setting next_dagrun for example_bash_operator to 2026-02-12 00:00:00+00:00, run_after=2026-02-13 00:00:00+00:00
[2026-02-13T13:03:41.813+0100] {processor.py:208} INFO - Processing /home/gianotti/Documents/CryptoETL/.venv/lib/python3.12/site-packages/airflow/example_dags/example_bash_operator.py took 0.160 seconds
[2026-02-13T13:04:43.047+0100] {processor.py:186} INFO - Started process (PID=36091) to work on /home/gianotti/Documents/CryptoETL/.venv/lib/python3.12/site-packages/airflow/example_dags/example_bash_operator.py
[2026-02-13T13:04:43.050+0100] {processor.py:914} INFO - Processing file /home/gianotti/Documents/CryptoETL/.venv/lib/python3.12/site-packages/airflow/example_dags/example_bash_operator.py for tasks to queue
[2026-02-13T13:04:43.052+0100] {logging_mixin.py:190} INFO - [2026-02-13T13:04:43.051+0100] {dagbag.py:588} INFO - Filling up the DagBag from /home/gianotti/Documents/CryptoETL/.venv/lib/python3.12/site-packages/airflow/example_dags/example_bash_operator.py
[2026-02-13T13:04:43.076+0100] {processor.py:925} INFO - DAG(s) 'example_bash_operator' retrieved from /home/gianotti/Documents/CryptoETL/.venv/lib/python3.12/site-packages/airflow/example_dags/example_bash_operator.py
[2026-02-13T13:04:43.114+0100] {logging_mixin.py:190} INFO - [2026-02-13T13:04:43.113+0100] {dag.py:3239} INFO - Sync 1 DAGs
[2026-02-13T13:04:43.151+0100] {logging_mixin.py:190} INFO - [2026-02-13T13:04:43.150+0100] {dag.py:4180} INFO - Setting next_dagrun for example_bash_operator to 2026-02-12 00:00:00+00:00, run_after=2026-02-13 00:00:00+00:00
[2026-02-13T13:04:43.187+0100] {processor.py:208} INFO - Processing /home/gianotti/Documents/CryptoETL/.venv/lib/python3.12/site-packages/airflow/example_dags/example_bash_operator.py took 0.149 seconds
[2026-02-13T13:05:46.821+0100] {processor.py:186} INFO - Started process (PID=36202) to work on /home/gianotti/Documents/CryptoETL/.venv/lib/python3.12/site-packages/airflow/example_dags/example_bash_operator.py
[2026-02-13T13:05:46.822+0100] {processor.py:914} INFO - Processing file /home/gianotti/Documents/CryptoETL/.venv/lib/python3.12/site-packages/airflow/example_dags/example_bash_operator.py for tasks to queue
[2026-02-13T13:05:46.824+0100] {logging_mixin.py:190} INFO - [2026-02-13T13:05:46.824+0100] {dagbag.py:588} INFO - Filling up the DagBag from /home/gianotti/Documents/CryptoETL/.venv/lib/python3.12/site-packages/airflow/example_dags/example_bash_operator.py
[2026-02-13T13:05:46.849+0100] {processor.py:925} INFO - DAG(s) 'example_bash_operator' retrieved from /home/gianotti/Documents/CryptoETL/.venv/lib/python3.12/site-packages/airflow/example_dags/example_bash_operator.py
[2026-02-13T13:05:46.883+0100] {logging_mixin.py:190} INFO - [2026-02-13T13:05:46.883+0100] {dag.py:3239} INFO - Sync 1 DAGs
[2026-02-13T13:05:46.917+0100] {logging_mixin.py:190} INFO - [2026-02-13T13:05:46.916+0100] {dag.py:4180} INFO - Setting next_dagrun for example_bash_operator to 2026-02-12 00:00:00+00:00, run_after=2026-02-13 00:00:00+00:00
[2026-02-13T13:05:46.949+0100] {processor.py:208} INFO - Processing /home/gianotti/Documents/CryptoETL/.venv/lib/python3.12/site-packages/airflow/example_dags/example_bash_operator.py took 0.136 seconds
[2026-02-13T13:06:53.626+0100] {processor.py:186} INFO - Started process (PID=36299) to work on /home/gianotti/Documents/CryptoETL/.venv/lib/python3.12/site-packages/airflow/example_dags/example_bash_operator.py
[2026-02-13T13:06:53.629+0100] {processor.py:914} INFO - Processing file /home/gianotti/Documents/CryptoETL/.venv/lib/python3.12/site-packages/airflow/example_dags/example_bash_operator.py for tasks to queue
[2026-02-13T13:06:53.631+0100] {logging_mixin.py:190} INFO - [2026-02-13T13:06:53.630+0100] {dagbag.py:588} INFO - Filling up the DagBag from /home/gianotti/Documents/CryptoETL/.venv/lib/python3.12/site-packages/airflow/example_dags/example_bash_operator.py
[2026-02-13T13:06:53.656+0100] {processor.py:925} INFO - DAG(s) 'example_bash_operator' retrieved from /home/gianotti/Documents/CryptoETL/.venv/lib/python3.12/site-packages/airflow/example_dags/example_bash_operator.py
[2026-02-13T13:06:53.693+0100] {logging_mixin.py:190} INFO - [2026-02-13T13:06:53.693+0100] {dag.py:3239} INFO - Sync 1 DAGs
[2026-02-13T13:06:53.729+0100] {logging_mixin.py:190} INFO - [2026-02-13T13:06:53.729+0100] {dag.py:4180} INFO - Setting next_dagrun for example_bash_operator to 2026-02-12 00:00:00+00:00, run_after=2026-02-13 00:00:00+00:00
[2026-02-13T13:06:53.761+0100] {processor.py:208} INFO - Processing /home/gianotti/Documents/CryptoETL/.venv/lib/python3.12/site-packages/airflow/example_dags/example_bash_operator.py took 0.144 seconds
[2026-02-13T13:08:03.433+0100] {processor.py:186} INFO - Started process (PID=36397) to work on /home/gianotti/Documents/CryptoETL/.venv/lib/python3.12/site-packages/airflow/example_dags/example_bash_operator.py
[2026-02-13T13:08:03.435+0100] {processor.py:914} INFO - Processing file /home/gianotti/Documents/CryptoETL/.venv/lib/python3.12/site-packages/airflow/example_dags/example_bash_operator.py for tasks to queue
[2026-02-13T13:08:03.437+0100] {logging_mixin.py:190} INFO - [2026-02-13T13:08:03.436+0100] {dagbag.py:588} INFO - Filling up the DagBag from /home/gianotti/Documents/CryptoETL/.venv/lib/python3.12/site-packages/airflow/example_dags/example_bash_operator.py
[2026-02-13T13:08:03.460+0100] {processor.py:925} INFO - DAG(s) 'example_bash_operator' retrieved from /home/gianotti/Documents/CryptoETL/.venv/lib/python3.12/site-packages/airflow/example_dags/example_bash_operator.py
[2026-02-13T13:08:03.495+0100] {logging_mixin.py:190} INFO - [2026-02-13T13:08:03.495+0100] {dag.py:3239} INFO - Sync 1 DAGs
[2026-02-13T13:08:03.527+0100] {logging_mixin.py:190} INFO - [2026-02-13T13:08:03.526+0100] {dag.py:4180} INFO - Setting next_dagrun for example_bash_operator to 2026-02-12 00:00:00+00:00, run_after=2026-02-13 00:00:00+00:00
[2026-02-13T13:08:03.560+0100] {processor.py:208} INFO - Processing /home/gianotti/Documents/CryptoETL/.venv/lib/python3.12/site-packages/airflow/example_dags/example_bash_operator.py took 0.136 seconds
[2026-02-13T13:09:08.884+0100] {processor.py:186} INFO - Started process (PID=36527) to work on /home/gianotti/Documents/CryptoETL/.venv/lib/python3.12/site-packages/airflow/example_dags/example_bash_operator.py
[2026-02-13T13:09:08.887+0100] {processor.py:914} INFO - Processing file /home/gianotti/Documents/CryptoETL/.venv/lib/python3.12/site-packages/airflow/example_dags/example_bash_operator.py for tasks to queue
[2026-02-13T13:09:08.889+0100] {logging_mixin.py:190} INFO - [2026-02-13T13:09:08.889+0100] {dagbag.py:588} INFO - Filling up the DagBag from /home/gianotti/Documents/CryptoETL/.venv/lib/python3.12/site-packages/airflow/example_dags/example_bash_operator.py
[2026-02-13T13:09:08.912+0100] {processor.py:925} INFO - DAG(s) 'example_bash_operator' retrieved from /home/gianotti/Documents/CryptoETL/.venv/lib/python3.12/site-packages/airflow/example_dags/example_bash_operator.py
[2026-02-13T13:09:08.945+0100] {logging_mixin.py:190} INFO - [2026-02-13T13:09:08.945+0100] {dag.py:3239} INFO - Sync 1 DAGs
[2026-02-13T13:09:08.978+0100] {logging_mixin.py:190} INFO - [2026-02-13T13:09:08.978+0100] {dag.py:4180} INFO - Setting next_dagrun for example_bash_operator to 2026-02-12 00:00:00+00:00, run_after=2026-02-13 00:00:00+00:00
[2026-02-13T13:09:09.010+0100] {processor.py:208} INFO - Processing /home/gianotti/Documents/CryptoETL/.venv/lib/python3.12/site-packages/airflow/example_dags/example_bash_operator.py took 0.134 seconds
[2026-02-13T13:10:20.231+0100] {processor.py:186} INFO - Started process (PID=36660) to work on /home/gianotti/Documents/CryptoETL/.venv/lib/python3.12/site-packages/airflow/example_dags/example_bash_operator.py
[2026-02-13T13:10:20.234+0100] {processor.py:914} INFO - Processing file /home/gianotti/Documents/CryptoETL/.venv/lib/python3.12/site-packages/airflow/example_dags/example_bash_operator.py for tasks to queue
[2026-02-13T13:10:20.236+0100] {logging_mixin.py:190} INFO - [2026-02-13T13:10:20.235+0100] {dagbag.py:588} INFO - Filling up the DagBag from /home/gianotti/Documents/CryptoETL/.venv/lib/python3.12/site-packages/airflow/example_dags/example_bash_operator.py
[2026-02-13T13:10:20.260+0100] {processor.py:925} INFO - DAG(s) 'example_bash_operator' retrieved from /home/gianotti/Documents/CryptoETL/.venv/lib/python3.12/site-packages/airflow/example_dags/example_bash_operator.py
[2026-02-13T13:10:20.296+0100] {logging_mixin.py:190} INFO - [2026-02-13T13:10:20.296+0100] {dag.py:3239} INFO - Sync 1 DAGs
[2026-02-13T13:10:20.333+0100] {logging_mixin.py:190} INFO - [2026-02-13T13:10:20.332+0100] {dag.py:4180} INFO - Setting next_dagrun for example_bash_operator to 2026-02-12 00:00:00+00:00, run_after=2026-02-13 00:00:00+00:00
[2026-02-13T13:10:20.367+0100] {processor.py:208} INFO - Processing /home/gianotti/Documents/CryptoETL/.venv/lib/python3.12/site-packages/airflow/example_dags/example_bash_operator.py took 0.145 seconds
[2026-02-13T13:11:24.394+0100] {processor.py:186} INFO - Started process (PID=36757) to work on /home/gianotti/Documents/CryptoETL/.venv/lib/python3.12/site-packages/airflow/example_dags/example_bash_operator.py
[2026-02-13T13:11:24.397+0100] {processor.py:914} INFO - Processing file /home/gianotti/Documents/CryptoETL/.venv/lib/python3.12/site-packages/airflow/example_dags/example_bash_operator.py for tasks to queue
[2026-02-13T13:11:24.399+0100] {logging_mixin.py:190} INFO - [2026-02-13T13:11:24.398+0100] {dagbag.py:588} INFO - Filling up the DagBag from /home/gianotti/Documents/CryptoETL/.venv/lib/python3.12/site-packages/airflow/example_dags/example_bash_operator.py
[2026-02-13T13:11:24.423+0100] {processor.py:925} INFO - DAG(s) 'example_bash_operator' retrieved from /home/gianotti/Documents/CryptoETL/.venv/lib/python3.12/site-packages/airflow/example_dags/example_bash_operator.py
[2026-02-13T13:11:24.462+0100] {logging_mixin.py:190} INFO - [2026-02-13T13:11:24.461+0100] {dag.py:3239} INFO - Sync 1 DAGs
[2026-02-13T13:11:24.499+0100] {logging_mixin.py:190} INFO - [2026-02-13T13:11:24.499+0100] {dag.py:4180} INFO - Setting next_dagrun for example_bash_operator to 2026-02-12 00:00:00+00:00, run_after=2026-02-13 00:00:00+00:00
[2026-02-13T13:11:24.534+0100] {processor.py:208} INFO - Processing /home/gianotti/Documents/CryptoETL/.venv/lib/python3.12/site-packages/airflow/example_dags/example_bash_operator.py took 0.150 seconds
