[2026-02-13T12:55:43.317+0100] {processor.py:186} INFO - Started process (PID=34978) to work on /home/gianotti/Documents/CryptoETL/.venv/lib/python3.12/site-packages/airflow/example_dags/example_external_task_marker_dag.py
[2026-02-13T12:55:43.318+0100] {processor.py:914} INFO - Processing file /home/gianotti/Documents/CryptoETL/.venv/lib/python3.12/site-packages/airflow/example_dags/example_external_task_marker_dag.py for tasks to queue
[2026-02-13T12:55:43.321+0100] {logging_mixin.py:190} INFO - [2026-02-13T12:55:43.320+0100] {dagbag.py:588} INFO - Filling up the DagBag from /home/gianotti/Documents/CryptoETL/.venv/lib/python3.12/site-packages/airflow/example_dags/example_external_task_marker_dag.py
[2026-02-13T12:55:43.335+0100] {processor.py:925} INFO - DAG(s) 'example_external_task_marker_child', 'example_external_task_marker_parent' retrieved from /home/gianotti/Documents/CryptoETL/.venv/lib/python3.12/site-packages/airflow/example_dags/example_external_task_marker_dag.py
[2026-02-13T12:55:43.420+0100] {logging_mixin.py:190} INFO - [2026-02-13T12:55:43.419+0100] {override.py:1930} INFO - Created Permission View: can edit on DAG:example_external_task_marker_child
[2026-02-13T12:55:43.434+0100] {logging_mixin.py:190} INFO - [2026-02-13T12:55:43.433+0100] {override.py:1930} INFO - Created Permission View: can read on DAG:example_external_task_marker_child
[2026-02-13T12:55:43.446+0100] {logging_mixin.py:190} INFO - [2026-02-13T12:55:43.446+0100] {override.py:1930} INFO - Created Permission View: can delete on DAG:example_external_task_marker_child
[2026-02-13T12:55:43.464+0100] {logging_mixin.py:190} INFO - [2026-02-13T12:55:43.464+0100] {override.py:1930} INFO - Created Permission View: can create on DAG Run:example_external_task_marker_child
[2026-02-13T12:55:43.476+0100] {logging_mixin.py:190} INFO - [2026-02-13T12:55:43.476+0100] {override.py:1930} INFO - Created Permission View: can read on DAG Run:example_external_task_marker_child
[2026-02-13T12:55:43.488+0100] {logging_mixin.py:190} INFO - [2026-02-13T12:55:43.488+0100] {override.py:1930} INFO - Created Permission View: can delete on DAG Run:example_external_task_marker_child
[2026-02-13T12:55:43.500+0100] {logging_mixin.py:190} INFO - [2026-02-13T12:55:43.499+0100] {override.py:1930} INFO - Created Permission View: menu access on DAG Run:example_external_task_marker_child
[2026-02-13T12:55:43.524+0100] {logging_mixin.py:190} INFO - [2026-02-13T12:55:43.523+0100] {override.py:1930} INFO - Created Permission View: can edit on DAG:example_external_task_marker_parent
[2026-02-13T12:55:43.535+0100] {logging_mixin.py:190} INFO - [2026-02-13T12:55:43.534+0100] {override.py:1930} INFO - Created Permission View: can read on DAG:example_external_task_marker_parent
[2026-02-13T12:55:43.546+0100] {logging_mixin.py:190} INFO - [2026-02-13T12:55:43.546+0100] {override.py:1930} INFO - Created Permission View: can delete on DAG:example_external_task_marker_parent
[2026-02-13T12:55:43.564+0100] {logging_mixin.py:190} INFO - [2026-02-13T12:55:43.564+0100] {override.py:1930} INFO - Created Permission View: can create on DAG Run:example_external_task_marker_parent
[2026-02-13T12:55:43.577+0100] {logging_mixin.py:190} INFO - [2026-02-13T12:55:43.576+0100] {override.py:1930} INFO - Created Permission View: can read on DAG Run:example_external_task_marker_parent
[2026-02-13T12:55:43.589+0100] {logging_mixin.py:190} INFO - [2026-02-13T12:55:43.589+0100] {override.py:1930} INFO - Created Permission View: can delete on DAG Run:example_external_task_marker_parent
[2026-02-13T12:55:43.602+0100] {logging_mixin.py:190} INFO - [2026-02-13T12:55:43.601+0100] {override.py:1930} INFO - Created Permission View: menu access on DAG Run:example_external_task_marker_parent
[2026-02-13T12:55:43.602+0100] {logging_mixin.py:190} INFO - [2026-02-13T12:55:43.602+0100] {dag.py:3239} INFO - Sync 2 DAGs
[2026-02-13T12:55:43.619+0100] {logging_mixin.py:190} INFO - [2026-02-13T12:55:43.619+0100] {dag.py:3262} INFO - Creating ORM DAG for example_external_task_marker_child
[2026-02-13T12:55:43.620+0100] {logging_mixin.py:190} INFO - [2026-02-13T12:55:43.620+0100] {dag.py:3262} INFO - Creating ORM DAG for example_external_task_marker_parent
[2026-02-13T12:55:43.621+0100] {logging_mixin.py:190} INFO - [2026-02-13T12:55:43.621+0100] {dag.py:4180} INFO - Setting next_dagrun for example_external_task_marker_child to None, run_after=None
[2026-02-13T12:55:43.622+0100] {logging_mixin.py:190} INFO - [2026-02-13T12:55:43.622+0100] {dag.py:4180} INFO - Setting next_dagrun for example_external_task_marker_parent to None, run_after=None
[2026-02-13T12:55:43.644+0100] {processor.py:208} INFO - Processing /home/gianotti/Documents/CryptoETL/.venv/lib/python3.12/site-packages/airflow/example_dags/example_external_task_marker_dag.py took 0.337 seconds
[2026-02-13T12:56:48.501+0100] {processor.py:186} INFO - Started process (PID=35104) to work on /home/gianotti/Documents/CryptoETL/.venv/lib/python3.12/site-packages/airflow/example_dags/example_external_task_marker_dag.py
[2026-02-13T12:56:48.504+0100] {processor.py:914} INFO - Processing file /home/gianotti/Documents/CryptoETL/.venv/lib/python3.12/site-packages/airflow/example_dags/example_external_task_marker_dag.py for tasks to queue
[2026-02-13T12:56:48.507+0100] {logging_mixin.py:190} INFO - [2026-02-13T12:56:48.506+0100] {dagbag.py:588} INFO - Filling up the DagBag from /home/gianotti/Documents/CryptoETL/.venv/lib/python3.12/site-packages/airflow/example_dags/example_external_task_marker_dag.py
[2026-02-13T12:56:48.522+0100] {processor.py:925} INFO - DAG(s) 'example_external_task_marker_child', 'example_external_task_marker_parent' retrieved from /home/gianotti/Documents/CryptoETL/.venv/lib/python3.12/site-packages/airflow/example_dags/example_external_task_marker_dag.py
[2026-02-13T12:56:48.551+0100] {logging_mixin.py:190} INFO - [2026-02-13T12:56:48.551+0100] {dag.py:3239} INFO - Sync 2 DAGs
[2026-02-13T12:56:48.566+0100] {logging_mixin.py:190} INFO - [2026-02-13T12:56:48.566+0100] {dag.py:4180} INFO - Setting next_dagrun for example_external_task_marker_child to None, run_after=None
[2026-02-13T12:56:48.569+0100] {logging_mixin.py:190} INFO - [2026-02-13T12:56:48.569+0100] {dag.py:4180} INFO - Setting next_dagrun for example_external_task_marker_parent to None, run_after=None
[2026-02-13T12:56:48.590+0100] {processor.py:208} INFO - Processing /home/gianotti/Documents/CryptoETL/.venv/lib/python3.12/site-packages/airflow/example_dags/example_external_task_marker_dag.py took 0.097 seconds
[2026-02-13T12:57:45.956+0100] {processor.py:186} INFO - Started process (PID=35214) to work on /home/gianotti/Documents/CryptoETL/.venv/lib/python3.12/site-packages/airflow/example_dags/example_external_task_marker_dag.py
[2026-02-13T12:57:45.959+0100] {processor.py:914} INFO - Processing file /home/gianotti/Documents/CryptoETL/.venv/lib/python3.12/site-packages/airflow/example_dags/example_external_task_marker_dag.py for tasks to queue
[2026-02-13T12:57:45.962+0100] {logging_mixin.py:190} INFO - [2026-02-13T12:57:45.961+0100] {dagbag.py:588} INFO - Filling up the DagBag from /home/gianotti/Documents/CryptoETL/.venv/lib/python3.12/site-packages/airflow/example_dags/example_external_task_marker_dag.py
[2026-02-13T12:57:45.975+0100] {processor.py:925} INFO - DAG(s) 'example_external_task_marker_parent', 'example_external_task_marker_child' retrieved from /home/gianotti/Documents/CryptoETL/.venv/lib/python3.12/site-packages/airflow/example_dags/example_external_task_marker_dag.py
[2026-02-13T12:57:46.004+0100] {logging_mixin.py:190} INFO - [2026-02-13T12:57:46.004+0100] {dag.py:3239} INFO - Sync 2 DAGs
[2026-02-13T12:57:46.019+0100] {logging_mixin.py:190} INFO - [2026-02-13T12:57:46.018+0100] {dag.py:4180} INFO - Setting next_dagrun for example_external_task_marker_child to None, run_after=None
[2026-02-13T12:57:46.021+0100] {logging_mixin.py:190} INFO - [2026-02-13T12:57:46.021+0100] {dag.py:4180} INFO - Setting next_dagrun for example_external_task_marker_parent to None, run_after=None
[2026-02-13T12:57:46.041+0100] {processor.py:208} INFO - Processing /home/gianotti/Documents/CryptoETL/.venv/lib/python3.12/site-packages/airflow/example_dags/example_external_task_marker_dag.py took 0.094 seconds
[2026-02-13T12:58:43.704+0100] {processor.py:186} INFO - Started process (PID=35352) to work on /home/gianotti/Documents/CryptoETL/.venv/lib/python3.12/site-packages/airflow/example_dags/example_external_task_marker_dag.py
[2026-02-13T12:58:43.707+0100] {processor.py:914} INFO - Processing file /home/gianotti/Documents/CryptoETL/.venv/lib/python3.12/site-packages/airflow/example_dags/example_external_task_marker_dag.py for tasks to queue
[2026-02-13T12:58:43.712+0100] {logging_mixin.py:190} INFO - [2026-02-13T12:58:43.711+0100] {dagbag.py:588} INFO - Filling up the DagBag from /home/gianotti/Documents/CryptoETL/.venv/lib/python3.12/site-packages/airflow/example_dags/example_external_task_marker_dag.py
[2026-02-13T12:58:43.732+0100] {processor.py:925} INFO - DAG(s) 'example_external_task_marker_child', 'example_external_task_marker_parent' retrieved from /home/gianotti/Documents/CryptoETL/.venv/lib/python3.12/site-packages/airflow/example_dags/example_external_task_marker_dag.py
[2026-02-13T12:58:43.795+0100] {logging_mixin.py:190} INFO - [2026-02-13T12:58:43.795+0100] {dag.py:3239} INFO - Sync 2 DAGs
[2026-02-13T12:58:43.813+0100] {logging_mixin.py:190} INFO - [2026-02-13T12:58:43.813+0100] {dag.py:4180} INFO - Setting next_dagrun for example_external_task_marker_child to None, run_after=None
[2026-02-13T12:58:43.816+0100] {logging_mixin.py:190} INFO - [2026-02-13T12:58:43.816+0100] {dag.py:4180} INFO - Setting next_dagrun for example_external_task_marker_parent to None, run_after=None
[2026-02-13T12:58:43.842+0100] {processor.py:208} INFO - Processing /home/gianotti/Documents/CryptoETL/.venv/lib/python3.12/site-packages/airflow/example_dags/example_external_task_marker_dag.py took 0.148 seconds
[2026-02-13T12:59:39.175+0100] {processor.py:186} INFO - Started process (PID=35466) to work on /home/gianotti/Documents/CryptoETL/.venv/lib/python3.12/site-packages/airflow/example_dags/example_external_task_marker_dag.py
[2026-02-13T12:59:39.177+0100] {processor.py:914} INFO - Processing file /home/gianotti/Documents/CryptoETL/.venv/lib/python3.12/site-packages/airflow/example_dags/example_external_task_marker_dag.py for tasks to queue
[2026-02-13T12:59:39.178+0100] {logging_mixin.py:190} INFO - [2026-02-13T12:59:39.178+0100] {dagbag.py:588} INFO - Filling up the DagBag from /home/gianotti/Documents/CryptoETL/.venv/lib/python3.12/site-packages/airflow/example_dags/example_external_task_marker_dag.py
[2026-02-13T12:59:39.185+0100] {processor.py:925} INFO - DAG(s) 'example_external_task_marker_child', 'example_external_task_marker_parent' retrieved from /home/gianotti/Documents/CryptoETL/.venv/lib/python3.12/site-packages/airflow/example_dags/example_external_task_marker_dag.py
[2026-02-13T12:59:39.199+0100] {logging_mixin.py:190} INFO - [2026-02-13T12:59:39.199+0100] {dag.py:3239} INFO - Sync 2 DAGs
[2026-02-13T12:59:39.210+0100] {logging_mixin.py:190} INFO - [2026-02-13T12:59:39.210+0100] {dag.py:4180} INFO - Setting next_dagrun for example_external_task_marker_child to None, run_after=None
[2026-02-13T12:59:39.213+0100] {logging_mixin.py:190} INFO - [2026-02-13T12:59:39.213+0100] {dag.py:4180} INFO - Setting next_dagrun for example_external_task_marker_parent to None, run_after=None
[2026-02-13T12:59:39.230+0100] {processor.py:208} INFO - Processing /home/gianotti/Documents/CryptoETL/.venv/lib/python3.12/site-packages/airflow/example_dags/example_external_task_marker_dag.py took 0.059 seconds
[2026-02-13T13:00:37.712+0100] {processor.py:186} INFO - Started process (PID=35573) to work on /home/gianotti/Documents/CryptoETL/.venv/lib/python3.12/site-packages/airflow/example_dags/example_external_task_marker_dag.py
[2026-02-13T13:00:37.715+0100] {processor.py:914} INFO - Processing file /home/gianotti/Documents/CryptoETL/.venv/lib/python3.12/site-packages/airflow/example_dags/example_external_task_marker_dag.py for tasks to queue
[2026-02-13T13:00:37.717+0100] {logging_mixin.py:190} INFO - [2026-02-13T13:00:37.716+0100] {dagbag.py:588} INFO - Filling up the DagBag from /home/gianotti/Documents/CryptoETL/.venv/lib/python3.12/site-packages/airflow/example_dags/example_external_task_marker_dag.py
[2026-02-13T13:00:37.731+0100] {processor.py:925} INFO - DAG(s) 'example_external_task_marker_child', 'example_external_task_marker_parent' retrieved from /home/gianotti/Documents/CryptoETL/.venv/lib/python3.12/site-packages/airflow/example_dags/example_external_task_marker_dag.py
[2026-02-13T13:00:37.759+0100] {logging_mixin.py:190} INFO - [2026-02-13T13:00:37.758+0100] {dag.py:3239} INFO - Sync 2 DAGs
[2026-02-13T13:00:37.772+0100] {logging_mixin.py:190} INFO - [2026-02-13T13:00:37.772+0100] {dag.py:4180} INFO - Setting next_dagrun for example_external_task_marker_child to None, run_after=None
[2026-02-13T13:00:37.775+0100] {logging_mixin.py:190} INFO - [2026-02-13T13:00:37.775+0100] {dag.py:4180} INFO - Setting next_dagrun for example_external_task_marker_parent to None, run_after=None
[2026-02-13T13:00:37.792+0100] {processor.py:208} INFO - Processing /home/gianotti/Documents/CryptoETL/.venv/lib/python3.12/site-packages/airflow/example_dags/example_external_task_marker_dag.py took 0.090 seconds
[2026-02-13T13:01:37.859+0100] {processor.py:186} INFO - Started process (PID=35696) to work on /home/gianotti/Documents/CryptoETL/.venv/lib/python3.12/site-packages/airflow/example_dags/example_external_task_marker_dag.py
[2026-02-13T13:01:37.862+0100] {processor.py:914} INFO - Processing file /home/gianotti/Documents/CryptoETL/.venv/lib/python3.12/site-packages/airflow/example_dags/example_external_task_marker_dag.py for tasks to queue
[2026-02-13T13:01:37.864+0100] {logging_mixin.py:190} INFO - [2026-02-13T13:01:37.864+0100] {dagbag.py:588} INFO - Filling up the DagBag from /home/gianotti/Documents/CryptoETL/.venv/lib/python3.12/site-packages/airflow/example_dags/example_external_task_marker_dag.py
[2026-02-13T13:01:37.880+0100] {processor.py:925} INFO - DAG(s) 'example_external_task_marker_parent', 'example_external_task_marker_child' retrieved from /home/gianotti/Documents/CryptoETL/.venv/lib/python3.12/site-packages/airflow/example_dags/example_external_task_marker_dag.py
[2026-02-13T13:01:37.905+0100] {logging_mixin.py:190} INFO - [2026-02-13T13:01:37.905+0100] {dag.py:3239} INFO - Sync 2 DAGs
[2026-02-13T13:01:37.918+0100] {logging_mixin.py:190} INFO - [2026-02-13T13:01:37.917+0100] {dag.py:4180} INFO - Setting next_dagrun for example_external_task_marker_child to None, run_after=None
[2026-02-13T13:01:37.921+0100] {logging_mixin.py:190} INFO - [2026-02-13T13:01:37.921+0100] {dag.py:4180} INFO - Setting next_dagrun for example_external_task_marker_parent to None, run_after=None
[2026-02-13T13:01:37.940+0100] {processor.py:208} INFO - Processing /home/gianotti/Documents/CryptoETL/.venv/lib/python3.12/site-packages/airflow/example_dags/example_external_task_marker_dag.py took 0.091 seconds
[2026-02-13T13:02:36.163+0100] {processor.py:186} INFO - Started process (PID=35824) to work on /home/gianotti/Documents/CryptoETL/.venv/lib/python3.12/site-packages/airflow/example_dags/example_external_task_marker_dag.py
[2026-02-13T13:02:36.166+0100] {processor.py:914} INFO - Processing file /home/gianotti/Documents/CryptoETL/.venv/lib/python3.12/site-packages/airflow/example_dags/example_external_task_marker_dag.py for tasks to queue
[2026-02-13T13:02:36.168+0100] {logging_mixin.py:190} INFO - [2026-02-13T13:02:36.167+0100] {dagbag.py:588} INFO - Filling up the DagBag from /home/gianotti/Documents/CryptoETL/.venv/lib/python3.12/site-packages/airflow/example_dags/example_external_task_marker_dag.py
[2026-02-13T13:02:36.181+0100] {processor.py:925} INFO - DAG(s) 'example_external_task_marker_child', 'example_external_task_marker_parent' retrieved from /home/gianotti/Documents/CryptoETL/.venv/lib/python3.12/site-packages/airflow/example_dags/example_external_task_marker_dag.py
[2026-02-13T13:02:36.211+0100] {logging_mixin.py:190} INFO - [2026-02-13T13:02:36.210+0100] {dag.py:3239} INFO - Sync 2 DAGs
[2026-02-13T13:02:36.231+0100] {logging_mixin.py:190} INFO - [2026-02-13T13:02:36.231+0100] {dag.py:4180} INFO - Setting next_dagrun for example_external_task_marker_child to None, run_after=None
[2026-02-13T13:02:36.236+0100] {logging_mixin.py:190} INFO - [2026-02-13T13:02:36.236+0100] {dag.py:4180} INFO - Setting next_dagrun for example_external_task_marker_parent to None, run_after=None
[2026-02-13T13:02:36.262+0100] {processor.py:208} INFO - Processing /home/gianotti/Documents/CryptoETL/.venv/lib/python3.12/site-packages/airflow/example_dags/example_external_task_marker_dag.py took 0.109 seconds
[2026-02-13T13:03:32.369+0100] {processor.py:186} INFO - Started process (PID=35944) to work on /home/gianotti/Documents/CryptoETL/.venv/lib/python3.12/site-packages/airflow/example_dags/example_external_task_marker_dag.py
[2026-02-13T13:03:32.374+0100] {processor.py:914} INFO - Processing file /home/gianotti/Documents/CryptoETL/.venv/lib/python3.12/site-packages/airflow/example_dags/example_external_task_marker_dag.py for tasks to queue
[2026-02-13T13:03:32.376+0100] {logging_mixin.py:190} INFO - [2026-02-13T13:03:32.375+0100] {dagbag.py:588} INFO - Filling up the DagBag from /home/gianotti/Documents/CryptoETL/.venv/lib/python3.12/site-packages/airflow/example_dags/example_external_task_marker_dag.py
[2026-02-13T13:03:32.389+0100] {processor.py:925} INFO - DAG(s) 'example_external_task_marker_parent', 'example_external_task_marker_child' retrieved from /home/gianotti/Documents/CryptoETL/.venv/lib/python3.12/site-packages/airflow/example_dags/example_external_task_marker_dag.py
[2026-02-13T13:03:32.419+0100] {logging_mixin.py:190} INFO - [2026-02-13T13:03:32.418+0100] {dag.py:3239} INFO - Sync 2 DAGs
[2026-02-13T13:03:32.438+0100] {logging_mixin.py:190} INFO - [2026-02-13T13:03:32.438+0100] {dag.py:4180} INFO - Setting next_dagrun for example_external_task_marker_child to None, run_after=None
[2026-02-13T13:03:32.442+0100] {logging_mixin.py:190} INFO - [2026-02-13T13:03:32.442+0100] {dag.py:4180} INFO - Setting next_dagrun for example_external_task_marker_parent to None, run_after=None
[2026-02-13T13:03:32.488+0100] {processor.py:208} INFO - Processing /home/gianotti/Documents/CryptoETL/.venv/lib/python3.12/site-packages/airflow/example_dags/example_external_task_marker_dag.py took 0.128 seconds
[2026-02-13T13:04:32.483+0100] {processor.py:186} INFO - Started process (PID=36077) to work on /home/gianotti/Documents/CryptoETL/.venv/lib/python3.12/site-packages/airflow/example_dags/example_external_task_marker_dag.py
[2026-02-13T13:04:32.485+0100] {processor.py:914} INFO - Processing file /home/gianotti/Documents/CryptoETL/.venv/lib/python3.12/site-packages/airflow/example_dags/example_external_task_marker_dag.py for tasks to queue
[2026-02-13T13:04:32.488+0100] {logging_mixin.py:190} INFO - [2026-02-13T13:04:32.487+0100] {dagbag.py:588} INFO - Filling up the DagBag from /home/gianotti/Documents/CryptoETL/.venv/lib/python3.12/site-packages/airflow/example_dags/example_external_task_marker_dag.py
[2026-02-13T13:04:32.504+0100] {processor.py:925} INFO - DAG(s) 'example_external_task_marker_child', 'example_external_task_marker_parent' retrieved from /home/gianotti/Documents/CryptoETL/.venv/lib/python3.12/site-packages/airflow/example_dags/example_external_task_marker_dag.py
[2026-02-13T13:04:32.537+0100] {logging_mixin.py:190} INFO - [2026-02-13T13:04:32.537+0100] {dag.py:3239} INFO - Sync 2 DAGs
[2026-02-13T13:04:32.563+0100] {logging_mixin.py:190} INFO - [2026-02-13T13:04:32.563+0100] {dag.py:4180} INFO - Setting next_dagrun for example_external_task_marker_child to None, run_after=None
[2026-02-13T13:04:32.569+0100] {logging_mixin.py:190} INFO - [2026-02-13T13:04:32.569+0100] {dag.py:4180} INFO - Setting next_dagrun for example_external_task_marker_parent to None, run_after=None
[2026-02-13T13:04:32.600+0100] {processor.py:208} INFO - Processing /home/gianotti/Documents/CryptoETL/.venv/lib/python3.12/site-packages/airflow/example_dags/example_external_task_marker_dag.py took 0.127 seconds
[2026-02-13T13:05:37.285+0100] {processor.py:186} INFO - Started process (PID=36183) to work on /home/gianotti/Documents/CryptoETL/.venv/lib/python3.12/site-packages/airflow/example_dags/example_external_task_marker_dag.py
[2026-02-13T13:05:37.287+0100] {processor.py:914} INFO - Processing file /home/gianotti/Documents/CryptoETL/.venv/lib/python3.12/site-packages/airflow/example_dags/example_external_task_marker_dag.py for tasks to queue
[2026-02-13T13:05:37.290+0100] {logging_mixin.py:190} INFO - [2026-02-13T13:05:37.289+0100] {dagbag.py:588} INFO - Filling up the DagBag from /home/gianotti/Documents/CryptoETL/.venv/lib/python3.12/site-packages/airflow/example_dags/example_external_task_marker_dag.py
[2026-02-13T13:05:37.305+0100] {processor.py:925} INFO - DAG(s) 'example_external_task_marker_child', 'example_external_task_marker_parent' retrieved from /home/gianotti/Documents/CryptoETL/.venv/lib/python3.12/site-packages/airflow/example_dags/example_external_task_marker_dag.py
[2026-02-13T13:05:37.336+0100] {logging_mixin.py:190} INFO - [2026-02-13T13:05:37.336+0100] {dag.py:3239} INFO - Sync 2 DAGs
[2026-02-13T13:05:37.358+0100] {logging_mixin.py:190} INFO - [2026-02-13T13:05:37.357+0100] {dag.py:4180} INFO - Setting next_dagrun for example_external_task_marker_child to None, run_after=None
[2026-02-13T13:05:37.363+0100] {logging_mixin.py:190} INFO - [2026-02-13T13:05:37.363+0100] {dag.py:4180} INFO - Setting next_dagrun for example_external_task_marker_parent to None, run_after=None
[2026-02-13T13:05:37.390+0100] {processor.py:208} INFO - Processing /home/gianotti/Documents/CryptoETL/.venv/lib/python3.12/site-packages/airflow/example_dags/example_external_task_marker_dag.py took 0.115 seconds
[2026-02-13T13:06:44.349+0100] {processor.py:186} INFO - Started process (PID=36289) to work on /home/gianotti/Documents/CryptoETL/.venv/lib/python3.12/site-packages/airflow/example_dags/example_external_task_marker_dag.py
[2026-02-13T13:06:44.351+0100] {processor.py:914} INFO - Processing file /home/gianotti/Documents/CryptoETL/.venv/lib/python3.12/site-packages/airflow/example_dags/example_external_task_marker_dag.py for tasks to queue
[2026-02-13T13:06:44.354+0100] {logging_mixin.py:190} INFO - [2026-02-13T13:06:44.353+0100] {dagbag.py:588} INFO - Filling up the DagBag from /home/gianotti/Documents/CryptoETL/.venv/lib/python3.12/site-packages/airflow/example_dags/example_external_task_marker_dag.py
[2026-02-13T13:06:44.368+0100] {processor.py:925} INFO - DAG(s) 'example_external_task_marker_child', 'example_external_task_marker_parent' retrieved from /home/gianotti/Documents/CryptoETL/.venv/lib/python3.12/site-packages/airflow/example_dags/example_external_task_marker_dag.py
[2026-02-13T13:06:44.400+0100] {logging_mixin.py:190} INFO - [2026-02-13T13:06:44.400+0100] {dag.py:3239} INFO - Sync 2 DAGs
[2026-02-13T13:06:44.422+0100] {logging_mixin.py:190} INFO - [2026-02-13T13:06:44.422+0100] {dag.py:4180} INFO - Setting next_dagrun for example_external_task_marker_child to None, run_after=None
[2026-02-13T13:06:44.429+0100] {logging_mixin.py:190} INFO - [2026-02-13T13:06:44.428+0100] {dag.py:4180} INFO - Setting next_dagrun for example_external_task_marker_parent to None, run_after=None
[2026-02-13T13:06:44.460+0100] {processor.py:208} INFO - Processing /home/gianotti/Documents/CryptoETL/.venv/lib/python3.12/site-packages/airflow/example_dags/example_external_task_marker_dag.py took 0.121 seconds
[2026-02-13T13:07:52.962+0100] {processor.py:186} INFO - Started process (PID=36386) to work on /home/gianotti/Documents/CryptoETL/.venv/lib/python3.12/site-packages/airflow/example_dags/example_external_task_marker_dag.py
[2026-02-13T13:07:52.965+0100] {processor.py:914} INFO - Processing file /home/gianotti/Documents/CryptoETL/.venv/lib/python3.12/site-packages/airflow/example_dags/example_external_task_marker_dag.py for tasks to queue
[2026-02-13T13:07:52.966+0100] {logging_mixin.py:190} INFO - [2026-02-13T13:07:52.966+0100] {dagbag.py:588} INFO - Filling up the DagBag from /home/gianotti/Documents/CryptoETL/.venv/lib/python3.12/site-packages/airflow/example_dags/example_external_task_marker_dag.py
[2026-02-13T13:07:52.982+0100] {processor.py:925} INFO - DAG(s) 'example_external_task_marker_parent', 'example_external_task_marker_child' retrieved from /home/gianotti/Documents/CryptoETL/.venv/lib/python3.12/site-packages/airflow/example_dags/example_external_task_marker_dag.py
[2026-02-13T13:07:53.012+0100] {logging_mixin.py:190} INFO - [2026-02-13T13:07:53.012+0100] {dag.py:3239} INFO - Sync 2 DAGs
[2026-02-13T13:07:53.034+0100] {logging_mixin.py:190} INFO - [2026-02-13T13:07:53.034+0100] {dag.py:4180} INFO - Setting next_dagrun for example_external_task_marker_child to None, run_after=None
[2026-02-13T13:07:53.040+0100] {logging_mixin.py:190} INFO - [2026-02-13T13:07:53.039+0100] {dag.py:4180} INFO - Setting next_dagrun for example_external_task_marker_parent to None, run_after=None
[2026-02-13T13:07:53.072+0100] {processor.py:208} INFO - Processing /home/gianotti/Documents/CryptoETL/.venv/lib/python3.12/site-packages/airflow/example_dags/example_external_task_marker_dag.py took 0.120 seconds
