[2026-02-13T12:55:47.335+0100] {processor.py:186} INFO - Started process (PID=34984) to work on /home/gianotti/Documents/CryptoETL/.venv/lib/python3.12/site-packages/airflow/example_dags/example_inlet_event_extra.py
[2026-02-13T12:55:47.337+0100] {processor.py:914} INFO - Processing file /home/gianotti/Documents/CryptoETL/.venv/lib/python3.12/site-packages/airflow/example_dags/example_inlet_event_extra.py for tasks to queue
[2026-02-13T12:55:47.340+0100] {logging_mixin.py:190} INFO - [2026-02-13T12:55:47.340+0100] {dagbag.py:588} INFO - Filling up the DagBag from /home/gianotti/Documents/CryptoETL/.venv/lib/python3.12/site-packages/airflow/example_dags/example_inlet_event_extra.py
[2026-02-13T12:55:47.363+0100] {processor.py:925} INFO - DAG(s) 'read_dataset_event', 'read_dataset_event_from_classic' retrieved from /home/gianotti/Documents/CryptoETL/.venv/lib/python3.12/site-packages/airflow/example_dags/example_inlet_event_extra.py
[2026-02-13T12:55:47.455+0100] {logging_mixin.py:190} INFO - [2026-02-13T12:55:47.454+0100] {override.py:1930} INFO - Created Permission View: can edit on DAG:read_dataset_event
[2026-02-13T12:55:47.466+0100] {logging_mixin.py:190} INFO - [2026-02-13T12:55:47.466+0100] {override.py:1930} INFO - Created Permission View: can read on DAG:read_dataset_event
[2026-02-13T12:55:47.474+0100] {logging_mixin.py:190} INFO - [2026-02-13T12:55:47.474+0100] {override.py:1930} INFO - Created Permission View: can delete on DAG:read_dataset_event
[2026-02-13T12:55:47.487+0100] {logging_mixin.py:190} INFO - [2026-02-13T12:55:47.487+0100] {override.py:1930} INFO - Created Permission View: can create on DAG Run:read_dataset_event
[2026-02-13T12:55:47.496+0100] {logging_mixin.py:190} INFO - [2026-02-13T12:55:47.496+0100] {override.py:1930} INFO - Created Permission View: can read on DAG Run:read_dataset_event
[2026-02-13T12:55:47.506+0100] {logging_mixin.py:190} INFO - [2026-02-13T12:55:47.506+0100] {override.py:1930} INFO - Created Permission View: can delete on DAG Run:read_dataset_event
[2026-02-13T12:55:47.516+0100] {logging_mixin.py:190} INFO - [2026-02-13T12:55:47.516+0100] {override.py:1930} INFO - Created Permission View: menu access on DAG Run:read_dataset_event
[2026-02-13T12:55:47.541+0100] {logging_mixin.py:190} INFO - [2026-02-13T12:55:47.541+0100] {override.py:1930} INFO - Created Permission View: can edit on DAG:read_dataset_event_from_classic
[2026-02-13T12:55:47.554+0100] {logging_mixin.py:190} INFO - [2026-02-13T12:55:47.554+0100] {override.py:1930} INFO - Created Permission View: can read on DAG:read_dataset_event_from_classic
[2026-02-13T12:55:47.566+0100] {logging_mixin.py:190} INFO - [2026-02-13T12:55:47.566+0100] {override.py:1930} INFO - Created Permission View: can delete on DAG:read_dataset_event_from_classic
[2026-02-13T12:55:47.583+0100] {logging_mixin.py:190} INFO - [2026-02-13T12:55:47.582+0100] {override.py:1930} INFO - Created Permission View: can create on DAG Run:read_dataset_event_from_classic
[2026-02-13T12:55:47.594+0100] {logging_mixin.py:190} INFO - [2026-02-13T12:55:47.594+0100] {override.py:1930} INFO - Created Permission View: can read on DAG Run:read_dataset_event_from_classic
[2026-02-13T12:55:47.606+0100] {logging_mixin.py:190} INFO - [2026-02-13T12:55:47.605+0100] {override.py:1930} INFO - Created Permission View: can delete on DAG Run:read_dataset_event_from_classic
[2026-02-13T12:55:47.619+0100] {logging_mixin.py:190} INFO - [2026-02-13T12:55:47.618+0100] {override.py:1930} INFO - Created Permission View: menu access on DAG Run:read_dataset_event_from_classic
[2026-02-13T12:55:47.620+0100] {logging_mixin.py:190} INFO - [2026-02-13T12:55:47.619+0100] {dag.py:3239} INFO - Sync 2 DAGs
[2026-02-13T12:55:47.638+0100] {logging_mixin.py:190} INFO - [2026-02-13T12:55:47.637+0100] {dag.py:3262} INFO - Creating ORM DAG for read_dataset_event_from_classic
[2026-02-13T12:55:47.639+0100] {logging_mixin.py:190} INFO - [2026-02-13T12:55:47.638+0100] {dag.py:3262} INFO - Creating ORM DAG for read_dataset_event
[2026-02-13T12:55:47.653+0100] {logging_mixin.py:190} INFO - [2026-02-13T12:55:47.652+0100] {dag.py:4180} INFO - Setting next_dagrun for read_dataset_event to 2026-02-12 00:00:00+00:00, run_after=2026-02-13 00:00:00+00:00
[2026-02-13T12:55:47.656+0100] {logging_mixin.py:190} INFO - [2026-02-13T12:55:47.655+0100] {dag.py:4180} INFO - Setting next_dagrun for read_dataset_event_from_classic to 2026-02-12 00:00:00+00:00, run_after=2026-02-13 00:00:00+00:00
[2026-02-13T12:55:47.682+0100] {processor.py:208} INFO - Processing /home/gianotti/Documents/CryptoETL/.venv/lib/python3.12/site-packages/airflow/example_dags/example_inlet_event_extra.py took 0.355 seconds
[2026-02-13T12:56:51.543+0100] {processor.py:186} INFO - Started process (PID=35107) to work on /home/gianotti/Documents/CryptoETL/.venv/lib/python3.12/site-packages/airflow/example_dags/example_inlet_event_extra.py
[2026-02-13T12:56:51.545+0100] {processor.py:914} INFO - Processing file /home/gianotti/Documents/CryptoETL/.venv/lib/python3.12/site-packages/airflow/example_dags/example_inlet_event_extra.py for tasks to queue
[2026-02-13T12:56:51.549+0100] {logging_mixin.py:190} INFO - [2026-02-13T12:56:51.548+0100] {dagbag.py:588} INFO - Filling up the DagBag from /home/gianotti/Documents/CryptoETL/.venv/lib/python3.12/site-packages/airflow/example_dags/example_inlet_event_extra.py
[2026-02-13T12:56:51.573+0100] {processor.py:925} INFO - DAG(s) 'read_dataset_event', 'read_dataset_event_from_classic' retrieved from /home/gianotti/Documents/CryptoETL/.venv/lib/python3.12/site-packages/airflow/example_dags/example_inlet_event_extra.py
[2026-02-13T12:56:51.603+0100] {logging_mixin.py:190} INFO - [2026-02-13T12:56:51.602+0100] {dag.py:3239} INFO - Sync 2 DAGs
[2026-02-13T12:56:51.633+0100] {logging_mixin.py:190} INFO - [2026-02-13T12:56:51.632+0100] {dag.py:4180} INFO - Setting next_dagrun for read_dataset_event to 2026-02-12 00:00:00+00:00, run_after=2026-02-13 00:00:00+00:00
[2026-02-13T12:56:51.636+0100] {logging_mixin.py:190} INFO - [2026-02-13T12:56:51.636+0100] {dag.py:4180} INFO - Setting next_dagrun for read_dataset_event_from_classic to 2026-02-12 00:00:00+00:00, run_after=2026-02-13 00:00:00+00:00
[2026-02-13T12:56:51.654+0100] {processor.py:208} INFO - Processing /home/gianotti/Documents/CryptoETL/.venv/lib/python3.12/site-packages/airflow/example_dags/example_inlet_event_extra.py took 0.120 seconds
[2026-02-13T12:57:48.256+0100] {processor.py:186} INFO - Started process (PID=35217) to work on /home/gianotti/Documents/CryptoETL/.venv/lib/python3.12/site-packages/airflow/example_dags/example_inlet_event_extra.py
[2026-02-13T12:57:48.259+0100] {processor.py:914} INFO - Processing file /home/gianotti/Documents/CryptoETL/.venv/lib/python3.12/site-packages/airflow/example_dags/example_inlet_event_extra.py for tasks to queue
[2026-02-13T12:57:48.263+0100] {logging_mixin.py:190} INFO - [2026-02-13T12:57:48.262+0100] {dagbag.py:588} INFO - Filling up the DagBag from /home/gianotti/Documents/CryptoETL/.venv/lib/python3.12/site-packages/airflow/example_dags/example_inlet_event_extra.py
[2026-02-13T12:57:48.286+0100] {processor.py:925} INFO - DAG(s) 'read_dataset_event_from_classic', 'read_dataset_event' retrieved from /home/gianotti/Documents/CryptoETL/.venv/lib/python3.12/site-packages/airflow/example_dags/example_inlet_event_extra.py
[2026-02-13T12:57:48.312+0100] {logging_mixin.py:190} INFO - [2026-02-13T12:57:48.312+0100] {dag.py:3239} INFO - Sync 2 DAGs
[2026-02-13T12:57:48.333+0100] {logging_mixin.py:190} INFO - [2026-02-13T12:57:48.333+0100] {dag.py:4180} INFO - Setting next_dagrun for read_dataset_event to 2026-02-12 00:00:00+00:00, run_after=2026-02-13 00:00:00+00:00
[2026-02-13T12:57:48.337+0100] {logging_mixin.py:190} INFO - [2026-02-13T12:57:48.337+0100] {dag.py:4180} INFO - Setting next_dagrun for read_dataset_event_from_classic to 2026-02-12 00:00:00+00:00, run_after=2026-02-13 00:00:00+00:00
[2026-02-13T12:57:48.360+0100] {processor.py:208} INFO - Processing /home/gianotti/Documents/CryptoETL/.venv/lib/python3.12/site-packages/airflow/example_dags/example_inlet_event_extra.py took 0.113 seconds
[2026-02-13T12:58:46.438+0100] {processor.py:186} INFO - Started process (PID=35359) to work on /home/gianotti/Documents/CryptoETL/.venv/lib/python3.12/site-packages/airflow/example_dags/example_inlet_event_extra.py
[2026-02-13T12:58:46.440+0100] {processor.py:914} INFO - Processing file /home/gianotti/Documents/CryptoETL/.venv/lib/python3.12/site-packages/airflow/example_dags/example_inlet_event_extra.py for tasks to queue
[2026-02-13T12:58:46.443+0100] {logging_mixin.py:190} INFO - [2026-02-13T12:58:46.443+0100] {dagbag.py:588} INFO - Filling up the DagBag from /home/gianotti/Documents/CryptoETL/.venv/lib/python3.12/site-packages/airflow/example_dags/example_inlet_event_extra.py
[2026-02-13T12:58:46.468+0100] {processor.py:925} INFO - DAG(s) 'read_dataset_event', 'read_dataset_event_from_classic' retrieved from /home/gianotti/Documents/CryptoETL/.venv/lib/python3.12/site-packages/airflow/example_dags/example_inlet_event_extra.py
[2026-02-13T12:58:46.494+0100] {logging_mixin.py:190} INFO - [2026-02-13T12:58:46.494+0100] {dag.py:3239} INFO - Sync 2 DAGs
[2026-02-13T12:58:46.529+0100] {logging_mixin.py:190} INFO - [2026-02-13T12:58:46.529+0100] {dag.py:4180} INFO - Setting next_dagrun for read_dataset_event to 2026-02-12 00:00:00+00:00, run_after=2026-02-13 00:00:00+00:00
[2026-02-13T12:58:46.534+0100] {logging_mixin.py:190} INFO - [2026-02-13T12:58:46.534+0100] {dag.py:4180} INFO - Setting next_dagrun for read_dataset_event_from_classic to 2026-02-12 00:00:00+00:00, run_after=2026-02-13 00:00:00+00:00
[2026-02-13T12:58:46.563+0100] {processor.py:208} INFO - Processing /home/gianotti/Documents/CryptoETL/.venv/lib/python3.12/site-packages/airflow/example_dags/example_inlet_event_extra.py took 0.135 seconds
[2026-02-13T12:59:42.055+0100] {processor.py:186} INFO - Started process (PID=35474) to work on /home/gianotti/Documents/CryptoETL/.venv/lib/python3.12/site-packages/airflow/example_dags/example_inlet_event_extra.py
[2026-02-13T12:59:42.058+0100] {processor.py:914} INFO - Processing file /home/gianotti/Documents/CryptoETL/.venv/lib/python3.12/site-packages/airflow/example_dags/example_inlet_event_extra.py for tasks to queue
[2026-02-13T12:59:42.061+0100] {logging_mixin.py:190} INFO - [2026-02-13T12:59:42.061+0100] {dagbag.py:588} INFO - Filling up the DagBag from /home/gianotti/Documents/CryptoETL/.venv/lib/python3.12/site-packages/airflow/example_dags/example_inlet_event_extra.py
[2026-02-13T12:59:42.086+0100] {processor.py:925} INFO - DAG(s) 'read_dataset_event_from_classic', 'read_dataset_event' retrieved from /home/gianotti/Documents/CryptoETL/.venv/lib/python3.12/site-packages/airflow/example_dags/example_inlet_event_extra.py
[2026-02-13T12:59:42.109+0100] {logging_mixin.py:190} INFO - [2026-02-13T12:59:42.108+0100] {dag.py:3239} INFO - Sync 2 DAGs
[2026-02-13T12:59:42.143+0100] {logging_mixin.py:190} INFO - [2026-02-13T12:59:42.143+0100] {dag.py:4180} INFO - Setting next_dagrun for read_dataset_event to 2026-02-12 00:00:00+00:00, run_after=2026-02-13 00:00:00+00:00
[2026-02-13T12:59:42.148+0100] {logging_mixin.py:190} INFO - [2026-02-13T12:59:42.148+0100] {dag.py:4180} INFO - Setting next_dagrun for read_dataset_event_from_classic to 2026-02-12 00:00:00+00:00, run_after=2026-02-13 00:00:00+00:00
[2026-02-13T12:59:42.170+0100] {processor.py:208} INFO - Processing /home/gianotti/Documents/CryptoETL/.venv/lib/python3.12/site-packages/airflow/example_dags/example_inlet_event_extra.py took 0.125 seconds
[2026-02-13T13:00:40.316+0100] {processor.py:186} INFO - Started process (PID=35580) to work on /home/gianotti/Documents/CryptoETL/.venv/lib/python3.12/site-packages/airflow/example_dags/example_inlet_event_extra.py
[2026-02-13T13:00:40.319+0100] {processor.py:914} INFO - Processing file /home/gianotti/Documents/CryptoETL/.venv/lib/python3.12/site-packages/airflow/example_dags/example_inlet_event_extra.py for tasks to queue
[2026-02-13T13:00:40.321+0100] {logging_mixin.py:190} INFO - [2026-02-13T13:00:40.321+0100] {dagbag.py:588} INFO - Filling up the DagBag from /home/gianotti/Documents/CryptoETL/.venv/lib/python3.12/site-packages/airflow/example_dags/example_inlet_event_extra.py
[2026-02-13T13:00:40.345+0100] {processor.py:925} INFO - DAG(s) 'read_dataset_event_from_classic', 'read_dataset_event' retrieved from /home/gianotti/Documents/CryptoETL/.venv/lib/python3.12/site-packages/airflow/example_dags/example_inlet_event_extra.py
[2026-02-13T13:00:40.374+0100] {logging_mixin.py:190} INFO - [2026-02-13T13:00:40.373+0100] {dag.py:3239} INFO - Sync 2 DAGs
[2026-02-13T13:00:40.413+0100] {logging_mixin.py:190} INFO - [2026-02-13T13:00:40.413+0100] {dag.py:4180} INFO - Setting next_dagrun for read_dataset_event to 2026-02-12 00:00:00+00:00, run_after=2026-02-13 00:00:00+00:00
[2026-02-13T13:00:40.422+0100] {logging_mixin.py:190} INFO - [2026-02-13T13:00:40.421+0100] {dag.py:4180} INFO - Setting next_dagrun for read_dataset_event_from_classic to 2026-02-12 00:00:00+00:00, run_after=2026-02-13 00:00:00+00:00
[2026-02-13T13:00:40.449+0100] {processor.py:208} INFO - Processing /home/gianotti/Documents/CryptoETL/.venv/lib/python3.12/site-packages/airflow/example_dags/example_inlet_event_extra.py took 0.142 seconds
[2026-02-13T13:01:40.613+0100] {processor.py:186} INFO - Started process (PID=35699) to work on /home/gianotti/Documents/CryptoETL/.venv/lib/python3.12/site-packages/airflow/example_dags/example_inlet_event_extra.py
[2026-02-13T13:01:40.615+0100] {processor.py:914} INFO - Processing file /home/gianotti/Documents/CryptoETL/.venv/lib/python3.12/site-packages/airflow/example_dags/example_inlet_event_extra.py for tasks to queue
[2026-02-13T13:01:40.617+0100] {logging_mixin.py:190} INFO - [2026-02-13T13:01:40.616+0100] {dagbag.py:588} INFO - Filling up the DagBag from /home/gianotti/Documents/CryptoETL/.venv/lib/python3.12/site-packages/airflow/example_dags/example_inlet_event_extra.py
[2026-02-13T13:01:40.640+0100] {processor.py:925} INFO - DAG(s) 'read_dataset_event_from_classic', 'read_dataset_event' retrieved from /home/gianotti/Documents/CryptoETL/.venv/lib/python3.12/site-packages/airflow/example_dags/example_inlet_event_extra.py
[2026-02-13T13:01:40.665+0100] {logging_mixin.py:190} INFO - [2026-02-13T13:01:40.665+0100] {dag.py:3239} INFO - Sync 2 DAGs
[2026-02-13T13:01:40.694+0100] {logging_mixin.py:190} INFO - [2026-02-13T13:01:40.694+0100] {dag.py:4180} INFO - Setting next_dagrun for read_dataset_event to 2026-02-12 00:00:00+00:00, run_after=2026-02-13 00:00:00+00:00
[2026-02-13T13:01:40.698+0100] {logging_mixin.py:190} INFO - [2026-02-13T13:01:40.698+0100] {dag.py:4180} INFO - Setting next_dagrun for read_dataset_event_from_classic to 2026-02-12 00:00:00+00:00, run_after=2026-02-13 00:00:00+00:00
[2026-02-13T13:01:40.714+0100] {processor.py:208} INFO - Processing /home/gianotti/Documents/CryptoETL/.venv/lib/python3.12/site-packages/airflow/example_dags/example_inlet_event_extra.py took 0.111 seconds
[2026-02-13T13:02:39.129+0100] {processor.py:186} INFO - Started process (PID=35831) to work on /home/gianotti/Documents/CryptoETL/.venv/lib/python3.12/site-packages/airflow/example_dags/example_inlet_event_extra.py
[2026-02-13T13:02:39.132+0100] {processor.py:914} INFO - Processing file /home/gianotti/Documents/CryptoETL/.venv/lib/python3.12/site-packages/airflow/example_dags/example_inlet_event_extra.py for tasks to queue
[2026-02-13T13:02:39.134+0100] {logging_mixin.py:190} INFO - [2026-02-13T13:02:39.133+0100] {dagbag.py:588} INFO - Filling up the DagBag from /home/gianotti/Documents/CryptoETL/.venv/lib/python3.12/site-packages/airflow/example_dags/example_inlet_event_extra.py
[2026-02-13T13:02:39.156+0100] {processor.py:925} INFO - DAG(s) 'read_dataset_event', 'read_dataset_event_from_classic' retrieved from /home/gianotti/Documents/CryptoETL/.venv/lib/python3.12/site-packages/airflow/example_dags/example_inlet_event_extra.py
[2026-02-13T13:02:39.181+0100] {logging_mixin.py:190} INFO - [2026-02-13T13:02:39.181+0100] {dag.py:3239} INFO - Sync 2 DAGs
[2026-02-13T13:02:39.205+0100] {logging_mixin.py:190} INFO - [2026-02-13T13:02:39.204+0100] {dag.py:4180} INFO - Setting next_dagrun for read_dataset_event to 2026-02-12 00:00:00+00:00, run_after=2026-02-13 00:00:00+00:00
[2026-02-13T13:02:39.210+0100] {logging_mixin.py:190} INFO - [2026-02-13T13:02:39.210+0100] {dag.py:4180} INFO - Setting next_dagrun for read_dataset_event_from_classic to 2026-02-12 00:00:00+00:00, run_after=2026-02-13 00:00:00+00:00
[2026-02-13T13:02:39.227+0100] {processor.py:208} INFO - Processing /home/gianotti/Documents/CryptoETL/.venv/lib/python3.12/site-packages/airflow/example_dags/example_inlet_event_extra.py took 0.107 seconds
[2026-02-13T13:03:35.227+0100] {processor.py:186} INFO - Started process (PID=35947) to work on /home/gianotti/Documents/CryptoETL/.venv/lib/python3.12/site-packages/airflow/example_dags/example_inlet_event_extra.py
[2026-02-13T13:03:35.230+0100] {processor.py:914} INFO - Processing file /home/gianotti/Documents/CryptoETL/.venv/lib/python3.12/site-packages/airflow/example_dags/example_inlet_event_extra.py for tasks to queue
[2026-02-13T13:03:35.232+0100] {logging_mixin.py:190} INFO - [2026-02-13T13:03:35.232+0100] {dagbag.py:588} INFO - Filling up the DagBag from /home/gianotti/Documents/CryptoETL/.venv/lib/python3.12/site-packages/airflow/example_dags/example_inlet_event_extra.py
[2026-02-13T13:03:35.254+0100] {processor.py:925} INFO - DAG(s) 'read_dataset_event_from_classic', 'read_dataset_event' retrieved from /home/gianotti/Documents/CryptoETL/.venv/lib/python3.12/site-packages/airflow/example_dags/example_inlet_event_extra.py
[2026-02-13T13:03:35.275+0100] {logging_mixin.py:190} INFO - [2026-02-13T13:03:35.275+0100] {dag.py:3239} INFO - Sync 2 DAGs
[2026-02-13T13:03:35.293+0100] {logging_mixin.py:190} INFO - [2026-02-13T13:03:35.292+0100] {dag.py:4180} INFO - Setting next_dagrun for read_dataset_event to 2026-02-12 00:00:00+00:00, run_after=2026-02-13 00:00:00+00:00
[2026-02-13T13:03:35.296+0100] {logging_mixin.py:190} INFO - [2026-02-13T13:03:35.296+0100] {dag.py:4180} INFO - Setting next_dagrun for read_dataset_event_from_classic to 2026-02-12 00:00:00+00:00, run_after=2026-02-13 00:00:00+00:00
[2026-02-13T13:03:35.311+0100] {processor.py:208} INFO - Processing /home/gianotti/Documents/CryptoETL/.venv/lib/python3.12/site-packages/airflow/example_dags/example_inlet_event_extra.py took 0.092 seconds
[2026-02-13T13:04:35.636+0100] {processor.py:186} INFO - Started process (PID=36080) to work on /home/gianotti/Documents/CryptoETL/.venv/lib/python3.12/site-packages/airflow/example_dags/example_inlet_event_extra.py
[2026-02-13T13:04:35.639+0100] {processor.py:914} INFO - Processing file /home/gianotti/Documents/CryptoETL/.venv/lib/python3.12/site-packages/airflow/example_dags/example_inlet_event_extra.py for tasks to queue
[2026-02-13T13:04:35.641+0100] {logging_mixin.py:190} INFO - [2026-02-13T13:04:35.641+0100] {dagbag.py:588} INFO - Filling up the DagBag from /home/gianotti/Documents/CryptoETL/.venv/lib/python3.12/site-packages/airflow/example_dags/example_inlet_event_extra.py
[2026-02-13T13:04:35.666+0100] {processor.py:925} INFO - DAG(s) 'read_dataset_event_from_classic', 'read_dataset_event' retrieved from /home/gianotti/Documents/CryptoETL/.venv/lib/python3.12/site-packages/airflow/example_dags/example_inlet_event_extra.py
[2026-02-13T13:04:35.692+0100] {logging_mixin.py:190} INFO - [2026-02-13T13:04:35.692+0100] {dag.py:3239} INFO - Sync 2 DAGs
[2026-02-13T13:04:35.727+0100] {logging_mixin.py:190} INFO - [2026-02-13T13:04:35.726+0100] {dag.py:4180} INFO - Setting next_dagrun for read_dataset_event to 2026-02-12 00:00:00+00:00, run_after=2026-02-13 00:00:00+00:00
[2026-02-13T13:04:35.734+0100] {logging_mixin.py:190} INFO - [2026-02-13T13:04:35.734+0100] {dag.py:4180} INFO - Setting next_dagrun for read_dataset_event_from_classic to 2026-02-12 00:00:00+00:00, run_after=2026-02-13 00:00:00+00:00
[2026-02-13T13:04:35.763+0100] {processor.py:208} INFO - Processing /home/gianotti/Documents/CryptoETL/.venv/lib/python3.12/site-packages/airflow/example_dags/example_inlet_event_extra.py took 0.136 seconds
[2026-02-13T13:05:40.540+0100] {processor.py:186} INFO - Started process (PID=36191) to work on /home/gianotti/Documents/CryptoETL/.venv/lib/python3.12/site-packages/airflow/example_dags/example_inlet_event_extra.py
[2026-02-13T13:05:40.543+0100] {processor.py:914} INFO - Processing file /home/gianotti/Documents/CryptoETL/.venv/lib/python3.12/site-packages/airflow/example_dags/example_inlet_event_extra.py for tasks to queue
[2026-02-13T13:05:40.545+0100] {logging_mixin.py:190} INFO - [2026-02-13T13:05:40.544+0100] {dagbag.py:588} INFO - Filling up the DagBag from /home/gianotti/Documents/CryptoETL/.venv/lib/python3.12/site-packages/airflow/example_dags/example_inlet_event_extra.py
[2026-02-13T13:05:40.569+0100] {processor.py:925} INFO - DAG(s) 'read_dataset_event', 'read_dataset_event_from_classic' retrieved from /home/gianotti/Documents/CryptoETL/.venv/lib/python3.12/site-packages/airflow/example_dags/example_inlet_event_extra.py
[2026-02-13T13:05:40.596+0100] {logging_mixin.py:190} INFO - [2026-02-13T13:05:40.596+0100] {dag.py:3239} INFO - Sync 2 DAGs
[2026-02-13T13:05:40.632+0100] {logging_mixin.py:190} INFO - [2026-02-13T13:05:40.632+0100] {dag.py:4180} INFO - Setting next_dagrun for read_dataset_event to 2026-02-12 00:00:00+00:00, run_after=2026-02-13 00:00:00+00:00
[2026-02-13T13:05:40.640+0100] {logging_mixin.py:190} INFO - [2026-02-13T13:05:40.640+0100] {dag.py:4180} INFO - Setting next_dagrun for read_dataset_event_from_classic to 2026-02-12 00:00:00+00:00, run_after=2026-02-13 00:00:00+00:00
[2026-02-13T13:05:40.668+0100] {processor.py:208} INFO - Processing /home/gianotti/Documents/CryptoETL/.venv/lib/python3.12/site-packages/airflow/example_dags/example_inlet_event_extra.py took 0.138 seconds
[2026-02-13T13:06:47.447+0100] {processor.py:186} INFO - Started process (PID=36292) to work on /home/gianotti/Documents/CryptoETL/.venv/lib/python3.12/site-packages/airflow/example_dags/example_inlet_event_extra.py
[2026-02-13T13:06:47.449+0100] {processor.py:914} INFO - Processing file /home/gianotti/Documents/CryptoETL/.venv/lib/python3.12/site-packages/airflow/example_dags/example_inlet_event_extra.py for tasks to queue
[2026-02-13T13:06:47.451+0100] {logging_mixin.py:190} INFO - [2026-02-13T13:06:47.451+0100] {dagbag.py:588} INFO - Filling up the DagBag from /home/gianotti/Documents/CryptoETL/.venv/lib/python3.12/site-packages/airflow/example_dags/example_inlet_event_extra.py
[2026-02-13T13:06:47.474+0100] {processor.py:925} INFO - DAG(s) 'read_dataset_event_from_classic', 'read_dataset_event' retrieved from /home/gianotti/Documents/CryptoETL/.venv/lib/python3.12/site-packages/airflow/example_dags/example_inlet_event_extra.py
[2026-02-13T13:06:47.502+0100] {logging_mixin.py:190} INFO - [2026-02-13T13:06:47.501+0100] {dag.py:3239} INFO - Sync 2 DAGs
[2026-02-13T13:06:47.539+0100] {logging_mixin.py:190} INFO - [2026-02-13T13:06:47.538+0100] {dag.py:4180} INFO - Setting next_dagrun for read_dataset_event to 2026-02-12 00:00:00+00:00, run_after=2026-02-13 00:00:00+00:00
[2026-02-13T13:06:47.548+0100] {logging_mixin.py:190} INFO - [2026-02-13T13:06:47.548+0100] {dag.py:4180} INFO - Setting next_dagrun for read_dataset_event_from_classic to 2026-02-12 00:00:00+00:00, run_after=2026-02-13 00:00:00+00:00
[2026-02-13T13:06:47.577+0100] {processor.py:208} INFO - Processing /home/gianotti/Documents/CryptoETL/.venv/lib/python3.12/site-packages/airflow/example_dags/example_inlet_event_extra.py took 0.140 seconds
[2026-02-13T13:07:56.024+0100] {processor.py:186} INFO - Started process (PID=36390) to work on /home/gianotti/Documents/CryptoETL/.venv/lib/python3.12/site-packages/airflow/example_dags/example_inlet_event_extra.py
[2026-02-13T13:07:56.026+0100] {processor.py:914} INFO - Processing file /home/gianotti/Documents/CryptoETL/.venv/lib/python3.12/site-packages/airflow/example_dags/example_inlet_event_extra.py for tasks to queue
[2026-02-13T13:07:56.028+0100] {logging_mixin.py:190} INFO - [2026-02-13T13:07:56.028+0100] {dagbag.py:588} INFO - Filling up the DagBag from /home/gianotti/Documents/CryptoETL/.venv/lib/python3.12/site-packages/airflow/example_dags/example_inlet_event_extra.py
[2026-02-13T13:07:56.051+0100] {processor.py:925} INFO - DAG(s) 'read_dataset_event_from_classic', 'read_dataset_event' retrieved from /home/gianotti/Documents/CryptoETL/.venv/lib/python3.12/site-packages/airflow/example_dags/example_inlet_event_extra.py
[2026-02-13T13:07:56.078+0100] {logging_mixin.py:190} INFO - [2026-02-13T13:07:56.078+0100] {dag.py:3239} INFO - Sync 2 DAGs
[2026-02-13T13:07:56.115+0100] {logging_mixin.py:190} INFO - [2026-02-13T13:07:56.115+0100] {dag.py:4180} INFO - Setting next_dagrun for read_dataset_event to 2026-02-12 00:00:00+00:00, run_after=2026-02-13 00:00:00+00:00
[2026-02-13T13:07:56.123+0100] {logging_mixin.py:190} INFO - [2026-02-13T13:07:56.123+0100] {dag.py:4180} INFO - Setting next_dagrun for read_dataset_event_from_classic to 2026-02-12 00:00:00+00:00, run_after=2026-02-13 00:00:00+00:00
[2026-02-13T13:07:56.184+0100] {processor.py:208} INFO - Processing /home/gianotti/Documents/CryptoETL/.venv/lib/python3.12/site-packages/airflow/example_dags/example_inlet_event_extra.py took 0.169 seconds
[2026-02-13T13:09:01.617+0100] {processor.py:186} INFO - Started process (PID=36504) to work on /home/gianotti/Documents/CryptoETL/.venv/lib/python3.12/site-packages/airflow/example_dags/example_inlet_event_extra.py
[2026-02-13T13:09:01.620+0100] {processor.py:914} INFO - Processing file /home/gianotti/Documents/CryptoETL/.venv/lib/python3.12/site-packages/airflow/example_dags/example_inlet_event_extra.py for tasks to queue
[2026-02-13T13:09:01.622+0100] {logging_mixin.py:190} INFO - [2026-02-13T13:09:01.621+0100] {dagbag.py:588} INFO - Filling up the DagBag from /home/gianotti/Documents/CryptoETL/.venv/lib/python3.12/site-packages/airflow/example_dags/example_inlet_event_extra.py
[2026-02-13T13:09:01.647+0100] {processor.py:925} INFO - DAG(s) 'read_dataset_event', 'read_dataset_event_from_classic' retrieved from /home/gianotti/Documents/CryptoETL/.venv/lib/python3.12/site-packages/airflow/example_dags/example_inlet_event_extra.py
[2026-02-13T13:09:01.673+0100] {logging_mixin.py:190} INFO - [2026-02-13T13:09:01.672+0100] {dag.py:3239} INFO - Sync 2 DAGs
[2026-02-13T13:09:01.705+0100] {logging_mixin.py:190} INFO - [2026-02-13T13:09:01.705+0100] {dag.py:4180} INFO - Setting next_dagrun for read_dataset_event to 2026-02-12 00:00:00+00:00, run_after=2026-02-13 00:00:00+00:00
[2026-02-13T13:09:01.712+0100] {logging_mixin.py:190} INFO - [2026-02-13T13:09:01.712+0100] {dag.py:4180} INFO - Setting next_dagrun for read_dataset_event_from_classic to 2026-02-12 00:00:00+00:00, run_after=2026-02-13 00:00:00+00:00
[2026-02-13T13:09:01.739+0100] {processor.py:208} INFO - Processing /home/gianotti/Documents/CryptoETL/.venv/lib/python3.12/site-packages/airflow/example_dags/example_inlet_event_extra.py took 0.131 seconds
[2026-02-13T13:10:11.775+0100] {processor.py:186} INFO - Started process (PID=36635) to work on /home/gianotti/Documents/CryptoETL/.venv/lib/python3.12/site-packages/airflow/example_dags/example_inlet_event_extra.py
[2026-02-13T13:10:11.778+0100] {processor.py:914} INFO - Processing file /home/gianotti/Documents/CryptoETL/.venv/lib/python3.12/site-packages/airflow/example_dags/example_inlet_event_extra.py for tasks to queue
[2026-02-13T13:10:11.780+0100] {logging_mixin.py:190} INFO - [2026-02-13T13:10:11.779+0100] {dagbag.py:588} INFO - Filling up the DagBag from /home/gianotti/Documents/CryptoETL/.venv/lib/python3.12/site-packages/airflow/example_dags/example_inlet_event_extra.py
[2026-02-13T13:10:11.804+0100] {processor.py:925} INFO - DAG(s) 'read_dataset_event', 'read_dataset_event_from_classic' retrieved from /home/gianotti/Documents/CryptoETL/.venv/lib/python3.12/site-packages/airflow/example_dags/example_inlet_event_extra.py
[2026-02-13T13:10:11.830+0100] {logging_mixin.py:190} INFO - [2026-02-13T13:10:11.830+0100] {dag.py:3239} INFO - Sync 2 DAGs
[2026-02-13T13:10:11.865+0100] {logging_mixin.py:190} INFO - [2026-02-13T13:10:11.865+0100] {dag.py:4180} INFO - Setting next_dagrun for read_dataset_event to 2026-02-12 00:00:00+00:00, run_after=2026-02-13 00:00:00+00:00
[2026-02-13T13:10:11.872+0100] {logging_mixin.py:190} INFO - [2026-02-13T13:10:11.872+0100] {dag.py:4180} INFO - Setting next_dagrun for read_dataset_event_from_classic to 2026-02-12 00:00:00+00:00, run_after=2026-02-13 00:00:00+00:00
[2026-02-13T13:10:11.902+0100] {processor.py:208} INFO - Processing /home/gianotti/Documents/CryptoETL/.venv/lib/python3.12/site-packages/airflow/example_dags/example_inlet_event_extra.py took 0.137 seconds
[2026-02-13T13:11:16.585+0100] {processor.py:186} INFO - Started process (PID=36749) to work on /home/gianotti/Documents/CryptoETL/.venv/lib/python3.12/site-packages/airflow/example_dags/example_inlet_event_extra.py
[2026-02-13T13:11:16.588+0100] {processor.py:914} INFO - Processing file /home/gianotti/Documents/CryptoETL/.venv/lib/python3.12/site-packages/airflow/example_dags/example_inlet_event_extra.py for tasks to queue
[2026-02-13T13:11:16.589+0100] {logging_mixin.py:190} INFO - [2026-02-13T13:11:16.589+0100] {dagbag.py:588} INFO - Filling up the DagBag from /home/gianotti/Documents/CryptoETL/.venv/lib/python3.12/site-packages/airflow/example_dags/example_inlet_event_extra.py
[2026-02-13T13:11:16.611+0100] {processor.py:925} INFO - DAG(s) 'read_dataset_event', 'read_dataset_event_from_classic' retrieved from /home/gianotti/Documents/CryptoETL/.venv/lib/python3.12/site-packages/airflow/example_dags/example_inlet_event_extra.py
[2026-02-13T13:11:16.638+0100] {logging_mixin.py:190} INFO - [2026-02-13T13:11:16.638+0100] {dag.py:3239} INFO - Sync 2 DAGs
[2026-02-13T13:11:16.674+0100] {logging_mixin.py:190} INFO - [2026-02-13T13:11:16.674+0100] {dag.py:4180} INFO - Setting next_dagrun for read_dataset_event to 2026-02-12 00:00:00+00:00, run_after=2026-02-13 00:00:00+00:00
[2026-02-13T13:11:16.681+0100] {logging_mixin.py:190} INFO - [2026-02-13T13:11:16.681+0100] {dag.py:4180} INFO - Setting next_dagrun for read_dataset_event_from_classic to 2026-02-12 00:00:00+00:00, run_after=2026-02-13 00:00:00+00:00
[2026-02-13T13:11:16.711+0100] {processor.py:208} INFO - Processing /home/gianotti/Documents/CryptoETL/.venv/lib/python3.12/site-packages/airflow/example_dags/example_inlet_event_extra.py took 0.134 seconds
[2026-02-13T13:12:24.494+0100] {processor.py:186} INFO - Started process (PID=36870) to work on /home/gianotti/Documents/CryptoETL/.venv/lib/python3.12/site-packages/airflow/example_dags/example_inlet_event_extra.py
[2026-02-13T13:12:24.497+0100] {processor.py:914} INFO - Processing file /home/gianotti/Documents/CryptoETL/.venv/lib/python3.12/site-packages/airflow/example_dags/example_inlet_event_extra.py for tasks to queue
[2026-02-13T13:12:24.499+0100] {logging_mixin.py:190} INFO - [2026-02-13T13:12:24.498+0100] {dagbag.py:588} INFO - Filling up the DagBag from /home/gianotti/Documents/CryptoETL/.venv/lib/python3.12/site-packages/airflow/example_dags/example_inlet_event_extra.py
[2026-02-13T13:12:24.522+0100] {processor.py:925} INFO - DAG(s) 'read_dataset_event_from_classic', 'read_dataset_event' retrieved from /home/gianotti/Documents/CryptoETL/.venv/lib/python3.12/site-packages/airflow/example_dags/example_inlet_event_extra.py
[2026-02-13T13:12:24.554+0100] {logging_mixin.py:190} INFO - [2026-02-13T13:12:24.554+0100] {dag.py:3239} INFO - Sync 2 DAGs
[2026-02-13T13:12:24.600+0100] {logging_mixin.py:190} INFO - [2026-02-13T13:12:24.600+0100] {dag.py:4180} INFO - Setting next_dagrun for read_dataset_event to 2026-02-12 00:00:00+00:00, run_after=2026-02-13 00:00:00+00:00
[2026-02-13T13:12:24.608+0100] {logging_mixin.py:190} INFO - [2026-02-13T13:12:24.608+0100] {dag.py:4180} INFO - Setting next_dagrun for read_dataset_event_from_classic to 2026-02-12 00:00:00+00:00, run_after=2026-02-13 00:00:00+00:00
[2026-02-13T13:12:24.643+0100] {processor.py:208} INFO - Processing /home/gianotti/Documents/CryptoETL/.venv/lib/python3.12/site-packages/airflow/example_dags/example_inlet_event_extra.py took 0.158 seconds
[2026-02-13T13:13:26.387+0100] {processor.py:186} INFO - Started process (PID=36995) to work on /home/gianotti/Documents/CryptoETL/.venv/lib/python3.12/site-packages/airflow/example_dags/example_inlet_event_extra.py
[2026-02-13T13:13:26.390+0100] {processor.py:914} INFO - Processing file /home/gianotti/Documents/CryptoETL/.venv/lib/python3.12/site-packages/airflow/example_dags/example_inlet_event_extra.py for tasks to queue
[2026-02-13T13:13:26.392+0100] {logging_mixin.py:190} INFO - [2026-02-13T13:13:26.391+0100] {dagbag.py:588} INFO - Filling up the DagBag from /home/gianotti/Documents/CryptoETL/.venv/lib/python3.12/site-packages/airflow/example_dags/example_inlet_event_extra.py
[2026-02-13T13:13:26.417+0100] {processor.py:925} INFO - DAG(s) 'read_dataset_event_from_classic', 'read_dataset_event' retrieved from /home/gianotti/Documents/CryptoETL/.venv/lib/python3.12/site-packages/airflow/example_dags/example_inlet_event_extra.py
[2026-02-13T13:13:26.448+0100] {logging_mixin.py:190} INFO - [2026-02-13T13:13:26.447+0100] {dag.py:3239} INFO - Sync 2 DAGs
[2026-02-13T13:13:26.497+0100] {logging_mixin.py:190} INFO - [2026-02-13T13:13:26.497+0100] {dag.py:4180} INFO - Setting next_dagrun for read_dataset_event to 2026-02-12 00:00:00+00:00, run_after=2026-02-13 00:00:00+00:00
[2026-02-13T13:13:26.509+0100] {logging_mixin.py:190} INFO - [2026-02-13T13:13:26.509+0100] {dag.py:4180} INFO - Setting next_dagrun for read_dataset_event_from_classic to 2026-02-12 00:00:00+00:00, run_after=2026-02-13 00:00:00+00:00
[2026-02-13T13:13:26.552+0100] {processor.py:208} INFO - Processing /home/gianotti/Documents/CryptoETL/.venv/lib/python3.12/site-packages/airflow/example_dags/example_inlet_event_extra.py took 0.175 seconds
[2026-02-13T13:14:32.247+0100] {processor.py:186} INFO - Started process (PID=37153) to work on /home/gianotti/Documents/CryptoETL/.venv/lib/python3.12/site-packages/airflow/example_dags/example_inlet_event_extra.py
[2026-02-13T13:14:32.250+0100] {processor.py:914} INFO - Processing file /home/gianotti/Documents/CryptoETL/.venv/lib/python3.12/site-packages/airflow/example_dags/example_inlet_event_extra.py for tasks to queue
[2026-02-13T13:14:32.252+0100] {logging_mixin.py:190} INFO - [2026-02-13T13:14:32.251+0100] {dagbag.py:588} INFO - Filling up the DagBag from /home/gianotti/Documents/CryptoETL/.venv/lib/python3.12/site-packages/airflow/example_dags/example_inlet_event_extra.py
[2026-02-13T13:14:32.274+0100] {processor.py:925} INFO - DAG(s) 'read_dataset_event', 'read_dataset_event_from_classic' retrieved from /home/gianotti/Documents/CryptoETL/.venv/lib/python3.12/site-packages/airflow/example_dags/example_inlet_event_extra.py
[2026-02-13T13:14:32.300+0100] {logging_mixin.py:190} INFO - [2026-02-13T13:14:32.300+0100] {dag.py:3239} INFO - Sync 2 DAGs
[2026-02-13T13:14:32.341+0100] {logging_mixin.py:190} INFO - [2026-02-13T13:14:32.340+0100] {dag.py:4180} INFO - Setting next_dagrun for read_dataset_event to 2026-02-12 00:00:00+00:00, run_after=2026-02-13 00:00:00+00:00
[2026-02-13T13:14:32.348+0100] {logging_mixin.py:190} INFO - [2026-02-13T13:14:32.348+0100] {dag.py:4180} INFO - Setting next_dagrun for read_dataset_event_from_classic to 2026-02-12 00:00:00+00:00, run_after=2026-02-13 00:00:00+00:00
[2026-02-13T13:14:32.381+0100] {processor.py:208} INFO - Processing /home/gianotti/Documents/CryptoETL/.venv/lib/python3.12/site-packages/airflow/example_dags/example_inlet_event_extra.py took 0.145 seconds
[2026-02-13T13:15:38.389+0100] {processor.py:186} INFO - Started process (PID=37267) to work on /home/gianotti/Documents/CryptoETL/.venv/lib/python3.12/site-packages/airflow/example_dags/example_inlet_event_extra.py
[2026-02-13T13:15:38.392+0100] {processor.py:914} INFO - Processing file /home/gianotti/Documents/CryptoETL/.venv/lib/python3.12/site-packages/airflow/example_dags/example_inlet_event_extra.py for tasks to queue
[2026-02-13T13:15:38.394+0100] {logging_mixin.py:190} INFO - [2026-02-13T13:15:38.393+0100] {dagbag.py:588} INFO - Filling up the DagBag from /home/gianotti/Documents/CryptoETL/.venv/lib/python3.12/site-packages/airflow/example_dags/example_inlet_event_extra.py
[2026-02-13T13:15:38.416+0100] {processor.py:925} INFO - DAG(s) 'read_dataset_event_from_classic', 'read_dataset_event' retrieved from /home/gianotti/Documents/CryptoETL/.venv/lib/python3.12/site-packages/airflow/example_dags/example_inlet_event_extra.py
[2026-02-13T13:15:38.440+0100] {logging_mixin.py:190} INFO - [2026-02-13T13:15:38.440+0100] {dag.py:3239} INFO - Sync 2 DAGs
[2026-02-13T13:15:38.476+0100] {logging_mixin.py:190} INFO - [2026-02-13T13:15:38.475+0100] {dag.py:4180} INFO - Setting next_dagrun for read_dataset_event to 2026-02-12 00:00:00+00:00, run_after=2026-02-13 00:00:00+00:00
[2026-02-13T13:15:38.483+0100] {logging_mixin.py:190} INFO - [2026-02-13T13:15:38.483+0100] {dag.py:4180} INFO - Setting next_dagrun for read_dataset_event_from_classic to 2026-02-12 00:00:00+00:00, run_after=2026-02-13 00:00:00+00:00
[2026-02-13T13:15:38.510+0100] {processor.py:208} INFO - Processing /home/gianotti/Documents/CryptoETL/.venv/lib/python3.12/site-packages/airflow/example_dags/example_inlet_event_extra.py took 0.131 seconds
[2026-02-13T13:16:43.970+0100] {processor.py:186} INFO - Started process (PID=37456) to work on /home/gianotti/Documents/CryptoETL/.venv/lib/python3.12/site-packages/airflow/example_dags/example_inlet_event_extra.py
[2026-02-13T13:16:43.972+0100] {processor.py:914} INFO - Processing file /home/gianotti/Documents/CryptoETL/.venv/lib/python3.12/site-packages/airflow/example_dags/example_inlet_event_extra.py for tasks to queue
[2026-02-13T13:16:43.974+0100] {logging_mixin.py:190} INFO - [2026-02-13T13:16:43.973+0100] {dagbag.py:588} INFO - Filling up the DagBag from /home/gianotti/Documents/CryptoETL/.venv/lib/python3.12/site-packages/airflow/example_dags/example_inlet_event_extra.py
[2026-02-13T13:16:43.996+0100] {processor.py:925} INFO - DAG(s) 'read_dataset_event_from_classic', 'read_dataset_event' retrieved from /home/gianotti/Documents/CryptoETL/.venv/lib/python3.12/site-packages/airflow/example_dags/example_inlet_event_extra.py
[2026-02-13T13:16:44.022+0100] {logging_mixin.py:190} INFO - [2026-02-13T13:16:44.022+0100] {dag.py:3239} INFO - Sync 2 DAGs
[2026-02-13T13:16:44.059+0100] {logging_mixin.py:190} INFO - [2026-02-13T13:16:44.058+0100] {dag.py:4180} INFO - Setting next_dagrun for read_dataset_event to 2026-02-12 00:00:00+00:00, run_after=2026-02-13 00:00:00+00:00
[2026-02-13T13:16:44.068+0100] {logging_mixin.py:190} INFO - [2026-02-13T13:16:44.068+0100] {dag.py:4180} INFO - Setting next_dagrun for read_dataset_event_from_classic to 2026-02-12 00:00:00+00:00, run_after=2026-02-13 00:00:00+00:00
[2026-02-13T13:16:44.096+0100] {processor.py:208} INFO - Processing /home/gianotti/Documents/CryptoETL/.venv/lib/python3.12/site-packages/airflow/example_dags/example_inlet_event_extra.py took 0.136 seconds
[2026-02-13T13:17:49.921+0100] {processor.py:186} INFO - Started process (PID=37570) to work on /home/gianotti/Documents/CryptoETL/.venv/lib/python3.12/site-packages/airflow/example_dags/example_inlet_event_extra.py
[2026-02-13T13:17:49.924+0100] {processor.py:914} INFO - Processing file /home/gianotti/Documents/CryptoETL/.venv/lib/python3.12/site-packages/airflow/example_dags/example_inlet_event_extra.py for tasks to queue
[2026-02-13T13:17:49.926+0100] {logging_mixin.py:190} INFO - [2026-02-13T13:17:49.925+0100] {dagbag.py:588} INFO - Filling up the DagBag from /home/gianotti/Documents/CryptoETL/.venv/lib/python3.12/site-packages/airflow/example_dags/example_inlet_event_extra.py
[2026-02-13T13:17:49.949+0100] {processor.py:925} INFO - DAG(s) 'read_dataset_event', 'read_dataset_event_from_classic' retrieved from /home/gianotti/Documents/CryptoETL/.venv/lib/python3.12/site-packages/airflow/example_dags/example_inlet_event_extra.py
[2026-02-13T13:17:49.975+0100] {logging_mixin.py:190} INFO - [2026-02-13T13:17:49.975+0100] {dag.py:3239} INFO - Sync 2 DAGs
[2026-02-13T13:17:50.011+0100] {logging_mixin.py:190} INFO - [2026-02-13T13:17:50.010+0100] {dag.py:4180} INFO - Setting next_dagrun for read_dataset_event to 2026-02-12 00:00:00+00:00, run_after=2026-02-13 00:00:00+00:00
[2026-02-13T13:17:50.018+0100] {logging_mixin.py:190} INFO - [2026-02-13T13:17:50.018+0100] {dag.py:4180} INFO - Setting next_dagrun for read_dataset_event_from_classic to 2026-02-12 00:00:00+00:00, run_after=2026-02-13 00:00:00+00:00
[2026-02-13T13:17:50.048+0100] {processor.py:208} INFO - Processing /home/gianotti/Documents/CryptoETL/.venv/lib/python3.12/site-packages/airflow/example_dags/example_inlet_event_extra.py took 0.135 seconds
[2026-02-13T13:18:55.404+0100] {processor.py:186} INFO - Started process (PID=37679) to work on /home/gianotti/Documents/CryptoETL/.venv/lib/python3.12/site-packages/airflow/example_dags/example_inlet_event_extra.py
[2026-02-13T13:18:55.407+0100] {processor.py:914} INFO - Processing file /home/gianotti/Documents/CryptoETL/.venv/lib/python3.12/site-packages/airflow/example_dags/example_inlet_event_extra.py for tasks to queue
[2026-02-13T13:18:55.409+0100] {logging_mixin.py:190} INFO - [2026-02-13T13:18:55.408+0100] {dagbag.py:588} INFO - Filling up the DagBag from /home/gianotti/Documents/CryptoETL/.venv/lib/python3.12/site-packages/airflow/example_dags/example_inlet_event_extra.py
[2026-02-13T13:18:55.433+0100] {processor.py:925} INFO - DAG(s) 'read_dataset_event_from_classic', 'read_dataset_event' retrieved from /home/gianotti/Documents/CryptoETL/.venv/lib/python3.12/site-packages/airflow/example_dags/example_inlet_event_extra.py
[2026-02-13T13:18:55.461+0100] {logging_mixin.py:190} INFO - [2026-02-13T13:18:55.461+0100] {dag.py:3239} INFO - Sync 2 DAGs
[2026-02-13T13:18:55.496+0100] {logging_mixin.py:190} INFO - [2026-02-13T13:18:55.495+0100] {dag.py:4180} INFO - Setting next_dagrun for read_dataset_event to 2026-02-12 00:00:00+00:00, run_after=2026-02-13 00:00:00+00:00
[2026-02-13T13:18:55.503+0100] {logging_mixin.py:190} INFO - [2026-02-13T13:18:55.503+0100] {dag.py:4180} INFO - Setting next_dagrun for read_dataset_event_from_classic to 2026-02-12 00:00:00+00:00, run_after=2026-02-13 00:00:00+00:00
[2026-02-13T13:18:55.532+0100] {processor.py:208} INFO - Processing /home/gianotti/Documents/CryptoETL/.venv/lib/python3.12/site-packages/airflow/example_dags/example_inlet_event_extra.py took 0.138 seconds
[2026-02-13T13:20:00.290+0100] {processor.py:186} INFO - Started process (PID=37756) to work on /home/gianotti/Documents/CryptoETL/.venv/lib/python3.12/site-packages/airflow/example_dags/example_inlet_event_extra.py
[2026-02-13T13:20:00.293+0100] {processor.py:914} INFO - Processing file /home/gianotti/Documents/CryptoETL/.venv/lib/python3.12/site-packages/airflow/example_dags/example_inlet_event_extra.py for tasks to queue
[2026-02-13T13:20:00.295+0100] {logging_mixin.py:190} INFO - [2026-02-13T13:20:00.294+0100] {dagbag.py:588} INFO - Filling up the DagBag from /home/gianotti/Documents/CryptoETL/.venv/lib/python3.12/site-packages/airflow/example_dags/example_inlet_event_extra.py
[2026-02-13T13:20:00.319+0100] {processor.py:925} INFO - DAG(s) 'read_dataset_event_from_classic', 'read_dataset_event' retrieved from /home/gianotti/Documents/CryptoETL/.venv/lib/python3.12/site-packages/airflow/example_dags/example_inlet_event_extra.py
[2026-02-13T13:20:00.346+0100] {logging_mixin.py:190} INFO - [2026-02-13T13:20:00.346+0100] {dag.py:3239} INFO - Sync 2 DAGs
[2026-02-13T13:20:00.383+0100] {logging_mixin.py:190} INFO - [2026-02-13T13:20:00.382+0100] {dag.py:4180} INFO - Setting next_dagrun for read_dataset_event to 2026-02-12 00:00:00+00:00, run_after=2026-02-13 00:00:00+00:00
[2026-02-13T13:20:00.390+0100] {logging_mixin.py:190} INFO - [2026-02-13T13:20:00.390+0100] {dag.py:4180} INFO - Setting next_dagrun for read_dataset_event_from_classic to 2026-02-12 00:00:00+00:00, run_after=2026-02-13 00:00:00+00:00
[2026-02-13T13:20:00.419+0100] {processor.py:208} INFO - Processing /home/gianotti/Documents/CryptoETL/.venv/lib/python3.12/site-packages/airflow/example_dags/example_inlet_event_extra.py took 0.138 seconds
[2026-02-13T13:21:07.155+0100] {processor.py:186} INFO - Started process (PID=37866) to work on /home/gianotti/Documents/CryptoETL/.venv/lib/python3.12/site-packages/airflow/example_dags/example_inlet_event_extra.py
[2026-02-13T13:21:07.157+0100] {processor.py:914} INFO - Processing file /home/gianotti/Documents/CryptoETL/.venv/lib/python3.12/site-packages/airflow/example_dags/example_inlet_event_extra.py for tasks to queue
[2026-02-13T13:21:07.159+0100] {logging_mixin.py:190} INFO - [2026-02-13T13:21:07.158+0100] {dagbag.py:588} INFO - Filling up the DagBag from /home/gianotti/Documents/CryptoETL/.venv/lib/python3.12/site-packages/airflow/example_dags/example_inlet_event_extra.py
[2026-02-13T13:21:07.181+0100] {processor.py:925} INFO - DAG(s) 'read_dataset_event', 'read_dataset_event_from_classic' retrieved from /home/gianotti/Documents/CryptoETL/.venv/lib/python3.12/site-packages/airflow/example_dags/example_inlet_event_extra.py
[2026-02-13T13:21:07.207+0100] {logging_mixin.py:190} INFO - [2026-02-13T13:21:07.207+0100] {dag.py:3239} INFO - Sync 2 DAGs
[2026-02-13T13:21:07.243+0100] {logging_mixin.py:190} INFO - [2026-02-13T13:21:07.242+0100] {dag.py:4180} INFO - Setting next_dagrun for read_dataset_event to 2026-02-12 00:00:00+00:00, run_after=2026-02-13 00:00:00+00:00
[2026-02-13T13:21:07.250+0100] {logging_mixin.py:190} INFO - [2026-02-13T13:21:07.250+0100] {dag.py:4180} INFO - Setting next_dagrun for read_dataset_event_from_classic to 2026-02-12 00:00:00+00:00, run_after=2026-02-13 00:00:00+00:00
[2026-02-13T13:21:07.283+0100] {processor.py:208} INFO - Processing /home/gianotti/Documents/CryptoETL/.venv/lib/python3.12/site-packages/airflow/example_dags/example_inlet_event_extra.py took 0.137 seconds
[2026-02-13T13:22:08.666+0100] {processor.py:186} INFO - Started process (PID=37973) to work on /home/gianotti/Documents/CryptoETL/.venv/lib/python3.12/site-packages/airflow/example_dags/example_inlet_event_extra.py
[2026-02-13T13:22:08.670+0100] {processor.py:914} INFO - Processing file /home/gianotti/Documents/CryptoETL/.venv/lib/python3.12/site-packages/airflow/example_dags/example_inlet_event_extra.py for tasks to queue
[2026-02-13T13:22:08.672+0100] {logging_mixin.py:190} INFO - [2026-02-13T13:22:08.671+0100] {dagbag.py:588} INFO - Filling up the DagBag from /home/gianotti/Documents/CryptoETL/.venv/lib/python3.12/site-packages/airflow/example_dags/example_inlet_event_extra.py
[2026-02-13T13:22:08.694+0100] {processor.py:925} INFO - DAG(s) 'read_dataset_event', 'read_dataset_event_from_classic' retrieved from /home/gianotti/Documents/CryptoETL/.venv/lib/python3.12/site-packages/airflow/example_dags/example_inlet_event_extra.py
[2026-02-13T13:22:08.722+0100] {logging_mixin.py:190} INFO - [2026-02-13T13:22:08.722+0100] {dag.py:3239} INFO - Sync 2 DAGs
[2026-02-13T13:22:08.758+0100] {logging_mixin.py:190} INFO - [2026-02-13T13:22:08.758+0100] {dag.py:4180} INFO - Setting next_dagrun for read_dataset_event to 2026-02-12 00:00:00+00:00, run_after=2026-02-13 00:00:00+00:00
[2026-02-13T13:22:08.766+0100] {logging_mixin.py:190} INFO - [2026-02-13T13:22:08.766+0100] {dag.py:4180} INFO - Setting next_dagrun for read_dataset_event_from_classic to 2026-02-12 00:00:00+00:00, run_after=2026-02-13 00:00:00+00:00
[2026-02-13T13:22:08.797+0100] {processor.py:208} INFO - Processing /home/gianotti/Documents/CryptoETL/.venv/lib/python3.12/site-packages/airflow/example_dags/example_inlet_event_extra.py took 0.140 seconds
