[2026-02-13T12:55:03.481+0100] {processor.py:186} INFO - Started process (PID=34918) to work on /home/gianotti/Documents/CryptoETL/.venv/lib/python3.12/site-packages/airflow/example_dags/example_xcomargs.py
[2026-02-13T12:55:03.483+0100] {processor.py:914} INFO - Processing file /home/gianotti/Documents/CryptoETL/.venv/lib/python3.12/site-packages/airflow/example_dags/example_xcomargs.py for tasks to queue
[2026-02-13T12:55:03.486+0100] {logging_mixin.py:190} INFO - [2026-02-13T12:55:03.485+0100] {dagbag.py:588} INFO - Filling up the DagBag from /home/gianotti/Documents/CryptoETL/.venv/lib/python3.12/site-packages/airflow/example_dags/example_xcomargs.py
[2026-02-13T12:55:03.506+0100] {processor.py:925} INFO - DAG(s) 'example_xcom_args_with_operators', 'example_xcom_args' retrieved from /home/gianotti/Documents/CryptoETL/.venv/lib/python3.12/site-packages/airflow/example_dags/example_xcomargs.py
[2026-02-13T12:55:03.610+0100] {logging_mixin.py:190} INFO - [2026-02-13T12:55:03.609+0100] {override.py:1930} INFO - Created Permission View: can edit on DAG:example_xcom_args_with_operators
[2026-02-13T12:55:03.621+0100] {logging_mixin.py:190} INFO - [2026-02-13T12:55:03.620+0100] {override.py:1930} INFO - Created Permission View: can read on DAG:example_xcom_args_with_operators
[2026-02-13T12:55:03.632+0100] {logging_mixin.py:190} INFO - [2026-02-13T12:55:03.631+0100] {override.py:1930} INFO - Created Permission View: can delete on DAG:example_xcom_args_with_operators
[2026-02-13T12:55:03.651+0100] {logging_mixin.py:190} INFO - [2026-02-13T12:55:03.650+0100] {override.py:1930} INFO - Created Permission View: can create on DAG Run:example_xcom_args_with_operators
[2026-02-13T12:55:03.663+0100] {logging_mixin.py:190} INFO - [2026-02-13T12:55:03.662+0100] {override.py:1930} INFO - Created Permission View: can read on DAG Run:example_xcom_args_with_operators
[2026-02-13T12:55:03.674+0100] {logging_mixin.py:190} INFO - [2026-02-13T12:55:03.674+0100] {override.py:1930} INFO - Created Permission View: can delete on DAG Run:example_xcom_args_with_operators
[2026-02-13T12:55:03.686+0100] {logging_mixin.py:190} INFO - [2026-02-13T12:55:03.685+0100] {override.py:1930} INFO - Created Permission View: menu access on DAG Run:example_xcom_args_with_operators
[2026-02-13T12:55:03.711+0100] {logging_mixin.py:190} INFO - [2026-02-13T12:55:03.710+0100] {override.py:1930} INFO - Created Permission View: can edit on DAG:example_xcom_args
[2026-02-13T12:55:03.724+0100] {logging_mixin.py:190} INFO - [2026-02-13T12:55:03.724+0100] {override.py:1930} INFO - Created Permission View: can read on DAG:example_xcom_args
[2026-02-13T12:55:03.738+0100] {logging_mixin.py:190} INFO - [2026-02-13T12:55:03.737+0100] {override.py:1930} INFO - Created Permission View: can delete on DAG:example_xcom_args
[2026-02-13T12:55:03.756+0100] {logging_mixin.py:190} INFO - [2026-02-13T12:55:03.756+0100] {override.py:1930} INFO - Created Permission View: can create on DAG Run:example_xcom_args
[2026-02-13T12:55:03.768+0100] {logging_mixin.py:190} INFO - [2026-02-13T12:55:03.768+0100] {override.py:1930} INFO - Created Permission View: can read on DAG Run:example_xcom_args
[2026-02-13T12:55:03.780+0100] {logging_mixin.py:190} INFO - [2026-02-13T12:55:03.779+0100] {override.py:1930} INFO - Created Permission View: can delete on DAG Run:example_xcom_args
[2026-02-13T12:55:03.791+0100] {logging_mixin.py:190} INFO - [2026-02-13T12:55:03.791+0100] {override.py:1930} INFO - Created Permission View: menu access on DAG Run:example_xcom_args
[2026-02-13T12:55:03.792+0100] {logging_mixin.py:190} INFO - [2026-02-13T12:55:03.792+0100] {dag.py:3239} INFO - Sync 2 DAGs
[2026-02-13T12:55:03.808+0100] {logging_mixin.py:190} INFO - [2026-02-13T12:55:03.808+0100] {dag.py:3262} INFO - Creating ORM DAG for example_xcom_args_with_operators
[2026-02-13T12:55:03.809+0100] {logging_mixin.py:190} INFO - [2026-02-13T12:55:03.809+0100] {dag.py:3262} INFO - Creating ORM DAG for example_xcom_args
[2026-02-13T12:55:03.810+0100] {logging_mixin.py:190} INFO - [2026-02-13T12:55:03.810+0100] {dag.py:4180} INFO - Setting next_dagrun for example_xcom_args to None, run_after=None
[2026-02-13T12:55:03.811+0100] {logging_mixin.py:190} INFO - [2026-02-13T12:55:03.811+0100] {dag.py:4180} INFO - Setting next_dagrun for example_xcom_args_with_operators to None, run_after=None
[2026-02-13T12:55:03.831+0100] {processor.py:208} INFO - Processing /home/gianotti/Documents/CryptoETL/.venv/lib/python3.12/site-packages/airflow/example_dags/example_xcomargs.py took 0.359 seconds
[2026-02-13T12:56:11.869+0100] {processor.py:186} INFO - Started process (PID=35053) to work on /home/gianotti/Documents/CryptoETL/.venv/lib/python3.12/site-packages/airflow/example_dags/example_xcomargs.py
[2026-02-13T12:56:11.870+0100] {processor.py:914} INFO - Processing file /home/gianotti/Documents/CryptoETL/.venv/lib/python3.12/site-packages/airflow/example_dags/example_xcomargs.py for tasks to queue
[2026-02-13T12:56:11.874+0100] {logging_mixin.py:190} INFO - [2026-02-13T12:56:11.873+0100] {dagbag.py:588} INFO - Filling up the DagBag from /home/gianotti/Documents/CryptoETL/.venv/lib/python3.12/site-packages/airflow/example_dags/example_xcomargs.py
[2026-02-13T12:56:11.889+0100] {processor.py:925} INFO - DAG(s) 'example_xcom_args', 'example_xcom_args_with_operators' retrieved from /home/gianotti/Documents/CryptoETL/.venv/lib/python3.12/site-packages/airflow/example_dags/example_xcomargs.py
[2026-02-13T12:56:11.908+0100] {logging_mixin.py:190} INFO - [2026-02-13T12:56:11.908+0100] {dag.py:3239} INFO - Sync 2 DAGs
[2026-02-13T12:56:11.918+0100] {logging_mixin.py:190} INFO - [2026-02-13T12:56:11.918+0100] {dag.py:4180} INFO - Setting next_dagrun for example_xcom_args to None, run_after=None
[2026-02-13T12:56:11.921+0100] {logging_mixin.py:190} INFO - [2026-02-13T12:56:11.921+0100] {dag.py:4180} INFO - Setting next_dagrun for example_xcom_args_with_operators to None, run_after=None
[2026-02-13T12:56:11.939+0100] {processor.py:208} INFO - Processing /home/gianotti/Documents/CryptoETL/.venv/lib/python3.12/site-packages/airflow/example_dags/example_xcomargs.py took 0.080 seconds
[2026-02-13T12:57:09.901+0100] {processor.py:186} INFO - Started process (PID=35140) to work on /home/gianotti/Documents/CryptoETL/.venv/lib/python3.12/site-packages/airflow/example_dags/example_xcomargs.py
[2026-02-13T12:57:09.904+0100] {processor.py:914} INFO - Processing file /home/gianotti/Documents/CryptoETL/.venv/lib/python3.12/site-packages/airflow/example_dags/example_xcomargs.py for tasks to queue
[2026-02-13T12:57:09.907+0100] {logging_mixin.py:190} INFO - [2026-02-13T12:57:09.906+0100] {dagbag.py:588} INFO - Filling up the DagBag from /home/gianotti/Documents/CryptoETL/.venv/lib/python3.12/site-packages/airflow/example_dags/example_xcomargs.py
[2026-02-13T12:57:09.924+0100] {processor.py:925} INFO - DAG(s) 'example_xcom_args', 'example_xcom_args_with_operators' retrieved from /home/gianotti/Documents/CryptoETL/.venv/lib/python3.12/site-packages/airflow/example_dags/example_xcomargs.py
[2026-02-13T12:57:09.951+0100] {logging_mixin.py:190} INFO - [2026-02-13T12:57:09.951+0100] {dag.py:3239} INFO - Sync 2 DAGs
[2026-02-13T12:57:09.962+0100] {logging_mixin.py:190} INFO - [2026-02-13T12:57:09.962+0100] {dag.py:4180} INFO - Setting next_dagrun for example_xcom_args to None, run_after=None
[2026-02-13T12:57:09.965+0100] {logging_mixin.py:190} INFO - [2026-02-13T12:57:09.964+0100] {dag.py:4180} INFO - Setting next_dagrun for example_xcom_args_with_operators to None, run_after=None
[2026-02-13T12:57:09.980+0100] {processor.py:208} INFO - Processing /home/gianotti/Documents/CryptoETL/.venv/lib/python3.12/site-packages/airflow/example_dags/example_xcomargs.py took 0.088 seconds
[2026-02-13T12:58:07.273+0100] {processor.py:186} INFO - Started process (PID=35251) to work on /home/gianotti/Documents/CryptoETL/.venv/lib/python3.12/site-packages/airflow/example_dags/example_xcomargs.py
[2026-02-13T12:58:07.276+0100] {processor.py:914} INFO - Processing file /home/gianotti/Documents/CryptoETL/.venv/lib/python3.12/site-packages/airflow/example_dags/example_xcomargs.py for tasks to queue
[2026-02-13T12:58:07.280+0100] {logging_mixin.py:190} INFO - [2026-02-13T12:58:07.279+0100] {dagbag.py:588} INFO - Filling up the DagBag from /home/gianotti/Documents/CryptoETL/.venv/lib/python3.12/site-packages/airflow/example_dags/example_xcomargs.py
[2026-02-13T12:58:07.299+0100] {processor.py:925} INFO - DAG(s) 'example_xcom_args_with_operators', 'example_xcom_args' retrieved from /home/gianotti/Documents/CryptoETL/.venv/lib/python3.12/site-packages/airflow/example_dags/example_xcomargs.py
[2026-02-13T12:58:07.328+0100] {logging_mixin.py:190} INFO - [2026-02-13T12:58:07.328+0100] {dag.py:3239} INFO - Sync 2 DAGs
[2026-02-13T12:58:07.341+0100] {logging_mixin.py:190} INFO - [2026-02-13T12:58:07.341+0100] {dag.py:4180} INFO - Setting next_dagrun for example_xcom_args to None, run_after=None
[2026-02-13T12:58:07.343+0100] {logging_mixin.py:190} INFO - [2026-02-13T12:58:07.343+0100] {dag.py:4180} INFO - Setting next_dagrun for example_xcom_args_with_operators to None, run_after=None
[2026-02-13T12:58:07.364+0100] {processor.py:208} INFO - Processing /home/gianotti/Documents/CryptoETL/.venv/lib/python3.12/site-packages/airflow/example_dags/example_xcomargs.py took 0.100 seconds
[2026-02-13T12:59:02.102+0100] {processor.py:186} INFO - Started process (PID=35395) to work on /home/gianotti/Documents/CryptoETL/.venv/lib/python3.12/site-packages/airflow/example_dags/example_xcomargs.py
[2026-02-13T12:59:02.105+0100] {processor.py:914} INFO - Processing file /home/gianotti/Documents/CryptoETL/.venv/lib/python3.12/site-packages/airflow/example_dags/example_xcomargs.py for tasks to queue
[2026-02-13T12:59:02.108+0100] {logging_mixin.py:190} INFO - [2026-02-13T12:59:02.108+0100] {dagbag.py:588} INFO - Filling up the DagBag from /home/gianotti/Documents/CryptoETL/.venv/lib/python3.12/site-packages/airflow/example_dags/example_xcomargs.py
[2026-02-13T12:59:02.129+0100] {processor.py:925} INFO - DAG(s) 'example_xcom_args', 'example_xcom_args_with_operators' retrieved from /home/gianotti/Documents/CryptoETL/.venv/lib/python3.12/site-packages/airflow/example_dags/example_xcomargs.py
[2026-02-13T12:59:02.160+0100] {logging_mixin.py:190} INFO - [2026-02-13T12:59:02.160+0100] {dag.py:3239} INFO - Sync 2 DAGs
[2026-02-13T12:59:02.181+0100] {logging_mixin.py:190} INFO - [2026-02-13T12:59:02.181+0100] {dag.py:4180} INFO - Setting next_dagrun for example_xcom_args to None, run_after=None
[2026-02-13T12:59:02.187+0100] {logging_mixin.py:190} INFO - [2026-02-13T12:59:02.187+0100] {dag.py:4180} INFO - Setting next_dagrun for example_xcom_args_with_operators to None, run_after=None
[2026-02-13T12:59:02.214+0100] {processor.py:208} INFO - Processing /home/gianotti/Documents/CryptoETL/.venv/lib/python3.12/site-packages/airflow/example_dags/example_xcomargs.py took 0.122 seconds
[2026-02-13T12:59:56.760+0100] {processor.py:186} INFO - Started process (PID=35501) to work on /home/gianotti/Documents/CryptoETL/.venv/lib/python3.12/site-packages/airflow/example_dags/example_xcomargs.py
[2026-02-13T12:59:56.763+0100] {processor.py:914} INFO - Processing file /home/gianotti/Documents/CryptoETL/.venv/lib/python3.12/site-packages/airflow/example_dags/example_xcomargs.py for tasks to queue
[2026-02-13T12:59:56.765+0100] {logging_mixin.py:190} INFO - [2026-02-13T12:59:56.764+0100] {dagbag.py:588} INFO - Filling up the DagBag from /home/gianotti/Documents/CryptoETL/.venv/lib/python3.12/site-packages/airflow/example_dags/example_xcomargs.py
[2026-02-13T12:59:56.783+0100] {processor.py:925} INFO - DAG(s) 'example_xcom_args', 'example_xcom_args_with_operators' retrieved from /home/gianotti/Documents/CryptoETL/.venv/lib/python3.12/site-packages/airflow/example_dags/example_xcomargs.py
[2026-02-13T12:59:56.803+0100] {logging_mixin.py:190} INFO - [2026-02-13T12:59:56.802+0100] {dag.py:3239} INFO - Sync 2 DAGs
[2026-02-13T12:59:56.812+0100] {logging_mixin.py:190} INFO - [2026-02-13T12:59:56.812+0100] {dag.py:4180} INFO - Setting next_dagrun for example_xcom_args to None, run_after=None
[2026-02-13T12:59:56.815+0100] {logging_mixin.py:190} INFO - [2026-02-13T12:59:56.815+0100] {dag.py:4180} INFO - Setting next_dagrun for example_xcom_args_with_operators to None, run_after=None
[2026-02-13T12:59:56.833+0100] {processor.py:208} INFO - Processing /home/gianotti/Documents/CryptoETL/.venv/lib/python3.12/site-packages/airflow/example_dags/example_xcomargs.py took 0.082 seconds
[2026-02-13T13:00:53.654+0100] {processor.py:186} INFO - Started process (PID=35609) to work on /home/gianotti/Documents/CryptoETL/.venv/lib/python3.12/site-packages/airflow/example_dags/example_xcomargs.py
[2026-02-13T13:00:53.657+0100] {processor.py:914} INFO - Processing file /home/gianotti/Documents/CryptoETL/.venv/lib/python3.12/site-packages/airflow/example_dags/example_xcomargs.py for tasks to queue
[2026-02-13T13:00:53.659+0100] {logging_mixin.py:190} INFO - [2026-02-13T13:00:53.658+0100] {dagbag.py:588} INFO - Filling up the DagBag from /home/gianotti/Documents/CryptoETL/.venv/lib/python3.12/site-packages/airflow/example_dags/example_xcomargs.py
[2026-02-13T13:00:53.677+0100] {processor.py:925} INFO - DAG(s) 'example_xcom_args', 'example_xcom_args_with_operators' retrieved from /home/gianotti/Documents/CryptoETL/.venv/lib/python3.12/site-packages/airflow/example_dags/example_xcomargs.py
[2026-02-13T13:00:53.704+0100] {logging_mixin.py:190} INFO - [2026-02-13T13:00:53.703+0100] {dag.py:3239} INFO - Sync 2 DAGs
[2026-02-13T13:00:53.716+0100] {logging_mixin.py:190} INFO - [2026-02-13T13:00:53.716+0100] {dag.py:4180} INFO - Setting next_dagrun for example_xcom_args to None, run_after=None
[2026-02-13T13:00:53.719+0100] {logging_mixin.py:190} INFO - [2026-02-13T13:00:53.719+0100] {dag.py:4180} INFO - Setting next_dagrun for example_xcom_args_with_operators to None, run_after=None
[2026-02-13T13:00:53.735+0100] {processor.py:208} INFO - Processing /home/gianotti/Documents/CryptoETL/.venv/lib/python3.12/site-packages/airflow/example_dags/example_xcomargs.py took 0.091 seconds
[2026-02-13T13:01:54.745+0100] {processor.py:186} INFO - Started process (PID=35728) to work on /home/gianotti/Documents/CryptoETL/.venv/lib/python3.12/site-packages/airflow/example_dags/example_xcomargs.py
[2026-02-13T13:01:54.747+0100] {processor.py:914} INFO - Processing file /home/gianotti/Documents/CryptoETL/.venv/lib/python3.12/site-packages/airflow/example_dags/example_xcomargs.py for tasks to queue
[2026-02-13T13:01:54.749+0100] {logging_mixin.py:190} INFO - [2026-02-13T13:01:54.748+0100] {dagbag.py:588} INFO - Filling up the DagBag from /home/gianotti/Documents/CryptoETL/.venv/lib/python3.12/site-packages/airflow/example_dags/example_xcomargs.py
[2026-02-13T13:01:54.767+0100] {processor.py:925} INFO - DAG(s) 'example_xcom_args_with_operators', 'example_xcom_args' retrieved from /home/gianotti/Documents/CryptoETL/.venv/lib/python3.12/site-packages/airflow/example_dags/example_xcomargs.py
[2026-02-13T13:01:54.794+0100] {logging_mixin.py:190} INFO - [2026-02-13T13:01:54.794+0100] {dag.py:3239} INFO - Sync 2 DAGs
[2026-02-13T13:01:54.807+0100] {logging_mixin.py:190} INFO - [2026-02-13T13:01:54.807+0100] {dag.py:4180} INFO - Setting next_dagrun for example_xcom_args to None, run_after=None
[2026-02-13T13:01:54.811+0100] {logging_mixin.py:190} INFO - [2026-02-13T13:01:54.811+0100] {dag.py:4180} INFO - Setting next_dagrun for example_xcom_args_with_operators to None, run_after=None
[2026-02-13T13:01:54.829+0100] {processor.py:208} INFO - Processing /home/gianotti/Documents/CryptoETL/.venv/lib/python3.12/site-packages/airflow/example_dags/example_xcomargs.py took 0.093 seconds
[2026-02-13T13:02:53.470+0100] {processor.py:186} INFO - Started process (PID=35847) to work on /home/gianotti/Documents/CryptoETL/.venv/lib/python3.12/site-packages/airflow/example_dags/example_xcomargs.py
[2026-02-13T13:02:53.473+0100] {processor.py:914} INFO - Processing file /home/gianotti/Documents/CryptoETL/.venv/lib/python3.12/site-packages/airflow/example_dags/example_xcomargs.py for tasks to queue
[2026-02-13T13:02:53.475+0100] {logging_mixin.py:190} INFO - [2026-02-13T13:02:53.474+0100] {dagbag.py:588} INFO - Filling up the DagBag from /home/gianotti/Documents/CryptoETL/.venv/lib/python3.12/site-packages/airflow/example_dags/example_xcomargs.py
[2026-02-13T13:02:53.493+0100] {processor.py:925} INFO - DAG(s) 'example_xcom_args_with_operators', 'example_xcom_args' retrieved from /home/gianotti/Documents/CryptoETL/.venv/lib/python3.12/site-packages/airflow/example_dags/example_xcomargs.py
[2026-02-13T13:02:53.522+0100] {logging_mixin.py:190} INFO - [2026-02-13T13:02:53.521+0100] {dag.py:3239} INFO - Sync 2 DAGs
[2026-02-13T13:02:53.540+0100] {logging_mixin.py:190} INFO - [2026-02-13T13:02:53.540+0100] {dag.py:4180} INFO - Setting next_dagrun for example_xcom_args to None, run_after=None
[2026-02-13T13:02:53.543+0100] {logging_mixin.py:190} INFO - [2026-02-13T13:02:53.543+0100] {dag.py:4180} INFO - Setting next_dagrun for example_xcom_args_with_operators to None, run_after=None
[2026-02-13T13:02:53.563+0100] {processor.py:208} INFO - Processing /home/gianotti/Documents/CryptoETL/.venv/lib/python3.12/site-packages/airflow/example_dags/example_xcomargs.py took 0.102 seconds
[2026-02-13T13:03:49.219+0100] {processor.py:186} INFO - Started process (PID=35991) to work on /home/gianotti/Documents/CryptoETL/.venv/lib/python3.12/site-packages/airflow/example_dags/example_xcomargs.py
[2026-02-13T13:03:49.222+0100] {processor.py:914} INFO - Processing file /home/gianotti/Documents/CryptoETL/.venv/lib/python3.12/site-packages/airflow/example_dags/example_xcomargs.py for tasks to queue
[2026-02-13T13:03:49.224+0100] {logging_mixin.py:190} INFO - [2026-02-13T13:03:49.223+0100] {dagbag.py:588} INFO - Filling up the DagBag from /home/gianotti/Documents/CryptoETL/.venv/lib/python3.12/site-packages/airflow/example_dags/example_xcomargs.py
[2026-02-13T13:03:49.244+0100] {processor.py:925} INFO - DAG(s) 'example_xcom_args_with_operators', 'example_xcom_args' retrieved from /home/gianotti/Documents/CryptoETL/.venv/lib/python3.12/site-packages/airflow/example_dags/example_xcomargs.py
[2026-02-13T13:03:49.277+0100] {logging_mixin.py:190} INFO - [2026-02-13T13:03:49.276+0100] {dag.py:3239} INFO - Sync 2 DAGs
[2026-02-13T13:03:49.300+0100] {logging_mixin.py:190} INFO - [2026-02-13T13:03:49.300+0100] {dag.py:4180} INFO - Setting next_dagrun for example_xcom_args to None, run_after=None
[2026-02-13T13:03:49.307+0100] {logging_mixin.py:190} INFO - [2026-02-13T13:03:49.307+0100] {dag.py:4180} INFO - Setting next_dagrun for example_xcom_args_with_operators to None, run_after=None
[2026-02-13T13:03:49.339+0100] {processor.py:208} INFO - Processing /home/gianotti/Documents/CryptoETL/.venv/lib/python3.12/site-packages/airflow/example_dags/example_xcomargs.py took 0.130 seconds
[2026-02-13T13:04:52.991+0100] {processor.py:186} INFO - Started process (PID=36115) to work on /home/gianotti/Documents/CryptoETL/.venv/lib/python3.12/site-packages/airflow/example_dags/example_xcomargs.py
[2026-02-13T13:04:52.994+0100] {processor.py:914} INFO - Processing file /home/gianotti/Documents/CryptoETL/.venv/lib/python3.12/site-packages/airflow/example_dags/example_xcomargs.py for tasks to queue
[2026-02-13T13:04:52.996+0100] {logging_mixin.py:190} INFO - [2026-02-13T13:04:52.995+0100] {dagbag.py:588} INFO - Filling up the DagBag from /home/gianotti/Documents/CryptoETL/.venv/lib/python3.12/site-packages/airflow/example_dags/example_xcomargs.py
[2026-02-13T13:04:53.013+0100] {processor.py:925} INFO - DAG(s) 'example_xcom_args', 'example_xcom_args_with_operators' retrieved from /home/gianotti/Documents/CryptoETL/.venv/lib/python3.12/site-packages/airflow/example_dags/example_xcomargs.py
[2026-02-13T13:04:53.041+0100] {logging_mixin.py:190} INFO - [2026-02-13T13:04:53.041+0100] {dag.py:3239} INFO - Sync 2 DAGs
[2026-02-13T13:04:53.061+0100] {logging_mixin.py:190} INFO - [2026-02-13T13:04:53.061+0100] {dag.py:4180} INFO - Setting next_dagrun for example_xcom_args to None, run_after=None
[2026-02-13T13:04:53.066+0100] {logging_mixin.py:190} INFO - [2026-02-13T13:04:53.066+0100] {dag.py:4180} INFO - Setting next_dagrun for example_xcom_args_with_operators to None, run_after=None
[2026-02-13T13:04:53.094+0100] {processor.py:208} INFO - Processing /home/gianotti/Documents/CryptoETL/.venv/lib/python3.12/site-packages/airflow/example_dags/example_xcomargs.py took 0.113 seconds
[2026-02-13T13:05:55.593+0100] {processor.py:186} INFO - Started process (PID=36218) to work on /home/gianotti/Documents/CryptoETL/.venv/lib/python3.12/site-packages/airflow/example_dags/example_xcomargs.py
[2026-02-13T13:05:55.595+0100] {processor.py:914} INFO - Processing file /home/gianotti/Documents/CryptoETL/.venv/lib/python3.12/site-packages/airflow/example_dags/example_xcomargs.py for tasks to queue
[2026-02-13T13:05:55.598+0100] {logging_mixin.py:190} INFO - [2026-02-13T13:05:55.597+0100] {dagbag.py:588} INFO - Filling up the DagBag from /home/gianotti/Documents/CryptoETL/.venv/lib/python3.12/site-packages/airflow/example_dags/example_xcomargs.py
[2026-02-13T13:05:55.619+0100] {processor.py:925} INFO - DAG(s) 'example_xcom_args', 'example_xcom_args_with_operators' retrieved from /home/gianotti/Documents/CryptoETL/.venv/lib/python3.12/site-packages/airflow/example_dags/example_xcomargs.py
[2026-02-13T13:05:55.651+0100] {logging_mixin.py:190} INFO - [2026-02-13T13:05:55.651+0100] {dag.py:3239} INFO - Sync 2 DAGs
[2026-02-13T13:05:55.675+0100] {logging_mixin.py:190} INFO - [2026-02-13T13:05:55.674+0100] {dag.py:4180} INFO - Setting next_dagrun for example_xcom_args to None, run_after=None
[2026-02-13T13:05:55.681+0100] {logging_mixin.py:190} INFO - [2026-02-13T13:05:55.680+0100] {dag.py:4180} INFO - Setting next_dagrun for example_xcom_args_with_operators to None, run_after=None
[2026-02-13T13:05:55.715+0100] {processor.py:208} INFO - Processing /home/gianotti/Documents/CryptoETL/.venv/lib/python3.12/site-packages/airflow/example_dags/example_xcomargs.py took 0.132 seconds
[2026-02-13T13:07:01.224+0100] {processor.py:186} INFO - Started process (PID=36317) to work on /home/gianotti/Documents/CryptoETL/.venv/lib/python3.12/site-packages/airflow/example_dags/example_xcomargs.py
[2026-02-13T13:07:01.227+0100] {processor.py:914} INFO - Processing file /home/gianotti/Documents/CryptoETL/.venv/lib/python3.12/site-packages/airflow/example_dags/example_xcomargs.py for tasks to queue
[2026-02-13T13:07:01.230+0100] {logging_mixin.py:190} INFO - [2026-02-13T13:07:01.229+0100] {dagbag.py:588} INFO - Filling up the DagBag from /home/gianotti/Documents/CryptoETL/.venv/lib/python3.12/site-packages/airflow/example_dags/example_xcomargs.py
[2026-02-13T13:07:01.252+0100] {processor.py:925} INFO - DAG(s) 'example_xcom_args_with_operators', 'example_xcom_args' retrieved from /home/gianotti/Documents/CryptoETL/.venv/lib/python3.12/site-packages/airflow/example_dags/example_xcomargs.py
[2026-02-13T13:07:01.284+0100] {logging_mixin.py:190} INFO - [2026-02-13T13:07:01.283+0100] {dag.py:3239} INFO - Sync 2 DAGs
[2026-02-13T13:07:01.306+0100] {logging_mixin.py:190} INFO - [2026-02-13T13:07:01.306+0100] {dag.py:4180} INFO - Setting next_dagrun for example_xcom_args to None, run_after=None
[2026-02-13T13:07:01.313+0100] {logging_mixin.py:190} INFO - [2026-02-13T13:07:01.312+0100] {dag.py:4180} INFO - Setting next_dagrun for example_xcom_args_with_operators to None, run_after=None
[2026-02-13T13:07:01.346+0100] {processor.py:208} INFO - Processing /home/gianotti/Documents/CryptoETL/.venv/lib/python3.12/site-packages/airflow/example_dags/example_xcomargs.py took 0.132 seconds
[2026-02-13T13:08:13.577+0100] {processor.py:186} INFO - Started process (PID=36411) to work on /home/gianotti/Documents/CryptoETL/.venv/lib/python3.12/site-packages/airflow/example_dags/example_xcomargs.py
[2026-02-13T13:08:13.580+0100] {processor.py:914} INFO - Processing file /home/gianotti/Documents/CryptoETL/.venv/lib/python3.12/site-packages/airflow/example_dags/example_xcomargs.py for tasks to queue
[2026-02-13T13:08:13.582+0100] {logging_mixin.py:190} INFO - [2026-02-13T13:08:13.581+0100] {dagbag.py:588} INFO - Filling up the DagBag from /home/gianotti/Documents/CryptoETL/.venv/lib/python3.12/site-packages/airflow/example_dags/example_xcomargs.py
[2026-02-13T13:08:13.599+0100] {processor.py:925} INFO - DAG(s) 'example_xcom_args', 'example_xcom_args_with_operators' retrieved from /home/gianotti/Documents/CryptoETL/.venv/lib/python3.12/site-packages/airflow/example_dags/example_xcomargs.py
[2026-02-13T13:08:13.629+0100] {logging_mixin.py:190} INFO - [2026-02-13T13:08:13.628+0100] {dag.py:3239} INFO - Sync 2 DAGs
[2026-02-13T13:08:13.648+0100] {logging_mixin.py:190} INFO - [2026-02-13T13:08:13.648+0100] {dag.py:4180} INFO - Setting next_dagrun for example_xcom_args to None, run_after=None
[2026-02-13T13:08:13.653+0100] {logging_mixin.py:190} INFO - [2026-02-13T13:08:13.653+0100] {dag.py:4180} INFO - Setting next_dagrun for example_xcom_args_with_operators to None, run_after=None
[2026-02-13T13:08:13.680+0100] {processor.py:208} INFO - Processing /home/gianotti/Documents/CryptoETL/.venv/lib/python3.12/site-packages/airflow/example_dags/example_xcomargs.py took 0.112 seconds
[2026-02-13T13:09:18.828+0100] {processor.py:186} INFO - Started process (PID=36543) to work on /home/gianotti/Documents/CryptoETL/.venv/lib/python3.12/site-packages/airflow/example_dags/example_xcomargs.py
[2026-02-13T13:09:18.831+0100] {processor.py:914} INFO - Processing file /home/gianotti/Documents/CryptoETL/.venv/lib/python3.12/site-packages/airflow/example_dags/example_xcomargs.py for tasks to queue
[2026-02-13T13:09:18.833+0100] {logging_mixin.py:190} INFO - [2026-02-13T13:09:18.833+0100] {dagbag.py:588} INFO - Filling up the DagBag from /home/gianotti/Documents/CryptoETL/.venv/lib/python3.12/site-packages/airflow/example_dags/example_xcomargs.py
[2026-02-13T13:09:18.851+0100] {processor.py:925} INFO - DAG(s) 'example_xcom_args', 'example_xcom_args_with_operators' retrieved from /home/gianotti/Documents/CryptoETL/.venv/lib/python3.12/site-packages/airflow/example_dags/example_xcomargs.py
[2026-02-13T13:09:18.880+0100] {logging_mixin.py:190} INFO - [2026-02-13T13:09:18.879+0100] {dag.py:3239} INFO - Sync 2 DAGs
[2026-02-13T13:09:18.901+0100] {logging_mixin.py:190} INFO - [2026-02-13T13:09:18.900+0100] {dag.py:4180} INFO - Setting next_dagrun for example_xcom_args to None, run_after=None
[2026-02-13T13:09:18.906+0100] {logging_mixin.py:190} INFO - [2026-02-13T13:09:18.906+0100] {dag.py:4180} INFO - Setting next_dagrun for example_xcom_args_with_operators to None, run_after=None
[2026-02-13T13:09:18.936+0100] {processor.py:208} INFO - Processing /home/gianotti/Documents/CryptoETL/.venv/lib/python3.12/site-packages/airflow/example_dags/example_xcomargs.py took 0.116 seconds
[2026-02-13T13:10:31.797+0100] {processor.py:186} INFO - Started process (PID=36684) to work on /home/gianotti/Documents/CryptoETL/.venv/lib/python3.12/site-packages/airflow/example_dags/example_xcomargs.py
[2026-02-13T13:10:31.800+0100] {processor.py:914} INFO - Processing file /home/gianotti/Documents/CryptoETL/.venv/lib/python3.12/site-packages/airflow/example_dags/example_xcomargs.py for tasks to queue
[2026-02-13T13:10:31.802+0100] {logging_mixin.py:190} INFO - [2026-02-13T13:10:31.801+0100] {dagbag.py:588} INFO - Filling up the DagBag from /home/gianotti/Documents/CryptoETL/.venv/lib/python3.12/site-packages/airflow/example_dags/example_xcomargs.py
[2026-02-13T13:10:31.820+0100] {processor.py:925} INFO - DAG(s) 'example_xcom_args', 'example_xcom_args_with_operators' retrieved from /home/gianotti/Documents/CryptoETL/.venv/lib/python3.12/site-packages/airflow/example_dags/example_xcomargs.py
[2026-02-13T13:10:31.851+0100] {logging_mixin.py:190} INFO - [2026-02-13T13:10:31.850+0100] {dag.py:3239} INFO - Sync 2 DAGs
[2026-02-13T13:10:31.873+0100] {logging_mixin.py:190} INFO - [2026-02-13T13:10:31.873+0100] {dag.py:4180} INFO - Setting next_dagrun for example_xcom_args to None, run_after=None
[2026-02-13T13:10:31.880+0100] {logging_mixin.py:190} INFO - [2026-02-13T13:10:31.879+0100] {dag.py:4180} INFO - Setting next_dagrun for example_xcom_args_with_operators to None, run_after=None
[2026-02-13T13:10:31.909+0100] {processor.py:208} INFO - Processing /home/gianotti/Documents/CryptoETL/.venv/lib/python3.12/site-packages/airflow/example_dags/example_xcomargs.py took 0.122 seconds
[2026-02-13T13:11:34.850+0100] {processor.py:186} INFO - Started process (PID=36767) to work on /home/gianotti/Documents/CryptoETL/.venv/lib/python3.12/site-packages/airflow/example_dags/example_xcomargs.py
[2026-02-13T13:11:34.853+0100] {processor.py:914} INFO - Processing file /home/gianotti/Documents/CryptoETL/.venv/lib/python3.12/site-packages/airflow/example_dags/example_xcomargs.py for tasks to queue
[2026-02-13T13:11:34.855+0100] {logging_mixin.py:190} INFO - [2026-02-13T13:11:34.855+0100] {dagbag.py:588} INFO - Filling up the DagBag from /home/gianotti/Documents/CryptoETL/.venv/lib/python3.12/site-packages/airflow/example_dags/example_xcomargs.py
[2026-02-13T13:11:34.873+0100] {processor.py:925} INFO - DAG(s) 'example_xcom_args', 'example_xcom_args_with_operators' retrieved from /home/gianotti/Documents/CryptoETL/.venv/lib/python3.12/site-packages/airflow/example_dags/example_xcomargs.py
[2026-02-13T13:11:34.901+0100] {logging_mixin.py:190} INFO - [2026-02-13T13:11:34.901+0100] {dag.py:3239} INFO - Sync 2 DAGs
[2026-02-13T13:11:34.922+0100] {logging_mixin.py:190} INFO - [2026-02-13T13:11:34.922+0100] {dag.py:4180} INFO - Setting next_dagrun for example_xcom_args to None, run_after=None
[2026-02-13T13:11:34.928+0100] {logging_mixin.py:190} INFO - [2026-02-13T13:11:34.928+0100] {dag.py:4180} INFO - Setting next_dagrun for example_xcom_args_with_operators to None, run_after=None
[2026-02-13T13:11:34.960+0100] {processor.py:208} INFO - Processing /home/gianotti/Documents/CryptoETL/.venv/lib/python3.12/site-packages/airflow/example_dags/example_xcomargs.py took 0.119 seconds
