[2026-02-13T12:55:33.127+0100] {processor.py:186} INFO - Started process (PID=34960) to work on /home/gianotti/Documents/CryptoETL/.venv/lib/python3.12/site-packages/airflow/example_dags/example_params_trigger_ui.py
[2026-02-13T12:55:33.128+0100] {processor.py:914} INFO - Processing file /home/gianotti/Documents/CryptoETL/.venv/lib/python3.12/site-packages/airflow/example_dags/example_params_trigger_ui.py for tasks to queue
[2026-02-13T12:55:33.131+0100] {logging_mixin.py:190} INFO - [2026-02-13T12:55:33.130+0100] {dagbag.py:588} INFO - Filling up the DagBag from /home/gianotti/Documents/CryptoETL/.venv/lib/python3.12/site-packages/airflow/example_dags/example_params_trigger_ui.py
[2026-02-13T12:55:33.154+0100] {processor.py:925} INFO - DAG(s) 'example_params_trigger_ui' retrieved from /home/gianotti/Documents/CryptoETL/.venv/lib/python3.12/site-packages/airflow/example_dags/example_params_trigger_ui.py
[2026-02-13T12:55:33.278+0100] {logging_mixin.py:190} INFO - [2026-02-13T12:55:33.277+0100] {override.py:1930} INFO - Created Permission View: can edit on DAG:example_params_trigger_ui
[2026-02-13T12:55:33.288+0100] {logging_mixin.py:190} INFO - [2026-02-13T12:55:33.288+0100] {override.py:1930} INFO - Created Permission View: can read on DAG:example_params_trigger_ui
[2026-02-13T12:55:33.296+0100] {logging_mixin.py:190} INFO - [2026-02-13T12:55:33.296+0100] {override.py:1930} INFO - Created Permission View: can delete on DAG:example_params_trigger_ui
[2026-02-13T12:55:33.310+0100] {logging_mixin.py:190} INFO - [2026-02-13T12:55:33.310+0100] {override.py:1930} INFO - Created Permission View: can create on DAG Run:example_params_trigger_ui
[2026-02-13T12:55:33.320+0100] {logging_mixin.py:190} INFO - [2026-02-13T12:55:33.320+0100] {override.py:1930} INFO - Created Permission View: can read on DAG Run:example_params_trigger_ui
[2026-02-13T12:55:33.329+0100] {logging_mixin.py:190} INFO - [2026-02-13T12:55:33.329+0100] {override.py:1930} INFO - Created Permission View: can delete on DAG Run:example_params_trigger_ui
[2026-02-13T12:55:33.340+0100] {logging_mixin.py:190} INFO - [2026-02-13T12:55:33.339+0100] {override.py:1930} INFO - Created Permission View: menu access on DAG Run:example_params_trigger_ui
[2026-02-13T12:55:33.341+0100] {logging_mixin.py:190} INFO - [2026-02-13T12:55:33.341+0100] {dag.py:3239} INFO - Sync 1 DAGs
[2026-02-13T12:55:33.358+0100] {logging_mixin.py:190} INFO - [2026-02-13T12:55:33.357+0100] {dag.py:3262} INFO - Creating ORM DAG for example_params_trigger_ui
[2026-02-13T12:55:33.359+0100] {logging_mixin.py:190} INFO - [2026-02-13T12:55:33.358+0100] {dag.py:4180} INFO - Setting next_dagrun for example_params_trigger_ui to None, run_after=None
[2026-02-13T12:55:33.386+0100] {processor.py:208} INFO - Processing /home/gianotti/Documents/CryptoETL/.venv/lib/python3.12/site-packages/airflow/example_dags/example_params_trigger_ui.py took 0.269 seconds
[2026-02-13T12:56:38.555+0100] {processor.py:186} INFO - Started process (PID=35091) to work on /home/gianotti/Documents/CryptoETL/.venv/lib/python3.12/site-packages/airflow/example_dags/example_params_trigger_ui.py
[2026-02-13T12:56:38.556+0100] {processor.py:914} INFO - Processing file /home/gianotti/Documents/CryptoETL/.venv/lib/python3.12/site-packages/airflow/example_dags/example_params_trigger_ui.py for tasks to queue
[2026-02-13T12:56:38.560+0100] {logging_mixin.py:190} INFO - [2026-02-13T12:56:38.559+0100] {dagbag.py:588} INFO - Filling up the DagBag from /home/gianotti/Documents/CryptoETL/.venv/lib/python3.12/site-packages/airflow/example_dags/example_params_trigger_ui.py
[2026-02-13T12:56:38.579+0100] {processor.py:925} INFO - DAG(s) 'example_params_trigger_ui' retrieved from /home/gianotti/Documents/CryptoETL/.venv/lib/python3.12/site-packages/airflow/example_dags/example_params_trigger_ui.py
[2026-02-13T12:56:38.615+0100] {logging_mixin.py:190} INFO - [2026-02-13T12:56:38.614+0100] {dag.py:3239} INFO - Sync 1 DAGs
[2026-02-13T12:56:38.624+0100] {logging_mixin.py:190} INFO - [2026-02-13T12:56:38.624+0100] {dag.py:4180} INFO - Setting next_dagrun for example_params_trigger_ui to None, run_after=None
[2026-02-13T12:56:38.643+0100] {processor.py:208} INFO - Processing /home/gianotti/Documents/CryptoETL/.venv/lib/python3.12/site-packages/airflow/example_dags/example_params_trigger_ui.py took 0.097 seconds
[2026-02-13T12:57:36.834+0100] {processor.py:186} INFO - Started process (PID=35194) to work on /home/gianotti/Documents/CryptoETL/.venv/lib/python3.12/site-packages/airflow/example_dags/example_params_trigger_ui.py
[2026-02-13T12:57:36.837+0100] {processor.py:914} INFO - Processing file /home/gianotti/Documents/CryptoETL/.venv/lib/python3.12/site-packages/airflow/example_dags/example_params_trigger_ui.py for tasks to queue
[2026-02-13T12:57:36.840+0100] {logging_mixin.py:190} INFO - [2026-02-13T12:57:36.839+0100] {dagbag.py:588} INFO - Filling up the DagBag from /home/gianotti/Documents/CryptoETL/.venv/lib/python3.12/site-packages/airflow/example_dags/example_params_trigger_ui.py
[2026-02-13T12:57:36.860+0100] {processor.py:925} INFO - DAG(s) 'example_params_trigger_ui' retrieved from /home/gianotti/Documents/CryptoETL/.venv/lib/python3.12/site-packages/airflow/example_dags/example_params_trigger_ui.py
[2026-02-13T12:57:36.913+0100] {logging_mixin.py:190} INFO - [2026-02-13T12:57:36.912+0100] {dag.py:3239} INFO - Sync 1 DAGs
[2026-02-13T12:57:36.923+0100] {logging_mixin.py:190} INFO - [2026-02-13T12:57:36.923+0100] {dag.py:4180} INFO - Setting next_dagrun for example_params_trigger_ui to None, run_after=None
[2026-02-13T12:57:36.940+0100] {processor.py:208} INFO - Processing /home/gianotti/Documents/CryptoETL/.venv/lib/python3.12/site-packages/airflow/example_dags/example_params_trigger_ui.py took 0.115 seconds
[2026-02-13T12:58:34.835+0100] {processor.py:186} INFO - Started process (PID=35339) to work on /home/gianotti/Documents/CryptoETL/.venv/lib/python3.12/site-packages/airflow/example_dags/example_params_trigger_ui.py
[2026-02-13T12:58:34.839+0100] {processor.py:914} INFO - Processing file /home/gianotti/Documents/CryptoETL/.venv/lib/python3.12/site-packages/airflow/example_dags/example_params_trigger_ui.py for tasks to queue
[2026-02-13T12:58:34.842+0100] {logging_mixin.py:190} INFO - [2026-02-13T12:58:34.841+0100] {dagbag.py:588} INFO - Filling up the DagBag from /home/gianotti/Documents/CryptoETL/.venv/lib/python3.12/site-packages/airflow/example_dags/example_params_trigger_ui.py
[2026-02-13T12:58:34.863+0100] {processor.py:925} INFO - DAG(s) 'example_params_trigger_ui' retrieved from /home/gianotti/Documents/CryptoETL/.venv/lib/python3.12/site-packages/airflow/example_dags/example_params_trigger_ui.py
[2026-02-13T12:58:34.926+0100] {logging_mixin.py:190} INFO - [2026-02-13T12:58:34.925+0100] {dag.py:3239} INFO - Sync 1 DAGs
[2026-02-13T12:58:34.939+0100] {logging_mixin.py:190} INFO - [2026-02-13T12:58:34.939+0100] {dag.py:4180} INFO - Setting next_dagrun for example_params_trigger_ui to None, run_after=None
[2026-02-13T12:58:34.959+0100] {processor.py:208} INFO - Processing /home/gianotti/Documents/CryptoETL/.venv/lib/python3.12/site-packages/airflow/example_dags/example_params_trigger_ui.py took 0.133 seconds
[2026-02-13T12:59:30.193+0100] {processor.py:186} INFO - Started process (PID=35449) to work on /home/gianotti/Documents/CryptoETL/.venv/lib/python3.12/site-packages/airflow/example_dags/example_params_trigger_ui.py
[2026-02-13T12:59:30.196+0100] {processor.py:914} INFO - Processing file /home/gianotti/Documents/CryptoETL/.venv/lib/python3.12/site-packages/airflow/example_dags/example_params_trigger_ui.py for tasks to queue
[2026-02-13T12:59:30.199+0100] {logging_mixin.py:190} INFO - [2026-02-13T12:59:30.198+0100] {dagbag.py:588} INFO - Filling up the DagBag from /home/gianotti/Documents/CryptoETL/.venv/lib/python3.12/site-packages/airflow/example_dags/example_params_trigger_ui.py
[2026-02-13T12:59:30.220+0100] {processor.py:925} INFO - DAG(s) 'example_params_trigger_ui' retrieved from /home/gianotti/Documents/CryptoETL/.venv/lib/python3.12/site-packages/airflow/example_dags/example_params_trigger_ui.py
[2026-02-13T12:59:30.270+0100] {logging_mixin.py:190} INFO - [2026-02-13T12:59:30.270+0100] {dag.py:3239} INFO - Sync 1 DAGs
[2026-02-13T12:59:30.280+0100] {logging_mixin.py:190} INFO - [2026-02-13T12:59:30.280+0100] {dag.py:4180} INFO - Setting next_dagrun for example_params_trigger_ui to None, run_after=None
[2026-02-13T12:59:30.298+0100] {processor.py:208} INFO - Processing /home/gianotti/Documents/CryptoETL/.venv/lib/python3.12/site-packages/airflow/example_dags/example_params_trigger_ui.py took 0.113 seconds
[2026-02-13T13:00:27.688+0100] {processor.py:186} INFO - Started process (PID=35556) to work on /home/gianotti/Documents/CryptoETL/.venv/lib/python3.12/site-packages/airflow/example_dags/example_params_trigger_ui.py
[2026-02-13T13:00:27.690+0100] {processor.py:914} INFO - Processing file /home/gianotti/Documents/CryptoETL/.venv/lib/python3.12/site-packages/airflow/example_dags/example_params_trigger_ui.py for tasks to queue
[2026-02-13T13:00:27.692+0100] {logging_mixin.py:190} INFO - [2026-02-13T13:00:27.692+0100] {dagbag.py:588} INFO - Filling up the DagBag from /home/gianotti/Documents/CryptoETL/.venv/lib/python3.12/site-packages/airflow/example_dags/example_params_trigger_ui.py
[2026-02-13T13:00:27.714+0100] {processor.py:925} INFO - DAG(s) 'example_params_trigger_ui' retrieved from /home/gianotti/Documents/CryptoETL/.venv/lib/python3.12/site-packages/airflow/example_dags/example_params_trigger_ui.py
[2026-02-13T13:00:27.783+0100] {logging_mixin.py:190} INFO - [2026-02-13T13:00:27.782+0100] {dag.py:3239} INFO - Sync 1 DAGs
[2026-02-13T13:00:27.804+0100] {logging_mixin.py:190} INFO - [2026-02-13T13:00:27.804+0100] {dag.py:4180} INFO - Setting next_dagrun for example_params_trigger_ui to None, run_after=None
[2026-02-13T13:00:27.832+0100] {processor.py:208} INFO - Processing /home/gianotti/Documents/CryptoETL/.venv/lib/python3.12/site-packages/airflow/example_dags/example_params_trigger_ui.py took 0.153 seconds
[2026-02-13T13:01:28.533+0100] {processor.py:186} INFO - Started process (PID=35672) to work on /home/gianotti/Documents/CryptoETL/.venv/lib/python3.12/site-packages/airflow/example_dags/example_params_trigger_ui.py
[2026-02-13T13:01:28.536+0100] {processor.py:914} INFO - Processing file /home/gianotti/Documents/CryptoETL/.venv/lib/python3.12/site-packages/airflow/example_dags/example_params_trigger_ui.py for tasks to queue
[2026-02-13T13:01:28.539+0100] {logging_mixin.py:190} INFO - [2026-02-13T13:01:28.538+0100] {dagbag.py:588} INFO - Filling up the DagBag from /home/gianotti/Documents/CryptoETL/.venv/lib/python3.12/site-packages/airflow/example_dags/example_params_trigger_ui.py
[2026-02-13T13:01:28.561+0100] {processor.py:925} INFO - DAG(s) 'example_params_trigger_ui' retrieved from /home/gianotti/Documents/CryptoETL/.venv/lib/python3.12/site-packages/airflow/example_dags/example_params_trigger_ui.py
[2026-02-13T13:01:28.595+0100] {logging_mixin.py:190} INFO - [2026-02-13T13:01:28.595+0100] {dag.py:3239} INFO - Sync 1 DAGs
[2026-02-13T13:01:28.607+0100] {logging_mixin.py:190} INFO - [2026-02-13T13:01:28.607+0100] {dag.py:4180} INFO - Setting next_dagrun for example_params_trigger_ui to None, run_after=None
[2026-02-13T13:01:28.626+0100] {processor.py:208} INFO - Processing /home/gianotti/Documents/CryptoETL/.venv/lib/python3.12/site-packages/airflow/example_dags/example_params_trigger_ui.py took 0.103 seconds
[2026-02-13T13:02:27.541+0100] {processor.py:186} INFO - Started process (PID=35811) to work on /home/gianotti/Documents/CryptoETL/.venv/lib/python3.12/site-packages/airflow/example_dags/example_params_trigger_ui.py
[2026-02-13T13:02:27.543+0100] {processor.py:914} INFO - Processing file /home/gianotti/Documents/CryptoETL/.venv/lib/python3.12/site-packages/airflow/example_dags/example_params_trigger_ui.py for tasks to queue
[2026-02-13T13:02:27.544+0100] {logging_mixin.py:190} INFO - [2026-02-13T13:02:27.544+0100] {dagbag.py:588} INFO - Filling up the DagBag from /home/gianotti/Documents/CryptoETL/.venv/lib/python3.12/site-packages/airflow/example_dags/example_params_trigger_ui.py
[2026-02-13T13:02:27.553+0100] {processor.py:925} INFO - DAG(s) 'example_params_trigger_ui' retrieved from /home/gianotti/Documents/CryptoETL/.venv/lib/python3.12/site-packages/airflow/example_dags/example_params_trigger_ui.py
[2026-02-13T13:02:27.582+0100] {logging_mixin.py:190} INFO - [2026-02-13T13:02:27.582+0100] {dag.py:3239} INFO - Sync 1 DAGs
[2026-02-13T13:02:27.591+0100] {logging_mixin.py:190} INFO - [2026-02-13T13:02:27.591+0100] {dag.py:4180} INFO - Setting next_dagrun for example_params_trigger_ui to None, run_after=None
[2026-02-13T13:02:27.609+0100] {processor.py:208} INFO - Processing /home/gianotti/Documents/CryptoETL/.venv/lib/python3.12/site-packages/airflow/example_dags/example_params_trigger_ui.py took 0.072 seconds
[2026-02-13T13:03:23.053+0100] {processor.py:186} INFO - Started process (PID=35927) to work on /home/gianotti/Documents/CryptoETL/.venv/lib/python3.12/site-packages/airflow/example_dags/example_params_trigger_ui.py
[2026-02-13T13:03:23.055+0100] {processor.py:914} INFO - Processing file /home/gianotti/Documents/CryptoETL/.venv/lib/python3.12/site-packages/airflow/example_dags/example_params_trigger_ui.py for tasks to queue
[2026-02-13T13:03:23.057+0100] {logging_mixin.py:190} INFO - [2026-02-13T13:03:23.056+0100] {dagbag.py:588} INFO - Filling up the DagBag from /home/gianotti/Documents/CryptoETL/.venv/lib/python3.12/site-packages/airflow/example_dags/example_params_trigger_ui.py
[2026-02-13T13:03:23.077+0100] {processor.py:925} INFO - DAG(s) 'example_params_trigger_ui' retrieved from /home/gianotti/Documents/CryptoETL/.venv/lib/python3.12/site-packages/airflow/example_dags/example_params_trigger_ui.py
[2026-02-13T13:03:23.111+0100] {logging_mixin.py:190} INFO - [2026-02-13T13:03:23.111+0100] {dag.py:3239} INFO - Sync 1 DAGs
[2026-02-13T13:03:23.121+0100] {logging_mixin.py:190} INFO - [2026-02-13T13:03:23.121+0100] {dag.py:4180} INFO - Setting next_dagrun for example_params_trigger_ui to None, run_after=None
[2026-02-13T13:03:23.140+0100] {processor.py:208} INFO - Processing /home/gianotti/Documents/CryptoETL/.venv/lib/python3.12/site-packages/airflow/example_dags/example_params_trigger_ui.py took 0.095 seconds
[2026-02-13T13:04:23.301+0100] {processor.py:186} INFO - Started process (PID=36057) to work on /home/gianotti/Documents/CryptoETL/.venv/lib/python3.12/site-packages/airflow/example_dags/example_params_trigger_ui.py
[2026-02-13T13:04:23.304+0100] {processor.py:914} INFO - Processing file /home/gianotti/Documents/CryptoETL/.venv/lib/python3.12/site-packages/airflow/example_dags/example_params_trigger_ui.py for tasks to queue
[2026-02-13T13:04:23.306+0100] {logging_mixin.py:190} INFO - [2026-02-13T13:04:23.305+0100] {dagbag.py:588} INFO - Filling up the DagBag from /home/gianotti/Documents/CryptoETL/.venv/lib/python3.12/site-packages/airflow/example_dags/example_params_trigger_ui.py
[2026-02-13T13:04:23.326+0100] {processor.py:925} INFO - DAG(s) 'example_params_trigger_ui' retrieved from /home/gianotti/Documents/CryptoETL/.venv/lib/python3.12/site-packages/airflow/example_dags/example_params_trigger_ui.py
[2026-02-13T13:04:23.385+0100] {logging_mixin.py:190} INFO - [2026-02-13T13:04:23.384+0100] {dag.py:3239} INFO - Sync 1 DAGs
[2026-02-13T13:04:23.403+0100] {logging_mixin.py:190} INFO - [2026-02-13T13:04:23.403+0100] {dag.py:4180} INFO - Setting next_dagrun for example_params_trigger_ui to None, run_after=None
[2026-02-13T13:04:23.435+0100] {processor.py:208} INFO - Processing /home/gianotti/Documents/CryptoETL/.venv/lib/python3.12/site-packages/airflow/example_dags/example_params_trigger_ui.py took 0.142 seconds
[2026-02-13T13:05:28.289+0100] {processor.py:186} INFO - Started process (PID=36170) to work on /home/gianotti/Documents/CryptoETL/.venv/lib/python3.12/site-packages/airflow/example_dags/example_params_trigger_ui.py
[2026-02-13T13:05:28.292+0100] {processor.py:914} INFO - Processing file /home/gianotti/Documents/CryptoETL/.venv/lib/python3.12/site-packages/airflow/example_dags/example_params_trigger_ui.py for tasks to queue
[2026-02-13T13:05:28.294+0100] {logging_mixin.py:190} INFO - [2026-02-13T13:05:28.293+0100] {dagbag.py:588} INFO - Filling up the DagBag from /home/gianotti/Documents/CryptoETL/.venv/lib/python3.12/site-packages/airflow/example_dags/example_params_trigger_ui.py
[2026-02-13T13:05:28.315+0100] {processor.py:925} INFO - DAG(s) 'example_params_trigger_ui' retrieved from /home/gianotti/Documents/CryptoETL/.venv/lib/python3.12/site-packages/airflow/example_dags/example_params_trigger_ui.py
[2026-02-13T13:05:28.374+0100] {logging_mixin.py:190} INFO - [2026-02-13T13:05:28.374+0100] {dag.py:3239} INFO - Sync 1 DAGs
[2026-02-13T13:05:28.395+0100] {logging_mixin.py:190} INFO - [2026-02-13T13:05:28.394+0100] {dag.py:4180} INFO - Setting next_dagrun for example_params_trigger_ui to None, run_after=None
[2026-02-13T13:05:28.427+0100] {processor.py:208} INFO - Processing /home/gianotti/Documents/CryptoETL/.venv/lib/python3.12/site-packages/airflow/example_dags/example_params_trigger_ui.py took 0.149 seconds
[2026-02-13T13:06:35.040+0100] {processor.py:186} INFO - Started process (PID=36280) to work on /home/gianotti/Documents/CryptoETL/.venv/lib/python3.12/site-packages/airflow/example_dags/example_params_trigger_ui.py
[2026-02-13T13:06:35.043+0100] {processor.py:914} INFO - Processing file /home/gianotti/Documents/CryptoETL/.venv/lib/python3.12/site-packages/airflow/example_dags/example_params_trigger_ui.py for tasks to queue
[2026-02-13T13:06:35.044+0100] {logging_mixin.py:190} INFO - [2026-02-13T13:06:35.044+0100] {dagbag.py:588} INFO - Filling up the DagBag from /home/gianotti/Documents/CryptoETL/.venv/lib/python3.12/site-packages/airflow/example_dags/example_params_trigger_ui.py
[2026-02-13T13:06:35.064+0100] {processor.py:925} INFO - DAG(s) 'example_params_trigger_ui' retrieved from /home/gianotti/Documents/CryptoETL/.venv/lib/python3.12/site-packages/airflow/example_dags/example_params_trigger_ui.py
[2026-02-13T13:06:35.127+0100] {logging_mixin.py:190} INFO - [2026-02-13T13:06:35.127+0100] {dag.py:3239} INFO - Sync 1 DAGs
[2026-02-13T13:06:35.147+0100] {logging_mixin.py:190} INFO - [2026-02-13T13:06:35.147+0100] {dag.py:4180} INFO - Setting next_dagrun for example_params_trigger_ui to None, run_after=None
[2026-02-13T13:06:35.181+0100] {processor.py:208} INFO - Processing /home/gianotti/Documents/CryptoETL/.venv/lib/python3.12/site-packages/airflow/example_dags/example_params_trigger_ui.py took 0.150 seconds
[2026-02-13T13:07:43.893+0100] {processor.py:186} INFO - Started process (PID=36367) to work on /home/gianotti/Documents/CryptoETL/.venv/lib/python3.12/site-packages/airflow/example_dags/example_params_trigger_ui.py
[2026-02-13T13:07:43.896+0100] {processor.py:914} INFO - Processing file /home/gianotti/Documents/CryptoETL/.venv/lib/python3.12/site-packages/airflow/example_dags/example_params_trigger_ui.py for tasks to queue
[2026-02-13T13:07:43.898+0100] {logging_mixin.py:190} INFO - [2026-02-13T13:07:43.897+0100] {dagbag.py:588} INFO - Filling up the DagBag from /home/gianotti/Documents/CryptoETL/.venv/lib/python3.12/site-packages/airflow/example_dags/example_params_trigger_ui.py
[2026-02-13T13:07:43.919+0100] {processor.py:925} INFO - DAG(s) 'example_params_trigger_ui' retrieved from /home/gianotti/Documents/CryptoETL/.venv/lib/python3.12/site-packages/airflow/example_dags/example_params_trigger_ui.py
[2026-02-13T13:07:43.976+0100] {logging_mixin.py:190} INFO - [2026-02-13T13:07:43.976+0100] {dag.py:3239} INFO - Sync 1 DAGs
[2026-02-13T13:07:43.994+0100] {logging_mixin.py:190} INFO - [2026-02-13T13:07:43.994+0100] {dag.py:4180} INFO - Setting next_dagrun for example_params_trigger_ui to None, run_after=None
[2026-02-13T13:07:44.024+0100] {processor.py:208} INFO - Processing /home/gianotti/Documents/CryptoETL/.venv/lib/python3.12/site-packages/airflow/example_dags/example_params_trigger_ui.py took 0.139 seconds
