[2026-02-13T12:55:17.002+0100] {processor.py:186} INFO - Started process (PID=34946) to work on /home/gianotti/Documents/CryptoETL/.venv/lib/python3.12/site-packages/airflow/example_dags/example_task_group.py
[2026-02-13T12:55:17.003+0100] {processor.py:914} INFO - Processing file /home/gianotti/Documents/CryptoETL/.venv/lib/python3.12/site-packages/airflow/example_dags/example_task_group.py for tasks to queue
[2026-02-13T12:55:17.006+0100] {logging_mixin.py:190} INFO - [2026-02-13T12:55:17.005+0100] {dagbag.py:588} INFO - Filling up the DagBag from /home/gianotti/Documents/CryptoETL/.venv/lib/python3.12/site-packages/airflow/example_dags/example_task_group.py
[2026-02-13T12:55:17.015+0100] {processor.py:925} INFO - DAG(s) 'example_task_group' retrieved from /home/gianotti/Documents/CryptoETL/.venv/lib/python3.12/site-packages/airflow/example_dags/example_task_group.py
[2026-02-13T12:55:17.111+0100] {logging_mixin.py:190} INFO - [2026-02-13T12:55:17.111+0100] {override.py:1930} INFO - Created Permission View: can edit on DAG:example_task_group
[2026-02-13T12:55:17.123+0100] {logging_mixin.py:190} INFO - [2026-02-13T12:55:17.123+0100] {override.py:1930} INFO - Created Permission View: can read on DAG:example_task_group
[2026-02-13T12:55:17.131+0100] {logging_mixin.py:190} INFO - [2026-02-13T12:55:17.131+0100] {override.py:1930} INFO - Created Permission View: can delete on DAG:example_task_group
[2026-02-13T12:55:17.144+0100] {logging_mixin.py:190} INFO - [2026-02-13T12:55:17.143+0100] {override.py:1930} INFO - Created Permission View: can create on DAG Run:example_task_group
[2026-02-13T12:55:17.152+0100] {logging_mixin.py:190} INFO - [2026-02-13T12:55:17.152+0100] {override.py:1930} INFO - Created Permission View: can read on DAG Run:example_task_group
[2026-02-13T12:55:17.160+0100] {logging_mixin.py:190} INFO - [2026-02-13T12:55:17.160+0100] {override.py:1930} INFO - Created Permission View: can delete on DAG Run:example_task_group
[2026-02-13T12:55:17.169+0100] {logging_mixin.py:190} INFO - [2026-02-13T12:55:17.169+0100] {override.py:1930} INFO - Created Permission View: menu access on DAG Run:example_task_group
[2026-02-13T12:55:17.169+0100] {logging_mixin.py:190} INFO - [2026-02-13T12:55:17.169+0100] {dag.py:3239} INFO - Sync 1 DAGs
[2026-02-13T12:55:17.183+0100] {logging_mixin.py:190} INFO - [2026-02-13T12:55:17.182+0100] {dag.py:3262} INFO - Creating ORM DAG for example_task_group
[2026-02-13T12:55:17.183+0100] {logging_mixin.py:190} INFO - [2026-02-13T12:55:17.183+0100] {dag.py:4180} INFO - Setting next_dagrun for example_task_group to None, run_after=None
[2026-02-13T12:55:17.200+0100] {processor.py:208} INFO - Processing /home/gianotti/Documents/CryptoETL/.venv/lib/python3.12/site-packages/airflow/example_dags/example_task_group.py took 0.202 seconds
[2026-02-13T12:56:22.849+0100] {processor.py:186} INFO - Started process (PID=35068) to work on /home/gianotti/Documents/CryptoETL/.venv/lib/python3.12/site-packages/airflow/example_dags/example_task_group.py
[2026-02-13T12:56:22.852+0100] {processor.py:914} INFO - Processing file /home/gianotti/Documents/CryptoETL/.venv/lib/python3.12/site-packages/airflow/example_dags/example_task_group.py for tasks to queue
[2026-02-13T12:56:22.856+0100] {logging_mixin.py:190} INFO - [2026-02-13T12:56:22.856+0100] {dagbag.py:588} INFO - Filling up the DagBag from /home/gianotti/Documents/CryptoETL/.venv/lib/python3.12/site-packages/airflow/example_dags/example_task_group.py
[2026-02-13T12:56:22.871+0100] {processor.py:925} INFO - DAG(s) 'example_task_group' retrieved from /home/gianotti/Documents/CryptoETL/.venv/lib/python3.12/site-packages/airflow/example_dags/example_task_group.py
[2026-02-13T12:56:22.898+0100] {logging_mixin.py:190} INFO - [2026-02-13T12:56:22.898+0100] {dag.py:3239} INFO - Sync 1 DAGs
[2026-02-13T12:56:22.917+0100] {logging_mixin.py:190} INFO - [2026-02-13T12:56:22.917+0100] {dag.py:4180} INFO - Setting next_dagrun for example_task_group to None, run_after=None
[2026-02-13T12:56:22.939+0100] {processor.py:208} INFO - Processing /home/gianotti/Documents/CryptoETL/.venv/lib/python3.12/site-packages/airflow/example_dags/example_task_group.py took 0.100 seconds
[2026-02-13T12:57:21.519+0100] {processor.py:186} INFO - Started process (PID=35163) to work on /home/gianotti/Documents/CryptoETL/.venv/lib/python3.12/site-packages/airflow/example_dags/example_task_group.py
[2026-02-13T12:57:21.522+0100] {processor.py:914} INFO - Processing file /home/gianotti/Documents/CryptoETL/.venv/lib/python3.12/site-packages/airflow/example_dags/example_task_group.py for tasks to queue
[2026-02-13T12:57:21.526+0100] {logging_mixin.py:190} INFO - [2026-02-13T12:57:21.525+0100] {dagbag.py:588} INFO - Filling up the DagBag from /home/gianotti/Documents/CryptoETL/.venv/lib/python3.12/site-packages/airflow/example_dags/example_task_group.py
[2026-02-13T12:57:21.541+0100] {processor.py:925} INFO - DAG(s) 'example_task_group' retrieved from /home/gianotti/Documents/CryptoETL/.venv/lib/python3.12/site-packages/airflow/example_dags/example_task_group.py
[2026-02-13T12:57:21.569+0100] {logging_mixin.py:190} INFO - [2026-02-13T12:57:21.568+0100] {dag.py:3239} INFO - Sync 1 DAGs
[2026-02-13T12:57:21.583+0100] {logging_mixin.py:190} INFO - [2026-02-13T12:57:21.583+0100] {dag.py:4180} INFO - Setting next_dagrun for example_task_group to None, run_after=None
[2026-02-13T12:57:21.605+0100] {processor.py:208} INFO - Processing /home/gianotti/Documents/CryptoETL/.venv/lib/python3.12/site-packages/airflow/example_dags/example_task_group.py took 0.096 seconds
[2026-02-13T12:58:19.118+0100] {processor.py:186} INFO - Started process (PID=35293) to work on /home/gianotti/Documents/CryptoETL/.venv/lib/python3.12/site-packages/airflow/example_dags/example_task_group.py
[2026-02-13T12:58:19.121+0100] {processor.py:914} INFO - Processing file /home/gianotti/Documents/CryptoETL/.venv/lib/python3.12/site-packages/airflow/example_dags/example_task_group.py for tasks to queue
[2026-02-13T12:58:19.125+0100] {logging_mixin.py:190} INFO - [2026-02-13T12:58:19.124+0100] {dagbag.py:588} INFO - Filling up the DagBag from /home/gianotti/Documents/CryptoETL/.venv/lib/python3.12/site-packages/airflow/example_dags/example_task_group.py
[2026-02-13T12:58:19.140+0100] {processor.py:925} INFO - DAG(s) 'example_task_group' retrieved from /home/gianotti/Documents/CryptoETL/.venv/lib/python3.12/site-packages/airflow/example_dags/example_task_group.py
[2026-02-13T12:58:19.158+0100] {logging_mixin.py:190} INFO - [2026-02-13T12:58:19.158+0100] {dag.py:3239} INFO - Sync 1 DAGs
[2026-02-13T12:58:19.170+0100] {logging_mixin.py:190} INFO - [2026-02-13T12:58:19.170+0100] {dag.py:4180} INFO - Setting next_dagrun for example_task_group to None, run_after=None
[2026-02-13T12:58:19.189+0100] {processor.py:208} INFO - Processing /home/gianotti/Documents/CryptoETL/.venv/lib/python3.12/site-packages/airflow/example_dags/example_task_group.py took 0.080 seconds
[2026-02-13T12:59:12.877+0100] {processor.py:186} INFO - Started process (PID=35419) to work on /home/gianotti/Documents/CryptoETL/.venv/lib/python3.12/site-packages/airflow/example_dags/example_task_group.py
[2026-02-13T12:59:12.880+0100] {processor.py:914} INFO - Processing file /home/gianotti/Documents/CryptoETL/.venv/lib/python3.12/site-packages/airflow/example_dags/example_task_group.py for tasks to queue
[2026-02-13T12:59:12.884+0100] {logging_mixin.py:190} INFO - [2026-02-13T12:59:12.883+0100] {dagbag.py:588} INFO - Filling up the DagBag from /home/gianotti/Documents/CryptoETL/.venv/lib/python3.12/site-packages/airflow/example_dags/example_task_group.py
[2026-02-13T12:59:12.899+0100] {processor.py:925} INFO - DAG(s) 'example_task_group' retrieved from /home/gianotti/Documents/CryptoETL/.venv/lib/python3.12/site-packages/airflow/example_dags/example_task_group.py
[2026-02-13T12:59:12.924+0100] {logging_mixin.py:190} INFO - [2026-02-13T12:59:12.924+0100] {dag.py:3239} INFO - Sync 1 DAGs
[2026-02-13T12:59:12.937+0100] {logging_mixin.py:190} INFO - [2026-02-13T12:59:12.937+0100] {dag.py:4180} INFO - Setting next_dagrun for example_task_group to None, run_after=None
[2026-02-13T12:59:12.955+0100] {processor.py:208} INFO - Processing /home/gianotti/Documents/CryptoETL/.venv/lib/python3.12/site-packages/airflow/example_dags/example_task_group.py took 0.087 seconds
[2026-02-13T13:00:08.221+0100] {processor.py:186} INFO - Started process (PID=35520) to work on /home/gianotti/Documents/CryptoETL/.venv/lib/python3.12/site-packages/airflow/example_dags/example_task_group.py
[2026-02-13T13:00:08.224+0100] {processor.py:914} INFO - Processing file /home/gianotti/Documents/CryptoETL/.venv/lib/python3.12/site-packages/airflow/example_dags/example_task_group.py for tasks to queue
[2026-02-13T13:00:08.226+0100] {logging_mixin.py:190} INFO - [2026-02-13T13:00:08.225+0100] {dagbag.py:588} INFO - Filling up the DagBag from /home/gianotti/Documents/CryptoETL/.venv/lib/python3.12/site-packages/airflow/example_dags/example_task_group.py
[2026-02-13T13:00:08.244+0100] {processor.py:925} INFO - DAG(s) 'example_task_group' retrieved from /home/gianotti/Documents/CryptoETL/.venv/lib/python3.12/site-packages/airflow/example_dags/example_task_group.py
[2026-02-13T13:00:08.275+0100] {logging_mixin.py:190} INFO - [2026-02-13T13:00:08.275+0100] {dag.py:3239} INFO - Sync 1 DAGs
[2026-02-13T13:00:08.306+0100] {logging_mixin.py:190} INFO - [2026-02-13T13:00:08.306+0100] {dag.py:4180} INFO - Setting next_dagrun for example_task_group to None, run_after=None
[2026-02-13T13:00:08.351+0100] {processor.py:208} INFO - Processing /home/gianotti/Documents/CryptoETL/.venv/lib/python3.12/site-packages/airflow/example_dags/example_task_group.py took 0.140 seconds
[2026-02-13T13:01:05.367+0100] {processor.py:186} INFO - Started process (PID=35632) to work on /home/gianotti/Documents/CryptoETL/.venv/lib/python3.12/site-packages/airflow/example_dags/example_task_group.py
[2026-02-13T13:01:05.370+0100] {processor.py:914} INFO - Processing file /home/gianotti/Documents/CryptoETL/.venv/lib/python3.12/site-packages/airflow/example_dags/example_task_group.py for tasks to queue
[2026-02-13T13:01:05.372+0100] {logging_mixin.py:190} INFO - [2026-02-13T13:01:05.371+0100] {dagbag.py:588} INFO - Filling up the DagBag from /home/gianotti/Documents/CryptoETL/.venv/lib/python3.12/site-packages/airflow/example_dags/example_task_group.py
[2026-02-13T13:01:05.390+0100] {processor.py:925} INFO - DAG(s) 'example_task_group' retrieved from /home/gianotti/Documents/CryptoETL/.venv/lib/python3.12/site-packages/airflow/example_dags/example_task_group.py
[2026-02-13T13:01:05.414+0100] {logging_mixin.py:190} INFO - [2026-02-13T13:01:05.414+0100] {dag.py:3239} INFO - Sync 1 DAGs
[2026-02-13T13:01:05.427+0100] {logging_mixin.py:190} INFO - [2026-02-13T13:01:05.427+0100] {dag.py:4180} INFO - Setting next_dagrun for example_task_group to None, run_after=None
[2026-02-13T13:01:05.447+0100] {processor.py:208} INFO - Processing /home/gianotti/Documents/CryptoETL/.venv/lib/python3.12/site-packages/airflow/example_dags/example_task_group.py took 0.089 seconds
[2026-02-13T13:02:05.421+0100] {processor.py:186} INFO - Started process (PID=35747) to work on /home/gianotti/Documents/CryptoETL/.venv/lib/python3.12/site-packages/airflow/example_dags/example_task_group.py
[2026-02-13T13:02:05.423+0100] {processor.py:914} INFO - Processing file /home/gianotti/Documents/CryptoETL/.venv/lib/python3.12/site-packages/airflow/example_dags/example_task_group.py for tasks to queue
[2026-02-13T13:02:05.425+0100] {logging_mixin.py:190} INFO - [2026-02-13T13:02:05.425+0100] {dagbag.py:588} INFO - Filling up the DagBag from /home/gianotti/Documents/CryptoETL/.venv/lib/python3.12/site-packages/airflow/example_dags/example_task_group.py
[2026-02-13T13:02:05.441+0100] {processor.py:925} INFO - DAG(s) 'example_task_group' retrieved from /home/gianotti/Documents/CryptoETL/.venv/lib/python3.12/site-packages/airflow/example_dags/example_task_group.py
[2026-02-13T13:02:05.468+0100] {logging_mixin.py:190} INFO - [2026-02-13T13:02:05.468+0100] {dag.py:3239} INFO - Sync 1 DAGs
[2026-02-13T13:02:05.484+0100] {logging_mixin.py:190} INFO - [2026-02-13T13:02:05.483+0100] {dag.py:4180} INFO - Setting next_dagrun for example_task_group to None, run_after=None
[2026-02-13T13:02:05.503+0100] {processor.py:208} INFO - Processing /home/gianotti/Documents/CryptoETL/.venv/lib/python3.12/site-packages/airflow/example_dags/example_task_group.py took 0.092 seconds
[2026-02-13T13:03:03.790+0100] {processor.py:186} INFO - Started process (PID=35858) to work on /home/gianotti/Documents/CryptoETL/.venv/lib/python3.12/site-packages/airflow/example_dags/example_task_group.py
[2026-02-13T13:03:03.793+0100] {processor.py:914} INFO - Processing file /home/gianotti/Documents/CryptoETL/.venv/lib/python3.12/site-packages/airflow/example_dags/example_task_group.py for tasks to queue
[2026-02-13T13:03:03.795+0100] {logging_mixin.py:190} INFO - [2026-02-13T13:03:03.794+0100] {dagbag.py:588} INFO - Filling up the DagBag from /home/gianotti/Documents/CryptoETL/.venv/lib/python3.12/site-packages/airflow/example_dags/example_task_group.py
[2026-02-13T13:03:03.811+0100] {processor.py:925} INFO - DAG(s) 'example_task_group' retrieved from /home/gianotti/Documents/CryptoETL/.venv/lib/python3.12/site-packages/airflow/example_dags/example_task_group.py
[2026-02-13T13:03:03.837+0100] {logging_mixin.py:190} INFO - [2026-02-13T13:03:03.836+0100] {dag.py:3239} INFO - Sync 1 DAGs
[2026-02-13T13:03:03.849+0100] {logging_mixin.py:190} INFO - [2026-02-13T13:03:03.849+0100] {dag.py:4180} INFO - Setting next_dagrun for example_task_group to None, run_after=None
[2026-02-13T13:03:03.867+0100] {processor.py:208} INFO - Processing /home/gianotti/Documents/CryptoETL/.venv/lib/python3.12/site-packages/airflow/example_dags/example_task_group.py took 0.087 seconds
[2026-02-13T13:04:00.390+0100] {processor.py:186} INFO - Started process (PID=36006) to work on /home/gianotti/Documents/CryptoETL/.venv/lib/python3.12/site-packages/airflow/example_dags/example_task_group.py
[2026-02-13T13:04:00.392+0100] {processor.py:914} INFO - Processing file /home/gianotti/Documents/CryptoETL/.venv/lib/python3.12/site-packages/airflow/example_dags/example_task_group.py for tasks to queue
[2026-02-13T13:04:00.394+0100] {logging_mixin.py:190} INFO - [2026-02-13T13:04:00.393+0100] {dagbag.py:588} INFO - Filling up the DagBag from /home/gianotti/Documents/CryptoETL/.venv/lib/python3.12/site-packages/airflow/example_dags/example_task_group.py
[2026-02-13T13:04:00.409+0100] {processor.py:925} INFO - DAG(s) 'example_task_group' retrieved from /home/gianotti/Documents/CryptoETL/.venv/lib/python3.12/site-packages/airflow/example_dags/example_task_group.py
[2026-02-13T13:04:00.435+0100] {logging_mixin.py:190} INFO - [2026-02-13T13:04:00.434+0100] {dag.py:3239} INFO - Sync 1 DAGs
[2026-02-13T13:04:00.457+0100] {logging_mixin.py:190} INFO - [2026-02-13T13:04:00.456+0100] {dag.py:4180} INFO - Setting next_dagrun for example_task_group to None, run_after=None
[2026-02-13T13:04:00.495+0100] {processor.py:208} INFO - Processing /home/gianotti/Documents/CryptoETL/.venv/lib/python3.12/site-packages/airflow/example_dags/example_task_group.py took 0.114 seconds
[2026-02-13T13:05:03.641+0100] {processor.py:186} INFO - Started process (PID=36133) to work on /home/gianotti/Documents/CryptoETL/.venv/lib/python3.12/site-packages/airflow/example_dags/example_task_group.py
[2026-02-13T13:05:03.644+0100] {processor.py:914} INFO - Processing file /home/gianotti/Documents/CryptoETL/.venv/lib/python3.12/site-packages/airflow/example_dags/example_task_group.py for tasks to queue
[2026-02-13T13:05:03.646+0100] {logging_mixin.py:190} INFO - [2026-02-13T13:05:03.645+0100] {dagbag.py:588} INFO - Filling up the DagBag from /home/gianotti/Documents/CryptoETL/.venv/lib/python3.12/site-packages/airflow/example_dags/example_task_group.py
[2026-02-13T13:05:03.662+0100] {processor.py:925} INFO - DAG(s) 'example_task_group' retrieved from /home/gianotti/Documents/CryptoETL/.venv/lib/python3.12/site-packages/airflow/example_dags/example_task_group.py
[2026-02-13T13:05:03.689+0100] {logging_mixin.py:190} INFO - [2026-02-13T13:05:03.688+0100] {dag.py:3239} INFO - Sync 1 DAGs
[2026-02-13T13:05:03.710+0100] {logging_mixin.py:190} INFO - [2026-02-13T13:05:03.709+0100] {dag.py:4180} INFO - Setting next_dagrun for example_task_group to None, run_after=None
[2026-02-13T13:05:03.742+0100] {processor.py:208} INFO - Processing /home/gianotti/Documents/CryptoETL/.venv/lib/python3.12/site-packages/airflow/example_dags/example_task_group.py took 0.110 seconds
[2026-02-13T13:06:07.860+0100] {processor.py:186} INFO - Started process (PID=36251) to work on /home/gianotti/Documents/CryptoETL/.venv/lib/python3.12/site-packages/airflow/example_dags/example_task_group.py
[2026-02-13T13:06:07.862+0100] {processor.py:914} INFO - Processing file /home/gianotti/Documents/CryptoETL/.venv/lib/python3.12/site-packages/airflow/example_dags/example_task_group.py for tasks to queue
[2026-02-13T13:06:07.864+0100] {logging_mixin.py:190} INFO - [2026-02-13T13:06:07.863+0100] {dagbag.py:588} INFO - Filling up the DagBag from /home/gianotti/Documents/CryptoETL/.venv/lib/python3.12/site-packages/airflow/example_dags/example_task_group.py
[2026-02-13T13:06:07.879+0100] {processor.py:925} INFO - DAG(s) 'example_task_group' retrieved from /home/gianotti/Documents/CryptoETL/.venv/lib/python3.12/site-packages/airflow/example_dags/example_task_group.py
[2026-02-13T13:06:07.904+0100] {logging_mixin.py:190} INFO - [2026-02-13T13:06:07.904+0100] {dag.py:3239} INFO - Sync 1 DAGs
[2026-02-13T13:06:07.924+0100] {logging_mixin.py:190} INFO - [2026-02-13T13:06:07.924+0100] {dag.py:4180} INFO - Setting next_dagrun for example_task_group to None, run_after=None
[2026-02-13T13:06:07.954+0100] {processor.py:208} INFO - Processing /home/gianotti/Documents/CryptoETL/.venv/lib/python3.12/site-packages/airflow/example_dags/example_task_group.py took 0.103 seconds
[2026-02-13T13:07:14.327+0100] {processor.py:186} INFO - Started process (PID=36329) to work on /home/gianotti/Documents/CryptoETL/.venv/lib/python3.12/site-packages/airflow/example_dags/example_task_group.py
[2026-02-13T13:07:14.330+0100] {processor.py:914} INFO - Processing file /home/gianotti/Documents/CryptoETL/.venv/lib/python3.12/site-packages/airflow/example_dags/example_task_group.py for tasks to queue
[2026-02-13T13:07:14.332+0100] {logging_mixin.py:190} INFO - [2026-02-13T13:07:14.331+0100] {dagbag.py:588} INFO - Filling up the DagBag from /home/gianotti/Documents/CryptoETL/.venv/lib/python3.12/site-packages/airflow/example_dags/example_task_group.py
[2026-02-13T13:07:14.349+0100] {processor.py:925} INFO - DAG(s) 'example_task_group' retrieved from /home/gianotti/Documents/CryptoETL/.venv/lib/python3.12/site-packages/airflow/example_dags/example_task_group.py
[2026-02-13T13:07:14.378+0100] {logging_mixin.py:190} INFO - [2026-02-13T13:07:14.378+0100] {dag.py:3239} INFO - Sync 1 DAGs
[2026-02-13T13:07:14.402+0100] {logging_mixin.py:190} INFO - [2026-02-13T13:07:14.402+0100] {dag.py:4180} INFO - Setting next_dagrun for example_task_group to None, run_after=None
[2026-02-13T13:07:14.440+0100] {processor.py:208} INFO - Processing /home/gianotti/Documents/CryptoETL/.venv/lib/python3.12/site-packages/airflow/example_dags/example_task_group.py took 0.122 seconds
[2026-02-13T13:08:25.495+0100] {processor.py:186} INFO - Started process (PID=36460) to work on /home/gianotti/Documents/CryptoETL/.venv/lib/python3.12/site-packages/airflow/example_dags/example_task_group.py
[2026-02-13T13:08:25.497+0100] {processor.py:914} INFO - Processing file /home/gianotti/Documents/CryptoETL/.venv/lib/python3.12/site-packages/airflow/example_dags/example_task_group.py for tasks to queue
[2026-02-13T13:08:25.499+0100] {logging_mixin.py:190} INFO - [2026-02-13T13:08:25.498+0100] {dagbag.py:588} INFO - Filling up the DagBag from /home/gianotti/Documents/CryptoETL/.venv/lib/python3.12/site-packages/airflow/example_dags/example_task_group.py
[2026-02-13T13:08:25.515+0100] {processor.py:925} INFO - DAG(s) 'example_task_group' retrieved from /home/gianotti/Documents/CryptoETL/.venv/lib/python3.12/site-packages/airflow/example_dags/example_task_group.py
[2026-02-13T13:08:25.540+0100] {logging_mixin.py:190} INFO - [2026-02-13T13:08:25.540+0100] {dag.py:3239} INFO - Sync 1 DAGs
[2026-02-13T13:08:25.559+0100] {logging_mixin.py:190} INFO - [2026-02-13T13:08:25.559+0100] {dag.py:4180} INFO - Setting next_dagrun for example_task_group to None, run_after=None
[2026-02-13T13:08:25.592+0100] {processor.py:208} INFO - Processing /home/gianotti/Documents/CryptoETL/.venv/lib/python3.12/site-packages/airflow/example_dags/example_task_group.py took 0.107 seconds
[2026-02-13T13:09:32.088+0100] {processor.py:186} INFO - Started process (PID=36575) to work on /home/gianotti/Documents/CryptoETL/.venv/lib/python3.12/site-packages/airflow/example_dags/example_task_group.py
[2026-02-13T13:09:32.094+0100] {processor.py:914} INFO - Processing file /home/gianotti/Documents/CryptoETL/.venv/lib/python3.12/site-packages/airflow/example_dags/example_task_group.py for tasks to queue
[2026-02-13T13:09:32.100+0100] {logging_mixin.py:190} INFO - [2026-02-13T13:09:32.096+0100] {dagbag.py:588} INFO - Filling up the DagBag from /home/gianotti/Documents/CryptoETL/.venv/lib/python3.12/site-packages/airflow/example_dags/example_task_group.py
[2026-02-13T13:09:32.128+0100] {processor.py:925} INFO - DAG(s) 'example_task_group' retrieved from /home/gianotti/Documents/CryptoETL/.venv/lib/python3.12/site-packages/airflow/example_dags/example_task_group.py
[2026-02-13T13:09:32.162+0100] {logging_mixin.py:190} INFO - [2026-02-13T13:09:32.162+0100] {dag.py:3239} INFO - Sync 1 DAGs
[2026-02-13T13:09:32.191+0100] {logging_mixin.py:190} INFO - [2026-02-13T13:09:32.191+0100] {dag.py:4180} INFO - Setting next_dagrun for example_task_group to None, run_after=None
[2026-02-13T13:09:32.233+0100] {processor.py:208} INFO - Processing /home/gianotti/Documents/CryptoETL/.venv/lib/python3.12/site-packages/airflow/example_dags/example_task_group.py took 0.156 seconds
[2026-02-13T13:10:42.686+0100] {processor.py:186} INFO - Started process (PID=36703) to work on /home/gianotti/Documents/CryptoETL/.venv/lib/python3.12/site-packages/airflow/example_dags/example_task_group.py
[2026-02-13T13:10:42.689+0100] {processor.py:914} INFO - Processing file /home/gianotti/Documents/CryptoETL/.venv/lib/python3.12/site-packages/airflow/example_dags/example_task_group.py for tasks to queue
[2026-02-13T13:10:42.691+0100] {logging_mixin.py:190} INFO - [2026-02-13T13:10:42.690+0100] {dagbag.py:588} INFO - Filling up the DagBag from /home/gianotti/Documents/CryptoETL/.venv/lib/python3.12/site-packages/airflow/example_dags/example_task_group.py
[2026-02-13T13:10:42.707+0100] {processor.py:925} INFO - DAG(s) 'example_task_group' retrieved from /home/gianotti/Documents/CryptoETL/.venv/lib/python3.12/site-packages/airflow/example_dags/example_task_group.py
[2026-02-13T13:10:42.735+0100] {logging_mixin.py:190} INFO - [2026-02-13T13:10:42.735+0100] {dag.py:3239} INFO - Sync 1 DAGs
[2026-02-13T13:10:42.759+0100] {logging_mixin.py:190} INFO - [2026-02-13T13:10:42.758+0100] {dag.py:4180} INFO - Setting next_dagrun for example_task_group to None, run_after=None
[2026-02-13T13:10:42.792+0100] {processor.py:208} INFO - Processing /home/gianotti/Documents/CryptoETL/.venv/lib/python3.12/site-packages/airflow/example_dags/example_task_group.py took 0.115 seconds
[2026-02-13T13:11:47.757+0100] {processor.py:186} INFO - Started process (PID=36782) to work on /home/gianotti/Documents/CryptoETL/.venv/lib/python3.12/site-packages/airflow/example_dags/example_task_group.py
[2026-02-13T13:11:47.760+0100] {processor.py:914} INFO - Processing file /home/gianotti/Documents/CryptoETL/.venv/lib/python3.12/site-packages/airflow/example_dags/example_task_group.py for tasks to queue
[2026-02-13T13:11:47.762+0100] {logging_mixin.py:190} INFO - [2026-02-13T13:11:47.761+0100] {dagbag.py:588} INFO - Filling up the DagBag from /home/gianotti/Documents/CryptoETL/.venv/lib/python3.12/site-packages/airflow/example_dags/example_task_group.py
[2026-02-13T13:11:47.778+0100] {processor.py:925} INFO - DAG(s) 'example_task_group' retrieved from /home/gianotti/Documents/CryptoETL/.venv/lib/python3.12/site-packages/airflow/example_dags/example_task_group.py
[2026-02-13T13:11:47.807+0100] {logging_mixin.py:190} INFO - [2026-02-13T13:11:47.807+0100] {dag.py:3239} INFO - Sync 1 DAGs
[2026-02-13T13:11:47.829+0100] {logging_mixin.py:190} INFO - [2026-02-13T13:11:47.829+0100] {dag.py:4180} INFO - Setting next_dagrun for example_task_group to None, run_after=None
[2026-02-13T13:11:47.863+0100] {processor.py:208} INFO - Processing /home/gianotti/Documents/CryptoETL/.venv/lib/python3.12/site-packages/airflow/example_dags/example_task_group.py took 0.117 seconds
[2026-02-13T13:12:52.413+0100] {processor.py:186} INFO - Started process (PID=36910) to work on /home/gianotti/Documents/CryptoETL/.venv/lib/python3.12/site-packages/airflow/example_dags/example_task_group.py
[2026-02-13T13:12:52.416+0100] {processor.py:914} INFO - Processing file /home/gianotti/Documents/CryptoETL/.venv/lib/python3.12/site-packages/airflow/example_dags/example_task_group.py for tasks to queue
[2026-02-13T13:12:52.418+0100] {logging_mixin.py:190} INFO - [2026-02-13T13:12:52.417+0100] {dagbag.py:588} INFO - Filling up the DagBag from /home/gianotti/Documents/CryptoETL/.venv/lib/python3.12/site-packages/airflow/example_dags/example_task_group.py
[2026-02-13T13:12:52.436+0100] {processor.py:925} INFO - DAG(s) 'example_task_group' retrieved from /home/gianotti/Documents/CryptoETL/.venv/lib/python3.12/site-packages/airflow/example_dags/example_task_group.py
[2026-02-13T13:12:52.466+0100] {logging_mixin.py:190} INFO - [2026-02-13T13:12:52.465+0100] {dag.py:3239} INFO - Sync 1 DAGs
[2026-02-13T13:12:52.489+0100] {logging_mixin.py:190} INFO - [2026-02-13T13:12:52.489+0100] {dag.py:4180} INFO - Setting next_dagrun for example_task_group to None, run_after=None
[2026-02-13T13:12:52.523+0100] {processor.py:208} INFO - Processing /home/gianotti/Documents/CryptoETL/.venv/lib/python3.12/site-packages/airflow/example_dags/example_task_group.py took 0.119 seconds
[2026-02-13T13:13:55.562+0100] {processor.py:186} INFO - Started process (PID=37106) to work on /home/gianotti/Documents/CryptoETL/.venv/lib/python3.12/site-packages/airflow/example_dags/example_task_group.py
[2026-02-13T13:13:55.564+0100] {processor.py:914} INFO - Processing file /home/gianotti/Documents/CryptoETL/.venv/lib/python3.12/site-packages/airflow/example_dags/example_task_group.py for tasks to queue
[2026-02-13T13:13:55.566+0100] {logging_mixin.py:190} INFO - [2026-02-13T13:13:55.566+0100] {dagbag.py:588} INFO - Filling up the DagBag from /home/gianotti/Documents/CryptoETL/.venv/lib/python3.12/site-packages/airflow/example_dags/example_task_group.py
[2026-02-13T13:13:55.582+0100] {processor.py:925} INFO - DAG(s) 'example_task_group' retrieved from /home/gianotti/Documents/CryptoETL/.venv/lib/python3.12/site-packages/airflow/example_dags/example_task_group.py
[2026-02-13T13:13:55.611+0100] {logging_mixin.py:190} INFO - [2026-02-13T13:13:55.611+0100] {dag.py:3239} INFO - Sync 1 DAGs
[2026-02-13T13:13:55.631+0100] {logging_mixin.py:190} INFO - [2026-02-13T13:13:55.631+0100] {dag.py:4180} INFO - Setting next_dagrun for example_task_group to None, run_after=None
[2026-02-13T13:13:55.666+0100] {processor.py:208} INFO - Processing /home/gianotti/Documents/CryptoETL/.venv/lib/python3.12/site-packages/airflow/example_dags/example_task_group.py took 0.112 seconds
[2026-02-13T13:14:59.542+0100] {processor.py:186} INFO - Started process (PID=37224) to work on /home/gianotti/Documents/CryptoETL/.venv/lib/python3.12/site-packages/airflow/example_dags/example_task_group.py
[2026-02-13T13:14:59.545+0100] {processor.py:914} INFO - Processing file /home/gianotti/Documents/CryptoETL/.venv/lib/python3.12/site-packages/airflow/example_dags/example_task_group.py for tasks to queue
[2026-02-13T13:14:59.547+0100] {logging_mixin.py:190} INFO - [2026-02-13T13:14:59.546+0100] {dagbag.py:588} INFO - Filling up the DagBag from /home/gianotti/Documents/CryptoETL/.venv/lib/python3.12/site-packages/airflow/example_dags/example_task_group.py
[2026-02-13T13:14:59.562+0100] {processor.py:925} INFO - DAG(s) 'example_task_group' retrieved from /home/gianotti/Documents/CryptoETL/.venv/lib/python3.12/site-packages/airflow/example_dags/example_task_group.py
[2026-02-13T13:14:59.588+0100] {logging_mixin.py:190} INFO - [2026-02-13T13:14:59.588+0100] {dag.py:3239} INFO - Sync 1 DAGs
[2026-02-13T13:14:59.609+0100] {logging_mixin.py:190} INFO - [2026-02-13T13:14:59.608+0100] {dag.py:4180} INFO - Setting next_dagrun for example_task_group to None, run_after=None
[2026-02-13T13:14:59.639+0100] {processor.py:208} INFO - Processing /home/gianotti/Documents/CryptoETL/.venv/lib/python3.12/site-packages/airflow/example_dags/example_task_group.py took 0.107 seconds
[2026-02-13T13:16:07.240+0100] {processor.py:186} INFO - Started process (PID=37411) to work on /home/gianotti/Documents/CryptoETL/.venv/lib/python3.12/site-packages/airflow/example_dags/example_task_group.py
[2026-02-13T13:16:07.242+0100] {processor.py:914} INFO - Processing file /home/gianotti/Documents/CryptoETL/.venv/lib/python3.12/site-packages/airflow/example_dags/example_task_group.py for tasks to queue
[2026-02-13T13:16:07.244+0100] {logging_mixin.py:190} INFO - [2026-02-13T13:16:07.244+0100] {dagbag.py:588} INFO - Filling up the DagBag from /home/gianotti/Documents/CryptoETL/.venv/lib/python3.12/site-packages/airflow/example_dags/example_task_group.py
[2026-02-13T13:16:07.259+0100] {processor.py:925} INFO - DAG(s) 'example_task_group' retrieved from /home/gianotti/Documents/CryptoETL/.venv/lib/python3.12/site-packages/airflow/example_dags/example_task_group.py
[2026-02-13T13:16:07.288+0100] {logging_mixin.py:190} INFO - [2026-02-13T13:16:07.288+0100] {dag.py:3239} INFO - Sync 1 DAGs
[2026-02-13T13:16:07.309+0100] {logging_mixin.py:190} INFO - [2026-02-13T13:16:07.309+0100] {dag.py:4180} INFO - Setting next_dagrun for example_task_group to None, run_after=None
[2026-02-13T13:16:07.343+0100] {processor.py:208} INFO - Processing /home/gianotti/Documents/CryptoETL/.venv/lib/python3.12/site-packages/airflow/example_dags/example_task_group.py took 0.112 seconds
[2026-02-13T13:17:11.562+0100] {processor.py:186} INFO - Started process (PID=37503) to work on /home/gianotti/Documents/CryptoETL/.venv/lib/python3.12/site-packages/airflow/example_dags/example_task_group.py
[2026-02-13T13:17:11.565+0100] {processor.py:914} INFO - Processing file /home/gianotti/Documents/CryptoETL/.venv/lib/python3.12/site-packages/airflow/example_dags/example_task_group.py for tasks to queue
[2026-02-13T13:17:11.567+0100] {logging_mixin.py:190} INFO - [2026-02-13T13:17:11.566+0100] {dagbag.py:588} INFO - Filling up the DagBag from /home/gianotti/Documents/CryptoETL/.venv/lib/python3.12/site-packages/airflow/example_dags/example_task_group.py
[2026-02-13T13:17:11.583+0100] {processor.py:925} INFO - DAG(s) 'example_task_group' retrieved from /home/gianotti/Documents/CryptoETL/.venv/lib/python3.12/site-packages/airflow/example_dags/example_task_group.py
[2026-02-13T13:17:11.609+0100] {logging_mixin.py:190} INFO - [2026-02-13T13:17:11.609+0100] {dag.py:3239} INFO - Sync 1 DAGs
[2026-02-13T13:17:11.631+0100] {logging_mixin.py:190} INFO - [2026-02-13T13:17:11.630+0100] {dag.py:4180} INFO - Setting next_dagrun for example_task_group to None, run_after=None
[2026-02-13T13:17:11.662+0100] {processor.py:208} INFO - Processing /home/gianotti/Documents/CryptoETL/.venv/lib/python3.12/site-packages/airflow/example_dags/example_task_group.py took 0.109 seconds
[2026-02-13T13:18:18.560+0100] {processor.py:186} INFO - Started process (PID=37627) to work on /home/gianotti/Documents/CryptoETL/.venv/lib/python3.12/site-packages/airflow/example_dags/example_task_group.py
[2026-02-13T13:18:18.563+0100] {processor.py:914} INFO - Processing file /home/gianotti/Documents/CryptoETL/.venv/lib/python3.12/site-packages/airflow/example_dags/example_task_group.py for tasks to queue
[2026-02-13T13:18:18.565+0100] {logging_mixin.py:190} INFO - [2026-02-13T13:18:18.564+0100] {dagbag.py:588} INFO - Filling up the DagBag from /home/gianotti/Documents/CryptoETL/.venv/lib/python3.12/site-packages/airflow/example_dags/example_task_group.py
[2026-02-13T13:18:18.583+0100] {processor.py:925} INFO - DAG(s) 'example_task_group' retrieved from /home/gianotti/Documents/CryptoETL/.venv/lib/python3.12/site-packages/airflow/example_dags/example_task_group.py
[2026-02-13T13:18:18.610+0100] {logging_mixin.py:190} INFO - [2026-02-13T13:18:18.610+0100] {dag.py:3239} INFO - Sync 1 DAGs
[2026-02-13T13:18:18.631+0100] {logging_mixin.py:190} INFO - [2026-02-13T13:18:18.631+0100] {dag.py:4180} INFO - Setting next_dagrun for example_task_group to None, run_after=None
[2026-02-13T13:18:18.664+0100] {processor.py:208} INFO - Processing /home/gianotti/Documents/CryptoETL/.venv/lib/python3.12/site-packages/airflow/example_dags/example_task_group.py took 0.113 seconds
[2026-02-13T13:19:22.554+0100] {processor.py:186} INFO - Started process (PID=37722) to work on /home/gianotti/Documents/CryptoETL/.venv/lib/python3.12/site-packages/airflow/example_dags/example_task_group.py
[2026-02-13T13:19:22.557+0100] {processor.py:914} INFO - Processing file /home/gianotti/Documents/CryptoETL/.venv/lib/python3.12/site-packages/airflow/example_dags/example_task_group.py for tasks to queue
[2026-02-13T13:19:22.559+0100] {logging_mixin.py:190} INFO - [2026-02-13T13:19:22.558+0100] {dagbag.py:588} INFO - Filling up the DagBag from /home/gianotti/Documents/CryptoETL/.venv/lib/python3.12/site-packages/airflow/example_dags/example_task_group.py
[2026-02-13T13:19:22.576+0100] {processor.py:925} INFO - DAG(s) 'example_task_group' retrieved from /home/gianotti/Documents/CryptoETL/.venv/lib/python3.12/site-packages/airflow/example_dags/example_task_group.py
[2026-02-13T13:19:22.604+0100] {logging_mixin.py:190} INFO - [2026-02-13T13:19:22.604+0100] {dag.py:3239} INFO - Sync 1 DAGs
[2026-02-13T13:19:22.627+0100] {logging_mixin.py:190} INFO - [2026-02-13T13:19:22.627+0100] {dag.py:4180} INFO - Setting next_dagrun for example_task_group to None, run_after=None
[2026-02-13T13:19:22.662+0100] {processor.py:208} INFO - Processing /home/gianotti/Documents/CryptoETL/.venv/lib/python3.12/site-packages/airflow/example_dags/example_task_group.py took 0.118 seconds
[2026-02-13T13:20:30.673+0100] {processor.py:186} INFO - Started process (PID=37820) to work on /home/gianotti/Documents/CryptoETL/.venv/lib/python3.12/site-packages/airflow/example_dags/example_task_group.py
[2026-02-13T13:20:30.676+0100] {processor.py:914} INFO - Processing file /home/gianotti/Documents/CryptoETL/.venv/lib/python3.12/site-packages/airflow/example_dags/example_task_group.py for tasks to queue
[2026-02-13T13:20:30.678+0100] {logging_mixin.py:190} INFO - [2026-02-13T13:20:30.677+0100] {dagbag.py:588} INFO - Filling up the DagBag from /home/gianotti/Documents/CryptoETL/.venv/lib/python3.12/site-packages/airflow/example_dags/example_task_group.py
[2026-02-13T13:20:30.694+0100] {processor.py:925} INFO - DAG(s) 'example_task_group' retrieved from /home/gianotti/Documents/CryptoETL/.venv/lib/python3.12/site-packages/airflow/example_dags/example_task_group.py
[2026-02-13T13:20:30.722+0100] {logging_mixin.py:190} INFO - [2026-02-13T13:20:30.721+0100] {dag.py:3239} INFO - Sync 1 DAGs
[2026-02-13T13:20:30.744+0100] {logging_mixin.py:190} INFO - [2026-02-13T13:20:30.744+0100] {dag.py:4180} INFO - Setting next_dagrun for example_task_group to None, run_after=None
[2026-02-13T13:20:30.778+0100] {processor.py:208} INFO - Processing /home/gianotti/Documents/CryptoETL/.venv/lib/python3.12/site-packages/airflow/example_dags/example_task_group.py took 0.114 seconds
[2026-02-13T13:21:34.246+0100] {processor.py:186} INFO - Started process (PID=37921) to work on /home/gianotti/Documents/CryptoETL/.venv/lib/python3.12/site-packages/airflow/example_dags/example_task_group.py
[2026-02-13T13:21:34.249+0100] {processor.py:914} INFO - Processing file /home/gianotti/Documents/CryptoETL/.venv/lib/python3.12/site-packages/airflow/example_dags/example_task_group.py for tasks to queue
[2026-02-13T13:21:34.252+0100] {logging_mixin.py:190} INFO - [2026-02-13T13:21:34.251+0100] {dagbag.py:588} INFO - Filling up the DagBag from /home/gianotti/Documents/CryptoETL/.venv/lib/python3.12/site-packages/airflow/example_dags/example_task_group.py
[2026-02-13T13:21:34.267+0100] {processor.py:925} INFO - DAG(s) 'example_task_group' retrieved from /home/gianotti/Documents/CryptoETL/.venv/lib/python3.12/site-packages/airflow/example_dags/example_task_group.py
[2026-02-13T13:21:34.293+0100] {logging_mixin.py:190} INFO - [2026-02-13T13:21:34.293+0100] {dag.py:3239} INFO - Sync 1 DAGs
[2026-02-13T13:21:34.314+0100] {logging_mixin.py:190} INFO - [2026-02-13T13:21:34.314+0100] {dag.py:4180} INFO - Setting next_dagrun for example_task_group to None, run_after=None
[2026-02-13T13:21:34.345+0100] {processor.py:208} INFO - Processing /home/gianotti/Documents/CryptoETL/.venv/lib/python3.12/site-packages/airflow/example_dags/example_task_group.py took 0.109 seconds
[2026-02-13T13:22:39.413+0100] {processor.py:186} INFO - Started process (PID=38592) to work on /home/gianotti/Documents/CryptoETL/.venv/lib/python3.12/site-packages/airflow/example_dags/example_task_group.py
[2026-02-13T13:22:39.418+0100] {processor.py:914} INFO - Processing file /home/gianotti/Documents/CryptoETL/.venv/lib/python3.12/site-packages/airflow/example_dags/example_task_group.py for tasks to queue
[2026-02-13T13:22:39.444+0100] {logging_mixin.py:190} INFO - [2026-02-13T13:22:39.432+0100] {dagbag.py:588} INFO - Filling up the DagBag from /home/gianotti/Documents/CryptoETL/.venv/lib/python3.12/site-packages/airflow/example_dags/example_task_group.py
[2026-02-13T13:22:39.509+0100] {processor.py:925} INFO - DAG(s) 'example_task_group' retrieved from /home/gianotti/Documents/CryptoETL/.venv/lib/python3.12/site-packages/airflow/example_dags/example_task_group.py
[2026-02-13T13:22:39.598+0100] {logging_mixin.py:190} INFO - [2026-02-13T13:22:39.597+0100] {dag.py:3239} INFO - Sync 1 DAGs
[2026-02-13T13:22:39.665+0100] {logging_mixin.py:190} INFO - [2026-02-13T13:22:39.664+0100] {dag.py:4180} INFO - Setting next_dagrun for example_task_group to None, run_after=None
[2026-02-13T13:22:39.722+0100] {processor.py:208} INFO - Processing /home/gianotti/Documents/CryptoETL/.venv/lib/python3.12/site-packages/airflow/example_dags/example_task_group.py took 0.347 seconds
