[2026-02-13T12:55:40.595+0100] {processor.py:186} INFO - Started process (PID=34972) to work on /home/gianotti/Documents/CryptoETL/.venv/lib/python3.12/site-packages/airflow/example_dags/example_display_name.py
[2026-02-13T12:55:40.597+0100] {processor.py:914} INFO - Processing file /home/gianotti/Documents/CryptoETL/.venv/lib/python3.12/site-packages/airflow/example_dags/example_display_name.py for tasks to queue
[2026-02-13T12:55:40.600+0100] {logging_mixin.py:190} INFO - [2026-02-13T12:55:40.599+0100] {dagbag.py:588} INFO - Filling up the DagBag from /home/gianotti/Documents/CryptoETL/.venv/lib/python3.12/site-packages/airflow/example_dags/example_display_name.py
[2026-02-13T12:55:40.614+0100] {processor.py:925} INFO - DAG(s) 'example_display_name' retrieved from /home/gianotti/Documents/CryptoETL/.venv/lib/python3.12/site-packages/airflow/example_dags/example_display_name.py
[2026-02-13T12:55:40.752+0100] {logging_mixin.py:190} INFO - [2026-02-13T12:55:40.752+0100] {override.py:1930} INFO - Created Permission View: can edit on DAG:example_display_name
[2026-02-13T12:55:40.767+0100] {logging_mixin.py:190} INFO - [2026-02-13T12:55:40.767+0100] {override.py:1930} INFO - Created Permission View: can read on DAG:example_display_name
[2026-02-13T12:55:40.778+0100] {logging_mixin.py:190} INFO - [2026-02-13T12:55:40.777+0100] {override.py:1930} INFO - Created Permission View: can delete on DAG:example_display_name
[2026-02-13T12:55:40.795+0100] {logging_mixin.py:190} INFO - [2026-02-13T12:55:40.794+0100] {override.py:1930} INFO - Created Permission View: can create on DAG Run:example_display_name
[2026-02-13T12:55:40.808+0100] {logging_mixin.py:190} INFO - [2026-02-13T12:55:40.807+0100] {override.py:1930} INFO - Created Permission View: can read on DAG Run:example_display_name
[2026-02-13T12:55:40.819+0100] {logging_mixin.py:190} INFO - [2026-02-13T12:55:40.819+0100] {override.py:1930} INFO - Created Permission View: can delete on DAG Run:example_display_name
[2026-02-13T12:55:40.830+0100] {logging_mixin.py:190} INFO - [2026-02-13T12:55:40.830+0100] {override.py:1930} INFO - Created Permission View: menu access on DAG Run:example_display_name
[2026-02-13T12:55:40.831+0100] {logging_mixin.py:190} INFO - [2026-02-13T12:55:40.831+0100] {dag.py:3239} INFO - Sync 1 DAGs
[2026-02-13T12:55:40.847+0100] {logging_mixin.py:190} INFO - [2026-02-13T12:55:40.847+0100] {dag.py:3262} INFO - Creating ORM DAG for example_display_name
[2026-02-13T12:55:40.848+0100] {logging_mixin.py:190} INFO - [2026-02-13T12:55:40.848+0100] {dag.py:4180} INFO - Setting next_dagrun for example_display_name to None, run_after=None
[2026-02-13T12:55:40.869+0100] {processor.py:208} INFO - Processing /home/gianotti/Documents/CryptoETL/.venv/lib/python3.12/site-packages/airflow/example_dags/example_display_name.py took 0.282 seconds
[2026-02-13T12:56:46.082+0100] {processor.py:186} INFO - Started process (PID=35102) to work on /home/gianotti/Documents/CryptoETL/.venv/lib/python3.12/site-packages/airflow/example_dags/example_display_name.py
[2026-02-13T12:56:46.085+0100] {processor.py:914} INFO - Processing file /home/gianotti/Documents/CryptoETL/.venv/lib/python3.12/site-packages/airflow/example_dags/example_display_name.py for tasks to queue
[2026-02-13T12:56:46.089+0100] {logging_mixin.py:190} INFO - [2026-02-13T12:56:46.088+0100] {dagbag.py:588} INFO - Filling up the DagBag from /home/gianotti/Documents/CryptoETL/.venv/lib/python3.12/site-packages/airflow/example_dags/example_display_name.py
[2026-02-13T12:56:46.103+0100] {processor.py:925} INFO - DAG(s) 'example_display_name' retrieved from /home/gianotti/Documents/CryptoETL/.venv/lib/python3.12/site-packages/airflow/example_dags/example_display_name.py
[2026-02-13T12:56:46.126+0100] {logging_mixin.py:190} INFO - [2026-02-13T12:56:46.126+0100] {dag.py:3239} INFO - Sync 1 DAGs
[2026-02-13T12:56:46.145+0100] {logging_mixin.py:190} INFO - [2026-02-13T12:56:46.144+0100] {dag.py:4180} INFO - Setting next_dagrun for example_display_name to None, run_after=None
[2026-02-13T12:56:46.169+0100] {processor.py:208} INFO - Processing /home/gianotti/Documents/CryptoETL/.venv/lib/python3.12/site-packages/airflow/example_dags/example_display_name.py took 0.097 seconds
[2026-02-13T12:57:43.545+0100] {processor.py:186} INFO - Started process (PID=35208) to work on /home/gianotti/Documents/CryptoETL/.venv/lib/python3.12/site-packages/airflow/example_dags/example_display_name.py
[2026-02-13T12:57:43.548+0100] {processor.py:914} INFO - Processing file /home/gianotti/Documents/CryptoETL/.venv/lib/python3.12/site-packages/airflow/example_dags/example_display_name.py for tasks to queue
[2026-02-13T12:57:43.551+0100] {logging_mixin.py:190} INFO - [2026-02-13T12:57:43.551+0100] {dagbag.py:588} INFO - Filling up the DagBag from /home/gianotti/Documents/CryptoETL/.venv/lib/python3.12/site-packages/airflow/example_dags/example_display_name.py
[2026-02-13T12:57:43.564+0100] {processor.py:925} INFO - DAG(s) 'example_display_name' retrieved from /home/gianotti/Documents/CryptoETL/.venv/lib/python3.12/site-packages/airflow/example_dags/example_display_name.py
[2026-02-13T12:57:43.583+0100] {logging_mixin.py:190} INFO - [2026-02-13T12:57:43.583+0100] {dag.py:3239} INFO - Sync 1 DAGs
[2026-02-13T12:57:43.594+0100] {logging_mixin.py:190} INFO - [2026-02-13T12:57:43.594+0100] {dag.py:4180} INFO - Setting next_dagrun for example_display_name to None, run_after=None
[2026-02-13T12:57:43.613+0100] {processor.py:208} INFO - Processing /home/gianotti/Documents/CryptoETL/.venv/lib/python3.12/site-packages/airflow/example_dags/example_display_name.py took 0.076 seconds
[2026-02-13T12:58:41.389+0100] {processor.py:186} INFO - Started process (PID=35350) to work on /home/gianotti/Documents/CryptoETL/.venv/lib/python3.12/site-packages/airflow/example_dags/example_display_name.py
[2026-02-13T12:58:41.392+0100] {processor.py:914} INFO - Processing file /home/gianotti/Documents/CryptoETL/.venv/lib/python3.12/site-packages/airflow/example_dags/example_display_name.py for tasks to queue
[2026-02-13T12:58:41.395+0100] {logging_mixin.py:190} INFO - [2026-02-13T12:58:41.395+0100] {dagbag.py:588} INFO - Filling up the DagBag from /home/gianotti/Documents/CryptoETL/.venv/lib/python3.12/site-packages/airflow/example_dags/example_display_name.py
[2026-02-13T12:58:41.408+0100] {processor.py:925} INFO - DAG(s) 'example_display_name' retrieved from /home/gianotti/Documents/CryptoETL/.venv/lib/python3.12/site-packages/airflow/example_dags/example_display_name.py
[2026-02-13T12:58:41.425+0100] {logging_mixin.py:190} INFO - [2026-02-13T12:58:41.425+0100] {dag.py:3239} INFO - Sync 1 DAGs
[2026-02-13T12:58:41.435+0100] {logging_mixin.py:190} INFO - [2026-02-13T12:58:41.435+0100] {dag.py:4180} INFO - Setting next_dagrun for example_display_name to None, run_after=None
[2026-02-13T12:58:41.452+0100] {processor.py:208} INFO - Processing /home/gianotti/Documents/CryptoETL/.venv/lib/python3.12/site-packages/airflow/example_dags/example_display_name.py took 0.074 seconds
[2026-02-13T12:59:37.258+0100] {processor.py:186} INFO - Started process (PID=35464) to work on /home/gianotti/Documents/CryptoETL/.venv/lib/python3.12/site-packages/airflow/example_dags/example_display_name.py
[2026-02-13T12:59:37.261+0100] {processor.py:914} INFO - Processing file /home/gianotti/Documents/CryptoETL/.venv/lib/python3.12/site-packages/airflow/example_dags/example_display_name.py for tasks to queue
[2026-02-13T12:59:37.265+0100] {logging_mixin.py:190} INFO - [2026-02-13T12:59:37.264+0100] {dagbag.py:588} INFO - Filling up the DagBag from /home/gianotti/Documents/CryptoETL/.venv/lib/python3.12/site-packages/airflow/example_dags/example_display_name.py
[2026-02-13T12:59:37.278+0100] {processor.py:925} INFO - DAG(s) 'example_display_name' retrieved from /home/gianotti/Documents/CryptoETL/.venv/lib/python3.12/site-packages/airflow/example_dags/example_display_name.py
[2026-02-13T12:59:37.300+0100] {logging_mixin.py:190} INFO - [2026-02-13T12:59:37.300+0100] {dag.py:3239} INFO - Sync 1 DAGs
[2026-02-13T12:59:37.319+0100] {logging_mixin.py:190} INFO - [2026-02-13T12:59:37.319+0100] {dag.py:4180} INFO - Setting next_dagrun for example_display_name to None, run_after=None
[2026-02-13T12:59:37.341+0100] {processor.py:208} INFO - Processing /home/gianotti/Documents/CryptoETL/.venv/lib/python3.12/site-packages/airflow/example_dags/example_display_name.py took 0.093 seconds
[2026-02-13T13:00:35.296+0100] {processor.py:186} INFO - Started process (PID=35571) to work on /home/gianotti/Documents/CryptoETL/.venv/lib/python3.12/site-packages/airflow/example_dags/example_display_name.py
[2026-02-13T13:00:35.298+0100] {processor.py:914} INFO - Processing file /home/gianotti/Documents/CryptoETL/.venv/lib/python3.12/site-packages/airflow/example_dags/example_display_name.py for tasks to queue
[2026-02-13T13:00:35.300+0100] {logging_mixin.py:190} INFO - [2026-02-13T13:00:35.299+0100] {dagbag.py:588} INFO - Filling up the DagBag from /home/gianotti/Documents/CryptoETL/.venv/lib/python3.12/site-packages/airflow/example_dags/example_display_name.py
[2026-02-13T13:00:35.313+0100] {processor.py:925} INFO - DAG(s) 'example_display_name' retrieved from /home/gianotti/Documents/CryptoETL/.venv/lib/python3.12/site-packages/airflow/example_dags/example_display_name.py
[2026-02-13T13:00:35.336+0100] {logging_mixin.py:190} INFO - [2026-02-13T13:00:35.336+0100] {dag.py:3239} INFO - Sync 1 DAGs
[2026-02-13T13:00:35.358+0100] {logging_mixin.py:190} INFO - [2026-02-13T13:00:35.357+0100] {dag.py:4180} INFO - Setting next_dagrun for example_display_name to None, run_after=None
[2026-02-13T13:00:35.388+0100] {processor.py:208} INFO - Processing /home/gianotti/Documents/CryptoETL/.venv/lib/python3.12/site-packages/airflow/example_dags/example_display_name.py took 0.102 seconds
[2026-02-13T13:01:35.445+0100] {processor.py:186} INFO - Started process (PID=35690) to work on /home/gianotti/Documents/CryptoETL/.venv/lib/python3.12/site-packages/airflow/example_dags/example_display_name.py
[2026-02-13T13:01:35.448+0100] {processor.py:914} INFO - Processing file /home/gianotti/Documents/CryptoETL/.venv/lib/python3.12/site-packages/airflow/example_dags/example_display_name.py for tasks to queue
[2026-02-13T13:01:35.450+0100] {logging_mixin.py:190} INFO - [2026-02-13T13:01:35.449+0100] {dagbag.py:588} INFO - Filling up the DagBag from /home/gianotti/Documents/CryptoETL/.venv/lib/python3.12/site-packages/airflow/example_dags/example_display_name.py
[2026-02-13T13:01:35.462+0100] {processor.py:925} INFO - DAG(s) 'example_display_name' retrieved from /home/gianotti/Documents/CryptoETL/.venv/lib/python3.12/site-packages/airflow/example_dags/example_display_name.py
[2026-02-13T13:01:35.483+0100] {logging_mixin.py:190} INFO - [2026-02-13T13:01:35.482+0100] {dag.py:3239} INFO - Sync 1 DAGs
[2026-02-13T13:01:35.498+0100] {logging_mixin.py:190} INFO - [2026-02-13T13:01:35.497+0100] {dag.py:4180} INFO - Setting next_dagrun for example_display_name to None, run_after=None
[2026-02-13T13:01:35.515+0100] {processor.py:208} INFO - Processing /home/gianotti/Documents/CryptoETL/.venv/lib/python3.12/site-packages/airflow/example_dags/example_display_name.py took 0.079 seconds
[2026-02-13T13:02:33.852+0100] {processor.py:186} INFO - Started process (PID=35822) to work on /home/gianotti/Documents/CryptoETL/.venv/lib/python3.12/site-packages/airflow/example_dags/example_display_name.py
[2026-02-13T13:02:33.855+0100] {processor.py:914} INFO - Processing file /home/gianotti/Documents/CryptoETL/.venv/lib/python3.12/site-packages/airflow/example_dags/example_display_name.py for tasks to queue
[2026-02-13T13:02:33.857+0100] {logging_mixin.py:190} INFO - [2026-02-13T13:02:33.857+0100] {dagbag.py:588} INFO - Filling up the DagBag from /home/gianotti/Documents/CryptoETL/.venv/lib/python3.12/site-packages/airflow/example_dags/example_display_name.py
[2026-02-13T13:02:33.870+0100] {processor.py:925} INFO - DAG(s) 'example_display_name' retrieved from /home/gianotti/Documents/CryptoETL/.venv/lib/python3.12/site-packages/airflow/example_dags/example_display_name.py
[2026-02-13T13:02:33.893+0100] {logging_mixin.py:190} INFO - [2026-02-13T13:02:33.892+0100] {dag.py:3239} INFO - Sync 1 DAGs
[2026-02-13T13:02:33.909+0100] {logging_mixin.py:190} INFO - [2026-02-13T13:02:33.909+0100] {dag.py:4180} INFO - Setting next_dagrun for example_display_name to None, run_after=None
[2026-02-13T13:02:33.929+0100] {processor.py:208} INFO - Processing /home/gianotti/Documents/CryptoETL/.venv/lib/python3.12/site-packages/airflow/example_dags/example_display_name.py took 0.086 seconds
[2026-02-13T13:03:29.940+0100] {processor.py:186} INFO - Started process (PID=35938) to work on /home/gianotti/Documents/CryptoETL/.venv/lib/python3.12/site-packages/airflow/example_dags/example_display_name.py
[2026-02-13T13:03:29.947+0100] {processor.py:914} INFO - Processing file /home/gianotti/Documents/CryptoETL/.venv/lib/python3.12/site-packages/airflow/example_dags/example_display_name.py for tasks to queue
[2026-02-13T13:03:29.949+0100] {logging_mixin.py:190} INFO - [2026-02-13T13:03:29.949+0100] {dagbag.py:588} INFO - Filling up the DagBag from /home/gianotti/Documents/CryptoETL/.venv/lib/python3.12/site-packages/airflow/example_dags/example_display_name.py
[2026-02-13T13:03:29.963+0100] {processor.py:925} INFO - DAG(s) 'example_display_name' retrieved from /home/gianotti/Documents/CryptoETL/.venv/lib/python3.12/site-packages/airflow/example_dags/example_display_name.py
[2026-02-13T13:03:29.987+0100] {logging_mixin.py:190} INFO - [2026-02-13T13:03:29.987+0100] {dag.py:3239} INFO - Sync 1 DAGs
[2026-02-13T13:03:30.005+0100] {logging_mixin.py:190} INFO - [2026-02-13T13:03:30.005+0100] {dag.py:4180} INFO - Setting next_dagrun for example_display_name to None, run_after=None
[2026-02-13T13:03:30.027+0100] {processor.py:208} INFO - Processing /home/gianotti/Documents/CryptoETL/.venv/lib/python3.12/site-packages/airflow/example_dags/example_display_name.py took 0.096 seconds
[2026-02-13T13:04:30.903+0100] {processor.py:186} INFO - Started process (PID=36075) to work on /home/gianotti/Documents/CryptoETL/.venv/lib/python3.12/site-packages/airflow/example_dags/example_display_name.py
[2026-02-13T13:04:30.906+0100] {processor.py:914} INFO - Processing file /home/gianotti/Documents/CryptoETL/.venv/lib/python3.12/site-packages/airflow/example_dags/example_display_name.py for tasks to queue
[2026-02-13T13:04:30.908+0100] {logging_mixin.py:190} INFO - [2026-02-13T13:04:30.907+0100] {dagbag.py:588} INFO - Filling up the DagBag from /home/gianotti/Documents/CryptoETL/.venv/lib/python3.12/site-packages/airflow/example_dags/example_display_name.py
[2026-02-13T13:04:30.920+0100] {processor.py:925} INFO - DAG(s) 'example_display_name' retrieved from /home/gianotti/Documents/CryptoETL/.venv/lib/python3.12/site-packages/airflow/example_dags/example_display_name.py
[2026-02-13T13:04:30.945+0100] {logging_mixin.py:190} INFO - [2026-02-13T13:04:30.944+0100] {dag.py:3239} INFO - Sync 1 DAGs
[2026-02-13T13:04:30.967+0100] {logging_mixin.py:190} INFO - [2026-02-13T13:04:30.966+0100] {dag.py:4180} INFO - Setting next_dagrun for example_display_name to None, run_after=None
[2026-02-13T13:04:31.000+0100] {processor.py:208} INFO - Processing /home/gianotti/Documents/CryptoETL/.venv/lib/python3.12/site-packages/airflow/example_dags/example_display_name.py took 0.105 seconds
[2026-02-13T13:05:35.256+0100] {processor.py:186} INFO - Started process (PID=36181) to work on /home/gianotti/Documents/CryptoETL/.venv/lib/python3.12/site-packages/airflow/example_dags/example_display_name.py
[2026-02-13T13:05:35.258+0100] {processor.py:914} INFO - Processing file /home/gianotti/Documents/CryptoETL/.venv/lib/python3.12/site-packages/airflow/example_dags/example_display_name.py for tasks to queue
[2026-02-13T13:05:35.260+0100] {logging_mixin.py:190} INFO - [2026-02-13T13:05:35.260+0100] {dagbag.py:588} INFO - Filling up the DagBag from /home/gianotti/Documents/CryptoETL/.venv/lib/python3.12/site-packages/airflow/example_dags/example_display_name.py
[2026-02-13T13:05:35.273+0100] {processor.py:925} INFO - DAG(s) 'example_display_name' retrieved from /home/gianotti/Documents/CryptoETL/.venv/lib/python3.12/site-packages/airflow/example_dags/example_display_name.py
[2026-02-13T13:05:35.296+0100] {logging_mixin.py:190} INFO - [2026-02-13T13:05:35.296+0100] {dag.py:3239} INFO - Sync 1 DAGs
[2026-02-13T13:05:35.318+0100] {logging_mixin.py:190} INFO - [2026-02-13T13:05:35.318+0100] {dag.py:4180} INFO - Setting next_dagrun for example_display_name to None, run_after=None
[2026-02-13T13:05:35.352+0100] {processor.py:208} INFO - Processing /home/gianotti/Documents/CryptoETL/.venv/lib/python3.12/site-packages/airflow/example_dags/example_display_name.py took 0.105 seconds
[2026-02-13T13:06:42.646+0100] {processor.py:186} INFO - Started process (PID=36287) to work on /home/gianotti/Documents/CryptoETL/.venv/lib/python3.12/site-packages/airflow/example_dags/example_display_name.py
[2026-02-13T13:06:42.649+0100] {processor.py:914} INFO - Processing file /home/gianotti/Documents/CryptoETL/.venv/lib/python3.12/site-packages/airflow/example_dags/example_display_name.py for tasks to queue
[2026-02-13T13:06:42.651+0100] {logging_mixin.py:190} INFO - [2026-02-13T13:06:42.651+0100] {dagbag.py:588} INFO - Filling up the DagBag from /home/gianotti/Documents/CryptoETL/.venv/lib/python3.12/site-packages/airflow/example_dags/example_display_name.py
[2026-02-13T13:06:42.665+0100] {processor.py:925} INFO - DAG(s) 'example_display_name' retrieved from /home/gianotti/Documents/CryptoETL/.venv/lib/python3.12/site-packages/airflow/example_dags/example_display_name.py
[2026-02-13T13:06:42.691+0100] {logging_mixin.py:190} INFO - [2026-02-13T13:06:42.690+0100] {dag.py:3239} INFO - Sync 1 DAGs
[2026-02-13T13:06:42.714+0100] {logging_mixin.py:190} INFO - [2026-02-13T13:06:42.714+0100] {dag.py:4180} INFO - Setting next_dagrun for example_display_name to None, run_after=None
[2026-02-13T13:06:42.751+0100] {processor.py:208} INFO - Processing /home/gianotti/Documents/CryptoETL/.venv/lib/python3.12/site-packages/airflow/example_dags/example_display_name.py took 0.114 seconds
[2026-02-13T13:07:50.423+0100] {processor.py:186} INFO - Started process (PID=36384) to work on /home/gianotti/Documents/CryptoETL/.venv/lib/python3.12/site-packages/airflow/example_dags/example_display_name.py
[2026-02-13T13:07:50.426+0100] {processor.py:914} INFO - Processing file /home/gianotti/Documents/CryptoETL/.venv/lib/python3.12/site-packages/airflow/example_dags/example_display_name.py for tasks to queue
[2026-02-13T13:07:50.428+0100] {logging_mixin.py:190} INFO - [2026-02-13T13:07:50.427+0100] {dagbag.py:588} INFO - Filling up the DagBag from /home/gianotti/Documents/CryptoETL/.venv/lib/python3.12/site-packages/airflow/example_dags/example_display_name.py
[2026-02-13T13:07:50.439+0100] {processor.py:925} INFO - DAG(s) 'example_display_name' retrieved from /home/gianotti/Documents/CryptoETL/.venv/lib/python3.12/site-packages/airflow/example_dags/example_display_name.py
[2026-02-13T13:07:50.462+0100] {logging_mixin.py:190} INFO - [2026-02-13T13:07:50.462+0100] {dag.py:3239} INFO - Sync 1 DAGs
[2026-02-13T13:07:50.482+0100] {logging_mixin.py:190} INFO - [2026-02-13T13:07:50.482+0100] {dag.py:4180} INFO - Setting next_dagrun for example_display_name to None, run_after=None
[2026-02-13T13:07:50.513+0100] {processor.py:208} INFO - Processing /home/gianotti/Documents/CryptoETL/.venv/lib/python3.12/site-packages/airflow/example_dags/example_display_name.py took 0.099 seconds
[2026-02-13T13:08:56.294+0100] {processor.py:186} INFO - Started process (PID=36499) to work on /home/gianotti/Documents/CryptoETL/.venv/lib/python3.12/site-packages/airflow/example_dags/example_display_name.py
[2026-02-13T13:08:56.297+0100] {processor.py:914} INFO - Processing file /home/gianotti/Documents/CryptoETL/.venv/lib/python3.12/site-packages/airflow/example_dags/example_display_name.py for tasks to queue
[2026-02-13T13:08:56.300+0100] {logging_mixin.py:190} INFO - [2026-02-13T13:08:56.299+0100] {dagbag.py:588} INFO - Filling up the DagBag from /home/gianotti/Documents/CryptoETL/.venv/lib/python3.12/site-packages/airflow/example_dags/example_display_name.py
[2026-02-13T13:08:56.313+0100] {processor.py:925} INFO - DAG(s) 'example_display_name' retrieved from /home/gianotti/Documents/CryptoETL/.venv/lib/python3.12/site-packages/airflow/example_dags/example_display_name.py
[2026-02-13T13:08:56.338+0100] {logging_mixin.py:190} INFO - [2026-02-13T13:08:56.337+0100] {dag.py:3239} INFO - Sync 1 DAGs
[2026-02-13T13:08:56.358+0100] {logging_mixin.py:190} INFO - [2026-02-13T13:08:56.358+0100] {dag.py:4180} INFO - Setting next_dagrun for example_display_name to None, run_after=None
[2026-02-13T13:08:56.391+0100] {processor.py:208} INFO - Processing /home/gianotti/Documents/CryptoETL/.venv/lib/python3.12/site-packages/airflow/example_dags/example_display_name.py took 0.107 seconds
[2026-02-13T13:10:06.224+0100] {processor.py:186} INFO - Started process (PID=36621) to work on /home/gianotti/Documents/CryptoETL/.venv/lib/python3.12/site-packages/airflow/example_dags/example_display_name.py
[2026-02-13T13:10:06.227+0100] {processor.py:914} INFO - Processing file /home/gianotti/Documents/CryptoETL/.venv/lib/python3.12/site-packages/airflow/example_dags/example_display_name.py for tasks to queue
[2026-02-13T13:10:06.229+0100] {logging_mixin.py:190} INFO - [2026-02-13T13:10:06.228+0100] {dagbag.py:588} INFO - Filling up the DagBag from /home/gianotti/Documents/CryptoETL/.venv/lib/python3.12/site-packages/airflow/example_dags/example_display_name.py
[2026-02-13T13:10:06.241+0100] {processor.py:925} INFO - DAG(s) 'example_display_name' retrieved from /home/gianotti/Documents/CryptoETL/.venv/lib/python3.12/site-packages/airflow/example_dags/example_display_name.py
[2026-02-13T13:10:06.264+0100] {logging_mixin.py:190} INFO - [2026-02-13T13:10:06.264+0100] {dag.py:3239} INFO - Sync 1 DAGs
[2026-02-13T13:10:06.286+0100] {logging_mixin.py:190} INFO - [2026-02-13T13:10:06.285+0100] {dag.py:4180} INFO - Setting next_dagrun for example_display_name to None, run_after=None
[2026-02-13T13:10:06.318+0100] {processor.py:208} INFO - Processing /home/gianotti/Documents/CryptoETL/.venv/lib/python3.12/site-packages/airflow/example_dags/example_display_name.py took 0.103 seconds
[2026-02-13T13:11:11.112+0100] {processor.py:186} INFO - Started process (PID=36744) to work on /home/gianotti/Documents/CryptoETL/.venv/lib/python3.12/site-packages/airflow/example_dags/example_display_name.py
[2026-02-13T13:11:11.115+0100] {processor.py:914} INFO - Processing file /home/gianotti/Documents/CryptoETL/.venv/lib/python3.12/site-packages/airflow/example_dags/example_display_name.py for tasks to queue
[2026-02-13T13:11:11.117+0100] {logging_mixin.py:190} INFO - [2026-02-13T13:11:11.116+0100] {dagbag.py:588} INFO - Filling up the DagBag from /home/gianotti/Documents/CryptoETL/.venv/lib/python3.12/site-packages/airflow/example_dags/example_display_name.py
[2026-02-13T13:11:11.131+0100] {processor.py:925} INFO - DAG(s) 'example_display_name' retrieved from /home/gianotti/Documents/CryptoETL/.venv/lib/python3.12/site-packages/airflow/example_dags/example_display_name.py
[2026-02-13T13:11:11.156+0100] {logging_mixin.py:190} INFO - [2026-02-13T13:11:11.155+0100] {dag.py:3239} INFO - Sync 1 DAGs
[2026-02-13T13:11:11.180+0100] {logging_mixin.py:190} INFO - [2026-02-13T13:11:11.179+0100] {dag.py:4180} INFO - Setting next_dagrun for example_display_name to None, run_after=None
[2026-02-13T13:11:11.219+0100] {processor.py:208} INFO - Processing /home/gianotti/Documents/CryptoETL/.venv/lib/python3.12/site-packages/airflow/example_dags/example_display_name.py took 0.116 seconds
