[2026-02-13T12:55:15.672+0100] {processor.py:186} INFO - Started process (PID=34945) to work on /home/gianotti/Documents/CryptoETL/.venv/lib/python3.12/site-packages/airflow/example_dags/example_sla_dag.py
[2026-02-13T12:55:15.673+0100] {processor.py:914} INFO - Processing file /home/gianotti/Documents/CryptoETL/.venv/lib/python3.12/site-packages/airflow/example_dags/example_sla_dag.py for tasks to queue
[2026-02-13T12:55:15.677+0100] {logging_mixin.py:190} INFO - [2026-02-13T12:55:15.677+0100] {dagbag.py:588} INFO - Filling up the DagBag from /home/gianotti/Documents/CryptoETL/.venv/lib/python3.12/site-packages/airflow/example_dags/example_sla_dag.py
[2026-02-13T12:55:15.695+0100] {processor.py:925} INFO - DAG(s) 'example_sla_dag' retrieved from /home/gianotti/Documents/CryptoETL/.venv/lib/python3.12/site-packages/airflow/example_dags/example_sla_dag.py
[2026-02-13T12:55:15.799+0100] {logging_mixin.py:190} INFO - [2026-02-13T12:55:15.798+0100] {override.py:1930} INFO - Created Permission View: can edit on DAG:example_sla_dag
[2026-02-13T12:55:15.813+0100] {logging_mixin.py:190} INFO - [2026-02-13T12:55:15.813+0100] {override.py:1930} INFO - Created Permission View: can read on DAG:example_sla_dag
[2026-02-13T12:55:15.823+0100] {logging_mixin.py:190} INFO - [2026-02-13T12:55:15.822+0100] {override.py:1930} INFO - Created Permission View: can delete on DAG:example_sla_dag
[2026-02-13T12:55:15.837+0100] {logging_mixin.py:190} INFO - [2026-02-13T12:55:15.836+0100] {override.py:1930} INFO - Created Permission View: can create on DAG Run:example_sla_dag
[2026-02-13T12:55:15.847+0100] {logging_mixin.py:190} INFO - [2026-02-13T12:55:15.846+0100] {override.py:1930} INFO - Created Permission View: can read on DAG Run:example_sla_dag
[2026-02-13T12:55:15.859+0100] {logging_mixin.py:190} INFO - [2026-02-13T12:55:15.859+0100] {override.py:1930} INFO - Created Permission View: can delete on DAG Run:example_sla_dag
[2026-02-13T12:55:15.871+0100] {logging_mixin.py:190} INFO - [2026-02-13T12:55:15.871+0100] {override.py:1930} INFO - Created Permission View: menu access on DAG Run:example_sla_dag
[2026-02-13T12:55:15.872+0100] {logging_mixin.py:190} INFO - [2026-02-13T12:55:15.871+0100] {dag.py:3239} INFO - Sync 1 DAGs
[2026-02-13T12:55:15.889+0100] {logging_mixin.py:190} INFO - [2026-02-13T12:55:15.888+0100] {dag.py:3262} INFO - Creating ORM DAG for example_sla_dag
[2026-02-13T12:55:15.905+0100] {logging_mixin.py:190} INFO - [2026-02-13T12:55:15.905+0100] {dag.py:4180} INFO - Setting next_dagrun for example_sla_dag to 2026-02-13 11:52:00+00:00, run_after=2026-02-13 11:54:00+00:00
[2026-02-13T12:55:15.929+0100] {processor.py:208} INFO - Processing /home/gianotti/Documents/CryptoETL/.venv/lib/python3.12/site-packages/airflow/example_dags/example_sla_dag.py took 0.266 seconds
[2026-02-13T12:56:22.517+0100] {processor.py:186} INFO - Started process (PID=35067) to work on /home/gianotti/Documents/CryptoETL/.venv/lib/python3.12/site-packages/airflow/example_dags/example_sla_dag.py
[2026-02-13T12:56:22.519+0100] {processor.py:914} INFO - Processing file /home/gianotti/Documents/CryptoETL/.venv/lib/python3.12/site-packages/airflow/example_dags/example_sla_dag.py for tasks to queue
[2026-02-13T12:56:22.523+0100] {logging_mixin.py:190} INFO - [2026-02-13T12:56:22.523+0100] {dagbag.py:588} INFO - Filling up the DagBag from /home/gianotti/Documents/CryptoETL/.venv/lib/python3.12/site-packages/airflow/example_dags/example_sla_dag.py
[2026-02-13T12:56:22.540+0100] {processor.py:925} INFO - DAG(s) 'example_sla_dag' retrieved from /home/gianotti/Documents/CryptoETL/.venv/lib/python3.12/site-packages/airflow/example_dags/example_sla_dag.py
[2026-02-13T12:56:22.565+0100] {logging_mixin.py:190} INFO - [2026-02-13T12:56:22.565+0100] {dag.py:3239} INFO - Sync 1 DAGs
[2026-02-13T12:56:22.592+0100] {logging_mixin.py:190} INFO - [2026-02-13T12:56:22.592+0100] {dag.py:4180} INFO - Setting next_dagrun for example_sla_dag to 2026-02-13 11:54:00+00:00, run_after=2026-02-13 11:56:00+00:00
[2026-02-13T12:56:22.608+0100] {processor.py:208} INFO - Processing /home/gianotti/Documents/CryptoETL/.venv/lib/python3.12/site-packages/airflow/example_dags/example_sla_dag.py took 0.100 seconds
[2026-02-13T12:57:20.240+0100] {processor.py:186} INFO - Started process (PID=35158) to work on /home/gianotti/Documents/CryptoETL/.venv/lib/python3.12/site-packages/airflow/example_dags/example_sla_dag.py
[2026-02-13T12:57:20.244+0100] {processor.py:914} INFO - Processing file /home/gianotti/Documents/CryptoETL/.venv/lib/python3.12/site-packages/airflow/example_dags/example_sla_dag.py for tasks to queue
[2026-02-13T12:57:20.247+0100] {logging_mixin.py:190} INFO - [2026-02-13T12:57:20.246+0100] {dagbag.py:588} INFO - Filling up the DagBag from /home/gianotti/Documents/CryptoETL/.venv/lib/python3.12/site-packages/airflow/example_dags/example_sla_dag.py
[2026-02-13T12:57:20.265+0100] {processor.py:925} INFO - DAG(s) 'example_sla_dag' retrieved from /home/gianotti/Documents/CryptoETL/.venv/lib/python3.12/site-packages/airflow/example_dags/example_sla_dag.py
[2026-02-13T12:57:20.287+0100] {logging_mixin.py:190} INFO - [2026-02-13T12:57:20.286+0100] {dag.py:3239} INFO - Sync 1 DAGs
[2026-02-13T12:57:20.310+0100] {logging_mixin.py:190} INFO - [2026-02-13T12:57:20.310+0100] {dag.py:4180} INFO - Setting next_dagrun for example_sla_dag to 2026-02-13 11:54:00+00:00, run_after=2026-02-13 11:56:00+00:00
[2026-02-13T12:57:20.328+0100] {processor.py:208} INFO - Processing /home/gianotti/Documents/CryptoETL/.venv/lib/python3.12/site-packages/airflow/example_dags/example_sla_dag.py took 0.097 seconds
[2026-02-13T12:58:17.841+0100] {processor.py:186} INFO - Started process (PID=35279) to work on /home/gianotti/Documents/CryptoETL/.venv/lib/python3.12/site-packages/airflow/example_dags/example_sla_dag.py
[2026-02-13T12:58:17.845+0100] {processor.py:914} INFO - Processing file /home/gianotti/Documents/CryptoETL/.venv/lib/python3.12/site-packages/airflow/example_dags/example_sla_dag.py for tasks to queue
[2026-02-13T12:58:17.848+0100] {logging_mixin.py:190} INFO - [2026-02-13T12:58:17.848+0100] {dagbag.py:588} INFO - Filling up the DagBag from /home/gianotti/Documents/CryptoETL/.venv/lib/python3.12/site-packages/airflow/example_dags/example_sla_dag.py
[2026-02-13T12:58:17.871+0100] {processor.py:925} INFO - DAG(s) 'example_sla_dag' retrieved from /home/gianotti/Documents/CryptoETL/.venv/lib/python3.12/site-packages/airflow/example_dags/example_sla_dag.py
[2026-02-13T12:58:17.902+0100] {logging_mixin.py:190} INFO - [2026-02-13T12:58:17.902+0100] {dag.py:3239} INFO - Sync 1 DAGs
[2026-02-13T12:58:17.928+0100] {logging_mixin.py:190} INFO - [2026-02-13T12:58:17.928+0100] {dag.py:4180} INFO - Setting next_dagrun for example_sla_dag to 2026-02-13 11:56:00+00:00, run_after=2026-02-13 11:58:00+00:00
[2026-02-13T12:58:17.947+0100] {processor.py:208} INFO - Processing /home/gianotti/Documents/CryptoETL/.venv/lib/python3.12/site-packages/airflow/example_dags/example_sla_dag.py took 0.117 seconds
[2026-02-13T12:59:11.721+0100] {processor.py:186} INFO - Started process (PID=35418) to work on /home/gianotti/Documents/CryptoETL/.venv/lib/python3.12/site-packages/airflow/example_dags/example_sla_dag.py
[2026-02-13T12:59:11.724+0100] {processor.py:914} INFO - Processing file /home/gianotti/Documents/CryptoETL/.venv/lib/python3.12/site-packages/airflow/example_dags/example_sla_dag.py for tasks to queue
[2026-02-13T12:59:11.728+0100] {logging_mixin.py:190} INFO - [2026-02-13T12:59:11.727+0100] {dagbag.py:588} INFO - Filling up the DagBag from /home/gianotti/Documents/CryptoETL/.venv/lib/python3.12/site-packages/airflow/example_dags/example_sla_dag.py
[2026-02-13T12:59:11.745+0100] {processor.py:925} INFO - DAG(s) 'example_sla_dag' retrieved from /home/gianotti/Documents/CryptoETL/.venv/lib/python3.12/site-packages/airflow/example_dags/example_sla_dag.py
[2026-02-13T12:59:11.768+0100] {logging_mixin.py:190} INFO - [2026-02-13T12:59:11.767+0100] {dag.py:3239} INFO - Sync 1 DAGs
[2026-02-13T12:59:11.789+0100] {logging_mixin.py:190} INFO - [2026-02-13T12:59:11.789+0100] {dag.py:4180} INFO - Setting next_dagrun for example_sla_dag to 2026-02-13 11:56:00+00:00, run_after=2026-02-13 11:58:00+00:00
[2026-02-13T12:59:11.807+0100] {processor.py:208} INFO - Processing /home/gianotti/Documents/CryptoETL/.venv/lib/python3.12/site-packages/airflow/example_dags/example_sla_dag.py took 0.094 seconds
[2026-02-13T13:00:07.064+0100] {processor.py:186} INFO - Started process (PID=35519) to work on /home/gianotti/Documents/CryptoETL/.venv/lib/python3.12/site-packages/airflow/example_dags/example_sla_dag.py
[2026-02-13T13:00:07.067+0100] {processor.py:914} INFO - Processing file /home/gianotti/Documents/CryptoETL/.venv/lib/python3.12/site-packages/airflow/example_dags/example_sla_dag.py for tasks to queue
[2026-02-13T13:00:07.069+0100] {logging_mixin.py:190} INFO - [2026-02-13T13:00:07.068+0100] {dagbag.py:588} INFO - Filling up the DagBag from /home/gianotti/Documents/CryptoETL/.venv/lib/python3.12/site-packages/airflow/example_dags/example_sla_dag.py
[2026-02-13T13:00:07.087+0100] {processor.py:925} INFO - DAG(s) 'example_sla_dag' retrieved from /home/gianotti/Documents/CryptoETL/.venv/lib/python3.12/site-packages/airflow/example_dags/example_sla_dag.py
[2026-02-13T13:00:07.104+0100] {logging_mixin.py:190} INFO - [2026-02-13T13:00:07.103+0100] {dag.py:3239} INFO - Sync 1 DAGs
[2026-02-13T13:00:07.122+0100] {logging_mixin.py:190} INFO - [2026-02-13T13:00:07.122+0100] {dag.py:4180} INFO - Setting next_dagrun for example_sla_dag to 2026-02-13 11:58:00+00:00, run_after=2026-02-13 12:00:00+00:00
[2026-02-13T13:00:07.140+0100] {processor.py:208} INFO - Processing /home/gianotti/Documents/CryptoETL/.venv/lib/python3.12/site-packages/airflow/example_dags/example_sla_dag.py took 0.085 seconds
[2026-02-13T13:01:04.092+0100] {processor.py:186} INFO - Started process (PID=35627) to work on /home/gianotti/Documents/CryptoETL/.venv/lib/python3.12/site-packages/airflow/example_dags/example_sla_dag.py
[2026-02-13T13:01:04.095+0100] {processor.py:914} INFO - Processing file /home/gianotti/Documents/CryptoETL/.venv/lib/python3.12/site-packages/airflow/example_dags/example_sla_dag.py for tasks to queue
[2026-02-13T13:01:04.098+0100] {logging_mixin.py:190} INFO - [2026-02-13T13:01:04.097+0100] {dagbag.py:588} INFO - Filling up the DagBag from /home/gianotti/Documents/CryptoETL/.venv/lib/python3.12/site-packages/airflow/example_dags/example_sla_dag.py
[2026-02-13T13:01:04.116+0100] {processor.py:925} INFO - DAG(s) 'example_sla_dag' retrieved from /home/gianotti/Documents/CryptoETL/.venv/lib/python3.12/site-packages/airflow/example_dags/example_sla_dag.py
[2026-02-13T13:01:04.140+0100] {logging_mixin.py:190} INFO - [2026-02-13T13:01:04.140+0100] {dag.py:3239} INFO - Sync 1 DAGs
[2026-02-13T13:01:04.177+0100] {logging_mixin.py:190} INFO - [2026-02-13T13:01:04.177+0100] {dag.py:4180} INFO - Setting next_dagrun for example_sla_dag to 2026-02-13 11:58:00+00:00, run_after=2026-02-13 12:00:00+00:00
[2026-02-13T13:01:04.211+0100] {processor.py:208} INFO - Processing /home/gianotti/Documents/CryptoETL/.venv/lib/python3.12/site-packages/airflow/example_dags/example_sla_dag.py took 0.128 seconds
[2026-02-13T13:02:04.157+0100] {processor.py:186} INFO - Started process (PID=35746) to work on /home/gianotti/Documents/CryptoETL/.venv/lib/python3.12/site-packages/airflow/example_dags/example_sla_dag.py
[2026-02-13T13:02:04.160+0100] {processor.py:914} INFO - Processing file /home/gianotti/Documents/CryptoETL/.venv/lib/python3.12/site-packages/airflow/example_dags/example_sla_dag.py for tasks to queue
[2026-02-13T13:02:04.162+0100] {logging_mixin.py:190} INFO - [2026-02-13T13:02:04.161+0100] {dagbag.py:588} INFO - Filling up the DagBag from /home/gianotti/Documents/CryptoETL/.venv/lib/python3.12/site-packages/airflow/example_dags/example_sla_dag.py
[2026-02-13T13:02:04.181+0100] {processor.py:925} INFO - DAG(s) 'example_sla_dag' retrieved from /home/gianotti/Documents/CryptoETL/.venv/lib/python3.12/site-packages/airflow/example_dags/example_sla_dag.py
[2026-02-13T13:02:04.204+0100] {logging_mixin.py:190} INFO - [2026-02-13T13:02:04.203+0100] {dag.py:3239} INFO - Sync 1 DAGs
[2026-02-13T13:02:04.230+0100] {logging_mixin.py:190} INFO - [2026-02-13T13:02:04.230+0100] {dag.py:4180} INFO - Setting next_dagrun for example_sla_dag to 2026-02-13 12:00:00+00:00, run_after=2026-02-13 12:02:00+00:00
[2026-02-13T13:02:04.248+0100] {processor.py:208} INFO - Processing /home/gianotti/Documents/CryptoETL/.venv/lib/python3.12/site-packages/airflow/example_dags/example_sla_dag.py took 0.100 seconds
[2026-02-13T13:03:02.629+0100] {processor.py:186} INFO - Started process (PID=35857) to work on /home/gianotti/Documents/CryptoETL/.venv/lib/python3.12/site-packages/airflow/example_dags/example_sla_dag.py
[2026-02-13T13:03:02.631+0100] {processor.py:914} INFO - Processing file /home/gianotti/Documents/CryptoETL/.venv/lib/python3.12/site-packages/airflow/example_dags/example_sla_dag.py for tasks to queue
[2026-02-13T13:03:02.633+0100] {logging_mixin.py:190} INFO - [2026-02-13T13:03:02.632+0100] {dagbag.py:588} INFO - Filling up the DagBag from /home/gianotti/Documents/CryptoETL/.venv/lib/python3.12/site-packages/airflow/example_dags/example_sla_dag.py
[2026-02-13T13:03:02.652+0100] {processor.py:925} INFO - DAG(s) 'example_sla_dag' retrieved from /home/gianotti/Documents/CryptoETL/.venv/lib/python3.12/site-packages/airflow/example_dags/example_sla_dag.py
[2026-02-13T13:03:02.669+0100] {logging_mixin.py:190} INFO - [2026-02-13T13:03:02.669+0100] {dag.py:3239} INFO - Sync 1 DAGs
[2026-02-13T13:03:02.689+0100] {logging_mixin.py:190} INFO - [2026-02-13T13:03:02.689+0100] {dag.py:4180} INFO - Setting next_dagrun for example_sla_dag to 2026-02-13 12:00:00+00:00, run_after=2026-02-13 12:02:00+00:00
[2026-02-13T13:03:02.709+0100] {processor.py:208} INFO - Processing /home/gianotti/Documents/CryptoETL/.venv/lib/python3.12/site-packages/airflow/example_dags/example_sla_dag.py took 0.089 seconds
[2026-02-13T13:03:59.936+0100] {processor.py:186} INFO - Started process (PID=36001) to work on /home/gianotti/Documents/CryptoETL/.venv/lib/python3.12/site-packages/airflow/example_dags/example_sla_dag.py
[2026-02-13T13:03:59.939+0100] {processor.py:914} INFO - Processing file /home/gianotti/Documents/CryptoETL/.venv/lib/python3.12/site-packages/airflow/example_dags/example_sla_dag.py for tasks to queue
[2026-02-13T13:03:59.941+0100] {logging_mixin.py:190} INFO - [2026-02-13T13:03:59.940+0100] {dagbag.py:588} INFO - Filling up the DagBag from /home/gianotti/Documents/CryptoETL/.venv/lib/python3.12/site-packages/airflow/example_dags/example_sla_dag.py
[2026-02-13T13:03:59.960+0100] {processor.py:925} INFO - DAG(s) 'example_sla_dag' retrieved from /home/gianotti/Documents/CryptoETL/.venv/lib/python3.12/site-packages/airflow/example_dags/example_sla_dag.py
[2026-02-13T13:03:59.985+0100] {logging_mixin.py:190} INFO - [2026-02-13T13:03:59.984+0100] {dag.py:3239} INFO - Sync 1 DAGs
[2026-02-13T13:04:00.026+0100] {logging_mixin.py:190} INFO - [2026-02-13T13:04:00.026+0100] {dag.py:4180} INFO - Setting next_dagrun for example_sla_dag to 2026-02-13 12:02:00+00:00, run_after=2026-02-13 12:04:00+00:00
[2026-02-13T13:04:00.060+0100] {processor.py:208} INFO - Processing /home/gianotti/Documents/CryptoETL/.venv/lib/python3.12/site-packages/airflow/example_dags/example_sla_dag.py took 0.134 seconds
[2026-02-13T13:05:02.378+0100] {processor.py:186} INFO - Started process (PID=36132) to work on /home/gianotti/Documents/CryptoETL/.venv/lib/python3.12/site-packages/airflow/example_dags/example_sla_dag.py
[2026-02-13T13:05:02.381+0100] {processor.py:914} INFO - Processing file /home/gianotti/Documents/CryptoETL/.venv/lib/python3.12/site-packages/airflow/example_dags/example_sla_dag.py for tasks to queue
[2026-02-13T13:05:02.383+0100] {logging_mixin.py:190} INFO - [2026-02-13T13:05:02.382+0100] {dagbag.py:588} INFO - Filling up the DagBag from /home/gianotti/Documents/CryptoETL/.venv/lib/python3.12/site-packages/airflow/example_dags/example_sla_dag.py
[2026-02-13T13:05:02.399+0100] {processor.py:925} INFO - DAG(s) 'example_sla_dag' retrieved from /home/gianotti/Documents/CryptoETL/.venv/lib/python3.12/site-packages/airflow/example_dags/example_sla_dag.py
[2026-02-13T13:05:02.420+0100] {logging_mixin.py:190} INFO - [2026-02-13T13:05:02.419+0100] {dag.py:3239} INFO - Sync 1 DAGs
[2026-02-13T13:05:02.453+0100] {logging_mixin.py:190} INFO - [2026-02-13T13:05:02.452+0100] {dag.py:4180} INFO - Setting next_dagrun for example_sla_dag to 2026-02-13 12:02:00+00:00, run_after=2026-02-13 12:04:00+00:00
[2026-02-13T13:05:02.482+0100] {processor.py:208} INFO - Processing /home/gianotti/Documents/CryptoETL/.venv/lib/python3.12/site-packages/airflow/example_dags/example_sla_dag.py took 0.111 seconds
[2026-02-13T13:06:06.585+0100] {processor.py:186} INFO - Started process (PID=36250) to work on /home/gianotti/Documents/CryptoETL/.venv/lib/python3.12/site-packages/airflow/example_dags/example_sla_dag.py
[2026-02-13T13:06:06.587+0100] {processor.py:914} INFO - Processing file /home/gianotti/Documents/CryptoETL/.venv/lib/python3.12/site-packages/airflow/example_dags/example_sla_dag.py for tasks to queue
[2026-02-13T13:06:06.590+0100] {logging_mixin.py:190} INFO - [2026-02-13T13:06:06.589+0100] {dagbag.py:588} INFO - Filling up the DagBag from /home/gianotti/Documents/CryptoETL/.venv/lib/python3.12/site-packages/airflow/example_dags/example_sla_dag.py
[2026-02-13T13:06:06.613+0100] {processor.py:925} INFO - DAG(s) 'example_sla_dag' retrieved from /home/gianotti/Documents/CryptoETL/.venv/lib/python3.12/site-packages/airflow/example_dags/example_sla_dag.py
[2026-02-13T13:06:06.641+0100] {logging_mixin.py:190} INFO - [2026-02-13T13:06:06.640+0100] {dag.py:3239} INFO - Sync 1 DAGs
[2026-02-13T13:06:06.681+0100] {logging_mixin.py:190} INFO - [2026-02-13T13:06:06.681+0100] {dag.py:4180} INFO - Setting next_dagrun for example_sla_dag to 2026-02-13 12:04:00+00:00, run_after=2026-02-13 12:06:00+00:00
[2026-02-13T13:06:06.716+0100] {processor.py:208} INFO - Processing /home/gianotti/Documents/CryptoETL/.venv/lib/python3.12/site-packages/airflow/example_dags/example_sla_dag.py took 0.141 seconds
[2026-02-13T13:07:13.062+0100] {processor.py:186} INFO - Started process (PID=36328) to work on /home/gianotti/Documents/CryptoETL/.venv/lib/python3.12/site-packages/airflow/example_dags/example_sla_dag.py
[2026-02-13T13:07:13.065+0100] {processor.py:914} INFO - Processing file /home/gianotti/Documents/CryptoETL/.venv/lib/python3.12/site-packages/airflow/example_dags/example_sla_dag.py for tasks to queue
[2026-02-13T13:07:13.068+0100] {logging_mixin.py:190} INFO - [2026-02-13T13:07:13.067+0100] {dagbag.py:588} INFO - Filling up the DagBag from /home/gianotti/Documents/CryptoETL/.venv/lib/python3.12/site-packages/airflow/example_dags/example_sla_dag.py
[2026-02-13T13:07:13.089+0100] {processor.py:925} INFO - DAG(s) 'example_sla_dag' retrieved from /home/gianotti/Documents/CryptoETL/.venv/lib/python3.12/site-packages/airflow/example_dags/example_sla_dag.py
[2026-02-13T13:07:13.116+0100] {logging_mixin.py:190} INFO - [2026-02-13T13:07:13.115+0100] {dag.py:3239} INFO - Sync 1 DAGs
[2026-02-13T13:07:13.157+0100] {logging_mixin.py:190} INFO - [2026-02-13T13:07:13.157+0100] {dag.py:4180} INFO - Setting next_dagrun for example_sla_dag to 2026-02-13 12:04:00+00:00, run_after=2026-02-13 12:06:00+00:00
[2026-02-13T13:07:13.195+0100] {processor.py:208} INFO - Processing /home/gianotti/Documents/CryptoETL/.venv/lib/python3.12/site-packages/airflow/example_dags/example_sla_dag.py took 0.144 seconds
[2026-02-13T13:08:24.235+0100] {processor.py:186} INFO - Started process (PID=36459) to work on /home/gianotti/Documents/CryptoETL/.venv/lib/python3.12/site-packages/airflow/example_dags/example_sla_dag.py
[2026-02-13T13:08:24.238+0100] {processor.py:914} INFO - Processing file /home/gianotti/Documents/CryptoETL/.venv/lib/python3.12/site-packages/airflow/example_dags/example_sla_dag.py for tasks to queue
[2026-02-13T13:08:24.240+0100] {logging_mixin.py:190} INFO - [2026-02-13T13:08:24.240+0100] {dagbag.py:588} INFO - Filling up the DagBag from /home/gianotti/Documents/CryptoETL/.venv/lib/python3.12/site-packages/airflow/example_dags/example_sla_dag.py
[2026-02-13T13:08:24.258+0100] {processor.py:925} INFO - DAG(s) 'example_sla_dag' retrieved from /home/gianotti/Documents/CryptoETL/.venv/lib/python3.12/site-packages/airflow/example_dags/example_sla_dag.py
[2026-02-13T13:08:24.281+0100] {logging_mixin.py:190} INFO - [2026-02-13T13:08:24.281+0100] {dag.py:3239} INFO - Sync 1 DAGs
[2026-02-13T13:08:24.318+0100] {logging_mixin.py:190} INFO - [2026-02-13T13:08:24.318+0100] {dag.py:4180} INFO - Setting next_dagrun for example_sla_dag to 2026-02-13 12:06:00+00:00, run_after=2026-02-13 12:08:00+00:00
[2026-02-13T13:08:24.349+0100] {processor.py:208} INFO - Processing /home/gianotti/Documents/CryptoETL/.venv/lib/python3.12/site-packages/airflow/example_dags/example_sla_dag.py took 0.122 seconds
[2026-02-13T13:09:30.809+0100] {processor.py:186} INFO - Started process (PID=36574) to work on /home/gianotti/Documents/CryptoETL/.venv/lib/python3.12/site-packages/airflow/example_dags/example_sla_dag.py
[2026-02-13T13:09:30.812+0100] {processor.py:914} INFO - Processing file /home/gianotti/Documents/CryptoETL/.venv/lib/python3.12/site-packages/airflow/example_dags/example_sla_dag.py for tasks to queue
[2026-02-13T13:09:30.813+0100] {logging_mixin.py:190} INFO - [2026-02-13T13:09:30.813+0100] {dagbag.py:588} INFO - Filling up the DagBag from /home/gianotti/Documents/CryptoETL/.venv/lib/python3.12/site-packages/airflow/example_dags/example_sla_dag.py
[2026-02-13T13:09:30.831+0100] {processor.py:925} INFO - DAG(s) 'example_sla_dag' retrieved from /home/gianotti/Documents/CryptoETL/.venv/lib/python3.12/site-packages/airflow/example_dags/example_sla_dag.py
[2026-02-13T13:09:30.854+0100] {logging_mixin.py:190} INFO - [2026-02-13T13:09:30.853+0100] {dag.py:3239} INFO - Sync 1 DAGs
[2026-02-13T13:09:30.894+0100] {logging_mixin.py:190} INFO - [2026-02-13T13:09:30.893+0100] {dag.py:4180} INFO - Setting next_dagrun for example_sla_dag to 2026-02-13 12:06:00+00:00, run_after=2026-02-13 12:08:00+00:00
[2026-02-13T13:09:30.926+0100] {processor.py:208} INFO - Processing /home/gianotti/Documents/CryptoETL/.venv/lib/python3.12/site-packages/airflow/example_dags/example_sla_dag.py took 0.127 seconds
[2026-02-13T13:10:42.409+0100] {processor.py:186} INFO - Started process (PID=36702) to work on /home/gianotti/Documents/CryptoETL/.venv/lib/python3.12/site-packages/airflow/example_dags/example_sla_dag.py
[2026-02-13T13:10:42.410+0100] {processor.py:914} INFO - Processing file /home/gianotti/Documents/CryptoETL/.venv/lib/python3.12/site-packages/airflow/example_dags/example_sla_dag.py for tasks to queue
[2026-02-13T13:10:42.412+0100] {logging_mixin.py:190} INFO - [2026-02-13T13:10:42.411+0100] {dagbag.py:588} INFO - Filling up the DagBag from /home/gianotti/Documents/CryptoETL/.venv/lib/python3.12/site-packages/airflow/example_dags/example_sla_dag.py
[2026-02-13T13:10:42.433+0100] {processor.py:925} INFO - DAG(s) 'example_sla_dag' retrieved from /home/gianotti/Documents/CryptoETL/.venv/lib/python3.12/site-packages/airflow/example_dags/example_sla_dag.py
[2026-02-13T13:10:42.459+0100] {logging_mixin.py:190} INFO - [2026-02-13T13:10:42.459+0100] {dag.py:3239} INFO - Sync 1 DAGs
[2026-02-13T13:10:42.503+0100] {logging_mixin.py:190} INFO - [2026-02-13T13:10:42.502+0100] {dag.py:4180} INFO - Setting next_dagrun for example_sla_dag to 2026-02-13 12:08:00+00:00, run_after=2026-02-13 12:10:00+00:00
[2026-02-13T13:10:42.538+0100] {processor.py:208} INFO - Processing /home/gianotti/Documents/CryptoETL/.venv/lib/python3.12/site-packages/airflow/example_dags/example_sla_dag.py took 0.138 seconds
[2026-02-13T13:11:46.495+0100] {processor.py:186} INFO - Started process (PID=36781) to work on /home/gianotti/Documents/CryptoETL/.venv/lib/python3.12/site-packages/airflow/example_dags/example_sla_dag.py
[2026-02-13T13:11:46.498+0100] {processor.py:914} INFO - Processing file /home/gianotti/Documents/CryptoETL/.venv/lib/python3.12/site-packages/airflow/example_dags/example_sla_dag.py for tasks to queue
[2026-02-13T13:11:46.500+0100] {logging_mixin.py:190} INFO - [2026-02-13T13:11:46.500+0100] {dagbag.py:588} INFO - Filling up the DagBag from /home/gianotti/Documents/CryptoETL/.venv/lib/python3.12/site-packages/airflow/example_dags/example_sla_dag.py
[2026-02-13T13:11:46.518+0100] {processor.py:925} INFO - DAG(s) 'example_sla_dag' retrieved from /home/gianotti/Documents/CryptoETL/.venv/lib/python3.12/site-packages/airflow/example_dags/example_sla_dag.py
[2026-02-13T13:11:46.541+0100] {logging_mixin.py:190} INFO - [2026-02-13T13:11:46.541+0100] {dag.py:3239} INFO - Sync 1 DAGs
[2026-02-13T13:11:46.579+0100] {logging_mixin.py:190} INFO - [2026-02-13T13:11:46.578+0100] {dag.py:4180} INFO - Setting next_dagrun for example_sla_dag to 2026-02-13 12:08:00+00:00, run_after=2026-02-13 12:10:00+00:00
[2026-02-13T13:11:46.610+0100] {processor.py:208} INFO - Processing /home/gianotti/Documents/CryptoETL/.venv/lib/python3.12/site-packages/airflow/example_dags/example_sla_dag.py took 0.123 seconds
[2026-02-13T13:12:51.723+0100] {processor.py:186} INFO - Started process (PID=36909) to work on /home/gianotti/Documents/CryptoETL/.venv/lib/python3.12/site-packages/airflow/example_dags/example_sla_dag.py
[2026-02-13T13:12:51.725+0100] {processor.py:914} INFO - Processing file /home/gianotti/Documents/CryptoETL/.venv/lib/python3.12/site-packages/airflow/example_dags/example_sla_dag.py for tasks to queue
[2026-02-13T13:12:51.727+0100] {logging_mixin.py:190} INFO - [2026-02-13T13:12:51.726+0100] {dagbag.py:588} INFO - Filling up the DagBag from /home/gianotti/Documents/CryptoETL/.venv/lib/python3.12/site-packages/airflow/example_dags/example_sla_dag.py
[2026-02-13T13:12:51.747+0100] {processor.py:925} INFO - DAG(s) 'example_sla_dag' retrieved from /home/gianotti/Documents/CryptoETL/.venv/lib/python3.12/site-packages/airflow/example_dags/example_sla_dag.py
[2026-02-13T13:12:51.770+0100] {logging_mixin.py:190} INFO - [2026-02-13T13:12:51.770+0100] {dag.py:3239} INFO - Sync 1 DAGs
[2026-02-13T13:12:51.808+0100] {logging_mixin.py:190} INFO - [2026-02-13T13:12:51.808+0100] {dag.py:4180} INFO - Setting next_dagrun for example_sla_dag to 2026-02-13 12:10:00+00:00, run_after=2026-02-13 12:12:00+00:00
[2026-02-13T13:12:51.841+0100] {processor.py:208} INFO - Processing /home/gianotti/Documents/CryptoETL/.venv/lib/python3.12/site-packages/airflow/example_dags/example_sla_dag.py took 0.128 seconds
[2026-02-13T13:13:54.301+0100] {processor.py:186} INFO - Started process (PID=37105) to work on /home/gianotti/Documents/CryptoETL/.venv/lib/python3.12/site-packages/airflow/example_dags/example_sla_dag.py
[2026-02-13T13:13:54.304+0100] {processor.py:914} INFO - Processing file /home/gianotti/Documents/CryptoETL/.venv/lib/python3.12/site-packages/airflow/example_dags/example_sla_dag.py for tasks to queue
[2026-02-13T13:13:54.306+0100] {logging_mixin.py:190} INFO - [2026-02-13T13:13:54.305+0100] {dagbag.py:588} INFO - Filling up the DagBag from /home/gianotti/Documents/CryptoETL/.venv/lib/python3.12/site-packages/airflow/example_dags/example_sla_dag.py
[2026-02-13T13:13:54.324+0100] {processor.py:925} INFO - DAG(s) 'example_sla_dag' retrieved from /home/gianotti/Documents/CryptoETL/.venv/lib/python3.12/site-packages/airflow/example_dags/example_sla_dag.py
[2026-02-13T13:13:54.345+0100] {logging_mixin.py:190} INFO - [2026-02-13T13:13:54.345+0100] {dag.py:3239} INFO - Sync 1 DAGs
[2026-02-13T13:13:54.384+0100] {logging_mixin.py:190} INFO - [2026-02-13T13:13:54.383+0100] {dag.py:4180} INFO - Setting next_dagrun for example_sla_dag to 2026-02-13 12:10:00+00:00, run_after=2026-02-13 12:12:00+00:00
[2026-02-13T13:13:54.419+0100] {processor.py:208} INFO - Processing /home/gianotti/Documents/CryptoETL/.venv/lib/python3.12/site-packages/airflow/example_dags/example_sla_dag.py took 0.128 seconds
[2026-02-13T13:14:58.257+0100] {processor.py:186} INFO - Started process (PID=37223) to work on /home/gianotti/Documents/CryptoETL/.venv/lib/python3.12/site-packages/airflow/example_dags/example_sla_dag.py
[2026-02-13T13:14:58.260+0100] {processor.py:914} INFO - Processing file /home/gianotti/Documents/CryptoETL/.venv/lib/python3.12/site-packages/airflow/example_dags/example_sla_dag.py for tasks to queue
[2026-02-13T13:14:58.262+0100] {logging_mixin.py:190} INFO - [2026-02-13T13:14:58.261+0100] {dagbag.py:588} INFO - Filling up the DagBag from /home/gianotti/Documents/CryptoETL/.venv/lib/python3.12/site-packages/airflow/example_dags/example_sla_dag.py
[2026-02-13T13:14:58.281+0100] {processor.py:925} INFO - DAG(s) 'example_sla_dag' retrieved from /home/gianotti/Documents/CryptoETL/.venv/lib/python3.12/site-packages/airflow/example_dags/example_sla_dag.py
[2026-02-13T13:14:58.304+0100] {logging_mixin.py:190} INFO - [2026-02-13T13:14:58.304+0100] {dag.py:3239} INFO - Sync 1 DAGs
[2026-02-13T13:14:58.341+0100] {logging_mixin.py:190} INFO - [2026-02-13T13:14:58.341+0100] {dag.py:4180} INFO - Setting next_dagrun for example_sla_dag to 2026-02-13 12:12:00+00:00, run_after=2026-02-13 12:14:00+00:00
[2026-02-13T13:14:58.374+0100] {processor.py:208} INFO - Processing /home/gianotti/Documents/CryptoETL/.venv/lib/python3.12/site-packages/airflow/example_dags/example_sla_dag.py took 0.126 seconds
[2026-02-13T13:16:05.963+0100] {processor.py:186} INFO - Started process (PID=37410) to work on /home/gianotti/Documents/CryptoETL/.venv/lib/python3.12/site-packages/airflow/example_dags/example_sla_dag.py
[2026-02-13T13:16:05.965+0100] {processor.py:914} INFO - Processing file /home/gianotti/Documents/CryptoETL/.venv/lib/python3.12/site-packages/airflow/example_dags/example_sla_dag.py for tasks to queue
[2026-02-13T13:16:05.968+0100] {logging_mixin.py:190} INFO - [2026-02-13T13:16:05.967+0100] {dagbag.py:588} INFO - Filling up the DagBag from /home/gianotti/Documents/CryptoETL/.venv/lib/python3.12/site-packages/airflow/example_dags/example_sla_dag.py
[2026-02-13T13:16:05.986+0100] {processor.py:925} INFO - DAG(s) 'example_sla_dag' retrieved from /home/gianotti/Documents/CryptoETL/.venv/lib/python3.12/site-packages/airflow/example_dags/example_sla_dag.py
[2026-02-13T13:16:06.009+0100] {logging_mixin.py:190} INFO - [2026-02-13T13:16:06.008+0100] {dag.py:3239} INFO - Sync 1 DAGs
[2026-02-13T13:16:06.048+0100] {logging_mixin.py:190} INFO - [2026-02-13T13:16:06.047+0100] {dag.py:4180} INFO - Setting next_dagrun for example_sla_dag to 2026-02-13 12:14:00+00:00, run_after=2026-02-13 12:16:00+00:00
[2026-02-13T13:16:06.083+0100] {processor.py:208} INFO - Processing /home/gianotti/Documents/CryptoETL/.venv/lib/python3.12/site-packages/airflow/example_dags/example_sla_dag.py took 0.128 seconds
[2026-02-13T13:17:10.403+0100] {processor.py:186} INFO - Started process (PID=37502) to work on /home/gianotti/Documents/CryptoETL/.venv/lib/python3.12/site-packages/airflow/example_dags/example_sla_dag.py
[2026-02-13T13:17:10.406+0100] {processor.py:914} INFO - Processing file /home/gianotti/Documents/CryptoETL/.venv/lib/python3.12/site-packages/airflow/example_dags/example_sla_dag.py for tasks to queue
[2026-02-13T13:17:10.408+0100] {logging_mixin.py:190} INFO - [2026-02-13T13:17:10.407+0100] {dagbag.py:588} INFO - Filling up the DagBag from /home/gianotti/Documents/CryptoETL/.venv/lib/python3.12/site-packages/airflow/example_dags/example_sla_dag.py
[2026-02-13T13:17:10.428+0100] {processor.py:925} INFO - DAG(s) 'example_sla_dag' retrieved from /home/gianotti/Documents/CryptoETL/.venv/lib/python3.12/site-packages/airflow/example_dags/example_sla_dag.py
[2026-02-13T13:17:10.451+0100] {logging_mixin.py:190} INFO - [2026-02-13T13:17:10.451+0100] {dag.py:3239} INFO - Sync 1 DAGs
[2026-02-13T13:17:10.488+0100] {logging_mixin.py:190} INFO - [2026-02-13T13:17:10.488+0100] {dag.py:4180} INFO - Setting next_dagrun for example_sla_dag to 2026-02-13 12:14:00+00:00, run_after=2026-02-13 12:16:00+00:00
[2026-02-13T13:17:10.520+0100] {processor.py:208} INFO - Processing /home/gianotti/Documents/CryptoETL/.venv/lib/python3.12/site-packages/airflow/example_dags/example_sla_dag.py took 0.127 seconds
[2026-02-13T13:18:17.298+0100] {processor.py:186} INFO - Started process (PID=37608) to work on /home/gianotti/Documents/CryptoETL/.venv/lib/python3.12/site-packages/airflow/example_dags/example_sla_dag.py
[2026-02-13T13:18:17.301+0100] {processor.py:914} INFO - Processing file /home/gianotti/Documents/CryptoETL/.venv/lib/python3.12/site-packages/airflow/example_dags/example_sla_dag.py for tasks to queue
[2026-02-13T13:18:17.303+0100] {logging_mixin.py:190} INFO - [2026-02-13T13:18:17.302+0100] {dagbag.py:588} INFO - Filling up the DagBag from /home/gianotti/Documents/CryptoETL/.venv/lib/python3.12/site-packages/airflow/example_dags/example_sla_dag.py
[2026-02-13T13:18:17.321+0100] {processor.py:925} INFO - DAG(s) 'example_sla_dag' retrieved from /home/gianotti/Documents/CryptoETL/.venv/lib/python3.12/site-packages/airflow/example_dags/example_sla_dag.py
[2026-02-13T13:18:17.344+0100] {logging_mixin.py:190} INFO - [2026-02-13T13:18:17.343+0100] {dag.py:3239} INFO - Sync 1 DAGs
[2026-02-13T13:18:17.385+0100] {logging_mixin.py:190} INFO - [2026-02-13T13:18:17.384+0100] {dag.py:4180} INFO - Setting next_dagrun for example_sla_dag to 2026-02-13 12:16:00+00:00, run_after=2026-02-13 12:18:00+00:00
[2026-02-13T13:18:17.418+0100] {processor.py:208} INFO - Processing /home/gianotti/Documents/CryptoETL/.venv/lib/python3.12/site-packages/airflow/example_dags/example_sla_dag.py took 0.129 seconds
[2026-02-13T13:19:21.291+0100] {processor.py:186} INFO - Started process (PID=37721) to work on /home/gianotti/Documents/CryptoETL/.venv/lib/python3.12/site-packages/airflow/example_dags/example_sla_dag.py
[2026-02-13T13:19:21.295+0100] {processor.py:914} INFO - Processing file /home/gianotti/Documents/CryptoETL/.venv/lib/python3.12/site-packages/airflow/example_dags/example_sla_dag.py for tasks to queue
[2026-02-13T13:19:21.297+0100] {logging_mixin.py:190} INFO - [2026-02-13T13:19:21.296+0100] {dagbag.py:588} INFO - Filling up the DagBag from /home/gianotti/Documents/CryptoETL/.venv/lib/python3.12/site-packages/airflow/example_dags/example_sla_dag.py
[2026-02-13T13:19:21.319+0100] {processor.py:925} INFO - DAG(s) 'example_sla_dag' retrieved from /home/gianotti/Documents/CryptoETL/.venv/lib/python3.12/site-packages/airflow/example_dags/example_sla_dag.py
[2026-02-13T13:19:21.343+0100] {logging_mixin.py:190} INFO - [2026-02-13T13:19:21.342+0100] {dag.py:3239} INFO - Sync 1 DAGs
[2026-02-13T13:19:21.378+0100] {logging_mixin.py:190} INFO - [2026-02-13T13:19:21.378+0100] {dag.py:4180} INFO - Setting next_dagrun for example_sla_dag to 2026-02-13 12:16:00+00:00, run_after=2026-02-13 12:18:00+00:00
[2026-02-13T13:19:21.410+0100] {processor.py:208} INFO - Processing /home/gianotti/Documents/CryptoETL/.venv/lib/python3.12/site-packages/airflow/example_dags/example_sla_dag.py took 0.128 seconds
[2026-02-13T13:20:29.376+0100] {processor.py:186} INFO - Started process (PID=37819) to work on /home/gianotti/Documents/CryptoETL/.venv/lib/python3.12/site-packages/airflow/example_dags/example_sla_dag.py
[2026-02-13T13:20:29.378+0100] {processor.py:914} INFO - Processing file /home/gianotti/Documents/CryptoETL/.venv/lib/python3.12/site-packages/airflow/example_dags/example_sla_dag.py for tasks to queue
[2026-02-13T13:20:29.380+0100] {logging_mixin.py:190} INFO - [2026-02-13T13:20:29.380+0100] {dagbag.py:588} INFO - Filling up the DagBag from /home/gianotti/Documents/CryptoETL/.venv/lib/python3.12/site-packages/airflow/example_dags/example_sla_dag.py
[2026-02-13T13:20:29.400+0100] {processor.py:925} INFO - DAG(s) 'example_sla_dag' retrieved from /home/gianotti/Documents/CryptoETL/.venv/lib/python3.12/site-packages/airflow/example_dags/example_sla_dag.py
[2026-02-13T13:20:29.424+0100] {logging_mixin.py:190} INFO - [2026-02-13T13:20:29.424+0100] {dag.py:3239} INFO - Sync 1 DAGs
[2026-02-13T13:20:29.468+0100] {logging_mixin.py:190} INFO - [2026-02-13T13:20:29.468+0100] {dag.py:4180} INFO - Setting next_dagrun for example_sla_dag to 2026-02-13 12:18:00+00:00, run_after=2026-02-13 12:20:00+00:00
[2026-02-13T13:20:29.505+0100] {processor.py:208} INFO - Processing /home/gianotti/Documents/CryptoETL/.venv/lib/python3.12/site-packages/airflow/example_dags/example_sla_dag.py took 0.138 seconds
