[2026-02-13T12:55:44.221+0100] {processor.py:186} INFO - Started process (PID=34979) to work on /home/gianotti/Documents/CryptoETL/.venv/lib/python3.12/site-packages/airflow/example_dags/example_datasets.py
[2026-02-13T12:55:44.222+0100] {processor.py:914} INFO - Processing file /home/gianotti/Documents/CryptoETL/.venv/lib/python3.12/site-packages/airflow/example_dags/example_datasets.py for tasks to queue
[2026-02-13T12:55:44.225+0100] {logging_mixin.py:190} INFO - [2026-02-13T12:55:44.224+0100] {dagbag.py:588} INFO - Filling up the DagBag from /home/gianotti/Documents/CryptoETL/.venv/lib/python3.12/site-packages/airflow/example_dags/example_datasets.py
[2026-02-13T12:55:44.253+0100] {processor.py:925} INFO - DAG(s) 'dataset_consumes_unknown_never_scheduled', 'dataset_consumes_1_never_scheduled', 'dataset_produces_1', 'conditional_dataset_and_time_based_timetable', 'consume_1_or_2_with_dataset_expressions', 'dataset_consumes_1', 'dataset_produces_2', 'consume_1_or_both_2_and_3_with_dataset_expressions', 'dataset_consumes_1_and_2', 'consume_1_and_2_with_dataset_expressions' retrieved from /home/gianotti/Documents/CryptoETL/.venv/lib/python3.12/site-packages/airflow/example_dags/example_datasets.py
[2026-02-13T12:55:44.338+0100] {logging_mixin.py:190} INFO - [2026-02-13T12:55:44.338+0100] {override.py:1930} INFO - Created Permission View: can edit on DAG:dataset_consumes_unknown_never_scheduled
[2026-02-13T12:55:44.350+0100] {logging_mixin.py:190} INFO - [2026-02-13T12:55:44.349+0100] {override.py:1930} INFO - Created Permission View: can read on DAG:dataset_consumes_unknown_never_scheduled
[2026-02-13T12:55:44.359+0100] {logging_mixin.py:190} INFO - [2026-02-13T12:55:44.358+0100] {override.py:1930} INFO - Created Permission View: can delete on DAG:dataset_consumes_unknown_never_scheduled
[2026-02-13T12:55:44.373+0100] {logging_mixin.py:190} INFO - [2026-02-13T12:55:44.372+0100] {override.py:1930} INFO - Created Permission View: can create on DAG Run:dataset_consumes_unknown_never_scheduled
[2026-02-13T12:55:44.385+0100] {logging_mixin.py:190} INFO - [2026-02-13T12:55:44.384+0100] {override.py:1930} INFO - Created Permission View: can read on DAG Run:dataset_consumes_unknown_never_scheduled
[2026-02-13T12:55:44.407+0100] {logging_mixin.py:190} INFO - [2026-02-13T12:55:44.407+0100] {override.py:1930} INFO - Created Permission View: can delete on DAG Run:dataset_consumes_unknown_never_scheduled
[2026-02-13T12:55:44.420+0100] {logging_mixin.py:190} INFO - [2026-02-13T12:55:44.419+0100] {override.py:1930} INFO - Created Permission View: menu access on DAG Run:dataset_consumes_unknown_never_scheduled
[2026-02-13T12:55:44.445+0100] {logging_mixin.py:190} INFO - [2026-02-13T12:55:44.445+0100] {override.py:1930} INFO - Created Permission View: can edit on DAG:dataset_consumes_1_never_scheduled
[2026-02-13T12:55:44.458+0100] {logging_mixin.py:190} INFO - [2026-02-13T12:55:44.457+0100] {override.py:1930} INFO - Created Permission View: can read on DAG:dataset_consumes_1_never_scheduled
[2026-02-13T12:55:44.470+0100] {logging_mixin.py:190} INFO - [2026-02-13T12:55:44.469+0100] {override.py:1930} INFO - Created Permission View: can delete on DAG:dataset_consumes_1_never_scheduled
[2026-02-13T12:55:44.488+0100] {logging_mixin.py:190} INFO - [2026-02-13T12:55:44.488+0100] {override.py:1930} INFO - Created Permission View: can create on DAG Run:dataset_consumes_1_never_scheduled
[2026-02-13T12:55:44.500+0100] {logging_mixin.py:190} INFO - [2026-02-13T12:55:44.500+0100] {override.py:1930} INFO - Created Permission View: can read on DAG Run:dataset_consumes_1_never_scheduled
[2026-02-13T12:55:44.511+0100] {logging_mixin.py:190} INFO - [2026-02-13T12:55:44.510+0100] {override.py:1930} INFO - Created Permission View: can delete on DAG Run:dataset_consumes_1_never_scheduled
[2026-02-13T12:55:44.521+0100] {logging_mixin.py:190} INFO - [2026-02-13T12:55:44.521+0100] {override.py:1930} INFO - Created Permission View: menu access on DAG Run:dataset_consumes_1_never_scheduled
[2026-02-13T12:55:44.544+0100] {logging_mixin.py:190} INFO - [2026-02-13T12:55:44.544+0100] {override.py:1930} INFO - Created Permission View: can edit on DAG:dataset_produces_1
[2026-02-13T12:55:44.555+0100] {logging_mixin.py:190} INFO - [2026-02-13T12:55:44.555+0100] {override.py:1930} INFO - Created Permission View: can read on DAG:dataset_produces_1
[2026-02-13T12:55:44.567+0100] {logging_mixin.py:190} INFO - [2026-02-13T12:55:44.566+0100] {override.py:1930} INFO - Created Permission View: can delete on DAG:dataset_produces_1
[2026-02-13T12:55:44.584+0100] {logging_mixin.py:190} INFO - [2026-02-13T12:55:44.583+0100] {override.py:1930} INFO - Created Permission View: can create on DAG Run:dataset_produces_1
[2026-02-13T12:55:44.595+0100] {logging_mixin.py:190} INFO - [2026-02-13T12:55:44.594+0100] {override.py:1930} INFO - Created Permission View: can read on DAG Run:dataset_produces_1
[2026-02-13T12:55:44.606+0100] {logging_mixin.py:190} INFO - [2026-02-13T12:55:44.605+0100] {override.py:1930} INFO - Created Permission View: can delete on DAG Run:dataset_produces_1
[2026-02-13T12:55:44.617+0100] {logging_mixin.py:190} INFO - [2026-02-13T12:55:44.616+0100] {override.py:1930} INFO - Created Permission View: menu access on DAG Run:dataset_produces_1
[2026-02-13T12:55:44.641+0100] {logging_mixin.py:190} INFO - [2026-02-13T12:55:44.640+0100] {override.py:1930} INFO - Created Permission View: can edit on DAG:conditional_dataset_and_time_based_timetable
[2026-02-13T12:55:44.652+0100] {logging_mixin.py:190} INFO - [2026-02-13T12:55:44.652+0100] {override.py:1930} INFO - Created Permission View: can read on DAG:conditional_dataset_and_time_based_timetable
[2026-02-13T12:55:44.664+0100] {logging_mixin.py:190} INFO - [2026-02-13T12:55:44.664+0100] {override.py:1930} INFO - Created Permission View: can delete on DAG:conditional_dataset_and_time_based_timetable
[2026-02-13T12:55:44.682+0100] {logging_mixin.py:190} INFO - [2026-02-13T12:55:44.681+0100] {override.py:1930} INFO - Created Permission View: can create on DAG Run:conditional_dataset_and_time_based_timetable
[2026-02-13T12:55:44.693+0100] {logging_mixin.py:190} INFO - [2026-02-13T12:55:44.693+0100] {override.py:1930} INFO - Created Permission View: can read on DAG Run:conditional_dataset_and_time_based_timetable
[2026-02-13T12:55:44.704+0100] {logging_mixin.py:190} INFO - [2026-02-13T12:55:44.703+0100] {override.py:1930} INFO - Created Permission View: can delete on DAG Run:conditional_dataset_and_time_based_timetable
[2026-02-13T12:55:44.715+0100] {logging_mixin.py:190} INFO - [2026-02-13T12:55:44.715+0100] {override.py:1930} INFO - Created Permission View: menu access on DAG Run:conditional_dataset_and_time_based_timetable
[2026-02-13T12:55:44.741+0100] {logging_mixin.py:190} INFO - [2026-02-13T12:55:44.741+0100] {override.py:1930} INFO - Created Permission View: can edit on DAG:consume_1_or_2_with_dataset_expressions
[2026-02-13T12:55:44.753+0100] {logging_mixin.py:190} INFO - [2026-02-13T12:55:44.752+0100] {override.py:1930} INFO - Created Permission View: can read on DAG:consume_1_or_2_with_dataset_expressions
[2026-02-13T12:55:44.765+0100] {logging_mixin.py:190} INFO - [2026-02-13T12:55:44.764+0100] {override.py:1930} INFO - Created Permission View: can delete on DAG:consume_1_or_2_with_dataset_expressions
[2026-02-13T12:55:44.784+0100] {logging_mixin.py:190} INFO - [2026-02-13T12:55:44.784+0100] {override.py:1930} INFO - Created Permission View: can create on DAG Run:consume_1_or_2_with_dataset_expressions
[2026-02-13T12:55:44.797+0100] {logging_mixin.py:190} INFO - [2026-02-13T12:55:44.796+0100] {override.py:1930} INFO - Created Permission View: can read on DAG Run:consume_1_or_2_with_dataset_expressions
[2026-02-13T12:55:44.809+0100] {logging_mixin.py:190} INFO - [2026-02-13T12:55:44.809+0100] {override.py:1930} INFO - Created Permission View: can delete on DAG Run:consume_1_or_2_with_dataset_expressions
[2026-02-13T12:55:44.822+0100] {logging_mixin.py:190} INFO - [2026-02-13T12:55:44.822+0100] {override.py:1930} INFO - Created Permission View: menu access on DAG Run:consume_1_or_2_with_dataset_expressions
[2026-02-13T12:55:44.850+0100] {logging_mixin.py:190} INFO - [2026-02-13T12:55:44.849+0100] {override.py:1930} INFO - Created Permission View: can edit on DAG:dataset_consumes_1
[2026-02-13T12:55:44.863+0100] {logging_mixin.py:190} INFO - [2026-02-13T12:55:44.862+0100] {override.py:1930} INFO - Created Permission View: can read on DAG:dataset_consumes_1
[2026-02-13T12:55:44.875+0100] {logging_mixin.py:190} INFO - [2026-02-13T12:55:44.874+0100] {override.py:1930} INFO - Created Permission View: can delete on DAG:dataset_consumes_1
[2026-02-13T12:55:44.893+0100] {logging_mixin.py:190} INFO - [2026-02-13T12:55:44.892+0100] {override.py:1930} INFO - Created Permission View: can create on DAG Run:dataset_consumes_1
[2026-02-13T12:55:44.905+0100] {logging_mixin.py:190} INFO - [2026-02-13T12:55:44.904+0100] {override.py:1930} INFO - Created Permission View: can read on DAG Run:dataset_consumes_1
[2026-02-13T12:55:44.917+0100] {logging_mixin.py:190} INFO - [2026-02-13T12:55:44.917+0100] {override.py:1930} INFO - Created Permission View: can delete on DAG Run:dataset_consumes_1
[2026-02-13T12:55:44.930+0100] {logging_mixin.py:190} INFO - [2026-02-13T12:55:44.929+0100] {override.py:1930} INFO - Created Permission View: menu access on DAG Run:dataset_consumes_1
[2026-02-13T12:55:44.955+0100] {logging_mixin.py:190} INFO - [2026-02-13T12:55:44.954+0100] {override.py:1930} INFO - Created Permission View: can edit on DAG:dataset_produces_2
[2026-02-13T12:55:44.967+0100] {logging_mixin.py:190} INFO - [2026-02-13T12:55:44.966+0100] {override.py:1930} INFO - Created Permission View: can read on DAG:dataset_produces_2
[2026-02-13T12:55:44.977+0100] {logging_mixin.py:190} INFO - [2026-02-13T12:55:44.977+0100] {override.py:1930} INFO - Created Permission View: can delete on DAG:dataset_produces_2
[2026-02-13T12:55:44.994+0100] {logging_mixin.py:190} INFO - [2026-02-13T12:55:44.994+0100] {override.py:1930} INFO - Created Permission View: can create on DAG Run:dataset_produces_2
[2026-02-13T12:55:45.005+0100] {logging_mixin.py:190} INFO - [2026-02-13T12:55:45.005+0100] {override.py:1930} INFO - Created Permission View: can read on DAG Run:dataset_produces_2
[2026-02-13T12:55:45.018+0100] {logging_mixin.py:190} INFO - [2026-02-13T12:55:45.017+0100] {override.py:1930} INFO - Created Permission View: can delete on DAG Run:dataset_produces_2
[2026-02-13T12:55:45.029+0100] {logging_mixin.py:190} INFO - [2026-02-13T12:55:45.029+0100] {override.py:1930} INFO - Created Permission View: menu access on DAG Run:dataset_produces_2
[2026-02-13T12:55:45.053+0100] {logging_mixin.py:190} INFO - [2026-02-13T12:55:45.053+0100] {override.py:1930} INFO - Created Permission View: can edit on DAG:consume_1_or_both_2_and_3_with_dataset_expressions
[2026-02-13T12:55:45.064+0100] {logging_mixin.py:190} INFO - [2026-02-13T12:55:45.064+0100] {override.py:1930} INFO - Created Permission View: can read on DAG:consume_1_or_both_2_and_3_with_dataset_expressions
[2026-02-13T12:55:45.075+0100] {logging_mixin.py:190} INFO - [2026-02-13T12:55:45.074+0100] {override.py:1930} INFO - Created Permission View: can delete on DAG:consume_1_or_both_2_and_3_with_dataset_expressions
[2026-02-13T12:55:45.091+0100] {logging_mixin.py:190} INFO - [2026-02-13T12:55:45.090+0100] {override.py:1930} INFO - Created Permission View: can create on DAG Run:consume_1_or_both_2_and_3_with_dataset_expressions
[2026-02-13T12:55:45.102+0100] {logging_mixin.py:190} INFO - [2026-02-13T12:55:45.101+0100] {override.py:1930} INFO - Created Permission View: can read on DAG Run:consume_1_or_both_2_and_3_with_dataset_expressions
[2026-02-13T12:55:45.113+0100] {logging_mixin.py:190} INFO - [2026-02-13T12:55:45.112+0100] {override.py:1930} INFO - Created Permission View: can delete on DAG Run:consume_1_or_both_2_and_3_with_dataset_expressions
[2026-02-13T12:55:45.123+0100] {logging_mixin.py:190} INFO - [2026-02-13T12:55:45.123+0100] {override.py:1930} INFO - Created Permission View: menu access on DAG Run:consume_1_or_both_2_and_3_with_dataset_expressions
[2026-02-13T12:55:45.146+0100] {logging_mixin.py:190} INFO - [2026-02-13T12:55:45.146+0100] {override.py:1930} INFO - Created Permission View: can edit on DAG:dataset_consumes_1_and_2
[2026-02-13T12:55:45.157+0100] {logging_mixin.py:190} INFO - [2026-02-13T12:55:45.157+0100] {override.py:1930} INFO - Created Permission View: can read on DAG:dataset_consumes_1_and_2
[2026-02-13T12:55:45.168+0100] {logging_mixin.py:190} INFO - [2026-02-13T12:55:45.168+0100] {override.py:1930} INFO - Created Permission View: can delete on DAG:dataset_consumes_1_and_2
[2026-02-13T12:55:45.185+0100] {logging_mixin.py:190} INFO - [2026-02-13T12:55:45.184+0100] {override.py:1930} INFO - Created Permission View: can create on DAG Run:dataset_consumes_1_and_2
[2026-02-13T12:55:45.196+0100] {logging_mixin.py:190} INFO - [2026-02-13T12:55:45.195+0100] {override.py:1930} INFO - Created Permission View: can read on DAG Run:dataset_consumes_1_and_2
[2026-02-13T12:55:45.206+0100] {logging_mixin.py:190} INFO - [2026-02-13T12:55:45.206+0100] {override.py:1930} INFO - Created Permission View: can delete on DAG Run:dataset_consumes_1_and_2
[2026-02-13T12:55:45.217+0100] {logging_mixin.py:190} INFO - [2026-02-13T12:55:45.216+0100] {override.py:1930} INFO - Created Permission View: menu access on DAG Run:dataset_consumes_1_and_2
[2026-02-13T12:55:45.240+0100] {logging_mixin.py:190} INFO - [2026-02-13T12:55:45.239+0100] {override.py:1930} INFO - Created Permission View: can edit on DAG:consume_1_and_2_with_dataset_expressions
[2026-02-13T12:55:45.251+0100] {logging_mixin.py:190} INFO - [2026-02-13T12:55:45.250+0100] {override.py:1930} INFO - Created Permission View: can read on DAG:consume_1_and_2_with_dataset_expressions
[2026-02-13T12:55:45.262+0100] {logging_mixin.py:190} INFO - [2026-02-13T12:55:45.261+0100] {override.py:1930} INFO - Created Permission View: can delete on DAG:consume_1_and_2_with_dataset_expressions
[2026-02-13T12:55:45.278+0100] {logging_mixin.py:190} INFO - [2026-02-13T12:55:45.278+0100] {override.py:1930} INFO - Created Permission View: can create on DAG Run:consume_1_and_2_with_dataset_expressions
[2026-02-13T12:55:45.289+0100] {logging_mixin.py:190} INFO - [2026-02-13T12:55:45.289+0100] {override.py:1930} INFO - Created Permission View: can read on DAG Run:consume_1_and_2_with_dataset_expressions
[2026-02-13T12:55:45.300+0100] {logging_mixin.py:190} INFO - [2026-02-13T12:55:45.300+0100] {override.py:1930} INFO - Created Permission View: can delete on DAG Run:consume_1_and_2_with_dataset_expressions
[2026-02-13T12:55:45.310+0100] {logging_mixin.py:190} INFO - [2026-02-13T12:55:45.310+0100] {override.py:1930} INFO - Created Permission View: menu access on DAG Run:consume_1_and_2_with_dataset_expressions
[2026-02-13T12:55:45.311+0100] {logging_mixin.py:190} INFO - [2026-02-13T12:55:45.311+0100] {dag.py:3239} INFO - Sync 10 DAGs
[2026-02-13T12:55:45.328+0100] {logging_mixin.py:190} INFO - [2026-02-13T12:55:45.327+0100] {dag.py:3262} INFO - Creating ORM DAG for consume_1_or_both_2_and_3_with_dataset_expressions
[2026-02-13T12:55:45.328+0100] {logging_mixin.py:190} INFO - [2026-02-13T12:55:45.328+0100] {dag.py:3262} INFO - Creating ORM DAG for dataset_consumes_1
[2026-02-13T12:55:45.329+0100] {logging_mixin.py:190} INFO - [2026-02-13T12:55:45.329+0100] {dag.py:3262} INFO - Creating ORM DAG for conditional_dataset_and_time_based_timetable
[2026-02-13T12:55:45.330+0100] {logging_mixin.py:190} INFO - [2026-02-13T12:55:45.330+0100] {dag.py:3262} INFO - Creating ORM DAG for dataset_consumes_1_and_2
[2026-02-13T12:55:45.331+0100] {logging_mixin.py:190} INFO - [2026-02-13T12:55:45.330+0100] {dag.py:3262} INFO - Creating ORM DAG for dataset_produces_1
[2026-02-13T12:55:45.331+0100] {logging_mixin.py:190} INFO - [2026-02-13T12:55:45.331+0100] {dag.py:3262} INFO - Creating ORM DAG for consume_1_or_2_with_dataset_expressions
[2026-02-13T12:55:45.332+0100] {logging_mixin.py:190} INFO - [2026-02-13T12:55:45.332+0100] {dag.py:3262} INFO - Creating ORM DAG for dataset_consumes_unknown_never_scheduled
[2026-02-13T12:55:45.332+0100] {logging_mixin.py:190} INFO - [2026-02-13T12:55:45.332+0100] {dag.py:3262} INFO - Creating ORM DAG for dataset_consumes_1_never_scheduled
[2026-02-13T12:55:45.333+0100] {logging_mixin.py:190} INFO - [2026-02-13T12:55:45.333+0100] {dag.py:3262} INFO - Creating ORM DAG for dataset_produces_2
[2026-02-13T12:55:45.333+0100] {logging_mixin.py:190} INFO - [2026-02-13T12:55:45.333+0100] {dag.py:3262} INFO - Creating ORM DAG for consume_1_and_2_with_dataset_expressions
[2026-02-13T12:55:45.343+0100] {logging_mixin.py:190} INFO - [2026-02-13T12:55:45.343+0100] {dag.py:4180} INFO - Setting next_dagrun for conditional_dataset_and_time_based_timetable to 2026-02-11 01:00:00+00:00, run_after=2026-02-11 01:00:00+00:00
[2026-02-13T12:55:45.344+0100] {logging_mixin.py:190} INFO - [2026-02-13T12:55:45.344+0100] {dag.py:4180} INFO - Setting next_dagrun for consume_1_and_2_with_dataset_expressions to None, run_after=None
[2026-02-13T12:55:45.344+0100] {logging_mixin.py:190} INFO - [2026-02-13T12:55:45.344+0100] {dag.py:4180} INFO - Setting next_dagrun for consume_1_or_2_with_dataset_expressions to None, run_after=None
[2026-02-13T12:55:45.344+0100] {logging_mixin.py:190} INFO - [2026-02-13T12:55:45.344+0100] {dag.py:4180} INFO - Setting next_dagrun for consume_1_or_both_2_and_3_with_dataset_expressions to None, run_after=None
[2026-02-13T12:55:45.345+0100] {logging_mixin.py:190} INFO - [2026-02-13T12:55:45.345+0100] {dag.py:4180} INFO - Setting next_dagrun for dataset_consumes_1 to None, run_after=None
[2026-02-13T12:55:45.345+0100] {logging_mixin.py:190} INFO - [2026-02-13T12:55:45.345+0100] {dag.py:4180} INFO - Setting next_dagrun for dataset_consumes_1_and_2 to None, run_after=None
[2026-02-13T12:55:45.346+0100] {logging_mixin.py:190} INFO - [2026-02-13T12:55:45.345+0100] {dag.py:4180} INFO - Setting next_dagrun for dataset_consumes_1_never_scheduled to None, run_after=None
[2026-02-13T12:55:45.346+0100] {logging_mixin.py:190} INFO - [2026-02-13T12:55:45.346+0100] {dag.py:4180} INFO - Setting next_dagrun for dataset_consumes_unknown_never_scheduled to None, run_after=None
[2026-02-13T12:55:45.347+0100] {logging_mixin.py:190} INFO - [2026-02-13T12:55:45.347+0100] {dag.py:4180} INFO - Setting next_dagrun for dataset_produces_1 to 2026-02-12 00:00:00+00:00, run_after=2026-02-13 00:00:00+00:00
[2026-02-13T12:55:45.348+0100] {logging_mixin.py:190} INFO - [2026-02-13T12:55:45.347+0100] {dag.py:4180} INFO - Setting next_dagrun for dataset_produces_2 to None, run_after=None
[2026-02-13T12:55:45.373+0100] {processor.py:208} INFO - Processing /home/gianotti/Documents/CryptoETL/.venv/lib/python3.12/site-packages/airflow/example_dags/example_datasets.py took 1.161 seconds
[2026-02-13T12:56:48.995+0100] {processor.py:186} INFO - Started process (PID=35105) to work on /home/gianotti/Documents/CryptoETL/.venv/lib/python3.12/site-packages/airflow/example_dags/example_datasets.py
[2026-02-13T12:56:48.998+0100] {processor.py:914} INFO - Processing file /home/gianotti/Documents/CryptoETL/.venv/lib/python3.12/site-packages/airflow/example_dags/example_datasets.py for tasks to queue
[2026-02-13T12:56:49.001+0100] {logging_mixin.py:190} INFO - [2026-02-13T12:56:49.000+0100] {dagbag.py:588} INFO - Filling up the DagBag from /home/gianotti/Documents/CryptoETL/.venv/lib/python3.12/site-packages/airflow/example_dags/example_datasets.py
[2026-02-13T12:56:49.028+0100] {processor.py:925} INFO - DAG(s) 'conditional_dataset_and_time_based_timetable', 'dataset_consumes_unknown_never_scheduled', 'dataset_consumes_1', 'consume_1_or_both_2_and_3_with_dataset_expressions', 'consume_1_and_2_with_dataset_expressions', 'dataset_consumes_1_never_scheduled', 'consume_1_or_2_with_dataset_expressions', 'dataset_consumes_1_and_2', 'dataset_produces_1', 'dataset_produces_2' retrieved from /home/gianotti/Documents/CryptoETL/.venv/lib/python3.12/site-packages/airflow/example_dags/example_datasets.py
[2026-02-13T12:56:49.061+0100] {logging_mixin.py:190} INFO - [2026-02-13T12:56:49.061+0100] {dag.py:3239} INFO - Sync 10 DAGs
[2026-02-13T12:56:49.086+0100] {logging_mixin.py:190} INFO - [2026-02-13T12:56:49.086+0100] {dag.py:4180} INFO - Setting next_dagrun for conditional_dataset_and_time_based_timetable to 2026-02-11 01:00:00+00:00, run_after=2026-02-11 01:00:00+00:00
[2026-02-13T12:56:49.089+0100] {logging_mixin.py:190} INFO - [2026-02-13T12:56:49.088+0100] {dag.py:4180} INFO - Setting next_dagrun for consume_1_and_2_with_dataset_expressions to None, run_after=None
[2026-02-13T12:56:49.089+0100] {logging_mixin.py:190} INFO - [2026-02-13T12:56:49.089+0100] {dag.py:4180} INFO - Setting next_dagrun for consume_1_or_2_with_dataset_expressions to None, run_after=None
[2026-02-13T12:56:49.090+0100] {logging_mixin.py:190} INFO - [2026-02-13T12:56:49.090+0100] {dag.py:4180} INFO - Setting next_dagrun for consume_1_or_both_2_and_3_with_dataset_expressions to None, run_after=None
[2026-02-13T12:56:49.090+0100] {logging_mixin.py:190} INFO - [2026-02-13T12:56:49.090+0100] {dag.py:4180} INFO - Setting next_dagrun for dataset_consumes_1 to None, run_after=None
[2026-02-13T12:56:49.091+0100] {logging_mixin.py:190} INFO - [2026-02-13T12:56:49.091+0100] {dag.py:4180} INFO - Setting next_dagrun for dataset_consumes_1_and_2 to None, run_after=None
[2026-02-13T12:56:49.092+0100] {logging_mixin.py:190} INFO - [2026-02-13T12:56:49.092+0100] {dag.py:4180} INFO - Setting next_dagrun for dataset_consumes_1_never_scheduled to None, run_after=None
[2026-02-13T12:56:49.092+0100] {logging_mixin.py:190} INFO - [2026-02-13T12:56:49.092+0100] {dag.py:4180} INFO - Setting next_dagrun for dataset_consumes_unknown_never_scheduled to None, run_after=None
[2026-02-13T12:56:49.094+0100] {logging_mixin.py:190} INFO - [2026-02-13T12:56:49.094+0100] {dag.py:4180} INFO - Setting next_dagrun for dataset_produces_1 to 2026-02-12 00:00:00+00:00, run_after=2026-02-13 00:00:00+00:00
[2026-02-13T12:56:49.095+0100] {logging_mixin.py:190} INFO - [2026-02-13T12:56:49.095+0100] {dag.py:4180} INFO - Setting next_dagrun for dataset_produces_2 to None, run_after=None
[2026-02-13T12:56:49.121+0100] {processor.py:208} INFO - Processing /home/gianotti/Documents/CryptoETL/.venv/lib/python3.12/site-packages/airflow/example_dags/example_datasets.py took 0.134 seconds
[2026-02-13T12:57:46.386+0100] {processor.py:186} INFO - Started process (PID=35215) to work on /home/gianotti/Documents/CryptoETL/.venv/lib/python3.12/site-packages/airflow/example_dags/example_datasets.py
[2026-02-13T12:57:46.389+0100] {processor.py:914} INFO - Processing file /home/gianotti/Documents/CryptoETL/.venv/lib/python3.12/site-packages/airflow/example_dags/example_datasets.py for tasks to queue
[2026-02-13T12:57:46.393+0100] {logging_mixin.py:190} INFO - [2026-02-13T12:57:46.392+0100] {dagbag.py:588} INFO - Filling up the DagBag from /home/gianotti/Documents/CryptoETL/.venv/lib/python3.12/site-packages/airflow/example_dags/example_datasets.py
[2026-02-13T12:57:46.417+0100] {processor.py:925} INFO - DAG(s) 'dataset_consumes_1_and_2', 'consume_1_or_2_with_dataset_expressions', 'dataset_produces_1', 'consume_1_and_2_with_dataset_expressions', 'conditional_dataset_and_time_based_timetable', 'dataset_produces_2', 'dataset_consumes_1_never_scheduled', 'dataset_consumes_1', 'consume_1_or_both_2_and_3_with_dataset_expressions', 'dataset_consumes_unknown_never_scheduled' retrieved from /home/gianotti/Documents/CryptoETL/.venv/lib/python3.12/site-packages/airflow/example_dags/example_datasets.py
[2026-02-13T12:57:46.442+0100] {logging_mixin.py:190} INFO - [2026-02-13T12:57:46.442+0100] {dag.py:3239} INFO - Sync 10 DAGs
[2026-02-13T12:57:46.460+0100] {logging_mixin.py:190} INFO - [2026-02-13T12:57:46.459+0100] {dag.py:4180} INFO - Setting next_dagrun for conditional_dataset_and_time_based_timetable to 2026-02-11 01:00:00+00:00, run_after=2026-02-11 01:00:00+00:00
[2026-02-13T12:57:46.462+0100] {logging_mixin.py:190} INFO - [2026-02-13T12:57:46.462+0100] {dag.py:4180} INFO - Setting next_dagrun for consume_1_and_2_with_dataset_expressions to None, run_after=None
[2026-02-13T12:57:46.463+0100] {logging_mixin.py:190} INFO - [2026-02-13T12:57:46.463+0100] {dag.py:4180} INFO - Setting next_dagrun for consume_1_or_2_with_dataset_expressions to None, run_after=None
[2026-02-13T12:57:46.463+0100] {logging_mixin.py:190} INFO - [2026-02-13T12:57:46.463+0100] {dag.py:4180} INFO - Setting next_dagrun for consume_1_or_both_2_and_3_with_dataset_expressions to None, run_after=None
[2026-02-13T12:57:46.464+0100] {logging_mixin.py:190} INFO - [2026-02-13T12:57:46.464+0100] {dag.py:4180} INFO - Setting next_dagrun for dataset_consumes_1 to None, run_after=None
[2026-02-13T12:57:46.465+0100] {logging_mixin.py:190} INFO - [2026-02-13T12:57:46.465+0100] {dag.py:4180} INFO - Setting next_dagrun for dataset_consumes_1_and_2 to None, run_after=None
[2026-02-13T12:57:46.465+0100] {logging_mixin.py:190} INFO - [2026-02-13T12:57:46.465+0100] {dag.py:4180} INFO - Setting next_dagrun for dataset_consumes_1_never_scheduled to None, run_after=None
[2026-02-13T12:57:46.466+0100] {logging_mixin.py:190} INFO - [2026-02-13T12:57:46.466+0100] {dag.py:4180} INFO - Setting next_dagrun for dataset_consumes_unknown_never_scheduled to None, run_after=None
[2026-02-13T12:57:46.467+0100] {logging_mixin.py:190} INFO - [2026-02-13T12:57:46.467+0100] {dag.py:4180} INFO - Setting next_dagrun for dataset_produces_1 to 2026-02-12 00:00:00+00:00, run_after=2026-02-13 00:00:00+00:00
[2026-02-13T12:57:46.468+0100] {logging_mixin.py:190} INFO - [2026-02-13T12:57:46.468+0100] {dag.py:4180} INFO - Setting next_dagrun for dataset_produces_2 to None, run_after=None
[2026-02-13T12:57:46.492+0100] {processor.py:208} INFO - Processing /home/gianotti/Documents/CryptoETL/.venv/lib/python3.12/site-packages/airflow/example_dags/example_datasets.py took 0.115 seconds
[2026-02-13T12:58:44.011+0100] {processor.py:186} INFO - Started process (PID=35353) to work on /home/gianotti/Documents/CryptoETL/.venv/lib/python3.12/site-packages/airflow/example_dags/example_datasets.py
[2026-02-13T12:58:44.012+0100] {processor.py:914} INFO - Processing file /home/gianotti/Documents/CryptoETL/.venv/lib/python3.12/site-packages/airflow/example_dags/example_datasets.py for tasks to queue
[2026-02-13T12:58:44.016+0100] {logging_mixin.py:190} INFO - [2026-02-13T12:58:44.015+0100] {dagbag.py:588} INFO - Filling up the DagBag from /home/gianotti/Documents/CryptoETL/.venv/lib/python3.12/site-packages/airflow/example_dags/example_datasets.py
[2026-02-13T12:58:44.046+0100] {processor.py:925} INFO - DAG(s) 'dataset_consumes_1', 'dataset_consumes_1_never_scheduled', 'dataset_consumes_1_and_2', 'conditional_dataset_and_time_based_timetable', 'consume_1_and_2_with_dataset_expressions', 'dataset_produces_2', 'dataset_produces_1', 'consume_1_or_both_2_and_3_with_dataset_expressions', 'dataset_consumes_unknown_never_scheduled', 'consume_1_or_2_with_dataset_expressions' retrieved from /home/gianotti/Documents/CryptoETL/.venv/lib/python3.12/site-packages/airflow/example_dags/example_datasets.py
[2026-02-13T12:58:44.097+0100] {logging_mixin.py:190} INFO - [2026-02-13T12:58:44.097+0100] {dag.py:3239} INFO - Sync 10 DAGs
[2026-02-13T12:58:44.116+0100] {logging_mixin.py:190} INFO - [2026-02-13T12:58:44.116+0100] {dag.py:4180} INFO - Setting next_dagrun for conditional_dataset_and_time_based_timetable to 2026-02-11 01:00:00+00:00, run_after=2026-02-11 01:00:00+00:00
[2026-02-13T12:58:44.119+0100] {logging_mixin.py:190} INFO - [2026-02-13T12:58:44.119+0100] {dag.py:4180} INFO - Setting next_dagrun for consume_1_and_2_with_dataset_expressions to None, run_after=None
[2026-02-13T12:58:44.120+0100] {logging_mixin.py:190} INFO - [2026-02-13T12:58:44.120+0100] {dag.py:4180} INFO - Setting next_dagrun for consume_1_or_2_with_dataset_expressions to None, run_after=None
[2026-02-13T12:58:44.120+0100] {logging_mixin.py:190} INFO - [2026-02-13T12:58:44.120+0100] {dag.py:4180} INFO - Setting next_dagrun for consume_1_or_both_2_and_3_with_dataset_expressions to None, run_after=None
[2026-02-13T12:58:44.121+0100] {logging_mixin.py:190} INFO - [2026-02-13T12:58:44.121+0100] {dag.py:4180} INFO - Setting next_dagrun for dataset_consumes_1 to None, run_after=None
[2026-02-13T12:58:44.122+0100] {logging_mixin.py:190} INFO - [2026-02-13T12:58:44.121+0100] {dag.py:4180} INFO - Setting next_dagrun for dataset_consumes_1_and_2 to None, run_after=None
[2026-02-13T12:58:44.122+0100] {logging_mixin.py:190} INFO - [2026-02-13T12:58:44.122+0100] {dag.py:4180} INFO - Setting next_dagrun for dataset_consumes_1_never_scheduled to None, run_after=None
[2026-02-13T12:58:44.123+0100] {logging_mixin.py:190} INFO - [2026-02-13T12:58:44.123+0100] {dag.py:4180} INFO - Setting next_dagrun for dataset_consumes_unknown_never_scheduled to None, run_after=None
[2026-02-13T12:58:44.124+0100] {logging_mixin.py:190} INFO - [2026-02-13T12:58:44.124+0100] {dag.py:4180} INFO - Setting next_dagrun for dataset_produces_1 to 2026-02-12 00:00:00+00:00, run_after=2026-02-13 00:00:00+00:00
[2026-02-13T12:58:44.125+0100] {logging_mixin.py:190} INFO - [2026-02-13T12:58:44.125+0100] {dag.py:4180} INFO - Setting next_dagrun for dataset_produces_2 to None, run_after=None
[2026-02-13T12:58:44.151+0100] {processor.py:208} INFO - Processing /home/gianotti/Documents/CryptoETL/.venv/lib/python3.12/site-packages/airflow/example_dags/example_datasets.py took 0.148 seconds
[2026-02-13T12:59:40.334+0100] {processor.py:186} INFO - Started process (PID=35468) to work on /home/gianotti/Documents/CryptoETL/.venv/lib/python3.12/site-packages/airflow/example_dags/example_datasets.py
[2026-02-13T12:59:40.337+0100] {processor.py:914} INFO - Processing file /home/gianotti/Documents/CryptoETL/.venv/lib/python3.12/site-packages/airflow/example_dags/example_datasets.py for tasks to queue
[2026-02-13T12:59:40.340+0100] {logging_mixin.py:190} INFO - [2026-02-13T12:59:40.339+0100] {dagbag.py:588} INFO - Filling up the DagBag from /home/gianotti/Documents/CryptoETL/.venv/lib/python3.12/site-packages/airflow/example_dags/example_datasets.py
[2026-02-13T12:59:40.370+0100] {processor.py:925} INFO - DAG(s) 'conditional_dataset_and_time_based_timetable', 'consume_1_or_2_with_dataset_expressions', 'dataset_consumes_1_never_scheduled', 'dataset_consumes_1_and_2', 'consume_1_and_2_with_dataset_expressions', 'dataset_produces_1', 'dataset_consumes_unknown_never_scheduled', 'dataset_consumes_1', 'dataset_produces_2', 'consume_1_or_both_2_and_3_with_dataset_expressions' retrieved from /home/gianotti/Documents/CryptoETL/.venv/lib/python3.12/site-packages/airflow/example_dags/example_datasets.py
[2026-02-13T12:59:40.405+0100] {logging_mixin.py:190} INFO - [2026-02-13T12:59:40.405+0100] {dag.py:3239} INFO - Sync 10 DAGs
[2026-02-13T12:59:40.424+0100] {logging_mixin.py:190} INFO - [2026-02-13T12:59:40.424+0100] {dag.py:4180} INFO - Setting next_dagrun for conditional_dataset_and_time_based_timetable to 2026-02-11 01:00:00+00:00, run_after=2026-02-11 01:00:00+00:00
[2026-02-13T12:59:40.427+0100] {logging_mixin.py:190} INFO - [2026-02-13T12:59:40.427+0100] {dag.py:4180} INFO - Setting next_dagrun for consume_1_and_2_with_dataset_expressions to None, run_after=None
[2026-02-13T12:59:40.428+0100] {logging_mixin.py:190} INFO - [2026-02-13T12:59:40.428+0100] {dag.py:4180} INFO - Setting next_dagrun for consume_1_or_2_with_dataset_expressions to None, run_after=None
[2026-02-13T12:59:40.429+0100] {logging_mixin.py:190} INFO - [2026-02-13T12:59:40.429+0100] {dag.py:4180} INFO - Setting next_dagrun for consume_1_or_both_2_and_3_with_dataset_expressions to None, run_after=None
[2026-02-13T12:59:40.430+0100] {logging_mixin.py:190} INFO - [2026-02-13T12:59:40.429+0100] {dag.py:4180} INFO - Setting next_dagrun for dataset_consumes_1 to None, run_after=None
[2026-02-13T12:59:40.430+0100] {logging_mixin.py:190} INFO - [2026-02-13T12:59:40.430+0100] {dag.py:4180} INFO - Setting next_dagrun for dataset_consumes_1_and_2 to None, run_after=None
[2026-02-13T12:59:40.431+0100] {logging_mixin.py:190} INFO - [2026-02-13T12:59:40.431+0100] {dag.py:4180} INFO - Setting next_dagrun for dataset_consumes_1_never_scheduled to None, run_after=None
[2026-02-13T12:59:40.432+0100] {logging_mixin.py:190} INFO - [2026-02-13T12:59:40.431+0100] {dag.py:4180} INFO - Setting next_dagrun for dataset_consumes_unknown_never_scheduled to None, run_after=None
[2026-02-13T12:59:40.433+0100] {logging_mixin.py:190} INFO - [2026-02-13T12:59:40.433+0100] {dag.py:4180} INFO - Setting next_dagrun for dataset_produces_1 to 2026-02-12 00:00:00+00:00, run_after=2026-02-13 00:00:00+00:00
[2026-02-13T12:59:40.434+0100] {logging_mixin.py:190} INFO - [2026-02-13T12:59:40.434+0100] {dag.py:4180} INFO - Setting next_dagrun for dataset_produces_2 to None, run_after=None
[2026-02-13T12:59:40.461+0100] {processor.py:208} INFO - Processing /home/gianotti/Documents/CryptoETL/.venv/lib/python3.12/site-packages/airflow/example_dags/example_datasets.py took 0.136 seconds
[2026-02-13T13:00:38.133+0100] {processor.py:186} INFO - Started process (PID=35574) to work on /home/gianotti/Documents/CryptoETL/.venv/lib/python3.12/site-packages/airflow/example_dags/example_datasets.py
[2026-02-13T13:00:38.136+0100] {processor.py:914} INFO - Processing file /home/gianotti/Documents/CryptoETL/.venv/lib/python3.12/site-packages/airflow/example_dags/example_datasets.py for tasks to queue
[2026-02-13T13:00:38.138+0100] {logging_mixin.py:190} INFO - [2026-02-13T13:00:38.137+0100] {dagbag.py:588} INFO - Filling up the DagBag from /home/gianotti/Documents/CryptoETL/.venv/lib/python3.12/site-packages/airflow/example_dags/example_datasets.py
[2026-02-13T13:00:38.167+0100] {processor.py:925} INFO - DAG(s) 'dataset_consumes_1', 'dataset_consumes_1_never_scheduled', 'consume_1_or_2_with_dataset_expressions', 'dataset_produces_1', 'consume_1_or_both_2_and_3_with_dataset_expressions', 'conditional_dataset_and_time_based_timetable', 'dataset_produces_2', 'consume_1_and_2_with_dataset_expressions', 'dataset_consumes_1_and_2', 'dataset_consumes_unknown_never_scheduled' retrieved from /home/gianotti/Documents/CryptoETL/.venv/lib/python3.12/site-packages/airflow/example_dags/example_datasets.py
[2026-02-13T13:00:38.204+0100] {logging_mixin.py:190} INFO - [2026-02-13T13:00:38.204+0100] {dag.py:3239} INFO - Sync 10 DAGs
[2026-02-13T13:00:38.222+0100] {logging_mixin.py:190} INFO - [2026-02-13T13:00:38.222+0100] {dag.py:4180} INFO - Setting next_dagrun for conditional_dataset_and_time_based_timetable to 2026-02-11 01:00:00+00:00, run_after=2026-02-11 01:00:00+00:00
[2026-02-13T13:00:38.224+0100] {logging_mixin.py:190} INFO - [2026-02-13T13:00:38.224+0100] {dag.py:4180} INFO - Setting next_dagrun for consume_1_and_2_with_dataset_expressions to None, run_after=None
[2026-02-13T13:00:38.225+0100] {logging_mixin.py:190} INFO - [2026-02-13T13:00:38.225+0100] {dag.py:4180} INFO - Setting next_dagrun for consume_1_or_2_with_dataset_expressions to None, run_after=None
[2026-02-13T13:00:38.226+0100] {logging_mixin.py:190} INFO - [2026-02-13T13:00:38.225+0100] {dag.py:4180} INFO - Setting next_dagrun for consume_1_or_both_2_and_3_with_dataset_expressions to None, run_after=None
[2026-02-13T13:00:38.226+0100] {logging_mixin.py:190} INFO - [2026-02-13T13:00:38.226+0100] {dag.py:4180} INFO - Setting next_dagrun for dataset_consumes_1 to None, run_after=None
[2026-02-13T13:00:38.227+0100] {logging_mixin.py:190} INFO - [2026-02-13T13:00:38.227+0100] {dag.py:4180} INFO - Setting next_dagrun for dataset_consumes_1_and_2 to None, run_after=None
[2026-02-13T13:00:38.227+0100] {logging_mixin.py:190} INFO - [2026-02-13T13:00:38.227+0100] {dag.py:4180} INFO - Setting next_dagrun for dataset_consumes_1_never_scheduled to None, run_after=None
[2026-02-13T13:00:38.228+0100] {logging_mixin.py:190} INFO - [2026-02-13T13:00:38.228+0100] {dag.py:4180} INFO - Setting next_dagrun for dataset_consumes_unknown_never_scheduled to None, run_after=None
[2026-02-13T13:00:38.229+0100] {logging_mixin.py:190} INFO - [2026-02-13T13:00:38.229+0100] {dag.py:4180} INFO - Setting next_dagrun for dataset_produces_1 to 2026-02-12 00:00:00+00:00, run_after=2026-02-13 00:00:00+00:00
[2026-02-13T13:00:38.230+0100] {logging_mixin.py:190} INFO - [2026-02-13T13:00:38.230+0100] {dag.py:4180} INFO - Setting next_dagrun for dataset_produces_2 to None, run_after=None
[2026-02-13T13:00:38.254+0100] {processor.py:208} INFO - Processing /home/gianotti/Documents/CryptoETL/.venv/lib/python3.12/site-packages/airflow/example_dags/example_datasets.py took 0.130 seconds
[2026-02-13T13:01:39.010+0100] {processor.py:186} INFO - Started process (PID=35697) to work on /home/gianotti/Documents/CryptoETL/.venv/lib/python3.12/site-packages/airflow/example_dags/example_datasets.py
[2026-02-13T13:01:39.011+0100] {processor.py:914} INFO - Processing file /home/gianotti/Documents/CryptoETL/.venv/lib/python3.12/site-packages/airflow/example_dags/example_datasets.py for tasks to queue
[2026-02-13T13:01:39.012+0100] {logging_mixin.py:190} INFO - [2026-02-13T13:01:39.011+0100] {dagbag.py:588} INFO - Filling up the DagBag from /home/gianotti/Documents/CryptoETL/.venv/lib/python3.12/site-packages/airflow/example_dags/example_datasets.py
[2026-02-13T13:01:39.029+0100] {processor.py:925} INFO - DAG(s) 'dataset_produces_2', 'dataset_consumes_unknown_never_scheduled', 'consume_1_or_both_2_and_3_with_dataset_expressions', 'dataset_consumes_1', 'consume_1_or_2_with_dataset_expressions', 'consume_1_and_2_with_dataset_expressions', 'dataset_consumes_1_and_2', 'dataset_consumes_1_never_scheduled', 'conditional_dataset_and_time_based_timetable', 'dataset_produces_1' retrieved from /home/gianotti/Documents/CryptoETL/.venv/lib/python3.12/site-packages/airflow/example_dags/example_datasets.py
[2026-02-13T13:01:39.058+0100] {logging_mixin.py:190} INFO - [2026-02-13T13:01:39.057+0100] {dag.py:3239} INFO - Sync 10 DAGs
[2026-02-13T13:01:39.078+0100] {logging_mixin.py:190} INFO - [2026-02-13T13:01:39.078+0100] {dag.py:4180} INFO - Setting next_dagrun for conditional_dataset_and_time_based_timetable to 2026-02-11 01:00:00+00:00, run_after=2026-02-11 01:00:00+00:00
[2026-02-13T13:01:39.081+0100] {logging_mixin.py:190} INFO - [2026-02-13T13:01:39.081+0100] {dag.py:4180} INFO - Setting next_dagrun for consume_1_and_2_with_dataset_expressions to None, run_after=None
[2026-02-13T13:01:39.082+0100] {logging_mixin.py:190} INFO - [2026-02-13T13:01:39.081+0100] {dag.py:4180} INFO - Setting next_dagrun for consume_1_or_2_with_dataset_expressions to None, run_after=None
[2026-02-13T13:01:39.082+0100] {logging_mixin.py:190} INFO - [2026-02-13T13:01:39.082+0100] {dag.py:4180} INFO - Setting next_dagrun for consume_1_or_both_2_and_3_with_dataset_expressions to None, run_after=None
[2026-02-13T13:01:39.083+0100] {logging_mixin.py:190} INFO - [2026-02-13T13:01:39.083+0100] {dag.py:4180} INFO - Setting next_dagrun for dataset_consumes_1 to None, run_after=None
[2026-02-13T13:01:39.084+0100] {logging_mixin.py:190} INFO - [2026-02-13T13:01:39.083+0100] {dag.py:4180} INFO - Setting next_dagrun for dataset_consumes_1_and_2 to None, run_after=None
[2026-02-13T13:01:39.084+0100] {logging_mixin.py:190} INFO - [2026-02-13T13:01:39.084+0100] {dag.py:4180} INFO - Setting next_dagrun for dataset_consumes_1_never_scheduled to None, run_after=None
[2026-02-13T13:01:39.085+0100] {logging_mixin.py:190} INFO - [2026-02-13T13:01:39.085+0100] {dag.py:4180} INFO - Setting next_dagrun for dataset_consumes_unknown_never_scheduled to None, run_after=None
[2026-02-13T13:01:39.087+0100] {logging_mixin.py:190} INFO - [2026-02-13T13:01:39.087+0100] {dag.py:4180} INFO - Setting next_dagrun for dataset_produces_1 to 2026-02-12 00:00:00+00:00, run_after=2026-02-13 00:00:00+00:00
[2026-02-13T13:01:39.088+0100] {logging_mixin.py:190} INFO - [2026-02-13T13:01:39.088+0100] {dag.py:4180} INFO - Setting next_dagrun for dataset_produces_2 to None, run_after=None
[2026-02-13T13:01:39.113+0100] {processor.py:208} INFO - Processing /home/gianotti/Documents/CryptoETL/.venv/lib/python3.12/site-packages/airflow/example_dags/example_datasets.py took 0.110 seconds
[2026-02-13T13:02:37.427+0100] {processor.py:186} INFO - Started process (PID=35825) to work on /home/gianotti/Documents/CryptoETL/.venv/lib/python3.12/site-packages/airflow/example_dags/example_datasets.py
[2026-02-13T13:02:37.430+0100] {processor.py:914} INFO - Processing file /home/gianotti/Documents/CryptoETL/.venv/lib/python3.12/site-packages/airflow/example_dags/example_datasets.py for tasks to queue
[2026-02-13T13:02:37.432+0100] {logging_mixin.py:190} INFO - [2026-02-13T13:02:37.431+0100] {dagbag.py:588} INFO - Filling up the DagBag from /home/gianotti/Documents/CryptoETL/.venv/lib/python3.12/site-packages/airflow/example_dags/example_datasets.py
[2026-02-13T13:02:37.458+0100] {processor.py:925} INFO - DAG(s) 'consume_1_and_2_with_dataset_expressions', 'dataset_consumes_unknown_never_scheduled', 'dataset_consumes_1', 'consume_1_or_2_with_dataset_expressions', 'conditional_dataset_and_time_based_timetable', 'dataset_consumes_1_never_scheduled', 'dataset_consumes_1_and_2', 'consume_1_or_both_2_and_3_with_dataset_expressions', 'dataset_produces_1', 'dataset_produces_2' retrieved from /home/gianotti/Documents/CryptoETL/.venv/lib/python3.12/site-packages/airflow/example_dags/example_datasets.py
[2026-02-13T13:02:37.501+0100] {logging_mixin.py:190} INFO - [2026-02-13T13:02:37.501+0100] {dag.py:3239} INFO - Sync 10 DAGs
[2026-02-13T13:02:37.537+0100] {logging_mixin.py:190} INFO - [2026-02-13T13:02:37.537+0100] {dag.py:4180} INFO - Setting next_dagrun for conditional_dataset_and_time_based_timetable to 2026-02-11 01:00:00+00:00, run_after=2026-02-11 01:00:00+00:00
[2026-02-13T13:02:37.541+0100] {logging_mixin.py:190} INFO - [2026-02-13T13:02:37.541+0100] {dag.py:4180} INFO - Setting next_dagrun for consume_1_and_2_with_dataset_expressions to None, run_after=None
[2026-02-13T13:02:37.542+0100] {logging_mixin.py:190} INFO - [2026-02-13T13:02:37.542+0100] {dag.py:4180} INFO - Setting next_dagrun for consume_1_or_2_with_dataset_expressions to None, run_after=None
[2026-02-13T13:02:37.543+0100] {logging_mixin.py:190} INFO - [2026-02-13T13:02:37.543+0100] {dag.py:4180} INFO - Setting next_dagrun for consume_1_or_both_2_and_3_with_dataset_expressions to None, run_after=None
[2026-02-13T13:02:37.544+0100] {logging_mixin.py:190} INFO - [2026-02-13T13:02:37.544+0100] {dag.py:4180} INFO - Setting next_dagrun for dataset_consumes_1 to None, run_after=None
[2026-02-13T13:02:37.545+0100] {logging_mixin.py:190} INFO - [2026-02-13T13:02:37.545+0100] {dag.py:4180} INFO - Setting next_dagrun for dataset_consumes_1_and_2 to None, run_after=None
[2026-02-13T13:02:37.546+0100] {logging_mixin.py:190} INFO - [2026-02-13T13:02:37.546+0100] {dag.py:4180} INFO - Setting next_dagrun for dataset_consumes_1_never_scheduled to None, run_after=None
[2026-02-13T13:02:37.547+0100] {logging_mixin.py:190} INFO - [2026-02-13T13:02:37.547+0100] {dag.py:4180} INFO - Setting next_dagrun for dataset_consumes_unknown_never_scheduled to None, run_after=None
[2026-02-13T13:02:37.549+0100] {logging_mixin.py:190} INFO - [2026-02-13T13:02:37.548+0100] {dag.py:4180} INFO - Setting next_dagrun for dataset_produces_1 to 2026-02-12 00:00:00+00:00, run_after=2026-02-13 00:00:00+00:00
[2026-02-13T13:02:37.549+0100] {logging_mixin.py:190} INFO - [2026-02-13T13:02:37.549+0100] {dag.py:4180} INFO - Setting next_dagrun for dataset_produces_2 to None, run_after=None
[2026-02-13T13:02:37.576+0100] {processor.py:208} INFO - Processing /home/gianotti/Documents/CryptoETL/.venv/lib/python3.12/site-packages/airflow/example_dags/example_datasets.py took 0.158 seconds
[2026-02-13T13:03:33.216+0100] {processor.py:186} INFO - Started process (PID=35945) to work on /home/gianotti/Documents/CryptoETL/.venv/lib/python3.12/site-packages/airflow/example_dags/example_datasets.py
[2026-02-13T13:03:33.220+0100] {processor.py:914} INFO - Processing file /home/gianotti/Documents/CryptoETL/.venv/lib/python3.12/site-packages/airflow/example_dags/example_datasets.py for tasks to queue
[2026-02-13T13:03:33.222+0100] {logging_mixin.py:190} INFO - [2026-02-13T13:03:33.221+0100] {dagbag.py:588} INFO - Filling up the DagBag from /home/gianotti/Documents/CryptoETL/.venv/lib/python3.12/site-packages/airflow/example_dags/example_datasets.py
[2026-02-13T13:03:33.249+0100] {processor.py:925} INFO - DAG(s) 'dataset_consumes_1_and_2', 'dataset_consumes_unknown_never_scheduled', 'consume_1_or_2_with_dataset_expressions', 'consume_1_and_2_with_dataset_expressions', 'dataset_consumes_1', 'dataset_produces_2', 'dataset_consumes_1_never_scheduled', 'consume_1_or_both_2_and_3_with_dataset_expressions', 'conditional_dataset_and_time_based_timetable', 'dataset_produces_1' retrieved from /home/gianotti/Documents/CryptoETL/.venv/lib/python3.12/site-packages/airflow/example_dags/example_datasets.py
[2026-02-13T13:03:33.283+0100] {logging_mixin.py:190} INFO - [2026-02-13T13:03:33.283+0100] {dag.py:3239} INFO - Sync 10 DAGs
[2026-02-13T13:03:33.303+0100] {logging_mixin.py:190} INFO - [2026-02-13T13:03:33.302+0100] {dag.py:4180} INFO - Setting next_dagrun for conditional_dataset_and_time_based_timetable to 2026-02-11 01:00:00+00:00, run_after=2026-02-11 01:00:00+00:00
[2026-02-13T13:03:33.305+0100] {logging_mixin.py:190} INFO - [2026-02-13T13:03:33.305+0100] {dag.py:4180} INFO - Setting next_dagrun for consume_1_and_2_with_dataset_expressions to None, run_after=None
[2026-02-13T13:03:33.306+0100] {logging_mixin.py:190} INFO - [2026-02-13T13:03:33.306+0100] {dag.py:4180} INFO - Setting next_dagrun for consume_1_or_2_with_dataset_expressions to None, run_after=None
[2026-02-13T13:03:33.307+0100] {logging_mixin.py:190} INFO - [2026-02-13T13:03:33.307+0100] {dag.py:4180} INFO - Setting next_dagrun for consume_1_or_both_2_and_3_with_dataset_expressions to None, run_after=None
[2026-02-13T13:03:33.308+0100] {logging_mixin.py:190} INFO - [2026-02-13T13:03:33.307+0100] {dag.py:4180} INFO - Setting next_dagrun for dataset_consumes_1 to None, run_after=None
[2026-02-13T13:03:33.308+0100] {logging_mixin.py:190} INFO - [2026-02-13T13:03:33.308+0100] {dag.py:4180} INFO - Setting next_dagrun for dataset_consumes_1_and_2 to None, run_after=None
[2026-02-13T13:03:33.309+0100] {logging_mixin.py:190} INFO - [2026-02-13T13:03:33.309+0100] {dag.py:4180} INFO - Setting next_dagrun for dataset_consumes_1_never_scheduled to None, run_after=None
[2026-02-13T13:03:33.309+0100] {logging_mixin.py:190} INFO - [2026-02-13T13:03:33.309+0100] {dag.py:4180} INFO - Setting next_dagrun for dataset_consumes_unknown_never_scheduled to None, run_after=None
[2026-02-13T13:03:33.311+0100] {logging_mixin.py:190} INFO - [2026-02-13T13:03:33.311+0100] {dag.py:4180} INFO - Setting next_dagrun for dataset_produces_1 to 2026-02-12 00:00:00+00:00, run_after=2026-02-13 00:00:00+00:00
[2026-02-13T13:03:33.312+0100] {logging_mixin.py:190} INFO - [2026-02-13T13:03:33.311+0100] {dag.py:4180} INFO - Setting next_dagrun for dataset_produces_2 to None, run_after=None
[2026-02-13T13:03:33.340+0100] {processor.py:208} INFO - Processing /home/gianotti/Documents/CryptoETL/.venv/lib/python3.12/site-packages/airflow/example_dags/example_datasets.py took 0.135 seconds
[2026-02-13T13:04:33.763+0100] {processor.py:186} INFO - Started process (PID=36078) to work on /home/gianotti/Documents/CryptoETL/.venv/lib/python3.12/site-packages/airflow/example_dags/example_datasets.py
[2026-02-13T13:04:33.766+0100] {processor.py:914} INFO - Processing file /home/gianotti/Documents/CryptoETL/.venv/lib/python3.12/site-packages/airflow/example_dags/example_datasets.py for tasks to queue
[2026-02-13T13:04:33.768+0100] {logging_mixin.py:190} INFO - [2026-02-13T13:04:33.767+0100] {dagbag.py:588} INFO - Filling up the DagBag from /home/gianotti/Documents/CryptoETL/.venv/lib/python3.12/site-packages/airflow/example_dags/example_datasets.py
[2026-02-13T13:04:33.795+0100] {processor.py:925} INFO - DAG(s) 'conditional_dataset_and_time_based_timetable', 'consume_1_or_2_with_dataset_expressions', 'consume_1_or_both_2_and_3_with_dataset_expressions', 'dataset_consumes_1_never_scheduled', 'dataset_produces_1', 'dataset_produces_2', 'dataset_consumes_1_and_2', 'dataset_consumes_unknown_never_scheduled', 'consume_1_and_2_with_dataset_expressions', 'dataset_consumes_1' retrieved from /home/gianotti/Documents/CryptoETL/.venv/lib/python3.12/site-packages/airflow/example_dags/example_datasets.py
[2026-02-13T13:04:33.852+0100] {logging_mixin.py:190} INFO - [2026-02-13T13:04:33.851+0100] {dag.py:3239} INFO - Sync 10 DAGs
[2026-02-13T13:04:33.889+0100] {logging_mixin.py:190} INFO - [2026-02-13T13:04:33.888+0100] {dag.py:4180} INFO - Setting next_dagrun for conditional_dataset_and_time_based_timetable to 2026-02-11 01:00:00+00:00, run_after=2026-02-11 01:00:00+00:00
[2026-02-13T13:04:33.894+0100] {logging_mixin.py:190} INFO - [2026-02-13T13:04:33.894+0100] {dag.py:4180} INFO - Setting next_dagrun for consume_1_and_2_with_dataset_expressions to None, run_after=None
[2026-02-13T13:04:33.896+0100] {logging_mixin.py:190} INFO - [2026-02-13T13:04:33.895+0100] {dag.py:4180} INFO - Setting next_dagrun for consume_1_or_2_with_dataset_expressions to None, run_after=None
[2026-02-13T13:04:33.897+0100] {logging_mixin.py:190} INFO - [2026-02-13T13:04:33.897+0100] {dag.py:4180} INFO - Setting next_dagrun for consume_1_or_both_2_and_3_with_dataset_expressions to None, run_after=None
[2026-02-13T13:04:33.898+0100] {logging_mixin.py:190} INFO - [2026-02-13T13:04:33.898+0100] {dag.py:4180} INFO - Setting next_dagrun for dataset_consumes_1 to None, run_after=None
[2026-02-13T13:04:33.900+0100] {logging_mixin.py:190} INFO - [2026-02-13T13:04:33.900+0100] {dag.py:4180} INFO - Setting next_dagrun for dataset_consumes_1_and_2 to None, run_after=None
[2026-02-13T13:04:33.901+0100] {logging_mixin.py:190} INFO - [2026-02-13T13:04:33.901+0100] {dag.py:4180} INFO - Setting next_dagrun for dataset_consumes_1_never_scheduled to None, run_after=None
[2026-02-13T13:04:33.903+0100] {logging_mixin.py:190} INFO - [2026-02-13T13:04:33.902+0100] {dag.py:4180} INFO - Setting next_dagrun for dataset_consumes_unknown_never_scheduled to None, run_after=None
[2026-02-13T13:04:33.906+0100] {logging_mixin.py:190} INFO - [2026-02-13T13:04:33.905+0100] {dag.py:4180} INFO - Setting next_dagrun for dataset_produces_1 to 2026-02-12 00:00:00+00:00, run_after=2026-02-13 00:00:00+00:00
[2026-02-13T13:04:33.907+0100] {logging_mixin.py:190} INFO - [2026-02-13T13:04:33.907+0100] {dag.py:4180} INFO - Setting next_dagrun for dataset_produces_2 to None, run_after=None
[2026-02-13T13:04:33.950+0100] {processor.py:208} INFO - Processing /home/gianotti/Documents/CryptoETL/.venv/lib/python3.12/site-packages/airflow/example_dags/example_datasets.py took 0.196 seconds
[2026-02-13T13:05:38.540+0100] {processor.py:186} INFO - Started process (PID=36184) to work on /home/gianotti/Documents/CryptoETL/.venv/lib/python3.12/site-packages/airflow/example_dags/example_datasets.py
[2026-02-13T13:05:38.542+0100] {processor.py:914} INFO - Processing file /home/gianotti/Documents/CryptoETL/.venv/lib/python3.12/site-packages/airflow/example_dags/example_datasets.py for tasks to queue
[2026-02-13T13:05:38.544+0100] {logging_mixin.py:190} INFO - [2026-02-13T13:05:38.544+0100] {dagbag.py:588} INFO - Filling up the DagBag from /home/gianotti/Documents/CryptoETL/.venv/lib/python3.12/site-packages/airflow/example_dags/example_datasets.py
[2026-02-13T13:05:38.574+0100] {processor.py:925} INFO - DAG(s) 'dataset_produces_1', 'dataset_consumes_unknown_never_scheduled', 'dataset_consumes_1_and_2', 'consume_1_and_2_with_dataset_expressions', 'dataset_produces_2', 'consume_1_or_2_with_dataset_expressions', 'consume_1_or_both_2_and_3_with_dataset_expressions', 'conditional_dataset_and_time_based_timetable', 'dataset_consumes_1_never_scheduled', 'dataset_consumes_1' retrieved from /home/gianotti/Documents/CryptoETL/.venv/lib/python3.12/site-packages/airflow/example_dags/example_datasets.py
[2026-02-13T13:05:38.627+0100] {logging_mixin.py:190} INFO - [2026-02-13T13:05:38.626+0100] {dag.py:3239} INFO - Sync 10 DAGs
[2026-02-13T13:05:38.663+0100] {logging_mixin.py:190} INFO - [2026-02-13T13:05:38.663+0100] {dag.py:4180} INFO - Setting next_dagrun for conditional_dataset_and_time_based_timetable to 2026-02-11 01:00:00+00:00, run_after=2026-02-11 01:00:00+00:00
[2026-02-13T13:05:38.668+0100] {logging_mixin.py:190} INFO - [2026-02-13T13:05:38.668+0100] {dag.py:4180} INFO - Setting next_dagrun for consume_1_and_2_with_dataset_expressions to None, run_after=None
[2026-02-13T13:05:38.669+0100] {logging_mixin.py:190} INFO - [2026-02-13T13:05:38.669+0100] {dag.py:4180} INFO - Setting next_dagrun for consume_1_or_2_with_dataset_expressions to None, run_after=None
[2026-02-13T13:05:38.670+0100] {logging_mixin.py:190} INFO - [2026-02-13T13:05:38.670+0100] {dag.py:4180} INFO - Setting next_dagrun for consume_1_or_both_2_and_3_with_dataset_expressions to None, run_after=None
[2026-02-13T13:05:38.672+0100] {logging_mixin.py:190} INFO - [2026-02-13T13:05:38.672+0100] {dag.py:4180} INFO - Setting next_dagrun for dataset_consumes_1 to None, run_after=None
[2026-02-13T13:05:38.673+0100] {logging_mixin.py:190} INFO - [2026-02-13T13:05:38.673+0100] {dag.py:4180} INFO - Setting next_dagrun for dataset_consumes_1_and_2 to None, run_after=None
[2026-02-13T13:05:38.675+0100] {logging_mixin.py:190} INFO - [2026-02-13T13:05:38.674+0100] {dag.py:4180} INFO - Setting next_dagrun for dataset_consumes_1_never_scheduled to None, run_after=None
[2026-02-13T13:05:38.676+0100] {logging_mixin.py:190} INFO - [2026-02-13T13:05:38.676+0100] {dag.py:4180} INFO - Setting next_dagrun for dataset_consumes_unknown_never_scheduled to None, run_after=None
[2026-02-13T13:05:38.679+0100] {logging_mixin.py:190} INFO - [2026-02-13T13:05:38.679+0100] {dag.py:4180} INFO - Setting next_dagrun for dataset_produces_1 to 2026-02-12 00:00:00+00:00, run_after=2026-02-13 00:00:00+00:00
[2026-02-13T13:05:38.680+0100] {logging_mixin.py:190} INFO - [2026-02-13T13:05:38.680+0100] {dag.py:4180} INFO - Setting next_dagrun for dataset_produces_2 to None, run_after=None
[2026-02-13T13:05:38.725+0100] {processor.py:208} INFO - Processing /home/gianotti/Documents/CryptoETL/.venv/lib/python3.12/site-packages/airflow/example_dags/example_datasets.py took 0.194 seconds
[2026-02-13T13:06:45.611+0100] {processor.py:186} INFO - Started process (PID=36290) to work on /home/gianotti/Documents/CryptoETL/.venv/lib/python3.12/site-packages/airflow/example_dags/example_datasets.py
[2026-02-13T13:06:45.614+0100] {processor.py:914} INFO - Processing file /home/gianotti/Documents/CryptoETL/.venv/lib/python3.12/site-packages/airflow/example_dags/example_datasets.py for tasks to queue
[2026-02-13T13:06:45.616+0100] {logging_mixin.py:190} INFO - [2026-02-13T13:06:45.615+0100] {dagbag.py:588} INFO - Filling up the DagBag from /home/gianotti/Documents/CryptoETL/.venv/lib/python3.12/site-packages/airflow/example_dags/example_datasets.py
[2026-02-13T13:06:45.642+0100] {processor.py:925} INFO - DAG(s) 'dataset_consumes_1', 'dataset_consumes_1_and_2', 'dataset_produces_1', 'conditional_dataset_and_time_based_timetable', 'consume_1_or_2_with_dataset_expressions', 'dataset_consumes_1_never_scheduled', 'dataset_produces_2', 'consume_1_and_2_with_dataset_expressions', 'dataset_consumes_unknown_never_scheduled', 'consume_1_or_both_2_and_3_with_dataset_expressions' retrieved from /home/gianotti/Documents/CryptoETL/.venv/lib/python3.12/site-packages/airflow/example_dags/example_datasets.py
[2026-02-13T13:06:45.696+0100] {logging_mixin.py:190} INFO - [2026-02-13T13:06:45.696+0100] {dag.py:3239} INFO - Sync 10 DAGs
[2026-02-13T13:06:45.734+0100] {logging_mixin.py:190} INFO - [2026-02-13T13:06:45.734+0100] {dag.py:4180} INFO - Setting next_dagrun for conditional_dataset_and_time_based_timetable to 2026-02-11 01:00:00+00:00, run_after=2026-02-11 01:00:00+00:00
[2026-02-13T13:06:45.739+0100] {logging_mixin.py:190} INFO - [2026-02-13T13:06:45.738+0100] {dag.py:4180} INFO - Setting next_dagrun for consume_1_and_2_with_dataset_expressions to None, run_after=None
[2026-02-13T13:06:45.740+0100] {logging_mixin.py:190} INFO - [2026-02-13T13:06:45.740+0100] {dag.py:4180} INFO - Setting next_dagrun for consume_1_or_2_with_dataset_expressions to None, run_after=None
[2026-02-13T13:06:45.741+0100] {logging_mixin.py:190} INFO - [2026-02-13T13:06:45.741+0100] {dag.py:4180} INFO - Setting next_dagrun for consume_1_or_both_2_and_3_with_dataset_expressions to None, run_after=None
[2026-02-13T13:06:45.743+0100] {logging_mixin.py:190} INFO - [2026-02-13T13:06:45.743+0100] {dag.py:4180} INFO - Setting next_dagrun for dataset_consumes_1 to None, run_after=None
[2026-02-13T13:06:45.744+0100] {logging_mixin.py:190} INFO - [2026-02-13T13:06:45.744+0100] {dag.py:4180} INFO - Setting next_dagrun for dataset_consumes_1_and_2 to None, run_after=None
[2026-02-13T13:06:45.746+0100] {logging_mixin.py:190} INFO - [2026-02-13T13:06:45.745+0100] {dag.py:4180} INFO - Setting next_dagrun for dataset_consumes_1_never_scheduled to None, run_after=None
[2026-02-13T13:06:45.747+0100] {logging_mixin.py:190} INFO - [2026-02-13T13:06:45.747+0100] {dag.py:4180} INFO - Setting next_dagrun for dataset_consumes_unknown_never_scheduled to None, run_after=None
[2026-02-13T13:06:45.750+0100] {logging_mixin.py:190} INFO - [2026-02-13T13:06:45.750+0100] {dag.py:4180} INFO - Setting next_dagrun for dataset_produces_1 to 2026-02-12 00:00:00+00:00, run_after=2026-02-13 00:00:00+00:00
[2026-02-13T13:06:45.751+0100] {logging_mixin.py:190} INFO - [2026-02-13T13:06:45.751+0100] {dag.py:4180} INFO - Setting next_dagrun for dataset_produces_2 to None, run_after=None
[2026-02-13T13:06:45.797+0100] {processor.py:208} INFO - Processing /home/gianotti/Documents/CryptoETL/.venv/lib/python3.12/site-packages/airflow/example_dags/example_datasets.py took 0.196 seconds
[2026-02-13T13:07:54.225+0100] {processor.py:186} INFO - Started process (PID=36387) to work on /home/gianotti/Documents/CryptoETL/.venv/lib/python3.12/site-packages/airflow/example_dags/example_datasets.py
[2026-02-13T13:07:54.226+0100] {processor.py:914} INFO - Processing file /home/gianotti/Documents/CryptoETL/.venv/lib/python3.12/site-packages/airflow/example_dags/example_datasets.py for tasks to queue
[2026-02-13T13:07:54.228+0100] {logging_mixin.py:190} INFO - [2026-02-13T13:07:54.228+0100] {dagbag.py:588} INFO - Filling up the DagBag from /home/gianotti/Documents/CryptoETL/.venv/lib/python3.12/site-packages/airflow/example_dags/example_datasets.py
[2026-02-13T13:07:54.254+0100] {processor.py:925} INFO - DAG(s) 'dataset_consumes_1', 'conditional_dataset_and_time_based_timetable', 'dataset_produces_2', 'dataset_consumes_1_never_scheduled', 'dataset_consumes_1_and_2', 'consume_1_or_2_with_dataset_expressions', 'consume_1_and_2_with_dataset_expressions', 'dataset_produces_1', 'dataset_consumes_unknown_never_scheduled', 'consume_1_or_both_2_and_3_with_dataset_expressions' retrieved from /home/gianotti/Documents/CryptoETL/.venv/lib/python3.12/site-packages/airflow/example_dags/example_datasets.py
[2026-02-13T13:07:54.310+0100] {logging_mixin.py:190} INFO - [2026-02-13T13:07:54.310+0100] {dag.py:3239} INFO - Sync 10 DAGs
[2026-02-13T13:07:54.359+0100] {logging_mixin.py:190} INFO - [2026-02-13T13:07:54.358+0100] {dag.py:4180} INFO - Setting next_dagrun for conditional_dataset_and_time_based_timetable to 2026-02-11 01:00:00+00:00, run_after=2026-02-11 01:00:00+00:00
[2026-02-13T13:07:54.367+0100] {logging_mixin.py:190} INFO - [2026-02-13T13:07:54.366+0100] {dag.py:4180} INFO - Setting next_dagrun for consume_1_and_2_with_dataset_expressions to None, run_after=None
[2026-02-13T13:07:54.369+0100] {logging_mixin.py:190} INFO - [2026-02-13T13:07:54.368+0100] {dag.py:4180} INFO - Setting next_dagrun for consume_1_or_2_with_dataset_expressions to None, run_after=None
[2026-02-13T13:07:54.370+0100] {logging_mixin.py:190} INFO - [2026-02-13T13:07:54.370+0100] {dag.py:4180} INFO - Setting next_dagrun for consume_1_or_both_2_and_3_with_dataset_expressions to None, run_after=None
[2026-02-13T13:07:54.374+0100] {logging_mixin.py:190} INFO - [2026-02-13T13:07:54.373+0100] {dag.py:4180} INFO - Setting next_dagrun for dataset_consumes_1 to None, run_after=None
[2026-02-13T13:07:54.375+0100] {logging_mixin.py:190} INFO - [2026-02-13T13:07:54.375+0100] {dag.py:4180} INFO - Setting next_dagrun for dataset_consumes_1_and_2 to None, run_after=None
[2026-02-13T13:07:54.377+0100] {logging_mixin.py:190} INFO - [2026-02-13T13:07:54.377+0100] {dag.py:4180} INFO - Setting next_dagrun for dataset_consumes_1_never_scheduled to None, run_after=None
[2026-02-13T13:07:54.379+0100] {logging_mixin.py:190} INFO - [2026-02-13T13:07:54.378+0100] {dag.py:4180} INFO - Setting next_dagrun for dataset_consumes_unknown_never_scheduled to None, run_after=None
[2026-02-13T13:07:54.382+0100] {logging_mixin.py:190} INFO - [2026-02-13T13:07:54.382+0100] {dag.py:4180} INFO - Setting next_dagrun for dataset_produces_1 to 2026-02-12 00:00:00+00:00, run_after=2026-02-13 00:00:00+00:00
[2026-02-13T13:07:54.384+0100] {logging_mixin.py:190} INFO - [2026-02-13T13:07:54.384+0100] {dag.py:4180} INFO - Setting next_dagrun for dataset_produces_2 to None, run_after=None
[2026-02-13T13:07:54.434+0100] {processor.py:208} INFO - Processing /home/gianotti/Documents/CryptoETL/.venv/lib/python3.12/site-packages/airflow/example_dags/example_datasets.py took 0.218 seconds
[2026-02-13T13:08:59.610+0100] {processor.py:186} INFO - Started process (PID=36502) to work on /home/gianotti/Documents/CryptoETL/.venv/lib/python3.12/site-packages/airflow/example_dags/example_datasets.py
[2026-02-13T13:08:59.613+0100] {processor.py:914} INFO - Processing file /home/gianotti/Documents/CryptoETL/.venv/lib/python3.12/site-packages/airflow/example_dags/example_datasets.py for tasks to queue
[2026-02-13T13:08:59.615+0100] {logging_mixin.py:190} INFO - [2026-02-13T13:08:59.615+0100] {dagbag.py:588} INFO - Filling up the DagBag from /home/gianotti/Documents/CryptoETL/.venv/lib/python3.12/site-packages/airflow/example_dags/example_datasets.py
[2026-02-13T13:08:59.644+0100] {processor.py:925} INFO - DAG(s) 'dataset_produces_1', 'conditional_dataset_and_time_based_timetable', 'consume_1_and_2_with_dataset_expressions', 'dataset_consumes_unknown_never_scheduled', 'dataset_consumes_1_never_scheduled', 'dataset_produces_2', 'consume_1_or_2_with_dataset_expressions', 'dataset_consumes_1_and_2', 'consume_1_or_both_2_and_3_with_dataset_expressions', 'dataset_consumes_1' retrieved from /home/gianotti/Documents/CryptoETL/.venv/lib/python3.12/site-packages/airflow/example_dags/example_datasets.py
[2026-02-13T13:08:59.697+0100] {logging_mixin.py:190} INFO - [2026-02-13T13:08:59.697+0100] {dag.py:3239} INFO - Sync 10 DAGs
[2026-02-13T13:08:59.738+0100] {logging_mixin.py:190} INFO - [2026-02-13T13:08:59.738+0100] {dag.py:4180} INFO - Setting next_dagrun for conditional_dataset_and_time_based_timetable to 2026-02-11 01:00:00+00:00, run_after=2026-02-11 01:00:00+00:00
[2026-02-13T13:08:59.744+0100] {logging_mixin.py:190} INFO - [2026-02-13T13:08:59.744+0100] {dag.py:4180} INFO - Setting next_dagrun for consume_1_and_2_with_dataset_expressions to None, run_after=None
[2026-02-13T13:08:59.746+0100] {logging_mixin.py:190} INFO - [2026-02-13T13:08:59.745+0100] {dag.py:4180} INFO - Setting next_dagrun for consume_1_or_2_with_dataset_expressions to None, run_after=None
[2026-02-13T13:08:59.747+0100] {logging_mixin.py:190} INFO - [2026-02-13T13:08:59.747+0100] {dag.py:4180} INFO - Setting next_dagrun for consume_1_or_both_2_and_3_with_dataset_expressions to None, run_after=None
[2026-02-13T13:08:59.749+0100] {logging_mixin.py:190} INFO - [2026-02-13T13:08:59.748+0100] {dag.py:4180} INFO - Setting next_dagrun for dataset_consumes_1 to None, run_after=None
[2026-02-13T13:08:59.750+0100] {logging_mixin.py:190} INFO - [2026-02-13T13:08:59.750+0100] {dag.py:4180} INFO - Setting next_dagrun for dataset_consumes_1_and_2 to None, run_after=None
[2026-02-13T13:08:59.751+0100] {logging_mixin.py:190} INFO - [2026-02-13T13:08:59.751+0100] {dag.py:4180} INFO - Setting next_dagrun for dataset_consumes_1_never_scheduled to None, run_after=None
[2026-02-13T13:08:59.753+0100] {logging_mixin.py:190} INFO - [2026-02-13T13:08:59.752+0100] {dag.py:4180} INFO - Setting next_dagrun for dataset_consumes_unknown_never_scheduled to None, run_after=None
[2026-02-13T13:08:59.756+0100] {logging_mixin.py:190} INFO - [2026-02-13T13:08:59.756+0100] {dag.py:4180} INFO - Setting next_dagrun for dataset_produces_1 to 2026-02-12 00:00:00+00:00, run_after=2026-02-13 00:00:00+00:00
[2026-02-13T13:08:59.757+0100] {logging_mixin.py:190} INFO - [2026-02-13T13:08:59.757+0100] {dag.py:4180} INFO - Setting next_dagrun for dataset_produces_2 to None, run_after=None
[2026-02-13T13:08:59.802+0100] {processor.py:208} INFO - Processing /home/gianotti/Documents/CryptoETL/.venv/lib/python3.12/site-packages/airflow/example_dags/example_datasets.py took 0.201 seconds
[2026-02-13T13:10:10.029+0100] {processor.py:186} INFO - Started process (PID=36633) to work on /home/gianotti/Documents/CryptoETL/.venv/lib/python3.12/site-packages/airflow/example_dags/example_datasets.py
[2026-02-13T13:10:10.031+0100] {processor.py:914} INFO - Processing file /home/gianotti/Documents/CryptoETL/.venv/lib/python3.12/site-packages/airflow/example_dags/example_datasets.py for tasks to queue
[2026-02-13T13:10:10.033+0100] {logging_mixin.py:190} INFO - [2026-02-13T13:10:10.033+0100] {dagbag.py:588} INFO - Filling up the DagBag from /home/gianotti/Documents/CryptoETL/.venv/lib/python3.12/site-packages/airflow/example_dags/example_datasets.py
[2026-02-13T13:10:10.062+0100] {processor.py:925} INFO - DAG(s) 'conditional_dataset_and_time_based_timetable', 'consume_1_or_both_2_and_3_with_dataset_expressions', 'dataset_consumes_unknown_never_scheduled', 'dataset_produces_2', 'dataset_consumes_1_and_2', 'consume_1_or_2_with_dataset_expressions', 'dataset_consumes_1', 'dataset_produces_1', 'consume_1_and_2_with_dataset_expressions', 'dataset_consumes_1_never_scheduled' retrieved from /home/gianotti/Documents/CryptoETL/.venv/lib/python3.12/site-packages/airflow/example_dags/example_datasets.py
[2026-02-13T13:10:10.123+0100] {logging_mixin.py:190} INFO - [2026-02-13T13:10:10.123+0100] {dag.py:3239} INFO - Sync 10 DAGs
[2026-02-13T13:10:10.162+0100] {logging_mixin.py:190} INFO - [2026-02-13T13:10:10.162+0100] {dag.py:4180} INFO - Setting next_dagrun for conditional_dataset_and_time_based_timetable to 2026-02-11 01:00:00+00:00, run_after=2026-02-11 01:00:00+00:00
[2026-02-13T13:10:10.168+0100] {logging_mixin.py:190} INFO - [2026-02-13T13:10:10.167+0100] {dag.py:4180} INFO - Setting next_dagrun for consume_1_and_2_with_dataset_expressions to None, run_after=None
[2026-02-13T13:10:10.169+0100] {logging_mixin.py:190} INFO - [2026-02-13T13:10:10.169+0100] {dag.py:4180} INFO - Setting next_dagrun for consume_1_or_2_with_dataset_expressions to None, run_after=None
[2026-02-13T13:10:10.171+0100] {logging_mixin.py:190} INFO - [2026-02-13T13:10:10.171+0100] {dag.py:4180} INFO - Setting next_dagrun for consume_1_or_both_2_and_3_with_dataset_expressions to None, run_after=None
[2026-02-13T13:10:10.173+0100] {logging_mixin.py:190} INFO - [2026-02-13T13:10:10.172+0100] {dag.py:4180} INFO - Setting next_dagrun for dataset_consumes_1 to None, run_after=None
[2026-02-13T13:10:10.174+0100] {logging_mixin.py:190} INFO - [2026-02-13T13:10:10.174+0100] {dag.py:4180} INFO - Setting next_dagrun for dataset_consumes_1_and_2 to None, run_after=None
[2026-02-13T13:10:10.175+0100] {logging_mixin.py:190} INFO - [2026-02-13T13:10:10.175+0100] {dag.py:4180} INFO - Setting next_dagrun for dataset_consumes_1_never_scheduled to None, run_after=None
[2026-02-13T13:10:10.177+0100] {logging_mixin.py:190} INFO - [2026-02-13T13:10:10.177+0100] {dag.py:4180} INFO - Setting next_dagrun for dataset_consumes_unknown_never_scheduled to None, run_after=None
[2026-02-13T13:10:10.180+0100] {logging_mixin.py:190} INFO - [2026-02-13T13:10:10.180+0100] {dag.py:4180} INFO - Setting next_dagrun for dataset_produces_1 to 2026-02-12 00:00:00+00:00, run_after=2026-02-13 00:00:00+00:00
[2026-02-13T13:10:10.181+0100] {logging_mixin.py:190} INFO - [2026-02-13T13:10:10.181+0100] {dag.py:4180} INFO - Setting next_dagrun for dataset_produces_2 to None, run_after=None
[2026-02-13T13:10:10.228+0100] {processor.py:208} INFO - Processing /home/gianotti/Documents/CryptoETL/.venv/lib/python3.12/site-packages/airflow/example_dags/example_datasets.py took 0.209 seconds
[2026-02-13T13:11:13.953+0100] {processor.py:186} INFO - Started process (PID=36747) to work on /home/gianotti/Documents/CryptoETL/.venv/lib/python3.12/site-packages/airflow/example_dags/example_datasets.py
[2026-02-13T13:11:13.955+0100] {processor.py:914} INFO - Processing file /home/gianotti/Documents/CryptoETL/.venv/lib/python3.12/site-packages/airflow/example_dags/example_datasets.py for tasks to queue
[2026-02-13T13:11:13.957+0100] {logging_mixin.py:190} INFO - [2026-02-13T13:11:13.957+0100] {dagbag.py:588} INFO - Filling up the DagBag from /home/gianotti/Documents/CryptoETL/.venv/lib/python3.12/site-packages/airflow/example_dags/example_datasets.py
[2026-02-13T13:11:13.984+0100] {processor.py:925} INFO - DAG(s) 'dataset_consumes_1_and_2', 'dataset_produces_2', 'dataset_consumes_unknown_never_scheduled', 'dataset_consumes_1_never_scheduled', 'dataset_consumes_1', 'dataset_produces_1', 'consume_1_and_2_with_dataset_expressions', 'consume_1_or_2_with_dataset_expressions', 'consume_1_or_both_2_and_3_with_dataset_expressions', 'conditional_dataset_and_time_based_timetable' retrieved from /home/gianotti/Documents/CryptoETL/.venv/lib/python3.12/site-packages/airflow/example_dags/example_datasets.py
[2026-02-13T13:11:14.038+0100] {logging_mixin.py:190} INFO - [2026-02-13T13:11:14.037+0100] {dag.py:3239} INFO - Sync 10 DAGs
[2026-02-13T13:11:14.075+0100] {logging_mixin.py:190} INFO - [2026-02-13T13:11:14.074+0100] {dag.py:4180} INFO - Setting next_dagrun for conditional_dataset_and_time_based_timetable to 2026-02-11 01:00:00+00:00, run_after=2026-02-11 01:00:00+00:00
[2026-02-13T13:11:14.080+0100] {logging_mixin.py:190} INFO - [2026-02-13T13:11:14.080+0100] {dag.py:4180} INFO - Setting next_dagrun for consume_1_and_2_with_dataset_expressions to None, run_after=None
[2026-02-13T13:11:14.082+0100] {logging_mixin.py:190} INFO - [2026-02-13T13:11:14.082+0100] {dag.py:4180} INFO - Setting next_dagrun for consume_1_or_2_with_dataset_expressions to None, run_after=None
[2026-02-13T13:11:14.083+0100] {logging_mixin.py:190} INFO - [2026-02-13T13:11:14.083+0100] {dag.py:4180} INFO - Setting next_dagrun for consume_1_or_both_2_and_3_with_dataset_expressions to None, run_after=None
[2026-02-13T13:11:14.085+0100] {logging_mixin.py:190} INFO - [2026-02-13T13:11:14.085+0100] {dag.py:4180} INFO - Setting next_dagrun for dataset_consumes_1 to None, run_after=None
[2026-02-13T13:11:14.086+0100] {logging_mixin.py:190} INFO - [2026-02-13T13:11:14.086+0100] {dag.py:4180} INFO - Setting next_dagrun for dataset_consumes_1_and_2 to None, run_after=None
[2026-02-13T13:11:14.088+0100] {logging_mixin.py:190} INFO - [2026-02-13T13:11:14.087+0100] {dag.py:4180} INFO - Setting next_dagrun for dataset_consumes_1_never_scheduled to None, run_after=None
[2026-02-13T13:11:14.089+0100] {logging_mixin.py:190} INFO - [2026-02-13T13:11:14.089+0100] {dag.py:4180} INFO - Setting next_dagrun for dataset_consumes_unknown_never_scheduled to None, run_after=None
[2026-02-13T13:11:14.093+0100] {logging_mixin.py:190} INFO - [2026-02-13T13:11:14.092+0100] {dag.py:4180} INFO - Setting next_dagrun for dataset_produces_1 to 2026-02-12 00:00:00+00:00, run_after=2026-02-13 00:00:00+00:00
[2026-02-13T13:11:14.094+0100] {logging_mixin.py:190} INFO - [2026-02-13T13:11:14.094+0100] {dag.py:4180} INFO - Setting next_dagrun for dataset_produces_2 to None, run_after=None
[2026-02-13T13:11:14.140+0100] {processor.py:208} INFO - Processing /home/gianotti/Documents/CryptoETL/.venv/lib/python3.12/site-packages/airflow/example_dags/example_datasets.py took 0.196 seconds
