[2026-02-13T12:55:56.516+0100] {processor.py:186} INFO - Started process (PID=34992) to work on /home/gianotti/Documents/CryptoETL/.venv/lib/python3.12/site-packages/airflow/example_dags/example_branch_day_of_week_operator.py
[2026-02-13T12:55:56.518+0100] {processor.py:914} INFO - Processing file /home/gianotti/Documents/CryptoETL/.venv/lib/python3.12/site-packages/airflow/example_dags/example_branch_day_of_week_operator.py for tasks to queue
[2026-02-13T12:55:56.521+0100] {logging_mixin.py:190} INFO - [2026-02-13T12:55:56.520+0100] {dagbag.py:588} INFO - Filling up the DagBag from /home/gianotti/Documents/CryptoETL/.venv/lib/python3.12/site-packages/airflow/example_dags/example_branch_day_of_week_operator.py
[2026-02-13T12:55:56.539+0100] {processor.py:925} INFO - DAG(s) 'example_weekday_branch_operator' retrieved from /home/gianotti/Documents/CryptoETL/.venv/lib/python3.12/site-packages/airflow/example_dags/example_branch_day_of_week_operator.py
[2026-02-13T12:55:56.628+0100] {logging_mixin.py:190} INFO - [2026-02-13T12:55:56.627+0100] {override.py:1930} INFO - Created Permission View: can edit on DAG:example_weekday_branch_operator
[2026-02-13T12:55:56.639+0100] {logging_mixin.py:190} INFO - [2026-02-13T12:55:56.639+0100] {override.py:1930} INFO - Created Permission View: can read on DAG:example_weekday_branch_operator
[2026-02-13T12:55:56.647+0100] {logging_mixin.py:190} INFO - [2026-02-13T12:55:56.647+0100] {override.py:1930} INFO - Created Permission View: can delete on DAG:example_weekday_branch_operator
[2026-02-13T12:55:56.661+0100] {logging_mixin.py:190} INFO - [2026-02-13T12:55:56.661+0100] {override.py:1930} INFO - Created Permission View: can create on DAG Run:example_weekday_branch_operator
[2026-02-13T12:55:56.674+0100] {logging_mixin.py:190} INFO - [2026-02-13T12:55:56.673+0100] {override.py:1930} INFO - Created Permission View: can read on DAG Run:example_weekday_branch_operator
[2026-02-13T12:55:56.685+0100] {logging_mixin.py:190} INFO - [2026-02-13T12:55:56.685+0100] {override.py:1930} INFO - Created Permission View: can delete on DAG Run:example_weekday_branch_operator
[2026-02-13T12:55:56.698+0100] {logging_mixin.py:190} INFO - [2026-02-13T12:55:56.698+0100] {override.py:1930} INFO - Created Permission View: menu access on DAG Run:example_weekday_branch_operator
[2026-02-13T12:55:56.699+0100] {logging_mixin.py:190} INFO - [2026-02-13T12:55:56.699+0100] {dag.py:3239} INFO - Sync 1 DAGs
[2026-02-13T12:55:56.711+0100] {logging_mixin.py:190} INFO - [2026-02-13T12:55:56.710+0100] {dag.py:3262} INFO - Creating ORM DAG for example_weekday_branch_operator
[2026-02-13T12:55:56.719+0100] {logging_mixin.py:190} INFO - [2026-02-13T12:55:56.719+0100] {dag.py:4180} INFO - Setting next_dagrun for example_weekday_branch_operator to 2026-02-12 00:00:00+00:00, run_after=2026-02-13 00:00:00+00:00
[2026-02-13T12:55:56.742+0100] {processor.py:208} INFO - Processing /home/gianotti/Documents/CryptoETL/.venv/lib/python3.12/site-packages/airflow/example_dags/example_branch_day_of_week_operator.py took 0.234 seconds
[2026-02-13T12:56:58.658+0100] {processor.py:186} INFO - Started process (PID=35119) to work on /home/gianotti/Documents/CryptoETL/.venv/lib/python3.12/site-packages/airflow/example_dags/example_branch_day_of_week_operator.py
[2026-02-13T12:56:58.660+0100] {processor.py:914} INFO - Processing file /home/gianotti/Documents/CryptoETL/.venv/lib/python3.12/site-packages/airflow/example_dags/example_branch_day_of_week_operator.py for tasks to queue
[2026-02-13T12:56:58.663+0100] {logging_mixin.py:190} INFO - [2026-02-13T12:56:58.663+0100] {dagbag.py:588} INFO - Filling up the DagBag from /home/gianotti/Documents/CryptoETL/.venv/lib/python3.12/site-packages/airflow/example_dags/example_branch_day_of_week_operator.py
[2026-02-13T12:56:58.678+0100] {processor.py:925} INFO - DAG(s) 'example_weekday_branch_operator' retrieved from /home/gianotti/Documents/CryptoETL/.venv/lib/python3.12/site-packages/airflow/example_dags/example_branch_day_of_week_operator.py
[2026-02-13T12:56:58.691+0100] {logging_mixin.py:190} INFO - [2026-02-13T12:56:58.691+0100] {dag.py:3239} INFO - Sync 1 DAGs
[2026-02-13T12:56:58.709+0100] {logging_mixin.py:190} INFO - [2026-02-13T12:56:58.709+0100] {dag.py:4180} INFO - Setting next_dagrun for example_weekday_branch_operator to 2026-02-12 00:00:00+00:00, run_after=2026-02-13 00:00:00+00:00
[2026-02-13T12:56:58.731+0100] {processor.py:208} INFO - Processing /home/gianotti/Documents/CryptoETL/.venv/lib/python3.12/site-packages/airflow/example_dags/example_branch_day_of_week_operator.py took 0.082 seconds
[2026-02-13T12:57:56.841+0100] {processor.py:186} INFO - Started process (PID=35233) to work on /home/gianotti/Documents/CryptoETL/.venv/lib/python3.12/site-packages/airflow/example_dags/example_branch_day_of_week_operator.py
[2026-02-13T12:57:56.843+0100] {processor.py:914} INFO - Processing file /home/gianotti/Documents/CryptoETL/.venv/lib/python3.12/site-packages/airflow/example_dags/example_branch_day_of_week_operator.py for tasks to queue
[2026-02-13T12:57:56.846+0100] {logging_mixin.py:190} INFO - [2026-02-13T12:57:56.846+0100] {dagbag.py:588} INFO - Filling up the DagBag from /home/gianotti/Documents/CryptoETL/.venv/lib/python3.12/site-packages/airflow/example_dags/example_branch_day_of_week_operator.py
[2026-02-13T12:57:56.865+0100] {processor.py:925} INFO - DAG(s) 'example_weekday_branch_operator' retrieved from /home/gianotti/Documents/CryptoETL/.venv/lib/python3.12/site-packages/airflow/example_dags/example_branch_day_of_week_operator.py
[2026-02-13T12:57:56.891+0100] {logging_mixin.py:190} INFO - [2026-02-13T12:57:56.890+0100] {dag.py:3239} INFO - Sync 1 DAGs
[2026-02-13T12:57:56.927+0100] {logging_mixin.py:190} INFO - [2026-02-13T12:57:56.926+0100] {dag.py:4180} INFO - Setting next_dagrun for example_weekday_branch_operator to 2026-02-12 00:00:00+00:00, run_after=2026-02-13 00:00:00+00:00
[2026-02-13T12:57:56.959+0100] {processor.py:208} INFO - Processing /home/gianotti/Documents/CryptoETL/.venv/lib/python3.12/site-packages/airflow/example_dags/example_branch_day_of_week_operator.py took 0.127 seconds
[2026-02-13T12:58:54.013+0100] {processor.py:186} INFO - Started process (PID=35377) to work on /home/gianotti/Documents/CryptoETL/.venv/lib/python3.12/site-packages/airflow/example_dags/example_branch_day_of_week_operator.py
[2026-02-13T12:58:54.015+0100] {processor.py:914} INFO - Processing file /home/gianotti/Documents/CryptoETL/.venv/lib/python3.12/site-packages/airflow/example_dags/example_branch_day_of_week_operator.py for tasks to queue
[2026-02-13T12:58:54.018+0100] {logging_mixin.py:190} INFO - [2026-02-13T12:58:54.018+0100] {dagbag.py:588} INFO - Filling up the DagBag from /home/gianotti/Documents/CryptoETL/.venv/lib/python3.12/site-packages/airflow/example_dags/example_branch_day_of_week_operator.py
[2026-02-13T12:58:54.034+0100] {processor.py:925} INFO - DAG(s) 'example_weekday_branch_operator' retrieved from /home/gianotti/Documents/CryptoETL/.venv/lib/python3.12/site-packages/airflow/example_dags/example_branch_day_of_week_operator.py
[2026-02-13T12:58:54.052+0100] {logging_mixin.py:190} INFO - [2026-02-13T12:58:54.052+0100] {dag.py:3239} INFO - Sync 1 DAGs
[2026-02-13T12:58:54.068+0100] {logging_mixin.py:190} INFO - [2026-02-13T12:58:54.068+0100] {dag.py:4180} INFO - Setting next_dagrun for example_weekday_branch_operator to 2026-02-12 00:00:00+00:00, run_after=2026-02-13 00:00:00+00:00
[2026-02-13T12:58:54.087+0100] {processor.py:208} INFO - Processing /home/gianotti/Documents/CryptoETL/.venv/lib/python3.12/site-packages/airflow/example_dags/example_branch_day_of_week_operator.py took 0.083 seconds
[2026-02-13T13:00:15.022+0100] {processor.py:186} INFO - Started process (PID=35538) to work on /home/gianotti/Documents/CryptoETL/.venv/lib/python3.12/site-packages/airflow/example_dags/example_branch_day_of_week_operator.py
[2026-02-13T13:00:15.025+0100] {processor.py:914} INFO - Processing file /home/gianotti/Documents/CryptoETL/.venv/lib/python3.12/site-packages/airflow/example_dags/example_branch_day_of_week_operator.py for tasks to queue
[2026-02-13T13:00:15.027+0100] {logging_mixin.py:190} INFO - [2026-02-13T13:00:15.027+0100] {dagbag.py:588} INFO - Filling up the DagBag from /home/gianotti/Documents/CryptoETL/.venv/lib/python3.12/site-packages/airflow/example_dags/example_branch_day_of_week_operator.py
[2026-02-13T13:00:15.045+0100] {processor.py:925} INFO - DAG(s) 'example_weekday_branch_operator' retrieved from /home/gianotti/Documents/CryptoETL/.venv/lib/python3.12/site-packages/airflow/example_dags/example_branch_day_of_week_operator.py
[2026-02-13T13:00:15.071+0100] {logging_mixin.py:190} INFO - [2026-02-13T13:00:15.070+0100] {dag.py:3239} INFO - Sync 1 DAGs
[2026-02-13T13:00:15.106+0100] {logging_mixin.py:190} INFO - [2026-02-13T13:00:15.105+0100] {dag.py:4180} INFO - Setting next_dagrun for example_weekday_branch_operator to 2026-02-12 00:00:00+00:00, run_after=2026-02-13 00:00:00+00:00
[2026-02-13T13:00:15.135+0100] {processor.py:208} INFO - Processing /home/gianotti/Documents/CryptoETL/.venv/lib/python3.12/site-packages/airflow/example_dags/example_branch_day_of_week_operator.py took 0.121 seconds
[2026-02-13T13:01:13.373+0100] {processor.py:186} INFO - Started process (PID=35650) to work on /home/gianotti/Documents/CryptoETL/.venv/lib/python3.12/site-packages/airflow/example_dags/example_branch_day_of_week_operator.py
[2026-02-13T13:01:13.376+0100] {processor.py:914} INFO - Processing file /home/gianotti/Documents/CryptoETL/.venv/lib/python3.12/site-packages/airflow/example_dags/example_branch_day_of_week_operator.py for tasks to queue
[2026-02-13T13:01:13.379+0100] {logging_mixin.py:190} INFO - [2026-02-13T13:01:13.378+0100] {dagbag.py:588} INFO - Filling up the DagBag from /home/gianotti/Documents/CryptoETL/.venv/lib/python3.12/site-packages/airflow/example_dags/example_branch_day_of_week_operator.py
[2026-02-13T13:01:13.398+0100] {processor.py:925} INFO - DAG(s) 'example_weekday_branch_operator' retrieved from /home/gianotti/Documents/CryptoETL/.venv/lib/python3.12/site-packages/airflow/example_dags/example_branch_day_of_week_operator.py
[2026-02-13T13:01:13.418+0100] {logging_mixin.py:190} INFO - [2026-02-13T13:01:13.418+0100] {dag.py:3239} INFO - Sync 1 DAGs
[2026-02-13T13:01:13.435+0100] {logging_mixin.py:190} INFO - [2026-02-13T13:01:13.435+0100] {dag.py:4180} INFO - Setting next_dagrun for example_weekday_branch_operator to 2026-02-12 00:00:00+00:00, run_after=2026-02-13 00:00:00+00:00
[2026-02-13T13:01:13.454+0100] {processor.py:208} INFO - Processing /home/gianotti/Documents/CryptoETL/.venv/lib/python3.12/site-packages/airflow/example_dags/example_branch_day_of_week_operator.py took 0.089 seconds
[2026-02-13T13:02:14.218+0100] {processor.py:186} INFO - Started process (PID=35777) to work on /home/gianotti/Documents/CryptoETL/.venv/lib/python3.12/site-packages/airflow/example_dags/example_branch_day_of_week_operator.py
[2026-02-13T13:02:14.221+0100] {processor.py:914} INFO - Processing file /home/gianotti/Documents/CryptoETL/.venv/lib/python3.12/site-packages/airflow/example_dags/example_branch_day_of_week_operator.py for tasks to queue
[2026-02-13T13:02:14.223+0100] {logging_mixin.py:190} INFO - [2026-02-13T13:02:14.222+0100] {dagbag.py:588} INFO - Filling up the DagBag from /home/gianotti/Documents/CryptoETL/.venv/lib/python3.12/site-packages/airflow/example_dags/example_branch_day_of_week_operator.py
[2026-02-13T13:02:14.240+0100] {processor.py:925} INFO - DAG(s) 'example_weekday_branch_operator' retrieved from /home/gianotti/Documents/CryptoETL/.venv/lib/python3.12/site-packages/airflow/example_dags/example_branch_day_of_week_operator.py
[2026-02-13T13:02:14.258+0100] {logging_mixin.py:190} INFO - [2026-02-13T13:02:14.258+0100] {dag.py:3239} INFO - Sync 1 DAGs
[2026-02-13T13:02:14.275+0100] {logging_mixin.py:190} INFO - [2026-02-13T13:02:14.275+0100] {dag.py:4180} INFO - Setting next_dagrun for example_weekday_branch_operator to 2026-02-12 00:00:00+00:00, run_after=2026-02-13 00:00:00+00:00
[2026-02-13T13:02:14.293+0100] {processor.py:208} INFO - Processing /home/gianotti/Documents/CryptoETL/.venv/lib/python3.12/site-packages/airflow/example_dags/example_branch_day_of_week_operator.py took 0.084 seconds
[2026-02-13T13:03:11.719+0100] {processor.py:186} INFO - Started process (PID=35872) to work on /home/gianotti/Documents/CryptoETL/.venv/lib/python3.12/site-packages/airflow/example_dags/example_branch_day_of_week_operator.py
[2026-02-13T13:03:11.722+0100] {processor.py:914} INFO - Processing file /home/gianotti/Documents/CryptoETL/.venv/lib/python3.12/site-packages/airflow/example_dags/example_branch_day_of_week_operator.py for tasks to queue
[2026-02-13T13:03:11.724+0100] {logging_mixin.py:190} INFO - [2026-02-13T13:03:11.723+0100] {dagbag.py:588} INFO - Filling up the DagBag from /home/gianotti/Documents/CryptoETL/.venv/lib/python3.12/site-packages/airflow/example_dags/example_branch_day_of_week_operator.py
[2026-02-13T13:03:11.743+0100] {processor.py:925} INFO - DAG(s) 'example_weekday_branch_operator' retrieved from /home/gianotti/Documents/CryptoETL/.venv/lib/python3.12/site-packages/airflow/example_dags/example_branch_day_of_week_operator.py
[2026-02-13T13:03:11.767+0100] {logging_mixin.py:190} INFO - [2026-02-13T13:03:11.767+0100] {dag.py:3239} INFO - Sync 1 DAGs
[2026-02-13T13:03:11.789+0100] {logging_mixin.py:190} INFO - [2026-02-13T13:03:11.789+0100] {dag.py:4180} INFO - Setting next_dagrun for example_weekday_branch_operator to 2026-02-12 00:00:00+00:00, run_after=2026-02-13 00:00:00+00:00
[2026-02-13T13:03:11.807+0100] {processor.py:208} INFO - Processing /home/gianotti/Documents/CryptoETL/.venv/lib/python3.12/site-packages/airflow/example_dags/example_branch_day_of_week_operator.py took 0.097 seconds
[2026-02-13T13:04:10.588+0100] {processor.py:186} INFO - Started process (PID=36029) to work on /home/gianotti/Documents/CryptoETL/.venv/lib/python3.12/site-packages/airflow/example_dags/example_branch_day_of_week_operator.py
[2026-02-13T13:04:10.591+0100] {processor.py:914} INFO - Processing file /home/gianotti/Documents/CryptoETL/.venv/lib/python3.12/site-packages/airflow/example_dags/example_branch_day_of_week_operator.py for tasks to queue
[2026-02-13T13:04:10.593+0100] {logging_mixin.py:190} INFO - [2026-02-13T13:04:10.593+0100] {dagbag.py:588} INFO - Filling up the DagBag from /home/gianotti/Documents/CryptoETL/.venv/lib/python3.12/site-packages/airflow/example_dags/example_branch_day_of_week_operator.py
[2026-02-13T13:04:10.611+0100] {processor.py:925} INFO - DAG(s) 'example_weekday_branch_operator' retrieved from /home/gianotti/Documents/CryptoETL/.venv/lib/python3.12/site-packages/airflow/example_dags/example_branch_day_of_week_operator.py
[2026-02-13T13:04:10.639+0100] {logging_mixin.py:190} INFO - [2026-02-13T13:04:10.638+0100] {dag.py:3239} INFO - Sync 1 DAGs
[2026-02-13T13:04:10.675+0100] {logging_mixin.py:190} INFO - [2026-02-13T13:04:10.675+0100] {dag.py:4180} INFO - Setting next_dagrun for example_weekday_branch_operator to 2026-02-12 00:00:00+00:00, run_after=2026-02-13 00:00:00+00:00
[2026-02-13T13:04:10.706+0100] {processor.py:208} INFO - Processing /home/gianotti/Documents/CryptoETL/.venv/lib/python3.12/site-packages/airflow/example_dags/example_branch_day_of_week_operator.py took 0.127 seconds
[2026-02-13T13:05:14.189+0100] {processor.py:186} INFO - Started process (PID=36148) to work on /home/gianotti/Documents/CryptoETL/.venv/lib/python3.12/site-packages/airflow/example_dags/example_branch_day_of_week_operator.py
[2026-02-13T13:05:14.192+0100] {processor.py:914} INFO - Processing file /home/gianotti/Documents/CryptoETL/.venv/lib/python3.12/site-packages/airflow/example_dags/example_branch_day_of_week_operator.py for tasks to queue
[2026-02-13T13:05:14.196+0100] {logging_mixin.py:190} INFO - [2026-02-13T13:05:14.195+0100] {dagbag.py:588} INFO - Filling up the DagBag from /home/gianotti/Documents/CryptoETL/.venv/lib/python3.12/site-packages/airflow/example_dags/example_branch_day_of_week_operator.py
[2026-02-13T13:05:14.214+0100] {processor.py:925} INFO - DAG(s) 'example_weekday_branch_operator' retrieved from /home/gianotti/Documents/CryptoETL/.venv/lib/python3.12/site-packages/airflow/example_dags/example_branch_day_of_week_operator.py
[2026-02-13T13:05:14.240+0100] {logging_mixin.py:190} INFO - [2026-02-13T13:05:14.240+0100] {dag.py:3239} INFO - Sync 1 DAGs
[2026-02-13T13:05:14.277+0100] {logging_mixin.py:190} INFO - [2026-02-13T13:05:14.276+0100] {dag.py:4180} INFO - Setting next_dagrun for example_weekday_branch_operator to 2026-02-12 00:00:00+00:00, run_after=2026-02-13 00:00:00+00:00
[2026-02-13T13:05:14.310+0100] {processor.py:208} INFO - Processing /home/gianotti/Documents/CryptoETL/.venv/lib/python3.12/site-packages/airflow/example_dags/example_branch_day_of_week_operator.py took 0.131 seconds
[2026-02-13T13:06:18.618+0100] {processor.py:186} INFO - Started process (PID=36262) to work on /home/gianotti/Documents/CryptoETL/.venv/lib/python3.12/site-packages/airflow/example_dags/example_branch_day_of_week_operator.py
[2026-02-13T13:06:18.620+0100] {processor.py:914} INFO - Processing file /home/gianotti/Documents/CryptoETL/.venv/lib/python3.12/site-packages/airflow/example_dags/example_branch_day_of_week_operator.py for tasks to queue
[2026-02-13T13:06:18.622+0100] {logging_mixin.py:190} INFO - [2026-02-13T13:06:18.622+0100] {dagbag.py:588} INFO - Filling up the DagBag from /home/gianotti/Documents/CryptoETL/.venv/lib/python3.12/site-packages/airflow/example_dags/example_branch_day_of_week_operator.py
[2026-02-13T13:06:18.642+0100] {processor.py:925} INFO - DAG(s) 'example_weekday_branch_operator' retrieved from /home/gianotti/Documents/CryptoETL/.venv/lib/python3.12/site-packages/airflow/example_dags/example_branch_day_of_week_operator.py
[2026-02-13T13:06:18.672+0100] {logging_mixin.py:190} INFO - [2026-02-13T13:06:18.672+0100] {dag.py:3239} INFO - Sync 1 DAGs
[2026-02-13T13:06:18.709+0100] {logging_mixin.py:190} INFO - [2026-02-13T13:06:18.709+0100] {dag.py:4180} INFO - Setting next_dagrun for example_weekday_branch_operator to 2026-02-12 00:00:00+00:00, run_after=2026-02-13 00:00:00+00:00
[2026-02-13T13:06:18.744+0100] {processor.py:208} INFO - Processing /home/gianotti/Documents/CryptoETL/.venv/lib/python3.12/site-packages/airflow/example_dags/example_branch_day_of_week_operator.py took 0.136 seconds
[2026-02-13T13:07:25.847+0100] {processor.py:186} INFO - Started process (PID=36342) to work on /home/gianotti/Documents/CryptoETL/.venv/lib/python3.12/site-packages/airflow/example_dags/example_branch_day_of_week_operator.py
[2026-02-13T13:07:25.850+0100] {processor.py:914} INFO - Processing file /home/gianotti/Documents/CryptoETL/.venv/lib/python3.12/site-packages/airflow/example_dags/example_branch_day_of_week_operator.py for tasks to queue
[2026-02-13T13:07:25.852+0100] {logging_mixin.py:190} INFO - [2026-02-13T13:07:25.851+0100] {dagbag.py:588} INFO - Filling up the DagBag from /home/gianotti/Documents/CryptoETL/.venv/lib/python3.12/site-packages/airflow/example_dags/example_branch_day_of_week_operator.py
[2026-02-13T13:07:25.869+0100] {processor.py:925} INFO - DAG(s) 'example_weekday_branch_operator' retrieved from /home/gianotti/Documents/CryptoETL/.venv/lib/python3.12/site-packages/airflow/example_dags/example_branch_day_of_week_operator.py
[2026-02-13T13:07:25.896+0100] {logging_mixin.py:190} INFO - [2026-02-13T13:07:25.895+0100] {dag.py:3239} INFO - Sync 1 DAGs
[2026-02-13T13:07:25.930+0100] {logging_mixin.py:190} INFO - [2026-02-13T13:07:25.930+0100] {dag.py:4180} INFO - Setting next_dagrun for example_weekday_branch_operator to 2026-02-12 00:00:00+00:00, run_after=2026-02-13 00:00:00+00:00
[2026-02-13T13:07:25.960+0100] {processor.py:208} INFO - Processing /home/gianotti/Documents/CryptoETL/.venv/lib/python3.12/site-packages/airflow/example_dags/example_branch_day_of_week_operator.py took 0.123 seconds
[2026-02-13T13:08:35.242+0100] {processor.py:186} INFO - Started process (PID=36469) to work on /home/gianotti/Documents/CryptoETL/.venv/lib/python3.12/site-packages/airflow/example_dags/example_branch_day_of_week_operator.py
[2026-02-13T13:08:35.244+0100] {processor.py:914} INFO - Processing file /home/gianotti/Documents/CryptoETL/.venv/lib/python3.12/site-packages/airflow/example_dags/example_branch_day_of_week_operator.py for tasks to queue
[2026-02-13T13:08:35.246+0100] {logging_mixin.py:190} INFO - [2026-02-13T13:08:35.245+0100] {dagbag.py:588} INFO - Filling up the DagBag from /home/gianotti/Documents/CryptoETL/.venv/lib/python3.12/site-packages/airflow/example_dags/example_branch_day_of_week_operator.py
[2026-02-13T13:08:35.263+0100] {processor.py:925} INFO - DAG(s) 'example_weekday_branch_operator' retrieved from /home/gianotti/Documents/CryptoETL/.venv/lib/python3.12/site-packages/airflow/example_dags/example_branch_day_of_week_operator.py
[2026-02-13T13:08:35.289+0100] {logging_mixin.py:190} INFO - [2026-02-13T13:08:35.289+0100] {dag.py:3239} INFO - Sync 1 DAGs
[2026-02-13T13:08:35.323+0100] {logging_mixin.py:190} INFO - [2026-02-13T13:08:35.323+0100] {dag.py:4180} INFO - Setting next_dagrun for example_weekday_branch_operator to 2026-02-12 00:00:00+00:00, run_after=2026-02-13 00:00:00+00:00
[2026-02-13T13:08:35.356+0100] {processor.py:208} INFO - Processing /home/gianotti/Documents/CryptoETL/.venv/lib/python3.12/site-packages/airflow/example_dags/example_branch_day_of_week_operator.py took 0.123 seconds
[2026-02-13T13:09:43.603+0100] {processor.py:186} INFO - Started process (PID=36599) to work on /home/gianotti/Documents/CryptoETL/.venv/lib/python3.12/site-packages/airflow/example_dags/example_branch_day_of_week_operator.py
[2026-02-13T13:09:43.606+0100] {processor.py:914} INFO - Processing file /home/gianotti/Documents/CryptoETL/.venv/lib/python3.12/site-packages/airflow/example_dags/example_branch_day_of_week_operator.py for tasks to queue
[2026-02-13T13:09:43.608+0100] {logging_mixin.py:190} INFO - [2026-02-13T13:09:43.607+0100] {dagbag.py:588} INFO - Filling up the DagBag from /home/gianotti/Documents/CryptoETL/.venv/lib/python3.12/site-packages/airflow/example_dags/example_branch_day_of_week_operator.py
[2026-02-13T13:09:43.624+0100] {processor.py:925} INFO - DAG(s) 'example_weekday_branch_operator' retrieved from /home/gianotti/Documents/CryptoETL/.venv/lib/python3.12/site-packages/airflow/example_dags/example_branch_day_of_week_operator.py
[2026-02-13T13:09:43.649+0100] {logging_mixin.py:190} INFO - [2026-02-13T13:09:43.648+0100] {dag.py:3239} INFO - Sync 1 DAGs
[2026-02-13T13:09:43.685+0100] {logging_mixin.py:190} INFO - [2026-02-13T13:09:43.684+0100] {dag.py:4180} INFO - Setting next_dagrun for example_weekday_branch_operator to 2026-02-12 00:00:00+00:00, run_after=2026-02-13 00:00:00+00:00
[2026-02-13T13:09:43.718+0100] {processor.py:208} INFO - Processing /home/gianotti/Documents/CryptoETL/.venv/lib/python3.12/site-packages/airflow/example_dags/example_branch_day_of_week_operator.py took 0.124 seconds
[2026-02-13T13:10:52.675+0100] {processor.py:186} INFO - Started process (PID=36717) to work on /home/gianotti/Documents/CryptoETL/.venv/lib/python3.12/site-packages/airflow/example_dags/example_branch_day_of_week_operator.py
[2026-02-13T13:10:52.678+0100] {processor.py:914} INFO - Processing file /home/gianotti/Documents/CryptoETL/.venv/lib/python3.12/site-packages/airflow/example_dags/example_branch_day_of_week_operator.py for tasks to queue
[2026-02-13T13:10:52.680+0100] {logging_mixin.py:190} INFO - [2026-02-13T13:10:52.679+0100] {dagbag.py:588} INFO - Filling up the DagBag from /home/gianotti/Documents/CryptoETL/.venv/lib/python3.12/site-packages/airflow/example_dags/example_branch_day_of_week_operator.py
[2026-02-13T13:10:52.697+0100] {processor.py:925} INFO - DAG(s) 'example_weekday_branch_operator' retrieved from /home/gianotti/Documents/CryptoETL/.venv/lib/python3.12/site-packages/airflow/example_dags/example_branch_day_of_week_operator.py
[2026-02-13T13:10:52.724+0100] {logging_mixin.py:190} INFO - [2026-02-13T13:10:52.724+0100] {dag.py:3239} INFO - Sync 1 DAGs
[2026-02-13T13:10:52.758+0100] {logging_mixin.py:190} INFO - [2026-02-13T13:10:52.758+0100] {dag.py:4180} INFO - Setting next_dagrun for example_weekday_branch_operator to 2026-02-12 00:00:00+00:00, run_after=2026-02-13 00:00:00+00:00
[2026-02-13T13:10:52.789+0100] {processor.py:208} INFO - Processing /home/gianotti/Documents/CryptoETL/.venv/lib/python3.12/site-packages/airflow/example_dags/example_branch_day_of_week_operator.py took 0.123 seconds
[2026-02-13T13:11:57.105+0100] {processor.py:186} INFO - Started process (PID=36815) to work on /home/gianotti/Documents/CryptoETL/.venv/lib/python3.12/site-packages/airflow/example_dags/example_branch_day_of_week_operator.py
[2026-02-13T13:11:57.108+0100] {processor.py:914} INFO - Processing file /home/gianotti/Documents/CryptoETL/.venv/lib/python3.12/site-packages/airflow/example_dags/example_branch_day_of_week_operator.py for tasks to queue
[2026-02-13T13:11:57.110+0100] {logging_mixin.py:190} INFO - [2026-02-13T13:11:57.109+0100] {dagbag.py:588} INFO - Filling up the DagBag from /home/gianotti/Documents/CryptoETL/.venv/lib/python3.12/site-packages/airflow/example_dags/example_branch_day_of_week_operator.py
[2026-02-13T13:11:57.127+0100] {processor.py:925} INFO - DAG(s) 'example_weekday_branch_operator' retrieved from /home/gianotti/Documents/CryptoETL/.venv/lib/python3.12/site-packages/airflow/example_dags/example_branch_day_of_week_operator.py
[2026-02-13T13:11:57.152+0100] {logging_mixin.py:190} INFO - [2026-02-13T13:11:57.151+0100] {dag.py:3239} INFO - Sync 1 DAGs
[2026-02-13T13:11:57.185+0100] {logging_mixin.py:190} INFO - [2026-02-13T13:11:57.185+0100] {dag.py:4180} INFO - Setting next_dagrun for example_weekday_branch_operator to 2026-02-12 00:00:00+00:00, run_after=2026-02-13 00:00:00+00:00
[2026-02-13T13:11:57.218+0100] {processor.py:208} INFO - Processing /home/gianotti/Documents/CryptoETL/.venv/lib/python3.12/site-packages/airflow/example_dags/example_branch_day_of_week_operator.py took 0.122 seconds
[2026-02-13T13:13:01.023+0100] {processor.py:186} INFO - Started process (PID=36919) to work on /home/gianotti/Documents/CryptoETL/.venv/lib/python3.12/site-packages/airflow/example_dags/example_branch_day_of_week_operator.py
[2026-02-13T13:13:01.026+0100] {processor.py:914} INFO - Processing file /home/gianotti/Documents/CryptoETL/.venv/lib/python3.12/site-packages/airflow/example_dags/example_branch_day_of_week_operator.py for tasks to queue
[2026-02-13T13:13:01.028+0100] {logging_mixin.py:190} INFO - [2026-02-13T13:13:01.028+0100] {dagbag.py:588} INFO - Filling up the DagBag from /home/gianotti/Documents/CryptoETL/.venv/lib/python3.12/site-packages/airflow/example_dags/example_branch_day_of_week_operator.py
[2026-02-13T13:13:01.048+0100] {processor.py:925} INFO - DAG(s) 'example_weekday_branch_operator' retrieved from /home/gianotti/Documents/CryptoETL/.venv/lib/python3.12/site-packages/airflow/example_dags/example_branch_day_of_week_operator.py
[2026-02-13T13:13:01.078+0100] {logging_mixin.py:190} INFO - [2026-02-13T13:13:01.078+0100] {dag.py:3239} INFO - Sync 1 DAGs
[2026-02-13T13:13:01.118+0100] {logging_mixin.py:190} INFO - [2026-02-13T13:13:01.118+0100] {dag.py:4180} INFO - Setting next_dagrun for example_weekday_branch_operator to 2026-02-12 00:00:00+00:00, run_after=2026-02-13 00:00:00+00:00
[2026-02-13T13:13:01.152+0100] {processor.py:208} INFO - Processing /home/gianotti/Documents/CryptoETL/.venv/lib/python3.12/site-packages/airflow/example_dags/example_branch_day_of_week_operator.py took 0.137 seconds
[2026-02-13T13:14:04.860+0100] {processor.py:186} INFO - Started process (PID=37117) to work on /home/gianotti/Documents/CryptoETL/.venv/lib/python3.12/site-packages/airflow/example_dags/example_branch_day_of_week_operator.py
[2026-02-13T13:14:04.863+0100] {processor.py:914} INFO - Processing file /home/gianotti/Documents/CryptoETL/.venv/lib/python3.12/site-packages/airflow/example_dags/example_branch_day_of_week_operator.py for tasks to queue
[2026-02-13T13:14:04.865+0100] {logging_mixin.py:190} INFO - [2026-02-13T13:14:04.864+0100] {dagbag.py:588} INFO - Filling up the DagBag from /home/gianotti/Documents/CryptoETL/.venv/lib/python3.12/site-packages/airflow/example_dags/example_branch_day_of_week_operator.py
[2026-02-13T13:14:04.883+0100] {processor.py:925} INFO - DAG(s) 'example_weekday_branch_operator' retrieved from /home/gianotti/Documents/CryptoETL/.venv/lib/python3.12/site-packages/airflow/example_dags/example_branch_day_of_week_operator.py
[2026-02-13T13:14:04.908+0100] {logging_mixin.py:190} INFO - [2026-02-13T13:14:04.907+0100] {dag.py:3239} INFO - Sync 1 DAGs
[2026-02-13T13:14:04.945+0100] {logging_mixin.py:190} INFO - [2026-02-13T13:14:04.945+0100] {dag.py:4180} INFO - Setting next_dagrun for example_weekday_branch_operator to 2026-02-12 00:00:00+00:00, run_after=2026-02-13 00:00:00+00:00
[2026-02-13T13:14:04.978+0100] {processor.py:208} INFO - Processing /home/gianotti/Documents/CryptoETL/.venv/lib/python3.12/site-packages/airflow/example_dags/example_branch_day_of_week_operator.py took 0.127 seconds
[2026-02-13T13:15:10.382+0100] {processor.py:186} INFO - Started process (PID=37241) to work on /home/gianotti/Documents/CryptoETL/.venv/lib/python3.12/site-packages/airflow/example_dags/example_branch_day_of_week_operator.py
[2026-02-13T13:15:10.385+0100] {processor.py:914} INFO - Processing file /home/gianotti/Documents/CryptoETL/.venv/lib/python3.12/site-packages/airflow/example_dags/example_branch_day_of_week_operator.py for tasks to queue
[2026-02-13T13:15:10.387+0100] {logging_mixin.py:190} INFO - [2026-02-13T13:15:10.386+0100] {dagbag.py:588} INFO - Filling up the DagBag from /home/gianotti/Documents/CryptoETL/.venv/lib/python3.12/site-packages/airflow/example_dags/example_branch_day_of_week_operator.py
[2026-02-13T13:15:10.406+0100] {processor.py:925} INFO - DAG(s) 'example_weekday_branch_operator' retrieved from /home/gianotti/Documents/CryptoETL/.venv/lib/python3.12/site-packages/airflow/example_dags/example_branch_day_of_week_operator.py
[2026-02-13T13:15:10.433+0100] {logging_mixin.py:190} INFO - [2026-02-13T13:15:10.433+0100] {dag.py:3239} INFO - Sync 1 DAGs
[2026-02-13T13:15:10.467+0100] {logging_mixin.py:190} INFO - [2026-02-13T13:15:10.467+0100] {dag.py:4180} INFO - Setting next_dagrun for example_weekday_branch_operator to 2026-02-12 00:00:00+00:00, run_after=2026-02-13 00:00:00+00:00
[2026-02-13T13:15:10.499+0100] {processor.py:208} INFO - Processing /home/gianotti/Documents/CryptoETL/.venv/lib/python3.12/site-packages/airflow/example_dags/example_branch_day_of_week_operator.py took 0.126 seconds
[2026-02-13T13:16:17.785+0100] {processor.py:186} INFO - Started process (PID=37431) to work on /home/gianotti/Documents/CryptoETL/.venv/lib/python3.12/site-packages/airflow/example_dags/example_branch_day_of_week_operator.py
[2026-02-13T13:16:17.788+0100] {processor.py:914} INFO - Processing file /home/gianotti/Documents/CryptoETL/.venv/lib/python3.12/site-packages/airflow/example_dags/example_branch_day_of_week_operator.py for tasks to queue
[2026-02-13T13:16:17.790+0100] {logging_mixin.py:190} INFO - [2026-02-13T13:16:17.790+0100] {dagbag.py:588} INFO - Filling up the DagBag from /home/gianotti/Documents/CryptoETL/.venv/lib/python3.12/site-packages/airflow/example_dags/example_branch_day_of_week_operator.py
[2026-02-13T13:16:17.808+0100] {processor.py:925} INFO - DAG(s) 'example_weekday_branch_operator' retrieved from /home/gianotti/Documents/CryptoETL/.venv/lib/python3.12/site-packages/airflow/example_dags/example_branch_day_of_week_operator.py
[2026-02-13T13:16:17.832+0100] {logging_mixin.py:190} INFO - [2026-02-13T13:16:17.832+0100] {dag.py:3239} INFO - Sync 1 DAGs
[2026-02-13T13:16:17.865+0100] {logging_mixin.py:190} INFO - [2026-02-13T13:16:17.865+0100] {dag.py:4180} INFO - Setting next_dagrun for example_weekday_branch_operator to 2026-02-12 00:00:00+00:00, run_after=2026-02-13 00:00:00+00:00
[2026-02-13T13:16:17.895+0100] {processor.py:208} INFO - Processing /home/gianotti/Documents/CryptoETL/.venv/lib/python3.12/site-packages/airflow/example_dags/example_branch_day_of_week_operator.py took 0.118 seconds
[2026-02-13T13:17:21.824+0100] {processor.py:186} INFO - Started process (PID=37515) to work on /home/gianotti/Documents/CryptoETL/.venv/lib/python3.12/site-packages/airflow/example_dags/example_branch_day_of_week_operator.py
[2026-02-13T13:17:21.827+0100] {processor.py:914} INFO - Processing file /home/gianotti/Documents/CryptoETL/.venv/lib/python3.12/site-packages/airflow/example_dags/example_branch_day_of_week_operator.py for tasks to queue
[2026-02-13T13:17:21.829+0100] {logging_mixin.py:190} INFO - [2026-02-13T13:17:21.828+0100] {dagbag.py:588} INFO - Filling up the DagBag from /home/gianotti/Documents/CryptoETL/.venv/lib/python3.12/site-packages/airflow/example_dags/example_branch_day_of_week_operator.py
[2026-02-13T13:17:21.846+0100] {processor.py:925} INFO - DAG(s) 'example_weekday_branch_operator' retrieved from /home/gianotti/Documents/CryptoETL/.venv/lib/python3.12/site-packages/airflow/example_dags/example_branch_day_of_week_operator.py
[2026-02-13T13:17:21.871+0100] {logging_mixin.py:190} INFO - [2026-02-13T13:17:21.871+0100] {dag.py:3239} INFO - Sync 1 DAGs
[2026-02-13T13:17:21.903+0100] {logging_mixin.py:190} INFO - [2026-02-13T13:17:21.903+0100] {dag.py:4180} INFO - Setting next_dagrun for example_weekday_branch_operator to 2026-02-12 00:00:00+00:00, run_after=2026-02-13 00:00:00+00:00
[2026-02-13T13:17:21.933+0100] {processor.py:208} INFO - Processing /home/gianotti/Documents/CryptoETL/.venv/lib/python3.12/site-packages/airflow/example_dags/example_branch_day_of_week_operator.py took 0.118 seconds
[2026-02-13T13:18:28.906+0100] {processor.py:186} INFO - Started process (PID=37648) to work on /home/gianotti/Documents/CryptoETL/.venv/lib/python3.12/site-packages/airflow/example_dags/example_branch_day_of_week_operator.py
[2026-02-13T13:18:28.909+0100] {processor.py:914} INFO - Processing file /home/gianotti/Documents/CryptoETL/.venv/lib/python3.12/site-packages/airflow/example_dags/example_branch_day_of_week_operator.py for tasks to queue
[2026-02-13T13:18:28.912+0100] {logging_mixin.py:190} INFO - [2026-02-13T13:18:28.911+0100] {dagbag.py:588} INFO - Filling up the DagBag from /home/gianotti/Documents/CryptoETL/.venv/lib/python3.12/site-packages/airflow/example_dags/example_branch_day_of_week_operator.py
[2026-02-13T13:18:28.930+0100] {processor.py:925} INFO - DAG(s) 'example_weekday_branch_operator' retrieved from /home/gianotti/Documents/CryptoETL/.venv/lib/python3.12/site-packages/airflow/example_dags/example_branch_day_of_week_operator.py
[2026-02-13T13:18:28.961+0100] {logging_mixin.py:190} INFO - [2026-02-13T13:18:28.960+0100] {dag.py:3239} INFO - Sync 1 DAGs
[2026-02-13T13:18:29.000+0100] {logging_mixin.py:190} INFO - [2026-02-13T13:18:28.999+0100] {dag.py:4180} INFO - Setting next_dagrun for example_weekday_branch_operator to 2026-02-12 00:00:00+00:00, run_after=2026-02-13 00:00:00+00:00
[2026-02-13T13:18:29.034+0100] {processor.py:208} INFO - Processing /home/gianotti/Documents/CryptoETL/.venv/lib/python3.12/site-packages/airflow/example_dags/example_branch_day_of_week_operator.py took 0.136 seconds
[2026-02-13T13:19:33.298+0100] {processor.py:186} INFO - Started process (PID=37731) to work on /home/gianotti/Documents/CryptoETL/.venv/lib/python3.12/site-packages/airflow/example_dags/example_branch_day_of_week_operator.py
[2026-02-13T13:19:33.301+0100] {processor.py:914} INFO - Processing file /home/gianotti/Documents/CryptoETL/.venv/lib/python3.12/site-packages/airflow/example_dags/example_branch_day_of_week_operator.py for tasks to queue
[2026-02-13T13:19:33.303+0100] {logging_mixin.py:190} INFO - [2026-02-13T13:19:33.302+0100] {dagbag.py:588} INFO - Filling up the DagBag from /home/gianotti/Documents/CryptoETL/.venv/lib/python3.12/site-packages/airflow/example_dags/example_branch_day_of_week_operator.py
[2026-02-13T13:19:33.320+0100] {processor.py:925} INFO - DAG(s) 'example_weekday_branch_operator' retrieved from /home/gianotti/Documents/CryptoETL/.venv/lib/python3.12/site-packages/airflow/example_dags/example_branch_day_of_week_operator.py
[2026-02-13T13:19:33.347+0100] {logging_mixin.py:190} INFO - [2026-02-13T13:19:33.347+0100] {dag.py:3239} INFO - Sync 1 DAGs
[2026-02-13T13:19:33.382+0100] {logging_mixin.py:190} INFO - [2026-02-13T13:19:33.382+0100] {dag.py:4180} INFO - Setting next_dagrun for example_weekday_branch_operator to 2026-02-12 00:00:00+00:00, run_after=2026-02-13 00:00:00+00:00
[2026-02-13T13:19:33.415+0100] {processor.py:208} INFO - Processing /home/gianotti/Documents/CryptoETL/.venv/lib/python3.12/site-packages/airflow/example_dags/example_branch_day_of_week_operator.py took 0.126 seconds
[2026-02-13T13:20:41.131+0100] {processor.py:186} INFO - Started process (PID=37835) to work on /home/gianotti/Documents/CryptoETL/.venv/lib/python3.12/site-packages/airflow/example_dags/example_branch_day_of_week_operator.py
[2026-02-13T13:20:41.134+0100] {processor.py:914} INFO - Processing file /home/gianotti/Documents/CryptoETL/.venv/lib/python3.12/site-packages/airflow/example_dags/example_branch_day_of_week_operator.py for tasks to queue
[2026-02-13T13:20:41.136+0100] {logging_mixin.py:190} INFO - [2026-02-13T13:20:41.136+0100] {dagbag.py:588} INFO - Filling up the DagBag from /home/gianotti/Documents/CryptoETL/.venv/lib/python3.12/site-packages/airflow/example_dags/example_branch_day_of_week_operator.py
[2026-02-13T13:20:41.154+0100] {processor.py:925} INFO - DAG(s) 'example_weekday_branch_operator' retrieved from /home/gianotti/Documents/CryptoETL/.venv/lib/python3.12/site-packages/airflow/example_dags/example_branch_day_of_week_operator.py
[2026-02-13T13:20:41.179+0100] {logging_mixin.py:190} INFO - [2026-02-13T13:20:41.178+0100] {dag.py:3239} INFO - Sync 1 DAGs
[2026-02-13T13:20:41.212+0100] {logging_mixin.py:190} INFO - [2026-02-13T13:20:41.211+0100] {dag.py:4180} INFO - Setting next_dagrun for example_weekday_branch_operator to 2026-02-12 00:00:00+00:00, run_after=2026-02-13 00:00:00+00:00
[2026-02-13T13:20:41.242+0100] {processor.py:208} INFO - Processing /home/gianotti/Documents/CryptoETL/.venv/lib/python3.12/site-packages/airflow/example_dags/example_branch_day_of_week_operator.py took 0.120 seconds
[2026-02-13T13:21:44.456+0100] {processor.py:186} INFO - Started process (PID=37931) to work on /home/gianotti/Documents/CryptoETL/.venv/lib/python3.12/site-packages/airflow/example_dags/example_branch_day_of_week_operator.py
[2026-02-13T13:21:44.458+0100] {processor.py:914} INFO - Processing file /home/gianotti/Documents/CryptoETL/.venv/lib/python3.12/site-packages/airflow/example_dags/example_branch_day_of_week_operator.py for tasks to queue
[2026-02-13T13:21:44.460+0100] {logging_mixin.py:190} INFO - [2026-02-13T13:21:44.459+0100] {dagbag.py:588} INFO - Filling up the DagBag from /home/gianotti/Documents/CryptoETL/.venv/lib/python3.12/site-packages/airflow/example_dags/example_branch_day_of_week_operator.py
[2026-02-13T13:21:44.477+0100] {processor.py:925} INFO - DAG(s) 'example_weekday_branch_operator' retrieved from /home/gianotti/Documents/CryptoETL/.venv/lib/python3.12/site-packages/airflow/example_dags/example_branch_day_of_week_operator.py
[2026-02-13T13:21:44.504+0100] {logging_mixin.py:190} INFO - [2026-02-13T13:21:44.503+0100] {dag.py:3239} INFO - Sync 1 DAGs
[2026-02-13T13:21:44.542+0100] {logging_mixin.py:190} INFO - [2026-02-13T13:21:44.541+0100] {dag.py:4180} INFO - Setting next_dagrun for example_weekday_branch_operator to 2026-02-12 00:00:00+00:00, run_after=2026-02-13 00:00:00+00:00
[2026-02-13T13:21:44.578+0100] {processor.py:208} INFO - Processing /home/gianotti/Documents/CryptoETL/.venv/lib/python3.12/site-packages/airflow/example_dags/example_branch_day_of_week_operator.py took 0.132 seconds
