[2026-02-13T12:55:30.198+0100] {processor.py:186} INFO - Started process (PID=34958) to work on /home/gianotti/Documents/CryptoETL/.venv/lib/python3.12/site-packages/airflow/example_dags/example_params_ui_tutorial.py
[2026-02-13T12:55:30.199+0100] {processor.py:914} INFO - Processing file /home/gianotti/Documents/CryptoETL/.venv/lib/python3.12/site-packages/airflow/example_dags/example_params_ui_tutorial.py for tasks to queue
[2026-02-13T12:55:30.202+0100] {logging_mixin.py:190} INFO - [2026-02-13T12:55:30.202+0100] {dagbag.py:588} INFO - Filling up the DagBag from /home/gianotti/Documents/CryptoETL/.venv/lib/python3.12/site-packages/airflow/example_dags/example_params_ui_tutorial.py
[2026-02-13T12:55:30.220+0100] {processor.py:925} INFO - DAG(s) 'example_params_ui_tutorial' retrieved from /home/gianotti/Documents/CryptoETL/.venv/lib/python3.12/site-packages/airflow/example_dags/example_params_ui_tutorial.py
[2026-02-13T12:55:30.346+0100] {logging_mixin.py:190} INFO - [2026-02-13T12:55:30.346+0100] {override.py:1930} INFO - Created Permission View: can edit on DAG:example_params_ui_tutorial
[2026-02-13T12:55:30.360+0100] {logging_mixin.py:190} INFO - [2026-02-13T12:55:30.359+0100] {override.py:1930} INFO - Created Permission View: can read on DAG:example_params_ui_tutorial
[2026-02-13T12:55:30.370+0100] {logging_mixin.py:190} INFO - [2026-02-13T12:55:30.370+0100] {override.py:1930} INFO - Created Permission View: can delete on DAG:example_params_ui_tutorial
[2026-02-13T12:55:30.387+0100] {logging_mixin.py:190} INFO - [2026-02-13T12:55:30.387+0100] {override.py:1930} INFO - Created Permission View: can create on DAG Run:example_params_ui_tutorial
[2026-02-13T12:55:30.398+0100] {logging_mixin.py:190} INFO - [2026-02-13T12:55:30.398+0100] {override.py:1930} INFO - Created Permission View: can read on DAG Run:example_params_ui_tutorial
[2026-02-13T12:55:30.410+0100] {logging_mixin.py:190} INFO - [2026-02-13T12:55:30.410+0100] {override.py:1930} INFO - Created Permission View: can delete on DAG Run:example_params_ui_tutorial
[2026-02-13T12:55:30.422+0100] {logging_mixin.py:190} INFO - [2026-02-13T12:55:30.422+0100] {override.py:1930} INFO - Created Permission View: menu access on DAG Run:example_params_ui_tutorial
[2026-02-13T12:55:30.423+0100] {logging_mixin.py:190} INFO - [2026-02-13T12:55:30.422+0100] {dag.py:3239} INFO - Sync 1 DAGs
[2026-02-13T12:55:30.437+0100] {logging_mixin.py:190} INFO - [2026-02-13T12:55:30.437+0100] {dag.py:3262} INFO - Creating ORM DAG for example_params_ui_tutorial
[2026-02-13T12:55:30.438+0100] {logging_mixin.py:190} INFO - [2026-02-13T12:55:30.438+0100] {dag.py:4180} INFO - Setting next_dagrun for example_params_ui_tutorial to None, run_after=None
[2026-02-13T12:55:30.461+0100] {processor.py:208} INFO - Processing /home/gianotti/Documents/CryptoETL/.venv/lib/python3.12/site-packages/airflow/example_dags/example_params_ui_tutorial.py took 0.272 seconds
[2026-02-13T12:56:33.280+0100] {processor.py:186} INFO - Started process (PID=35082) to work on /home/gianotti/Documents/CryptoETL/.venv/lib/python3.12/site-packages/airflow/example_dags/example_params_ui_tutorial.py
[2026-02-13T12:56:33.288+0100] {processor.py:914} INFO - Processing file /home/gianotti/Documents/CryptoETL/.venv/lib/python3.12/site-packages/airflow/example_dags/example_params_ui_tutorial.py for tasks to queue
[2026-02-13T12:56:33.290+0100] {logging_mixin.py:190} INFO - [2026-02-13T12:56:33.290+0100] {dagbag.py:588} INFO - Filling up the DagBag from /home/gianotti/Documents/CryptoETL/.venv/lib/python3.12/site-packages/airflow/example_dags/example_params_ui_tutorial.py
[2026-02-13T12:56:33.298+0100] {processor.py:925} INFO - DAG(s) 'example_params_ui_tutorial' retrieved from /home/gianotti/Documents/CryptoETL/.venv/lib/python3.12/site-packages/airflow/example_dags/example_params_ui_tutorial.py
[2026-02-13T12:56:33.340+0100] {logging_mixin.py:190} INFO - [2026-02-13T12:56:33.339+0100] {dag.py:3239} INFO - Sync 1 DAGs
[2026-02-13T12:56:33.353+0100] {logging_mixin.py:190} INFO - [2026-02-13T12:56:33.353+0100] {dag.py:4180} INFO - Setting next_dagrun for example_params_ui_tutorial to None, run_after=None
[2026-02-13T12:56:33.379+0100] {processor.py:208} INFO - Processing /home/gianotti/Documents/CryptoETL/.venv/lib/python3.12/site-packages/airflow/example_dags/example_params_ui_tutorial.py took 0.104 seconds
[2026-02-13T12:57:31.962+0100] {processor.py:186} INFO - Started process (PID=35184) to work on /home/gianotti/Documents/CryptoETL/.venv/lib/python3.12/site-packages/airflow/example_dags/example_params_ui_tutorial.py
[2026-02-13T12:57:31.965+0100] {processor.py:914} INFO - Processing file /home/gianotti/Documents/CryptoETL/.venv/lib/python3.12/site-packages/airflow/example_dags/example_params_ui_tutorial.py for tasks to queue
[2026-02-13T12:57:31.967+0100] {logging_mixin.py:190} INFO - [2026-02-13T12:57:31.967+0100] {dagbag.py:588} INFO - Filling up the DagBag from /home/gianotti/Documents/CryptoETL/.venv/lib/python3.12/site-packages/airflow/example_dags/example_params_ui_tutorial.py
[2026-02-13T12:57:31.983+0100] {processor.py:925} INFO - DAG(s) 'example_params_ui_tutorial' retrieved from /home/gianotti/Documents/CryptoETL/.venv/lib/python3.12/site-packages/airflow/example_dags/example_params_ui_tutorial.py
[2026-02-13T12:57:32.029+0100] {logging_mixin.py:190} INFO - [2026-02-13T12:57:32.029+0100] {dag.py:3239} INFO - Sync 1 DAGs
[2026-02-13T12:57:32.039+0100] {logging_mixin.py:190} INFO - [2026-02-13T12:57:32.039+0100] {dag.py:4180} INFO - Setting next_dagrun for example_params_ui_tutorial to None, run_after=None
[2026-02-13T12:57:32.057+0100] {processor.py:208} INFO - Processing /home/gianotti/Documents/CryptoETL/.venv/lib/python3.12/site-packages/airflow/example_dags/example_params_ui_tutorial.py took 0.105 seconds
[2026-02-13T12:58:33.247+0100] {processor.py:186} INFO - Started process (PID=35333) to work on /home/gianotti/Documents/CryptoETL/.venv/lib/python3.12/site-packages/airflow/example_dags/example_params_ui_tutorial.py
[2026-02-13T12:58:33.250+0100] {processor.py:914} INFO - Processing file /home/gianotti/Documents/CryptoETL/.venv/lib/python3.12/site-packages/airflow/example_dags/example_params_ui_tutorial.py for tasks to queue
[2026-02-13T12:58:33.253+0100] {logging_mixin.py:190} INFO - [2026-02-13T12:58:33.253+0100] {dagbag.py:588} INFO - Filling up the DagBag from /home/gianotti/Documents/CryptoETL/.venv/lib/python3.12/site-packages/airflow/example_dags/example_params_ui_tutorial.py
[2026-02-13T12:58:33.270+0100] {processor.py:925} INFO - DAG(s) 'example_params_ui_tutorial' retrieved from /home/gianotti/Documents/CryptoETL/.venv/lib/python3.12/site-packages/airflow/example_dags/example_params_ui_tutorial.py
[2026-02-13T12:58:33.307+0100] {logging_mixin.py:190} INFO - [2026-02-13T12:58:33.307+0100] {dag.py:3239} INFO - Sync 1 DAGs
[2026-02-13T12:58:33.317+0100] {logging_mixin.py:190} INFO - [2026-02-13T12:58:33.317+0100] {dag.py:4180} INFO - Setting next_dagrun for example_params_ui_tutorial to None, run_after=None
[2026-02-13T12:58:33.335+0100] {processor.py:208} INFO - Processing /home/gianotti/Documents/CryptoETL/.venv/lib/python3.12/site-packages/airflow/example_dags/example_params_ui_tutorial.py took 0.098 seconds
[2026-02-13T12:59:28.052+0100] {processor.py:186} INFO - Started process (PID=35447) to work on /home/gianotti/Documents/CryptoETL/.venv/lib/python3.12/site-packages/airflow/example_dags/example_params_ui_tutorial.py
[2026-02-13T12:59:28.055+0100] {processor.py:914} INFO - Processing file /home/gianotti/Documents/CryptoETL/.venv/lib/python3.12/site-packages/airflow/example_dags/example_params_ui_tutorial.py for tasks to queue
[2026-02-13T12:59:28.058+0100] {logging_mixin.py:190} INFO - [2026-02-13T12:59:28.057+0100] {dagbag.py:588} INFO - Filling up the DagBag from /home/gianotti/Documents/CryptoETL/.venv/lib/python3.12/site-packages/airflow/example_dags/example_params_ui_tutorial.py
[2026-02-13T12:59:28.073+0100] {processor.py:925} INFO - DAG(s) 'example_params_ui_tutorial' retrieved from /home/gianotti/Documents/CryptoETL/.venv/lib/python3.12/site-packages/airflow/example_dags/example_params_ui_tutorial.py
[2026-02-13T12:59:28.106+0100] {logging_mixin.py:190} INFO - [2026-02-13T12:59:28.106+0100] {dag.py:3239} INFO - Sync 1 DAGs
[2026-02-13T12:59:28.116+0100] {logging_mixin.py:190} INFO - [2026-02-13T12:59:28.116+0100] {dag.py:4180} INFO - Setting next_dagrun for example_params_ui_tutorial to None, run_after=None
[2026-02-13T12:59:28.135+0100] {processor.py:208} INFO - Processing /home/gianotti/Documents/CryptoETL/.venv/lib/python3.12/site-packages/airflow/example_dags/example_params_ui_tutorial.py took 0.092 seconds
[2026-02-13T13:00:25.970+0100] {processor.py:186} INFO - Started process (PID=35554) to work on /home/gianotti/Documents/CryptoETL/.venv/lib/python3.12/site-packages/airflow/example_dags/example_params_ui_tutorial.py
[2026-02-13T13:00:25.972+0100] {processor.py:914} INFO - Processing file /home/gianotti/Documents/CryptoETL/.venv/lib/python3.12/site-packages/airflow/example_dags/example_params_ui_tutorial.py for tasks to queue
[2026-02-13T13:00:25.975+0100] {logging_mixin.py:190} INFO - [2026-02-13T13:00:25.974+0100] {dagbag.py:588} INFO - Filling up the DagBag from /home/gianotti/Documents/CryptoETL/.venv/lib/python3.12/site-packages/airflow/example_dags/example_params_ui_tutorial.py
[2026-02-13T13:00:25.993+0100] {processor.py:925} INFO - DAG(s) 'example_params_ui_tutorial' retrieved from /home/gianotti/Documents/CryptoETL/.venv/lib/python3.12/site-packages/airflow/example_dags/example_params_ui_tutorial.py
[2026-02-13T13:00:26.073+0100] {logging_mixin.py:190} INFO - [2026-02-13T13:00:26.073+0100] {dag.py:3239} INFO - Sync 1 DAGs
[2026-02-13T13:00:26.097+0100] {logging_mixin.py:190} INFO - [2026-02-13T13:00:26.097+0100] {dag.py:4180} INFO - Setting next_dagrun for example_params_ui_tutorial to None, run_after=None
[2026-02-13T13:00:26.137+0100] {processor.py:208} INFO - Processing /home/gianotti/Documents/CryptoETL/.venv/lib/python3.12/site-packages/airflow/example_dags/example_params_ui_tutorial.py took 0.177 seconds
[2026-02-13T13:01:26.173+0100] {processor.py:186} INFO - Started process (PID=35670) to work on /home/gianotti/Documents/CryptoETL/.venv/lib/python3.12/site-packages/airflow/example_dags/example_params_ui_tutorial.py
[2026-02-13T13:01:26.175+0100] {processor.py:914} INFO - Processing file /home/gianotti/Documents/CryptoETL/.venv/lib/python3.12/site-packages/airflow/example_dags/example_params_ui_tutorial.py for tasks to queue
[2026-02-13T13:01:26.176+0100] {logging_mixin.py:190} INFO - [2026-02-13T13:01:26.176+0100] {dagbag.py:588} INFO - Filling up the DagBag from /home/gianotti/Documents/CryptoETL/.venv/lib/python3.12/site-packages/airflow/example_dags/example_params_ui_tutorial.py
[2026-02-13T13:01:26.187+0100] {processor.py:925} INFO - DAG(s) 'example_params_ui_tutorial' retrieved from /home/gianotti/Documents/CryptoETL/.venv/lib/python3.12/site-packages/airflow/example_dags/example_params_ui_tutorial.py
[2026-02-13T13:01:26.222+0100] {logging_mixin.py:190} INFO - [2026-02-13T13:01:26.222+0100] {dag.py:3239} INFO - Sync 1 DAGs
[2026-02-13T13:01:26.233+0100] {logging_mixin.py:190} INFO - [2026-02-13T13:01:26.232+0100] {dag.py:4180} INFO - Setting next_dagrun for example_params_ui_tutorial to None, run_after=None
[2026-02-13T13:01:26.253+0100] {processor.py:208} INFO - Processing /home/gianotti/Documents/CryptoETL/.venv/lib/python3.12/site-packages/airflow/example_dags/example_params_ui_tutorial.py took 0.087 seconds
[2026-02-13T13:02:25.956+0100] {processor.py:186} INFO - Started process (PID=35809) to work on /home/gianotti/Documents/CryptoETL/.venv/lib/python3.12/site-packages/airflow/example_dags/example_params_ui_tutorial.py
[2026-02-13T13:02:25.958+0100] {processor.py:914} INFO - Processing file /home/gianotti/Documents/CryptoETL/.venv/lib/python3.12/site-packages/airflow/example_dags/example_params_ui_tutorial.py for tasks to queue
[2026-02-13T13:02:25.960+0100] {logging_mixin.py:190} INFO - [2026-02-13T13:02:25.959+0100] {dagbag.py:588} INFO - Filling up the DagBag from /home/gianotti/Documents/CryptoETL/.venv/lib/python3.12/site-packages/airflow/example_dags/example_params_ui_tutorial.py
[2026-02-13T13:02:25.975+0100] {processor.py:925} INFO - DAG(s) 'example_params_ui_tutorial' retrieved from /home/gianotti/Documents/CryptoETL/.venv/lib/python3.12/site-packages/airflow/example_dags/example_params_ui_tutorial.py
[2026-02-13T13:02:26.017+0100] {logging_mixin.py:190} INFO - [2026-02-13T13:02:26.016+0100] {dag.py:3239} INFO - Sync 1 DAGs
[2026-02-13T13:02:26.026+0100] {logging_mixin.py:190} INFO - [2026-02-13T13:02:26.026+0100] {dag.py:4180} INFO - Setting next_dagrun for example_params_ui_tutorial to None, run_after=None
[2026-02-13T13:02:26.045+0100] {processor.py:208} INFO - Processing /home/gianotti/Documents/CryptoETL/.venv/lib/python3.12/site-packages/airflow/example_dags/example_params_ui_tutorial.py took 0.099 seconds
[2026-02-13T13:03:20.773+0100] {processor.py:186} INFO - Started process (PID=35919) to work on /home/gianotti/Documents/CryptoETL/.venv/lib/python3.12/site-packages/airflow/example_dags/example_params_ui_tutorial.py
[2026-02-13T13:03:20.774+0100] {processor.py:914} INFO - Processing file /home/gianotti/Documents/CryptoETL/.venv/lib/python3.12/site-packages/airflow/example_dags/example_params_ui_tutorial.py for tasks to queue
[2026-02-13T13:03:20.776+0100] {logging_mixin.py:190} INFO - [2026-02-13T13:03:20.775+0100] {dagbag.py:588} INFO - Filling up the DagBag from /home/gianotti/Documents/CryptoETL/.venv/lib/python3.12/site-packages/airflow/example_dags/example_params_ui_tutorial.py
[2026-02-13T13:03:20.789+0100] {processor.py:925} INFO - DAG(s) 'example_params_ui_tutorial' retrieved from /home/gianotti/Documents/CryptoETL/.venv/lib/python3.12/site-packages/airflow/example_dags/example_params_ui_tutorial.py
[2026-02-13T13:03:20.838+0100] {logging_mixin.py:190} INFO - [2026-02-13T13:03:20.838+0100] {dag.py:3239} INFO - Sync 1 DAGs
[2026-02-13T13:03:20.849+0100] {logging_mixin.py:190} INFO - [2026-02-13T13:03:20.848+0100] {dag.py:4180} INFO - Setting next_dagrun for example_params_ui_tutorial to None, run_after=None
[2026-02-13T13:03:20.868+0100] {processor.py:208} INFO - Processing /home/gianotti/Documents/CryptoETL/.venv/lib/python3.12/site-packages/airflow/example_dags/example_params_ui_tutorial.py took 0.101 seconds
[2026-02-13T13:04:20.763+0100] {processor.py:186} INFO - Started process (PID=36055) to work on /home/gianotti/Documents/CryptoETL/.venv/lib/python3.12/site-packages/airflow/example_dags/example_params_ui_tutorial.py
[2026-02-13T13:04:20.766+0100] {processor.py:914} INFO - Processing file /home/gianotti/Documents/CryptoETL/.venv/lib/python3.12/site-packages/airflow/example_dags/example_params_ui_tutorial.py for tasks to queue
[2026-02-13T13:04:20.768+0100] {logging_mixin.py:190} INFO - [2026-02-13T13:04:20.768+0100] {dagbag.py:588} INFO - Filling up the DagBag from /home/gianotti/Documents/CryptoETL/.venv/lib/python3.12/site-packages/airflow/example_dags/example_params_ui_tutorial.py
[2026-02-13T13:04:20.787+0100] {processor.py:925} INFO - DAG(s) 'example_params_ui_tutorial' retrieved from /home/gianotti/Documents/CryptoETL/.venv/lib/python3.12/site-packages/airflow/example_dags/example_params_ui_tutorial.py
[2026-02-13T13:04:20.851+0100] {logging_mixin.py:190} INFO - [2026-02-13T13:04:20.850+0100] {dag.py:3239} INFO - Sync 1 DAGs
[2026-02-13T13:04:20.872+0100] {logging_mixin.py:190} INFO - [2026-02-13T13:04:20.872+0100] {dag.py:4180} INFO - Setting next_dagrun for example_params_ui_tutorial to None, run_after=None
[2026-02-13T13:04:20.909+0100] {processor.py:208} INFO - Processing /home/gianotti/Documents/CryptoETL/.venv/lib/python3.12/site-packages/airflow/example_dags/example_params_ui_tutorial.py took 0.156 seconds
[2026-02-13T13:05:25.758+0100] {processor.py:186} INFO - Started process (PID=36168) to work on /home/gianotti/Documents/CryptoETL/.venv/lib/python3.12/site-packages/airflow/example_dags/example_params_ui_tutorial.py
[2026-02-13T13:05:25.759+0100] {processor.py:914} INFO - Processing file /home/gianotti/Documents/CryptoETL/.venv/lib/python3.12/site-packages/airflow/example_dags/example_params_ui_tutorial.py for tasks to queue
[2026-02-13T13:05:25.761+0100] {logging_mixin.py:190} INFO - [2026-02-13T13:05:25.761+0100] {dagbag.py:588} INFO - Filling up the DagBag from /home/gianotti/Documents/CryptoETL/.venv/lib/python3.12/site-packages/airflow/example_dags/example_params_ui_tutorial.py
[2026-02-13T13:05:25.778+0100] {processor.py:925} INFO - DAG(s) 'example_params_ui_tutorial' retrieved from /home/gianotti/Documents/CryptoETL/.venv/lib/python3.12/site-packages/airflow/example_dags/example_params_ui_tutorial.py
[2026-02-13T13:05:25.841+0100] {logging_mixin.py:190} INFO - [2026-02-13T13:05:25.841+0100] {dag.py:3239} INFO - Sync 1 DAGs
[2026-02-13T13:05:25.861+0100] {logging_mixin.py:190} INFO - [2026-02-13T13:05:25.861+0100] {dag.py:4180} INFO - Setting next_dagrun for example_params_ui_tutorial to None, run_after=None
[2026-02-13T13:05:25.896+0100] {processor.py:208} INFO - Processing /home/gianotti/Documents/CryptoETL/.venv/lib/python3.12/site-packages/airflow/example_dags/example_params_ui_tutorial.py took 0.148 seconds
[2026-02-13T13:06:32.494+0100] {processor.py:186} INFO - Started process (PID=36278) to work on /home/gianotti/Documents/CryptoETL/.venv/lib/python3.12/site-packages/airflow/example_dags/example_params_ui_tutorial.py
[2026-02-13T13:06:32.497+0100] {processor.py:914} INFO - Processing file /home/gianotti/Documents/CryptoETL/.venv/lib/python3.12/site-packages/airflow/example_dags/example_params_ui_tutorial.py for tasks to queue
[2026-02-13T13:06:32.499+0100] {logging_mixin.py:190} INFO - [2026-02-13T13:06:32.498+0100] {dagbag.py:588} INFO - Filling up the DagBag from /home/gianotti/Documents/CryptoETL/.venv/lib/python3.12/site-packages/airflow/example_dags/example_params_ui_tutorial.py
[2026-02-13T13:06:32.516+0100] {processor.py:925} INFO - DAG(s) 'example_params_ui_tutorial' retrieved from /home/gianotti/Documents/CryptoETL/.venv/lib/python3.12/site-packages/airflow/example_dags/example_params_ui_tutorial.py
[2026-02-13T13:06:32.580+0100] {logging_mixin.py:190} INFO - [2026-02-13T13:06:32.580+0100] {dag.py:3239} INFO - Sync 1 DAGs
[2026-02-13T13:06:32.600+0100] {logging_mixin.py:190} INFO - [2026-02-13T13:06:32.599+0100] {dag.py:4180} INFO - Setting next_dagrun for example_params_ui_tutorial to None, run_after=None
[2026-02-13T13:06:32.632+0100] {processor.py:208} INFO - Processing /home/gianotti/Documents/CryptoETL/.venv/lib/python3.12/site-packages/airflow/example_dags/example_params_ui_tutorial.py took 0.148 seconds
[2026-02-13T13:07:41.379+0100] {processor.py:186} INFO - Started process (PID=36365) to work on /home/gianotti/Documents/CryptoETL/.venv/lib/python3.12/site-packages/airflow/example_dags/example_params_ui_tutorial.py
[2026-02-13T13:07:41.382+0100] {processor.py:914} INFO - Processing file /home/gianotti/Documents/CryptoETL/.venv/lib/python3.12/site-packages/airflow/example_dags/example_params_ui_tutorial.py for tasks to queue
[2026-02-13T13:07:41.385+0100] {logging_mixin.py:190} INFO - [2026-02-13T13:07:41.384+0100] {dagbag.py:588} INFO - Filling up the DagBag from /home/gianotti/Documents/CryptoETL/.venv/lib/python3.12/site-packages/airflow/example_dags/example_params_ui_tutorial.py
[2026-02-13T13:07:41.403+0100] {processor.py:925} INFO - DAG(s) 'example_params_ui_tutorial' retrieved from /home/gianotti/Documents/CryptoETL/.venv/lib/python3.12/site-packages/airflow/example_dags/example_params_ui_tutorial.py
[2026-02-13T13:07:41.477+0100] {logging_mixin.py:190} INFO - [2026-02-13T13:07:41.477+0100] {dag.py:3239} INFO - Sync 1 DAGs
[2026-02-13T13:07:41.500+0100] {logging_mixin.py:190} INFO - [2026-02-13T13:07:41.500+0100] {dag.py:4180} INFO - Setting next_dagrun for example_params_ui_tutorial to None, run_after=None
[2026-02-13T13:07:41.536+0100] {processor.py:208} INFO - Processing /home/gianotti/Documents/CryptoETL/.venv/lib/python3.12/site-packages/airflow/example_dags/example_params_ui_tutorial.py took 0.167 seconds
[2026-02-13T13:08:47.770+0100] {processor.py:186} INFO - Started process (PID=36484) to work on /home/gianotti/Documents/CryptoETL/.venv/lib/python3.12/site-packages/airflow/example_dags/example_params_ui_tutorial.py
[2026-02-13T13:08:47.773+0100] {processor.py:914} INFO - Processing file /home/gianotti/Documents/CryptoETL/.venv/lib/python3.12/site-packages/airflow/example_dags/example_params_ui_tutorial.py for tasks to queue
[2026-02-13T13:08:47.775+0100] {logging_mixin.py:190} INFO - [2026-02-13T13:08:47.775+0100] {dagbag.py:588} INFO - Filling up the DagBag from /home/gianotti/Documents/CryptoETL/.venv/lib/python3.12/site-packages/airflow/example_dags/example_params_ui_tutorial.py
[2026-02-13T13:08:47.791+0100] {processor.py:925} INFO - DAG(s) 'example_params_ui_tutorial' retrieved from /home/gianotti/Documents/CryptoETL/.venv/lib/python3.12/site-packages/airflow/example_dags/example_params_ui_tutorial.py
[2026-02-13T13:08:47.852+0100] {logging_mixin.py:190} INFO - [2026-02-13T13:08:47.852+0100] {dag.py:3239} INFO - Sync 1 DAGs
[2026-02-13T13:08:47.872+0100] {logging_mixin.py:190} INFO - [2026-02-13T13:08:47.872+0100] {dag.py:4180} INFO - Setting next_dagrun for example_params_ui_tutorial to None, run_after=None
[2026-02-13T13:08:47.909+0100] {processor.py:208} INFO - Processing /home/gianotti/Documents/CryptoETL/.venv/lib/python3.12/site-packages/airflow/example_dags/example_params_ui_tutorial.py took 0.148 seconds
[2026-02-13T13:09:56.559+0100] {processor.py:186} INFO - Started process (PID=36612) to work on /home/gianotti/Documents/CryptoETL/.venv/lib/python3.12/site-packages/airflow/example_dags/example_params_ui_tutorial.py
[2026-02-13T13:09:56.561+0100] {processor.py:914} INFO - Processing file /home/gianotti/Documents/CryptoETL/.venv/lib/python3.12/site-packages/airflow/example_dags/example_params_ui_tutorial.py for tasks to queue
[2026-02-13T13:09:56.564+0100] {logging_mixin.py:190} INFO - [2026-02-13T13:09:56.563+0100] {dagbag.py:588} INFO - Filling up the DagBag from /home/gianotti/Documents/CryptoETL/.venv/lib/python3.12/site-packages/airflow/example_dags/example_params_ui_tutorial.py
[2026-02-13T13:09:56.581+0100] {processor.py:925} INFO - DAG(s) 'example_params_ui_tutorial' retrieved from /home/gianotti/Documents/CryptoETL/.venv/lib/python3.12/site-packages/airflow/example_dags/example_params_ui_tutorial.py
[2026-02-13T13:09:56.651+0100] {logging_mixin.py:190} INFO - [2026-02-13T13:09:56.651+0100] {dag.py:3239} INFO - Sync 1 DAGs
[2026-02-13T13:09:56.675+0100] {logging_mixin.py:190} INFO - [2026-02-13T13:09:56.674+0100] {dag.py:4180} INFO - Setting next_dagrun for example_params_ui_tutorial to None, run_after=None
[2026-02-13T13:09:56.711+0100] {processor.py:208} INFO - Processing /home/gianotti/Documents/CryptoETL/.venv/lib/python3.12/site-packages/airflow/example_dags/example_params_ui_tutorial.py took 0.162 seconds
[2026-02-13T13:11:01.918+0100] {processor.py:186} INFO - Started process (PID=36729) to work on /home/gianotti/Documents/CryptoETL/.venv/lib/python3.12/site-packages/airflow/example_dags/example_params_ui_tutorial.py
[2026-02-13T13:11:01.920+0100] {processor.py:914} INFO - Processing file /home/gianotti/Documents/CryptoETL/.venv/lib/python3.12/site-packages/airflow/example_dags/example_params_ui_tutorial.py for tasks to queue
[2026-02-13T13:11:01.922+0100] {logging_mixin.py:190} INFO - [2026-02-13T13:11:01.921+0100] {dagbag.py:588} INFO - Filling up the DagBag from /home/gianotti/Documents/CryptoETL/.venv/lib/python3.12/site-packages/airflow/example_dags/example_params_ui_tutorial.py
[2026-02-13T13:11:01.937+0100] {processor.py:925} INFO - DAG(s) 'example_params_ui_tutorial' retrieved from /home/gianotti/Documents/CryptoETL/.venv/lib/python3.12/site-packages/airflow/example_dags/example_params_ui_tutorial.py
[2026-02-13T13:11:02.003+0100] {logging_mixin.py:190} INFO - [2026-02-13T13:11:02.002+0100] {dag.py:3239} INFO - Sync 1 DAGs
[2026-02-13T13:11:02.023+0100] {logging_mixin.py:190} INFO - [2026-02-13T13:11:02.023+0100] {dag.py:4180} INFO - Setting next_dagrun for example_params_ui_tutorial to None, run_after=None
[2026-02-13T13:11:02.058+0100] {processor.py:208} INFO - Processing /home/gianotti/Documents/CryptoETL/.venv/lib/python3.12/site-packages/airflow/example_dags/example_params_ui_tutorial.py took 0.149 seconds
