[2026-02-13T12:55:21.053+0100] {processor.py:186} INFO - Started process (PID=34949) to work on /home/gianotti/Documents/CryptoETL/.venv/lib/python3.12/site-packages/airflow/example_dags/example_short_circuit_decorator.py
[2026-02-13T12:55:21.055+0100] {processor.py:914} INFO - Processing file /home/gianotti/Documents/CryptoETL/.venv/lib/python3.12/site-packages/airflow/example_dags/example_short_circuit_decorator.py for tasks to queue
[2026-02-13T12:55:21.058+0100] {logging_mixin.py:190} INFO - [2026-02-13T12:55:21.058+0100] {dagbag.py:588} INFO - Filling up the DagBag from /home/gianotti/Documents/CryptoETL/.venv/lib/python3.12/site-packages/airflow/example_dags/example_short_circuit_decorator.py
[2026-02-13T12:55:21.079+0100] {processor.py:925} INFO - DAG(s) 'example_short_circuit_decorator' retrieved from /home/gianotti/Documents/CryptoETL/.venv/lib/python3.12/site-packages/airflow/example_dags/example_short_circuit_decorator.py
[2026-02-13T12:55:21.185+0100] {logging_mixin.py:190} INFO - [2026-02-13T12:55:21.185+0100] {override.py:1930} INFO - Created Permission View: can edit on DAG:example_short_circuit_decorator
[2026-02-13T12:55:21.203+0100] {logging_mixin.py:190} INFO - [2026-02-13T12:55:21.202+0100] {override.py:1930} INFO - Created Permission View: can read on DAG:example_short_circuit_decorator
[2026-02-13T12:55:21.215+0100] {logging_mixin.py:190} INFO - [2026-02-13T12:55:21.214+0100] {override.py:1930} INFO - Created Permission View: can delete on DAG:example_short_circuit_decorator
[2026-02-13T12:55:21.231+0100] {logging_mixin.py:190} INFO - [2026-02-13T12:55:21.231+0100] {override.py:1930} INFO - Created Permission View: can create on DAG Run:example_short_circuit_decorator
[2026-02-13T12:55:21.243+0100] {logging_mixin.py:190} INFO - [2026-02-13T12:55:21.243+0100] {override.py:1930} INFO - Created Permission View: can read on DAG Run:example_short_circuit_decorator
[2026-02-13T12:55:21.256+0100] {logging_mixin.py:190} INFO - [2026-02-13T12:55:21.256+0100] {override.py:1930} INFO - Created Permission View: can delete on DAG Run:example_short_circuit_decorator
[2026-02-13T12:55:21.269+0100] {logging_mixin.py:190} INFO - [2026-02-13T12:55:21.269+0100] {override.py:1930} INFO - Created Permission View: menu access on DAG Run:example_short_circuit_decorator
[2026-02-13T12:55:21.270+0100] {logging_mixin.py:190} INFO - [2026-02-13T12:55:21.270+0100] {dag.py:3239} INFO - Sync 1 DAGs
[2026-02-13T12:55:21.287+0100] {logging_mixin.py:190} INFO - [2026-02-13T12:55:21.287+0100] {dag.py:3262} INFO - Creating ORM DAG for example_short_circuit_decorator
[2026-02-13T12:55:21.288+0100] {logging_mixin.py:190} INFO - [2026-02-13T12:55:21.288+0100] {dag.py:4180} INFO - Setting next_dagrun for example_short_circuit_decorator to None, run_after=None
[2026-02-13T12:55:21.316+0100] {processor.py:208} INFO - Processing /home/gianotti/Documents/CryptoETL/.venv/lib/python3.12/site-packages/airflow/example_dags/example_short_circuit_decorator.py took 0.272 seconds
[2026-02-13T12:56:25.869+0100] {processor.py:186} INFO - Started process (PID=35071) to work on /home/gianotti/Documents/CryptoETL/.venv/lib/python3.12/site-packages/airflow/example_dags/example_short_circuit_decorator.py
[2026-02-13T12:56:25.872+0100] {processor.py:914} INFO - Processing file /home/gianotti/Documents/CryptoETL/.venv/lib/python3.12/site-packages/airflow/example_dags/example_short_circuit_decorator.py for tasks to queue
[2026-02-13T12:56:25.875+0100] {logging_mixin.py:190} INFO - [2026-02-13T12:56:25.874+0100] {dagbag.py:588} INFO - Filling up the DagBag from /home/gianotti/Documents/CryptoETL/.venv/lib/python3.12/site-packages/airflow/example_dags/example_short_circuit_decorator.py
[2026-02-13T12:56:25.892+0100] {processor.py:925} INFO - DAG(s) 'example_short_circuit_decorator' retrieved from /home/gianotti/Documents/CryptoETL/.venv/lib/python3.12/site-packages/airflow/example_dags/example_short_circuit_decorator.py
[2026-02-13T12:56:25.912+0100] {logging_mixin.py:190} INFO - [2026-02-13T12:56:25.911+0100] {dag.py:3239} INFO - Sync 1 DAGs
[2026-02-13T12:56:25.921+0100] {logging_mixin.py:190} INFO - [2026-02-13T12:56:25.921+0100] {dag.py:4180} INFO - Setting next_dagrun for example_short_circuit_decorator to None, run_after=None
[2026-02-13T12:56:25.940+0100] {processor.py:208} INFO - Processing /home/gianotti/Documents/CryptoETL/.venv/lib/python3.12/site-packages/airflow/example_dags/example_short_circuit_decorator.py took 0.080 seconds
[2026-02-13T12:57:25.185+0100] {processor.py:186} INFO - Started process (PID=35170) to work on /home/gianotti/Documents/CryptoETL/.venv/lib/python3.12/site-packages/airflow/example_dags/example_short_circuit_decorator.py
[2026-02-13T12:57:25.188+0100] {processor.py:914} INFO - Processing file /home/gianotti/Documents/CryptoETL/.venv/lib/python3.12/site-packages/airflow/example_dags/example_short_circuit_decorator.py for tasks to queue
[2026-02-13T12:57:25.192+0100] {logging_mixin.py:190} INFO - [2026-02-13T12:57:25.191+0100] {dagbag.py:588} INFO - Filling up the DagBag from /home/gianotti/Documents/CryptoETL/.venv/lib/python3.12/site-packages/airflow/example_dags/example_short_circuit_decorator.py
[2026-02-13T12:57:25.210+0100] {processor.py:925} INFO - DAG(s) 'example_short_circuit_decorator' retrieved from /home/gianotti/Documents/CryptoETL/.venv/lib/python3.12/site-packages/airflow/example_dags/example_short_circuit_decorator.py
[2026-02-13T12:57:25.236+0100] {logging_mixin.py:190} INFO - [2026-02-13T12:57:25.236+0100] {dag.py:3239} INFO - Sync 1 DAGs
[2026-02-13T12:57:25.247+0100] {logging_mixin.py:190} INFO - [2026-02-13T12:57:25.247+0100] {dag.py:4180} INFO - Setting next_dagrun for example_short_circuit_decorator to None, run_after=None
[2026-02-13T12:57:25.265+0100] {processor.py:208} INFO - Processing /home/gianotti/Documents/CryptoETL/.venv/lib/python3.12/site-packages/airflow/example_dags/example_short_circuit_decorator.py took 0.088 seconds
[2026-02-13T12:58:22.693+0100] {processor.py:186} INFO - Started process (PID=35314) to work on /home/gianotti/Documents/CryptoETL/.venv/lib/python3.12/site-packages/airflow/example_dags/example_short_circuit_decorator.py
[2026-02-13T12:58:22.696+0100] {processor.py:914} INFO - Processing file /home/gianotti/Documents/CryptoETL/.venv/lib/python3.12/site-packages/airflow/example_dags/example_short_circuit_decorator.py for tasks to queue
[2026-02-13T12:58:22.699+0100] {logging_mixin.py:190} INFO - [2026-02-13T12:58:22.698+0100] {dagbag.py:588} INFO - Filling up the DagBag from /home/gianotti/Documents/CryptoETL/.venv/lib/python3.12/site-packages/airflow/example_dags/example_short_circuit_decorator.py
[2026-02-13T12:58:22.716+0100] {processor.py:925} INFO - DAG(s) 'example_short_circuit_decorator' retrieved from /home/gianotti/Documents/CryptoETL/.venv/lib/python3.12/site-packages/airflow/example_dags/example_short_circuit_decorator.py
[2026-02-13T12:58:22.739+0100] {logging_mixin.py:190} INFO - [2026-02-13T12:58:22.739+0100] {dag.py:3239} INFO - Sync 1 DAGs
[2026-02-13T12:58:22.757+0100] {logging_mixin.py:190} INFO - [2026-02-13T12:58:22.757+0100] {dag.py:4180} INFO - Setting next_dagrun for example_short_circuit_decorator to None, run_after=None
[2026-02-13T12:58:22.788+0100] {processor.py:208} INFO - Processing /home/gianotti/Documents/CryptoETL/.venv/lib/python3.12/site-packages/airflow/example_dags/example_short_circuit_decorator.py took 0.105 seconds
[2026-02-13T12:59:16.471+0100] {processor.py:186} INFO - Started process (PID=35428) to work on /home/gianotti/Documents/CryptoETL/.venv/lib/python3.12/site-packages/airflow/example_dags/example_short_circuit_decorator.py
[2026-02-13T12:59:16.474+0100] {processor.py:914} INFO - Processing file /home/gianotti/Documents/CryptoETL/.venv/lib/python3.12/site-packages/airflow/example_dags/example_short_circuit_decorator.py for tasks to queue
[2026-02-13T12:59:16.477+0100] {logging_mixin.py:190} INFO - [2026-02-13T12:59:16.477+0100] {dagbag.py:588} INFO - Filling up the DagBag from /home/gianotti/Documents/CryptoETL/.venv/lib/python3.12/site-packages/airflow/example_dags/example_short_circuit_decorator.py
[2026-02-13T12:59:16.494+0100] {processor.py:925} INFO - DAG(s) 'example_short_circuit_decorator' retrieved from /home/gianotti/Documents/CryptoETL/.venv/lib/python3.12/site-packages/airflow/example_dags/example_short_circuit_decorator.py
[2026-02-13T12:59:16.526+0100] {logging_mixin.py:190} INFO - [2026-02-13T12:59:16.526+0100] {dag.py:3239} INFO - Sync 1 DAGs
[2026-02-13T12:59:16.542+0100] {logging_mixin.py:190} INFO - [2026-02-13T12:59:16.542+0100] {dag.py:4180} INFO - Setting next_dagrun for example_short_circuit_decorator to None, run_after=None
[2026-02-13T12:59:16.575+0100] {processor.py:208} INFO - Processing /home/gianotti/Documents/CryptoETL/.venv/lib/python3.12/site-packages/airflow/example_dags/example_short_circuit_decorator.py took 0.113 seconds
[2026-02-13T13:00:10.886+0100] {processor.py:186} INFO - Started process (PID=35528) to work on /home/gianotti/Documents/CryptoETL/.venv/lib/python3.12/site-packages/airflow/example_dags/example_short_circuit_decorator.py
[2026-02-13T13:00:10.888+0100] {processor.py:914} INFO - Processing file /home/gianotti/Documents/CryptoETL/.venv/lib/python3.12/site-packages/airflow/example_dags/example_short_circuit_decorator.py for tasks to queue
[2026-02-13T13:00:10.889+0100] {logging_mixin.py:190} INFO - [2026-02-13T13:00:10.888+0100] {dagbag.py:588} INFO - Filling up the DagBag from /home/gianotti/Documents/CryptoETL/.venv/lib/python3.12/site-packages/airflow/example_dags/example_short_circuit_decorator.py
[2026-02-13T13:00:10.900+0100] {processor.py:925} INFO - DAG(s) 'example_short_circuit_decorator' retrieved from /home/gianotti/Documents/CryptoETL/.venv/lib/python3.12/site-packages/airflow/example_dags/example_short_circuit_decorator.py
[2026-02-13T13:00:10.918+0100] {logging_mixin.py:190} INFO - [2026-02-13T13:00:10.918+0100] {dag.py:3239} INFO - Sync 1 DAGs
[2026-02-13T13:00:10.928+0100] {logging_mixin.py:190} INFO - [2026-02-13T13:00:10.928+0100] {dag.py:4180} INFO - Setting next_dagrun for example_short_circuit_decorator to None, run_after=None
[2026-02-13T13:00:10.948+0100] {processor.py:208} INFO - Processing /home/gianotti/Documents/CryptoETL/.venv/lib/python3.12/site-packages/airflow/example_dags/example_short_circuit_decorator.py took 0.066 seconds
[2026-02-13T13:01:08.845+0100] {processor.py:186} INFO - Started process (PID=35635) to work on /home/gianotti/Documents/CryptoETL/.venv/lib/python3.12/site-packages/airflow/example_dags/example_short_circuit_decorator.py
[2026-02-13T13:01:08.848+0100] {processor.py:914} INFO - Processing file /home/gianotti/Documents/CryptoETL/.venv/lib/python3.12/site-packages/airflow/example_dags/example_short_circuit_decorator.py for tasks to queue
[2026-02-13T13:01:08.851+0100] {logging_mixin.py:190} INFO - [2026-02-13T13:01:08.850+0100] {dagbag.py:588} INFO - Filling up the DagBag from /home/gianotti/Documents/CryptoETL/.venv/lib/python3.12/site-packages/airflow/example_dags/example_short_circuit_decorator.py
[2026-02-13T13:01:08.869+0100] {processor.py:925} INFO - DAG(s) 'example_short_circuit_decorator' retrieved from /home/gianotti/Documents/CryptoETL/.venv/lib/python3.12/site-packages/airflow/example_dags/example_short_circuit_decorator.py
[2026-02-13T13:01:08.898+0100] {logging_mixin.py:190} INFO - [2026-02-13T13:01:08.898+0100] {dag.py:3239} INFO - Sync 1 DAGs
[2026-02-13T13:01:08.912+0100] {logging_mixin.py:190} INFO - [2026-02-13T13:01:08.911+0100] {dag.py:4180} INFO - Setting next_dagrun for example_short_circuit_decorator to None, run_after=None
[2026-02-13T13:01:08.930+0100] {processor.py:208} INFO - Processing /home/gianotti/Documents/CryptoETL/.venv/lib/python3.12/site-packages/airflow/example_dags/example_short_circuit_decorator.py took 0.094 seconds
[2026-02-13T13:02:09.001+0100] {processor.py:186} INFO - Started process (PID=35750) to work on /home/gianotti/Documents/CryptoETL/.venv/lib/python3.12/site-packages/airflow/example_dags/example_short_circuit_decorator.py
[2026-02-13T13:02:09.004+0100] {processor.py:914} INFO - Processing file /home/gianotti/Documents/CryptoETL/.venv/lib/python3.12/site-packages/airflow/example_dags/example_short_circuit_decorator.py for tasks to queue
[2026-02-13T13:02:09.005+0100] {logging_mixin.py:190} INFO - [2026-02-13T13:02:09.005+0100] {dagbag.py:588} INFO - Filling up the DagBag from /home/gianotti/Documents/CryptoETL/.venv/lib/python3.12/site-packages/airflow/example_dags/example_short_circuit_decorator.py
[2026-02-13T13:02:09.023+0100] {processor.py:925} INFO - DAG(s) 'example_short_circuit_decorator' retrieved from /home/gianotti/Documents/CryptoETL/.venv/lib/python3.12/site-packages/airflow/example_dags/example_short_circuit_decorator.py
[2026-02-13T13:02:09.052+0100] {logging_mixin.py:190} INFO - [2026-02-13T13:02:09.052+0100] {dag.py:3239} INFO - Sync 1 DAGs
[2026-02-13T13:02:09.071+0100] {logging_mixin.py:190} INFO - [2026-02-13T13:02:09.071+0100] {dag.py:4180} INFO - Setting next_dagrun for example_short_circuit_decorator to None, run_after=None
[2026-02-13T13:02:09.099+0100] {processor.py:208} INFO - Processing /home/gianotti/Documents/CryptoETL/.venv/lib/python3.12/site-packages/airflow/example_dags/example_short_circuit_decorator.py took 0.107 seconds
[2026-02-13T13:03:06.335+0100] {processor.py:186} INFO - Started process (PID=35861) to work on /home/gianotti/Documents/CryptoETL/.venv/lib/python3.12/site-packages/airflow/example_dags/example_short_circuit_decorator.py
[2026-02-13T13:03:06.338+0100] {processor.py:914} INFO - Processing file /home/gianotti/Documents/CryptoETL/.venv/lib/python3.12/site-packages/airflow/example_dags/example_short_circuit_decorator.py for tasks to queue
[2026-02-13T13:03:06.340+0100] {logging_mixin.py:190} INFO - [2026-02-13T13:03:06.340+0100] {dagbag.py:588} INFO - Filling up the DagBag from /home/gianotti/Documents/CryptoETL/.venv/lib/python3.12/site-packages/airflow/example_dags/example_short_circuit_decorator.py
[2026-02-13T13:03:06.359+0100] {processor.py:925} INFO - DAG(s) 'example_short_circuit_decorator' retrieved from /home/gianotti/Documents/CryptoETL/.venv/lib/python3.12/site-packages/airflow/example_dags/example_short_circuit_decorator.py
[2026-02-13T13:03:06.386+0100] {logging_mixin.py:190} INFO - [2026-02-13T13:03:06.386+0100] {dag.py:3239} INFO - Sync 1 DAGs
[2026-02-13T13:03:06.397+0100] {logging_mixin.py:190} INFO - [2026-02-13T13:03:06.397+0100] {dag.py:4180} INFO - Setting next_dagrun for example_short_circuit_decorator to None, run_after=None
[2026-02-13T13:03:06.417+0100] {processor.py:208} INFO - Processing /home/gianotti/Documents/CryptoETL/.venv/lib/python3.12/site-packages/airflow/example_dags/example_short_circuit_decorator.py took 0.091 seconds
[2026-02-13T13:04:03.665+0100] {processor.py:186} INFO - Started process (PID=36009) to work on /home/gianotti/Documents/CryptoETL/.venv/lib/python3.12/site-packages/airflow/example_dags/example_short_circuit_decorator.py
[2026-02-13T13:04:03.667+0100] {processor.py:914} INFO - Processing file /home/gianotti/Documents/CryptoETL/.venv/lib/python3.12/site-packages/airflow/example_dags/example_short_circuit_decorator.py for tasks to queue
[2026-02-13T13:04:03.670+0100] {logging_mixin.py:190} INFO - [2026-02-13T13:04:03.669+0100] {dagbag.py:588} INFO - Filling up the DagBag from /home/gianotti/Documents/CryptoETL/.venv/lib/python3.12/site-packages/airflow/example_dags/example_short_circuit_decorator.py
[2026-02-13T13:04:03.687+0100] {processor.py:925} INFO - DAG(s) 'example_short_circuit_decorator' retrieved from /home/gianotti/Documents/CryptoETL/.venv/lib/python3.12/site-packages/airflow/example_dags/example_short_circuit_decorator.py
[2026-02-13T13:04:03.718+0100] {logging_mixin.py:190} INFO - [2026-02-13T13:04:03.717+0100] {dag.py:3239} INFO - Sync 1 DAGs
[2026-02-13T13:04:03.739+0100] {logging_mixin.py:190} INFO - [2026-02-13T13:04:03.738+0100] {dag.py:4180} INFO - Setting next_dagrun for example_short_circuit_decorator to None, run_after=None
[2026-02-13T13:04:03.781+0100] {processor.py:208} INFO - Processing /home/gianotti/Documents/CryptoETL/.venv/lib/python3.12/site-packages/airflow/example_dags/example_short_circuit_decorator.py took 0.126 seconds
[2026-02-13T13:05:06.512+0100] {processor.py:186} INFO - Started process (PID=36136) to work on /home/gianotti/Documents/CryptoETL/.venv/lib/python3.12/site-packages/airflow/example_dags/example_short_circuit_decorator.py
[2026-02-13T13:05:06.515+0100] {processor.py:914} INFO - Processing file /home/gianotti/Documents/CryptoETL/.venv/lib/python3.12/site-packages/airflow/example_dags/example_short_circuit_decorator.py for tasks to queue
[2026-02-13T13:05:06.517+0100] {logging_mixin.py:190} INFO - [2026-02-13T13:05:06.516+0100] {dagbag.py:588} INFO - Filling up the DagBag from /home/gianotti/Documents/CryptoETL/.venv/lib/python3.12/site-packages/airflow/example_dags/example_short_circuit_decorator.py
[2026-02-13T13:05:06.537+0100] {processor.py:925} INFO - DAG(s) 'example_short_circuit_decorator' retrieved from /home/gianotti/Documents/CryptoETL/.venv/lib/python3.12/site-packages/airflow/example_dags/example_short_circuit_decorator.py
[2026-02-13T13:05:06.576+0100] {logging_mixin.py:190} INFO - [2026-02-13T13:05:06.576+0100] {dag.py:3239} INFO - Sync 1 DAGs
[2026-02-13T13:05:06.604+0100] {logging_mixin.py:190} INFO - [2026-02-13T13:05:06.603+0100] {dag.py:4180} INFO - Setting next_dagrun for example_short_circuit_decorator to None, run_after=None
[2026-02-13T13:05:06.643+0100] {processor.py:208} INFO - Processing /home/gianotti/Documents/CryptoETL/.venv/lib/python3.12/site-packages/airflow/example_dags/example_short_circuit_decorator.py took 0.141 seconds
[2026-02-13T13:06:11.642+0100] {processor.py:186} INFO - Started process (PID=36256) to work on /home/gianotti/Documents/CryptoETL/.venv/lib/python3.12/site-packages/airflow/example_dags/example_short_circuit_decorator.py
[2026-02-13T13:06:11.645+0100] {processor.py:914} INFO - Processing file /home/gianotti/Documents/CryptoETL/.venv/lib/python3.12/site-packages/airflow/example_dags/example_short_circuit_decorator.py for tasks to queue
[2026-02-13T13:06:11.647+0100] {logging_mixin.py:190} INFO - [2026-02-13T13:06:11.646+0100] {dagbag.py:588} INFO - Filling up the DagBag from /home/gianotti/Documents/CryptoETL/.venv/lib/python3.12/site-packages/airflow/example_dags/example_short_circuit_decorator.py
[2026-02-13T13:06:11.666+0100] {processor.py:925} INFO - DAG(s) 'example_short_circuit_decorator' retrieved from /home/gianotti/Documents/CryptoETL/.venv/lib/python3.12/site-packages/airflow/example_dags/example_short_circuit_decorator.py
[2026-02-13T13:06:11.710+0100] {logging_mixin.py:190} INFO - [2026-02-13T13:06:11.710+0100] {dag.py:3239} INFO - Sync 1 DAGs
[2026-02-13T13:06:11.734+0100] {logging_mixin.py:190} INFO - [2026-02-13T13:06:11.734+0100] {dag.py:4180} INFO - Setting next_dagrun for example_short_circuit_decorator to None, run_after=None
[2026-02-13T13:06:11.773+0100] {processor.py:208} INFO - Processing /home/gianotti/Documents/CryptoETL/.venv/lib/python3.12/site-packages/airflow/example_dags/example_short_circuit_decorator.py took 0.140 seconds
[2026-02-13T13:07:18.132+0100] {processor.py:186} INFO - Started process (PID=36332) to work on /home/gianotti/Documents/CryptoETL/.venv/lib/python3.12/site-packages/airflow/example_dags/example_short_circuit_decorator.py
[2026-02-13T13:07:18.135+0100] {processor.py:914} INFO - Processing file /home/gianotti/Documents/CryptoETL/.venv/lib/python3.12/site-packages/airflow/example_dags/example_short_circuit_decorator.py for tasks to queue
[2026-02-13T13:07:18.137+0100] {logging_mixin.py:190} INFO - [2026-02-13T13:07:18.136+0100] {dagbag.py:588} INFO - Filling up the DagBag from /home/gianotti/Documents/CryptoETL/.venv/lib/python3.12/site-packages/airflow/example_dags/example_short_circuit_decorator.py
[2026-02-13T13:07:18.154+0100] {processor.py:925} INFO - DAG(s) 'example_short_circuit_decorator' retrieved from /home/gianotti/Documents/CryptoETL/.venv/lib/python3.12/site-packages/airflow/example_dags/example_short_circuit_decorator.py
[2026-02-13T13:07:18.184+0100] {logging_mixin.py:190} INFO - [2026-02-13T13:07:18.183+0100] {dag.py:3239} INFO - Sync 1 DAGs
[2026-02-13T13:07:18.205+0100] {logging_mixin.py:190} INFO - [2026-02-13T13:07:18.205+0100] {dag.py:4180} INFO - Setting next_dagrun for example_short_circuit_decorator to None, run_after=None
[2026-02-13T13:07:18.237+0100] {processor.py:208} INFO - Processing /home/gianotti/Documents/CryptoETL/.venv/lib/python3.12/site-packages/airflow/example_dags/example_short_circuit_decorator.py took 0.114 seconds
[2026-02-13T13:08:29.298+0100] {processor.py:186} INFO - Started process (PID=36463) to work on /home/gianotti/Documents/CryptoETL/.venv/lib/python3.12/site-packages/airflow/example_dags/example_short_circuit_decorator.py
[2026-02-13T13:08:29.301+0100] {processor.py:914} INFO - Processing file /home/gianotti/Documents/CryptoETL/.venv/lib/python3.12/site-packages/airflow/example_dags/example_short_circuit_decorator.py for tasks to queue
[2026-02-13T13:08:29.303+0100] {logging_mixin.py:190} INFO - [2026-02-13T13:08:29.303+0100] {dagbag.py:588} INFO - Filling up the DagBag from /home/gianotti/Documents/CryptoETL/.venv/lib/python3.12/site-packages/airflow/example_dags/example_short_circuit_decorator.py
[2026-02-13T13:08:29.321+0100] {processor.py:925} INFO - DAG(s) 'example_short_circuit_decorator' retrieved from /home/gianotti/Documents/CryptoETL/.venv/lib/python3.12/site-packages/airflow/example_dags/example_short_circuit_decorator.py
[2026-02-13T13:08:29.350+0100] {logging_mixin.py:190} INFO - [2026-02-13T13:08:29.349+0100] {dag.py:3239} INFO - Sync 1 DAGs
[2026-02-13T13:08:29.371+0100] {logging_mixin.py:190} INFO - [2026-02-13T13:08:29.370+0100] {dag.py:4180} INFO - Setting next_dagrun for example_short_circuit_decorator to None, run_after=None
[2026-02-13T13:08:29.402+0100] {processor.py:208} INFO - Processing /home/gianotti/Documents/CryptoETL/.venv/lib/python3.12/site-packages/airflow/example_dags/example_short_circuit_decorator.py took 0.112 seconds
[2026-02-13T13:09:35.894+0100] {processor.py:186} INFO - Started process (PID=36583) to work on /home/gianotti/Documents/CryptoETL/.venv/lib/python3.12/site-packages/airflow/example_dags/example_short_circuit_decorator.py
[2026-02-13T13:09:35.896+0100] {processor.py:914} INFO - Processing file /home/gianotti/Documents/CryptoETL/.venv/lib/python3.12/site-packages/airflow/example_dags/example_short_circuit_decorator.py for tasks to queue
[2026-02-13T13:09:35.898+0100] {logging_mixin.py:190} INFO - [2026-02-13T13:09:35.898+0100] {dagbag.py:588} INFO - Filling up the DagBag from /home/gianotti/Documents/CryptoETL/.venv/lib/python3.12/site-packages/airflow/example_dags/example_short_circuit_decorator.py
[2026-02-13T13:09:35.916+0100] {processor.py:925} INFO - DAG(s) 'example_short_circuit_decorator' retrieved from /home/gianotti/Documents/CryptoETL/.venv/lib/python3.12/site-packages/airflow/example_dags/example_short_circuit_decorator.py
[2026-02-13T13:09:35.944+0100] {logging_mixin.py:190} INFO - [2026-02-13T13:09:35.944+0100] {dag.py:3239} INFO - Sync 1 DAGs
[2026-02-13T13:09:35.965+0100] {logging_mixin.py:190} INFO - [2026-02-13T13:09:35.964+0100] {dag.py:4180} INFO - Setting next_dagrun for example_short_circuit_decorator to None, run_after=None
[2026-02-13T13:09:35.997+0100] {processor.py:208} INFO - Processing /home/gianotti/Documents/CryptoETL/.venv/lib/python3.12/site-packages/airflow/example_dags/example_short_circuit_decorator.py took 0.112 seconds
[2026-02-13T13:10:46.494+0100] {processor.py:186} INFO - Started process (PID=36711) to work on /home/gianotti/Documents/CryptoETL/.venv/lib/python3.12/site-packages/airflow/example_dags/example_short_circuit_decorator.py
[2026-02-13T13:10:46.497+0100] {processor.py:914} INFO - Processing file /home/gianotti/Documents/CryptoETL/.venv/lib/python3.12/site-packages/airflow/example_dags/example_short_circuit_decorator.py for tasks to queue
[2026-02-13T13:10:46.499+0100] {logging_mixin.py:190} INFO - [2026-02-13T13:10:46.498+0100] {dagbag.py:588} INFO - Filling up the DagBag from /home/gianotti/Documents/CryptoETL/.venv/lib/python3.12/site-packages/airflow/example_dags/example_short_circuit_decorator.py
[2026-02-13T13:10:46.517+0100] {processor.py:925} INFO - DAG(s) 'example_short_circuit_decorator' retrieved from /home/gianotti/Documents/CryptoETL/.venv/lib/python3.12/site-packages/airflow/example_dags/example_short_circuit_decorator.py
[2026-02-13T13:10:46.548+0100] {logging_mixin.py:190} INFO - [2026-02-13T13:10:46.547+0100] {dag.py:3239} INFO - Sync 1 DAGs
[2026-02-13T13:10:46.569+0100] {logging_mixin.py:190} INFO - [2026-02-13T13:10:46.569+0100] {dag.py:4180} INFO - Setting next_dagrun for example_short_circuit_decorator to None, run_after=None
[2026-02-13T13:10:46.603+0100] {processor.py:208} INFO - Processing /home/gianotti/Documents/CryptoETL/.venv/lib/python3.12/site-packages/airflow/example_dags/example_short_circuit_decorator.py took 0.119 seconds
[2026-02-13T13:11:51.407+0100] {processor.py:186} INFO - Started process (PID=36793) to work on /home/gianotti/Documents/CryptoETL/.venv/lib/python3.12/site-packages/airflow/example_dags/example_short_circuit_decorator.py
[2026-02-13T13:11:51.409+0100] {processor.py:914} INFO - Processing file /home/gianotti/Documents/CryptoETL/.venv/lib/python3.12/site-packages/airflow/example_dags/example_short_circuit_decorator.py for tasks to queue
[2026-02-13T13:11:51.411+0100] {logging_mixin.py:190} INFO - [2026-02-13T13:11:51.411+0100] {dagbag.py:588} INFO - Filling up the DagBag from /home/gianotti/Documents/CryptoETL/.venv/lib/python3.12/site-packages/airflow/example_dags/example_short_circuit_decorator.py
[2026-02-13T13:11:51.428+0100] {processor.py:925} INFO - DAG(s) 'example_short_circuit_decorator' retrieved from /home/gianotti/Documents/CryptoETL/.venv/lib/python3.12/site-packages/airflow/example_dags/example_short_circuit_decorator.py
[2026-02-13T13:11:51.458+0100] {logging_mixin.py:190} INFO - [2026-02-13T13:11:51.457+0100] {dag.py:3239} INFO - Sync 1 DAGs
[2026-02-13T13:11:51.478+0100] {logging_mixin.py:190} INFO - [2026-02-13T13:11:51.478+0100] {dag.py:4180} INFO - Setting next_dagrun for example_short_circuit_decorator to None, run_after=None
[2026-02-13T13:11:51.508+0100] {processor.py:208} INFO - Processing /home/gianotti/Documents/CryptoETL/.venv/lib/python3.12/site-packages/airflow/example_dags/example_short_circuit_decorator.py took 0.110 seconds
[2026-02-13T13:12:55.028+0100] {processor.py:186} INFO - Started process (PID=36913) to work on /home/gianotti/Documents/CryptoETL/.venv/lib/python3.12/site-packages/airflow/example_dags/example_short_circuit_decorator.py
[2026-02-13T13:12:55.031+0100] {processor.py:914} INFO - Processing file /home/gianotti/Documents/CryptoETL/.venv/lib/python3.12/site-packages/airflow/example_dags/example_short_circuit_decorator.py for tasks to queue
[2026-02-13T13:12:55.033+0100] {logging_mixin.py:190} INFO - [2026-02-13T13:12:55.032+0100] {dagbag.py:588} INFO - Filling up the DagBag from /home/gianotti/Documents/CryptoETL/.venv/lib/python3.12/site-packages/airflow/example_dags/example_short_circuit_decorator.py
[2026-02-13T13:12:55.051+0100] {processor.py:925} INFO - DAG(s) 'example_short_circuit_decorator' retrieved from /home/gianotti/Documents/CryptoETL/.venv/lib/python3.12/site-packages/airflow/example_dags/example_short_circuit_decorator.py
[2026-02-13T13:12:55.084+0100] {logging_mixin.py:190} INFO - [2026-02-13T13:12:55.084+0100] {dag.py:3239} INFO - Sync 1 DAGs
[2026-02-13T13:12:55.106+0100] {logging_mixin.py:190} INFO - [2026-02-13T13:12:55.106+0100] {dag.py:4180} INFO - Setting next_dagrun for example_short_circuit_decorator to None, run_after=None
[2026-02-13T13:12:55.138+0100] {processor.py:208} INFO - Processing /home/gianotti/Documents/CryptoETL/.venv/lib/python3.12/site-packages/airflow/example_dags/example_short_circuit_decorator.py took 0.119 seconds
[2026-02-13T13:13:57.635+0100] {processor.py:186} INFO - Started process (PID=37109) to work on /home/gianotti/Documents/CryptoETL/.venv/lib/python3.12/site-packages/airflow/example_dags/example_short_circuit_decorator.py
[2026-02-13T13:13:57.638+0100] {processor.py:914} INFO - Processing file /home/gianotti/Documents/CryptoETL/.venv/lib/python3.12/site-packages/airflow/example_dags/example_short_circuit_decorator.py for tasks to queue
[2026-02-13T13:13:57.640+0100] {logging_mixin.py:190} INFO - [2026-02-13T13:13:57.640+0100] {dagbag.py:588} INFO - Filling up the DagBag from /home/gianotti/Documents/CryptoETL/.venv/lib/python3.12/site-packages/airflow/example_dags/example_short_circuit_decorator.py
[2026-02-13T13:13:57.662+0100] {processor.py:925} INFO - DAG(s) 'example_short_circuit_decorator' retrieved from /home/gianotti/Documents/CryptoETL/.venv/lib/python3.12/site-packages/airflow/example_dags/example_short_circuit_decorator.py
[2026-02-13T13:13:57.697+0100] {logging_mixin.py:190} INFO - [2026-02-13T13:13:57.696+0100] {dag.py:3239} INFO - Sync 1 DAGs
[2026-02-13T13:13:57.720+0100] {logging_mixin.py:190} INFO - [2026-02-13T13:13:57.720+0100] {dag.py:4180} INFO - Setting next_dagrun for example_short_circuit_decorator to None, run_after=None
[2026-02-13T13:13:57.755+0100] {processor.py:208} INFO - Processing /home/gianotti/Documents/CryptoETL/.venv/lib/python3.12/site-packages/airflow/example_dags/example_short_circuit_decorator.py took 0.131 seconds
[2026-02-13T13:15:03.326+0100] {processor.py:186} INFO - Started process (PID=37230) to work on /home/gianotti/Documents/CryptoETL/.venv/lib/python3.12/site-packages/airflow/example_dags/example_short_circuit_decorator.py
[2026-02-13T13:15:03.328+0100] {processor.py:914} INFO - Processing file /home/gianotti/Documents/CryptoETL/.venv/lib/python3.12/site-packages/airflow/example_dags/example_short_circuit_decorator.py for tasks to queue
[2026-02-13T13:15:03.331+0100] {logging_mixin.py:190} INFO - [2026-02-13T13:15:03.330+0100] {dagbag.py:588} INFO - Filling up the DagBag from /home/gianotti/Documents/CryptoETL/.venv/lib/python3.12/site-packages/airflow/example_dags/example_short_circuit_decorator.py
[2026-02-13T13:15:03.347+0100] {processor.py:925} INFO - DAG(s) 'example_short_circuit_decorator' retrieved from /home/gianotti/Documents/CryptoETL/.venv/lib/python3.12/site-packages/airflow/example_dags/example_short_circuit_decorator.py
[2026-02-13T13:15:03.377+0100] {logging_mixin.py:190} INFO - [2026-02-13T13:15:03.376+0100] {dag.py:3239} INFO - Sync 1 DAGs
[2026-02-13T13:15:03.397+0100] {logging_mixin.py:190} INFO - [2026-02-13T13:15:03.397+0100] {dag.py:4180} INFO - Setting next_dagrun for example_short_circuit_decorator to None, run_after=None
[2026-02-13T13:15:03.430+0100] {processor.py:208} INFO - Processing /home/gianotti/Documents/CryptoETL/.venv/lib/python3.12/site-packages/airflow/example_dags/example_short_circuit_decorator.py took 0.113 seconds
[2026-02-13T13:16:09.970+0100] {processor.py:186} INFO - Started process (PID=37419) to work on /home/gianotti/Documents/CryptoETL/.venv/lib/python3.12/site-packages/airflow/example_dags/example_short_circuit_decorator.py
[2026-02-13T13:16:09.973+0100] {processor.py:914} INFO - Processing file /home/gianotti/Documents/CryptoETL/.venv/lib/python3.12/site-packages/airflow/example_dags/example_short_circuit_decorator.py for tasks to queue
[2026-02-13T13:16:09.974+0100] {logging_mixin.py:190} INFO - [2026-02-13T13:16:09.974+0100] {dagbag.py:588} INFO - Filling up the DagBag from /home/gianotti/Documents/CryptoETL/.venv/lib/python3.12/site-packages/airflow/example_dags/example_short_circuit_decorator.py
[2026-02-13T13:16:09.992+0100] {processor.py:925} INFO - DAG(s) 'example_short_circuit_decorator' retrieved from /home/gianotti/Documents/CryptoETL/.venv/lib/python3.12/site-packages/airflow/example_dags/example_short_circuit_decorator.py
[2026-02-13T13:16:10.021+0100] {logging_mixin.py:190} INFO - [2026-02-13T13:16:10.021+0100] {dag.py:3239} INFO - Sync 1 DAGs
[2026-02-13T13:16:10.042+0100] {logging_mixin.py:190} INFO - [2026-02-13T13:16:10.041+0100] {dag.py:4180} INFO - Setting next_dagrun for example_short_circuit_decorator to None, run_after=None
[2026-02-13T13:16:10.073+0100] {processor.py:208} INFO - Processing /home/gianotti/Documents/CryptoETL/.venv/lib/python3.12/site-packages/airflow/example_dags/example_short_circuit_decorator.py took 0.111 seconds
[2026-02-13T13:17:15.223+0100] {processor.py:186} INFO - Started process (PID=37506) to work on /home/gianotti/Documents/CryptoETL/.venv/lib/python3.12/site-packages/airflow/example_dags/example_short_circuit_decorator.py
[2026-02-13T13:17:15.226+0100] {processor.py:914} INFO - Processing file /home/gianotti/Documents/CryptoETL/.venv/lib/python3.12/site-packages/airflow/example_dags/example_short_circuit_decorator.py for tasks to queue
[2026-02-13T13:17:15.228+0100] {logging_mixin.py:190} INFO - [2026-02-13T13:17:15.228+0100] {dagbag.py:588} INFO - Filling up the DagBag from /home/gianotti/Documents/CryptoETL/.venv/lib/python3.12/site-packages/airflow/example_dags/example_short_circuit_decorator.py
[2026-02-13T13:17:15.247+0100] {processor.py:925} INFO - DAG(s) 'example_short_circuit_decorator' retrieved from /home/gianotti/Documents/CryptoETL/.venv/lib/python3.12/site-packages/airflow/example_dags/example_short_circuit_decorator.py
[2026-02-13T13:17:15.278+0100] {logging_mixin.py:190} INFO - [2026-02-13T13:17:15.278+0100] {dag.py:3239} INFO - Sync 1 DAGs
[2026-02-13T13:17:15.300+0100] {logging_mixin.py:190} INFO - [2026-02-13T13:17:15.299+0100] {dag.py:4180} INFO - Setting next_dagrun for example_short_circuit_decorator to None, run_after=None
[2026-02-13T13:17:15.335+0100] {processor.py:208} INFO - Processing /home/gianotti/Documents/CryptoETL/.venv/lib/python3.12/site-packages/airflow/example_dags/example_short_circuit_decorator.py took 0.122 seconds
[2026-02-13T13:18:22.359+0100] {processor.py:186} INFO - Started process (PID=37642) to work on /home/gianotti/Documents/CryptoETL/.venv/lib/python3.12/site-packages/airflow/example_dags/example_short_circuit_decorator.py
[2026-02-13T13:18:22.362+0100] {processor.py:914} INFO - Processing file /home/gianotti/Documents/CryptoETL/.venv/lib/python3.12/site-packages/airflow/example_dags/example_short_circuit_decorator.py for tasks to queue
[2026-02-13T13:18:22.364+0100] {logging_mixin.py:190} INFO - [2026-02-13T13:18:22.363+0100] {dagbag.py:588} INFO - Filling up the DagBag from /home/gianotti/Documents/CryptoETL/.venv/lib/python3.12/site-packages/airflow/example_dags/example_short_circuit_decorator.py
[2026-02-13T13:18:22.382+0100] {processor.py:925} INFO - DAG(s) 'example_short_circuit_decorator' retrieved from /home/gianotti/Documents/CryptoETL/.venv/lib/python3.12/site-packages/airflow/example_dags/example_short_circuit_decorator.py
[2026-02-13T13:18:22.414+0100] {logging_mixin.py:190} INFO - [2026-02-13T13:18:22.414+0100] {dag.py:3239} INFO - Sync 1 DAGs
[2026-02-13T13:18:22.438+0100] {logging_mixin.py:190} INFO - [2026-02-13T13:18:22.437+0100] {dag.py:4180} INFO - Setting next_dagrun for example_short_circuit_decorator to None, run_after=None
[2026-02-13T13:18:22.469+0100] {processor.py:208} INFO - Processing /home/gianotti/Documents/CryptoETL/.venv/lib/python3.12/site-packages/airflow/example_dags/example_short_circuit_decorator.py took 0.120 seconds
[2026-02-13T13:19:25.932+0100] {processor.py:186} INFO - Started process (PID=37725) to work on /home/gianotti/Documents/CryptoETL/.venv/lib/python3.12/site-packages/airflow/example_dags/example_short_circuit_decorator.py
[2026-02-13T13:19:25.935+0100] {processor.py:914} INFO - Processing file /home/gianotti/Documents/CryptoETL/.venv/lib/python3.12/site-packages/airflow/example_dags/example_short_circuit_decorator.py for tasks to queue
[2026-02-13T13:19:25.937+0100] {logging_mixin.py:190} INFO - [2026-02-13T13:19:25.936+0100] {dagbag.py:588} INFO - Filling up the DagBag from /home/gianotti/Documents/CryptoETL/.venv/lib/python3.12/site-packages/airflow/example_dags/example_short_circuit_decorator.py
[2026-02-13T13:19:25.954+0100] {processor.py:925} INFO - DAG(s) 'example_short_circuit_decorator' retrieved from /home/gianotti/Documents/CryptoETL/.venv/lib/python3.12/site-packages/airflow/example_dags/example_short_circuit_decorator.py
[2026-02-13T13:19:25.983+0100] {logging_mixin.py:190} INFO - [2026-02-13T13:19:25.982+0100] {dag.py:3239} INFO - Sync 1 DAGs
[2026-02-13T13:19:26.004+0100] {logging_mixin.py:190} INFO - [2026-02-13T13:19:26.003+0100] {dag.py:4180} INFO - Setting next_dagrun for example_short_circuit_decorator to None, run_after=None
[2026-02-13T13:19:26.034+0100] {processor.py:208} INFO - Processing /home/gianotti/Documents/CryptoETL/.venv/lib/python3.12/site-packages/airflow/example_dags/example_short_circuit_decorator.py took 0.111 seconds
[2026-02-13T13:20:34.189+0100] {processor.py:186} INFO - Started process (PID=37823) to work on /home/gianotti/Documents/CryptoETL/.venv/lib/python3.12/site-packages/airflow/example_dags/example_short_circuit_decorator.py
[2026-02-13T13:20:34.192+0100] {processor.py:914} INFO - Processing file /home/gianotti/Documents/CryptoETL/.venv/lib/python3.12/site-packages/airflow/example_dags/example_short_circuit_decorator.py for tasks to queue
[2026-02-13T13:20:34.193+0100] {logging_mixin.py:190} INFO - [2026-02-13T13:20:34.193+0100] {dagbag.py:588} INFO - Filling up the DagBag from /home/gianotti/Documents/CryptoETL/.venv/lib/python3.12/site-packages/airflow/example_dags/example_short_circuit_decorator.py
[2026-02-13T13:20:34.210+0100] {processor.py:925} INFO - DAG(s) 'example_short_circuit_decorator' retrieved from /home/gianotti/Documents/CryptoETL/.venv/lib/python3.12/site-packages/airflow/example_dags/example_short_circuit_decorator.py
[2026-02-13T13:20:34.237+0100] {logging_mixin.py:190} INFO - [2026-02-13T13:20:34.237+0100] {dag.py:3239} INFO - Sync 1 DAGs
[2026-02-13T13:20:34.258+0100] {logging_mixin.py:190} INFO - [2026-02-13T13:20:34.258+0100] {dag.py:4180} INFO - Setting next_dagrun for example_short_circuit_decorator to None, run_after=None
[2026-02-13T13:20:34.289+0100] {processor.py:208} INFO - Processing /home/gianotti/Documents/CryptoETL/.venv/lib/python3.12/site-packages/airflow/example_dags/example_short_circuit_decorator.py took 0.108 seconds
