[2026-02-13T12:55:19.674+0100] {processor.py:186} INFO - Started process (PID=34948) to work on /home/gianotti/Documents/CryptoETL/.venv/lib/python3.12/site-packages/airflow/example_dags/example_setup_teardown_taskflow.py
[2026-02-13T12:55:19.675+0100] {processor.py:914} INFO - Processing file /home/gianotti/Documents/CryptoETL/.venv/lib/python3.12/site-packages/airflow/example_dags/example_setup_teardown_taskflow.py for tasks to queue
[2026-02-13T12:55:19.679+0100] {logging_mixin.py:190} INFO - [2026-02-13T12:55:19.678+0100] {dagbag.py:588} INFO - Filling up the DagBag from /home/gianotti/Documents/CryptoETL/.venv/lib/python3.12/site-packages/airflow/example_dags/example_setup_teardown_taskflow.py
[2026-02-13T12:55:19.699+0100] {processor.py:925} INFO - DAG(s) 'example_setup_teardown_taskflow' retrieved from /home/gianotti/Documents/CryptoETL/.venv/lib/python3.12/site-packages/airflow/example_dags/example_setup_teardown_taskflow.py
[2026-02-13T12:55:19.813+0100] {logging_mixin.py:190} INFO - [2026-02-13T12:55:19.812+0100] {override.py:1930} INFO - Created Permission View: can edit on DAG:example_setup_teardown_taskflow
[2026-02-13T12:55:19.828+0100] {logging_mixin.py:190} INFO - [2026-02-13T12:55:19.828+0100] {override.py:1930} INFO - Created Permission View: can read on DAG:example_setup_teardown_taskflow
[2026-02-13T12:55:19.837+0100] {logging_mixin.py:190} INFO - [2026-02-13T12:55:19.837+0100] {override.py:1930} INFO - Created Permission View: can delete on DAG:example_setup_teardown_taskflow
[2026-02-13T12:55:19.851+0100] {logging_mixin.py:190} INFO - [2026-02-13T12:55:19.850+0100] {override.py:1930} INFO - Created Permission View: can create on DAG Run:example_setup_teardown_taskflow
[2026-02-13T12:55:19.861+0100] {logging_mixin.py:190} INFO - [2026-02-13T12:55:19.860+0100] {override.py:1930} INFO - Created Permission View: can read on DAG Run:example_setup_teardown_taskflow
[2026-02-13T12:55:19.871+0100] {logging_mixin.py:190} INFO - [2026-02-13T12:55:19.871+0100] {override.py:1930} INFO - Created Permission View: can delete on DAG Run:example_setup_teardown_taskflow
[2026-02-13T12:55:19.883+0100] {logging_mixin.py:190} INFO - [2026-02-13T12:55:19.882+0100] {override.py:1930} INFO - Created Permission View: menu access on DAG Run:example_setup_teardown_taskflow
[2026-02-13T12:55:19.883+0100] {logging_mixin.py:190} INFO - [2026-02-13T12:55:19.883+0100] {dag.py:3239} INFO - Sync 1 DAGs
[2026-02-13T12:55:19.899+0100] {logging_mixin.py:190} INFO - [2026-02-13T12:55:19.899+0100] {dag.py:3262} INFO - Creating ORM DAG for example_setup_teardown_taskflow
[2026-02-13T12:55:19.900+0100] {logging_mixin.py:190} INFO - [2026-02-13T12:55:19.899+0100] {dag.py:4180} INFO - Setting next_dagrun for example_setup_teardown_taskflow to None, run_after=None
[2026-02-13T12:55:19.920+0100] {processor.py:208} INFO - Processing /home/gianotti/Documents/CryptoETL/.venv/lib/python3.12/site-packages/airflow/example_dags/example_setup_teardown_taskflow.py took 0.255 seconds
[2026-02-13T12:56:24.713+0100] {processor.py:186} INFO - Started process (PID=35070) to work on /home/gianotti/Documents/CryptoETL/.venv/lib/python3.12/site-packages/airflow/example_dags/example_setup_teardown_taskflow.py
[2026-02-13T12:56:24.716+0100] {processor.py:914} INFO - Processing file /home/gianotti/Documents/CryptoETL/.venv/lib/python3.12/site-packages/airflow/example_dags/example_setup_teardown_taskflow.py for tasks to queue
[2026-02-13T12:56:24.720+0100] {logging_mixin.py:190} INFO - [2026-02-13T12:56:24.719+0100] {dagbag.py:588} INFO - Filling up the DagBag from /home/gianotti/Documents/CryptoETL/.venv/lib/python3.12/site-packages/airflow/example_dags/example_setup_teardown_taskflow.py
[2026-02-13T12:56:24.739+0100] {processor.py:925} INFO - DAG(s) 'example_setup_teardown_taskflow' retrieved from /home/gianotti/Documents/CryptoETL/.venv/lib/python3.12/site-packages/airflow/example_dags/example_setup_teardown_taskflow.py
[2026-02-13T12:56:24.765+0100] {logging_mixin.py:190} INFO - [2026-02-13T12:56:24.765+0100] {dag.py:3239} INFO - Sync 1 DAGs
[2026-02-13T12:56:24.778+0100] {logging_mixin.py:190} INFO - [2026-02-13T12:56:24.778+0100] {dag.py:4180} INFO - Setting next_dagrun for example_setup_teardown_taskflow to None, run_after=None
[2026-02-13T12:56:24.798+0100] {processor.py:208} INFO - Processing /home/gianotti/Documents/CryptoETL/.venv/lib/python3.12/site-packages/airflow/example_dags/example_setup_teardown_taskflow.py took 0.094 seconds
[2026-02-13T12:57:24.035+0100] {processor.py:186} INFO - Started process (PID=35169) to work on /home/gianotti/Documents/CryptoETL/.venv/lib/python3.12/site-packages/airflow/example_dags/example_setup_teardown_taskflow.py
[2026-02-13T12:57:24.037+0100] {processor.py:914} INFO - Processing file /home/gianotti/Documents/CryptoETL/.venv/lib/python3.12/site-packages/airflow/example_dags/example_setup_teardown_taskflow.py for tasks to queue
[2026-02-13T12:57:24.040+0100] {logging_mixin.py:190} INFO - [2026-02-13T12:57:24.040+0100] {dagbag.py:588} INFO - Filling up the DagBag from /home/gianotti/Documents/CryptoETL/.venv/lib/python3.12/site-packages/airflow/example_dags/example_setup_teardown_taskflow.py
[2026-02-13T12:57:24.055+0100] {processor.py:925} INFO - DAG(s) 'example_setup_teardown_taskflow' retrieved from /home/gianotti/Documents/CryptoETL/.venv/lib/python3.12/site-packages/airflow/example_dags/example_setup_teardown_taskflow.py
[2026-02-13T12:57:24.070+0100] {logging_mixin.py:190} INFO - [2026-02-13T12:57:24.070+0100] {dag.py:3239} INFO - Sync 1 DAGs
[2026-02-13T12:57:24.084+0100] {logging_mixin.py:190} INFO - [2026-02-13T12:57:24.083+0100] {dag.py:4180} INFO - Setting next_dagrun for example_setup_teardown_taskflow to None, run_after=None
[2026-02-13T12:57:24.104+0100] {processor.py:208} INFO - Processing /home/gianotti/Documents/CryptoETL/.venv/lib/python3.12/site-packages/airflow/example_dags/example_setup_teardown_taskflow.py took 0.078 seconds
[2026-02-13T12:58:21.433+0100] {processor.py:186} INFO - Started process (PID=35313) to work on /home/gianotti/Documents/CryptoETL/.venv/lib/python3.12/site-packages/airflow/example_dags/example_setup_teardown_taskflow.py
[2026-02-13T12:58:21.436+0100] {processor.py:914} INFO - Processing file /home/gianotti/Documents/CryptoETL/.venv/lib/python3.12/site-packages/airflow/example_dags/example_setup_teardown_taskflow.py for tasks to queue
[2026-02-13T12:58:21.440+0100] {logging_mixin.py:190} INFO - [2026-02-13T12:58:21.439+0100] {dagbag.py:588} INFO - Filling up the DagBag from /home/gianotti/Documents/CryptoETL/.venv/lib/python3.12/site-packages/airflow/example_dags/example_setup_teardown_taskflow.py
[2026-02-13T12:58:21.462+0100] {processor.py:925} INFO - DAG(s) 'example_setup_teardown_taskflow' retrieved from /home/gianotti/Documents/CryptoETL/.venv/lib/python3.12/site-packages/airflow/example_dags/example_setup_teardown_taskflow.py
[2026-02-13T12:58:21.493+0100] {logging_mixin.py:190} INFO - [2026-02-13T12:58:21.492+0100] {dag.py:3239} INFO - Sync 1 DAGs
[2026-02-13T12:58:21.514+0100] {logging_mixin.py:190} INFO - [2026-02-13T12:58:21.513+0100] {dag.py:4180} INFO - Setting next_dagrun for example_setup_teardown_taskflow to None, run_after=None
[2026-02-13T12:58:21.548+0100] {processor.py:208} INFO - Processing /home/gianotti/Documents/CryptoETL/.venv/lib/python3.12/site-packages/airflow/example_dags/example_setup_teardown_taskflow.py took 0.125 seconds
[2026-02-13T12:59:15.195+0100] {processor.py:186} INFO - Started process (PID=35422) to work on /home/gianotti/Documents/CryptoETL/.venv/lib/python3.12/site-packages/airflow/example_dags/example_setup_teardown_taskflow.py
[2026-02-13T12:59:15.197+0100] {processor.py:914} INFO - Processing file /home/gianotti/Documents/CryptoETL/.venv/lib/python3.12/site-packages/airflow/example_dags/example_setup_teardown_taskflow.py for tasks to queue
[2026-02-13T12:59:15.201+0100] {logging_mixin.py:190} INFO - [2026-02-13T12:59:15.200+0100] {dagbag.py:588} INFO - Filling up the DagBag from /home/gianotti/Documents/CryptoETL/.venv/lib/python3.12/site-packages/airflow/example_dags/example_setup_teardown_taskflow.py
[2026-02-13T12:59:15.221+0100] {processor.py:925} INFO - DAG(s) 'example_setup_teardown_taskflow' retrieved from /home/gianotti/Documents/CryptoETL/.venv/lib/python3.12/site-packages/airflow/example_dags/example_setup_teardown_taskflow.py
[2026-02-13T12:59:15.249+0100] {logging_mixin.py:190} INFO - [2026-02-13T12:59:15.249+0100] {dag.py:3239} INFO - Sync 1 DAGs
[2026-02-13T12:59:15.264+0100] {logging_mixin.py:190} INFO - [2026-02-13T12:59:15.264+0100] {dag.py:4180} INFO - Setting next_dagrun for example_setup_teardown_taskflow to None, run_after=None
[2026-02-13T12:59:15.283+0100] {processor.py:208} INFO - Processing /home/gianotti/Documents/CryptoETL/.venv/lib/python3.12/site-packages/airflow/example_dags/example_setup_teardown_taskflow.py took 0.097 seconds
[2026-02-13T13:00:09.640+0100] {processor.py:186} INFO - Started process (PID=35522) to work on /home/gianotti/Documents/CryptoETL/.venv/lib/python3.12/site-packages/airflow/example_dags/example_setup_teardown_taskflow.py
[2026-02-13T13:00:09.642+0100] {processor.py:914} INFO - Processing file /home/gianotti/Documents/CryptoETL/.venv/lib/python3.12/site-packages/airflow/example_dags/example_setup_teardown_taskflow.py for tasks to queue
[2026-02-13T13:00:09.644+0100] {logging_mixin.py:190} INFO - [2026-02-13T13:00:09.643+0100] {dagbag.py:588} INFO - Filling up the DagBag from /home/gianotti/Documents/CryptoETL/.venv/lib/python3.12/site-packages/airflow/example_dags/example_setup_teardown_taskflow.py
[2026-02-13T13:00:09.664+0100] {processor.py:925} INFO - DAG(s) 'example_setup_teardown_taskflow' retrieved from /home/gianotti/Documents/CryptoETL/.venv/lib/python3.12/site-packages/airflow/example_dags/example_setup_teardown_taskflow.py
[2026-02-13T13:00:09.691+0100] {logging_mixin.py:190} INFO - [2026-02-13T13:00:09.691+0100] {dag.py:3239} INFO - Sync 1 DAGs
[2026-02-13T13:00:09.710+0100] {logging_mixin.py:190} INFO - [2026-02-13T13:00:09.709+0100] {dag.py:4180} INFO - Setting next_dagrun for example_setup_teardown_taskflow to None, run_after=None
[2026-02-13T13:00:09.757+0100] {processor.py:208} INFO - Processing /home/gianotti/Documents/CryptoETL/.venv/lib/python3.12/site-packages/airflow/example_dags/example_setup_teardown_taskflow.py took 0.127 seconds
[2026-02-13T13:01:07.694+0100] {processor.py:186} INFO - Started process (PID=35634) to work on /home/gianotti/Documents/CryptoETL/.venv/lib/python3.12/site-packages/airflow/example_dags/example_setup_teardown_taskflow.py
[2026-02-13T13:01:07.696+0100] {processor.py:914} INFO - Processing file /home/gianotti/Documents/CryptoETL/.venv/lib/python3.12/site-packages/airflow/example_dags/example_setup_teardown_taskflow.py for tasks to queue
[2026-02-13T13:01:07.698+0100] {logging_mixin.py:190} INFO - [2026-02-13T13:01:07.698+0100] {dagbag.py:588} INFO - Filling up the DagBag from /home/gianotti/Documents/CryptoETL/.venv/lib/python3.12/site-packages/airflow/example_dags/example_setup_teardown_taskflow.py
[2026-02-13T13:01:07.718+0100] {processor.py:925} INFO - DAG(s) 'example_setup_teardown_taskflow' retrieved from /home/gianotti/Documents/CryptoETL/.venv/lib/python3.12/site-packages/airflow/example_dags/example_setup_teardown_taskflow.py
[2026-02-13T13:01:07.744+0100] {logging_mixin.py:190} INFO - [2026-02-13T13:01:07.744+0100] {dag.py:3239} INFO - Sync 1 DAGs
[2026-02-13T13:01:07.757+0100] {logging_mixin.py:190} INFO - [2026-02-13T13:01:07.757+0100] {dag.py:4180} INFO - Setting next_dagrun for example_setup_teardown_taskflow to None, run_after=None
[2026-02-13T13:01:07.777+0100] {processor.py:208} INFO - Processing /home/gianotti/Documents/CryptoETL/.venv/lib/python3.12/site-packages/airflow/example_dags/example_setup_teardown_taskflow.py took 0.093 seconds
[2026-02-13T13:02:07.853+0100] {processor.py:186} INFO - Started process (PID=35749) to work on /home/gianotti/Documents/CryptoETL/.venv/lib/python3.12/site-packages/airflow/example_dags/example_setup_teardown_taskflow.py
[2026-02-13T13:02:07.856+0100] {processor.py:914} INFO - Processing file /home/gianotti/Documents/CryptoETL/.venv/lib/python3.12/site-packages/airflow/example_dags/example_setup_teardown_taskflow.py for tasks to queue
[2026-02-13T13:02:07.858+0100] {logging_mixin.py:190} INFO - [2026-02-13T13:02:07.857+0100] {dagbag.py:588} INFO - Filling up the DagBag from /home/gianotti/Documents/CryptoETL/.venv/lib/python3.12/site-packages/airflow/example_dags/example_setup_teardown_taskflow.py
[2026-02-13T13:02:07.878+0100] {processor.py:925} INFO - DAG(s) 'example_setup_teardown_taskflow' retrieved from /home/gianotti/Documents/CryptoETL/.venv/lib/python3.12/site-packages/airflow/example_dags/example_setup_teardown_taskflow.py
[2026-02-13T13:02:07.906+0100] {logging_mixin.py:190} INFO - [2026-02-13T13:02:07.906+0100] {dag.py:3239} INFO - Sync 1 DAGs
[2026-02-13T13:02:07.920+0100] {logging_mixin.py:190} INFO - [2026-02-13T13:02:07.920+0100] {dag.py:4180} INFO - Setting next_dagrun for example_setup_teardown_taskflow to None, run_after=None
[2026-02-13T13:02:07.938+0100] {processor.py:208} INFO - Processing /home/gianotti/Documents/CryptoETL/.venv/lib/python3.12/site-packages/airflow/example_dags/example_setup_teardown_taskflow.py took 0.095 seconds
[2026-02-13T13:03:05.183+0100] {processor.py:186} INFO - Started process (PID=35860) to work on /home/gianotti/Documents/CryptoETL/.venv/lib/python3.12/site-packages/airflow/example_dags/example_setup_teardown_taskflow.py
[2026-02-13T13:03:05.186+0100] {processor.py:914} INFO - Processing file /home/gianotti/Documents/CryptoETL/.venv/lib/python3.12/site-packages/airflow/example_dags/example_setup_teardown_taskflow.py for tasks to queue
[2026-02-13T13:03:05.188+0100] {logging_mixin.py:190} INFO - [2026-02-13T13:03:05.187+0100] {dagbag.py:588} INFO - Filling up the DagBag from /home/gianotti/Documents/CryptoETL/.venv/lib/python3.12/site-packages/airflow/example_dags/example_setup_teardown_taskflow.py
[2026-02-13T13:03:05.208+0100] {processor.py:925} INFO - DAG(s) 'example_setup_teardown_taskflow' retrieved from /home/gianotti/Documents/CryptoETL/.venv/lib/python3.12/site-packages/airflow/example_dags/example_setup_teardown_taskflow.py
[2026-02-13T13:03:05.227+0100] {logging_mixin.py:190} INFO - [2026-02-13T13:03:05.227+0100] {dag.py:3239} INFO - Sync 1 DAGs
[2026-02-13T13:03:05.239+0100] {logging_mixin.py:190} INFO - [2026-02-13T13:03:05.238+0100] {dag.py:4180} INFO - Setting next_dagrun for example_setup_teardown_taskflow to None, run_after=None
[2026-02-13T13:03:05.259+0100] {processor.py:208} INFO - Processing /home/gianotti/Documents/CryptoETL/.venv/lib/python3.12/site-packages/airflow/example_dags/example_setup_teardown_taskflow.py took 0.084 seconds
[2026-02-13T13:04:02.683+0100] {processor.py:186} INFO - Started process (PID=36008) to work on /home/gianotti/Documents/CryptoETL/.venv/lib/python3.12/site-packages/airflow/example_dags/example_setup_teardown_taskflow.py
[2026-02-13T13:04:02.686+0100] {processor.py:914} INFO - Processing file /home/gianotti/Documents/CryptoETL/.venv/lib/python3.12/site-packages/airflow/example_dags/example_setup_teardown_taskflow.py for tasks to queue
[2026-02-13T13:04:02.688+0100] {logging_mixin.py:190} INFO - [2026-02-13T13:04:02.687+0100] {dagbag.py:588} INFO - Filling up the DagBag from /home/gianotti/Documents/CryptoETL/.venv/lib/python3.12/site-packages/airflow/example_dags/example_setup_teardown_taskflow.py
[2026-02-13T13:04:02.706+0100] {processor.py:925} INFO - DAG(s) 'example_setup_teardown_taskflow' retrieved from /home/gianotti/Documents/CryptoETL/.venv/lib/python3.12/site-packages/airflow/example_dags/example_setup_teardown_taskflow.py
[2026-02-13T13:04:02.734+0100] {logging_mixin.py:190} INFO - [2026-02-13T13:04:02.733+0100] {dag.py:3239} INFO - Sync 1 DAGs
[2026-02-13T13:04:02.756+0100] {logging_mixin.py:190} INFO - [2026-02-13T13:04:02.756+0100] {dag.py:4180} INFO - Setting next_dagrun for example_setup_teardown_taskflow to None, run_after=None
[2026-02-13T13:04:02.789+0100] {processor.py:208} INFO - Processing /home/gianotti/Documents/CryptoETL/.venv/lib/python3.12/site-packages/airflow/example_dags/example_setup_teardown_taskflow.py took 0.115 seconds
[2026-02-13T13:05:05.236+0100] {processor.py:186} INFO - Started process (PID=36135) to work on /home/gianotti/Documents/CryptoETL/.venv/lib/python3.12/site-packages/airflow/example_dags/example_setup_teardown_taskflow.py
[2026-02-13T13:05:05.237+0100] {processor.py:914} INFO - Processing file /home/gianotti/Documents/CryptoETL/.venv/lib/python3.12/site-packages/airflow/example_dags/example_setup_teardown_taskflow.py for tasks to queue
[2026-02-13T13:05:05.240+0100] {logging_mixin.py:190} INFO - [2026-02-13T13:05:05.239+0100] {dagbag.py:588} INFO - Filling up the DagBag from /home/gianotti/Documents/CryptoETL/.venv/lib/python3.12/site-packages/airflow/example_dags/example_setup_teardown_taskflow.py
[2026-02-13T13:05:05.263+0100] {processor.py:925} INFO - DAG(s) 'example_setup_teardown_taskflow' retrieved from /home/gianotti/Documents/CryptoETL/.venv/lib/python3.12/site-packages/airflow/example_dags/example_setup_teardown_taskflow.py
[2026-02-13T13:05:05.296+0100] {logging_mixin.py:190} INFO - [2026-02-13T13:05:05.295+0100] {dag.py:3239} INFO - Sync 1 DAGs
[2026-02-13T13:05:05.320+0100] {logging_mixin.py:190} INFO - [2026-02-13T13:05:05.319+0100] {dag.py:4180} INFO - Setting next_dagrun for example_setup_teardown_taskflow to None, run_after=None
[2026-02-13T13:05:05.358+0100] {processor.py:208} INFO - Processing /home/gianotti/Documents/CryptoETL/.venv/lib/python3.12/site-packages/airflow/example_dags/example_setup_teardown_taskflow.py took 0.132 seconds
[2026-02-13T13:06:10.380+0100] {processor.py:186} INFO - Started process (PID=36255) to work on /home/gianotti/Documents/CryptoETL/.venv/lib/python3.12/site-packages/airflow/example_dags/example_setup_teardown_taskflow.py
[2026-02-13T13:06:10.383+0100] {processor.py:914} INFO - Processing file /home/gianotti/Documents/CryptoETL/.venv/lib/python3.12/site-packages/airflow/example_dags/example_setup_teardown_taskflow.py for tasks to queue
[2026-02-13T13:06:10.385+0100] {logging_mixin.py:190} INFO - [2026-02-13T13:06:10.385+0100] {dagbag.py:588} INFO - Filling up the DagBag from /home/gianotti/Documents/CryptoETL/.venv/lib/python3.12/site-packages/airflow/example_dags/example_setup_teardown_taskflow.py
[2026-02-13T13:06:10.406+0100] {processor.py:925} INFO - DAG(s) 'example_setup_teardown_taskflow' retrieved from /home/gianotti/Documents/CryptoETL/.venv/lib/python3.12/site-packages/airflow/example_dags/example_setup_teardown_taskflow.py
[2026-02-13T13:06:10.440+0100] {logging_mixin.py:190} INFO - [2026-02-13T13:06:10.439+0100] {dag.py:3239} INFO - Sync 1 DAGs
[2026-02-13T13:06:10.466+0100] {logging_mixin.py:190} INFO - [2026-02-13T13:06:10.465+0100] {dag.py:4180} INFO - Setting next_dagrun for example_setup_teardown_taskflow to None, run_after=None
[2026-02-13T13:06:10.506+0100] {processor.py:208} INFO - Processing /home/gianotti/Documents/CryptoETL/.venv/lib/python3.12/site-packages/airflow/example_dags/example_setup_teardown_taskflow.py took 0.135 seconds
[2026-02-13T13:07:16.870+0100] {processor.py:186} INFO - Started process (PID=36331) to work on /home/gianotti/Documents/CryptoETL/.venv/lib/python3.12/site-packages/airflow/example_dags/example_setup_teardown_taskflow.py
[2026-02-13T13:07:16.873+0100] {processor.py:914} INFO - Processing file /home/gianotti/Documents/CryptoETL/.venv/lib/python3.12/site-packages/airflow/example_dags/example_setup_teardown_taskflow.py for tasks to queue
[2026-02-13T13:07:16.875+0100] {logging_mixin.py:190} INFO - [2026-02-13T13:07:16.874+0100] {dagbag.py:588} INFO - Filling up the DagBag from /home/gianotti/Documents/CryptoETL/.venv/lib/python3.12/site-packages/airflow/example_dags/example_setup_teardown_taskflow.py
[2026-02-13T13:07:16.892+0100] {processor.py:925} INFO - DAG(s) 'example_setup_teardown_taskflow' retrieved from /home/gianotti/Documents/CryptoETL/.venv/lib/python3.12/site-packages/airflow/example_dags/example_setup_teardown_taskflow.py
[2026-02-13T13:07:16.920+0100] {logging_mixin.py:190} INFO - [2026-02-13T13:07:16.920+0100] {dag.py:3239} INFO - Sync 1 DAGs
[2026-02-13T13:07:16.942+0100] {logging_mixin.py:190} INFO - [2026-02-13T13:07:16.941+0100] {dag.py:4180} INFO - Setting next_dagrun for example_setup_teardown_taskflow to None, run_after=None
[2026-02-13T13:07:16.973+0100] {processor.py:208} INFO - Processing /home/gianotti/Documents/CryptoETL/.venv/lib/python3.12/site-packages/airflow/example_dags/example_setup_teardown_taskflow.py took 0.111 seconds
[2026-02-13T13:08:28.037+0100] {processor.py:186} INFO - Started process (PID=36462) to work on /home/gianotti/Documents/CryptoETL/.venv/lib/python3.12/site-packages/airflow/example_dags/example_setup_teardown_taskflow.py
[2026-02-13T13:08:28.040+0100] {processor.py:914} INFO - Processing file /home/gianotti/Documents/CryptoETL/.venv/lib/python3.12/site-packages/airflow/example_dags/example_setup_teardown_taskflow.py for tasks to queue
[2026-02-13T13:08:28.042+0100] {logging_mixin.py:190} INFO - [2026-02-13T13:08:28.041+0100] {dagbag.py:588} INFO - Filling up the DagBag from /home/gianotti/Documents/CryptoETL/.venv/lib/python3.12/site-packages/airflow/example_dags/example_setup_teardown_taskflow.py
[2026-02-13T13:08:28.059+0100] {processor.py:925} INFO - DAG(s) 'example_setup_teardown_taskflow' retrieved from /home/gianotti/Documents/CryptoETL/.venv/lib/python3.12/site-packages/airflow/example_dags/example_setup_teardown_taskflow.py
[2026-02-13T13:08:28.085+0100] {logging_mixin.py:190} INFO - [2026-02-13T13:08:28.084+0100] {dag.py:3239} INFO - Sync 1 DAGs
[2026-02-13T13:08:28.107+0100] {logging_mixin.py:190} INFO - [2026-02-13T13:08:28.107+0100] {dag.py:4180} INFO - Setting next_dagrun for example_setup_teardown_taskflow to None, run_after=None
[2026-02-13T13:08:28.138+0100] {processor.py:208} INFO - Processing /home/gianotti/Documents/CryptoETL/.venv/lib/python3.12/site-packages/airflow/example_dags/example_setup_teardown_taskflow.py took 0.109 seconds
