[2026-02-13T12:54:54.572+0100] {processor.py:186} INFO - Started process (PID=34891) to work on /home/gianotti/Documents/CryptoETL/.venv/lib/python3.12/site-packages/airflow/example_dags/tutorial_objectstorage.py
[2026-02-13T12:54:54.573+0100] {processor.py:914} INFO - Processing file /home/gianotti/Documents/CryptoETL/.venv/lib/python3.12/site-packages/airflow/example_dags/tutorial_objectstorage.py for tasks to queue
[2026-02-13T12:54:54.576+0100] {logging_mixin.py:190} INFO - [2026-02-13T12:54:54.575+0100] {dagbag.py:588} INFO - Filling up the DagBag from /home/gianotti/Documents/CryptoETL/.venv/lib/python3.12/site-packages/airflow/example_dags/tutorial_objectstorage.py
[2026-02-13T12:54:54.584+0100] {logging_mixin.py:190} INFO - [2026-02-13T12:54:54.582+0100] {dagbag.py:387} ERROR - Failed to import: /home/gianotti/Documents/CryptoETL/.venv/lib/python3.12/site-packages/airflow/example_dags/tutorial_objectstorage.py
Traceback (most recent call last):
  File "/home/gianotti/Documents/CryptoETL/.venv/lib/python3.12/site-packages/airflow/models/dagbag.py", line 383, in parse
    loader.exec_module(new_module)
  File "<frozen importlib._bootstrap_external>", line 995, in exec_module
  File "<frozen importlib._bootstrap>", line 488, in _call_with_frames_removed
  File "/home/gianotti/Documents/CryptoETL/.venv/lib/python3.12/site-packages/airflow/example_dags/tutorial_objectstorage.py", line 46, in <module>
    base = ObjectStoragePath("s3://aws_default@airflow-tutorial-data/")
           ^^^^^^^^^^^^^^^^^^^^^^^^^^^^^^^^^^^^^^^^^^^^^^^^^^^^^^^^^^^^
  File "/home/gianotti/Documents/CryptoETL/.venv/lib/python3.12/site-packages/upath/core.py", line 164, in __call__
    inst = cls.__new__(cls, *args, **kwargs)
           ^^^^^^^^^^^^^^^^^^^^^^^^^^^^^^^^^
  File "/home/gianotti/Documents/CryptoETL/.venv/lib/python3.12/site-packages/upath/core.py", line 469, in __new__
    raise _IncompatibleProtocolError(msg)
TypeError: ObjectStoragePath(...) detected protocol s3 which is incompatible with ObjectStoragePath.
[2026-02-13T12:54:54.585+0100] {processor.py:927} WARNING - No viable dags retrieved from /home/gianotti/Documents/CryptoETL/.venv/lib/python3.12/site-packages/airflow/example_dags/tutorial_objectstorage.py
[2026-02-13T12:54:54.612+0100] {processor.py:208} INFO - Processing /home/gianotti/Documents/CryptoETL/.venv/lib/python3.12/site-packages/airflow/example_dags/tutorial_objectstorage.py took 0.049 seconds
[2026-02-13T12:56:04.492+0100] {processor.py:186} INFO - Started process (PID=34999) to work on /home/gianotti/Documents/CryptoETL/.venv/lib/python3.12/site-packages/airflow/example_dags/tutorial_objectstorage.py
[2026-02-13T12:56:04.495+0100] {processor.py:914} INFO - Processing file /home/gianotti/Documents/CryptoETL/.venv/lib/python3.12/site-packages/airflow/example_dags/tutorial_objectstorage.py for tasks to queue
[2026-02-13T12:56:04.498+0100] {logging_mixin.py:190} INFO - [2026-02-13T12:56:04.497+0100] {dagbag.py:588} INFO - Filling up the DagBag from /home/gianotti/Documents/CryptoETL/.venv/lib/python3.12/site-packages/airflow/example_dags/tutorial_objectstorage.py
[2026-02-13T12:56:04.505+0100] {logging_mixin.py:190} INFO - [2026-02-13T12:56:04.502+0100] {dagbag.py:387} ERROR - Failed to import: /home/gianotti/Documents/CryptoETL/.venv/lib/python3.12/site-packages/airflow/example_dags/tutorial_objectstorage.py
Traceback (most recent call last):
  File "/home/gianotti/Documents/CryptoETL/.venv/lib/python3.12/site-packages/airflow/models/dagbag.py", line 383, in parse
    loader.exec_module(new_module)
  File "<frozen importlib._bootstrap_external>", line 995, in exec_module
  File "<frozen importlib._bootstrap>", line 488, in _call_with_frames_removed
  File "/home/gianotti/Documents/CryptoETL/.venv/lib/python3.12/site-packages/airflow/example_dags/tutorial_objectstorage.py", line 46, in <module>
    base = ObjectStoragePath("s3://aws_default@airflow-tutorial-data/")
           ^^^^^^^^^^^^^^^^^^^^^^^^^^^^^^^^^^^^^^^^^^^^^^^^^^^^^^^^^^^^
  File "/home/gianotti/Documents/CryptoETL/.venv/lib/python3.12/site-packages/upath/core.py", line 164, in __call__
    inst = cls.__new__(cls, *args, **kwargs)
           ^^^^^^^^^^^^^^^^^^^^^^^^^^^^^^^^^
  File "/home/gianotti/Documents/CryptoETL/.venv/lib/python3.12/site-packages/upath/core.py", line 469, in __new__
    raise _IncompatibleProtocolError(msg)
TypeError: ObjectStoragePath(...) detected protocol s3 which is incompatible with ObjectStoragePath.
[2026-02-13T12:56:04.505+0100] {processor.py:927} WARNING - No viable dags retrieved from /home/gianotti/Documents/CryptoETL/.venv/lib/python3.12/site-packages/airflow/example_dags/tutorial_objectstorage.py
[2026-02-13T12:56:04.528+0100] {processor.py:208} INFO - Processing /home/gianotti/Documents/CryptoETL/.venv/lib/python3.12/site-packages/airflow/example_dags/tutorial_objectstorage.py took 0.045 seconds
[2026-02-13T12:56:37.081+0100] {processor.py:186} INFO - Started process (PID=35088) to work on /home/gianotti/Documents/CryptoETL/.venv/lib/python3.12/site-packages/airflow/example_dags/tutorial_objectstorage.py
[2026-02-13T12:56:37.082+0100] {processor.py:914} INFO - Processing file /home/gianotti/Documents/CryptoETL/.venv/lib/python3.12/site-packages/airflow/example_dags/tutorial_objectstorage.py for tasks to queue
[2026-02-13T12:56:37.086+0100] {logging_mixin.py:190} INFO - [2026-02-13T12:56:37.085+0100] {dagbag.py:588} INFO - Filling up the DagBag from /home/gianotti/Documents/CryptoETL/.venv/lib/python3.12/site-packages/airflow/example_dags/tutorial_objectstorage.py
[2026-02-13T12:56:37.092+0100] {logging_mixin.py:190} INFO - [2026-02-13T12:56:37.090+0100] {dagbag.py:387} ERROR - Failed to import: /home/gianotti/Documents/CryptoETL/.venv/lib/python3.12/site-packages/airflow/example_dags/tutorial_objectstorage.py
Traceback (most recent call last):
  File "/home/gianotti/Documents/CryptoETL/.venv/lib/python3.12/site-packages/airflow/models/dagbag.py", line 383, in parse
    loader.exec_module(new_module)
  File "<frozen importlib._bootstrap_external>", line 995, in exec_module
  File "<frozen importlib._bootstrap>", line 488, in _call_with_frames_removed
  File "/home/gianotti/Documents/CryptoETL/.venv/lib/python3.12/site-packages/airflow/example_dags/tutorial_objectstorage.py", line 46, in <module>
    base = ObjectStoragePath("s3://aws_default@airflow-tutorial-data/")
           ^^^^^^^^^^^^^^^^^^^^^^^^^^^^^^^^^^^^^^^^^^^^^^^^^^^^^^^^^^^^
  File "/home/gianotti/Documents/CryptoETL/.venv/lib/python3.12/site-packages/upath/core.py", line 164, in __call__
    inst = cls.__new__(cls, *args, **kwargs)
           ^^^^^^^^^^^^^^^^^^^^^^^^^^^^^^^^^
  File "/home/gianotti/Documents/CryptoETL/.venv/lib/python3.12/site-packages/upath/core.py", line 469, in __new__
    raise _IncompatibleProtocolError(msg)
TypeError: ObjectStoragePath(...) detected protocol s3 which is incompatible with ObjectStoragePath.
[2026-02-13T12:56:37.092+0100] {processor.py:927} WARNING - No viable dags retrieved from /home/gianotti/Documents/CryptoETL/.venv/lib/python3.12/site-packages/airflow/example_dags/tutorial_objectstorage.py
[2026-02-13T12:56:37.114+0100] {processor.py:208} INFO - Processing /home/gianotti/Documents/CryptoETL/.venv/lib/python3.12/site-packages/airflow/example_dags/tutorial_objectstorage.py took 0.041 seconds
[2026-02-13T12:57:34.516+0100] {processor.py:186} INFO - Started process (PID=35190) to work on /home/gianotti/Documents/CryptoETL/.venv/lib/python3.12/site-packages/airflow/example_dags/tutorial_objectstorage.py
[2026-02-13T12:57:34.518+0100] {processor.py:914} INFO - Processing file /home/gianotti/Documents/CryptoETL/.venv/lib/python3.12/site-packages/airflow/example_dags/tutorial_objectstorage.py for tasks to queue
[2026-02-13T12:57:34.522+0100] {logging_mixin.py:190} INFO - [2026-02-13T12:57:34.521+0100] {dagbag.py:588} INFO - Filling up the DagBag from /home/gianotti/Documents/CryptoETL/.venv/lib/python3.12/site-packages/airflow/example_dags/tutorial_objectstorage.py
[2026-02-13T12:57:34.529+0100] {logging_mixin.py:190} INFO - [2026-02-13T12:57:34.526+0100] {dagbag.py:387} ERROR - Failed to import: /home/gianotti/Documents/CryptoETL/.venv/lib/python3.12/site-packages/airflow/example_dags/tutorial_objectstorage.py
Traceback (most recent call last):
  File "/home/gianotti/Documents/CryptoETL/.venv/lib/python3.12/site-packages/airflow/models/dagbag.py", line 383, in parse
    loader.exec_module(new_module)
  File "<frozen importlib._bootstrap_external>", line 995, in exec_module
  File "<frozen importlib._bootstrap>", line 488, in _call_with_frames_removed
  File "/home/gianotti/Documents/CryptoETL/.venv/lib/python3.12/site-packages/airflow/example_dags/tutorial_objectstorage.py", line 46, in <module>
    base = ObjectStoragePath("s3://aws_default@airflow-tutorial-data/")
           ^^^^^^^^^^^^^^^^^^^^^^^^^^^^^^^^^^^^^^^^^^^^^^^^^^^^^^^^^^^^
  File "/home/gianotti/Documents/CryptoETL/.venv/lib/python3.12/site-packages/upath/core.py", line 164, in __call__
    inst = cls.__new__(cls, *args, **kwargs)
           ^^^^^^^^^^^^^^^^^^^^^^^^^^^^^^^^^
  File "/home/gianotti/Documents/CryptoETL/.venv/lib/python3.12/site-packages/upath/core.py", line 469, in __new__
    raise _IncompatibleProtocolError(msg)
TypeError: ObjectStoragePath(...) detected protocol s3 which is incompatible with ObjectStoragePath.
[2026-02-13T12:57:34.530+0100] {processor.py:927} WARNING - No viable dags retrieved from /home/gianotti/Documents/CryptoETL/.venv/lib/python3.12/site-packages/airflow/example_dags/tutorial_objectstorage.py
[2026-02-13T12:57:34.558+0100] {processor.py:208} INFO - Processing /home/gianotti/Documents/CryptoETL/.venv/lib/python3.12/site-packages/airflow/example_dags/tutorial_objectstorage.py took 0.052 seconds
[2026-02-13T12:58:30.812+0100] {processor.py:186} INFO - Started process (PID=35331) to work on /home/gianotti/Documents/CryptoETL/.venv/lib/python3.12/site-packages/airflow/example_dags/tutorial_objectstorage.py
[2026-02-13T12:58:30.815+0100] {processor.py:914} INFO - Processing file /home/gianotti/Documents/CryptoETL/.venv/lib/python3.12/site-packages/airflow/example_dags/tutorial_objectstorage.py for tasks to queue
[2026-02-13T12:58:30.818+0100] {logging_mixin.py:190} INFO - [2026-02-13T12:58:30.817+0100] {dagbag.py:588} INFO - Filling up the DagBag from /home/gianotti/Documents/CryptoETL/.venv/lib/python3.12/site-packages/airflow/example_dags/tutorial_objectstorage.py
[2026-02-13T12:58:30.824+0100] {logging_mixin.py:190} INFO - [2026-02-13T12:58:30.822+0100] {dagbag.py:387} ERROR - Failed to import: /home/gianotti/Documents/CryptoETL/.venv/lib/python3.12/site-packages/airflow/example_dags/tutorial_objectstorage.py
Traceback (most recent call last):
  File "/home/gianotti/Documents/CryptoETL/.venv/lib/python3.12/site-packages/airflow/models/dagbag.py", line 383, in parse
    loader.exec_module(new_module)
  File "<frozen importlib._bootstrap_external>", line 995, in exec_module
  File "<frozen importlib._bootstrap>", line 488, in _call_with_frames_removed
  File "/home/gianotti/Documents/CryptoETL/.venv/lib/python3.12/site-packages/airflow/example_dags/tutorial_objectstorage.py", line 46, in <module>
    base = ObjectStoragePath("s3://aws_default@airflow-tutorial-data/")
           ^^^^^^^^^^^^^^^^^^^^^^^^^^^^^^^^^^^^^^^^^^^^^^^^^^^^^^^^^^^^
  File "/home/gianotti/Documents/CryptoETL/.venv/lib/python3.12/site-packages/upath/core.py", line 164, in __call__
    inst = cls.__new__(cls, *args, **kwargs)
           ^^^^^^^^^^^^^^^^^^^^^^^^^^^^^^^^^
  File "/home/gianotti/Documents/CryptoETL/.venv/lib/python3.12/site-packages/upath/core.py", line 469, in __new__
    raise _IncompatibleProtocolError(msg)
TypeError: ObjectStoragePath(...) detected protocol s3 which is incompatible with ObjectStoragePath.
[2026-02-13T12:58:30.825+0100] {processor.py:927} WARNING - No viable dags retrieved from /home/gianotti/Documents/CryptoETL/.venv/lib/python3.12/site-packages/airflow/example_dags/tutorial_objectstorage.py
[2026-02-13T12:58:30.856+0100] {processor.py:208} INFO - Processing /home/gianotti/Documents/CryptoETL/.venv/lib/python3.12/site-packages/airflow/example_dags/tutorial_objectstorage.py took 0.053 seconds
[2026-02-13T12:59:24.064+0100] {processor.py:186} INFO - Started process (PID=35439) to work on /home/gianotti/Documents/CryptoETL/.venv/lib/python3.12/site-packages/airflow/example_dags/tutorial_objectstorage.py
[2026-02-13T12:59:24.066+0100] {processor.py:914} INFO - Processing file /home/gianotti/Documents/CryptoETL/.venv/lib/python3.12/site-packages/airflow/example_dags/tutorial_objectstorage.py for tasks to queue
[2026-02-13T12:59:24.069+0100] {logging_mixin.py:190} INFO - [2026-02-13T12:59:24.069+0100] {dagbag.py:588} INFO - Filling up the DagBag from /home/gianotti/Documents/CryptoETL/.venv/lib/python3.12/site-packages/airflow/example_dags/tutorial_objectstorage.py
[2026-02-13T12:59:24.076+0100] {logging_mixin.py:190} INFO - [2026-02-13T12:59:24.074+0100] {dagbag.py:387} ERROR - Failed to import: /home/gianotti/Documents/CryptoETL/.venv/lib/python3.12/site-packages/airflow/example_dags/tutorial_objectstorage.py
Traceback (most recent call last):
  File "/home/gianotti/Documents/CryptoETL/.venv/lib/python3.12/site-packages/airflow/models/dagbag.py", line 383, in parse
    loader.exec_module(new_module)
  File "<frozen importlib._bootstrap_external>", line 995, in exec_module
  File "<frozen importlib._bootstrap>", line 488, in _call_with_frames_removed
  File "/home/gianotti/Documents/CryptoETL/.venv/lib/python3.12/site-packages/airflow/example_dags/tutorial_objectstorage.py", line 46, in <module>
    base = ObjectStoragePath("s3://aws_default@airflow-tutorial-data/")
           ^^^^^^^^^^^^^^^^^^^^^^^^^^^^^^^^^^^^^^^^^^^^^^^^^^^^^^^^^^^^
  File "/home/gianotti/Documents/CryptoETL/.venv/lib/python3.12/site-packages/upath/core.py", line 164, in __call__
    inst = cls.__new__(cls, *args, **kwargs)
           ^^^^^^^^^^^^^^^^^^^^^^^^^^^^^^^^^
  File "/home/gianotti/Documents/CryptoETL/.venv/lib/python3.12/site-packages/upath/core.py", line 469, in __new__
    raise _IncompatibleProtocolError(msg)
TypeError: ObjectStoragePath(...) detected protocol s3 which is incompatible with ObjectStoragePath.
[2026-02-13T12:59:24.077+0100] {processor.py:927} WARNING - No viable dags retrieved from /home/gianotti/Documents/CryptoETL/.venv/lib/python3.12/site-packages/airflow/example_dags/tutorial_objectstorage.py
[2026-02-13T12:59:24.104+0100] {processor.py:208} INFO - Processing /home/gianotti/Documents/CryptoETL/.venv/lib/python3.12/site-packages/airflow/example_dags/tutorial_objectstorage.py took 0.049 seconds
[2026-02-13T13:00:19.896+0100] {processor.py:186} INFO - Started process (PID=35543) to work on /home/gianotti/Documents/CryptoETL/.venv/lib/python3.12/site-packages/airflow/example_dags/tutorial_objectstorage.py
[2026-02-13T13:00:19.898+0100] {processor.py:914} INFO - Processing file /home/gianotti/Documents/CryptoETL/.venv/lib/python3.12/site-packages/airflow/example_dags/tutorial_objectstorage.py for tasks to queue
[2026-02-13T13:00:19.900+0100] {logging_mixin.py:190} INFO - [2026-02-13T13:00:19.899+0100] {dagbag.py:588} INFO - Filling up the DagBag from /home/gianotti/Documents/CryptoETL/.venv/lib/python3.12/site-packages/airflow/example_dags/tutorial_objectstorage.py
[2026-02-13T13:00:19.905+0100] {logging_mixin.py:190} INFO - [2026-02-13T13:00:19.903+0100] {dagbag.py:387} ERROR - Failed to import: /home/gianotti/Documents/CryptoETL/.venv/lib/python3.12/site-packages/airflow/example_dags/tutorial_objectstorage.py
Traceback (most recent call last):
  File "/home/gianotti/Documents/CryptoETL/.venv/lib/python3.12/site-packages/airflow/models/dagbag.py", line 383, in parse
    loader.exec_module(new_module)
  File "<frozen importlib._bootstrap_external>", line 995, in exec_module
  File "<frozen importlib._bootstrap>", line 488, in _call_with_frames_removed
  File "/home/gianotti/Documents/CryptoETL/.venv/lib/python3.12/site-packages/airflow/example_dags/tutorial_objectstorage.py", line 46, in <module>
    base = ObjectStoragePath("s3://aws_default@airflow-tutorial-data/")
           ^^^^^^^^^^^^^^^^^^^^^^^^^^^^^^^^^^^^^^^^^^^^^^^^^^^^^^^^^^^^
  File "/home/gianotti/Documents/CryptoETL/.venv/lib/python3.12/site-packages/upath/core.py", line 164, in __call__
    inst = cls.__new__(cls, *args, **kwargs)
           ^^^^^^^^^^^^^^^^^^^^^^^^^^^^^^^^^
  File "/home/gianotti/Documents/CryptoETL/.venv/lib/python3.12/site-packages/upath/core.py", line 469, in __new__
    raise _IncompatibleProtocolError(msg)
TypeError: ObjectStoragePath(...) detected protocol s3 which is incompatible with ObjectStoragePath.
[2026-02-13T13:00:19.906+0100] {processor.py:927} WARNING - No viable dags retrieved from /home/gianotti/Documents/CryptoETL/.venv/lib/python3.12/site-packages/airflow/example_dags/tutorial_objectstorage.py
[2026-02-13T13:00:19.927+0100] {processor.py:208} INFO - Processing /home/gianotti/Documents/CryptoETL/.venv/lib/python3.12/site-packages/airflow/example_dags/tutorial_objectstorage.py took 0.037 seconds
[2026-02-13T13:01:19.813+0100] {processor.py:186} INFO - Started process (PID=35660) to work on /home/gianotti/Documents/CryptoETL/.venv/lib/python3.12/site-packages/airflow/example_dags/tutorial_objectstorage.py
[2026-02-13T13:01:19.816+0100] {processor.py:914} INFO - Processing file /home/gianotti/Documents/CryptoETL/.venv/lib/python3.12/site-packages/airflow/example_dags/tutorial_objectstorage.py for tasks to queue
[2026-02-13T13:01:19.818+0100] {logging_mixin.py:190} INFO - [2026-02-13T13:01:19.817+0100] {dagbag.py:588} INFO - Filling up the DagBag from /home/gianotti/Documents/CryptoETL/.venv/lib/python3.12/site-packages/airflow/example_dags/tutorial_objectstorage.py
[2026-02-13T13:01:19.825+0100] {logging_mixin.py:190} INFO - [2026-02-13T13:01:19.823+0100] {dagbag.py:387} ERROR - Failed to import: /home/gianotti/Documents/CryptoETL/.venv/lib/python3.12/site-packages/airflow/example_dags/tutorial_objectstorage.py
Traceback (most recent call last):
  File "/home/gianotti/Documents/CryptoETL/.venv/lib/python3.12/site-packages/airflow/models/dagbag.py", line 383, in parse
    loader.exec_module(new_module)
  File "<frozen importlib._bootstrap_external>", line 995, in exec_module
  File "<frozen importlib._bootstrap>", line 488, in _call_with_frames_removed
  File "/home/gianotti/Documents/CryptoETL/.venv/lib/python3.12/site-packages/airflow/example_dags/tutorial_objectstorage.py", line 46, in <module>
    base = ObjectStoragePath("s3://aws_default@airflow-tutorial-data/")
           ^^^^^^^^^^^^^^^^^^^^^^^^^^^^^^^^^^^^^^^^^^^^^^^^^^^^^^^^^^^^
  File "/home/gianotti/Documents/CryptoETL/.venv/lib/python3.12/site-packages/upath/core.py", line 164, in __call__
    inst = cls.__new__(cls, *args, **kwargs)
           ^^^^^^^^^^^^^^^^^^^^^^^^^^^^^^^^^
  File "/home/gianotti/Documents/CryptoETL/.venv/lib/python3.12/site-packages/upath/core.py", line 469, in __new__
    raise _IncompatibleProtocolError(msg)
TypeError: ObjectStoragePath(...) detected protocol s3 which is incompatible with ObjectStoragePath.
[2026-02-13T13:01:19.826+0100] {processor.py:927} WARNING - No viable dags retrieved from /home/gianotti/Documents/CryptoETL/.venv/lib/python3.12/site-packages/airflow/example_dags/tutorial_objectstorage.py
[2026-02-13T13:01:19.853+0100] {processor.py:208} INFO - Processing /home/gianotti/Documents/CryptoETL/.venv/lib/python3.12/site-packages/airflow/example_dags/tutorial_objectstorage.py took 0.050 seconds
[2026-02-13T13:02:19.555+0100] {processor.py:186} INFO - Started process (PID=35787) to work on /home/gianotti/Documents/CryptoETL/.venv/lib/python3.12/site-packages/airflow/example_dags/tutorial_objectstorage.py
[2026-02-13T13:02:19.558+0100] {processor.py:914} INFO - Processing file /home/gianotti/Documents/CryptoETL/.venv/lib/python3.12/site-packages/airflow/example_dags/tutorial_objectstorage.py for tasks to queue
[2026-02-13T13:02:19.560+0100] {logging_mixin.py:190} INFO - [2026-02-13T13:02:19.559+0100] {dagbag.py:588} INFO - Filling up the DagBag from /home/gianotti/Documents/CryptoETL/.venv/lib/python3.12/site-packages/airflow/example_dags/tutorial_objectstorage.py
[2026-02-13T13:02:19.567+0100] {logging_mixin.py:190} INFO - [2026-02-13T13:02:19.564+0100] {dagbag.py:387} ERROR - Failed to import: /home/gianotti/Documents/CryptoETL/.venv/lib/python3.12/site-packages/airflow/example_dags/tutorial_objectstorage.py
Traceback (most recent call last):
  File "/home/gianotti/Documents/CryptoETL/.venv/lib/python3.12/site-packages/airflow/models/dagbag.py", line 383, in parse
    loader.exec_module(new_module)
  File "<frozen importlib._bootstrap_external>", line 995, in exec_module
  File "<frozen importlib._bootstrap>", line 488, in _call_with_frames_removed
  File "/home/gianotti/Documents/CryptoETL/.venv/lib/python3.12/site-packages/airflow/example_dags/tutorial_objectstorage.py", line 46, in <module>
    base = ObjectStoragePath("s3://aws_default@airflow-tutorial-data/")
           ^^^^^^^^^^^^^^^^^^^^^^^^^^^^^^^^^^^^^^^^^^^^^^^^^^^^^^^^^^^^
  File "/home/gianotti/Documents/CryptoETL/.venv/lib/python3.12/site-packages/upath/core.py", line 164, in __call__
    inst = cls.__new__(cls, *args, **kwargs)
           ^^^^^^^^^^^^^^^^^^^^^^^^^^^^^^^^^
  File "/home/gianotti/Documents/CryptoETL/.venv/lib/python3.12/site-packages/upath/core.py", line 469, in __new__
    raise _IncompatibleProtocolError(msg)
TypeError: ObjectStoragePath(...) detected protocol s3 which is incompatible with ObjectStoragePath.
[2026-02-13T13:02:19.568+0100] {processor.py:927} WARNING - No viable dags retrieved from /home/gianotti/Documents/CryptoETL/.venv/lib/python3.12/site-packages/airflow/example_dags/tutorial_objectstorage.py
[2026-02-13T13:02:19.592+0100] {processor.py:208} INFO - Processing /home/gianotti/Documents/CryptoETL/.venv/lib/python3.12/site-packages/airflow/example_dags/tutorial_objectstorage.py took 0.045 seconds
[2026-02-13T13:03:14.472+0100] {processor.py:186} INFO - Started process (PID=35876) to work on /home/gianotti/Documents/CryptoETL/.venv/lib/python3.12/site-packages/airflow/example_dags/tutorial_objectstorage.py
[2026-02-13T13:03:14.474+0100] {processor.py:914} INFO - Processing file /home/gianotti/Documents/CryptoETL/.venv/lib/python3.12/site-packages/airflow/example_dags/tutorial_objectstorage.py for tasks to queue
[2026-02-13T13:03:14.476+0100] {logging_mixin.py:190} INFO - [2026-02-13T13:03:14.476+0100] {dagbag.py:588} INFO - Filling up the DagBag from /home/gianotti/Documents/CryptoETL/.venv/lib/python3.12/site-packages/airflow/example_dags/tutorial_objectstorage.py
[2026-02-13T13:03:14.483+0100] {logging_mixin.py:190} INFO - [2026-02-13T13:03:14.481+0100] {dagbag.py:387} ERROR - Failed to import: /home/gianotti/Documents/CryptoETL/.venv/lib/python3.12/site-packages/airflow/example_dags/tutorial_objectstorage.py
Traceback (most recent call last):
  File "/home/gianotti/Documents/CryptoETL/.venv/lib/python3.12/site-packages/airflow/models/dagbag.py", line 383, in parse
    loader.exec_module(new_module)
  File "<frozen importlib._bootstrap_external>", line 995, in exec_module
  File "<frozen importlib._bootstrap>", line 488, in _call_with_frames_removed
  File "/home/gianotti/Documents/CryptoETL/.venv/lib/python3.12/site-packages/airflow/example_dags/tutorial_objectstorage.py", line 46, in <module>
    base = ObjectStoragePath("s3://aws_default@airflow-tutorial-data/")
           ^^^^^^^^^^^^^^^^^^^^^^^^^^^^^^^^^^^^^^^^^^^^^^^^^^^^^^^^^^^^
  File "/home/gianotti/Documents/CryptoETL/.venv/lib/python3.12/site-packages/upath/core.py", line 164, in __call__
    inst = cls.__new__(cls, *args, **kwargs)
           ^^^^^^^^^^^^^^^^^^^^^^^^^^^^^^^^^
  File "/home/gianotti/Documents/CryptoETL/.venv/lib/python3.12/site-packages/upath/core.py", line 469, in __new__
    raise _IncompatibleProtocolError(msg)
TypeError: ObjectStoragePath(...) detected protocol s3 which is incompatible with ObjectStoragePath.
[2026-02-13T13:03:14.484+0100] {processor.py:927} WARNING - No viable dags retrieved from /home/gianotti/Documents/CryptoETL/.venv/lib/python3.12/site-packages/airflow/example_dags/tutorial_objectstorage.py
[2026-02-13T13:03:14.513+0100] {processor.py:208} INFO - Processing /home/gianotti/Documents/CryptoETL/.venv/lib/python3.12/site-packages/airflow/example_dags/tutorial_objectstorage.py took 0.050 seconds
[2026-02-13T13:04:13.935+0100] {processor.py:186} INFO - Started process (PID=36033) to work on /home/gianotti/Documents/CryptoETL/.venv/lib/python3.12/site-packages/airflow/example_dags/tutorial_objectstorage.py
[2026-02-13T13:04:13.938+0100] {processor.py:914} INFO - Processing file /home/gianotti/Documents/CryptoETL/.venv/lib/python3.12/site-packages/airflow/example_dags/tutorial_objectstorage.py for tasks to queue
[2026-02-13T13:04:13.942+0100] {logging_mixin.py:190} INFO - [2026-02-13T13:04:13.941+0100] {dagbag.py:588} INFO - Filling up the DagBag from /home/gianotti/Documents/CryptoETL/.venv/lib/python3.12/site-packages/airflow/example_dags/tutorial_objectstorage.py
[2026-02-13T13:04:13.951+0100] {logging_mixin.py:190} INFO - [2026-02-13T13:04:13.948+0100] {dagbag.py:387} ERROR - Failed to import: /home/gianotti/Documents/CryptoETL/.venv/lib/python3.12/site-packages/airflow/example_dags/tutorial_objectstorage.py
Traceback (most recent call last):
  File "/home/gianotti/Documents/CryptoETL/.venv/lib/python3.12/site-packages/airflow/models/dagbag.py", line 383, in parse
    loader.exec_module(new_module)
  File "<frozen importlib._bootstrap_external>", line 995, in exec_module
  File "<frozen importlib._bootstrap>", line 488, in _call_with_frames_removed
  File "/home/gianotti/Documents/CryptoETL/.venv/lib/python3.12/site-packages/airflow/example_dags/tutorial_objectstorage.py", line 46, in <module>
    base = ObjectStoragePath("s3://aws_default@airflow-tutorial-data/")
           ^^^^^^^^^^^^^^^^^^^^^^^^^^^^^^^^^^^^^^^^^^^^^^^^^^^^^^^^^^^^
  File "/home/gianotti/Documents/CryptoETL/.venv/lib/python3.12/site-packages/upath/core.py", line 164, in __call__
    inst = cls.__new__(cls, *args, **kwargs)
           ^^^^^^^^^^^^^^^^^^^^^^^^^^^^^^^^^
  File "/home/gianotti/Documents/CryptoETL/.venv/lib/python3.12/site-packages/upath/core.py", line 469, in __new__
    raise _IncompatibleProtocolError(msg)
TypeError: ObjectStoragePath(...) detected protocol s3 which is incompatible with ObjectStoragePath.
[2026-02-13T13:04:13.952+0100] {processor.py:927} WARNING - No viable dags retrieved from /home/gianotti/Documents/CryptoETL/.venv/lib/python3.12/site-packages/airflow/example_dags/tutorial_objectstorage.py
[2026-02-13T13:04:13.987+0100] {processor.py:208} INFO - Processing /home/gianotti/Documents/CryptoETL/.venv/lib/python3.12/site-packages/airflow/example_dags/tutorial_objectstorage.py took 0.062 seconds
[2026-02-13T13:04:45.900+0100] {processor.py:186} INFO - Started process (PID=36096) to work on /home/gianotti/Documents/CryptoETL/.venv/lib/python3.12/site-packages/airflow/example_dags/tutorial_objectstorage.py
[2026-02-13T13:04:45.901+0100] {processor.py:914} INFO - Processing file /home/gianotti/Documents/CryptoETL/.venv/lib/python3.12/site-packages/airflow/example_dags/tutorial_objectstorage.py for tasks to queue
[2026-02-13T13:04:45.903+0100] {logging_mixin.py:190} INFO - [2026-02-13T13:04:45.903+0100] {dagbag.py:588} INFO - Filling up the DagBag from /home/gianotti/Documents/CryptoETL/.venv/lib/python3.12/site-packages/airflow/example_dags/tutorial_objectstorage.py
[2026-02-13T13:04:45.910+0100] {logging_mixin.py:190} INFO - [2026-02-13T13:04:45.908+0100] {dagbag.py:387} ERROR - Failed to import: /home/gianotti/Documents/CryptoETL/.venv/lib/python3.12/site-packages/airflow/example_dags/tutorial_objectstorage.py
Traceback (most recent call last):
  File "/home/gianotti/Documents/CryptoETL/.venv/lib/python3.12/site-packages/airflow/models/dagbag.py", line 383, in parse
    loader.exec_module(new_module)
  File "<frozen importlib._bootstrap_external>", line 995, in exec_module
  File "<frozen importlib._bootstrap>", line 488, in _call_with_frames_removed
  File "/home/gianotti/Documents/CryptoETL/.venv/lib/python3.12/site-packages/airflow/example_dags/tutorial_objectstorage.py", line 46, in <module>
    base = ObjectStoragePath("s3://aws_default@airflow-tutorial-data/")
           ^^^^^^^^^^^^^^^^^^^^^^^^^^^^^^^^^^^^^^^^^^^^^^^^^^^^^^^^^^^^
  File "/home/gianotti/Documents/CryptoETL/.venv/lib/python3.12/site-packages/upath/core.py", line 164, in __call__
    inst = cls.__new__(cls, *args, **kwargs)
           ^^^^^^^^^^^^^^^^^^^^^^^^^^^^^^^^^
  File "/home/gianotti/Documents/CryptoETL/.venv/lib/python3.12/site-packages/upath/core.py", line 469, in __new__
    raise _IncompatibleProtocolError(msg)
TypeError: ObjectStoragePath(...) detected protocol s3 which is incompatible with ObjectStoragePath.
[2026-02-13T13:04:45.911+0100] {processor.py:927} WARNING - No viable dags retrieved from /home/gianotti/Documents/CryptoETL/.venv/lib/python3.12/site-packages/airflow/example_dags/tutorial_objectstorage.py
[2026-02-13T13:04:45.942+0100] {processor.py:208} INFO - Processing /home/gianotti/Documents/CryptoETL/.venv/lib/python3.12/site-packages/airflow/example_dags/tutorial_objectstorage.py took 0.052 seconds
[2026-02-13T13:05:18.922+0100] {processor.py:186} INFO - Started process (PID=36157) to work on /home/gianotti/Documents/CryptoETL/.venv/lib/python3.12/site-packages/airflow/example_dags/tutorial_objectstorage.py
[2026-02-13T13:05:18.923+0100] {processor.py:914} INFO - Processing file /home/gianotti/Documents/CryptoETL/.venv/lib/python3.12/site-packages/airflow/example_dags/tutorial_objectstorage.py for tasks to queue
[2026-02-13T13:05:18.925+0100] {logging_mixin.py:190} INFO - [2026-02-13T13:05:18.925+0100] {dagbag.py:588} INFO - Filling up the DagBag from /home/gianotti/Documents/CryptoETL/.venv/lib/python3.12/site-packages/airflow/example_dags/tutorial_objectstorage.py
[2026-02-13T13:05:18.933+0100] {logging_mixin.py:190} INFO - [2026-02-13T13:05:18.930+0100] {dagbag.py:387} ERROR - Failed to import: /home/gianotti/Documents/CryptoETL/.venv/lib/python3.12/site-packages/airflow/example_dags/tutorial_objectstorage.py
Traceback (most recent call last):
  File "/home/gianotti/Documents/CryptoETL/.venv/lib/python3.12/site-packages/airflow/models/dagbag.py", line 383, in parse
    loader.exec_module(new_module)
  File "<frozen importlib._bootstrap_external>", line 995, in exec_module
  File "<frozen importlib._bootstrap>", line 488, in _call_with_frames_removed
  File "/home/gianotti/Documents/CryptoETL/.venv/lib/python3.12/site-packages/airflow/example_dags/tutorial_objectstorage.py", line 46, in <module>
    base = ObjectStoragePath("s3://aws_default@airflow-tutorial-data/")
           ^^^^^^^^^^^^^^^^^^^^^^^^^^^^^^^^^^^^^^^^^^^^^^^^^^^^^^^^^^^^
  File "/home/gianotti/Documents/CryptoETL/.venv/lib/python3.12/site-packages/upath/core.py", line 164, in __call__
    inst = cls.__new__(cls, *args, **kwargs)
           ^^^^^^^^^^^^^^^^^^^^^^^^^^^^^^^^^
  File "/home/gianotti/Documents/CryptoETL/.venv/lib/python3.12/site-packages/upath/core.py", line 469, in __new__
    raise _IncompatibleProtocolError(msg)
TypeError: ObjectStoragePath(...) detected protocol s3 which is incompatible with ObjectStoragePath.
[2026-02-13T13:05:18.934+0100] {processor.py:927} WARNING - No viable dags retrieved from /home/gianotti/Documents/CryptoETL/.venv/lib/python3.12/site-packages/airflow/example_dags/tutorial_objectstorage.py
[2026-02-13T13:05:18.964+0100] {processor.py:208} INFO - Processing /home/gianotti/Documents/CryptoETL/.venv/lib/python3.12/site-packages/airflow/example_dags/tutorial_objectstorage.py took 0.051 seconds
[2026-02-13T13:06:23.419+0100] {processor.py:186} INFO - Started process (PID=36266) to work on /home/gianotti/Documents/CryptoETL/.venv/lib/python3.12/site-packages/airflow/example_dags/tutorial_objectstorage.py
[2026-02-13T13:06:23.422+0100] {processor.py:914} INFO - Processing file /home/gianotti/Documents/CryptoETL/.venv/lib/python3.12/site-packages/airflow/example_dags/tutorial_objectstorage.py for tasks to queue
[2026-02-13T13:06:23.423+0100] {logging_mixin.py:190} INFO - [2026-02-13T13:06:23.423+0100] {dagbag.py:588} INFO - Filling up the DagBag from /home/gianotti/Documents/CryptoETL/.venv/lib/python3.12/site-packages/airflow/example_dags/tutorial_objectstorage.py
[2026-02-13T13:06:23.430+0100] {logging_mixin.py:190} INFO - [2026-02-13T13:06:23.428+0100] {dagbag.py:387} ERROR - Failed to import: /home/gianotti/Documents/CryptoETL/.venv/lib/python3.12/site-packages/airflow/example_dags/tutorial_objectstorage.py
Traceback (most recent call last):
  File "/home/gianotti/Documents/CryptoETL/.venv/lib/python3.12/site-packages/airflow/models/dagbag.py", line 383, in parse
    loader.exec_module(new_module)
  File "<frozen importlib._bootstrap_external>", line 995, in exec_module
  File "<frozen importlib._bootstrap>", line 488, in _call_with_frames_removed
  File "/home/gianotti/Documents/CryptoETL/.venv/lib/python3.12/site-packages/airflow/example_dags/tutorial_objectstorage.py", line 46, in <module>
    base = ObjectStoragePath("s3://aws_default@airflow-tutorial-data/")
           ^^^^^^^^^^^^^^^^^^^^^^^^^^^^^^^^^^^^^^^^^^^^^^^^^^^^^^^^^^^^
  File "/home/gianotti/Documents/CryptoETL/.venv/lib/python3.12/site-packages/upath/core.py", line 164, in __call__
    inst = cls.__new__(cls, *args, **kwargs)
           ^^^^^^^^^^^^^^^^^^^^^^^^^^^^^^^^^
  File "/home/gianotti/Documents/CryptoETL/.venv/lib/python3.12/site-packages/upath/core.py", line 469, in __new__
    raise _IncompatibleProtocolError(msg)
TypeError: ObjectStoragePath(...) detected protocol s3 which is incompatible with ObjectStoragePath.
[2026-02-13T13:06:23.431+0100] {processor.py:927} WARNING - No viable dags retrieved from /home/gianotti/Documents/CryptoETL/.venv/lib/python3.12/site-packages/airflow/example_dags/tutorial_objectstorage.py
[2026-02-13T13:06:23.457+0100] {processor.py:208} INFO - Processing /home/gianotti/Documents/CryptoETL/.venv/lib/python3.12/site-packages/airflow/example_dags/tutorial_objectstorage.py took 0.047 seconds
[2026-02-13T13:06:55.863+0100] {processor.py:186} INFO - Started process (PID=36312) to work on /home/gianotti/Documents/CryptoETL/.venv/lib/python3.12/site-packages/airflow/example_dags/tutorial_objectstorage.py
[2026-02-13T13:06:55.864+0100] {processor.py:914} INFO - Processing file /home/gianotti/Documents/CryptoETL/.venv/lib/python3.12/site-packages/airflow/example_dags/tutorial_objectstorage.py for tasks to queue
[2026-02-13T13:06:55.866+0100] {logging_mixin.py:190} INFO - [2026-02-13T13:06:55.865+0100] {dagbag.py:588} INFO - Filling up the DagBag from /home/gianotti/Documents/CryptoETL/.venv/lib/python3.12/site-packages/airflow/example_dags/tutorial_objectstorage.py
[2026-02-13T13:06:55.873+0100] {logging_mixin.py:190} INFO - [2026-02-13T13:06:55.871+0100] {dagbag.py:387} ERROR - Failed to import: /home/gianotti/Documents/CryptoETL/.venv/lib/python3.12/site-packages/airflow/example_dags/tutorial_objectstorage.py
Traceback (most recent call last):
  File "/home/gianotti/Documents/CryptoETL/.venv/lib/python3.12/site-packages/airflow/models/dagbag.py", line 383, in parse
    loader.exec_module(new_module)
  File "<frozen importlib._bootstrap_external>", line 995, in exec_module
  File "<frozen importlib._bootstrap>", line 488, in _call_with_frames_removed
  File "/home/gianotti/Documents/CryptoETL/.venv/lib/python3.12/site-packages/airflow/example_dags/tutorial_objectstorage.py", line 46, in <module>
    base = ObjectStoragePath("s3://aws_default@airflow-tutorial-data/")
           ^^^^^^^^^^^^^^^^^^^^^^^^^^^^^^^^^^^^^^^^^^^^^^^^^^^^^^^^^^^^
  File "/home/gianotti/Documents/CryptoETL/.venv/lib/python3.12/site-packages/upath/core.py", line 164, in __call__
    inst = cls.__new__(cls, *args, **kwargs)
           ^^^^^^^^^^^^^^^^^^^^^^^^^^^^^^^^^
  File "/home/gianotti/Documents/CryptoETL/.venv/lib/python3.12/site-packages/upath/core.py", line 469, in __new__
    raise _IncompatibleProtocolError(msg)
TypeError: ObjectStoragePath(...) detected protocol s3 which is incompatible with ObjectStoragePath.
[2026-02-13T13:06:55.874+0100] {processor.py:927} WARNING - No viable dags retrieved from /home/gianotti/Documents/CryptoETL/.venv/lib/python3.12/site-packages/airflow/example_dags/tutorial_objectstorage.py
[2026-02-13T13:06:55.903+0100] {processor.py:208} INFO - Processing /home/gianotti/Documents/CryptoETL/.venv/lib/python3.12/site-packages/airflow/example_dags/tutorial_objectstorage.py took 0.051 seconds
[2026-02-13T13:07:30.924+0100] {processor.py:186} INFO - Started process (PID=36346) to work on /home/gianotti/Documents/CryptoETL/.venv/lib/python3.12/site-packages/airflow/example_dags/tutorial_objectstorage.py
[2026-02-13T13:07:30.927+0100] {processor.py:914} INFO - Processing file /home/gianotti/Documents/CryptoETL/.venv/lib/python3.12/site-packages/airflow/example_dags/tutorial_objectstorage.py for tasks to queue
[2026-02-13T13:07:30.929+0100] {logging_mixin.py:190} INFO - [2026-02-13T13:07:30.928+0100] {dagbag.py:588} INFO - Filling up the DagBag from /home/gianotti/Documents/CryptoETL/.venv/lib/python3.12/site-packages/airflow/example_dags/tutorial_objectstorage.py
[2026-02-13T13:07:30.936+0100] {logging_mixin.py:190} INFO - [2026-02-13T13:07:30.934+0100] {dagbag.py:387} ERROR - Failed to import: /home/gianotti/Documents/CryptoETL/.venv/lib/python3.12/site-packages/airflow/example_dags/tutorial_objectstorage.py
Traceback (most recent call last):
  File "/home/gianotti/Documents/CryptoETL/.venv/lib/python3.12/site-packages/airflow/models/dagbag.py", line 383, in parse
    loader.exec_module(new_module)
  File "<frozen importlib._bootstrap_external>", line 995, in exec_module
  File "<frozen importlib._bootstrap>", line 488, in _call_with_frames_removed
  File "/home/gianotti/Documents/CryptoETL/.venv/lib/python3.12/site-packages/airflow/example_dags/tutorial_objectstorage.py", line 46, in <module>
    base = ObjectStoragePath("s3://aws_default@airflow-tutorial-data/")
           ^^^^^^^^^^^^^^^^^^^^^^^^^^^^^^^^^^^^^^^^^^^^^^^^^^^^^^^^^^^^
  File "/home/gianotti/Documents/CryptoETL/.venv/lib/python3.12/site-packages/upath/core.py", line 164, in __call__
    inst = cls.__new__(cls, *args, **kwargs)
           ^^^^^^^^^^^^^^^^^^^^^^^^^^^^^^^^^
  File "/home/gianotti/Documents/CryptoETL/.venv/lib/python3.12/site-packages/upath/core.py", line 469, in __new__
    raise _IncompatibleProtocolError(msg)
TypeError: ObjectStoragePath(...) detected protocol s3 which is incompatible with ObjectStoragePath.
[2026-02-13T13:07:30.937+0100] {processor.py:927} WARNING - No viable dags retrieved from /home/gianotti/Documents/CryptoETL/.venv/lib/python3.12/site-packages/airflow/example_dags/tutorial_objectstorage.py
[2026-02-13T13:07:30.967+0100] {processor.py:208} INFO - Processing /home/gianotti/Documents/CryptoETL/.venv/lib/python3.12/site-packages/airflow/example_dags/tutorial_objectstorage.py took 0.054 seconds
[2026-02-13T13:08:07.241+0100] {processor.py:186} INFO - Started process (PID=36400) to work on /home/gianotti/Documents/CryptoETL/.venv/lib/python3.12/site-packages/airflow/example_dags/tutorial_objectstorage.py
[2026-02-13T13:08:07.243+0100] {processor.py:914} INFO - Processing file /home/gianotti/Documents/CryptoETL/.venv/lib/python3.12/site-packages/airflow/example_dags/tutorial_objectstorage.py for tasks to queue
[2026-02-13T13:08:07.246+0100] {logging_mixin.py:190} INFO - [2026-02-13T13:08:07.245+0100] {dagbag.py:588} INFO - Filling up the DagBag from /home/gianotti/Documents/CryptoETL/.venv/lib/python3.12/site-packages/airflow/example_dags/tutorial_objectstorage.py
[2026-02-13T13:08:07.253+0100] {logging_mixin.py:190} INFO - [2026-02-13T13:08:07.250+0100] {dagbag.py:387} ERROR - Failed to import: /home/gianotti/Documents/CryptoETL/.venv/lib/python3.12/site-packages/airflow/example_dags/tutorial_objectstorage.py
Traceback (most recent call last):
  File "/home/gianotti/Documents/CryptoETL/.venv/lib/python3.12/site-packages/airflow/models/dagbag.py", line 383, in parse
    loader.exec_module(new_module)
  File "<frozen importlib._bootstrap_external>", line 995, in exec_module
  File "<frozen importlib._bootstrap>", line 488, in _call_with_frames_removed
  File "/home/gianotti/Documents/CryptoETL/.venv/lib/python3.12/site-packages/airflow/example_dags/tutorial_objectstorage.py", line 46, in <module>
    base = ObjectStoragePath("s3://aws_default@airflow-tutorial-data/")
           ^^^^^^^^^^^^^^^^^^^^^^^^^^^^^^^^^^^^^^^^^^^^^^^^^^^^^^^^^^^^
  File "/home/gianotti/Documents/CryptoETL/.venv/lib/python3.12/site-packages/upath/core.py", line 164, in __call__
    inst = cls.__new__(cls, *args, **kwargs)
           ^^^^^^^^^^^^^^^^^^^^^^^^^^^^^^^^^
  File "/home/gianotti/Documents/CryptoETL/.venv/lib/python3.12/site-packages/upath/core.py", line 469, in __new__
    raise _IncompatibleProtocolError(msg)
TypeError: ObjectStoragePath(...) detected protocol s3 which is incompatible with ObjectStoragePath.
[2026-02-13T13:08:07.254+0100] {processor.py:927} WARNING - No viable dags retrieved from /home/gianotti/Documents/CryptoETL/.venv/lib/python3.12/site-packages/airflow/example_dags/tutorial_objectstorage.py
[2026-02-13T13:08:07.283+0100] {processor.py:208} INFO - Processing /home/gianotti/Documents/CryptoETL/.venv/lib/python3.12/site-packages/airflow/example_dags/tutorial_objectstorage.py took 0.051 seconds
[2026-02-13T13:08:39.913+0100] {processor.py:186} INFO - Started process (PID=36476) to work on /home/gianotti/Documents/CryptoETL/.venv/lib/python3.12/site-packages/airflow/example_dags/tutorial_objectstorage.py
[2026-02-13T13:08:39.914+0100] {processor.py:914} INFO - Processing file /home/gianotti/Documents/CryptoETL/.venv/lib/python3.12/site-packages/airflow/example_dags/tutorial_objectstorage.py for tasks to queue
[2026-02-13T13:08:39.916+0100] {logging_mixin.py:190} INFO - [2026-02-13T13:08:39.915+0100] {dagbag.py:588} INFO - Filling up the DagBag from /home/gianotti/Documents/CryptoETL/.venv/lib/python3.12/site-packages/airflow/example_dags/tutorial_objectstorage.py
[2026-02-13T13:08:39.922+0100] {logging_mixin.py:190} INFO - [2026-02-13T13:08:39.920+0100] {dagbag.py:387} ERROR - Failed to import: /home/gianotti/Documents/CryptoETL/.venv/lib/python3.12/site-packages/airflow/example_dags/tutorial_objectstorage.py
Traceback (most recent call last):
  File "/home/gianotti/Documents/CryptoETL/.venv/lib/python3.12/site-packages/airflow/models/dagbag.py", line 383, in parse
    loader.exec_module(new_module)
  File "<frozen importlib._bootstrap_external>", line 995, in exec_module
  File "<frozen importlib._bootstrap>", line 488, in _call_with_frames_removed
  File "/home/gianotti/Documents/CryptoETL/.venv/lib/python3.12/site-packages/airflow/example_dags/tutorial_objectstorage.py", line 46, in <module>
    base = ObjectStoragePath("s3://aws_default@airflow-tutorial-data/")
           ^^^^^^^^^^^^^^^^^^^^^^^^^^^^^^^^^^^^^^^^^^^^^^^^^^^^^^^^^^^^
  File "/home/gianotti/Documents/CryptoETL/.venv/lib/python3.12/site-packages/upath/core.py", line 164, in __call__
    inst = cls.__new__(cls, *args, **kwargs)
           ^^^^^^^^^^^^^^^^^^^^^^^^^^^^^^^^^
  File "/home/gianotti/Documents/CryptoETL/.venv/lib/python3.12/site-packages/upath/core.py", line 469, in __new__
    raise _IncompatibleProtocolError(msg)
TypeError: ObjectStoragePath(...) detected protocol s3 which is incompatible with ObjectStoragePath.
[2026-02-13T13:08:39.923+0100] {processor.py:927} WARNING - No viable dags retrieved from /home/gianotti/Documents/CryptoETL/.venv/lib/python3.12/site-packages/airflow/example_dags/tutorial_objectstorage.py
[2026-02-13T13:08:39.953+0100] {processor.py:208} INFO - Processing /home/gianotti/Documents/CryptoETL/.venv/lib/python3.12/site-packages/airflow/example_dags/tutorial_objectstorage.py took 0.049 seconds
