[2026-02-13T12:54:55.783+0100] {processor.py:186} INFO - Started process (PID=34892) to work on /home/gianotti/Documents/CryptoETL/.venv/lib/python3.12/site-packages/airflow/example_dags/tutorial_taskflow_api.py
[2026-02-13T12:54:55.784+0100] {processor.py:914} INFO - Processing file /home/gianotti/Documents/CryptoETL/.venv/lib/python3.12/site-packages/airflow/example_dags/tutorial_taskflow_api.py for tasks to queue
[2026-02-13T12:54:55.786+0100] {logging_mixin.py:190} INFO - [2026-02-13T12:54:55.786+0100] {dagbag.py:588} INFO - Filling up the DagBag from /home/gianotti/Documents/CryptoETL/.venv/lib/python3.12/site-packages/airflow/example_dags/tutorial_taskflow_api.py
[2026-02-13T12:54:55.796+0100] {processor.py:925} INFO - DAG(s) 'tutorial_taskflow_api' retrieved from /home/gianotti/Documents/CryptoETL/.venv/lib/python3.12/site-packages/airflow/example_dags/tutorial_taskflow_api.py
[2026-02-13T12:54:55.916+0100] {logging_mixin.py:190} INFO - [2026-02-13T12:54:55.916+0100] {override.py:1930} INFO - Created Permission View: can edit on DAG:tutorial_taskflow_api
[2026-02-13T12:54:55.929+0100] {logging_mixin.py:190} INFO - [2026-02-13T12:54:55.929+0100] {override.py:1930} INFO - Created Permission View: can read on DAG:tutorial_taskflow_api
[2026-02-13T12:54:55.938+0100] {logging_mixin.py:190} INFO - [2026-02-13T12:54:55.938+0100] {override.py:1930} INFO - Created Permission View: can delete on DAG:tutorial_taskflow_api
[2026-02-13T12:54:55.953+0100] {logging_mixin.py:190} INFO - [2026-02-13T12:54:55.953+0100] {override.py:1930} INFO - Created Permission View: can create on DAG Run:tutorial_taskflow_api
[2026-02-13T12:54:55.963+0100] {logging_mixin.py:190} INFO - [2026-02-13T12:54:55.962+0100] {override.py:1930} INFO - Created Permission View: can read on DAG Run:tutorial_taskflow_api
[2026-02-13T12:54:55.975+0100] {logging_mixin.py:190} INFO - [2026-02-13T12:54:55.974+0100] {override.py:1930} INFO - Created Permission View: can delete on DAG Run:tutorial_taskflow_api
[2026-02-13T12:54:55.986+0100] {logging_mixin.py:190} INFO - [2026-02-13T12:54:55.985+0100] {override.py:1930} INFO - Created Permission View: menu access on DAG Run:tutorial_taskflow_api
[2026-02-13T12:54:55.986+0100] {logging_mixin.py:190} INFO - [2026-02-13T12:54:55.986+0100] {dag.py:3239} INFO - Sync 1 DAGs
[2026-02-13T12:54:56.004+0100] {logging_mixin.py:190} INFO - [2026-02-13T12:54:56.003+0100] {dag.py:3262} INFO - Creating ORM DAG for tutorial_taskflow_api
[2026-02-13T12:54:56.004+0100] {logging_mixin.py:190} INFO - [2026-02-13T12:54:56.004+0100] {dag.py:4180} INFO - Setting next_dagrun for tutorial_taskflow_api to None, run_after=None
[2026-02-13T12:54:56.029+0100] {processor.py:208} INFO - Processing /home/gianotti/Documents/CryptoETL/.venv/lib/python3.12/site-packages/airflow/example_dags/tutorial_taskflow_api.py took 0.253 seconds
[2026-02-13T12:56:05.655+0100] {processor.py:186} INFO - Started process (PID=35000) to work on /home/gianotti/Documents/CryptoETL/.venv/lib/python3.12/site-packages/airflow/example_dags/tutorial_taskflow_api.py
[2026-02-13T12:56:05.658+0100] {processor.py:914} INFO - Processing file /home/gianotti/Documents/CryptoETL/.venv/lib/python3.12/site-packages/airflow/example_dags/tutorial_taskflow_api.py for tasks to queue
[2026-02-13T12:56:05.662+0100] {logging_mixin.py:190} INFO - [2026-02-13T12:56:05.661+0100] {dagbag.py:588} INFO - Filling up the DagBag from /home/gianotti/Documents/CryptoETL/.venv/lib/python3.12/site-packages/airflow/example_dags/tutorial_taskflow_api.py
[2026-02-13T12:56:05.676+0100] {processor.py:925} INFO - DAG(s) 'tutorial_taskflow_api' retrieved from /home/gianotti/Documents/CryptoETL/.venv/lib/python3.12/site-packages/airflow/example_dags/tutorial_taskflow_api.py
[2026-02-13T12:56:05.699+0100] {logging_mixin.py:190} INFO - [2026-02-13T12:56:05.699+0100] {dag.py:3239} INFO - Sync 1 DAGs
[2026-02-13T12:56:05.715+0100] {logging_mixin.py:190} INFO - [2026-02-13T12:56:05.715+0100] {dag.py:4180} INFO - Setting next_dagrun for tutorial_taskflow_api to None, run_after=None
[2026-02-13T12:56:05.736+0100] {processor.py:208} INFO - Processing /home/gianotti/Documents/CryptoETL/.venv/lib/python3.12/site-packages/airflow/example_dags/tutorial_taskflow_api.py took 0.090 seconds
[2026-02-13T12:56:38.230+0100] {processor.py:186} INFO - Started process (PID=35090) to work on /home/gianotti/Documents/CryptoETL/.venv/lib/python3.12/site-packages/airflow/example_dags/tutorial_taskflow_api.py
[2026-02-13T12:56:38.231+0100] {processor.py:914} INFO - Processing file /home/gianotti/Documents/CryptoETL/.venv/lib/python3.12/site-packages/airflow/example_dags/tutorial_taskflow_api.py for tasks to queue
[2026-02-13T12:56:38.234+0100] {logging_mixin.py:190} INFO - [2026-02-13T12:56:38.234+0100] {dagbag.py:588} INFO - Filling up the DagBag from /home/gianotti/Documents/CryptoETL/.venv/lib/python3.12/site-packages/airflow/example_dags/tutorial_taskflow_api.py
[2026-02-13T12:56:38.249+0100] {processor.py:925} INFO - DAG(s) 'tutorial_taskflow_api' retrieved from /home/gianotti/Documents/CryptoETL/.venv/lib/python3.12/site-packages/airflow/example_dags/tutorial_taskflow_api.py
[2026-02-13T12:56:38.266+0100] {logging_mixin.py:190} INFO - [2026-02-13T12:56:38.266+0100] {dag.py:3239} INFO - Sync 1 DAGs
[2026-02-13T12:56:38.278+0100] {logging_mixin.py:190} INFO - [2026-02-13T12:56:38.278+0100] {dag.py:4180} INFO - Setting next_dagrun for tutorial_taskflow_api to None, run_after=None
[2026-02-13T12:56:38.305+0100] {processor.py:208} INFO - Processing /home/gianotti/Documents/CryptoETL/.venv/lib/python3.12/site-packages/airflow/example_dags/tutorial_taskflow_api.py took 0.085 seconds
[2026-02-13T12:57:35.679+0100] {processor.py:186} INFO - Started process (PID=35191) to work on /home/gianotti/Documents/CryptoETL/.venv/lib/python3.12/site-packages/airflow/example_dags/tutorial_taskflow_api.py
[2026-02-13T12:57:35.682+0100] {processor.py:914} INFO - Processing file /home/gianotti/Documents/CryptoETL/.venv/lib/python3.12/site-packages/airflow/example_dags/tutorial_taskflow_api.py for tasks to queue
[2026-02-13T12:57:35.685+0100] {logging_mixin.py:190} INFO - [2026-02-13T12:57:35.685+0100] {dagbag.py:588} INFO - Filling up the DagBag from /home/gianotti/Documents/CryptoETL/.venv/lib/python3.12/site-packages/airflow/example_dags/tutorial_taskflow_api.py
[2026-02-13T12:57:35.701+0100] {processor.py:925} INFO - DAG(s) 'tutorial_taskflow_api' retrieved from /home/gianotti/Documents/CryptoETL/.venv/lib/python3.12/site-packages/airflow/example_dags/tutorial_taskflow_api.py
[2026-02-13T12:57:35.729+0100] {logging_mixin.py:190} INFO - [2026-02-13T12:57:35.728+0100] {dag.py:3239} INFO - Sync 1 DAGs
[2026-02-13T12:57:35.748+0100] {logging_mixin.py:190} INFO - [2026-02-13T12:57:35.748+0100] {dag.py:4180} INFO - Setting next_dagrun for tutorial_taskflow_api to None, run_after=None
[2026-02-13T12:57:35.781+0100] {processor.py:208} INFO - Processing /home/gianotti/Documents/CryptoETL/.venv/lib/python3.12/site-packages/airflow/example_dags/tutorial_taskflow_api.py took 0.111 seconds
[2026-02-13T12:58:31.975+0100] {processor.py:186} INFO - Started process (PID=35332) to work on /home/gianotti/Documents/CryptoETL/.venv/lib/python3.12/site-packages/airflow/example_dags/tutorial_taskflow_api.py
[2026-02-13T12:58:31.978+0100] {processor.py:914} INFO - Processing file /home/gianotti/Documents/CryptoETL/.venv/lib/python3.12/site-packages/airflow/example_dags/tutorial_taskflow_api.py for tasks to queue
[2026-02-13T12:58:31.982+0100] {logging_mixin.py:190} INFO - [2026-02-13T12:58:31.981+0100] {dagbag.py:588} INFO - Filling up the DagBag from /home/gianotti/Documents/CryptoETL/.venv/lib/python3.12/site-packages/airflow/example_dags/tutorial_taskflow_api.py
[2026-02-13T12:58:32.000+0100] {processor.py:925} INFO - DAG(s) 'tutorial_taskflow_api' retrieved from /home/gianotti/Documents/CryptoETL/.venv/lib/python3.12/site-packages/airflow/example_dags/tutorial_taskflow_api.py
[2026-02-13T12:58:32.026+0100] {logging_mixin.py:190} INFO - [2026-02-13T12:58:32.025+0100] {dag.py:3239} INFO - Sync 1 DAGs
[2026-02-13T12:58:32.047+0100] {logging_mixin.py:190} INFO - [2026-02-13T12:58:32.046+0100] {dag.py:4180} INFO - Setting next_dagrun for tutorial_taskflow_api to None, run_after=None
[2026-02-13T12:58:32.078+0100] {processor.py:208} INFO - Processing /home/gianotti/Documents/CryptoETL/.venv/lib/python3.12/site-packages/airflow/example_dags/tutorial_taskflow_api.py took 0.111 seconds
[2026-02-13T12:59:25.229+0100] {processor.py:186} INFO - Started process (PID=35440) to work on /home/gianotti/Documents/CryptoETL/.venv/lib/python3.12/site-packages/airflow/example_dags/tutorial_taskflow_api.py
[2026-02-13T12:59:25.232+0100] {processor.py:914} INFO - Processing file /home/gianotti/Documents/CryptoETL/.venv/lib/python3.12/site-packages/airflow/example_dags/tutorial_taskflow_api.py for tasks to queue
[2026-02-13T12:59:25.236+0100] {logging_mixin.py:190} INFO - [2026-02-13T12:59:25.235+0100] {dagbag.py:588} INFO - Filling up the DagBag from /home/gianotti/Documents/CryptoETL/.venv/lib/python3.12/site-packages/airflow/example_dags/tutorial_taskflow_api.py
[2026-02-13T12:59:25.251+0100] {processor.py:925} INFO - DAG(s) 'tutorial_taskflow_api' retrieved from /home/gianotti/Documents/CryptoETL/.venv/lib/python3.12/site-packages/airflow/example_dags/tutorial_taskflow_api.py
[2026-02-13T12:59:25.269+0100] {logging_mixin.py:190} INFO - [2026-02-13T12:59:25.269+0100] {dag.py:3239} INFO - Sync 1 DAGs
[2026-02-13T12:59:25.281+0100] {logging_mixin.py:190} INFO - [2026-02-13T12:59:25.281+0100] {dag.py:4180} INFO - Setting next_dagrun for tutorial_taskflow_api to None, run_after=None
[2026-02-13T12:59:25.301+0100] {processor.py:208} INFO - Processing /home/gianotti/Documents/CryptoETL/.venv/lib/python3.12/site-packages/airflow/example_dags/tutorial_taskflow_api.py took 0.081 seconds
[2026-02-13T13:00:21.033+0100] {processor.py:186} INFO - Started process (PID=35544) to work on /home/gianotti/Documents/CryptoETL/.venv/lib/python3.12/site-packages/airflow/example_dags/tutorial_taskflow_api.py
[2026-02-13T13:00:21.035+0100] {processor.py:914} INFO - Processing file /home/gianotti/Documents/CryptoETL/.venv/lib/python3.12/site-packages/airflow/example_dags/tutorial_taskflow_api.py for tasks to queue
[2026-02-13T13:00:21.036+0100] {logging_mixin.py:190} INFO - [2026-02-13T13:00:21.036+0100] {dagbag.py:588} INFO - Filling up the DagBag from /home/gianotti/Documents/CryptoETL/.venv/lib/python3.12/site-packages/airflow/example_dags/tutorial_taskflow_api.py
[2026-02-13T13:00:21.043+0100] {processor.py:925} INFO - DAG(s) 'tutorial_taskflow_api' retrieved from /home/gianotti/Documents/CryptoETL/.venv/lib/python3.12/site-packages/airflow/example_dags/tutorial_taskflow_api.py
[2026-02-13T13:00:21.055+0100] {logging_mixin.py:190} INFO - [2026-02-13T13:00:21.055+0100] {dag.py:3239} INFO - Sync 1 DAGs
[2026-02-13T13:00:21.066+0100] {logging_mixin.py:190} INFO - [2026-02-13T13:00:21.065+0100] {dag.py:4180} INFO - Setting next_dagrun for tutorial_taskflow_api to None, run_after=None
[2026-02-13T13:00:21.085+0100] {processor.py:208} INFO - Processing /home/gianotti/Documents/CryptoETL/.venv/lib/python3.12/site-packages/airflow/example_dags/tutorial_taskflow_api.py took 0.056 seconds
[2026-02-13T13:01:21.026+0100] {processor.py:186} INFO - Started process (PID=35665) to work on /home/gianotti/Documents/CryptoETL/.venv/lib/python3.12/site-packages/airflow/example_dags/tutorial_taskflow_api.py
[2026-02-13T13:01:21.029+0100] {processor.py:914} INFO - Processing file /home/gianotti/Documents/CryptoETL/.venv/lib/python3.12/site-packages/airflow/example_dags/tutorial_taskflow_api.py for tasks to queue
[2026-02-13T13:01:21.033+0100] {logging_mixin.py:190} INFO - [2026-02-13T13:01:21.032+0100] {dagbag.py:588} INFO - Filling up the DagBag from /home/gianotti/Documents/CryptoETL/.venv/lib/python3.12/site-packages/airflow/example_dags/tutorial_taskflow_api.py
[2026-02-13T13:01:21.056+0100] {processor.py:925} INFO - DAG(s) 'tutorial_taskflow_api' retrieved from /home/gianotti/Documents/CryptoETL/.venv/lib/python3.12/site-packages/airflow/example_dags/tutorial_taskflow_api.py
[2026-02-13T13:01:21.084+0100] {logging_mixin.py:190} INFO - [2026-02-13T13:01:21.083+0100] {dag.py:3239} INFO - Sync 1 DAGs
[2026-02-13T13:01:21.107+0100] {logging_mixin.py:190} INFO - [2026-02-13T13:01:21.107+0100] {dag.py:4180} INFO - Setting next_dagrun for tutorial_taskflow_api to None, run_after=None
[2026-02-13T13:01:21.136+0100] {processor.py:208} INFO - Processing /home/gianotti/Documents/CryptoETL/.venv/lib/python3.12/site-packages/airflow/example_dags/tutorial_taskflow_api.py took 0.124 seconds
[2026-02-13T13:02:20.716+0100] {processor.py:186} INFO - Started process (PID=35788) to work on /home/gianotti/Documents/CryptoETL/.venv/lib/python3.12/site-packages/airflow/example_dags/tutorial_taskflow_api.py
[2026-02-13T13:02:20.719+0100] {processor.py:914} INFO - Processing file /home/gianotti/Documents/CryptoETL/.venv/lib/python3.12/site-packages/airflow/example_dags/tutorial_taskflow_api.py for tasks to queue
[2026-02-13T13:02:20.721+0100] {logging_mixin.py:190} INFO - [2026-02-13T13:02:20.720+0100] {dagbag.py:588} INFO - Filling up the DagBag from /home/gianotti/Documents/CryptoETL/.venv/lib/python3.12/site-packages/airflow/example_dags/tutorial_taskflow_api.py
[2026-02-13T13:02:20.737+0100] {processor.py:925} INFO - DAG(s) 'tutorial_taskflow_api' retrieved from /home/gianotti/Documents/CryptoETL/.venv/lib/python3.12/site-packages/airflow/example_dags/tutorial_taskflow_api.py
[2026-02-13T13:02:20.755+0100] {logging_mixin.py:190} INFO - [2026-02-13T13:02:20.755+0100] {dag.py:3239} INFO - Sync 1 DAGs
[2026-02-13T13:02:20.771+0100] {logging_mixin.py:190} INFO - [2026-02-13T13:02:20.770+0100] {dag.py:4180} INFO - Setting next_dagrun for tutorial_taskflow_api to None, run_after=None
[2026-02-13T13:02:20.803+0100] {processor.py:208} INFO - Processing /home/gianotti/Documents/CryptoETL/.venv/lib/python3.12/site-packages/airflow/example_dags/tutorial_taskflow_api.py took 0.096 seconds
[2026-02-13T13:03:14.673+0100] {processor.py:186} INFO - Started process (PID=35877) to work on /home/gianotti/Documents/CryptoETL/.venv/lib/python3.12/site-packages/airflow/example_dags/tutorial_taskflow_api.py
[2026-02-13T13:03:14.675+0100] {processor.py:914} INFO - Processing file /home/gianotti/Documents/CryptoETL/.venv/lib/python3.12/site-packages/airflow/example_dags/tutorial_taskflow_api.py for tasks to queue
[2026-02-13T13:03:14.677+0100] {logging_mixin.py:190} INFO - [2026-02-13T13:03:14.677+0100] {dagbag.py:588} INFO - Filling up the DagBag from /home/gianotti/Documents/CryptoETL/.venv/lib/python3.12/site-packages/airflow/example_dags/tutorial_taskflow_api.py
[2026-02-13T13:03:14.693+0100] {processor.py:925} INFO - DAG(s) 'tutorial_taskflow_api' retrieved from /home/gianotti/Documents/CryptoETL/.venv/lib/python3.12/site-packages/airflow/example_dags/tutorial_taskflow_api.py
[2026-02-13T13:03:14.718+0100] {logging_mixin.py:190} INFO - [2026-02-13T13:03:14.717+0100] {dag.py:3239} INFO - Sync 1 DAGs
[2026-02-13T13:03:14.741+0100] {logging_mixin.py:190} INFO - [2026-02-13T13:03:14.740+0100] {dag.py:4180} INFO - Setting next_dagrun for tutorial_taskflow_api to None, run_after=None
[2026-02-13T13:03:14.767+0100] {processor.py:208} INFO - Processing /home/gianotti/Documents/CryptoETL/.venv/lib/python3.12/site-packages/airflow/example_dags/tutorial_taskflow_api.py took 0.102 seconds
[2026-02-13T13:04:15.101+0100] {processor.py:186} INFO - Started process (PID=36037) to work on /home/gianotti/Documents/CryptoETL/.venv/lib/python3.12/site-packages/airflow/example_dags/tutorial_taskflow_api.py
[2026-02-13T13:04:15.103+0100] {processor.py:914} INFO - Processing file /home/gianotti/Documents/CryptoETL/.venv/lib/python3.12/site-packages/airflow/example_dags/tutorial_taskflow_api.py for tasks to queue
[2026-02-13T13:04:15.106+0100] {logging_mixin.py:190} INFO - [2026-02-13T13:04:15.105+0100] {dagbag.py:588} INFO - Filling up the DagBag from /home/gianotti/Documents/CryptoETL/.venv/lib/python3.12/site-packages/airflow/example_dags/tutorial_taskflow_api.py
[2026-02-13T13:04:15.120+0100] {processor.py:925} INFO - DAG(s) 'tutorial_taskflow_api' retrieved from /home/gianotti/Documents/CryptoETL/.venv/lib/python3.12/site-packages/airflow/example_dags/tutorial_taskflow_api.py
[2026-02-13T13:04:15.144+0100] {logging_mixin.py:190} INFO - [2026-02-13T13:04:15.143+0100] {dag.py:3239} INFO - Sync 1 DAGs
[2026-02-13T13:04:15.165+0100] {logging_mixin.py:190} INFO - [2026-02-13T13:04:15.164+0100] {dag.py:4180} INFO - Setting next_dagrun for tutorial_taskflow_api to None, run_after=None
[2026-02-13T13:04:15.198+0100] {processor.py:208} INFO - Processing /home/gianotti/Documents/CryptoETL/.venv/lib/python3.12/site-packages/airflow/example_dags/tutorial_taskflow_api.py took 0.106 seconds
[2026-02-13T13:05:19.458+0100] {processor.py:186} INFO - Started process (PID=36158) to work on /home/gianotti/Documents/CryptoETL/.venv/lib/python3.12/site-packages/airflow/example_dags/tutorial_taskflow_api.py
[2026-02-13T13:05:19.461+0100] {processor.py:914} INFO - Processing file /home/gianotti/Documents/CryptoETL/.venv/lib/python3.12/site-packages/airflow/example_dags/tutorial_taskflow_api.py for tasks to queue
[2026-02-13T13:05:19.462+0100] {logging_mixin.py:190} INFO - [2026-02-13T13:05:19.462+0100] {dagbag.py:588} INFO - Filling up the DagBag from /home/gianotti/Documents/CryptoETL/.venv/lib/python3.12/site-packages/airflow/example_dags/tutorial_taskflow_api.py
[2026-02-13T13:05:19.476+0100] {processor.py:925} INFO - DAG(s) 'tutorial_taskflow_api' retrieved from /home/gianotti/Documents/CryptoETL/.venv/lib/python3.12/site-packages/airflow/example_dags/tutorial_taskflow_api.py
[2026-02-13T13:05:19.499+0100] {logging_mixin.py:190} INFO - [2026-02-13T13:05:19.499+0100] {dag.py:3239} INFO - Sync 1 DAGs
[2026-02-13T13:05:19.520+0100] {logging_mixin.py:190} INFO - [2026-02-13T13:05:19.520+0100] {dag.py:4180} INFO - Setting next_dagrun for tutorial_taskflow_api to None, run_after=None
[2026-02-13T13:05:19.552+0100] {processor.py:208} INFO - Processing /home/gianotti/Documents/CryptoETL/.venv/lib/python3.12/site-packages/airflow/example_dags/tutorial_taskflow_api.py took 0.103 seconds
[2026-02-13T13:06:24.578+0100] {processor.py:186} INFO - Started process (PID=36267) to work on /home/gianotti/Documents/CryptoETL/.venv/lib/python3.12/site-packages/airflow/example_dags/tutorial_taskflow_api.py
[2026-02-13T13:06:24.581+0100] {processor.py:914} INFO - Processing file /home/gianotti/Documents/CryptoETL/.venv/lib/python3.12/site-packages/airflow/example_dags/tutorial_taskflow_api.py for tasks to queue
[2026-02-13T13:06:24.583+0100] {logging_mixin.py:190} INFO - [2026-02-13T13:06:24.583+0100] {dagbag.py:588} INFO - Filling up the DagBag from /home/gianotti/Documents/CryptoETL/.venv/lib/python3.12/site-packages/airflow/example_dags/tutorial_taskflow_api.py
[2026-02-13T13:06:24.598+0100] {processor.py:925} INFO - DAG(s) 'tutorial_taskflow_api' retrieved from /home/gianotti/Documents/CryptoETL/.venv/lib/python3.12/site-packages/airflow/example_dags/tutorial_taskflow_api.py
[2026-02-13T13:06:24.621+0100] {logging_mixin.py:190} INFO - [2026-02-13T13:06:24.621+0100] {dag.py:3239} INFO - Sync 1 DAGs
[2026-02-13T13:06:24.642+0100] {logging_mixin.py:190} INFO - [2026-02-13T13:06:24.641+0100] {dag.py:4180} INFO - Setting next_dagrun for tutorial_taskflow_api to None, run_after=None
[2026-02-13T13:06:24.675+0100] {processor.py:208} INFO - Processing /home/gianotti/Documents/CryptoETL/.venv/lib/python3.12/site-packages/airflow/example_dags/tutorial_taskflow_api.py took 0.105 seconds
[2026-02-13T13:07:32.088+0100] {processor.py:186} INFO - Started process (PID=36351) to work on /home/gianotti/Documents/CryptoETL/.venv/lib/python3.12/site-packages/airflow/example_dags/tutorial_taskflow_api.py
[2026-02-13T13:07:32.091+0100] {processor.py:914} INFO - Processing file /home/gianotti/Documents/CryptoETL/.venv/lib/python3.12/site-packages/airflow/example_dags/tutorial_taskflow_api.py for tasks to queue
[2026-02-13T13:07:32.093+0100] {logging_mixin.py:190} INFO - [2026-02-13T13:07:32.092+0100] {dagbag.py:588} INFO - Filling up the DagBag from /home/gianotti/Documents/CryptoETL/.venv/lib/python3.12/site-packages/airflow/example_dags/tutorial_taskflow_api.py
[2026-02-13T13:07:32.108+0100] {processor.py:925} INFO - DAG(s) 'tutorial_taskflow_api' retrieved from /home/gianotti/Documents/CryptoETL/.venv/lib/python3.12/site-packages/airflow/example_dags/tutorial_taskflow_api.py
[2026-02-13T13:07:32.132+0100] {logging_mixin.py:190} INFO - [2026-02-13T13:07:32.131+0100] {dag.py:3239} INFO - Sync 1 DAGs
[2026-02-13T13:07:32.155+0100] {logging_mixin.py:190} INFO - [2026-02-13T13:07:32.154+0100] {dag.py:4180} INFO - Setting next_dagrun for tutorial_taskflow_api to None, run_after=None
[2026-02-13T13:07:32.187+0100] {processor.py:208} INFO - Processing /home/gianotti/Documents/CryptoETL/.venv/lib/python3.12/site-packages/airflow/example_dags/tutorial_taskflow_api.py took 0.108 seconds
[2026-02-13T13:08:08.405+0100] {processor.py:186} INFO - Started process (PID=36401) to work on /home/gianotti/Documents/CryptoETL/.venv/lib/python3.12/site-packages/airflow/example_dags/tutorial_taskflow_api.py
[2026-02-13T13:08:08.409+0100] {processor.py:914} INFO - Processing file /home/gianotti/Documents/CryptoETL/.venv/lib/python3.12/site-packages/airflow/example_dags/tutorial_taskflow_api.py for tasks to queue
[2026-02-13T13:08:08.411+0100] {logging_mixin.py:190} INFO - [2026-02-13T13:08:08.410+0100] {dagbag.py:588} INFO - Filling up the DagBag from /home/gianotti/Documents/CryptoETL/.venv/lib/python3.12/site-packages/airflow/example_dags/tutorial_taskflow_api.py
[2026-02-13T13:08:08.426+0100] {processor.py:925} INFO - DAG(s) 'tutorial_taskflow_api' retrieved from /home/gianotti/Documents/CryptoETL/.venv/lib/python3.12/site-packages/airflow/example_dags/tutorial_taskflow_api.py
[2026-02-13T13:08:08.449+0100] {logging_mixin.py:190} INFO - [2026-02-13T13:08:08.448+0100] {dag.py:3239} INFO - Sync 1 DAGs
[2026-02-13T13:08:08.470+0100] {logging_mixin.py:190} INFO - [2026-02-13T13:08:08.470+0100] {dag.py:4180} INFO - Setting next_dagrun for tutorial_taskflow_api to None, run_after=None
[2026-02-13T13:08:08.502+0100] {processor.py:208} INFO - Processing /home/gianotti/Documents/CryptoETL/.venv/lib/python3.12/site-packages/airflow/example_dags/tutorial_taskflow_api.py took 0.107 seconds
[2026-02-13T13:09:13.046+0100] {processor.py:186} INFO - Started process (PID=36537) to work on /home/gianotti/Documents/CryptoETL/.venv/lib/python3.12/site-packages/airflow/example_dags/tutorial_taskflow_api.py
[2026-02-13T13:09:13.049+0100] {processor.py:914} INFO - Processing file /home/gianotti/Documents/CryptoETL/.venv/lib/python3.12/site-packages/airflow/example_dags/tutorial_taskflow_api.py for tasks to queue
[2026-02-13T13:09:13.051+0100] {logging_mixin.py:190} INFO - [2026-02-13T13:09:13.050+0100] {dagbag.py:588} INFO - Filling up the DagBag from /home/gianotti/Documents/CryptoETL/.venv/lib/python3.12/site-packages/airflow/example_dags/tutorial_taskflow_api.py
[2026-02-13T13:09:13.066+0100] {processor.py:925} INFO - DAG(s) 'tutorial_taskflow_api' retrieved from /home/gianotti/Documents/CryptoETL/.venv/lib/python3.12/site-packages/airflow/example_dags/tutorial_taskflow_api.py
[2026-02-13T13:09:13.089+0100] {logging_mixin.py:190} INFO - [2026-02-13T13:09:13.088+0100] {dag.py:3239} INFO - Sync 1 DAGs
[2026-02-13T13:09:13.110+0100] {logging_mixin.py:190} INFO - [2026-02-13T13:09:13.109+0100] {dag.py:4180} INFO - Setting next_dagrun for tutorial_taskflow_api to None, run_after=None
[2026-02-13T13:09:13.142+0100] {processor.py:208} INFO - Processing /home/gianotti/Documents/CryptoETL/.venv/lib/python3.12/site-packages/airflow/example_dags/tutorial_taskflow_api.py took 0.106 seconds
[2026-02-13T13:09:48.871+0100] {processor.py:186} INFO - Started process (PID=36604) to work on /home/gianotti/Documents/CryptoETL/.venv/lib/python3.12/site-packages/airflow/example_dags/tutorial_taskflow_api.py
[2026-02-13T13:09:48.874+0100] {processor.py:914} INFO - Processing file /home/gianotti/Documents/CryptoETL/.venv/lib/python3.12/site-packages/airflow/example_dags/tutorial_taskflow_api.py for tasks to queue
[2026-02-13T13:09:48.876+0100] {logging_mixin.py:190} INFO - [2026-02-13T13:09:48.876+0100] {dagbag.py:588} INFO - Filling up the DagBag from /home/gianotti/Documents/CryptoETL/.venv/lib/python3.12/site-packages/airflow/example_dags/tutorial_taskflow_api.py
[2026-02-13T13:09:48.892+0100] {processor.py:925} INFO - DAG(s) 'tutorial_taskflow_api' retrieved from /home/gianotti/Documents/CryptoETL/.venv/lib/python3.12/site-packages/airflow/example_dags/tutorial_taskflow_api.py
[2026-02-13T13:09:48.916+0100] {logging_mixin.py:190} INFO - [2026-02-13T13:09:48.916+0100] {dag.py:3239} INFO - Sync 1 DAGs
[2026-02-13T13:09:48.937+0100] {logging_mixin.py:190} INFO - [2026-02-13T13:09:48.937+0100] {dag.py:4180} INFO - Setting next_dagrun for tutorial_taskflow_api to None, run_after=None
[2026-02-13T13:09:48.969+0100] {processor.py:208} INFO - Processing /home/gianotti/Documents/CryptoETL/.venv/lib/python3.12/site-packages/airflow/example_dags/tutorial_taskflow_api.py took 0.107 seconds
[2026-02-13T13:10:24.293+0100] {processor.py:186} INFO - Started process (PID=36665) to work on /home/gianotti/Documents/CryptoETL/.venv/lib/python3.12/site-packages/airflow/example_dags/tutorial_taskflow_api.py
[2026-02-13T13:10:24.296+0100] {processor.py:914} INFO - Processing file /home/gianotti/Documents/CryptoETL/.venv/lib/python3.12/site-packages/airflow/example_dags/tutorial_taskflow_api.py for tasks to queue
[2026-02-13T13:10:24.298+0100] {logging_mixin.py:190} INFO - [2026-02-13T13:10:24.298+0100] {dagbag.py:588} INFO - Filling up the DagBag from /home/gianotti/Documents/CryptoETL/.venv/lib/python3.12/site-packages/airflow/example_dags/tutorial_taskflow_api.py
[2026-02-13T13:10:24.314+0100] {processor.py:925} INFO - DAG(s) 'tutorial_taskflow_api' retrieved from /home/gianotti/Documents/CryptoETL/.venv/lib/python3.12/site-packages/airflow/example_dags/tutorial_taskflow_api.py
[2026-02-13T13:10:24.341+0100] {logging_mixin.py:190} INFO - [2026-02-13T13:10:24.340+0100] {dag.py:3239} INFO - Sync 1 DAGs
[2026-02-13T13:10:24.362+0100] {logging_mixin.py:190} INFO - [2026-02-13T13:10:24.361+0100] {dag.py:4180} INFO - Setting next_dagrun for tutorial_taskflow_api to None, run_after=None
[2026-02-13T13:10:24.394+0100] {processor.py:208} INFO - Processing /home/gianotti/Documents/CryptoETL/.venv/lib/python3.12/site-packages/airflow/example_dags/tutorial_taskflow_api.py took 0.111 seconds
[2026-02-13T13:11:28.195+0100] {processor.py:186} INFO - Started process (PID=36760) to work on /home/gianotti/Documents/CryptoETL/.venv/lib/python3.12/site-packages/airflow/example_dags/tutorial_taskflow_api.py
[2026-02-13T13:11:28.198+0100] {processor.py:914} INFO - Processing file /home/gianotti/Documents/CryptoETL/.venv/lib/python3.12/site-packages/airflow/example_dags/tutorial_taskflow_api.py for tasks to queue
[2026-02-13T13:11:28.200+0100] {logging_mixin.py:190} INFO - [2026-02-13T13:11:28.199+0100] {dagbag.py:588} INFO - Filling up the DagBag from /home/gianotti/Documents/CryptoETL/.venv/lib/python3.12/site-packages/airflow/example_dags/tutorial_taskflow_api.py
[2026-02-13T13:11:28.216+0100] {processor.py:925} INFO - DAG(s) 'tutorial_taskflow_api' retrieved from /home/gianotti/Documents/CryptoETL/.venv/lib/python3.12/site-packages/airflow/example_dags/tutorial_taskflow_api.py
[2026-02-13T13:11:28.240+0100] {logging_mixin.py:190} INFO - [2026-02-13T13:11:28.239+0100] {dag.py:3239} INFO - Sync 1 DAGs
[2026-02-13T13:11:28.263+0100] {logging_mixin.py:190} INFO - [2026-02-13T13:11:28.262+0100] {dag.py:4180} INFO - Setting next_dagrun for tutorial_taskflow_api to None, run_after=None
[2026-02-13T13:11:28.294+0100] {processor.py:208} INFO - Processing /home/gianotti/Documents/CryptoETL/.venv/lib/python3.12/site-packages/airflow/example_dags/tutorial_taskflow_api.py took 0.107 seconds
[2026-02-13T13:12:03.276+0100] {processor.py:186} INFO - Started process (PID=36824) to work on /home/gianotti/Documents/CryptoETL/.venv/lib/python3.12/site-packages/airflow/example_dags/tutorial_taskflow_api.py
[2026-02-13T13:12:03.279+0100] {processor.py:914} INFO - Processing file /home/gianotti/Documents/CryptoETL/.venv/lib/python3.12/site-packages/airflow/example_dags/tutorial_taskflow_api.py for tasks to queue
[2026-02-13T13:12:03.281+0100] {logging_mixin.py:190} INFO - [2026-02-13T13:12:03.280+0100] {dagbag.py:588} INFO - Filling up the DagBag from /home/gianotti/Documents/CryptoETL/.venv/lib/python3.12/site-packages/airflow/example_dags/tutorial_taskflow_api.py
[2026-02-13T13:12:03.296+0100] {processor.py:925} INFO - DAG(s) 'tutorial_taskflow_api' retrieved from /home/gianotti/Documents/CryptoETL/.venv/lib/python3.12/site-packages/airflow/example_dags/tutorial_taskflow_api.py
[2026-02-13T13:12:03.319+0100] {logging_mixin.py:190} INFO - [2026-02-13T13:12:03.319+0100] {dag.py:3239} INFO - Sync 1 DAGs
[2026-02-13T13:12:03.340+0100] {logging_mixin.py:190} INFO - [2026-02-13T13:12:03.339+0100] {dag.py:4180} INFO - Setting next_dagrun for tutorial_taskflow_api to None, run_after=None
[2026-02-13T13:12:03.373+0100] {processor.py:208} INFO - Processing /home/gianotti/Documents/CryptoETL/.venv/lib/python3.12/site-packages/airflow/example_dags/tutorial_taskflow_api.py took 0.105 seconds
[2026-02-13T13:13:04.817+0100] {processor.py:186} INFO - Started process (PID=36922) to work on /home/gianotti/Documents/CryptoETL/.venv/lib/python3.12/site-packages/airflow/example_dags/tutorial_taskflow_api.py
[2026-02-13T13:13:04.820+0100] {processor.py:914} INFO - Processing file /home/gianotti/Documents/CryptoETL/.venv/lib/python3.12/site-packages/airflow/example_dags/tutorial_taskflow_api.py for tasks to queue
[2026-02-13T13:13:04.822+0100] {logging_mixin.py:190} INFO - [2026-02-13T13:13:04.821+0100] {dagbag.py:588} INFO - Filling up the DagBag from /home/gianotti/Documents/CryptoETL/.venv/lib/python3.12/site-packages/airflow/example_dags/tutorial_taskflow_api.py
[2026-02-13T13:13:04.837+0100] {processor.py:925} INFO - DAG(s) 'tutorial_taskflow_api' retrieved from /home/gianotti/Documents/CryptoETL/.venv/lib/python3.12/site-packages/airflow/example_dags/tutorial_taskflow_api.py
[2026-02-13T13:13:04.862+0100] {logging_mixin.py:190} INFO - [2026-02-13T13:13:04.862+0100] {dag.py:3239} INFO - Sync 1 DAGs
[2026-02-13T13:13:04.887+0100] {logging_mixin.py:190} INFO - [2026-02-13T13:13:04.887+0100] {dag.py:4180} INFO - Setting next_dagrun for tutorial_taskflow_api to None, run_after=None
[2026-02-13T13:13:04.918+0100] {processor.py:208} INFO - Processing /home/gianotti/Documents/CryptoETL/.venv/lib/python3.12/site-packages/airflow/example_dags/tutorial_taskflow_api.py took 0.109 seconds
[2026-02-13T13:14:10.756+0100] {processor.py:186} INFO - Started process (PID=37127) to work on /home/gianotti/Documents/CryptoETL/.venv/lib/python3.12/site-packages/airflow/example_dags/tutorial_taskflow_api.py
[2026-02-13T13:14:10.758+0100] {processor.py:914} INFO - Processing file /home/gianotti/Documents/CryptoETL/.venv/lib/python3.12/site-packages/airflow/example_dags/tutorial_taskflow_api.py for tasks to queue
[2026-02-13T13:14:10.759+0100] {logging_mixin.py:190} INFO - [2026-02-13T13:14:10.759+0100] {dagbag.py:588} INFO - Filling up the DagBag from /home/gianotti/Documents/CryptoETL/.venv/lib/python3.12/site-packages/airflow/example_dags/tutorial_taskflow_api.py
[2026-02-13T13:14:10.774+0100] {processor.py:925} INFO - DAG(s) 'tutorial_taskflow_api' retrieved from /home/gianotti/Documents/CryptoETL/.venv/lib/python3.12/site-packages/airflow/example_dags/tutorial_taskflow_api.py
[2026-02-13T13:14:10.798+0100] {logging_mixin.py:190} INFO - [2026-02-13T13:14:10.797+0100] {dag.py:3239} INFO - Sync 1 DAGs
[2026-02-13T13:14:10.821+0100] {logging_mixin.py:190} INFO - [2026-02-13T13:14:10.821+0100] {dag.py:4180} INFO - Setting next_dagrun for tutorial_taskflow_api to None, run_after=None
[2026-02-13T13:14:10.854+0100] {processor.py:208} INFO - Processing /home/gianotti/Documents/CryptoETL/.venv/lib/python3.12/site-packages/airflow/example_dags/tutorial_taskflow_api.py took 0.106 seconds
[2026-02-13T13:15:16.214+0100] {processor.py:186} INFO - Started process (PID=37246) to work on /home/gianotti/Documents/CryptoETL/.venv/lib/python3.12/site-packages/airflow/example_dags/tutorial_taskflow_api.py
[2026-02-13T13:15:16.217+0100] {processor.py:914} INFO - Processing file /home/gianotti/Documents/CryptoETL/.venv/lib/python3.12/site-packages/airflow/example_dags/tutorial_taskflow_api.py for tasks to queue
[2026-02-13T13:15:16.219+0100] {logging_mixin.py:190} INFO - [2026-02-13T13:15:16.218+0100] {dagbag.py:588} INFO - Filling up the DagBag from /home/gianotti/Documents/CryptoETL/.venv/lib/python3.12/site-packages/airflow/example_dags/tutorial_taskflow_api.py
[2026-02-13T13:15:16.234+0100] {processor.py:925} INFO - DAG(s) 'tutorial_taskflow_api' retrieved from /home/gianotti/Documents/CryptoETL/.venv/lib/python3.12/site-packages/airflow/example_dags/tutorial_taskflow_api.py
[2026-02-13T13:15:16.257+0100] {logging_mixin.py:190} INFO - [2026-02-13T13:15:16.256+0100] {dag.py:3239} INFO - Sync 1 DAGs
[2026-02-13T13:15:16.278+0100] {logging_mixin.py:190} INFO - [2026-02-13T13:15:16.278+0100] {dag.py:4180} INFO - Setting next_dagrun for tutorial_taskflow_api to None, run_after=None
[2026-02-13T13:15:16.311+0100] {processor.py:208} INFO - Processing /home/gianotti/Documents/CryptoETL/.venv/lib/python3.12/site-packages/airflow/example_dags/tutorial_taskflow_api.py took 0.106 seconds
[2026-02-13T13:15:49.445+0100] {processor.py:186} INFO - Started process (PID=37350) to work on /home/gianotti/Documents/CryptoETL/.venv/lib/python3.12/site-packages/airflow/example_dags/tutorial_taskflow_api.py
[2026-02-13T13:15:49.447+0100] {processor.py:914} INFO - Processing file /home/gianotti/Documents/CryptoETL/.venv/lib/python3.12/site-packages/airflow/example_dags/tutorial_taskflow_api.py for tasks to queue
[2026-02-13T13:15:49.449+0100] {logging_mixin.py:190} INFO - [2026-02-13T13:15:49.448+0100] {dagbag.py:588} INFO - Filling up the DagBag from /home/gianotti/Documents/CryptoETL/.venv/lib/python3.12/site-packages/airflow/example_dags/tutorial_taskflow_api.py
[2026-02-13T13:15:49.462+0100] {processor.py:925} INFO - DAG(s) 'tutorial_taskflow_api' retrieved from /home/gianotti/Documents/CryptoETL/.venv/lib/python3.12/site-packages/airflow/example_dags/tutorial_taskflow_api.py
[2026-02-13T13:15:49.489+0100] {logging_mixin.py:190} INFO - [2026-02-13T13:15:49.489+0100] {dag.py:3239} INFO - Sync 1 DAGs
[2026-02-13T13:15:49.515+0100] {logging_mixin.py:190} INFO - [2026-02-13T13:15:49.515+0100] {dag.py:4180} INFO - Setting next_dagrun for tutorial_taskflow_api to None, run_after=None
[2026-02-13T13:15:49.550+0100] {processor.py:208} INFO - Processing /home/gianotti/Documents/CryptoETL/.venv/lib/python3.12/site-packages/airflow/example_dags/tutorial_taskflow_api.py took 0.114 seconds
[2026-02-13T13:16:22.959+0100] {processor.py:186} INFO - Started process (PID=37436) to work on /home/gianotti/Documents/CryptoETL/.venv/lib/python3.12/site-packages/airflow/example_dags/tutorial_taskflow_api.py
[2026-02-13T13:16:22.962+0100] {processor.py:914} INFO - Processing file /home/gianotti/Documents/CryptoETL/.venv/lib/python3.12/site-packages/airflow/example_dags/tutorial_taskflow_api.py for tasks to queue
[2026-02-13T13:16:22.965+0100] {logging_mixin.py:190} INFO - [2026-02-13T13:16:22.964+0100] {dagbag.py:588} INFO - Filling up the DagBag from /home/gianotti/Documents/CryptoETL/.venv/lib/python3.12/site-packages/airflow/example_dags/tutorial_taskflow_api.py
[2026-02-13T13:16:22.983+0100] {processor.py:925} INFO - DAG(s) 'tutorial_taskflow_api' retrieved from /home/gianotti/Documents/CryptoETL/.venv/lib/python3.12/site-packages/airflow/example_dags/tutorial_taskflow_api.py
[2026-02-13T13:16:23.011+0100] {logging_mixin.py:190} INFO - [2026-02-13T13:16:23.010+0100] {dag.py:3239} INFO - Sync 1 DAGs
[2026-02-13T13:16:23.034+0100] {logging_mixin.py:190} INFO - [2026-02-13T13:16:23.033+0100] {dag.py:4180} INFO - Setting next_dagrun for tutorial_taskflow_api to None, run_after=None
[2026-02-13T13:16:23.064+0100] {processor.py:208} INFO - Processing /home/gianotti/Documents/CryptoETL/.venv/lib/python3.12/site-packages/airflow/example_dags/tutorial_taskflow_api.py took 0.115 seconds
[2026-02-13T13:17:26.817+0100] {processor.py:186} INFO - Started process (PID=37522) to work on /home/gianotti/Documents/CryptoETL/.venv/lib/python3.12/site-packages/airflow/example_dags/tutorial_taskflow_api.py
[2026-02-13T13:17:26.819+0100] {processor.py:914} INFO - Processing file /home/gianotti/Documents/CryptoETL/.venv/lib/python3.12/site-packages/airflow/example_dags/tutorial_taskflow_api.py for tasks to queue
[2026-02-13T13:17:26.821+0100] {logging_mixin.py:190} INFO - [2026-02-13T13:17:26.821+0100] {dagbag.py:588} INFO - Filling up the DagBag from /home/gianotti/Documents/CryptoETL/.venv/lib/python3.12/site-packages/airflow/example_dags/tutorial_taskflow_api.py
[2026-02-13T13:17:26.835+0100] {processor.py:925} INFO - DAG(s) 'tutorial_taskflow_api' retrieved from /home/gianotti/Documents/CryptoETL/.venv/lib/python3.12/site-packages/airflow/example_dags/tutorial_taskflow_api.py
[2026-02-13T13:17:26.856+0100] {logging_mixin.py:190} INFO - [2026-02-13T13:17:26.856+0100] {dag.py:3239} INFO - Sync 1 DAGs
[2026-02-13T13:17:26.875+0100] {logging_mixin.py:190} INFO - [2026-02-13T13:17:26.875+0100] {dag.py:4180} INFO - Setting next_dagrun for tutorial_taskflow_api to None, run_after=None
[2026-02-13T13:17:26.905+0100] {processor.py:208} INFO - Processing /home/gianotti/Documents/CryptoETL/.venv/lib/python3.12/site-packages/airflow/example_dags/tutorial_taskflow_api.py took 0.096 seconds
[2026-02-13T13:18:00.485+0100] {processor.py:186} INFO - Started process (PID=37582) to work on /home/gianotti/Documents/CryptoETL/.venv/lib/python3.12/site-packages/airflow/example_dags/tutorial_taskflow_api.py
[2026-02-13T13:18:00.486+0100] {processor.py:914} INFO - Processing file /home/gianotti/Documents/CryptoETL/.venv/lib/python3.12/site-packages/airflow/example_dags/tutorial_taskflow_api.py for tasks to queue
[2026-02-13T13:18:00.488+0100] {logging_mixin.py:190} INFO - [2026-02-13T13:18:00.487+0100] {dagbag.py:588} INFO - Filling up the DagBag from /home/gianotti/Documents/CryptoETL/.venv/lib/python3.12/site-packages/airflow/example_dags/tutorial_taskflow_api.py
[2026-02-13T13:18:00.504+0100] {processor.py:925} INFO - DAG(s) 'tutorial_taskflow_api' retrieved from /home/gianotti/Documents/CryptoETL/.venv/lib/python3.12/site-packages/airflow/example_dags/tutorial_taskflow_api.py
[2026-02-13T13:18:00.528+0100] {logging_mixin.py:190} INFO - [2026-02-13T13:18:00.528+0100] {dag.py:3239} INFO - Sync 1 DAGs
[2026-02-13T13:18:00.552+0100] {logging_mixin.py:190} INFO - [2026-02-13T13:18:00.552+0100] {dag.py:4180} INFO - Setting next_dagrun for tutorial_taskflow_api to None, run_after=None
[2026-02-13T13:18:00.587+0100] {processor.py:208} INFO - Processing /home/gianotti/Documents/CryptoETL/.venv/lib/python3.12/site-packages/airflow/example_dags/tutorial_taskflow_api.py took 0.111 seconds
[2026-02-13T13:18:34.599+0100] {processor.py:186} INFO - Started process (PID=37653) to work on /home/gianotti/Documents/CryptoETL/.venv/lib/python3.12/site-packages/airflow/example_dags/tutorial_taskflow_api.py
[2026-02-13T13:18:34.602+0100] {processor.py:914} INFO - Processing file /home/gianotti/Documents/CryptoETL/.venv/lib/python3.12/site-packages/airflow/example_dags/tutorial_taskflow_api.py for tasks to queue
[2026-02-13T13:18:34.604+0100] {logging_mixin.py:190} INFO - [2026-02-13T13:18:34.603+0100] {dagbag.py:588} INFO - Filling up the DagBag from /home/gianotti/Documents/CryptoETL/.venv/lib/python3.12/site-packages/airflow/example_dags/tutorial_taskflow_api.py
[2026-02-13T13:18:34.620+0100] {processor.py:925} INFO - DAG(s) 'tutorial_taskflow_api' retrieved from /home/gianotti/Documents/CryptoETL/.venv/lib/python3.12/site-packages/airflow/example_dags/tutorial_taskflow_api.py
[2026-02-13T13:18:34.646+0100] {logging_mixin.py:190} INFO - [2026-02-13T13:18:34.645+0100] {dag.py:3239} INFO - Sync 1 DAGs
[2026-02-13T13:18:34.669+0100] {logging_mixin.py:190} INFO - [2026-02-13T13:18:34.669+0100] {dag.py:4180} INFO - Setting next_dagrun for tutorial_taskflow_api to None, run_after=None
[2026-02-13T13:18:34.706+0100] {processor.py:208} INFO - Processing /home/gianotti/Documents/CryptoETL/.venv/lib/python3.12/site-packages/airflow/example_dags/tutorial_taskflow_api.py took 0.117 seconds
[2026-02-13T13:19:38.625+0100] {processor.py:186} INFO - Started process (PID=37736) to work on /home/gianotti/Documents/CryptoETL/.venv/lib/python3.12/site-packages/airflow/example_dags/tutorial_taskflow_api.py
[2026-02-13T13:19:38.628+0100] {processor.py:914} INFO - Processing file /home/gianotti/Documents/CryptoETL/.venv/lib/python3.12/site-packages/airflow/example_dags/tutorial_taskflow_api.py for tasks to queue
[2026-02-13T13:19:38.630+0100] {logging_mixin.py:190} INFO - [2026-02-13T13:19:38.629+0100] {dagbag.py:588} INFO - Filling up the DagBag from /home/gianotti/Documents/CryptoETL/.venv/lib/python3.12/site-packages/airflow/example_dags/tutorial_taskflow_api.py
[2026-02-13T13:19:38.645+0100] {processor.py:925} INFO - DAG(s) 'tutorial_taskflow_api' retrieved from /home/gianotti/Documents/CryptoETL/.venv/lib/python3.12/site-packages/airflow/example_dags/tutorial_taskflow_api.py
[2026-02-13T13:19:38.674+0100] {logging_mixin.py:190} INFO - [2026-02-13T13:19:38.674+0100] {dag.py:3239} INFO - Sync 1 DAGs
[2026-02-13T13:19:38.697+0100] {logging_mixin.py:190} INFO - [2026-02-13T13:19:38.697+0100] {dag.py:4180} INFO - Setting next_dagrun for tutorial_taskflow_api to None, run_after=None
[2026-02-13T13:19:38.734+0100] {processor.py:208} INFO - Processing /home/gianotti/Documents/CryptoETL/.venv/lib/python3.12/site-packages/airflow/example_dags/tutorial_taskflow_api.py took 0.119 seconds
[2026-02-13T13:20:12.835+0100] {processor.py:186} INFO - Started process (PID=37786) to work on /home/gianotti/Documents/CryptoETL/.venv/lib/python3.12/site-packages/airflow/example_dags/tutorial_taskflow_api.py
[2026-02-13T13:20:12.838+0100] {processor.py:914} INFO - Processing file /home/gianotti/Documents/CryptoETL/.venv/lib/python3.12/site-packages/airflow/example_dags/tutorial_taskflow_api.py for tasks to queue
[2026-02-13T13:20:12.840+0100] {logging_mixin.py:190} INFO - [2026-02-13T13:20:12.839+0100] {dagbag.py:588} INFO - Filling up the DagBag from /home/gianotti/Documents/CryptoETL/.venv/lib/python3.12/site-packages/airflow/example_dags/tutorial_taskflow_api.py
[2026-02-13T13:20:12.855+0100] {processor.py:925} INFO - DAG(s) 'tutorial_taskflow_api' retrieved from /home/gianotti/Documents/CryptoETL/.venv/lib/python3.12/site-packages/airflow/example_dags/tutorial_taskflow_api.py
[2026-02-13T13:20:12.879+0100] {logging_mixin.py:190} INFO - [2026-02-13T13:20:12.878+0100] {dag.py:3239} INFO - Sync 1 DAGs
[2026-02-13T13:20:12.899+0100] {logging_mixin.py:190} INFO - [2026-02-13T13:20:12.899+0100] {dag.py:4180} INFO - Setting next_dagrun for tutorial_taskflow_api to None, run_after=None
[2026-02-13T13:20:12.932+0100] {processor.py:208} INFO - Processing /home/gianotti/Documents/CryptoETL/.venv/lib/python3.12/site-packages/airflow/example_dags/tutorial_taskflow_api.py took 0.107 seconds
[2026-02-13T13:20:46.625+0100] {processor.py:186} INFO - Started process (PID=37840) to work on /home/gianotti/Documents/CryptoETL/.venv/lib/python3.12/site-packages/airflow/example_dags/tutorial_taskflow_api.py
[2026-02-13T13:20:46.627+0100] {processor.py:914} INFO - Processing file /home/gianotti/Documents/CryptoETL/.venv/lib/python3.12/site-packages/airflow/example_dags/tutorial_taskflow_api.py for tasks to queue
[2026-02-13T13:20:46.629+0100] {logging_mixin.py:190} INFO - [2026-02-13T13:20:46.628+0100] {dagbag.py:588} INFO - Filling up the DagBag from /home/gianotti/Documents/CryptoETL/.venv/lib/python3.12/site-packages/airflow/example_dags/tutorial_taskflow_api.py
[2026-02-13T13:20:46.643+0100] {processor.py:925} INFO - DAG(s) 'tutorial_taskflow_api' retrieved from /home/gianotti/Documents/CryptoETL/.venv/lib/python3.12/site-packages/airflow/example_dags/tutorial_taskflow_api.py
[2026-02-13T13:20:46.667+0100] {logging_mixin.py:190} INFO - [2026-02-13T13:20:46.666+0100] {dag.py:3239} INFO - Sync 1 DAGs
[2026-02-13T13:20:46.687+0100] {logging_mixin.py:190} INFO - [2026-02-13T13:20:46.687+0100] {dag.py:4180} INFO - Setting next_dagrun for tutorial_taskflow_api to None, run_after=None
[2026-02-13T13:20:46.720+0100] {processor.py:208} INFO - Processing /home/gianotti/Documents/CryptoETL/.venv/lib/python3.12/site-packages/airflow/example_dags/tutorial_taskflow_api.py took 0.104 seconds
[2026-02-13T13:21:48.134+0100] {processor.py:186} INFO - Started process (PID=37937) to work on /home/gianotti/Documents/CryptoETL/.venv/lib/python3.12/site-packages/airflow/example_dags/tutorial_taskflow_api.py
[2026-02-13T13:21:48.136+0100] {processor.py:914} INFO - Processing file /home/gianotti/Documents/CryptoETL/.venv/lib/python3.12/site-packages/airflow/example_dags/tutorial_taskflow_api.py for tasks to queue
[2026-02-13T13:21:48.137+0100] {logging_mixin.py:190} INFO - [2026-02-13T13:21:48.137+0100] {dagbag.py:588} INFO - Filling up the DagBag from /home/gianotti/Documents/CryptoETL/.venv/lib/python3.12/site-packages/airflow/example_dags/tutorial_taskflow_api.py
[2026-02-13T13:21:48.151+0100] {processor.py:925} INFO - DAG(s) 'tutorial_taskflow_api' retrieved from /home/gianotti/Documents/CryptoETL/.venv/lib/python3.12/site-packages/airflow/example_dags/tutorial_taskflow_api.py
[2026-02-13T13:21:48.173+0100] {logging_mixin.py:190} INFO - [2026-02-13T13:21:48.173+0100] {dag.py:3239} INFO - Sync 1 DAGs
[2026-02-13T13:21:48.193+0100] {logging_mixin.py:190} INFO - [2026-02-13T13:21:48.192+0100] {dag.py:4180} INFO - Setting next_dagrun for tutorial_taskflow_api to None, run_after=None
[2026-02-13T13:21:48.227+0100] {processor.py:208} INFO - Processing /home/gianotti/Documents/CryptoETL/.venv/lib/python3.12/site-packages/airflow/example_dags/tutorial_taskflow_api.py took 0.101 seconds
