[2026-02-13T12:55:06.285+0100] {processor.py:186} INFO - Started process (PID=34920) to work on /home/gianotti/Documents/CryptoETL/.venv/lib/python3.12/site-packages/airflow/example_dags/tutorial_dag.py
[2026-02-13T12:55:06.287+0100] {processor.py:914} INFO - Processing file /home/gianotti/Documents/CryptoETL/.venv/lib/python3.12/site-packages/airflow/example_dags/tutorial_dag.py for tasks to queue
[2026-02-13T12:55:06.290+0100] {logging_mixin.py:190} INFO - [2026-02-13T12:55:06.289+0100] {dagbag.py:588} INFO - Filling up the DagBag from /home/gianotti/Documents/CryptoETL/.venv/lib/python3.12/site-packages/airflow/example_dags/tutorial_dag.py
[2026-02-13T12:55:06.306+0100] {processor.py:925} INFO - DAG(s) 'tutorial_dag' retrieved from /home/gianotti/Documents/CryptoETL/.venv/lib/python3.12/site-packages/airflow/example_dags/tutorial_dag.py
[2026-02-13T12:55:06.423+0100] {logging_mixin.py:190} INFO - [2026-02-13T12:55:06.422+0100] {override.py:1930} INFO - Created Permission View: can edit on DAG:tutorial_dag
[2026-02-13T12:55:06.433+0100] {logging_mixin.py:190} INFO - [2026-02-13T12:55:06.433+0100] {override.py:1930} INFO - Created Permission View: can read on DAG:tutorial_dag
[2026-02-13T12:55:06.441+0100] {logging_mixin.py:190} INFO - [2026-02-13T12:55:06.440+0100] {override.py:1930} INFO - Created Permission View: can delete on DAG:tutorial_dag
[2026-02-13T12:55:06.456+0100] {logging_mixin.py:190} INFO - [2026-02-13T12:55:06.455+0100] {override.py:1930} INFO - Created Permission View: can create on DAG Run:tutorial_dag
[2026-02-13T12:55:06.467+0100] {logging_mixin.py:190} INFO - [2026-02-13T12:55:06.466+0100] {override.py:1930} INFO - Created Permission View: can read on DAG Run:tutorial_dag
[2026-02-13T12:55:06.478+0100] {logging_mixin.py:190} INFO - [2026-02-13T12:55:06.478+0100] {override.py:1930} INFO - Created Permission View: can delete on DAG Run:tutorial_dag
[2026-02-13T12:55:06.490+0100] {logging_mixin.py:190} INFO - [2026-02-13T12:55:06.489+0100] {override.py:1930} INFO - Created Permission View: menu access on DAG Run:tutorial_dag
[2026-02-13T12:55:06.490+0100] {logging_mixin.py:190} INFO - [2026-02-13T12:55:06.490+0100] {dag.py:3239} INFO - Sync 1 DAGs
[2026-02-13T12:55:06.508+0100] {logging_mixin.py:190} INFO - [2026-02-13T12:55:06.508+0100] {dag.py:3262} INFO - Creating ORM DAG for tutorial_dag
[2026-02-13T12:55:06.510+0100] {logging_mixin.py:190} INFO - [2026-02-13T12:55:06.509+0100] {dag.py:4180} INFO - Setting next_dagrun for tutorial_dag to None, run_after=None
[2026-02-13T12:55:06.537+0100] {processor.py:208} INFO - Processing /home/gianotti/Documents/CryptoETL/.venv/lib/python3.12/site-packages/airflow/example_dags/tutorial_dag.py took 0.261 seconds
[2026-02-13T12:56:13.578+0100] {processor.py:186} INFO - Started process (PID=35055) to work on /home/gianotti/Documents/CryptoETL/.venv/lib/python3.12/site-packages/airflow/example_dags/tutorial_dag.py
[2026-02-13T12:56:13.581+0100] {processor.py:914} INFO - Processing file /home/gianotti/Documents/CryptoETL/.venv/lib/python3.12/site-packages/airflow/example_dags/tutorial_dag.py for tasks to queue
[2026-02-13T12:56:13.584+0100] {logging_mixin.py:190} INFO - [2026-02-13T12:56:13.584+0100] {dagbag.py:588} INFO - Filling up the DagBag from /home/gianotti/Documents/CryptoETL/.venv/lib/python3.12/site-packages/airflow/example_dags/tutorial_dag.py
[2026-02-13T12:56:13.597+0100] {processor.py:925} INFO - DAG(s) 'tutorial_dag' retrieved from /home/gianotti/Documents/CryptoETL/.venv/lib/python3.12/site-packages/airflow/example_dags/tutorial_dag.py
[2026-02-13T12:56:13.620+0100] {logging_mixin.py:190} INFO - [2026-02-13T12:56:13.619+0100] {dag.py:3239} INFO - Sync 1 DAGs
[2026-02-13T12:56:13.636+0100] {logging_mixin.py:190} INFO - [2026-02-13T12:56:13.636+0100] {dag.py:4180} INFO - Setting next_dagrun for tutorial_dag to None, run_after=None
[2026-02-13T12:56:13.656+0100] {processor.py:208} INFO - Processing /home/gianotti/Documents/CryptoETL/.venv/lib/python3.12/site-packages/airflow/example_dags/tutorial_dag.py took 0.087 seconds
[2026-02-13T12:57:11.403+0100] {processor.py:186} INFO - Started process (PID=35142) to work on /home/gianotti/Documents/CryptoETL/.venv/lib/python3.12/site-packages/airflow/example_dags/tutorial_dag.py
[2026-02-13T12:57:11.406+0100] {processor.py:914} INFO - Processing file /home/gianotti/Documents/CryptoETL/.venv/lib/python3.12/site-packages/airflow/example_dags/tutorial_dag.py for tasks to queue
[2026-02-13T12:57:11.409+0100] {logging_mixin.py:190} INFO - [2026-02-13T12:57:11.408+0100] {dagbag.py:588} INFO - Filling up the DagBag from /home/gianotti/Documents/CryptoETL/.venv/lib/python3.12/site-packages/airflow/example_dags/tutorial_dag.py
[2026-02-13T12:57:11.422+0100] {processor.py:925} INFO - DAG(s) 'tutorial_dag' retrieved from /home/gianotti/Documents/CryptoETL/.venv/lib/python3.12/site-packages/airflow/example_dags/tutorial_dag.py
[2026-02-13T12:57:11.445+0100] {logging_mixin.py:190} INFO - [2026-02-13T12:57:11.445+0100] {dag.py:3239} INFO - Sync 1 DAGs
[2026-02-13T12:57:11.465+0100] {logging_mixin.py:190} INFO - [2026-02-13T12:57:11.464+0100] {dag.py:4180} INFO - Setting next_dagrun for tutorial_dag to None, run_after=None
[2026-02-13T12:57:11.496+0100] {processor.py:208} INFO - Processing /home/gianotti/Documents/CryptoETL/.venv/lib/python3.12/site-packages/airflow/example_dags/tutorial_dag.py took 0.103 seconds
[2026-02-13T12:58:09.703+0100] {processor.py:186} INFO - Started process (PID=35257) to work on /home/gianotti/Documents/CryptoETL/.venv/lib/python3.12/site-packages/airflow/example_dags/tutorial_dag.py
[2026-02-13T12:58:09.706+0100] {processor.py:914} INFO - Processing file /home/gianotti/Documents/CryptoETL/.venv/lib/python3.12/site-packages/airflow/example_dags/tutorial_dag.py for tasks to queue
[2026-02-13T12:58:09.709+0100] {logging_mixin.py:190} INFO - [2026-02-13T12:58:09.709+0100] {dagbag.py:588} INFO - Filling up the DagBag from /home/gianotti/Documents/CryptoETL/.venv/lib/python3.12/site-packages/airflow/example_dags/tutorial_dag.py
[2026-02-13T12:58:09.727+0100] {processor.py:925} INFO - DAG(s) 'tutorial_dag' retrieved from /home/gianotti/Documents/CryptoETL/.venv/lib/python3.12/site-packages/airflow/example_dags/tutorial_dag.py
[2026-02-13T12:58:09.759+0100] {logging_mixin.py:190} INFO - [2026-02-13T12:58:09.758+0100] {dag.py:3239} INFO - Sync 1 DAGs
[2026-02-13T12:58:09.786+0100] {logging_mixin.py:190} INFO - [2026-02-13T12:58:09.786+0100] {dag.py:4180} INFO - Setting next_dagrun for tutorial_dag to None, run_after=None
[2026-02-13T12:58:09.820+0100] {processor.py:208} INFO - Processing /home/gianotti/Documents/CryptoETL/.venv/lib/python3.12/site-packages/airflow/example_dags/tutorial_dag.py took 0.127 seconds
[2026-02-13T12:59:04.636+0100] {processor.py:186} INFO - Started process (PID=35397) to work on /home/gianotti/Documents/CryptoETL/.venv/lib/python3.12/site-packages/airflow/example_dags/tutorial_dag.py
[2026-02-13T12:59:04.639+0100] {processor.py:914} INFO - Processing file /home/gianotti/Documents/CryptoETL/.venv/lib/python3.12/site-packages/airflow/example_dags/tutorial_dag.py for tasks to queue
[2026-02-13T12:59:04.642+0100] {logging_mixin.py:190} INFO - [2026-02-13T12:59:04.642+0100] {dagbag.py:588} INFO - Filling up the DagBag from /home/gianotti/Documents/CryptoETL/.venv/lib/python3.12/site-packages/airflow/example_dags/tutorial_dag.py
[2026-02-13T12:59:04.658+0100] {processor.py:925} INFO - DAG(s) 'tutorial_dag' retrieved from /home/gianotti/Documents/CryptoETL/.venv/lib/python3.12/site-packages/airflow/example_dags/tutorial_dag.py
[2026-02-13T12:59:04.683+0100] {logging_mixin.py:190} INFO - [2026-02-13T12:59:04.682+0100] {dag.py:3239} INFO - Sync 1 DAGs
[2026-02-13T12:59:04.704+0100] {logging_mixin.py:190} INFO - [2026-02-13T12:59:04.704+0100] {dag.py:4180} INFO - Setting next_dagrun for tutorial_dag to None, run_after=None
[2026-02-13T12:59:04.735+0100] {processor.py:208} INFO - Processing /home/gianotti/Documents/CryptoETL/.venv/lib/python3.12/site-packages/airflow/example_dags/tutorial_dag.py took 0.108 seconds
[2026-02-13T12:59:58.595+0100] {processor.py:186} INFO - Started process (PID=35503) to work on /home/gianotti/Documents/CryptoETL/.venv/lib/python3.12/site-packages/airflow/example_dags/tutorial_dag.py
[2026-02-13T12:59:58.597+0100] {processor.py:914} INFO - Processing file /home/gianotti/Documents/CryptoETL/.venv/lib/python3.12/site-packages/airflow/example_dags/tutorial_dag.py for tasks to queue
[2026-02-13T12:59:58.600+0100] {logging_mixin.py:190} INFO - [2026-02-13T12:59:58.599+0100] {dagbag.py:588} INFO - Filling up the DagBag from /home/gianotti/Documents/CryptoETL/.venv/lib/python3.12/site-packages/airflow/example_dags/tutorial_dag.py
[2026-02-13T12:59:58.614+0100] {processor.py:925} INFO - DAG(s) 'tutorial_dag' retrieved from /home/gianotti/Documents/CryptoETL/.venv/lib/python3.12/site-packages/airflow/example_dags/tutorial_dag.py
[2026-02-13T12:59:58.637+0100] {logging_mixin.py:190} INFO - [2026-02-13T12:59:58.636+0100] {dag.py:3239} INFO - Sync 1 DAGs
[2026-02-13T12:59:58.654+0100] {logging_mixin.py:190} INFO - [2026-02-13T12:59:58.654+0100] {dag.py:4180} INFO - Setting next_dagrun for tutorial_dag to None, run_after=None
[2026-02-13T12:59:58.679+0100] {processor.py:208} INFO - Processing /home/gianotti/Documents/CryptoETL/.venv/lib/python3.12/site-packages/airflow/example_dags/tutorial_dag.py took 0.094 seconds
[2026-02-13T13:00:55.750+0100] {processor.py:186} INFO - Started process (PID=35615) to work on /home/gianotti/Documents/CryptoETL/.venv/lib/python3.12/site-packages/airflow/example_dags/tutorial_dag.py
[2026-02-13T13:00:55.753+0100] {processor.py:914} INFO - Processing file /home/gianotti/Documents/CryptoETL/.venv/lib/python3.12/site-packages/airflow/example_dags/tutorial_dag.py for tasks to queue
[2026-02-13T13:00:55.755+0100] {logging_mixin.py:190} INFO - [2026-02-13T13:00:55.754+0100] {dagbag.py:588} INFO - Filling up the DagBag from /home/gianotti/Documents/CryptoETL/.venv/lib/python3.12/site-packages/airflow/example_dags/tutorial_dag.py
[2026-02-13T13:00:55.769+0100] {processor.py:925} INFO - DAG(s) 'tutorial_dag' retrieved from /home/gianotti/Documents/CryptoETL/.venv/lib/python3.12/site-packages/airflow/example_dags/tutorial_dag.py
[2026-02-13T13:00:55.795+0100] {logging_mixin.py:190} INFO - [2026-02-13T13:00:55.794+0100] {dag.py:3239} INFO - Sync 1 DAGs
[2026-02-13T13:00:55.812+0100] {logging_mixin.py:190} INFO - [2026-02-13T13:00:55.812+0100] {dag.py:4180} INFO - Setting next_dagrun for tutorial_dag to None, run_after=None
[2026-02-13T13:00:55.831+0100] {processor.py:208} INFO - Processing /home/gianotti/Documents/CryptoETL/.venv/lib/python3.12/site-packages/airflow/example_dags/tutorial_dag.py took 0.090 seconds
[2026-02-13T13:01:56.347+0100] {processor.py:186} INFO - Started process (PID=35734) to work on /home/gianotti/Documents/CryptoETL/.venv/lib/python3.12/site-packages/airflow/example_dags/tutorial_dag.py
[2026-02-13T13:01:56.348+0100] {processor.py:914} INFO - Processing file /home/gianotti/Documents/CryptoETL/.venv/lib/python3.12/site-packages/airflow/example_dags/tutorial_dag.py for tasks to queue
[2026-02-13T13:01:56.350+0100] {logging_mixin.py:190} INFO - [2026-02-13T13:01:56.349+0100] {dagbag.py:588} INFO - Filling up the DagBag from /home/gianotti/Documents/CryptoETL/.venv/lib/python3.12/site-packages/airflow/example_dags/tutorial_dag.py
[2026-02-13T13:01:56.363+0100] {processor.py:925} INFO - DAG(s) 'tutorial_dag' retrieved from /home/gianotti/Documents/CryptoETL/.venv/lib/python3.12/site-packages/airflow/example_dags/tutorial_dag.py
[2026-02-13T13:01:56.382+0100] {logging_mixin.py:190} INFO - [2026-02-13T13:01:56.382+0100] {dag.py:3239} INFO - Sync 1 DAGs
[2026-02-13T13:01:56.393+0100] {logging_mixin.py:190} INFO - [2026-02-13T13:01:56.393+0100] {dag.py:4180} INFO - Setting next_dagrun for tutorial_dag to None, run_after=None
[2026-02-13T13:01:56.422+0100] {processor.py:208} INFO - Processing /home/gianotti/Documents/CryptoETL/.venv/lib/python3.12/site-packages/airflow/example_dags/tutorial_dag.py took 0.084 seconds
[2026-02-13T13:02:54.900+0100] {processor.py:186} INFO - Started process (PID=35849) to work on /home/gianotti/Documents/CryptoETL/.venv/lib/python3.12/site-packages/airflow/example_dags/tutorial_dag.py
[2026-02-13T13:02:54.903+0100] {processor.py:914} INFO - Processing file /home/gianotti/Documents/CryptoETL/.venv/lib/python3.12/site-packages/airflow/example_dags/tutorial_dag.py for tasks to queue
[2026-02-13T13:02:54.905+0100] {logging_mixin.py:190} INFO - [2026-02-13T13:02:54.904+0100] {dagbag.py:588} INFO - Filling up the DagBag from /home/gianotti/Documents/CryptoETL/.venv/lib/python3.12/site-packages/airflow/example_dags/tutorial_dag.py
[2026-02-13T13:02:54.918+0100] {processor.py:925} INFO - DAG(s) 'tutorial_dag' retrieved from /home/gianotti/Documents/CryptoETL/.venv/lib/python3.12/site-packages/airflow/example_dags/tutorial_dag.py
[2026-02-13T13:02:54.942+0100] {logging_mixin.py:190} INFO - [2026-02-13T13:02:54.942+0100] {dag.py:3239} INFO - Sync 1 DAGs
[2026-02-13T13:02:54.962+0100] {logging_mixin.py:190} INFO - [2026-02-13T13:02:54.961+0100] {dag.py:4180} INFO - Setting next_dagrun for tutorial_dag to None, run_after=None
[2026-02-13T13:02:54.982+0100] {processor.py:208} INFO - Processing /home/gianotti/Documents/CryptoETL/.venv/lib/python3.12/site-packages/airflow/example_dags/tutorial_dag.py took 0.092 seconds
[2026-02-13T13:03:50.852+0100] {processor.py:186} INFO - Started process (PID=35993) to work on /home/gianotti/Documents/CryptoETL/.venv/lib/python3.12/site-packages/airflow/example_dags/tutorial_dag.py
[2026-02-13T13:03:50.853+0100] {processor.py:914} INFO - Processing file /home/gianotti/Documents/CryptoETL/.venv/lib/python3.12/site-packages/airflow/example_dags/tutorial_dag.py for tasks to queue
[2026-02-13T13:03:50.855+0100] {logging_mixin.py:190} INFO - [2026-02-13T13:03:50.854+0100] {dagbag.py:588} INFO - Filling up the DagBag from /home/gianotti/Documents/CryptoETL/.venv/lib/python3.12/site-packages/airflow/example_dags/tutorial_dag.py
[2026-02-13T13:03:50.868+0100] {processor.py:925} INFO - DAG(s) 'tutorial_dag' retrieved from /home/gianotti/Documents/CryptoETL/.venv/lib/python3.12/site-packages/airflow/example_dags/tutorial_dag.py
[2026-02-13T13:03:50.889+0100] {logging_mixin.py:190} INFO - [2026-02-13T13:03:50.889+0100] {dag.py:3239} INFO - Sync 1 DAGs
[2026-02-13T13:03:50.910+0100] {logging_mixin.py:190} INFO - [2026-02-13T13:03:50.910+0100] {dag.py:4180} INFO - Setting next_dagrun for tutorial_dag to None, run_after=None
[2026-02-13T13:03:50.942+0100] {processor.py:208} INFO - Processing /home/gianotti/Documents/CryptoETL/.venv/lib/python3.12/site-packages/airflow/example_dags/tutorial_dag.py took 0.099 seconds
[2026-02-13T13:04:53.965+0100] {processor.py:186} INFO - Started process (PID=36117) to work on /home/gianotti/Documents/CryptoETL/.venv/lib/python3.12/site-packages/airflow/example_dags/tutorial_dag.py
[2026-02-13T13:04:53.967+0100] {processor.py:914} INFO - Processing file /home/gianotti/Documents/CryptoETL/.venv/lib/python3.12/site-packages/airflow/example_dags/tutorial_dag.py for tasks to queue
[2026-02-13T13:04:53.969+0100] {logging_mixin.py:190} INFO - [2026-02-13T13:04:53.969+0100] {dagbag.py:588} INFO - Filling up the DagBag from /home/gianotti/Documents/CryptoETL/.venv/lib/python3.12/site-packages/airflow/example_dags/tutorial_dag.py
[2026-02-13T13:04:53.983+0100] {processor.py:925} INFO - DAG(s) 'tutorial_dag' retrieved from /home/gianotti/Documents/CryptoETL/.venv/lib/python3.12/site-packages/airflow/example_dags/tutorial_dag.py
[2026-02-13T13:04:54.008+0100] {logging_mixin.py:190} INFO - [2026-02-13T13:04:54.007+0100] {dag.py:3239} INFO - Sync 1 DAGs
[2026-02-13T13:04:54.030+0100] {logging_mixin.py:190} INFO - [2026-02-13T13:04:54.029+0100] {dag.py:4180} INFO - Setting next_dagrun for tutorial_dag to None, run_after=None
[2026-02-13T13:04:54.065+0100] {processor.py:208} INFO - Processing /home/gianotti/Documents/CryptoETL/.venv/lib/python3.12/site-packages/airflow/example_dags/tutorial_dag.py took 0.110 seconds
[2026-02-13T13:05:57.583+0100] {processor.py:186} INFO - Started process (PID=36225) to work on /home/gianotti/Documents/CryptoETL/.venv/lib/python3.12/site-packages/airflow/example_dags/tutorial_dag.py
[2026-02-13T13:05:57.586+0100] {processor.py:914} INFO - Processing file /home/gianotti/Documents/CryptoETL/.venv/lib/python3.12/site-packages/airflow/example_dags/tutorial_dag.py for tasks to queue
[2026-02-13T13:05:57.588+0100] {logging_mixin.py:190} INFO - [2026-02-13T13:05:57.587+0100] {dagbag.py:588} INFO - Filling up the DagBag from /home/gianotti/Documents/CryptoETL/.venv/lib/python3.12/site-packages/airflow/example_dags/tutorial_dag.py
[2026-02-13T13:05:57.602+0100] {processor.py:925} INFO - DAG(s) 'tutorial_dag' retrieved from /home/gianotti/Documents/CryptoETL/.venv/lib/python3.12/site-packages/airflow/example_dags/tutorial_dag.py
[2026-02-13T13:05:57.627+0100] {logging_mixin.py:190} INFO - [2026-02-13T13:05:57.627+0100] {dag.py:3239} INFO - Sync 1 DAGs
[2026-02-13T13:05:57.650+0100] {logging_mixin.py:190} INFO - [2026-02-13T13:05:57.650+0100] {dag.py:4180} INFO - Setting next_dagrun for tutorial_dag to None, run_after=None
[2026-02-13T13:05:57.683+0100] {processor.py:208} INFO - Processing /home/gianotti/Documents/CryptoETL/.venv/lib/python3.12/site-packages/airflow/example_dags/tutorial_dag.py took 0.110 seconds
[2026-02-13T13:07:03.054+0100] {processor.py:186} INFO - Started process (PID=36319) to work on /home/gianotti/Documents/CryptoETL/.venv/lib/python3.12/site-packages/airflow/example_dags/tutorial_dag.py
[2026-02-13T13:07:03.056+0100] {processor.py:914} INFO - Processing file /home/gianotti/Documents/CryptoETL/.venv/lib/python3.12/site-packages/airflow/example_dags/tutorial_dag.py for tasks to queue
[2026-02-13T13:07:03.058+0100] {logging_mixin.py:190} INFO - [2026-02-13T13:07:03.057+0100] {dagbag.py:588} INFO - Filling up the DagBag from /home/gianotti/Documents/CryptoETL/.venv/lib/python3.12/site-packages/airflow/example_dags/tutorial_dag.py
[2026-02-13T13:07:03.075+0100] {processor.py:925} INFO - DAG(s) 'tutorial_dag' retrieved from /home/gianotti/Documents/CryptoETL/.venv/lib/python3.12/site-packages/airflow/example_dags/tutorial_dag.py
[2026-02-13T13:07:03.106+0100] {logging_mixin.py:190} INFO - [2026-02-13T13:07:03.106+0100] {dag.py:3239} INFO - Sync 1 DAGs
[2026-02-13T13:07:03.138+0100] {logging_mixin.py:190} INFO - [2026-02-13T13:07:03.138+0100] {dag.py:4180} INFO - Setting next_dagrun for tutorial_dag to None, run_after=None
[2026-02-13T13:07:03.182+0100] {processor.py:208} INFO - Processing /home/gianotti/Documents/CryptoETL/.venv/lib/python3.12/site-packages/airflow/example_dags/tutorial_dag.py took 0.139 seconds
[2026-02-13T13:08:16.096+0100] {processor.py:186} INFO - Started process (PID=36417) to work on /home/gianotti/Documents/CryptoETL/.venv/lib/python3.12/site-packages/airflow/example_dags/tutorial_dag.py
[2026-02-13T13:08:16.099+0100] {processor.py:914} INFO - Processing file /home/gianotti/Documents/CryptoETL/.venv/lib/python3.12/site-packages/airflow/example_dags/tutorial_dag.py for tasks to queue
[2026-02-13T13:08:16.101+0100] {logging_mixin.py:190} INFO - [2026-02-13T13:08:16.100+0100] {dagbag.py:588} INFO - Filling up the DagBag from /home/gianotti/Documents/CryptoETL/.venv/lib/python3.12/site-packages/airflow/example_dags/tutorial_dag.py
[2026-02-13T13:08:16.114+0100] {processor.py:925} INFO - DAG(s) 'tutorial_dag' retrieved from /home/gianotti/Documents/CryptoETL/.venv/lib/python3.12/site-packages/airflow/example_dags/tutorial_dag.py
[2026-02-13T13:08:16.140+0100] {logging_mixin.py:190} INFO - [2026-02-13T13:08:16.139+0100] {dag.py:3239} INFO - Sync 1 DAGs
[2026-02-13T13:08:16.164+0100] {logging_mixin.py:190} INFO - [2026-02-13T13:08:16.164+0100] {dag.py:4180} INFO - Setting next_dagrun for tutorial_dag to None, run_after=None
[2026-02-13T13:08:16.203+0100] {processor.py:208} INFO - Processing /home/gianotti/Documents/CryptoETL/.venv/lib/python3.12/site-packages/airflow/example_dags/tutorial_dag.py took 0.116 seconds
[2026-02-13T13:09:20.666+0100] {processor.py:186} INFO - Started process (PID=36554) to work on /home/gianotti/Documents/CryptoETL/.venv/lib/python3.12/site-packages/airflow/example_dags/tutorial_dag.py
[2026-02-13T13:09:20.669+0100] {processor.py:914} INFO - Processing file /home/gianotti/Documents/CryptoETL/.venv/lib/python3.12/site-packages/airflow/example_dags/tutorial_dag.py for tasks to queue
[2026-02-13T13:09:20.671+0100] {logging_mixin.py:190} INFO - [2026-02-13T13:09:20.670+0100] {dagbag.py:588} INFO - Filling up the DagBag from /home/gianotti/Documents/CryptoETL/.venv/lib/python3.12/site-packages/airflow/example_dags/tutorial_dag.py
[2026-02-13T13:09:20.684+0100] {processor.py:925} INFO - DAG(s) 'tutorial_dag' retrieved from /home/gianotti/Documents/CryptoETL/.venv/lib/python3.12/site-packages/airflow/example_dags/tutorial_dag.py
[2026-02-13T13:09:20.709+0100] {logging_mixin.py:190} INFO - [2026-02-13T13:09:20.708+0100] {dag.py:3239} INFO - Sync 1 DAGs
[2026-02-13T13:09:20.733+0100] {logging_mixin.py:190} INFO - [2026-02-13T13:09:20.732+0100] {dag.py:4180} INFO - Setting next_dagrun for tutorial_dag to None, run_after=None
[2026-02-13T13:09:20.767+0100] {processor.py:208} INFO - Processing /home/gianotti/Documents/CryptoETL/.venv/lib/python3.12/site-packages/airflow/example_dags/tutorial_dag.py took 0.110 seconds
[2026-02-13T13:10:33.417+0100] {processor.py:186} INFO - Started process (PID=36686) to work on /home/gianotti/Documents/CryptoETL/.venv/lib/python3.12/site-packages/airflow/example_dags/tutorial_dag.py
[2026-02-13T13:10:33.420+0100] {processor.py:914} INFO - Processing file /home/gianotti/Documents/CryptoETL/.venv/lib/python3.12/site-packages/airflow/example_dags/tutorial_dag.py for tasks to queue
[2026-02-13T13:10:33.422+0100] {logging_mixin.py:190} INFO - [2026-02-13T13:10:33.421+0100] {dagbag.py:588} INFO - Filling up the DagBag from /home/gianotti/Documents/CryptoETL/.venv/lib/python3.12/site-packages/airflow/example_dags/tutorial_dag.py
[2026-02-13T13:10:33.435+0100] {processor.py:925} INFO - DAG(s) 'tutorial_dag' retrieved from /home/gianotti/Documents/CryptoETL/.venv/lib/python3.12/site-packages/airflow/example_dags/tutorial_dag.py
[2026-02-13T13:10:33.459+0100] {logging_mixin.py:190} INFO - [2026-02-13T13:10:33.459+0100] {dag.py:3239} INFO - Sync 1 DAGs
[2026-02-13T13:10:33.481+0100] {logging_mixin.py:190} INFO - [2026-02-13T13:10:33.481+0100] {dag.py:4180} INFO - Setting next_dagrun for tutorial_dag to None, run_after=None
[2026-02-13T13:10:33.513+0100] {processor.py:208} INFO - Processing /home/gianotti/Documents/CryptoETL/.venv/lib/python3.12/site-packages/airflow/example_dags/tutorial_dag.py took 0.106 seconds
[2026-02-13T13:11:37.410+0100] {processor.py:186} INFO - Started process (PID=36769) to work on /home/gianotti/Documents/CryptoETL/.venv/lib/python3.12/site-packages/airflow/example_dags/tutorial_dag.py
[2026-02-13T13:11:37.413+0100] {processor.py:914} INFO - Processing file /home/gianotti/Documents/CryptoETL/.venv/lib/python3.12/site-packages/airflow/example_dags/tutorial_dag.py for tasks to queue
[2026-02-13T13:11:37.415+0100] {logging_mixin.py:190} INFO - [2026-02-13T13:11:37.414+0100] {dagbag.py:588} INFO - Filling up the DagBag from /home/gianotti/Documents/CryptoETL/.venv/lib/python3.12/site-packages/airflow/example_dags/tutorial_dag.py
[2026-02-13T13:11:37.430+0100] {processor.py:925} INFO - DAG(s) 'tutorial_dag' retrieved from /home/gianotti/Documents/CryptoETL/.venv/lib/python3.12/site-packages/airflow/example_dags/tutorial_dag.py
[2026-02-13T13:11:37.453+0100] {logging_mixin.py:190} INFO - [2026-02-13T13:11:37.452+0100] {dag.py:3239} INFO - Sync 1 DAGs
[2026-02-13T13:11:37.475+0100] {logging_mixin.py:190} INFO - [2026-02-13T13:11:37.475+0100] {dag.py:4180} INFO - Setting next_dagrun for tutorial_dag to None, run_after=None
[2026-02-13T13:11:37.507+0100] {processor.py:208} INFO - Processing /home/gianotti/Documents/CryptoETL/.venv/lib/python3.12/site-packages/airflow/example_dags/tutorial_dag.py took 0.108 seconds
[2026-02-13T13:12:42.552+0100] {processor.py:186} INFO - Started process (PID=36895) to work on /home/gianotti/Documents/CryptoETL/.venv/lib/python3.12/site-packages/airflow/example_dags/tutorial_dag.py
[2026-02-13T13:12:42.555+0100] {processor.py:914} INFO - Processing file /home/gianotti/Documents/CryptoETL/.venv/lib/python3.12/site-packages/airflow/example_dags/tutorial_dag.py for tasks to queue
[2026-02-13T13:12:42.557+0100] {logging_mixin.py:190} INFO - [2026-02-13T13:12:42.556+0100] {dagbag.py:588} INFO - Filling up the DagBag from /home/gianotti/Documents/CryptoETL/.venv/lib/python3.12/site-packages/airflow/example_dags/tutorial_dag.py
[2026-02-13T13:12:42.571+0100] {processor.py:925} INFO - DAG(s) 'tutorial_dag' retrieved from /home/gianotti/Documents/CryptoETL/.venv/lib/python3.12/site-packages/airflow/example_dags/tutorial_dag.py
[2026-02-13T13:12:42.595+0100] {logging_mixin.py:190} INFO - [2026-02-13T13:12:42.594+0100] {dag.py:3239} INFO - Sync 1 DAGs
[2026-02-13T13:12:42.617+0100] {logging_mixin.py:190} INFO - [2026-02-13T13:12:42.617+0100] {dag.py:4180} INFO - Setting next_dagrun for tutorial_dag to None, run_after=None
[2026-02-13T13:12:42.650+0100] {processor.py:208} INFO - Processing /home/gianotti/Documents/CryptoETL/.venv/lib/python3.12/site-packages/airflow/example_dags/tutorial_dag.py took 0.107 seconds
[2026-02-13T13:13:45.203+0100] {processor.py:186} INFO - Started process (PID=37049) to work on /home/gianotti/Documents/CryptoETL/.venv/lib/python3.12/site-packages/airflow/example_dags/tutorial_dag.py
[2026-02-13T13:13:45.206+0100] {processor.py:914} INFO - Processing file /home/gianotti/Documents/CryptoETL/.venv/lib/python3.12/site-packages/airflow/example_dags/tutorial_dag.py for tasks to queue
[2026-02-13T13:13:45.208+0100] {logging_mixin.py:190} INFO - [2026-02-13T13:13:45.207+0100] {dagbag.py:588} INFO - Filling up the DagBag from /home/gianotti/Documents/CryptoETL/.venv/lib/python3.12/site-packages/airflow/example_dags/tutorial_dag.py
[2026-02-13T13:13:45.223+0100] {processor.py:925} INFO - DAG(s) 'tutorial_dag' retrieved from /home/gianotti/Documents/CryptoETL/.venv/lib/python3.12/site-packages/airflow/example_dags/tutorial_dag.py
[2026-02-13T13:13:45.249+0100] {logging_mixin.py:190} INFO - [2026-02-13T13:13:45.248+0100] {dag.py:3239} INFO - Sync 1 DAGs
[2026-02-13T13:13:45.271+0100] {logging_mixin.py:190} INFO - [2026-02-13T13:13:45.271+0100] {dag.py:4180} INFO - Setting next_dagrun for tutorial_dag to None, run_after=None
[2026-02-13T13:13:45.305+0100] {processor.py:208} INFO - Processing /home/gianotti/Documents/CryptoETL/.venv/lib/python3.12/site-packages/airflow/example_dags/tutorial_dag.py took 0.110 seconds
[2026-02-13T13:14:50.521+0100] {processor.py:186} INFO - Started process (PID=37215) to work on /home/gianotti/Documents/CryptoETL/.venv/lib/python3.12/site-packages/airflow/example_dags/tutorial_dag.py
[2026-02-13T13:14:50.524+0100] {processor.py:914} INFO - Processing file /home/gianotti/Documents/CryptoETL/.venv/lib/python3.12/site-packages/airflow/example_dags/tutorial_dag.py for tasks to queue
[2026-02-13T13:14:50.526+0100] {logging_mixin.py:190} INFO - [2026-02-13T13:14:50.525+0100] {dagbag.py:588} INFO - Filling up the DagBag from /home/gianotti/Documents/CryptoETL/.venv/lib/python3.12/site-packages/airflow/example_dags/tutorial_dag.py
[2026-02-13T13:14:50.540+0100] {processor.py:925} INFO - DAG(s) 'tutorial_dag' retrieved from /home/gianotti/Documents/CryptoETL/.venv/lib/python3.12/site-packages/airflow/example_dags/tutorial_dag.py
[2026-02-13T13:14:50.565+0100] {logging_mixin.py:190} INFO - [2026-02-13T13:14:50.564+0100] {dag.py:3239} INFO - Sync 1 DAGs
[2026-02-13T13:14:50.586+0100] {logging_mixin.py:190} INFO - [2026-02-13T13:14:50.585+0100] {dag.py:4180} INFO - Setting next_dagrun for tutorial_dag to None, run_after=None
[2026-02-13T13:14:50.617+0100] {processor.py:208} INFO - Processing /home/gianotti/Documents/CryptoETL/.venv/lib/python3.12/site-packages/airflow/example_dags/tutorial_dag.py took 0.106 seconds
[2026-02-13T13:15:57.742+0100] {processor.py:186} INFO - Started process (PID=37399) to work on /home/gianotti/Documents/CryptoETL/.venv/lib/python3.12/site-packages/airflow/example_dags/tutorial_dag.py
[2026-02-13T13:15:57.744+0100] {processor.py:914} INFO - Processing file /home/gianotti/Documents/CryptoETL/.venv/lib/python3.12/site-packages/airflow/example_dags/tutorial_dag.py for tasks to queue
[2026-02-13T13:15:57.747+0100] {logging_mixin.py:190} INFO - [2026-02-13T13:15:57.746+0100] {dagbag.py:588} INFO - Filling up the DagBag from /home/gianotti/Documents/CryptoETL/.venv/lib/python3.12/site-packages/airflow/example_dags/tutorial_dag.py
[2026-02-13T13:15:57.766+0100] {processor.py:925} INFO - DAG(s) 'tutorial_dag' retrieved from /home/gianotti/Documents/CryptoETL/.venv/lib/python3.12/site-packages/airflow/example_dags/tutorial_dag.py
[2026-02-13T13:15:57.794+0100] {logging_mixin.py:190} INFO - [2026-02-13T13:15:57.793+0100] {dag.py:3239} INFO - Sync 1 DAGs
[2026-02-13T13:15:57.823+0100] {logging_mixin.py:190} INFO - [2026-02-13T13:15:57.823+0100] {dag.py:4180} INFO - Setting next_dagrun for tutorial_dag to None, run_after=None
[2026-02-13T13:15:57.867+0100] {processor.py:208} INFO - Processing /home/gianotti/Documents/CryptoETL/.venv/lib/python3.12/site-packages/airflow/example_dags/tutorial_dag.py took 0.134 seconds
[2026-02-13T13:17:01.303+0100] {processor.py:186} INFO - Started process (PID=37484) to work on /home/gianotti/Documents/CryptoETL/.venv/lib/python3.12/site-packages/airflow/example_dags/tutorial_dag.py
[2026-02-13T13:17:01.306+0100] {processor.py:914} INFO - Processing file /home/gianotti/Documents/CryptoETL/.venv/lib/python3.12/site-packages/airflow/example_dags/tutorial_dag.py for tasks to queue
[2026-02-13T13:17:01.308+0100] {logging_mixin.py:190} INFO - [2026-02-13T13:17:01.307+0100] {dagbag.py:588} INFO - Filling up the DagBag from /home/gianotti/Documents/CryptoETL/.venv/lib/python3.12/site-packages/airflow/example_dags/tutorial_dag.py
[2026-02-13T13:17:01.323+0100] {processor.py:925} INFO - DAG(s) 'tutorial_dag' retrieved from /home/gianotti/Documents/CryptoETL/.venv/lib/python3.12/site-packages/airflow/example_dags/tutorial_dag.py
[2026-02-13T13:17:01.349+0100] {logging_mixin.py:190} INFO - [2026-02-13T13:17:01.348+0100] {dag.py:3239} INFO - Sync 1 DAGs
[2026-02-13T13:17:01.372+0100] {logging_mixin.py:190} INFO - [2026-02-13T13:17:01.372+0100] {dag.py:4180} INFO - Setting next_dagrun for tutorial_dag to None, run_after=None
[2026-02-13T13:17:01.403+0100] {processor.py:208} INFO - Processing /home/gianotti/Documents/CryptoETL/.venv/lib/python3.12/site-packages/airflow/example_dags/tutorial_dag.py took 0.110 seconds
[2026-02-13T13:18:09.468+0100] {processor.py:186} INFO - Started process (PID=37590) to work on /home/gianotti/Documents/CryptoETL/.venv/lib/python3.12/site-packages/airflow/example_dags/tutorial_dag.py
[2026-02-13T13:18:09.470+0100] {processor.py:914} INFO - Processing file /home/gianotti/Documents/CryptoETL/.venv/lib/python3.12/site-packages/airflow/example_dags/tutorial_dag.py for tasks to queue
[2026-02-13T13:18:09.473+0100] {logging_mixin.py:190} INFO - [2026-02-13T13:18:09.472+0100] {dagbag.py:588} INFO - Filling up the DagBag from /home/gianotti/Documents/CryptoETL/.venv/lib/python3.12/site-packages/airflow/example_dags/tutorial_dag.py
[2026-02-13T13:18:09.485+0100] {processor.py:925} INFO - DAG(s) 'tutorial_dag' retrieved from /home/gianotti/Documents/CryptoETL/.venv/lib/python3.12/site-packages/airflow/example_dags/tutorial_dag.py
[2026-02-13T13:18:09.511+0100] {logging_mixin.py:190} INFO - [2026-02-13T13:18:09.511+0100] {dag.py:3239} INFO - Sync 1 DAGs
[2026-02-13T13:18:09.532+0100] {logging_mixin.py:190} INFO - [2026-02-13T13:18:09.532+0100] {dag.py:4180} INFO - Setting next_dagrun for tutorial_dag to None, run_after=None
[2026-02-13T13:18:09.569+0100] {processor.py:208} INFO - Processing /home/gianotti/Documents/CryptoETL/.venv/lib/python3.12/site-packages/airflow/example_dags/tutorial_dag.py took 0.109 seconds
[2026-02-13T13:19:13.172+0100] {processor.py:186} INFO - Started process (PID=37702) to work on /home/gianotti/Documents/CryptoETL/.venv/lib/python3.12/site-packages/airflow/example_dags/tutorial_dag.py
[2026-02-13T13:19:13.174+0100] {processor.py:914} INFO - Processing file /home/gianotti/Documents/CryptoETL/.venv/lib/python3.12/site-packages/airflow/example_dags/tutorial_dag.py for tasks to queue
[2026-02-13T13:19:13.176+0100] {logging_mixin.py:190} INFO - [2026-02-13T13:19:13.176+0100] {dagbag.py:588} INFO - Filling up the DagBag from /home/gianotti/Documents/CryptoETL/.venv/lib/python3.12/site-packages/airflow/example_dags/tutorial_dag.py
[2026-02-13T13:19:13.190+0100] {processor.py:925} INFO - DAG(s) 'tutorial_dag' retrieved from /home/gianotti/Documents/CryptoETL/.venv/lib/python3.12/site-packages/airflow/example_dags/tutorial_dag.py
[2026-02-13T13:19:13.214+0100] {logging_mixin.py:190} INFO - [2026-02-13T13:19:13.214+0100] {dag.py:3239} INFO - Sync 1 DAGs
[2026-02-13T13:19:13.238+0100] {logging_mixin.py:190} INFO - [2026-02-13T13:19:13.238+0100] {dag.py:4180} INFO - Setting next_dagrun for tutorial_dag to None, run_after=None
[2026-02-13T13:19:13.274+0100] {processor.py:208} INFO - Processing /home/gianotti/Documents/CryptoETL/.venv/lib/python3.12/site-packages/airflow/example_dags/tutorial_dag.py took 0.112 seconds
[2026-02-13T13:20:21.094+0100] {processor.py:186} INFO - Started process (PID=37806) to work on /home/gianotti/Documents/CryptoETL/.venv/lib/python3.12/site-packages/airflow/example_dags/tutorial_dag.py
[2026-02-13T13:20:21.096+0100] {processor.py:914} INFO - Processing file /home/gianotti/Documents/CryptoETL/.venv/lib/python3.12/site-packages/airflow/example_dags/tutorial_dag.py for tasks to queue
[2026-02-13T13:20:21.098+0100] {logging_mixin.py:190} INFO - [2026-02-13T13:20:21.097+0100] {dagbag.py:588} INFO - Filling up the DagBag from /home/gianotti/Documents/CryptoETL/.venv/lib/python3.12/site-packages/airflow/example_dags/tutorial_dag.py
[2026-02-13T13:20:21.112+0100] {processor.py:925} INFO - DAG(s) 'tutorial_dag' retrieved from /home/gianotti/Documents/CryptoETL/.venv/lib/python3.12/site-packages/airflow/example_dags/tutorial_dag.py
[2026-02-13T13:20:21.134+0100] {logging_mixin.py:190} INFO - [2026-02-13T13:20:21.134+0100] {dag.py:3239} INFO - Sync 1 DAGs
[2026-02-13T13:20:21.154+0100] {logging_mixin.py:190} INFO - [2026-02-13T13:20:21.154+0100] {dag.py:4180} INFO - Setting next_dagrun for tutorial_dag to None, run_after=None
[2026-02-13T13:20:21.185+0100] {processor.py:208} INFO - Processing /home/gianotti/Documents/CryptoETL/.venv/lib/python3.12/site-packages/airflow/example_dags/tutorial_dag.py took 0.101 seconds
[2026-02-13T13:21:24.012+0100] {processor.py:186} INFO - Started process (PID=37902) to work on /home/gianotti/Documents/CryptoETL/.venv/lib/python3.12/site-packages/airflow/example_dags/tutorial_dag.py
[2026-02-13T13:21:24.015+0100] {processor.py:914} INFO - Processing file /home/gianotti/Documents/CryptoETL/.venv/lib/python3.12/site-packages/airflow/example_dags/tutorial_dag.py for tasks to queue
[2026-02-13T13:21:24.017+0100] {logging_mixin.py:190} INFO - [2026-02-13T13:21:24.017+0100] {dagbag.py:588} INFO - Filling up the DagBag from /home/gianotti/Documents/CryptoETL/.venv/lib/python3.12/site-packages/airflow/example_dags/tutorial_dag.py
[2026-02-13T13:21:24.031+0100] {processor.py:925} INFO - DAG(s) 'tutorial_dag' retrieved from /home/gianotti/Documents/CryptoETL/.venv/lib/python3.12/site-packages/airflow/example_dags/tutorial_dag.py
[2026-02-13T13:21:24.057+0100] {logging_mixin.py:190} INFO - [2026-02-13T13:21:24.056+0100] {dag.py:3239} INFO - Sync 1 DAGs
[2026-02-13T13:21:24.080+0100] {logging_mixin.py:190} INFO - [2026-02-13T13:21:24.079+0100] {dag.py:4180} INFO - Setting next_dagrun for tutorial_dag to None, run_after=None
[2026-02-13T13:21:24.114+0100] {processor.py:208} INFO - Processing /home/gianotti/Documents/CryptoETL/.venv/lib/python3.12/site-packages/airflow/example_dags/tutorial_dag.py took 0.112 seconds
[2026-02-13T13:22:26.510+0100] {processor.py:186} INFO - Started process (PID=38026) to work on /home/gianotti/Documents/CryptoETL/.venv/lib/python3.12/site-packages/airflow/example_dags/tutorial_dag.py
[2026-02-13T13:22:26.513+0100] {processor.py:914} INFO - Processing file /home/gianotti/Documents/CryptoETL/.venv/lib/python3.12/site-packages/airflow/example_dags/tutorial_dag.py for tasks to queue
[2026-02-13T13:22:26.515+0100] {logging_mixin.py:190} INFO - [2026-02-13T13:22:26.514+0100] {dagbag.py:588} INFO - Filling up the DagBag from /home/gianotti/Documents/CryptoETL/.venv/lib/python3.12/site-packages/airflow/example_dags/tutorial_dag.py
[2026-02-13T13:22:26.528+0100] {processor.py:925} INFO - DAG(s) 'tutorial_dag' retrieved from /home/gianotti/Documents/CryptoETL/.venv/lib/python3.12/site-packages/airflow/example_dags/tutorial_dag.py
[2026-02-13T13:22:26.552+0100] {logging_mixin.py:190} INFO - [2026-02-13T13:22:26.551+0100] {dag.py:3239} INFO - Sync 1 DAGs
[2026-02-13T13:22:26.573+0100] {logging_mixin.py:190} INFO - [2026-02-13T13:22:26.573+0100] {dag.py:4180} INFO - Setting next_dagrun for tutorial_dag to None, run_after=None
[2026-02-13T13:22:26.604+0100] {processor.py:208} INFO - Processing /home/gianotti/Documents/CryptoETL/.venv/lib/python3.12/site-packages/airflow/example_dags/tutorial_dag.py took 0.103 seconds
