[2026-02-13T12:54:53.187+0100] {processor.py:186} INFO - Started process (PID=34888) to work on /home/gianotti/Documents/CryptoETL/.venv/lib/python3.12/site-packages/airflow/example_dags/tutorial_taskflow_templates.py
[2026-02-13T12:54:53.188+0100] {processor.py:914} INFO - Processing file /home/gianotti/Documents/CryptoETL/.venv/lib/python3.12/site-packages/airflow/example_dags/tutorial_taskflow_templates.py for tasks to queue
[2026-02-13T12:54:53.190+0100] {logging_mixin.py:190} INFO - [2026-02-13T12:54:53.190+0100] {dagbag.py:588} INFO - Filling up the DagBag from /home/gianotti/Documents/CryptoETL/.venv/lib/python3.12/site-packages/airflow/example_dags/tutorial_taskflow_templates.py
[2026-02-13T12:54:53.202+0100] {processor.py:925} INFO - DAG(s) 'tutorial_taskflow_templates' retrieved from /home/gianotti/Documents/CryptoETL/.venv/lib/python3.12/site-packages/airflow/example_dags/tutorial_taskflow_templates.py
[2026-02-13T12:54:53.303+0100] {logging_mixin.py:190} INFO - [2026-02-13T12:54:53.302+0100] {override.py:1930} INFO - Created Permission View: can edit on DAG:tutorial_taskflow_templates
[2026-02-13T12:54:53.314+0100] {logging_mixin.py:190} INFO - [2026-02-13T12:54:53.314+0100] {override.py:1930} INFO - Created Permission View: can read on DAG:tutorial_taskflow_templates
[2026-02-13T12:54:53.322+0100] {logging_mixin.py:190} INFO - [2026-02-13T12:54:53.322+0100] {override.py:1930} INFO - Created Permission View: can delete on DAG:tutorial_taskflow_templates
[2026-02-13T12:54:53.334+0100] {logging_mixin.py:190} INFO - [2026-02-13T12:54:53.334+0100] {override.py:1930} INFO - Created Permission View: can create on DAG Run:tutorial_taskflow_templates
[2026-02-13T12:54:53.341+0100] {logging_mixin.py:190} INFO - [2026-02-13T12:54:53.341+0100] {override.py:1930} INFO - Created Permission View: can read on DAG Run:tutorial_taskflow_templates
[2026-02-13T12:54:53.348+0100] {logging_mixin.py:190} INFO - [2026-02-13T12:54:53.348+0100] {override.py:1930} INFO - Created Permission View: can delete on DAG Run:tutorial_taskflow_templates
[2026-02-13T12:54:53.355+0100] {logging_mixin.py:190} INFO - [2026-02-13T12:54:53.355+0100] {override.py:1930} INFO - Created Permission View: menu access on DAG Run:tutorial_taskflow_templates
[2026-02-13T12:54:53.355+0100] {logging_mixin.py:190} INFO - [2026-02-13T12:54:53.355+0100] {dag.py:3239} INFO - Sync 1 DAGs
[2026-02-13T12:54:53.365+0100] {logging_mixin.py:190} INFO - [2026-02-13T12:54:53.365+0100] {dag.py:3262} INFO - Creating ORM DAG for tutorial_taskflow_templates
[2026-02-13T12:54:53.372+0100] {logging_mixin.py:190} INFO - [2026-02-13T12:54:53.372+0100] {dag.py:4180} INFO - Setting next_dagrun for tutorial_taskflow_templates to 2026-02-12 00:00:00+00:00, run_after=2026-02-13 00:00:00+00:00
[2026-02-13T12:54:53.387+0100] {processor.py:208} INFO - Processing /home/gianotti/Documents/CryptoETL/.venv/lib/python3.12/site-packages/airflow/example_dags/tutorial_taskflow_templates.py took 0.205 seconds
[2026-02-13T12:56:03.240+0100] {processor.py:186} INFO - Started process (PID=34998) to work on /home/gianotti/Documents/CryptoETL/.venv/lib/python3.12/site-packages/airflow/example_dags/tutorial_taskflow_templates.py
[2026-02-13T12:56:03.242+0100] {processor.py:914} INFO - Processing file /home/gianotti/Documents/CryptoETL/.venv/lib/python3.12/site-packages/airflow/example_dags/tutorial_taskflow_templates.py for tasks to queue
[2026-02-13T12:56:03.246+0100] {logging_mixin.py:190} INFO - [2026-02-13T12:56:03.245+0100] {dagbag.py:588} INFO - Filling up the DagBag from /home/gianotti/Documents/CryptoETL/.venv/lib/python3.12/site-packages/airflow/example_dags/tutorial_taskflow_templates.py
[2026-02-13T12:56:03.269+0100] {processor.py:925} INFO - DAG(s) 'tutorial_taskflow_templates' retrieved from /home/gianotti/Documents/CryptoETL/.venv/lib/python3.12/site-packages/airflow/example_dags/tutorial_taskflow_templates.py
[2026-02-13T12:56:03.294+0100] {logging_mixin.py:190} INFO - [2026-02-13T12:56:03.294+0100] {dag.py:3239} INFO - Sync 1 DAGs
[2026-02-13T12:56:03.333+0100] {logging_mixin.py:190} INFO - [2026-02-13T12:56:03.333+0100] {dag.py:4180} INFO - Setting next_dagrun for tutorial_taskflow_templates to 2026-02-12 00:00:00+00:00, run_after=2026-02-13 00:00:00+00:00
[2026-02-13T12:56:03.362+0100] {processor.py:208} INFO - Processing /home/gianotti/Documents/CryptoETL/.venv/lib/python3.12/site-packages/airflow/example_dags/tutorial_taskflow_templates.py took 0.132 seconds
[2026-02-13T12:56:35.817+0100] {processor.py:186} INFO - Started process (PID=35084) to work on /home/gianotti/Documents/CryptoETL/.venv/lib/python3.12/site-packages/airflow/example_dags/tutorial_taskflow_templates.py
[2026-02-13T12:56:35.818+0100] {processor.py:914} INFO - Processing file /home/gianotti/Documents/CryptoETL/.venv/lib/python3.12/site-packages/airflow/example_dags/tutorial_taskflow_templates.py for tasks to queue
[2026-02-13T12:56:35.821+0100] {logging_mixin.py:190} INFO - [2026-02-13T12:56:35.821+0100] {dagbag.py:588} INFO - Filling up the DagBag from /home/gianotti/Documents/CryptoETL/.venv/lib/python3.12/site-packages/airflow/example_dags/tutorial_taskflow_templates.py
[2026-02-13T12:56:35.844+0100] {processor.py:925} INFO - DAG(s) 'tutorial_taskflow_templates' retrieved from /home/gianotti/Documents/CryptoETL/.venv/lib/python3.12/site-packages/airflow/example_dags/tutorial_taskflow_templates.py
[2026-02-13T12:56:35.867+0100] {logging_mixin.py:190} INFO - [2026-02-13T12:56:35.866+0100] {dag.py:3239} INFO - Sync 1 DAGs
[2026-02-13T12:56:35.886+0100] {logging_mixin.py:190} INFO - [2026-02-13T12:56:35.886+0100] {dag.py:4180} INFO - Setting next_dagrun for tutorial_taskflow_templates to 2026-02-12 00:00:00+00:00, run_after=2026-02-13 00:00:00+00:00
[2026-02-13T12:56:35.904+0100] {processor.py:208} INFO - Processing /home/gianotti/Documents/CryptoETL/.venv/lib/python3.12/site-packages/airflow/example_dags/tutorial_taskflow_templates.py took 0.096 seconds
[2026-02-13T12:57:33.256+0100] {processor.py:186} INFO - Started process (PID=35185) to work on /home/gianotti/Documents/CryptoETL/.venv/lib/python3.12/site-packages/airflow/example_dags/tutorial_taskflow_templates.py
[2026-02-13T12:57:33.259+0100] {processor.py:914} INFO - Processing file /home/gianotti/Documents/CryptoETL/.venv/lib/python3.12/site-packages/airflow/example_dags/tutorial_taskflow_templates.py for tasks to queue
[2026-02-13T12:57:33.262+0100] {logging_mixin.py:190} INFO - [2026-02-13T12:57:33.262+0100] {dagbag.py:588} INFO - Filling up the DagBag from /home/gianotti/Documents/CryptoETL/.venv/lib/python3.12/site-packages/airflow/example_dags/tutorial_taskflow_templates.py
[2026-02-13T12:57:33.285+0100] {processor.py:925} INFO - DAG(s) 'tutorial_taskflow_templates' retrieved from /home/gianotti/Documents/CryptoETL/.venv/lib/python3.12/site-packages/airflow/example_dags/tutorial_taskflow_templates.py
[2026-02-13T12:57:33.310+0100] {logging_mixin.py:190} INFO - [2026-02-13T12:57:33.310+0100] {dag.py:3239} INFO - Sync 1 DAGs
[2026-02-13T12:57:33.330+0100] {logging_mixin.py:190} INFO - [2026-02-13T12:57:33.330+0100] {dag.py:4180} INFO - Setting next_dagrun for tutorial_taskflow_templates to 2026-02-12 00:00:00+00:00, run_after=2026-02-13 00:00:00+00:00
[2026-02-13T12:57:33.348+0100] {processor.py:208} INFO - Processing /home/gianotti/Documents/CryptoETL/.venv/lib/python3.12/site-packages/airflow/example_dags/tutorial_taskflow_templates.py took 0.102 seconds
[2026-02-13T12:58:29.554+0100] {processor.py:186} INFO - Started process (PID=35326) to work on /home/gianotti/Documents/CryptoETL/.venv/lib/python3.12/site-packages/airflow/example_dags/tutorial_taskflow_templates.py
[2026-02-13T12:58:29.557+0100] {processor.py:914} INFO - Processing file /home/gianotti/Documents/CryptoETL/.venv/lib/python3.12/site-packages/airflow/example_dags/tutorial_taskflow_templates.py for tasks to queue
[2026-02-13T12:58:29.560+0100] {logging_mixin.py:190} INFO - [2026-02-13T12:58:29.559+0100] {dagbag.py:588} INFO - Filling up the DagBag from /home/gianotti/Documents/CryptoETL/.venv/lib/python3.12/site-packages/airflow/example_dags/tutorial_taskflow_templates.py
[2026-02-13T12:58:29.584+0100] {processor.py:925} INFO - DAG(s) 'tutorial_taskflow_templates' retrieved from /home/gianotti/Documents/CryptoETL/.venv/lib/python3.12/site-packages/airflow/example_dags/tutorial_taskflow_templates.py
[2026-02-13T12:58:29.607+0100] {logging_mixin.py:190} INFO - [2026-02-13T12:58:29.606+0100] {dag.py:3239} INFO - Sync 1 DAGs
[2026-02-13T12:58:29.624+0100] {logging_mixin.py:190} INFO - [2026-02-13T12:58:29.624+0100] {dag.py:4180} INFO - Setting next_dagrun for tutorial_taskflow_templates to 2026-02-12 00:00:00+00:00, run_after=2026-02-13 00:00:00+00:00
[2026-02-13T12:58:29.642+0100] {processor.py:208} INFO - Processing /home/gianotti/Documents/CryptoETL/.venv/lib/python3.12/site-packages/airflow/example_dags/tutorial_taskflow_templates.py took 0.097 seconds
[2026-02-13T12:59:22.914+0100] {processor.py:186} INFO - Started process (PID=35438) to work on /home/gianotti/Documents/CryptoETL/.venv/lib/python3.12/site-packages/airflow/example_dags/tutorial_taskflow_templates.py
[2026-02-13T12:59:22.916+0100] {processor.py:914} INFO - Processing file /home/gianotti/Documents/CryptoETL/.venv/lib/python3.12/site-packages/airflow/example_dags/tutorial_taskflow_templates.py for tasks to queue
[2026-02-13T12:59:22.920+0100] {logging_mixin.py:190} INFO - [2026-02-13T12:59:22.919+0100] {dagbag.py:588} INFO - Filling up the DagBag from /home/gianotti/Documents/CryptoETL/.venv/lib/python3.12/site-packages/airflow/example_dags/tutorial_taskflow_templates.py
[2026-02-13T12:59:22.946+0100] {processor.py:925} INFO - DAG(s) 'tutorial_taskflow_templates' retrieved from /home/gianotti/Documents/CryptoETL/.venv/lib/python3.12/site-packages/airflow/example_dags/tutorial_taskflow_templates.py
[2026-02-13T12:59:22.963+0100] {logging_mixin.py:190} INFO - [2026-02-13T12:59:22.963+0100] {dag.py:3239} INFO - Sync 1 DAGs
[2026-02-13T12:59:22.979+0100] {logging_mixin.py:190} INFO - [2026-02-13T12:59:22.979+0100] {dag.py:4180} INFO - Setting next_dagrun for tutorial_taskflow_templates to 2026-02-12 00:00:00+00:00, run_after=2026-02-13 00:00:00+00:00
[2026-02-13T12:59:22.997+0100] {processor.py:208} INFO - Processing /home/gianotti/Documents/CryptoETL/.venv/lib/python3.12/site-packages/airflow/example_dags/tutorial_taskflow_templates.py took 0.092 seconds
[2026-02-13T13:00:19.668+0100] {processor.py:186} INFO - Started process (PID=35542) to work on /home/gianotti/Documents/CryptoETL/.venv/lib/python3.12/site-packages/airflow/example_dags/tutorial_taskflow_templates.py
[2026-02-13T13:00:19.668+0100] {processor.py:914} INFO - Processing file /home/gianotti/Documents/CryptoETL/.venv/lib/python3.12/site-packages/airflow/example_dags/tutorial_taskflow_templates.py for tasks to queue
[2026-02-13T13:00:19.670+0100] {logging_mixin.py:190} INFO - [2026-02-13T13:00:19.669+0100] {dagbag.py:588} INFO - Filling up the DagBag from /home/gianotti/Documents/CryptoETL/.venv/lib/python3.12/site-packages/airflow/example_dags/tutorial_taskflow_templates.py
[2026-02-13T13:00:19.685+0100] {processor.py:925} INFO - DAG(s) 'tutorial_taskflow_templates' retrieved from /home/gianotti/Documents/CryptoETL/.venv/lib/python3.12/site-packages/airflow/example_dags/tutorial_taskflow_templates.py
[2026-02-13T13:00:19.701+0100] {logging_mixin.py:190} INFO - [2026-02-13T13:00:19.701+0100] {dag.py:3239} INFO - Sync 1 DAGs
[2026-02-13T13:00:19.722+0100] {logging_mixin.py:190} INFO - [2026-02-13T13:00:19.722+0100] {dag.py:4180} INFO - Setting next_dagrun for tutorial_taskflow_templates to 2026-02-12 00:00:00+00:00, run_after=2026-02-13 00:00:00+00:00
[2026-02-13T13:00:19.740+0100] {processor.py:208} INFO - Processing /home/gianotti/Documents/CryptoETL/.venv/lib/python3.12/site-packages/airflow/example_dags/tutorial_taskflow_templates.py took 0.079 seconds
[2026-02-13T13:01:19.352+0100] {processor.py:186} INFO - Started process (PID=35659) to work on /home/gianotti/Documents/CryptoETL/.venv/lib/python3.12/site-packages/airflow/example_dags/tutorial_taskflow_templates.py
[2026-02-13T13:01:19.355+0100] {processor.py:914} INFO - Processing file /home/gianotti/Documents/CryptoETL/.venv/lib/python3.12/site-packages/airflow/example_dags/tutorial_taskflow_templates.py for tasks to queue
[2026-02-13T13:01:19.357+0100] {logging_mixin.py:190} INFO - [2026-02-13T13:01:19.356+0100] {dagbag.py:588} INFO - Filling up the DagBag from /home/gianotti/Documents/CryptoETL/.venv/lib/python3.12/site-packages/airflow/example_dags/tutorial_taskflow_templates.py
[2026-02-13T13:01:19.382+0100] {processor.py:925} INFO - DAG(s) 'tutorial_taskflow_templates' retrieved from /home/gianotti/Documents/CryptoETL/.venv/lib/python3.12/site-packages/airflow/example_dags/tutorial_taskflow_templates.py
[2026-02-13T13:01:19.406+0100] {logging_mixin.py:190} INFO - [2026-02-13T13:01:19.406+0100] {dag.py:3239} INFO - Sync 1 DAGs
[2026-02-13T13:01:19.427+0100] {logging_mixin.py:190} INFO - [2026-02-13T13:01:19.426+0100] {dag.py:4180} INFO - Setting next_dagrun for tutorial_taskflow_templates to 2026-02-12 00:00:00+00:00, run_after=2026-02-13 00:00:00+00:00
[2026-02-13T13:01:19.445+0100] {processor.py:208} INFO - Processing /home/gianotti/Documents/CryptoETL/.venv/lib/python3.12/site-packages/airflow/example_dags/tutorial_taskflow_templates.py took 0.103 seconds
[2026-02-13T13:02:18.407+0100] {processor.py:186} INFO - Started process (PID=35786) to work on /home/gianotti/Documents/CryptoETL/.venv/lib/python3.12/site-packages/airflow/example_dags/tutorial_taskflow_templates.py
[2026-02-13T13:02:18.410+0100] {processor.py:914} INFO - Processing file /home/gianotti/Documents/CryptoETL/.venv/lib/python3.12/site-packages/airflow/example_dags/tutorial_taskflow_templates.py for tasks to queue
[2026-02-13T13:02:18.412+0100] {logging_mixin.py:190} INFO - [2026-02-13T13:02:18.412+0100] {dagbag.py:588} INFO - Filling up the DagBag from /home/gianotti/Documents/CryptoETL/.venv/lib/python3.12/site-packages/airflow/example_dags/tutorial_taskflow_templates.py
[2026-02-13T13:02:18.435+0100] {processor.py:925} INFO - DAG(s) 'tutorial_taskflow_templates' retrieved from /home/gianotti/Documents/CryptoETL/.venv/lib/python3.12/site-packages/airflow/example_dags/tutorial_taskflow_templates.py
[2026-02-13T13:02:18.450+0100] {logging_mixin.py:190} INFO - [2026-02-13T13:02:18.450+0100] {dag.py:3239} INFO - Sync 1 DAGs
[2026-02-13T13:02:18.466+0100] {logging_mixin.py:190} INFO - [2026-02-13T13:02:18.466+0100] {dag.py:4180} INFO - Setting next_dagrun for tutorial_taskflow_templates to 2026-02-12 00:00:00+00:00, run_after=2026-02-13 00:00:00+00:00
[2026-02-13T13:02:18.485+0100] {processor.py:208} INFO - Processing /home/gianotti/Documents/CryptoETL/.venv/lib/python3.12/site-packages/airflow/example_dags/tutorial_taskflow_templates.py took 0.087 seconds
[2026-02-13T13:03:14.057+0100] {processor.py:186} INFO - Started process (PID=35875) to work on /home/gianotti/Documents/CryptoETL/.venv/lib/python3.12/site-packages/airflow/example_dags/tutorial_taskflow_templates.py
[2026-02-13T13:03:14.060+0100] {processor.py:914} INFO - Processing file /home/gianotti/Documents/CryptoETL/.venv/lib/python3.12/site-packages/airflow/example_dags/tutorial_taskflow_templates.py for tasks to queue
[2026-02-13T13:03:14.062+0100] {logging_mixin.py:190} INFO - [2026-02-13T13:03:14.061+0100] {dagbag.py:588} INFO - Filling up the DagBag from /home/gianotti/Documents/CryptoETL/.venv/lib/python3.12/site-packages/airflow/example_dags/tutorial_taskflow_templates.py
[2026-02-13T13:03:14.084+0100] {processor.py:925} INFO - DAG(s) 'tutorial_taskflow_templates' retrieved from /home/gianotti/Documents/CryptoETL/.venv/lib/python3.12/site-packages/airflow/example_dags/tutorial_taskflow_templates.py
[2026-02-13T13:03:14.108+0100] {logging_mixin.py:190} INFO - [2026-02-13T13:03:14.108+0100] {dag.py:3239} INFO - Sync 1 DAGs
[2026-02-13T13:03:14.128+0100] {logging_mixin.py:190} INFO - [2026-02-13T13:03:14.128+0100] {dag.py:4180} INFO - Setting next_dagrun for tutorial_taskflow_templates to 2026-02-12 00:00:00+00:00, run_after=2026-02-13 00:00:00+00:00
[2026-02-13T13:03:14.146+0100] {processor.py:208} INFO - Processing /home/gianotti/Documents/CryptoETL/.venv/lib/python3.12/site-packages/airflow/example_dags/tutorial_taskflow_templates.py took 0.098 seconds
[2026-02-13T13:04:13.136+0100] {processor.py:186} INFO - Started process (PID=36032) to work on /home/gianotti/Documents/CryptoETL/.venv/lib/python3.12/site-packages/airflow/example_dags/tutorial_taskflow_templates.py
[2026-02-13T13:04:13.138+0100] {processor.py:914} INFO - Processing file /home/gianotti/Documents/CryptoETL/.venv/lib/python3.12/site-packages/airflow/example_dags/tutorial_taskflow_templates.py for tasks to queue
[2026-02-13T13:04:13.140+0100] {logging_mixin.py:190} INFO - [2026-02-13T13:04:13.140+0100] {dagbag.py:588} INFO - Filling up the DagBag from /home/gianotti/Documents/CryptoETL/.venv/lib/python3.12/site-packages/airflow/example_dags/tutorial_taskflow_templates.py
[2026-02-13T13:04:13.166+0100] {processor.py:925} INFO - DAG(s) 'tutorial_taskflow_templates' retrieved from /home/gianotti/Documents/CryptoETL/.venv/lib/python3.12/site-packages/airflow/example_dags/tutorial_taskflow_templates.py
[2026-02-13T13:04:13.191+0100] {logging_mixin.py:190} INFO - [2026-02-13T13:04:13.191+0100] {dag.py:3239} INFO - Sync 1 DAGs
[2026-02-13T13:04:13.228+0100] {logging_mixin.py:190} INFO - [2026-02-13T13:04:13.228+0100] {dag.py:4180} INFO - Setting next_dagrun for tutorial_taskflow_templates to 2026-02-12 00:00:00+00:00, run_after=2026-02-13 00:00:00+00:00
[2026-02-13T13:04:13.261+0100] {processor.py:208} INFO - Processing /home/gianotti/Documents/CryptoETL/.venv/lib/python3.12/site-packages/airflow/example_dags/tutorial_taskflow_templates.py took 0.135 seconds
[2026-02-13T13:04:44.634+0100] {processor.py:186} INFO - Started process (PID=36093) to work on /home/gianotti/Documents/CryptoETL/.venv/lib/python3.12/site-packages/airflow/example_dags/tutorial_taskflow_templates.py
[2026-02-13T13:04:44.635+0100] {processor.py:914} INFO - Processing file /home/gianotti/Documents/CryptoETL/.venv/lib/python3.12/site-packages/airflow/example_dags/tutorial_taskflow_templates.py for tasks to queue
[2026-02-13T13:04:44.637+0100] {logging_mixin.py:190} INFO - [2026-02-13T13:04:44.636+0100] {dagbag.py:588} INFO - Filling up the DagBag from /home/gianotti/Documents/CryptoETL/.venv/lib/python3.12/site-packages/airflow/example_dags/tutorial_taskflow_templates.py
[2026-02-13T13:04:44.659+0100] {processor.py:925} INFO - DAG(s) 'tutorial_taskflow_templates' retrieved from /home/gianotti/Documents/CryptoETL/.venv/lib/python3.12/site-packages/airflow/example_dags/tutorial_taskflow_templates.py
[2026-02-13T13:04:44.683+0100] {logging_mixin.py:190} INFO - [2026-02-13T13:04:44.683+0100] {dag.py:3239} INFO - Sync 1 DAGs
[2026-02-13T13:04:44.716+0100] {logging_mixin.py:190} INFO - [2026-02-13T13:04:44.716+0100] {dag.py:4180} INFO - Setting next_dagrun for tutorial_taskflow_templates to 2026-02-12 00:00:00+00:00, run_after=2026-02-13 00:00:00+00:00
[2026-02-13T13:04:44.748+0100] {processor.py:208} INFO - Processing /home/gianotti/Documents/CryptoETL/.venv/lib/python3.12/site-packages/airflow/example_dags/tutorial_taskflow_templates.py took 0.123 seconds
[2026-02-13T13:05:17.661+0100] {processor.py:186} INFO - Started process (PID=36153) to work on /home/gianotti/Documents/CryptoETL/.venv/lib/python3.12/site-packages/airflow/example_dags/tutorial_taskflow_templates.py
[2026-02-13T13:05:17.664+0100] {processor.py:914} INFO - Processing file /home/gianotti/Documents/CryptoETL/.venv/lib/python3.12/site-packages/airflow/example_dags/tutorial_taskflow_templates.py for tasks to queue
[2026-02-13T13:05:17.666+0100] {logging_mixin.py:190} INFO - [2026-02-13T13:05:17.665+0100] {dagbag.py:588} INFO - Filling up the DagBag from /home/gianotti/Documents/CryptoETL/.venv/lib/python3.12/site-packages/airflow/example_dags/tutorial_taskflow_templates.py
[2026-02-13T13:05:17.693+0100] {processor.py:925} INFO - DAG(s) 'tutorial_taskflow_templates' retrieved from /home/gianotti/Documents/CryptoETL/.venv/lib/python3.12/site-packages/airflow/example_dags/tutorial_taskflow_templates.py
[2026-02-13T13:05:17.722+0100] {logging_mixin.py:190} INFO - [2026-02-13T13:05:17.722+0100] {dag.py:3239} INFO - Sync 1 DAGs
[2026-02-13T13:05:17.759+0100] {logging_mixin.py:190} INFO - [2026-02-13T13:05:17.759+0100] {dag.py:4180} INFO - Setting next_dagrun for tutorial_taskflow_templates to 2026-02-12 00:00:00+00:00, run_after=2026-02-13 00:00:00+00:00
[2026-02-13T13:05:17.793+0100] {processor.py:208} INFO - Processing /home/gianotti/Documents/CryptoETL/.venv/lib/python3.12/site-packages/airflow/example_dags/tutorial_taskflow_templates.py took 0.143 seconds
[2026-02-13T13:05:49.353+0100] {processor.py:186} INFO - Started process (PID=36204) to work on /home/gianotti/Documents/CryptoETL/.venv/lib/python3.12/site-packages/airflow/example_dags/tutorial_taskflow_templates.py
[2026-02-13T13:05:49.355+0100] {processor.py:914} INFO - Processing file /home/gianotti/Documents/CryptoETL/.venv/lib/python3.12/site-packages/airflow/example_dags/tutorial_taskflow_templates.py for tasks to queue
[2026-02-13T13:05:49.357+0100] {logging_mixin.py:190} INFO - [2026-02-13T13:05:49.356+0100] {dagbag.py:588} INFO - Filling up the DagBag from /home/gianotti/Documents/CryptoETL/.venv/lib/python3.12/site-packages/airflow/example_dags/tutorial_taskflow_templates.py
[2026-02-13T13:05:49.380+0100] {processor.py:925} INFO - DAG(s) 'tutorial_taskflow_templates' retrieved from /home/gianotti/Documents/CryptoETL/.venv/lib/python3.12/site-packages/airflow/example_dags/tutorial_taskflow_templates.py
[2026-02-13T13:05:49.406+0100] {logging_mixin.py:190} INFO - [2026-02-13T13:05:49.405+0100] {dag.py:3239} INFO - Sync 1 DAGs
[2026-02-13T13:05:49.439+0100] {logging_mixin.py:190} INFO - [2026-02-13T13:05:49.439+0100] {dag.py:4180} INFO - Setting next_dagrun for tutorial_taskflow_templates to 2026-02-12 00:00:00+00:00, run_after=2026-02-13 00:00:00+00:00
[2026-02-13T13:05:49.471+0100] {processor.py:208} INFO - Processing /home/gianotti/Documents/CryptoETL/.venv/lib/python3.12/site-packages/airflow/example_dags/tutorial_taskflow_templates.py took 0.127 seconds
[2026-02-13T13:06:22.138+0100] {processor.py:186} INFO - Started process (PID=36265) to work on /home/gianotti/Documents/CryptoETL/.venv/lib/python3.12/site-packages/airflow/example_dags/tutorial_taskflow_templates.py
[2026-02-13T13:06:22.140+0100] {processor.py:914} INFO - Processing file /home/gianotti/Documents/CryptoETL/.venv/lib/python3.12/site-packages/airflow/example_dags/tutorial_taskflow_templates.py for tasks to queue
[2026-02-13T13:06:22.142+0100] {logging_mixin.py:190} INFO - [2026-02-13T13:06:22.141+0100] {dagbag.py:588} INFO - Filling up the DagBag from /home/gianotti/Documents/CryptoETL/.venv/lib/python3.12/site-packages/airflow/example_dags/tutorial_taskflow_templates.py
[2026-02-13T13:06:22.169+0100] {processor.py:925} INFO - DAG(s) 'tutorial_taskflow_templates' retrieved from /home/gianotti/Documents/CryptoETL/.venv/lib/python3.12/site-packages/airflow/example_dags/tutorial_taskflow_templates.py
[2026-02-13T13:06:22.206+0100] {logging_mixin.py:190} INFO - [2026-02-13T13:06:22.205+0100] {dag.py:3239} INFO - Sync 1 DAGs
[2026-02-13T13:06:22.249+0100] {logging_mixin.py:190} INFO - [2026-02-13T13:06:22.248+0100] {dag.py:4180} INFO - Setting next_dagrun for tutorial_taskflow_templates to 2026-02-12 00:00:00+00:00, run_after=2026-02-13 00:00:00+00:00
[2026-02-13T13:06:22.287+0100] {processor.py:208} INFO - Processing /home/gianotti/Documents/CryptoETL/.venv/lib/python3.12/site-packages/airflow/example_dags/tutorial_taskflow_templates.py took 0.159 seconds
[2026-02-13T13:06:55.498+0100] {processor.py:186} INFO - Started process (PID=36311) to work on /home/gianotti/Documents/CryptoETL/.venv/lib/python3.12/site-packages/airflow/example_dags/tutorial_taskflow_templates.py
[2026-02-13T13:06:55.501+0100] {processor.py:914} INFO - Processing file /home/gianotti/Documents/CryptoETL/.venv/lib/python3.12/site-packages/airflow/example_dags/tutorial_taskflow_templates.py for tasks to queue
[2026-02-13T13:06:55.503+0100] {logging_mixin.py:190} INFO - [2026-02-13T13:06:55.502+0100] {dagbag.py:588} INFO - Filling up the DagBag from /home/gianotti/Documents/CryptoETL/.venv/lib/python3.12/site-packages/airflow/example_dags/tutorial_taskflow_templates.py
[2026-02-13T13:06:55.527+0100] {processor.py:925} INFO - DAG(s) 'tutorial_taskflow_templates' retrieved from /home/gianotti/Documents/CryptoETL/.venv/lib/python3.12/site-packages/airflow/example_dags/tutorial_taskflow_templates.py
[2026-02-13T13:06:55.556+0100] {logging_mixin.py:190} INFO - [2026-02-13T13:06:55.555+0100] {dag.py:3239} INFO - Sync 1 DAGs
[2026-02-13T13:06:55.596+0100] {logging_mixin.py:190} INFO - [2026-02-13T13:06:55.595+0100] {dag.py:4180} INFO - Setting next_dagrun for tutorial_taskflow_templates to 2026-02-12 00:00:00+00:00, run_after=2026-02-13 00:00:00+00:00
[2026-02-13T13:06:55.633+0100] {processor.py:208} INFO - Processing /home/gianotti/Documents/CryptoETL/.venv/lib/python3.12/site-packages/airflow/example_dags/tutorial_taskflow_templates.py took 0.145 seconds
[2026-02-13T13:07:29.647+0100] {processor.py:186} INFO - Started process (PID=36345) to work on /home/gianotti/Documents/CryptoETL/.venv/lib/python3.12/site-packages/airflow/example_dags/tutorial_taskflow_templates.py
[2026-02-13T13:07:29.650+0100] {processor.py:914} INFO - Processing file /home/gianotti/Documents/CryptoETL/.venv/lib/python3.12/site-packages/airflow/example_dags/tutorial_taskflow_templates.py for tasks to queue
[2026-02-13T13:07:29.651+0100] {logging_mixin.py:190} INFO - [2026-02-13T13:07:29.651+0100] {dagbag.py:588} INFO - Filling up the DagBag from /home/gianotti/Documents/CryptoETL/.venv/lib/python3.12/site-packages/airflow/example_dags/tutorial_taskflow_templates.py
[2026-02-13T13:07:29.674+0100] {processor.py:925} INFO - DAG(s) 'tutorial_taskflow_templates' retrieved from /home/gianotti/Documents/CryptoETL/.venv/lib/python3.12/site-packages/airflow/example_dags/tutorial_taskflow_templates.py
[2026-02-13T13:07:29.699+0100] {logging_mixin.py:190} INFO - [2026-02-13T13:07:29.699+0100] {dag.py:3239} INFO - Sync 1 DAGs
[2026-02-13T13:07:29.734+0100] {logging_mixin.py:190} INFO - [2026-02-13T13:07:29.733+0100] {dag.py:4180} INFO - Setting next_dagrun for tutorial_taskflow_templates to 2026-02-12 00:00:00+00:00, run_after=2026-02-13 00:00:00+00:00
[2026-02-13T13:07:29.764+0100] {processor.py:208} INFO - Processing /home/gianotti/Documents/CryptoETL/.venv/lib/python3.12/site-packages/airflow/example_dags/tutorial_taskflow_templates.py took 0.127 seconds
[2026-02-13T13:08:05.963+0100] {processor.py:186} INFO - Started process (PID=36399) to work on /home/gianotti/Documents/CryptoETL/.venv/lib/python3.12/site-packages/airflow/example_dags/tutorial_taskflow_templates.py
[2026-02-13T13:08:05.965+0100] {processor.py:914} INFO - Processing file /home/gianotti/Documents/CryptoETL/.venv/lib/python3.12/site-packages/airflow/example_dags/tutorial_taskflow_templates.py for tasks to queue
[2026-02-13T13:08:05.967+0100] {logging_mixin.py:190} INFO - [2026-02-13T13:08:05.966+0100] {dagbag.py:588} INFO - Filling up the DagBag from /home/gianotti/Documents/CryptoETL/.venv/lib/python3.12/site-packages/airflow/example_dags/tutorial_taskflow_templates.py
[2026-02-13T13:08:05.990+0100] {processor.py:925} INFO - DAG(s) 'tutorial_taskflow_templates' retrieved from /home/gianotti/Documents/CryptoETL/.venv/lib/python3.12/site-packages/airflow/example_dags/tutorial_taskflow_templates.py
[2026-02-13T13:08:06.016+0100] {logging_mixin.py:190} INFO - [2026-02-13T13:08:06.015+0100] {dag.py:3239} INFO - Sync 1 DAGs
[2026-02-13T13:08:06.050+0100] {logging_mixin.py:190} INFO - [2026-02-13T13:08:06.050+0100] {dag.py:4180} INFO - Setting next_dagrun for tutorial_taskflow_templates to 2026-02-12 00:00:00+00:00, run_after=2026-02-13 00:00:00+00:00
[2026-02-13T13:08:06.082+0100] {processor.py:208} INFO - Processing /home/gianotti/Documents/CryptoETL/.venv/lib/python3.12/site-packages/airflow/example_dags/tutorial_taskflow_templates.py took 0.128 seconds
[2026-02-13T13:08:38.699+0100] {processor.py:186} INFO - Started process (PID=36474) to work on /home/gianotti/Documents/CryptoETL/.venv/lib/python3.12/site-packages/airflow/example_dags/tutorial_taskflow_templates.py
[2026-02-13T13:08:38.701+0100] {processor.py:914} INFO - Processing file /home/gianotti/Documents/CryptoETL/.venv/lib/python3.12/site-packages/airflow/example_dags/tutorial_taskflow_templates.py for tasks to queue
[2026-02-13T13:08:38.703+0100] {logging_mixin.py:190} INFO - [2026-02-13T13:08:38.702+0100] {dagbag.py:588} INFO - Filling up the DagBag from /home/gianotti/Documents/CryptoETL/.venv/lib/python3.12/site-packages/airflow/example_dags/tutorial_taskflow_templates.py
[2026-02-13T13:08:38.727+0100] {processor.py:925} INFO - DAG(s) 'tutorial_taskflow_templates' retrieved from /home/gianotti/Documents/CryptoETL/.venv/lib/python3.12/site-packages/airflow/example_dags/tutorial_taskflow_templates.py
[2026-02-13T13:08:38.751+0100] {logging_mixin.py:190} INFO - [2026-02-13T13:08:38.751+0100] {dag.py:3239} INFO - Sync 1 DAGs
[2026-02-13T13:08:38.786+0100] {logging_mixin.py:190} INFO - [2026-02-13T13:08:38.785+0100] {dag.py:4180} INFO - Setting next_dagrun for tutorial_taskflow_templates to 2026-02-12 00:00:00+00:00, run_after=2026-02-13 00:00:00+00:00
[2026-02-13T13:08:38.820+0100] {processor.py:208} INFO - Processing /home/gianotti/Documents/CryptoETL/.venv/lib/python3.12/site-packages/airflow/example_dags/tutorial_taskflow_templates.py took 0.130 seconds
[2026-02-13T13:09:10.616+0100] {processor.py:186} INFO - Started process (PID=36535) to work on /home/gianotti/Documents/CryptoETL/.venv/lib/python3.12/site-packages/airflow/example_dags/tutorial_taskflow_templates.py
[2026-02-13T13:09:10.619+0100] {processor.py:914} INFO - Processing file /home/gianotti/Documents/CryptoETL/.venv/lib/python3.12/site-packages/airflow/example_dags/tutorial_taskflow_templates.py for tasks to queue
[2026-02-13T13:09:10.620+0100] {logging_mixin.py:190} INFO - [2026-02-13T13:09:10.620+0100] {dagbag.py:588} INFO - Filling up the DagBag from /home/gianotti/Documents/CryptoETL/.venv/lib/python3.12/site-packages/airflow/example_dags/tutorial_taskflow_templates.py
[2026-02-13T13:09:10.643+0100] {processor.py:925} INFO - DAG(s) 'tutorial_taskflow_templates' retrieved from /home/gianotti/Documents/CryptoETL/.venv/lib/python3.12/site-packages/airflow/example_dags/tutorial_taskflow_templates.py
[2026-02-13T13:09:10.668+0100] {logging_mixin.py:190} INFO - [2026-02-13T13:09:10.667+0100] {dag.py:3239} INFO - Sync 1 DAGs
[2026-02-13T13:09:10.700+0100] {logging_mixin.py:190} INFO - [2026-02-13T13:09:10.700+0100] {dag.py:4180} INFO - Setting next_dagrun for tutorial_taskflow_templates to 2026-02-12 00:00:00+00:00, run_after=2026-02-13 00:00:00+00:00
[2026-02-13T13:09:10.732+0100] {processor.py:208} INFO - Processing /home/gianotti/Documents/CryptoETL/.venv/lib/python3.12/site-packages/airflow/example_dags/tutorial_taskflow_templates.py took 0.125 seconds
[2026-02-13T13:09:46.447+0100] {processor.py:186} INFO - Started process (PID=36602) to work on /home/gianotti/Documents/CryptoETL/.venv/lib/python3.12/site-packages/airflow/example_dags/tutorial_taskflow_templates.py
[2026-02-13T13:09:46.450+0100] {processor.py:914} INFO - Processing file /home/gianotti/Documents/CryptoETL/.venv/lib/python3.12/site-packages/airflow/example_dags/tutorial_taskflow_templates.py for tasks to queue
[2026-02-13T13:09:46.453+0100] {logging_mixin.py:190} INFO - [2026-02-13T13:09:46.452+0100] {dagbag.py:588} INFO - Filling up the DagBag from /home/gianotti/Documents/CryptoETL/.venv/lib/python3.12/site-packages/airflow/example_dags/tutorial_taskflow_templates.py
[2026-02-13T13:09:46.477+0100] {processor.py:925} INFO - DAG(s) 'tutorial_taskflow_templates' retrieved from /home/gianotti/Documents/CryptoETL/.venv/lib/python3.12/site-packages/airflow/example_dags/tutorial_taskflow_templates.py
[2026-02-13T13:09:46.502+0100] {logging_mixin.py:190} INFO - [2026-02-13T13:09:46.502+0100] {dag.py:3239} INFO - Sync 1 DAGs
[2026-02-13T13:09:46.539+0100] {logging_mixin.py:190} INFO - [2026-02-13T13:09:46.539+0100] {dag.py:4180} INFO - Setting next_dagrun for tutorial_taskflow_templates to 2026-02-12 00:00:00+00:00, run_after=2026-02-13 00:00:00+00:00
[2026-02-13T13:09:46.575+0100] {processor.py:208} INFO - Processing /home/gianotti/Documents/CryptoETL/.venv/lib/python3.12/site-packages/airflow/example_dags/tutorial_taskflow_templates.py took 0.138 seconds
[2026-02-13T13:10:21.845+0100] {processor.py:186} INFO - Started process (PID=36663) to work on /home/gianotti/Documents/CryptoETL/.venv/lib/python3.12/site-packages/airflow/example_dags/tutorial_taskflow_templates.py
[2026-02-13T13:10:21.848+0100] {processor.py:914} INFO - Processing file /home/gianotti/Documents/CryptoETL/.venv/lib/python3.12/site-packages/airflow/example_dags/tutorial_taskflow_templates.py for tasks to queue
[2026-02-13T13:10:21.851+0100] {logging_mixin.py:190} INFO - [2026-02-13T13:10:21.850+0100] {dagbag.py:588} INFO - Filling up the DagBag from /home/gianotti/Documents/CryptoETL/.venv/lib/python3.12/site-packages/airflow/example_dags/tutorial_taskflow_templates.py
[2026-02-13T13:10:21.874+0100] {processor.py:925} INFO - DAG(s) 'tutorial_taskflow_templates' retrieved from /home/gianotti/Documents/CryptoETL/.venv/lib/python3.12/site-packages/airflow/example_dags/tutorial_taskflow_templates.py
[2026-02-13T13:10:21.899+0100] {logging_mixin.py:190} INFO - [2026-02-13T13:10:21.899+0100] {dag.py:3239} INFO - Sync 1 DAGs
[2026-02-13T13:10:21.932+0100] {logging_mixin.py:190} INFO - [2026-02-13T13:10:21.932+0100] {dag.py:4180} INFO - Setting next_dagrun for tutorial_taskflow_templates to 2026-02-12 00:00:00+00:00, run_after=2026-02-13 00:00:00+00:00
[2026-02-13T13:10:21.963+0100] {processor.py:208} INFO - Processing /home/gianotti/Documents/CryptoETL/.venv/lib/python3.12/site-packages/airflow/example_dags/tutorial_taskflow_templates.py took 0.128 seconds
[2026-02-13T13:10:54.762+0100] {processor.py:186} INFO - Started process (PID=36720) to work on /home/gianotti/Documents/CryptoETL/.venv/lib/python3.12/site-packages/airflow/example_dags/tutorial_taskflow_templates.py
[2026-02-13T13:10:54.765+0100] {processor.py:914} INFO - Processing file /home/gianotti/Documents/CryptoETL/.venv/lib/python3.12/site-packages/airflow/example_dags/tutorial_taskflow_templates.py for tasks to queue
[2026-02-13T13:10:54.767+0100] {logging_mixin.py:190} INFO - [2026-02-13T13:10:54.766+0100] {dagbag.py:588} INFO - Filling up the DagBag from /home/gianotti/Documents/CryptoETL/.venv/lib/python3.12/site-packages/airflow/example_dags/tutorial_taskflow_templates.py
[2026-02-13T13:10:54.789+0100] {processor.py:925} INFO - DAG(s) 'tutorial_taskflow_templates' retrieved from /home/gianotti/Documents/CryptoETL/.venv/lib/python3.12/site-packages/airflow/example_dags/tutorial_taskflow_templates.py
[2026-02-13T13:10:54.816+0100] {logging_mixin.py:190} INFO - [2026-02-13T13:10:54.816+0100] {dag.py:3239} INFO - Sync 1 DAGs
[2026-02-13T13:10:54.852+0100] {logging_mixin.py:190} INFO - [2026-02-13T13:10:54.851+0100] {dag.py:4180} INFO - Setting next_dagrun for tutorial_taskflow_templates to 2026-02-12 00:00:00+00:00, run_after=2026-02-13 00:00:00+00:00
[2026-02-13T13:10:54.886+0100] {processor.py:208} INFO - Processing /home/gianotti/Documents/CryptoETL/.venv/lib/python3.12/site-packages/airflow/example_dags/tutorial_taskflow_templates.py took 0.134 seconds
[2026-02-13T13:11:26.933+0100] {processor.py:186} INFO - Started process (PID=36759) to work on /home/gianotti/Documents/CryptoETL/.venv/lib/python3.12/site-packages/airflow/example_dags/tutorial_taskflow_templates.py
[2026-02-13T13:11:26.934+0100] {processor.py:914} INFO - Processing file /home/gianotti/Documents/CryptoETL/.venv/lib/python3.12/site-packages/airflow/example_dags/tutorial_taskflow_templates.py for tasks to queue
[2026-02-13T13:11:26.936+0100] {logging_mixin.py:190} INFO - [2026-02-13T13:11:26.935+0100] {dagbag.py:588} INFO - Filling up the DagBag from /home/gianotti/Documents/CryptoETL/.venv/lib/python3.12/site-packages/airflow/example_dags/tutorial_taskflow_templates.py
[2026-02-13T13:11:26.959+0100] {processor.py:925} INFO - DAG(s) 'tutorial_taskflow_templates' retrieved from /home/gianotti/Documents/CryptoETL/.venv/lib/python3.12/site-packages/airflow/example_dags/tutorial_taskflow_templates.py
[2026-02-13T13:11:26.985+0100] {logging_mixin.py:190} INFO - [2026-02-13T13:11:26.985+0100] {dag.py:3239} INFO - Sync 1 DAGs
[2026-02-13T13:11:27.018+0100] {logging_mixin.py:190} INFO - [2026-02-13T13:11:27.018+0100] {dag.py:4180} INFO - Setting next_dagrun for tutorial_taskflow_templates to 2026-02-12 00:00:00+00:00, run_after=2026-02-13 00:00:00+00:00
[2026-02-13T13:11:27.050+0100] {processor.py:208} INFO - Processing /home/gianotti/Documents/CryptoETL/.venv/lib/python3.12/site-packages/airflow/example_dags/tutorial_taskflow_templates.py took 0.128 seconds
[2026-02-13T13:12:00.835+0100] {processor.py:186} INFO - Started process (PID=36822) to work on /home/gianotti/Documents/CryptoETL/.venv/lib/python3.12/site-packages/airflow/example_dags/tutorial_taskflow_templates.py
[2026-02-13T13:12:00.839+0100] {processor.py:914} INFO - Processing file /home/gianotti/Documents/CryptoETL/.venv/lib/python3.12/site-packages/airflow/example_dags/tutorial_taskflow_templates.py for tasks to queue
[2026-02-13T13:12:00.841+0100] {logging_mixin.py:190} INFO - [2026-02-13T13:12:00.840+0100] {dagbag.py:588} INFO - Filling up the DagBag from /home/gianotti/Documents/CryptoETL/.venv/lib/python3.12/site-packages/airflow/example_dags/tutorial_taskflow_templates.py
[2026-02-13T13:12:00.865+0100] {processor.py:925} INFO - DAG(s) 'tutorial_taskflow_templates' retrieved from /home/gianotti/Documents/CryptoETL/.venv/lib/python3.12/site-packages/airflow/example_dags/tutorial_taskflow_templates.py
[2026-02-13T13:12:00.890+0100] {logging_mixin.py:190} INFO - [2026-02-13T13:12:00.890+0100] {dag.py:3239} INFO - Sync 1 DAGs
[2026-02-13T13:12:00.925+0100] {logging_mixin.py:190} INFO - [2026-02-13T13:12:00.925+0100] {dag.py:4180} INFO - Setting next_dagrun for tutorial_taskflow_templates to 2026-02-12 00:00:00+00:00, run_after=2026-02-13 00:00:00+00:00
[2026-02-13T13:12:00.957+0100] {processor.py:208} INFO - Processing /home/gianotti/Documents/CryptoETL/.venv/lib/python3.12/site-packages/airflow/example_dags/tutorial_taskflow_templates.py took 0.131 seconds
[2026-02-13T13:12:33.683+0100] {processor.py:186} INFO - Started process (PID=36885) to work on /home/gianotti/Documents/CryptoETL/.venv/lib/python3.12/site-packages/airflow/example_dags/tutorial_taskflow_templates.py
[2026-02-13T13:12:33.685+0100] {processor.py:914} INFO - Processing file /home/gianotti/Documents/CryptoETL/.venv/lib/python3.12/site-packages/airflow/example_dags/tutorial_taskflow_templates.py for tasks to queue
[2026-02-13T13:12:33.688+0100] {logging_mixin.py:190} INFO - [2026-02-13T13:12:33.687+0100] {dagbag.py:588} INFO - Filling up the DagBag from /home/gianotti/Documents/CryptoETL/.venv/lib/python3.12/site-packages/airflow/example_dags/tutorial_taskflow_templates.py
[2026-02-13T13:12:33.712+0100] {processor.py:925} INFO - DAG(s) 'tutorial_taskflow_templates' retrieved from /home/gianotti/Documents/CryptoETL/.venv/lib/python3.12/site-packages/airflow/example_dags/tutorial_taskflow_templates.py
[2026-02-13T13:12:33.736+0100] {logging_mixin.py:190} INFO - [2026-02-13T13:12:33.736+0100] {dag.py:3239} INFO - Sync 1 DAGs
[2026-02-13T13:12:33.771+0100] {logging_mixin.py:190} INFO - [2026-02-13T13:12:33.771+0100] {dag.py:4180} INFO - Setting next_dagrun for tutorial_taskflow_templates to 2026-02-12 00:00:00+00:00, run_after=2026-02-13 00:00:00+00:00
[2026-02-13T13:12:33.804+0100] {processor.py:208} INFO - Processing /home/gianotti/Documents/CryptoETL/.venv/lib/python3.12/site-packages/airflow/example_dags/tutorial_taskflow_templates.py took 0.131 seconds
[2026-02-13T13:13:36.276+0100] {processor.py:186} INFO - Started process (PID=37021) to work on /home/gianotti/Documents/CryptoETL/.venv/lib/python3.12/site-packages/airflow/example_dags/tutorial_taskflow_templates.py
[2026-02-13T13:13:36.278+0100] {processor.py:914} INFO - Processing file /home/gianotti/Documents/CryptoETL/.venv/lib/python3.12/site-packages/airflow/example_dags/tutorial_taskflow_templates.py for tasks to queue
[2026-02-13T13:13:36.279+0100] {logging_mixin.py:190} INFO - [2026-02-13T13:13:36.279+0100] {dagbag.py:588} INFO - Filling up the DagBag from /home/gianotti/Documents/CryptoETL/.venv/lib/python3.12/site-packages/airflow/example_dags/tutorial_taskflow_templates.py
[2026-02-13T13:13:36.303+0100] {processor.py:925} INFO - DAG(s) 'tutorial_taskflow_templates' retrieved from /home/gianotti/Documents/CryptoETL/.venv/lib/python3.12/site-packages/airflow/example_dags/tutorial_taskflow_templates.py
[2026-02-13T13:13:36.328+0100] {logging_mixin.py:190} INFO - [2026-02-13T13:13:36.327+0100] {dag.py:3239} INFO - Sync 1 DAGs
[2026-02-13T13:13:36.364+0100] {logging_mixin.py:190} INFO - [2026-02-13T13:13:36.363+0100] {dag.py:4180} INFO - Setting next_dagrun for tutorial_taskflow_templates to 2026-02-12 00:00:00+00:00, run_after=2026-02-13 00:00:00+00:00
[2026-02-13T13:13:36.396+0100] {processor.py:208} INFO - Processing /home/gianotti/Documents/CryptoETL/.venv/lib/python3.12/site-packages/airflow/example_dags/tutorial_taskflow_templates.py took 0.129 seconds
[2026-02-13T13:14:08.305+0100] {processor.py:186} INFO - Started process (PID=37120) to work on /home/gianotti/Documents/CryptoETL/.venv/lib/python3.12/site-packages/airflow/example_dags/tutorial_taskflow_templates.py
[2026-02-13T13:14:08.308+0100] {processor.py:914} INFO - Processing file /home/gianotti/Documents/CryptoETL/.venv/lib/python3.12/site-packages/airflow/example_dags/tutorial_taskflow_templates.py for tasks to queue
[2026-02-13T13:14:08.311+0100] {logging_mixin.py:190} INFO - [2026-02-13T13:14:08.310+0100] {dagbag.py:588} INFO - Filling up the DagBag from /home/gianotti/Documents/CryptoETL/.venv/lib/python3.12/site-packages/airflow/example_dags/tutorial_taskflow_templates.py
[2026-02-13T13:14:08.348+0100] {processor.py:925} INFO - DAG(s) 'tutorial_taskflow_templates' retrieved from /home/gianotti/Documents/CryptoETL/.venv/lib/python3.12/site-packages/airflow/example_dags/tutorial_taskflow_templates.py
[2026-02-13T13:14:08.393+0100] {logging_mixin.py:190} INFO - [2026-02-13T13:14:08.393+0100] {dag.py:3239} INFO - Sync 1 DAGs
[2026-02-13T13:14:08.443+0100] {logging_mixin.py:190} INFO - [2026-02-13T13:14:08.442+0100] {dag.py:4180} INFO - Setting next_dagrun for tutorial_taskflow_templates to 2026-02-12 00:00:00+00:00, run_after=2026-02-13 00:00:00+00:00
[2026-02-13T13:14:08.481+0100] {processor.py:208} INFO - Processing /home/gianotti/Documents/CryptoETL/.venv/lib/python3.12/site-packages/airflow/example_dags/tutorial_taskflow_templates.py took 0.189 seconds
[2026-02-13T13:14:41.299+0100] {processor.py:186} INFO - Started process (PID=37205) to work on /home/gianotti/Documents/CryptoETL/.venv/lib/python3.12/site-packages/airflow/example_dags/tutorial_taskflow_templates.py
[2026-02-13T13:14:41.302+0100] {processor.py:914} INFO - Processing file /home/gianotti/Documents/CryptoETL/.venv/lib/python3.12/site-packages/airflow/example_dags/tutorial_taskflow_templates.py for tasks to queue
[2026-02-13T13:14:41.304+0100] {logging_mixin.py:190} INFO - [2026-02-13T13:14:41.304+0100] {dagbag.py:588} INFO - Filling up the DagBag from /home/gianotti/Documents/CryptoETL/.venv/lib/python3.12/site-packages/airflow/example_dags/tutorial_taskflow_templates.py
[2026-02-13T13:14:41.327+0100] {processor.py:925} INFO - DAG(s) 'tutorial_taskflow_templates' retrieved from /home/gianotti/Documents/CryptoETL/.venv/lib/python3.12/site-packages/airflow/example_dags/tutorial_taskflow_templates.py
[2026-02-13T13:14:41.351+0100] {logging_mixin.py:190} INFO - [2026-02-13T13:14:41.351+0100] {dag.py:3239} INFO - Sync 1 DAGs
[2026-02-13T13:14:41.385+0100] {logging_mixin.py:190} INFO - [2026-02-13T13:14:41.385+0100] {dag.py:4180} INFO - Setting next_dagrun for tutorial_taskflow_templates to 2026-02-12 00:00:00+00:00, run_after=2026-02-13 00:00:00+00:00
[2026-02-13T13:14:41.415+0100] {processor.py:208} INFO - Processing /home/gianotti/Documents/CryptoETL/.venv/lib/python3.12/site-packages/airflow/example_dags/tutorial_taskflow_templates.py took 0.126 seconds
[2026-02-13T13:15:13.775+0100] {processor.py:186} INFO - Started process (PID=37244) to work on /home/gianotti/Documents/CryptoETL/.venv/lib/python3.12/site-packages/airflow/example_dags/tutorial_taskflow_templates.py
[2026-02-13T13:15:13.777+0100] {processor.py:914} INFO - Processing file /home/gianotti/Documents/CryptoETL/.venv/lib/python3.12/site-packages/airflow/example_dags/tutorial_taskflow_templates.py for tasks to queue
[2026-02-13T13:15:13.780+0100] {logging_mixin.py:190} INFO - [2026-02-13T13:15:13.779+0100] {dagbag.py:588} INFO - Filling up the DagBag from /home/gianotti/Documents/CryptoETL/.venv/lib/python3.12/site-packages/airflow/example_dags/tutorial_taskflow_templates.py
[2026-02-13T13:15:13.805+0100] {processor.py:925} INFO - DAG(s) 'tutorial_taskflow_templates' retrieved from /home/gianotti/Documents/CryptoETL/.venv/lib/python3.12/site-packages/airflow/example_dags/tutorial_taskflow_templates.py
[2026-02-13T13:15:13.830+0100] {logging_mixin.py:190} INFO - [2026-02-13T13:15:13.829+0100] {dag.py:3239} INFO - Sync 1 DAGs
[2026-02-13T13:15:13.863+0100] {logging_mixin.py:190} INFO - [2026-02-13T13:15:13.863+0100] {dag.py:4180} INFO - Setting next_dagrun for tutorial_taskflow_templates to 2026-02-12 00:00:00+00:00, run_after=2026-02-13 00:00:00+00:00
[2026-02-13T13:15:13.896+0100] {processor.py:208} INFO - Processing /home/gianotti/Documents/CryptoETL/.venv/lib/python3.12/site-packages/airflow/example_dags/tutorial_taskflow_templates.py took 0.130 seconds
[2026-02-13T13:15:47.789+0100] {processor.py:186} INFO - Started process (PID=37337) to work on /home/gianotti/Documents/CryptoETL/.venv/lib/python3.12/site-packages/airflow/example_dags/tutorial_taskflow_templates.py
[2026-02-13T13:15:47.790+0100] {processor.py:914} INFO - Processing file /home/gianotti/Documents/CryptoETL/.venv/lib/python3.12/site-packages/airflow/example_dags/tutorial_taskflow_templates.py for tasks to queue
[2026-02-13T13:15:47.792+0100] {logging_mixin.py:190} INFO - [2026-02-13T13:15:47.791+0100] {dagbag.py:588} INFO - Filling up the DagBag from /home/gianotti/Documents/CryptoETL/.venv/lib/python3.12/site-packages/airflow/example_dags/tutorial_taskflow_templates.py
[2026-02-13T13:15:47.814+0100] {processor.py:925} INFO - DAG(s) 'tutorial_taskflow_templates' retrieved from /home/gianotti/Documents/CryptoETL/.venv/lib/python3.12/site-packages/airflow/example_dags/tutorial_taskflow_templates.py
[2026-02-13T13:15:47.849+0100] {logging_mixin.py:190} INFO - [2026-02-13T13:15:47.848+0100] {dag.py:3239} INFO - Sync 1 DAGs
[2026-02-13T13:15:47.885+0100] {logging_mixin.py:190} INFO - [2026-02-13T13:15:47.884+0100] {dag.py:4180} INFO - Setting next_dagrun for tutorial_taskflow_templates to 2026-02-12 00:00:00+00:00, run_after=2026-02-13 00:00:00+00:00
[2026-02-13T13:15:47.925+0100] {processor.py:208} INFO - Processing /home/gianotti/Documents/CryptoETL/.venv/lib/python3.12/site-packages/airflow/example_dags/tutorial_taskflow_templates.py took 0.148 seconds
[2026-02-13T13:16:21.499+0100] {processor.py:186} INFO - Started process (PID=37434) to work on /home/gianotti/Documents/CryptoETL/.venv/lib/python3.12/site-packages/airflow/example_dags/tutorial_taskflow_templates.py
[2026-02-13T13:16:21.503+0100] {processor.py:914} INFO - Processing file /home/gianotti/Documents/CryptoETL/.venv/lib/python3.12/site-packages/airflow/example_dags/tutorial_taskflow_templates.py for tasks to queue
[2026-02-13T13:16:21.505+0100] {logging_mixin.py:190} INFO - [2026-02-13T13:16:21.504+0100] {dagbag.py:588} INFO - Filling up the DagBag from /home/gianotti/Documents/CryptoETL/.venv/lib/python3.12/site-packages/airflow/example_dags/tutorial_taskflow_templates.py
[2026-02-13T13:16:21.528+0100] {processor.py:925} INFO - DAG(s) 'tutorial_taskflow_templates' retrieved from /home/gianotti/Documents/CryptoETL/.venv/lib/python3.12/site-packages/airflow/example_dags/tutorial_taskflow_templates.py
[2026-02-13T13:16:21.553+0100] {logging_mixin.py:190} INFO - [2026-02-13T13:16:21.553+0100] {dag.py:3239} INFO - Sync 1 DAGs
[2026-02-13T13:16:21.588+0100] {logging_mixin.py:190} INFO - [2026-02-13T13:16:21.587+0100] {dag.py:4180} INFO - Setting next_dagrun for tutorial_taskflow_templates to 2026-02-12 00:00:00+00:00, run_after=2026-02-13 00:00:00+00:00
[2026-02-13T13:16:21.620+0100] {processor.py:208} INFO - Processing /home/gianotti/Documents/CryptoETL/.venv/lib/python3.12/site-packages/airflow/example_dags/tutorial_taskflow_templates.py took 0.130 seconds
[2026-02-13T13:16:53.145+0100] {processor.py:186} INFO - Started process (PID=37472) to work on /home/gianotti/Documents/CryptoETL/.venv/lib/python3.12/site-packages/airflow/example_dags/tutorial_taskflow_templates.py
[2026-02-13T13:16:53.147+0100] {processor.py:914} INFO - Processing file /home/gianotti/Documents/CryptoETL/.venv/lib/python3.12/site-packages/airflow/example_dags/tutorial_taskflow_templates.py for tasks to queue
[2026-02-13T13:16:53.149+0100] {logging_mixin.py:190} INFO - [2026-02-13T13:16:53.149+0100] {dagbag.py:588} INFO - Filling up the DagBag from /home/gianotti/Documents/CryptoETL/.venv/lib/python3.12/site-packages/airflow/example_dags/tutorial_taskflow_templates.py
[2026-02-13T13:16:53.171+0100] {processor.py:925} INFO - DAG(s) 'tutorial_taskflow_templates' retrieved from /home/gianotti/Documents/CryptoETL/.venv/lib/python3.12/site-packages/airflow/example_dags/tutorial_taskflow_templates.py
[2026-02-13T13:16:53.196+0100] {logging_mixin.py:190} INFO - [2026-02-13T13:16:53.196+0100] {dag.py:3239} INFO - Sync 1 DAGs
[2026-02-13T13:16:53.233+0100] {logging_mixin.py:190} INFO - [2026-02-13T13:16:53.233+0100] {dag.py:4180} INFO - Setting next_dagrun for tutorial_taskflow_templates to 2026-02-12 00:00:00+00:00, run_after=2026-02-13 00:00:00+00:00
[2026-02-13T13:16:53.266+0100] {processor.py:208} INFO - Processing /home/gianotti/Documents/CryptoETL/.venv/lib/python3.12/site-packages/airflow/example_dags/tutorial_taskflow_templates.py took 0.131 seconds
[2026-02-13T13:17:25.561+0100] {processor.py:186} INFO - Started process (PID=37520) to work on /home/gianotti/Documents/CryptoETL/.venv/lib/python3.12/site-packages/airflow/example_dags/tutorial_taskflow_templates.py
[2026-02-13T13:17:25.563+0100] {processor.py:914} INFO - Processing file /home/gianotti/Documents/CryptoETL/.venv/lib/python3.12/site-packages/airflow/example_dags/tutorial_taskflow_templates.py for tasks to queue
[2026-02-13T13:17:25.565+0100] {logging_mixin.py:190} INFO - [2026-02-13T13:17:25.564+0100] {dagbag.py:588} INFO - Filling up the DagBag from /home/gianotti/Documents/CryptoETL/.venv/lib/python3.12/site-packages/airflow/example_dags/tutorial_taskflow_templates.py
[2026-02-13T13:17:25.590+0100] {processor.py:925} INFO - DAG(s) 'tutorial_taskflow_templates' retrieved from /home/gianotti/Documents/CryptoETL/.venv/lib/python3.12/site-packages/airflow/example_dags/tutorial_taskflow_templates.py
[2026-02-13T13:17:25.615+0100] {logging_mixin.py:190} INFO - [2026-02-13T13:17:25.614+0100] {dag.py:3239} INFO - Sync 1 DAGs
[2026-02-13T13:17:25.650+0100] {logging_mixin.py:190} INFO - [2026-02-13T13:17:25.649+0100] {dag.py:4180} INFO - Setting next_dagrun for tutorial_taskflow_templates to 2026-02-12 00:00:00+00:00, run_after=2026-02-13 00:00:00+00:00
[2026-02-13T13:17:25.682+0100] {processor.py:208} INFO - Processing /home/gianotti/Documents/CryptoETL/.venv/lib/python3.12/site-packages/airflow/example_dags/tutorial_taskflow_templates.py took 0.131 seconds
[2026-02-13T13:17:58.592+0100] {processor.py:186} INFO - Started process (PID=37579) to work on /home/gianotti/Documents/CryptoETL/.venv/lib/python3.12/site-packages/airflow/example_dags/tutorial_taskflow_templates.py
[2026-02-13T13:17:58.595+0100] {processor.py:914} INFO - Processing file /home/gianotti/Documents/CryptoETL/.venv/lib/python3.12/site-packages/airflow/example_dags/tutorial_taskflow_templates.py for tasks to queue
[2026-02-13T13:17:58.596+0100] {logging_mixin.py:190} INFO - [2026-02-13T13:17:58.596+0100] {dagbag.py:588} INFO - Filling up the DagBag from /home/gianotti/Documents/CryptoETL/.venv/lib/python3.12/site-packages/airflow/example_dags/tutorial_taskflow_templates.py
[2026-02-13T13:17:58.619+0100] {processor.py:925} INFO - DAG(s) 'tutorial_taskflow_templates' retrieved from /home/gianotti/Documents/CryptoETL/.venv/lib/python3.12/site-packages/airflow/example_dags/tutorial_taskflow_templates.py
[2026-02-13T13:17:58.645+0100] {logging_mixin.py:190} INFO - [2026-02-13T13:17:58.645+0100] {dag.py:3239} INFO - Sync 1 DAGs
[2026-02-13T13:17:58.684+0100] {logging_mixin.py:190} INFO - [2026-02-13T13:17:58.684+0100] {dag.py:4180} INFO - Setting next_dagrun for tutorial_taskflow_templates to 2026-02-12 00:00:00+00:00, run_after=2026-02-13 00:00:00+00:00
[2026-02-13T13:17:58.722+0100] {processor.py:208} INFO - Processing /home/gianotti/Documents/CryptoETL/.venv/lib/python3.12/site-packages/airflow/example_dags/tutorial_taskflow_templates.py took 0.138 seconds
[2026-02-13T13:18:32.724+0100] {processor.py:186} INFO - Started process (PID=37651) to work on /home/gianotti/Documents/CryptoETL/.venv/lib/python3.12/site-packages/airflow/example_dags/tutorial_taskflow_templates.py
[2026-02-13T13:18:32.727+0100] {processor.py:914} INFO - Processing file /home/gianotti/Documents/CryptoETL/.venv/lib/python3.12/site-packages/airflow/example_dags/tutorial_taskflow_templates.py for tasks to queue
[2026-02-13T13:18:32.730+0100] {logging_mixin.py:190} INFO - [2026-02-13T13:18:32.729+0100] {dagbag.py:588} INFO - Filling up the DagBag from /home/gianotti/Documents/CryptoETL/.venv/lib/python3.12/site-packages/airflow/example_dags/tutorial_taskflow_templates.py
[2026-02-13T13:18:32.757+0100] {processor.py:925} INFO - DAG(s) 'tutorial_taskflow_templates' retrieved from /home/gianotti/Documents/CryptoETL/.venv/lib/python3.12/site-packages/airflow/example_dags/tutorial_taskflow_templates.py
[2026-02-13T13:18:32.787+0100] {logging_mixin.py:190} INFO - [2026-02-13T13:18:32.786+0100] {dag.py:3239} INFO - Sync 1 DAGs
[2026-02-13T13:18:32.826+0100] {logging_mixin.py:190} INFO - [2026-02-13T13:18:32.826+0100] {dag.py:4180} INFO - Setting next_dagrun for tutorial_taskflow_templates to 2026-02-12 00:00:00+00:00, run_after=2026-02-13 00:00:00+00:00
[2026-02-13T13:18:32.863+0100] {processor.py:208} INFO - Processing /home/gianotti/Documents/CryptoETL/.venv/lib/python3.12/site-packages/airflow/example_dags/tutorial_taskflow_templates.py took 0.149 seconds
[2026-02-13T13:19:04.104+0100] {processor.py:186} INFO - Started process (PID=37688) to work on /home/gianotti/Documents/CryptoETL/.venv/lib/python3.12/site-packages/airflow/example_dags/tutorial_taskflow_templates.py
[2026-02-13T13:19:04.106+0100] {processor.py:914} INFO - Processing file /home/gianotti/Documents/CryptoETL/.venv/lib/python3.12/site-packages/airflow/example_dags/tutorial_taskflow_templates.py for tasks to queue
[2026-02-13T13:19:04.108+0100] {logging_mixin.py:190} INFO - [2026-02-13T13:19:04.107+0100] {dagbag.py:588} INFO - Filling up the DagBag from /home/gianotti/Documents/CryptoETL/.venv/lib/python3.12/site-packages/airflow/example_dags/tutorial_taskflow_templates.py
[2026-02-13T13:19:04.133+0100] {processor.py:925} INFO - DAG(s) 'tutorial_taskflow_templates' retrieved from /home/gianotti/Documents/CryptoETL/.venv/lib/python3.12/site-packages/airflow/example_dags/tutorial_taskflow_templates.py
[2026-02-13T13:19:04.160+0100] {logging_mixin.py:190} INFO - [2026-02-13T13:19:04.159+0100] {dag.py:3239} INFO - Sync 1 DAGs
[2026-02-13T13:19:04.194+0100] {logging_mixin.py:190} INFO - [2026-02-13T13:19:04.193+0100] {dag.py:4180} INFO - Setting next_dagrun for tutorial_taskflow_templates to 2026-02-12 00:00:00+00:00, run_after=2026-02-13 00:00:00+00:00
[2026-02-13T13:19:04.226+0100] {processor.py:208} INFO - Processing /home/gianotti/Documents/CryptoETL/.venv/lib/python3.12/site-packages/airflow/example_dags/tutorial_taskflow_templates.py took 0.132 seconds
[2026-02-13T13:19:36.203+0100] {processor.py:186} INFO - Started process (PID=37734) to work on /home/gianotti/Documents/CryptoETL/.venv/lib/python3.12/site-packages/airflow/example_dags/tutorial_taskflow_templates.py
[2026-02-13T13:19:36.205+0100] {processor.py:914} INFO - Processing file /home/gianotti/Documents/CryptoETL/.venv/lib/python3.12/site-packages/airflow/example_dags/tutorial_taskflow_templates.py for tasks to queue
[2026-02-13T13:19:36.208+0100] {logging_mixin.py:190} INFO - [2026-02-13T13:19:36.207+0100] {dagbag.py:588} INFO - Filling up the DagBag from /home/gianotti/Documents/CryptoETL/.venv/lib/python3.12/site-packages/airflow/example_dags/tutorial_taskflow_templates.py
[2026-02-13T13:19:36.235+0100] {processor.py:925} INFO - DAG(s) 'tutorial_taskflow_templates' retrieved from /home/gianotti/Documents/CryptoETL/.venv/lib/python3.12/site-packages/airflow/example_dags/tutorial_taskflow_templates.py
[2026-02-13T13:19:36.263+0100] {logging_mixin.py:190} INFO - [2026-02-13T13:19:36.263+0100] {dag.py:3239} INFO - Sync 1 DAGs
[2026-02-13T13:19:36.300+0100] {logging_mixin.py:190} INFO - [2026-02-13T13:19:36.299+0100] {dag.py:4180} INFO - Setting next_dagrun for tutorial_taskflow_templates to 2026-02-12 00:00:00+00:00, run_after=2026-02-13 00:00:00+00:00
[2026-02-13T13:19:36.336+0100] {processor.py:208} INFO - Processing /home/gianotti/Documents/CryptoETL/.venv/lib/python3.12/site-packages/airflow/example_dags/tutorial_taskflow_templates.py took 0.145 seconds
[2026-02-13T13:20:10.699+0100] {processor.py:186} INFO - Started process (PID=37784) to work on /home/gianotti/Documents/CryptoETL/.venv/lib/python3.12/site-packages/airflow/example_dags/tutorial_taskflow_templates.py
[2026-02-13T13:20:10.702+0100] {processor.py:914} INFO - Processing file /home/gianotti/Documents/CryptoETL/.venv/lib/python3.12/site-packages/airflow/example_dags/tutorial_taskflow_templates.py for tasks to queue
[2026-02-13T13:20:10.704+0100] {logging_mixin.py:190} INFO - [2026-02-13T13:20:10.703+0100] {dagbag.py:588} INFO - Filling up the DagBag from /home/gianotti/Documents/CryptoETL/.venv/lib/python3.12/site-packages/airflow/example_dags/tutorial_taskflow_templates.py
[2026-02-13T13:20:10.728+0100] {processor.py:925} INFO - DAG(s) 'tutorial_taskflow_templates' retrieved from /home/gianotti/Documents/CryptoETL/.venv/lib/python3.12/site-packages/airflow/example_dags/tutorial_taskflow_templates.py
[2026-02-13T13:20:10.758+0100] {logging_mixin.py:190} INFO - [2026-02-13T13:20:10.757+0100] {dag.py:3239} INFO - Sync 1 DAGs
[2026-02-13T13:20:10.799+0100] {logging_mixin.py:190} INFO - [2026-02-13T13:20:10.798+0100] {dag.py:4180} INFO - Setting next_dagrun for tutorial_taskflow_templates to 2026-02-12 00:00:00+00:00, run_after=2026-02-13 00:00:00+00:00
[2026-02-13T13:20:10.839+0100] {processor.py:208} INFO - Processing /home/gianotti/Documents/CryptoETL/.venv/lib/python3.12/site-packages/airflow/example_dags/tutorial_taskflow_templates.py took 0.148 seconds
[2026-02-13T13:20:44.646+0100] {processor.py:186} INFO - Started process (PID=37838) to work on /home/gianotti/Documents/CryptoETL/.venv/lib/python3.12/site-packages/airflow/example_dags/tutorial_taskflow_templates.py
[2026-02-13T13:20:44.649+0100] {processor.py:914} INFO - Processing file /home/gianotti/Documents/CryptoETL/.venv/lib/python3.12/site-packages/airflow/example_dags/tutorial_taskflow_templates.py for tasks to queue
[2026-02-13T13:20:44.651+0100] {logging_mixin.py:190} INFO - [2026-02-13T13:20:44.651+0100] {dagbag.py:588} INFO - Filling up the DagBag from /home/gianotti/Documents/CryptoETL/.venv/lib/python3.12/site-packages/airflow/example_dags/tutorial_taskflow_templates.py
[2026-02-13T13:20:44.675+0100] {processor.py:925} INFO - DAG(s) 'tutorial_taskflow_templates' retrieved from /home/gianotti/Documents/CryptoETL/.venv/lib/python3.12/site-packages/airflow/example_dags/tutorial_taskflow_templates.py
[2026-02-13T13:20:44.702+0100] {logging_mixin.py:190} INFO - [2026-02-13T13:20:44.701+0100] {dag.py:3239} INFO - Sync 1 DAGs
[2026-02-13T13:20:44.738+0100] {logging_mixin.py:190} INFO - [2026-02-13T13:20:44.737+0100] {dag.py:4180} INFO - Setting next_dagrun for tutorial_taskflow_templates to 2026-02-12 00:00:00+00:00, run_after=2026-02-13 00:00:00+00:00
[2026-02-13T13:20:44.778+0100] {processor.py:208} INFO - Processing /home/gianotti/Documents/CryptoETL/.venv/lib/python3.12/site-packages/airflow/example_dags/tutorial_taskflow_templates.py took 0.141 seconds
