[2026-02-13T12:55:02.966+0100] {processor.py:186} INFO - Started process (PID=34917) to work on /home/gianotti/Documents/CryptoETL/.venv/lib/python3.12/site-packages/airflow/example_dags/plugins/listener_plugin.py
[2026-02-13T12:55:02.967+0100] {processor.py:914} INFO - Processing file /home/gianotti/Documents/CryptoETL/.venv/lib/python3.12/site-packages/airflow/example_dags/plugins/listener_plugin.py for tasks to queue
[2026-02-13T12:55:02.970+0100] {logging_mixin.py:190} INFO - [2026-02-13T12:55:02.970+0100] {dagbag.py:588} INFO - Filling up the DagBag from /home/gianotti/Documents/CryptoETL/.venv/lib/python3.12/site-packages/airflow/example_dags/plugins/listener_plugin.py
[2026-02-13T12:55:02.975+0100] {processor.py:927} WARNING - No viable dags retrieved from /home/gianotti/Documents/CryptoETL/.venv/lib/python3.12/site-packages/airflow/example_dags/plugins/listener_plugin.py
[2026-02-13T12:55:02.987+0100] {processor.py:208} INFO - Processing /home/gianotti/Documents/CryptoETL/.venv/lib/python3.12/site-packages/airflow/example_dags/plugins/listener_plugin.py took 0.030 seconds
[2026-02-13T12:56:10.709+0100] {processor.py:186} INFO - Started process (PID=35041) to work on /home/gianotti/Documents/CryptoETL/.venv/lib/python3.12/site-packages/airflow/example_dags/plugins/listener_plugin.py
[2026-02-13T12:56:10.712+0100] {processor.py:914} INFO - Processing file /home/gianotti/Documents/CryptoETL/.venv/lib/python3.12/site-packages/airflow/example_dags/plugins/listener_plugin.py for tasks to queue
[2026-02-13T12:56:10.716+0100] {logging_mixin.py:190} INFO - [2026-02-13T12:56:10.715+0100] {dagbag.py:588} INFO - Filling up the DagBag from /home/gianotti/Documents/CryptoETL/.venv/lib/python3.12/site-packages/airflow/example_dags/plugins/listener_plugin.py
[2026-02-13T12:56:10.720+0100] {processor.py:927} WARNING - No viable dags retrieved from /home/gianotti/Documents/CryptoETL/.venv/lib/python3.12/site-packages/airflow/example_dags/plugins/listener_plugin.py
[2026-02-13T12:56:10.736+0100] {processor.py:208} INFO - Processing /home/gianotti/Documents/CryptoETL/.venv/lib/python3.12/site-packages/airflow/example_dags/plugins/listener_plugin.py took 0.036 seconds
[2026-02-13T12:57:08.722+0100] {processor.py:186} INFO - Started process (PID=35138) to work on /home/gianotti/Documents/CryptoETL/.venv/lib/python3.12/site-packages/airflow/example_dags/plugins/listener_plugin.py
[2026-02-13T12:57:08.725+0100] {processor.py:914} INFO - Processing file /home/gianotti/Documents/CryptoETL/.venv/lib/python3.12/site-packages/airflow/example_dags/plugins/listener_plugin.py for tasks to queue
[2026-02-13T12:57:08.728+0100] {logging_mixin.py:190} INFO - [2026-02-13T12:57:08.728+0100] {dagbag.py:588} INFO - Filling up the DagBag from /home/gianotti/Documents/CryptoETL/.venv/lib/python3.12/site-packages/airflow/example_dags/plugins/listener_plugin.py
[2026-02-13T12:57:08.733+0100] {processor.py:927} WARNING - No viable dags retrieved from /home/gianotti/Documents/CryptoETL/.venv/lib/python3.12/site-packages/airflow/example_dags/plugins/listener_plugin.py
[2026-02-13T12:57:08.750+0100] {processor.py:208} INFO - Processing /home/gianotti/Documents/CryptoETL/.venv/lib/python3.12/site-packages/airflow/example_dags/plugins/listener_plugin.py took 0.039 seconds
[2026-02-13T12:58:06.801+0100] {processor.py:186} INFO - Started process (PID=35250) to work on /home/gianotti/Documents/CryptoETL/.venv/lib/python3.12/site-packages/airflow/example_dags/plugins/listener_plugin.py
[2026-02-13T12:58:06.804+0100] {processor.py:914} INFO - Processing file /home/gianotti/Documents/CryptoETL/.venv/lib/python3.12/site-packages/airflow/example_dags/plugins/listener_plugin.py for tasks to queue
[2026-02-13T12:58:06.808+0100] {logging_mixin.py:190} INFO - [2026-02-13T12:58:06.807+0100] {dagbag.py:588} INFO - Filling up the DagBag from /home/gianotti/Documents/CryptoETL/.venv/lib/python3.12/site-packages/airflow/example_dags/plugins/listener_plugin.py
[2026-02-13T12:58:06.812+0100] {processor.py:927} WARNING - No viable dags retrieved from /home/gianotti/Documents/CryptoETL/.venv/lib/python3.12/site-packages/airflow/example_dags/plugins/listener_plugin.py
[2026-02-13T12:58:06.828+0100] {processor.py:208} INFO - Processing /home/gianotti/Documents/CryptoETL/.venv/lib/python3.12/site-packages/airflow/example_dags/plugins/listener_plugin.py took 0.036 seconds
[2026-02-13T12:59:00.940+0100] {processor.py:186} INFO - Started process (PID=35394) to work on /home/gianotti/Documents/CryptoETL/.venv/lib/python3.12/site-packages/airflow/example_dags/plugins/listener_plugin.py
[2026-02-13T12:59:00.943+0100] {processor.py:914} INFO - Processing file /home/gianotti/Documents/CryptoETL/.venv/lib/python3.12/site-packages/airflow/example_dags/plugins/listener_plugin.py for tasks to queue
[2026-02-13T12:59:00.947+0100] {logging_mixin.py:190} INFO - [2026-02-13T12:59:00.946+0100] {dagbag.py:588} INFO - Filling up the DagBag from /home/gianotti/Documents/CryptoETL/.venv/lib/python3.12/site-packages/airflow/example_dags/plugins/listener_plugin.py
[2026-02-13T12:59:00.951+0100] {processor.py:927} WARNING - No viable dags retrieved from /home/gianotti/Documents/CryptoETL/.venv/lib/python3.12/site-packages/airflow/example_dags/plugins/listener_plugin.py
[2026-02-13T12:59:00.968+0100] {processor.py:208} INFO - Processing /home/gianotti/Documents/CryptoETL/.venv/lib/python3.12/site-packages/airflow/example_dags/plugins/listener_plugin.py took 0.038 seconds
[2026-02-13T12:59:55.595+0100] {processor.py:186} INFO - Started process (PID=35496) to work on /home/gianotti/Documents/CryptoETL/.venv/lib/python3.12/site-packages/airflow/example_dags/plugins/listener_plugin.py
[2026-02-13T12:59:55.598+0100] {processor.py:914} INFO - Processing file /home/gianotti/Documents/CryptoETL/.venv/lib/python3.12/site-packages/airflow/example_dags/plugins/listener_plugin.py for tasks to queue
[2026-02-13T12:59:55.600+0100] {logging_mixin.py:190} INFO - [2026-02-13T12:59:55.600+0100] {dagbag.py:588} INFO - Filling up the DagBag from /home/gianotti/Documents/CryptoETL/.venv/lib/python3.12/site-packages/airflow/example_dags/plugins/listener_plugin.py
[2026-02-13T12:59:55.604+0100] {processor.py:927} WARNING - No viable dags retrieved from /home/gianotti/Documents/CryptoETL/.venv/lib/python3.12/site-packages/airflow/example_dags/plugins/listener_plugin.py
[2026-02-13T12:59:55.621+0100] {processor.py:208} INFO - Processing /home/gianotti/Documents/CryptoETL/.venv/lib/python3.12/site-packages/airflow/example_dags/plugins/listener_plugin.py took 0.035 seconds
[2026-02-13T13:00:52.910+0100] {processor.py:186} INFO - Started process (PID=35608) to work on /home/gianotti/Documents/CryptoETL/.venv/lib/python3.12/site-packages/airflow/example_dags/plugins/listener_plugin.py
[2026-02-13T13:00:52.913+0100] {processor.py:914} INFO - Processing file /home/gianotti/Documents/CryptoETL/.venv/lib/python3.12/site-packages/airflow/example_dags/plugins/listener_plugin.py for tasks to queue
[2026-02-13T13:00:52.915+0100] {logging_mixin.py:190} INFO - [2026-02-13T13:00:52.914+0100] {dagbag.py:588} INFO - Filling up the DagBag from /home/gianotti/Documents/CryptoETL/.venv/lib/python3.12/site-packages/airflow/example_dags/plugins/listener_plugin.py
[2026-02-13T13:00:52.919+0100] {processor.py:927} WARNING - No viable dags retrieved from /home/gianotti/Documents/CryptoETL/.venv/lib/python3.12/site-packages/airflow/example_dags/plugins/listener_plugin.py
[2026-02-13T13:00:52.934+0100] {processor.py:208} INFO - Processing /home/gianotti/Documents/CryptoETL/.venv/lib/python3.12/site-packages/airflow/example_dags/plugins/listener_plugin.py took 0.032 seconds
[2026-02-13T13:01:54.021+0100] {processor.py:186} INFO - Started process (PID=35727) to work on /home/gianotti/Documents/CryptoETL/.venv/lib/python3.12/site-packages/airflow/example_dags/plugins/listener_plugin.py
[2026-02-13T13:01:54.024+0100] {processor.py:914} INFO - Processing file /home/gianotti/Documents/CryptoETL/.venv/lib/python3.12/site-packages/airflow/example_dags/plugins/listener_plugin.py for tasks to queue
[2026-02-13T13:01:54.026+0100] {logging_mixin.py:190} INFO - [2026-02-13T13:01:54.025+0100] {dagbag.py:588} INFO - Filling up the DagBag from /home/gianotti/Documents/CryptoETL/.venv/lib/python3.12/site-packages/airflow/example_dags/plugins/listener_plugin.py
[2026-02-13T13:01:54.030+0100] {processor.py:927} WARNING - No viable dags retrieved from /home/gianotti/Documents/CryptoETL/.venv/lib/python3.12/site-packages/airflow/example_dags/plugins/listener_plugin.py
[2026-02-13T13:01:54.045+0100] {processor.py:208} INFO - Processing /home/gianotti/Documents/CryptoETL/.venv/lib/python3.12/site-packages/airflow/example_dags/plugins/listener_plugin.py took 0.034 seconds
[2026-02-13T13:02:52.458+0100] {processor.py:186} INFO - Started process (PID=35844) to work on /home/gianotti/Documents/CryptoETL/.venv/lib/python3.12/site-packages/airflow/example_dags/plugins/listener_plugin.py
[2026-02-13T13:02:52.459+0100] {processor.py:914} INFO - Processing file /home/gianotti/Documents/CryptoETL/.venv/lib/python3.12/site-packages/airflow/example_dags/plugins/listener_plugin.py for tasks to queue
[2026-02-13T13:02:52.461+0100] {logging_mixin.py:190} INFO - [2026-02-13T13:02:52.461+0100] {dagbag.py:588} INFO - Filling up the DagBag from /home/gianotti/Documents/CryptoETL/.venv/lib/python3.12/site-packages/airflow/example_dags/plugins/listener_plugin.py
[2026-02-13T13:02:52.465+0100] {processor.py:927} WARNING - No viable dags retrieved from /home/gianotti/Documents/CryptoETL/.venv/lib/python3.12/site-packages/airflow/example_dags/plugins/listener_plugin.py
[2026-02-13T13:02:52.481+0100] {processor.py:208} INFO - Processing /home/gianotti/Documents/CryptoETL/.venv/lib/python3.12/site-packages/airflow/example_dags/plugins/listener_plugin.py took 0.032 seconds
[2026-02-13T13:03:48.014+0100] {processor.py:186} INFO - Started process (PID=35990) to work on /home/gianotti/Documents/CryptoETL/.venv/lib/python3.12/site-packages/airflow/example_dags/plugins/listener_plugin.py
[2026-02-13T13:03:48.017+0100] {processor.py:914} INFO - Processing file /home/gianotti/Documents/CryptoETL/.venv/lib/python3.12/site-packages/airflow/example_dags/plugins/listener_plugin.py for tasks to queue
[2026-02-13T13:03:48.020+0100] {logging_mixin.py:190} INFO - [2026-02-13T13:03:48.019+0100] {dagbag.py:588} INFO - Filling up the DagBag from /home/gianotti/Documents/CryptoETL/.venv/lib/python3.12/site-packages/airflow/example_dags/plugins/listener_plugin.py
[2026-02-13T13:03:48.024+0100] {processor.py:927} WARNING - No viable dags retrieved from /home/gianotti/Documents/CryptoETL/.venv/lib/python3.12/site-packages/airflow/example_dags/plugins/listener_plugin.py
[2026-02-13T13:03:48.048+0100] {processor.py:208} INFO - Processing /home/gianotti/Documents/CryptoETL/.venv/lib/python3.12/site-packages/airflow/example_dags/plugins/listener_plugin.py took 0.044 seconds
[2026-02-13T13:04:51.824+0100] {processor.py:186} INFO - Started process (PID=36114) to work on /home/gianotti/Documents/CryptoETL/.venv/lib/python3.12/site-packages/airflow/example_dags/plugins/listener_plugin.py
[2026-02-13T13:04:51.827+0100] {processor.py:914} INFO - Processing file /home/gianotti/Documents/CryptoETL/.venv/lib/python3.12/site-packages/airflow/example_dags/plugins/listener_plugin.py for tasks to queue
[2026-02-13T13:04:51.829+0100] {logging_mixin.py:190} INFO - [2026-02-13T13:04:51.828+0100] {dagbag.py:588} INFO - Filling up the DagBag from /home/gianotti/Documents/CryptoETL/.venv/lib/python3.12/site-packages/airflow/example_dags/plugins/listener_plugin.py
[2026-02-13T13:04:51.833+0100] {processor.py:927} WARNING - No viable dags retrieved from /home/gianotti/Documents/CryptoETL/.venv/lib/python3.12/site-packages/airflow/example_dags/plugins/listener_plugin.py
[2026-02-13T13:04:51.850+0100] {processor.py:208} INFO - Processing /home/gianotti/Documents/CryptoETL/.venv/lib/python3.12/site-packages/airflow/example_dags/plugins/listener_plugin.py took 0.035 seconds
[2026-02-13T13:05:54.613+0100] {processor.py:186} INFO - Started process (PID=36213) to work on /home/gianotti/Documents/CryptoETL/.venv/lib/python3.12/site-packages/airflow/example_dags/plugins/listener_plugin.py
[2026-02-13T13:05:54.616+0100] {processor.py:914} INFO - Processing file /home/gianotti/Documents/CryptoETL/.venv/lib/python3.12/site-packages/airflow/example_dags/plugins/listener_plugin.py for tasks to queue
[2026-02-13T13:05:54.618+0100] {logging_mixin.py:190} INFO - [2026-02-13T13:05:54.617+0100] {dagbag.py:588} INFO - Filling up the DagBag from /home/gianotti/Documents/CryptoETL/.venv/lib/python3.12/site-packages/airflow/example_dags/plugins/listener_plugin.py
[2026-02-13T13:05:54.622+0100] {processor.py:927} WARNING - No viable dags retrieved from /home/gianotti/Documents/CryptoETL/.venv/lib/python3.12/site-packages/airflow/example_dags/plugins/listener_plugin.py
[2026-02-13T13:05:54.638+0100] {processor.py:208} INFO - Processing /home/gianotti/Documents/CryptoETL/.venv/lib/python3.12/site-packages/airflow/example_dags/plugins/listener_plugin.py took 0.034 seconds
[2026-02-13T13:07:00.058+0100] {processor.py:186} INFO - Started process (PID=36316) to work on /home/gianotti/Documents/CryptoETL/.venv/lib/python3.12/site-packages/airflow/example_dags/plugins/listener_plugin.py
[2026-02-13T13:07:00.061+0100] {processor.py:914} INFO - Processing file /home/gianotti/Documents/CryptoETL/.venv/lib/python3.12/site-packages/airflow/example_dags/plugins/listener_plugin.py for tasks to queue
[2026-02-13T13:07:00.063+0100] {logging_mixin.py:190} INFO - [2026-02-13T13:07:00.062+0100] {dagbag.py:588} INFO - Filling up the DagBag from /home/gianotti/Documents/CryptoETL/.venv/lib/python3.12/site-packages/airflow/example_dags/plugins/listener_plugin.py
[2026-02-13T13:07:00.067+0100] {processor.py:927} WARNING - No viable dags retrieved from /home/gianotti/Documents/CryptoETL/.venv/lib/python3.12/site-packages/airflow/example_dags/plugins/listener_plugin.py
[2026-02-13T13:07:00.085+0100] {processor.py:208} INFO - Processing /home/gianotti/Documents/CryptoETL/.venv/lib/python3.12/site-packages/airflow/example_dags/plugins/listener_plugin.py took 0.036 seconds
[2026-02-13T13:08:12.417+0100] {processor.py:186} INFO - Started process (PID=36410) to work on /home/gianotti/Documents/CryptoETL/.venv/lib/python3.12/site-packages/airflow/example_dags/plugins/listener_plugin.py
[2026-02-13T13:08:12.419+0100] {processor.py:914} INFO - Processing file /home/gianotti/Documents/CryptoETL/.venv/lib/python3.12/site-packages/airflow/example_dags/plugins/listener_plugin.py for tasks to queue
[2026-02-13T13:08:12.422+0100] {logging_mixin.py:190} INFO - [2026-02-13T13:08:12.421+0100] {dagbag.py:588} INFO - Filling up the DagBag from /home/gianotti/Documents/CryptoETL/.venv/lib/python3.12/site-packages/airflow/example_dags/plugins/listener_plugin.py
[2026-02-13T13:08:12.425+0100] {processor.py:927} WARNING - No viable dags retrieved from /home/gianotti/Documents/CryptoETL/.venv/lib/python3.12/site-packages/airflow/example_dags/plugins/listener_plugin.py
[2026-02-13T13:08:12.440+0100] {processor.py:208} INFO - Processing /home/gianotti/Documents/CryptoETL/.venv/lib/python3.12/site-packages/airflow/example_dags/plugins/listener_plugin.py took 0.032 seconds
[2026-02-13T13:09:17.671+0100] {processor.py:186} INFO - Started process (PID=36542) to work on /home/gianotti/Documents/CryptoETL/.venv/lib/python3.12/site-packages/airflow/example_dags/plugins/listener_plugin.py
[2026-02-13T13:09:17.674+0100] {processor.py:914} INFO - Processing file /home/gianotti/Documents/CryptoETL/.venv/lib/python3.12/site-packages/airflow/example_dags/plugins/listener_plugin.py for tasks to queue
[2026-02-13T13:09:17.676+0100] {logging_mixin.py:190} INFO - [2026-02-13T13:09:17.676+0100] {dagbag.py:588} INFO - Filling up the DagBag from /home/gianotti/Documents/CryptoETL/.venv/lib/python3.12/site-packages/airflow/example_dags/plugins/listener_plugin.py
[2026-02-13T13:09:17.680+0100] {processor.py:927} WARNING - No viable dags retrieved from /home/gianotti/Documents/CryptoETL/.venv/lib/python3.12/site-packages/airflow/example_dags/plugins/listener_plugin.py
[2026-02-13T13:09:17.696+0100] {processor.py:208} INFO - Processing /home/gianotti/Documents/CryptoETL/.venv/lib/python3.12/site-packages/airflow/example_dags/plugins/listener_plugin.py took 0.034 seconds
[2026-02-13T13:10:30.631+0100] {processor.py:186} INFO - Started process (PID=36683) to work on /home/gianotti/Documents/CryptoETL/.venv/lib/python3.12/site-packages/airflow/example_dags/plugins/listener_plugin.py
[2026-02-13T13:10:30.634+0100] {processor.py:914} INFO - Processing file /home/gianotti/Documents/CryptoETL/.venv/lib/python3.12/site-packages/airflow/example_dags/plugins/listener_plugin.py for tasks to queue
[2026-02-13T13:10:30.637+0100] {logging_mixin.py:190} INFO - [2026-02-13T13:10:30.636+0100] {dagbag.py:588} INFO - Filling up the DagBag from /home/gianotti/Documents/CryptoETL/.venv/lib/python3.12/site-packages/airflow/example_dags/plugins/listener_plugin.py
[2026-02-13T13:10:30.640+0100] {processor.py:927} WARNING - No viable dags retrieved from /home/gianotti/Documents/CryptoETL/.venv/lib/python3.12/site-packages/airflow/example_dags/plugins/listener_plugin.py
[2026-02-13T13:10:30.656+0100] {processor.py:208} INFO - Processing /home/gianotti/Documents/CryptoETL/.venv/lib/python3.12/site-packages/airflow/example_dags/plugins/listener_plugin.py took 0.034 seconds
[2026-02-13T13:11:33.845+0100] {processor.py:186} INFO - Started process (PID=36766) to work on /home/gianotti/Documents/CryptoETL/.venv/lib/python3.12/site-packages/airflow/example_dags/plugins/listener_plugin.py
[2026-02-13T13:11:33.847+0100] {processor.py:914} INFO - Processing file /home/gianotti/Documents/CryptoETL/.venv/lib/python3.12/site-packages/airflow/example_dags/plugins/listener_plugin.py for tasks to queue
[2026-02-13T13:11:33.849+0100] {logging_mixin.py:190} INFO - [2026-02-13T13:11:33.849+0100] {dagbag.py:588} INFO - Filling up the DagBag from /home/gianotti/Documents/CryptoETL/.venv/lib/python3.12/site-packages/airflow/example_dags/plugins/listener_plugin.py
[2026-02-13T13:11:33.853+0100] {processor.py:927} WARNING - No viable dags retrieved from /home/gianotti/Documents/CryptoETL/.venv/lib/python3.12/site-packages/airflow/example_dags/plugins/listener_plugin.py
[2026-02-13T13:11:33.869+0100] {processor.py:208} INFO - Processing /home/gianotti/Documents/CryptoETL/.venv/lib/python3.12/site-packages/airflow/example_dags/plugins/listener_plugin.py took 0.033 seconds
[2026-02-13T13:12:38.873+0100] {processor.py:186} INFO - Started process (PID=36892) to work on /home/gianotti/Documents/CryptoETL/.venv/lib/python3.12/site-packages/airflow/example_dags/plugins/listener_plugin.py
[2026-02-13T13:12:38.877+0100] {processor.py:914} INFO - Processing file /home/gianotti/Documents/CryptoETL/.venv/lib/python3.12/site-packages/airflow/example_dags/plugins/listener_plugin.py for tasks to queue
[2026-02-13T13:12:38.880+0100] {logging_mixin.py:190} INFO - [2026-02-13T13:12:38.879+0100] {dagbag.py:588} INFO - Filling up the DagBag from /home/gianotti/Documents/CryptoETL/.venv/lib/python3.12/site-packages/airflow/example_dags/plugins/listener_plugin.py
[2026-02-13T13:12:38.884+0100] {processor.py:927} WARNING - No viable dags retrieved from /home/gianotti/Documents/CryptoETL/.venv/lib/python3.12/site-packages/airflow/example_dags/plugins/listener_plugin.py
[2026-02-13T13:12:38.901+0100] {processor.py:208} INFO - Processing /home/gianotti/Documents/CryptoETL/.venv/lib/python3.12/site-packages/airflow/example_dags/plugins/listener_plugin.py took 0.040 seconds
[2026-02-13T13:13:41.458+0100] {processor.py:186} INFO - Started process (PID=37037) to work on /home/gianotti/Documents/CryptoETL/.venv/lib/python3.12/site-packages/airflow/example_dags/plugins/listener_plugin.py
[2026-02-13T13:13:41.461+0100] {processor.py:914} INFO - Processing file /home/gianotti/Documents/CryptoETL/.venv/lib/python3.12/site-packages/airflow/example_dags/plugins/listener_plugin.py for tasks to queue
[2026-02-13T13:13:41.463+0100] {logging_mixin.py:190} INFO - [2026-02-13T13:13:41.462+0100] {dagbag.py:588} INFO - Filling up the DagBag from /home/gianotti/Documents/CryptoETL/.venv/lib/python3.12/site-packages/airflow/example_dags/plugins/listener_plugin.py
[2026-02-13T13:13:41.467+0100] {processor.py:927} WARNING - No viable dags retrieved from /home/gianotti/Documents/CryptoETL/.venv/lib/python3.12/site-packages/airflow/example_dags/plugins/listener_plugin.py
[2026-02-13T13:13:41.484+0100] {processor.py:208} INFO - Processing /home/gianotti/Documents/CryptoETL/.venv/lib/python3.12/site-packages/airflow/example_dags/plugins/listener_plugin.py took 0.036 seconds
[2026-02-13T13:14:47.464+0100] {processor.py:186} INFO - Started process (PID=37211) to work on /home/gianotti/Documents/CryptoETL/.venv/lib/python3.12/site-packages/airflow/example_dags/plugins/listener_plugin.py
[2026-02-13T13:14:47.467+0100] {processor.py:914} INFO - Processing file /home/gianotti/Documents/CryptoETL/.venv/lib/python3.12/site-packages/airflow/example_dags/plugins/listener_plugin.py for tasks to queue
[2026-02-13T13:14:47.469+0100] {logging_mixin.py:190} INFO - [2026-02-13T13:14:47.468+0100] {dagbag.py:588} INFO - Filling up the DagBag from /home/gianotti/Documents/CryptoETL/.venv/lib/python3.12/site-packages/airflow/example_dags/plugins/listener_plugin.py
[2026-02-13T13:14:47.473+0100] {processor.py:927} WARNING - No viable dags retrieved from /home/gianotti/Documents/CryptoETL/.venv/lib/python3.12/site-packages/airflow/example_dags/plugins/listener_plugin.py
[2026-02-13T13:14:47.488+0100] {processor.py:208} INFO - Processing /home/gianotti/Documents/CryptoETL/.venv/lib/python3.12/site-packages/airflow/example_dags/plugins/listener_plugin.py took 0.034 seconds
[2026-02-13T13:15:54.453+0100] {processor.py:186} INFO - Started process (PID=37373) to work on /home/gianotti/Documents/CryptoETL/.venv/lib/python3.12/site-packages/airflow/example_dags/plugins/listener_plugin.py
[2026-02-13T13:15:54.455+0100] {processor.py:914} INFO - Processing file /home/gianotti/Documents/CryptoETL/.venv/lib/python3.12/site-packages/airflow/example_dags/plugins/listener_plugin.py for tasks to queue
[2026-02-13T13:15:54.456+0100] {logging_mixin.py:190} INFO - [2026-02-13T13:15:54.456+0100] {dagbag.py:588} INFO - Filling up the DagBag from /home/gianotti/Documents/CryptoETL/.venv/lib/python3.12/site-packages/airflow/example_dags/plugins/listener_plugin.py
[2026-02-13T13:15:54.459+0100] {processor.py:927} WARNING - No viable dags retrieved from /home/gianotti/Documents/CryptoETL/.venv/lib/python3.12/site-packages/airflow/example_dags/plugins/listener_plugin.py
[2026-02-13T13:15:54.474+0100] {processor.py:208} INFO - Processing /home/gianotti/Documents/CryptoETL/.venv/lib/python3.12/site-packages/airflow/example_dags/plugins/listener_plugin.py took 0.029 seconds
[2026-02-13T13:16:58.423+0100] {processor.py:186} INFO - Started process (PID=37480) to work on /home/gianotti/Documents/CryptoETL/.venv/lib/python3.12/site-packages/airflow/example_dags/plugins/listener_plugin.py
[2026-02-13T13:16:58.426+0100] {processor.py:914} INFO - Processing file /home/gianotti/Documents/CryptoETL/.venv/lib/python3.12/site-packages/airflow/example_dags/plugins/listener_plugin.py for tasks to queue
[2026-02-13T13:16:58.428+0100] {logging_mixin.py:190} INFO - [2026-02-13T13:16:58.428+0100] {dagbag.py:588} INFO - Filling up the DagBag from /home/gianotti/Documents/CryptoETL/.venv/lib/python3.12/site-packages/airflow/example_dags/plugins/listener_plugin.py
[2026-02-13T13:16:58.432+0100] {processor.py:927} WARNING - No viable dags retrieved from /home/gianotti/Documents/CryptoETL/.venv/lib/python3.12/site-packages/airflow/example_dags/plugins/listener_plugin.py
[2026-02-13T13:16:58.449+0100] {processor.py:208} INFO - Processing /home/gianotti/Documents/CryptoETL/.venv/lib/python3.12/site-packages/airflow/example_dags/plugins/listener_plugin.py took 0.037 seconds
[2026-02-13T13:18:05.765+0100] {processor.py:186} INFO - Started process (PID=37587) to work on /home/gianotti/Documents/CryptoETL/.venv/lib/python3.12/site-packages/airflow/example_dags/plugins/listener_plugin.py
[2026-02-13T13:18:05.768+0100] {processor.py:914} INFO - Processing file /home/gianotti/Documents/CryptoETL/.venv/lib/python3.12/site-packages/airflow/example_dags/plugins/listener_plugin.py for tasks to queue
[2026-02-13T13:18:05.770+0100] {logging_mixin.py:190} INFO - [2026-02-13T13:18:05.769+0100] {dagbag.py:588} INFO - Filling up the DagBag from /home/gianotti/Documents/CryptoETL/.venv/lib/python3.12/site-packages/airflow/example_dags/plugins/listener_plugin.py
[2026-02-13T13:18:05.773+0100] {processor.py:927} WARNING - No viable dags retrieved from /home/gianotti/Documents/CryptoETL/.venv/lib/python3.12/site-packages/airflow/example_dags/plugins/listener_plugin.py
[2026-02-13T13:18:05.789+0100] {processor.py:208} INFO - Processing /home/gianotti/Documents/CryptoETL/.venv/lib/python3.12/site-packages/airflow/example_dags/plugins/listener_plugin.py took 0.033 seconds
[2026-02-13T13:19:09.472+0100] {processor.py:186} INFO - Started process (PID=37694) to work on /home/gianotti/Documents/CryptoETL/.venv/lib/python3.12/site-packages/airflow/example_dags/plugins/listener_plugin.py
[2026-02-13T13:19:09.475+0100] {processor.py:914} INFO - Processing file /home/gianotti/Documents/CryptoETL/.venv/lib/python3.12/site-packages/airflow/example_dags/plugins/listener_plugin.py for tasks to queue
[2026-02-13T13:19:09.477+0100] {logging_mixin.py:190} INFO - [2026-02-13T13:19:09.476+0100] {dagbag.py:588} INFO - Filling up the DagBag from /home/gianotti/Documents/CryptoETL/.venv/lib/python3.12/site-packages/airflow/example_dags/plugins/listener_plugin.py
[2026-02-13T13:19:09.481+0100] {processor.py:927} WARNING - No viable dags retrieved from /home/gianotti/Documents/CryptoETL/.venv/lib/python3.12/site-packages/airflow/example_dags/plugins/listener_plugin.py
[2026-02-13T13:19:09.498+0100] {processor.py:208} INFO - Processing /home/gianotti/Documents/CryptoETL/.venv/lib/python3.12/site-packages/airflow/example_dags/plugins/listener_plugin.py took 0.035 seconds
[2026-02-13T13:20:18.260+0100] {processor.py:186} INFO - Started process (PID=37799) to work on /home/gianotti/Documents/CryptoETL/.venv/lib/python3.12/site-packages/airflow/example_dags/plugins/listener_plugin.py
[2026-02-13T13:20:18.261+0100] {processor.py:914} INFO - Processing file /home/gianotti/Documents/CryptoETL/.venv/lib/python3.12/site-packages/airflow/example_dags/plugins/listener_plugin.py for tasks to queue
[2026-02-13T13:20:18.263+0100] {logging_mixin.py:190} INFO - [2026-02-13T13:20:18.262+0100] {dagbag.py:588} INFO - Filling up the DagBag from /home/gianotti/Documents/CryptoETL/.venv/lib/python3.12/site-packages/airflow/example_dags/plugins/listener_plugin.py
[2026-02-13T13:20:18.266+0100] {processor.py:927} WARNING - No viable dags retrieved from /home/gianotti/Documents/CryptoETL/.venv/lib/python3.12/site-packages/airflow/example_dags/plugins/listener_plugin.py
[2026-02-13T13:20:18.282+0100] {processor.py:208} INFO - Processing /home/gianotti/Documents/CryptoETL/.venv/lib/python3.12/site-packages/airflow/example_dags/plugins/listener_plugin.py took 0.032 seconds
[2026-02-13T13:21:21.162+0100] {processor.py:186} INFO - Started process (PID=37892) to work on /home/gianotti/Documents/CryptoETL/.venv/lib/python3.12/site-packages/airflow/example_dags/plugins/listener_plugin.py
[2026-02-13T13:21:21.163+0100] {processor.py:914} INFO - Processing file /home/gianotti/Documents/CryptoETL/.venv/lib/python3.12/site-packages/airflow/example_dags/plugins/listener_plugin.py for tasks to queue
[2026-02-13T13:21:21.165+0100] {logging_mixin.py:190} INFO - [2026-02-13T13:21:21.165+0100] {dagbag.py:588} INFO - Filling up the DagBag from /home/gianotti/Documents/CryptoETL/.venv/lib/python3.12/site-packages/airflow/example_dags/plugins/listener_plugin.py
[2026-02-13T13:21:21.169+0100] {processor.py:927} WARNING - No viable dags retrieved from /home/gianotti/Documents/CryptoETL/.venv/lib/python3.12/site-packages/airflow/example_dags/plugins/listener_plugin.py
[2026-02-13T13:21:21.184+0100] {processor.py:208} INFO - Processing /home/gianotti/Documents/CryptoETL/.venv/lib/python3.12/site-packages/airflow/example_dags/plugins/listener_plugin.py took 0.031 seconds
[2026-02-13T13:22:23.678+0100] {processor.py:186} INFO - Started process (PID=38014) to work on /home/gianotti/Documents/CryptoETL/.venv/lib/python3.12/site-packages/airflow/example_dags/plugins/listener_plugin.py
[2026-02-13T13:22:23.680+0100] {processor.py:914} INFO - Processing file /home/gianotti/Documents/CryptoETL/.venv/lib/python3.12/site-packages/airflow/example_dags/plugins/listener_plugin.py for tasks to queue
[2026-02-13T13:22:23.682+0100] {logging_mixin.py:190} INFO - [2026-02-13T13:22:23.682+0100] {dagbag.py:588} INFO - Filling up the DagBag from /home/gianotti/Documents/CryptoETL/.venv/lib/python3.12/site-packages/airflow/example_dags/plugins/listener_plugin.py
[2026-02-13T13:22:23.685+0100] {processor.py:927} WARNING - No viable dags retrieved from /home/gianotti/Documents/CryptoETL/.venv/lib/python3.12/site-packages/airflow/example_dags/plugins/listener_plugin.py
[2026-02-13T13:22:23.699+0100] {processor.py:208} INFO - Processing /home/gianotti/Documents/CryptoETL/.venv/lib/python3.12/site-packages/airflow/example_dags/plugins/listener_plugin.py took 0.029 seconds
