[2026-02-13T12:54:59.484+0100] {processor.py:186} INFO - Started process (PID=34907) to work on /home/gianotti/Documents/CryptoETL/.venv/lib/python3.12/site-packages/airflow/example_dags/plugins/workday.py
[2026-02-13T12:54:59.486+0100] {processor.py:914} INFO - Processing file /home/gianotti/Documents/CryptoETL/.venv/lib/python3.12/site-packages/airflow/example_dags/plugins/workday.py for tasks to queue
[2026-02-13T12:54:59.490+0100] {logging_mixin.py:190} INFO - [2026-02-13T12:54:59.489+0100] {dagbag.py:588} INFO - Filling up the DagBag from /home/gianotti/Documents/CryptoETL/.venv/lib/python3.12/site-packages/airflow/example_dags/plugins/workday.py
[2026-02-13T12:54:59.495+0100] {processor.py:927} WARNING - No viable dags retrieved from /home/gianotti/Documents/CryptoETL/.venv/lib/python3.12/site-packages/airflow/example_dags/plugins/workday.py
[2026-02-13T12:54:59.511+0100] {processor.py:208} INFO - Processing /home/gianotti/Documents/CryptoETL/.venv/lib/python3.12/site-packages/airflow/example_dags/plugins/workday.py took 0.037 seconds
[2026-02-13T12:56:07.224+0100] {processor.py:186} INFO - Started process (PID=35003) to work on /home/gianotti/Documents/CryptoETL/.venv/lib/python3.12/site-packages/airflow/example_dags/plugins/workday.py
[2026-02-13T12:56:07.226+0100] {processor.py:914} INFO - Processing file /home/gianotti/Documents/CryptoETL/.venv/lib/python3.12/site-packages/airflow/example_dags/plugins/workday.py for tasks to queue
[2026-02-13T12:56:07.227+0100] {logging_mixin.py:190} INFO - [2026-02-13T12:56:07.227+0100] {dagbag.py:588} INFO - Filling up the DagBag from /home/gianotti/Documents/CryptoETL/.venv/lib/python3.12/site-packages/airflow/example_dags/plugins/workday.py
[2026-02-13T12:56:07.229+0100] {processor.py:927} WARNING - No viable dags retrieved from /home/gianotti/Documents/CryptoETL/.venv/lib/python3.12/site-packages/airflow/example_dags/plugins/workday.py
[2026-02-13T12:56:07.237+0100] {processor.py:208} INFO - Processing /home/gianotti/Documents/CryptoETL/.venv/lib/python3.12/site-packages/airflow/example_dags/plugins/workday.py took 0.018 seconds
[2026-02-13T12:57:05.920+0100] {processor.py:186} INFO - Started process (PID=35131) to work on /home/gianotti/Documents/CryptoETL/.venv/lib/python3.12/site-packages/airflow/example_dags/plugins/workday.py
[2026-02-13T12:57:05.921+0100] {processor.py:914} INFO - Processing file /home/gianotti/Documents/CryptoETL/.venv/lib/python3.12/site-packages/airflow/example_dags/plugins/workday.py for tasks to queue
[2026-02-13T12:57:05.925+0100] {logging_mixin.py:190} INFO - [2026-02-13T12:57:05.924+0100] {dagbag.py:588} INFO - Filling up the DagBag from /home/gianotti/Documents/CryptoETL/.venv/lib/python3.12/site-packages/airflow/example_dags/plugins/workday.py
[2026-02-13T12:57:05.930+0100] {processor.py:927} WARNING - No viable dags retrieved from /home/gianotti/Documents/CryptoETL/.venv/lib/python3.12/site-packages/airflow/example_dags/plugins/workday.py
[2026-02-13T12:57:05.944+0100] {processor.py:208} INFO - Processing /home/gianotti/Documents/CryptoETL/.venv/lib/python3.12/site-packages/airflow/example_dags/plugins/workday.py took 0.033 seconds
[2026-02-13T12:58:03.276+0100] {processor.py:186} INFO - Started process (PID=35243) to work on /home/gianotti/Documents/CryptoETL/.venv/lib/python3.12/site-packages/airflow/example_dags/plugins/workday.py
[2026-02-13T12:58:03.278+0100] {processor.py:914} INFO - Processing file /home/gianotti/Documents/CryptoETL/.venv/lib/python3.12/site-packages/airflow/example_dags/plugins/workday.py for tasks to queue
[2026-02-13T12:58:03.282+0100] {logging_mixin.py:190} INFO - [2026-02-13T12:58:03.281+0100] {dagbag.py:588} INFO - Filling up the DagBag from /home/gianotti/Documents/CryptoETL/.venv/lib/python3.12/site-packages/airflow/example_dags/plugins/workday.py
[2026-02-13T12:58:03.286+0100] {processor.py:927} WARNING - No viable dags retrieved from /home/gianotti/Documents/CryptoETL/.venv/lib/python3.12/site-packages/airflow/example_dags/plugins/workday.py
[2026-02-13T12:58:03.302+0100] {processor.py:208} INFO - Processing /home/gianotti/Documents/CryptoETL/.venv/lib/python3.12/site-packages/airflow/example_dags/plugins/workday.py took 0.036 seconds
[2026-02-13T12:58:58.356+0100] {processor.py:186} INFO - Started process (PID=35387) to work on /home/gianotti/Documents/CryptoETL/.venv/lib/python3.12/site-packages/airflow/example_dags/plugins/workday.py
[2026-02-13T12:58:58.359+0100] {processor.py:914} INFO - Processing file /home/gianotti/Documents/CryptoETL/.venv/lib/python3.12/site-packages/airflow/example_dags/plugins/workday.py for tasks to queue
[2026-02-13T12:58:58.362+0100] {logging_mixin.py:190} INFO - [2026-02-13T12:58:58.362+0100] {dagbag.py:588} INFO - Filling up the DagBag from /home/gianotti/Documents/CryptoETL/.venv/lib/python3.12/site-packages/airflow/example_dags/plugins/workday.py
[2026-02-13T12:58:58.367+0100] {processor.py:927} WARNING - No viable dags retrieved from /home/gianotti/Documents/CryptoETL/.venv/lib/python3.12/site-packages/airflow/example_dags/plugins/workday.py
[2026-02-13T12:58:58.385+0100] {processor.py:208} INFO - Processing /home/gianotti/Documents/CryptoETL/.venv/lib/python3.12/site-packages/airflow/example_dags/plugins/workday.py took 0.040 seconds
[2026-02-13T12:59:51.605+0100] {processor.py:186} INFO - Started process (PID=35491) to work on /home/gianotti/Documents/CryptoETL/.venv/lib/python3.12/site-packages/airflow/example_dags/plugins/workday.py
[2026-02-13T12:59:51.608+0100] {processor.py:914} INFO - Processing file /home/gianotti/Documents/CryptoETL/.venv/lib/python3.12/site-packages/airflow/example_dags/plugins/workday.py for tasks to queue
[2026-02-13T12:59:51.611+0100] {logging_mixin.py:190} INFO - [2026-02-13T12:59:51.610+0100] {dagbag.py:588} INFO - Filling up the DagBag from /home/gianotti/Documents/CryptoETL/.venv/lib/python3.12/site-packages/airflow/example_dags/plugins/workday.py
[2026-02-13T12:59:51.615+0100] {processor.py:927} WARNING - No viable dags retrieved from /home/gianotti/Documents/CryptoETL/.venv/lib/python3.12/site-packages/airflow/example_dags/plugins/workday.py
[2026-02-13T12:59:51.630+0100] {processor.py:208} INFO - Processing /home/gianotti/Documents/CryptoETL/.venv/lib/python3.12/site-packages/airflow/example_dags/plugins/workday.py took 0.034 seconds
[2026-02-13T13:00:49.773+0100] {processor.py:186} INFO - Started process (PID=35601) to work on /home/gianotti/Documents/CryptoETL/.venv/lib/python3.12/site-packages/airflow/example_dags/plugins/workday.py
[2026-02-13T13:00:49.776+0100] {processor.py:914} INFO - Processing file /home/gianotti/Documents/CryptoETL/.venv/lib/python3.12/site-packages/airflow/example_dags/plugins/workday.py for tasks to queue
[2026-02-13T13:00:49.778+0100] {logging_mixin.py:190} INFO - [2026-02-13T13:00:49.777+0100] {dagbag.py:588} INFO - Filling up the DagBag from /home/gianotti/Documents/CryptoETL/.venv/lib/python3.12/site-packages/airflow/example_dags/plugins/workday.py
[2026-02-13T13:00:49.783+0100] {processor.py:927} WARNING - No viable dags retrieved from /home/gianotti/Documents/CryptoETL/.venv/lib/python3.12/site-packages/airflow/example_dags/plugins/workday.py
[2026-02-13T13:00:49.801+0100] {processor.py:208} INFO - Processing /home/gianotti/Documents/CryptoETL/.venv/lib/python3.12/site-packages/airflow/example_dags/plugins/workday.py took 0.037 seconds
[2026-02-13T13:01:51.171+0100] {processor.py:186} INFO - Started process (PID=35723) to work on /home/gianotti/Documents/CryptoETL/.venv/lib/python3.12/site-packages/airflow/example_dags/plugins/workday.py
[2026-02-13T13:01:51.173+0100] {processor.py:914} INFO - Processing file /home/gianotti/Documents/CryptoETL/.venv/lib/python3.12/site-packages/airflow/example_dags/plugins/workday.py for tasks to queue
[2026-02-13T13:01:51.175+0100] {logging_mixin.py:190} INFO - [2026-02-13T13:01:51.175+0100] {dagbag.py:588} INFO - Filling up the DagBag from /home/gianotti/Documents/CryptoETL/.venv/lib/python3.12/site-packages/airflow/example_dags/plugins/workday.py
[2026-02-13T13:01:51.180+0100] {processor.py:927} WARNING - No viable dags retrieved from /home/gianotti/Documents/CryptoETL/.venv/lib/python3.12/site-packages/airflow/example_dags/plugins/workday.py
[2026-02-13T13:01:51.196+0100] {processor.py:208} INFO - Processing /home/gianotti/Documents/CryptoETL/.venv/lib/python3.12/site-packages/airflow/example_dags/plugins/workday.py took 0.035 seconds
[2026-02-13T13:02:49.473+0100] {processor.py:186} INFO - Started process (PID=35841) to work on /home/gianotti/Documents/CryptoETL/.venv/lib/python3.12/site-packages/airflow/example_dags/plugins/workday.py
[2026-02-13T13:02:49.476+0100] {processor.py:914} INFO - Processing file /home/gianotti/Documents/CryptoETL/.venv/lib/python3.12/site-packages/airflow/example_dags/plugins/workday.py for tasks to queue
[2026-02-13T13:02:49.478+0100] {logging_mixin.py:190} INFO - [2026-02-13T13:02:49.477+0100] {dagbag.py:588} INFO - Filling up the DagBag from /home/gianotti/Documents/CryptoETL/.venv/lib/python3.12/site-packages/airflow/example_dags/plugins/workday.py
[2026-02-13T13:02:49.482+0100] {processor.py:927} WARNING - No viable dags retrieved from /home/gianotti/Documents/CryptoETL/.venv/lib/python3.12/site-packages/airflow/example_dags/plugins/workday.py
[2026-02-13T13:02:49.497+0100] {processor.py:208} INFO - Processing /home/gianotti/Documents/CryptoETL/.venv/lib/python3.12/site-packages/airflow/example_dags/plugins/workday.py took 0.033 seconds
[2026-02-13T13:03:45.221+0100] {processor.py:186} INFO - Started process (PID=35973) to work on /home/gianotti/Documents/CryptoETL/.venv/lib/python3.12/site-packages/airflow/example_dags/plugins/workday.py
[2026-02-13T13:03:45.223+0100] {processor.py:914} INFO - Processing file /home/gianotti/Documents/CryptoETL/.venv/lib/python3.12/site-packages/airflow/example_dags/plugins/workday.py for tasks to queue
[2026-02-13T13:03:45.225+0100] {logging_mixin.py:190} INFO - [2026-02-13T13:03:45.224+0100] {dagbag.py:588} INFO - Filling up the DagBag from /home/gianotti/Documents/CryptoETL/.venv/lib/python3.12/site-packages/airflow/example_dags/plugins/workday.py
[2026-02-13T13:03:45.230+0100] {processor.py:927} WARNING - No viable dags retrieved from /home/gianotti/Documents/CryptoETL/.venv/lib/python3.12/site-packages/airflow/example_dags/plugins/workday.py
[2026-02-13T13:03:45.248+0100] {processor.py:208} INFO - Processing /home/gianotti/Documents/CryptoETL/.venv/lib/python3.12/site-packages/airflow/example_dags/plugins/workday.py took 0.036 seconds
[2026-02-13T13:04:48.325+0100] {processor.py:186} INFO - Started process (PID=36111) to work on /home/gianotti/Documents/CryptoETL/.venv/lib/python3.12/site-packages/airflow/example_dags/plugins/workday.py
[2026-02-13T13:04:48.328+0100] {processor.py:914} INFO - Processing file /home/gianotti/Documents/CryptoETL/.venv/lib/python3.12/site-packages/airflow/example_dags/plugins/workday.py for tasks to queue
[2026-02-13T13:04:48.330+0100] {logging_mixin.py:190} INFO - [2026-02-13T13:04:48.329+0100] {dagbag.py:588} INFO - Filling up the DagBag from /home/gianotti/Documents/CryptoETL/.venv/lib/python3.12/site-packages/airflow/example_dags/plugins/workday.py
[2026-02-13T13:04:48.334+0100] {processor.py:927} WARNING - No viable dags retrieved from /home/gianotti/Documents/CryptoETL/.venv/lib/python3.12/site-packages/airflow/example_dags/plugins/workday.py
[2026-02-13T13:04:48.350+0100] {processor.py:208} INFO - Processing /home/gianotti/Documents/CryptoETL/.venv/lib/python3.12/site-packages/airflow/example_dags/plugins/workday.py took 0.034 seconds
[2026-02-13T13:05:51.107+0100] {processor.py:186} INFO - Started process (PID=36210) to work on /home/gianotti/Documents/CryptoETL/.venv/lib/python3.12/site-packages/airflow/example_dags/plugins/workday.py
[2026-02-13T13:05:51.109+0100] {processor.py:914} INFO - Processing file /home/gianotti/Documents/CryptoETL/.venv/lib/python3.12/site-packages/airflow/example_dags/plugins/workday.py for tasks to queue
[2026-02-13T13:05:51.112+0100] {logging_mixin.py:190} INFO - [2026-02-13T13:05:51.111+0100] {dagbag.py:588} INFO - Filling up the DagBag from /home/gianotti/Documents/CryptoETL/.venv/lib/python3.12/site-packages/airflow/example_dags/plugins/workday.py
[2026-02-13T13:05:51.116+0100] {processor.py:927} WARNING - No viable dags retrieved from /home/gianotti/Documents/CryptoETL/.venv/lib/python3.12/site-packages/airflow/example_dags/plugins/workday.py
[2026-02-13T13:05:51.131+0100] {processor.py:208} INFO - Processing /home/gianotti/Documents/CryptoETL/.venv/lib/python3.12/site-packages/airflow/example_dags/plugins/workday.py took 0.033 seconds
[2026-02-13T13:06:57.033+0100] {processor.py:186} INFO - Started process (PID=36313) to work on /home/gianotti/Documents/CryptoETL/.venv/lib/python3.12/site-packages/airflow/example_dags/plugins/workday.py
[2026-02-13T13:06:57.036+0100] {processor.py:914} INFO - Processing file /home/gianotti/Documents/CryptoETL/.venv/lib/python3.12/site-packages/airflow/example_dags/plugins/workday.py for tasks to queue
[2026-02-13T13:06:57.038+0100] {logging_mixin.py:190} INFO - [2026-02-13T13:06:57.037+0100] {dagbag.py:588} INFO - Filling up the DagBag from /home/gianotti/Documents/CryptoETL/.venv/lib/python3.12/site-packages/airflow/example_dags/plugins/workday.py
[2026-02-13T13:06:57.041+0100] {processor.py:927} WARNING - No viable dags retrieved from /home/gianotti/Documents/CryptoETL/.venv/lib/python3.12/site-packages/airflow/example_dags/plugins/workday.py
[2026-02-13T13:06:57.055+0100] {processor.py:208} INFO - Processing /home/gianotti/Documents/CryptoETL/.venv/lib/python3.12/site-packages/airflow/example_dags/plugins/workday.py took 0.034 seconds
[2026-02-13T13:07:34.921+0100] {processor.py:186} INFO - Started process (PID=36354) to work on /home/gianotti/Documents/CryptoETL/.venv/lib/python3.12/site-packages/airflow/example_dags/plugins/workday.py
[2026-02-13T13:07:34.923+0100] {processor.py:914} INFO - Processing file /home/gianotti/Documents/CryptoETL/.venv/lib/python3.12/site-packages/airflow/example_dags/plugins/workday.py for tasks to queue
[2026-02-13T13:07:34.924+0100] {logging_mixin.py:190} INFO - [2026-02-13T13:07:34.924+0100] {dagbag.py:588} INFO - Filling up the DagBag from /home/gianotti/Documents/CryptoETL/.venv/lib/python3.12/site-packages/airflow/example_dags/plugins/workday.py
[2026-02-13T13:07:34.929+0100] {processor.py:927} WARNING - No viable dags retrieved from /home/gianotti/Documents/CryptoETL/.venv/lib/python3.12/site-packages/airflow/example_dags/plugins/workday.py
[2026-02-13T13:07:34.944+0100] {processor.py:208} INFO - Processing /home/gianotti/Documents/CryptoETL/.venv/lib/python3.12/site-packages/airflow/example_dags/plugins/workday.py took 0.031 seconds
[2026-02-13T13:08:41.084+0100] {processor.py:186} INFO - Started process (PID=36477) to work on /home/gianotti/Documents/CryptoETL/.venv/lib/python3.12/site-packages/airflow/example_dags/plugins/workday.py
[2026-02-13T13:08:41.087+0100] {processor.py:914} INFO - Processing file /home/gianotti/Documents/CryptoETL/.venv/lib/python3.12/site-packages/airflow/example_dags/plugins/workday.py for tasks to queue
[2026-02-13T13:08:41.089+0100] {logging_mixin.py:190} INFO - [2026-02-13T13:08:41.088+0100] {dagbag.py:588} INFO - Filling up the DagBag from /home/gianotti/Documents/CryptoETL/.venv/lib/python3.12/site-packages/airflow/example_dags/plugins/workday.py
[2026-02-13T13:08:41.093+0100] {processor.py:927} WARNING - No viable dags retrieved from /home/gianotti/Documents/CryptoETL/.venv/lib/python3.12/site-packages/airflow/example_dags/plugins/workday.py
[2026-02-13T13:08:41.109+0100] {processor.py:208} INFO - Processing /home/gianotti/Documents/CryptoETL/.venv/lib/python3.12/site-packages/airflow/example_dags/plugins/workday.py took 0.036 seconds
[2026-02-13T13:09:50.449+0100] {processor.py:186} INFO - Started process (PID=36606) to work on /home/gianotti/Documents/CryptoETL/.venv/lib/python3.12/site-packages/airflow/example_dags/plugins/workday.py
[2026-02-13T13:09:50.450+0100] {processor.py:914} INFO - Processing file /home/gianotti/Documents/CryptoETL/.venv/lib/python3.12/site-packages/airflow/example_dags/plugins/workday.py for tasks to queue
[2026-02-13T13:09:50.452+0100] {logging_mixin.py:190} INFO - [2026-02-13T13:09:50.451+0100] {dagbag.py:588} INFO - Filling up the DagBag from /home/gianotti/Documents/CryptoETL/.venv/lib/python3.12/site-packages/airflow/example_dags/plugins/workday.py
[2026-02-13T13:09:50.457+0100] {processor.py:927} WARNING - No viable dags retrieved from /home/gianotti/Documents/CryptoETL/.venv/lib/python3.12/site-packages/airflow/example_dags/plugins/workday.py
[2026-02-13T13:09:50.474+0100] {processor.py:208} INFO - Processing /home/gianotti/Documents/CryptoETL/.venv/lib/python3.12/site-packages/airflow/example_dags/plugins/workday.py took 0.035 seconds
[2026-02-13T13:10:27.131+0100] {processor.py:186} INFO - Started process (PID=36672) to work on /home/gianotti/Documents/CryptoETL/.venv/lib/python3.12/site-packages/airflow/example_dags/plugins/workday.py
[2026-02-13T13:10:27.134+0100] {processor.py:914} INFO - Processing file /home/gianotti/Documents/CryptoETL/.venv/lib/python3.12/site-packages/airflow/example_dags/plugins/workday.py for tasks to queue
[2026-02-13T13:10:27.136+0100] {logging_mixin.py:190} INFO - [2026-02-13T13:10:27.135+0100] {dagbag.py:588} INFO - Filling up the DagBag from /home/gianotti/Documents/CryptoETL/.venv/lib/python3.12/site-packages/airflow/example_dags/plugins/workday.py
[2026-02-13T13:10:27.140+0100] {processor.py:927} WARNING - No viable dags retrieved from /home/gianotti/Documents/CryptoETL/.venv/lib/python3.12/site-packages/airflow/example_dags/plugins/workday.py
[2026-02-13T13:10:27.157+0100] {processor.py:208} INFO - Processing /home/gianotti/Documents/CryptoETL/.venv/lib/python3.12/site-packages/airflow/example_dags/plugins/workday.py took 0.036 seconds
[2026-02-13T13:11:30.852+0100] {processor.py:186} INFO - Started process (PID=36763) to work on /home/gianotti/Documents/CryptoETL/.venv/lib/python3.12/site-packages/airflow/example_dags/plugins/workday.py
[2026-02-13T13:11:30.854+0100] {processor.py:914} INFO - Processing file /home/gianotti/Documents/CryptoETL/.venv/lib/python3.12/site-packages/airflow/example_dags/plugins/workday.py for tasks to queue
[2026-02-13T13:11:30.856+0100] {logging_mixin.py:190} INFO - [2026-02-13T13:11:30.856+0100] {dagbag.py:588} INFO - Filling up the DagBag from /home/gianotti/Documents/CryptoETL/.venv/lib/python3.12/site-packages/airflow/example_dags/plugins/workday.py
[2026-02-13T13:11:30.860+0100] {processor.py:927} WARNING - No viable dags retrieved from /home/gianotti/Documents/CryptoETL/.venv/lib/python3.12/site-packages/airflow/example_dags/plugins/workday.py
[2026-02-13T13:11:30.876+0100] {processor.py:208} INFO - Processing /home/gianotti/Documents/CryptoETL/.venv/lib/python3.12/site-packages/airflow/example_dags/plugins/workday.py took 0.033 seconds
